[2023-11-13T07:55:24.852+0000] {processor.py:157} INFO - Started process (PID=85) to work on /home/airflow/.local/lib/python3.8/site-packages/airflow/example_dags/example_complex.py
[2023-11-13T07:55:24.853+0000] {processor.py:829} INFO - Processing file /home/airflow/.local/lib/python3.8/site-packages/airflow/example_dags/example_complex.py for tasks to queue
[2023-11-13T07:55:24.854+0000] {logging_mixin.py:154} INFO - [2023-11-13T07:55:24.854+0000] {dagbag.py:536} INFO - Filling up the DagBag from /home/airflow/.local/lib/python3.8/site-packages/airflow/example_dags/example_complex.py
[2023-11-13T07:55:24.866+0000] {processor.py:839} INFO - DAG(s) dict_keys(['example_complex']) retrieved from /home/airflow/.local/lib/python3.8/site-packages/airflow/example_dags/example_complex.py
[2023-11-13T07:55:25.910+0000] {logging_mixin.py:154} INFO - [2023-11-13T07:55:25.910+0000] {manager.py:499} INFO - Created Permission View: %s
[2023-11-13T07:55:26.205+0000] {logging_mixin.py:154} INFO - [2023-11-13T07:55:26.205+0000] {manager.py:499} INFO - Created Permission View: %s
[2023-11-13T07:55:26.284+0000] {logging_mixin.py:154} INFO - [2023-11-13T07:55:26.283+0000] {manager.py:499} INFO - Created Permission View: %s
[2023-11-13T07:55:26.285+0000] {logging_mixin.py:154} INFO - [2023-11-13T07:55:26.285+0000] {dag.py:2941} INFO - Sync 1 DAGs
[2023-11-13T07:55:26.317+0000] {logging_mixin.py:154} INFO - [2023-11-13T07:55:26.316+0000] {dag.py:2963} INFO - Creating ORM DAG for example_complex
[2023-11-13T07:55:26.317+0000] {logging_mixin.py:154} INFO - [2023-11-13T07:55:26.317+0000] {dag.py:3722} INFO - Setting next_dagrun for example_complex to None, run_after=None
[2023-11-13T07:55:26.386+0000] {processor.py:179} INFO - Processing /home/airflow/.local/lib/python3.8/site-packages/airflow/example_dags/example_complex.py took 1.536 seconds
[2023-11-13T07:55:57.388+0000] {processor.py:157} INFO - Started process (PID=139) to work on /home/airflow/.local/lib/python3.8/site-packages/airflow/example_dags/example_complex.py
[2023-11-13T07:55:57.388+0000] {processor.py:829} INFO - Processing file /home/airflow/.local/lib/python3.8/site-packages/airflow/example_dags/example_complex.py for tasks to queue
[2023-11-13T07:55:57.390+0000] {logging_mixin.py:154} INFO - [2023-11-13T07:55:57.390+0000] {dagbag.py:536} INFO - Filling up the DagBag from /home/airflow/.local/lib/python3.8/site-packages/airflow/example_dags/example_complex.py
[2023-11-13T07:55:57.409+0000] {processor.py:839} INFO - DAG(s) dict_keys(['example_complex']) retrieved from /home/airflow/.local/lib/python3.8/site-packages/airflow/example_dags/example_complex.py
[2023-11-13T07:55:57.433+0000] {logging_mixin.py:154} INFO - [2023-11-13T07:55:57.433+0000] {dag.py:2941} INFO - Sync 1 DAGs
[2023-11-13T07:55:57.442+0000] {logging_mixin.py:154} INFO - [2023-11-13T07:55:57.442+0000] {dag.py:3722} INFO - Setting next_dagrun for example_complex to None, run_after=None
[2023-11-13T07:55:57.499+0000] {processor.py:179} INFO - Processing /home/airflow/.local/lib/python3.8/site-packages/airflow/example_dags/example_complex.py took 0.114 seconds
[2023-11-13T07:56:27.659+0000] {processor.py:157} INFO - Started process (PID=193) to work on /home/airflow/.local/lib/python3.8/site-packages/airflow/example_dags/example_complex.py
[2023-11-13T07:56:27.659+0000] {processor.py:829} INFO - Processing file /home/airflow/.local/lib/python3.8/site-packages/airflow/example_dags/example_complex.py for tasks to queue
[2023-11-13T07:56:27.661+0000] {logging_mixin.py:154} INFO - [2023-11-13T07:56:27.661+0000] {dagbag.py:536} INFO - Filling up the DagBag from /home/airflow/.local/lib/python3.8/site-packages/airflow/example_dags/example_complex.py
[2023-11-13T07:56:27.670+0000] {processor.py:839} INFO - DAG(s) dict_keys(['example_complex']) retrieved from /home/airflow/.local/lib/python3.8/site-packages/airflow/example_dags/example_complex.py
[2023-11-13T07:56:27.692+0000] {logging_mixin.py:154} INFO - [2023-11-13T07:56:27.692+0000] {dag.py:2941} INFO - Sync 1 DAGs
[2023-11-13T07:56:27.703+0000] {logging_mixin.py:154} INFO - [2023-11-13T07:56:27.703+0000] {dag.py:3722} INFO - Setting next_dagrun for example_complex to None, run_after=None
[2023-11-13T07:56:29.436+0000] {processor.py:179} INFO - Processing /home/airflow/.local/lib/python3.8/site-packages/airflow/example_dags/example_complex.py took 1.779 seconds
[2023-11-13T07:56:59.650+0000] {processor.py:157} INFO - Started process (PID=247) to work on /home/airflow/.local/lib/python3.8/site-packages/airflow/example_dags/example_complex.py
[2023-11-13T07:56:59.772+0000] {processor.py:829} INFO - Processing file /home/airflow/.local/lib/python3.8/site-packages/airflow/example_dags/example_complex.py for tasks to queue
[2023-11-13T07:56:59.777+0000] {logging_mixin.py:154} INFO - [2023-11-13T07:56:59.777+0000] {dagbag.py:536} INFO - Filling up the DagBag from /home/airflow/.local/lib/python3.8/site-packages/airflow/example_dags/example_complex.py
[2023-11-13T07:56:59.784+0000] {processor.py:839} INFO - DAG(s) dict_keys(['example_complex']) retrieved from /home/airflow/.local/lib/python3.8/site-packages/airflow/example_dags/example_complex.py
[2023-11-13T07:56:59.806+0000] {logging_mixin.py:154} INFO - [2023-11-13T07:56:59.806+0000] {dag.py:2941} INFO - Sync 1 DAGs
[2023-11-13T07:56:59.814+0000] {logging_mixin.py:154} INFO - [2023-11-13T07:56:59.814+0000] {dag.py:3722} INFO - Setting next_dagrun for example_complex to None, run_after=None
[2023-11-13T07:57:01.336+0000] {processor.py:179} INFO - Processing /home/airflow/.local/lib/python3.8/site-packages/airflow/example_dags/example_complex.py took 1.687 seconds
[2023-11-13T07:57:31.524+0000] {processor.py:157} INFO - Started process (PID=301) to work on /home/airflow/.local/lib/python3.8/site-packages/airflow/example_dags/example_complex.py
[2023-11-13T07:57:31.553+0000] {processor.py:829} INFO - Processing file /home/airflow/.local/lib/python3.8/site-packages/airflow/example_dags/example_complex.py for tasks to queue
[2023-11-13T07:57:31.554+0000] {logging_mixin.py:154} INFO - [2023-11-13T07:57:31.554+0000] {dagbag.py:536} INFO - Filling up the DagBag from /home/airflow/.local/lib/python3.8/site-packages/airflow/example_dags/example_complex.py
[2023-11-13T07:57:31.562+0000] {processor.py:839} INFO - DAG(s) dict_keys(['example_complex']) retrieved from /home/airflow/.local/lib/python3.8/site-packages/airflow/example_dags/example_complex.py
[2023-11-13T07:57:31.587+0000] {logging_mixin.py:154} INFO - [2023-11-13T07:57:31.586+0000] {dag.py:2941} INFO - Sync 1 DAGs
[2023-11-13T07:57:31.595+0000] {logging_mixin.py:154} INFO - [2023-11-13T07:57:31.595+0000] {dag.py:3722} INFO - Setting next_dagrun for example_complex to None, run_after=None
[2023-11-13T07:57:31.627+0000] {processor.py:179} INFO - Processing /home/airflow/.local/lib/python3.8/site-packages/airflow/example_dags/example_complex.py took 0.106 seconds
[2023-11-13T07:58:01.847+0000] {processor.py:157} INFO - Started process (PID=355) to work on /home/airflow/.local/lib/python3.8/site-packages/airflow/example_dags/example_complex.py
[2023-11-13T07:58:01.955+0000] {processor.py:829} INFO - Processing file /home/airflow/.local/lib/python3.8/site-packages/airflow/example_dags/example_complex.py for tasks to queue
[2023-11-13T07:58:01.956+0000] {logging_mixin.py:154} INFO - [2023-11-13T07:58:01.956+0000] {dagbag.py:536} INFO - Filling up the DagBag from /home/airflow/.local/lib/python3.8/site-packages/airflow/example_dags/example_complex.py
[2023-11-13T07:58:01.964+0000] {processor.py:839} INFO - DAG(s) dict_keys(['example_complex']) retrieved from /home/airflow/.local/lib/python3.8/site-packages/airflow/example_dags/example_complex.py
[2023-11-13T07:58:01.985+0000] {logging_mixin.py:154} INFO - [2023-11-13T07:58:01.985+0000] {dag.py:2941} INFO - Sync 1 DAGs
[2023-11-13T07:58:01.993+0000] {logging_mixin.py:154} INFO - [2023-11-13T07:58:01.993+0000] {dag.py:3722} INFO - Setting next_dagrun for example_complex to None, run_after=None
[2023-11-13T07:58:02.100+0000] {processor.py:179} INFO - Processing /home/airflow/.local/lib/python3.8/site-packages/airflow/example_dags/example_complex.py took 0.255 seconds
[2023-11-13T07:58:32.597+0000] {processor.py:157} INFO - Started process (PID=409) to work on /home/airflow/.local/lib/python3.8/site-packages/airflow/example_dags/example_complex.py
[2023-11-13T07:58:32.829+0000] {processor.py:829} INFO - Processing file /home/airflow/.local/lib/python3.8/site-packages/airflow/example_dags/example_complex.py for tasks to queue
[2023-11-13T07:58:32.833+0000] {logging_mixin.py:154} INFO - [2023-11-13T07:58:32.833+0000] {dagbag.py:536} INFO - Filling up the DagBag from /home/airflow/.local/lib/python3.8/site-packages/airflow/example_dags/example_complex.py
[2023-11-13T07:58:32.841+0000] {processor.py:839} INFO - DAG(s) dict_keys(['example_complex']) retrieved from /home/airflow/.local/lib/python3.8/site-packages/airflow/example_dags/example_complex.py
[2023-11-13T07:58:32.862+0000] {logging_mixin.py:154} INFO - [2023-11-13T07:58:32.862+0000] {dag.py:2941} INFO - Sync 1 DAGs
[2023-11-13T07:58:32.871+0000] {logging_mixin.py:154} INFO - [2023-11-13T07:58:32.871+0000] {dag.py:3722} INFO - Setting next_dagrun for example_complex to None, run_after=None
[2023-11-13T07:58:33.318+0000] {processor.py:179} INFO - Processing /home/airflow/.local/lib/python3.8/site-packages/airflow/example_dags/example_complex.py took 0.723 seconds
[2023-11-13T07:59:03.782+0000] {processor.py:157} INFO - Started process (PID=463) to work on /home/airflow/.local/lib/python3.8/site-packages/airflow/example_dags/example_complex.py
[2023-11-13T07:59:03.913+0000] {processor.py:829} INFO - Processing file /home/airflow/.local/lib/python3.8/site-packages/airflow/example_dags/example_complex.py for tasks to queue
[2023-11-13T07:59:03.918+0000] {logging_mixin.py:154} INFO - [2023-11-13T07:59:03.918+0000] {dagbag.py:536} INFO - Filling up the DagBag from /home/airflow/.local/lib/python3.8/site-packages/airflow/example_dags/example_complex.py
[2023-11-13T07:59:03.925+0000] {processor.py:839} INFO - DAG(s) dict_keys(['example_complex']) retrieved from /home/airflow/.local/lib/python3.8/site-packages/airflow/example_dags/example_complex.py
[2023-11-13T07:59:03.946+0000] {logging_mixin.py:154} INFO - [2023-11-13T07:59:03.945+0000] {dag.py:2941} INFO - Sync 1 DAGs
[2023-11-13T07:59:03.954+0000] {logging_mixin.py:154} INFO - [2023-11-13T07:59:03.954+0000] {dag.py:3722} INFO - Setting next_dagrun for example_complex to None, run_after=None
[2023-11-13T07:59:05.566+0000] {processor.py:179} INFO - Processing /home/airflow/.local/lib/python3.8/site-packages/airflow/example_dags/example_complex.py took 1.786 seconds
[2023-11-13T07:59:36.043+0000] {processor.py:157} INFO - Started process (PID=517) to work on /home/airflow/.local/lib/python3.8/site-packages/airflow/example_dags/example_complex.py
[2023-11-13T07:59:36.043+0000] {processor.py:829} INFO - Processing file /home/airflow/.local/lib/python3.8/site-packages/airflow/example_dags/example_complex.py for tasks to queue
[2023-11-13T07:59:36.045+0000] {logging_mixin.py:154} INFO - [2023-11-13T07:59:36.045+0000] {dagbag.py:536} INFO - Filling up the DagBag from /home/airflow/.local/lib/python3.8/site-packages/airflow/example_dags/example_complex.py
[2023-11-13T07:59:36.053+0000] {processor.py:839} INFO - DAG(s) dict_keys(['example_complex']) retrieved from /home/airflow/.local/lib/python3.8/site-packages/airflow/example_dags/example_complex.py
[2023-11-13T07:59:36.075+0000] {logging_mixin.py:154} INFO - [2023-11-13T07:59:36.075+0000] {dag.py:2941} INFO - Sync 1 DAGs
[2023-11-13T07:59:36.084+0000] {logging_mixin.py:154} INFO - [2023-11-13T07:59:36.084+0000] {dag.py:3722} INFO - Setting next_dagrun for example_complex to None, run_after=None
[2023-11-13T07:59:36.140+0000] {processor.py:179} INFO - Processing /home/airflow/.local/lib/python3.8/site-packages/airflow/example_dags/example_complex.py took 0.099 seconds
[2023-11-13T08:00:06.213+0000] {processor.py:157} INFO - Started process (PID=571) to work on /home/airflow/.local/lib/python3.8/site-packages/airflow/example_dags/example_complex.py
[2023-11-13T08:00:06.228+0000] {processor.py:829} INFO - Processing file /home/airflow/.local/lib/python3.8/site-packages/airflow/example_dags/example_complex.py for tasks to queue
[2023-11-13T08:00:06.230+0000] {logging_mixin.py:154} INFO - [2023-11-13T08:00:06.229+0000] {dagbag.py:536} INFO - Filling up the DagBag from /home/airflow/.local/lib/python3.8/site-packages/airflow/example_dags/example_complex.py
[2023-11-13T08:00:06.237+0000] {processor.py:839} INFO - DAG(s) dict_keys(['example_complex']) retrieved from /home/airflow/.local/lib/python3.8/site-packages/airflow/example_dags/example_complex.py
[2023-11-13T08:00:06.259+0000] {logging_mixin.py:154} INFO - [2023-11-13T08:00:06.259+0000] {dag.py:2941} INFO - Sync 1 DAGs
[2023-11-13T08:00:06.268+0000] {logging_mixin.py:154} INFO - [2023-11-13T08:00:06.268+0000] {dag.py:3722} INFO - Setting next_dagrun for example_complex to None, run_after=None
[2023-11-13T08:00:06.295+0000] {processor.py:179} INFO - Processing /home/airflow/.local/lib/python3.8/site-packages/airflow/example_dags/example_complex.py took 0.084 seconds
[2023-11-13T08:00:37.133+0000] {processor.py:157} INFO - Started process (PID=625) to work on /home/airflow/.local/lib/python3.8/site-packages/airflow/example_dags/example_complex.py
[2023-11-13T08:00:37.133+0000] {processor.py:829} INFO - Processing file /home/airflow/.local/lib/python3.8/site-packages/airflow/example_dags/example_complex.py for tasks to queue
[2023-11-13T08:00:37.135+0000] {logging_mixin.py:154} INFO - [2023-11-13T08:00:37.135+0000] {dagbag.py:536} INFO - Filling up the DagBag from /home/airflow/.local/lib/python3.8/site-packages/airflow/example_dags/example_complex.py
[2023-11-13T08:00:37.144+0000] {processor.py:839} INFO - DAG(s) dict_keys(['example_complex']) retrieved from /home/airflow/.local/lib/python3.8/site-packages/airflow/example_dags/example_complex.py
[2023-11-13T08:00:37.166+0000] {logging_mixin.py:154} INFO - [2023-11-13T08:00:37.166+0000] {dag.py:2941} INFO - Sync 1 DAGs
[2023-11-13T08:00:37.175+0000] {logging_mixin.py:154} INFO - [2023-11-13T08:00:37.175+0000] {dag.py:3722} INFO - Setting next_dagrun for example_complex to None, run_after=None
[2023-11-13T08:00:37.211+0000] {processor.py:179} INFO - Processing /home/airflow/.local/lib/python3.8/site-packages/airflow/example_dags/example_complex.py took 0.080 seconds
[2023-11-13T08:01:08.176+0000] {processor.py:157} INFO - Started process (PID=679) to work on /home/airflow/.local/lib/python3.8/site-packages/airflow/example_dags/example_complex.py
[2023-11-13T08:01:08.237+0000] {processor.py:829} INFO - Processing file /home/airflow/.local/lib/python3.8/site-packages/airflow/example_dags/example_complex.py for tasks to queue
[2023-11-13T08:01:08.238+0000] {logging_mixin.py:154} INFO - [2023-11-13T08:01:08.238+0000] {dagbag.py:536} INFO - Filling up the DagBag from /home/airflow/.local/lib/python3.8/site-packages/airflow/example_dags/example_complex.py
[2023-11-13T08:01:08.246+0000] {processor.py:839} INFO - DAG(s) dict_keys(['example_complex']) retrieved from /home/airflow/.local/lib/python3.8/site-packages/airflow/example_dags/example_complex.py
[2023-11-13T08:01:08.268+0000] {logging_mixin.py:154} INFO - [2023-11-13T08:01:08.267+0000] {dag.py:2941} INFO - Sync 1 DAGs
[2023-11-13T08:01:08.276+0000] {logging_mixin.py:154} INFO - [2023-11-13T08:01:08.276+0000] {dag.py:3722} INFO - Setting next_dagrun for example_complex to None, run_after=None
[2023-11-13T08:01:08.494+0000] {processor.py:179} INFO - Processing /home/airflow/.local/lib/python3.8/site-packages/airflow/example_dags/example_complex.py took 0.320 seconds
[2023-11-13T08:01:39.048+0000] {processor.py:157} INFO - Started process (PID=733) to work on /home/airflow/.local/lib/python3.8/site-packages/airflow/example_dags/example_complex.py
[2023-11-13T08:01:39.049+0000] {processor.py:829} INFO - Processing file /home/airflow/.local/lib/python3.8/site-packages/airflow/example_dags/example_complex.py for tasks to queue
[2023-11-13T08:01:39.050+0000] {logging_mixin.py:154} INFO - [2023-11-13T08:01:39.050+0000] {dagbag.py:536} INFO - Filling up the DagBag from /home/airflow/.local/lib/python3.8/site-packages/airflow/example_dags/example_complex.py
[2023-11-13T08:01:39.058+0000] {processor.py:839} INFO - DAG(s) dict_keys(['example_complex']) retrieved from /home/airflow/.local/lib/python3.8/site-packages/airflow/example_dags/example_complex.py
[2023-11-13T08:01:39.081+0000] {logging_mixin.py:154} INFO - [2023-11-13T08:01:39.081+0000] {dag.py:2941} INFO - Sync 1 DAGs
[2023-11-13T08:01:39.089+0000] {logging_mixin.py:154} INFO - [2023-11-13T08:01:39.089+0000] {dag.py:3722} INFO - Setting next_dagrun for example_complex to None, run_after=None
[2023-11-13T08:01:39.955+0000] {processor.py:179} INFO - Processing /home/airflow/.local/lib/python3.8/site-packages/airflow/example_dags/example_complex.py took 0.910 seconds
[2023-11-13T08:02:10.626+0000] {processor.py:157} INFO - Started process (PID=787) to work on /home/airflow/.local/lib/python3.8/site-packages/airflow/example_dags/example_complex.py
[2023-11-13T08:02:10.776+0000] {processor.py:829} INFO - Processing file /home/airflow/.local/lib/python3.8/site-packages/airflow/example_dags/example_complex.py for tasks to queue
[2023-11-13T08:02:10.778+0000] {logging_mixin.py:154} INFO - [2023-11-13T08:02:10.777+0000] {dagbag.py:536} INFO - Filling up the DagBag from /home/airflow/.local/lib/python3.8/site-packages/airflow/example_dags/example_complex.py
[2023-11-13T08:02:10.789+0000] {processor.py:839} INFO - DAG(s) dict_keys(['example_complex']) retrieved from /home/airflow/.local/lib/python3.8/site-packages/airflow/example_dags/example_complex.py
[2023-11-13T08:02:10.821+0000] {logging_mixin.py:154} INFO - [2023-11-13T08:02:10.820+0000] {dag.py:2941} INFO - Sync 1 DAGs
[2023-11-13T08:02:10.830+0000] {logging_mixin.py:154} INFO - [2023-11-13T08:02:10.830+0000] {dag.py:3722} INFO - Setting next_dagrun for example_complex to None, run_after=None
[2023-11-13T08:02:11.095+0000] {processor.py:179} INFO - Processing /home/airflow/.local/lib/python3.8/site-packages/airflow/example_dags/example_complex.py took 0.475 seconds
[2023-11-13T08:02:41.354+0000] {processor.py:157} INFO - Started process (PID=841) to work on /home/airflow/.local/lib/python3.8/site-packages/airflow/example_dags/example_complex.py
[2023-11-13T08:02:41.363+0000] {processor.py:829} INFO - Processing file /home/airflow/.local/lib/python3.8/site-packages/airflow/example_dags/example_complex.py for tasks to queue
[2023-11-13T08:02:41.364+0000] {logging_mixin.py:154} INFO - [2023-11-13T08:02:41.364+0000] {dagbag.py:536} INFO - Filling up the DagBag from /home/airflow/.local/lib/python3.8/site-packages/airflow/example_dags/example_complex.py
[2023-11-13T08:02:41.372+0000] {processor.py:839} INFO - DAG(s) dict_keys(['example_complex']) retrieved from /home/airflow/.local/lib/python3.8/site-packages/airflow/example_dags/example_complex.py
[2023-11-13T08:02:41.394+0000] {logging_mixin.py:154} INFO - [2023-11-13T08:02:41.394+0000] {dag.py:2941} INFO - Sync 1 DAGs
[2023-11-13T08:02:41.403+0000] {logging_mixin.py:154} INFO - [2023-11-13T08:02:41.403+0000] {dag.py:3722} INFO - Setting next_dagrun for example_complex to None, run_after=None
[2023-11-13T08:02:41.540+0000] {processor.py:179} INFO - Processing /home/airflow/.local/lib/python3.8/site-packages/airflow/example_dags/example_complex.py took 0.189 seconds
[2023-11-13T08:03:12.286+0000] {processor.py:157} INFO - Started process (PID=895) to work on /home/airflow/.local/lib/python3.8/site-packages/airflow/example_dags/example_complex.py
[2023-11-13T08:03:12.286+0000] {processor.py:829} INFO - Processing file /home/airflow/.local/lib/python3.8/site-packages/airflow/example_dags/example_complex.py for tasks to queue
[2023-11-13T08:03:12.288+0000] {logging_mixin.py:154} INFO - [2023-11-13T08:03:12.288+0000] {dagbag.py:536} INFO - Filling up the DagBag from /home/airflow/.local/lib/python3.8/site-packages/airflow/example_dags/example_complex.py
[2023-11-13T08:03:12.296+0000] {processor.py:839} INFO - DAG(s) dict_keys(['example_complex']) retrieved from /home/airflow/.local/lib/python3.8/site-packages/airflow/example_dags/example_complex.py
[2023-11-13T08:03:12.318+0000] {logging_mixin.py:154} INFO - [2023-11-13T08:03:12.318+0000] {dag.py:2941} INFO - Sync 1 DAGs
[2023-11-13T08:03:12.327+0000] {logging_mixin.py:154} INFO - [2023-11-13T08:03:12.327+0000] {dag.py:3722} INFO - Setting next_dagrun for example_complex to None, run_after=None
[2023-11-13T08:03:12.383+0000] {processor.py:179} INFO - Processing /home/airflow/.local/lib/python3.8/site-packages/airflow/example_dags/example_complex.py took 0.100 seconds
[2023-11-13T08:03:43.193+0000] {processor.py:157} INFO - Started process (PID=949) to work on /home/airflow/.local/lib/python3.8/site-packages/airflow/example_dags/example_complex.py
[2023-11-13T08:03:43.452+0000] {processor.py:829} INFO - Processing file /home/airflow/.local/lib/python3.8/site-packages/airflow/example_dags/example_complex.py for tasks to queue
[2023-11-13T08:03:43.457+0000] {logging_mixin.py:154} INFO - [2023-11-13T08:03:43.457+0000] {dagbag.py:536} INFO - Filling up the DagBag from /home/airflow/.local/lib/python3.8/site-packages/airflow/example_dags/example_complex.py
[2023-11-13T08:03:43.465+0000] {processor.py:839} INFO - DAG(s) dict_keys(['example_complex']) retrieved from /home/airflow/.local/lib/python3.8/site-packages/airflow/example_dags/example_complex.py
[2023-11-13T08:03:43.488+0000] {logging_mixin.py:154} INFO - [2023-11-13T08:03:43.488+0000] {dag.py:2941} INFO - Sync 1 DAGs
[2023-11-13T08:03:43.497+0000] {logging_mixin.py:154} INFO - [2023-11-13T08:03:43.497+0000] {dag.py:3722} INFO - Setting next_dagrun for example_complex to None, run_after=None
[2023-11-13T08:03:43.627+0000] {processor.py:179} INFO - Processing /home/airflow/.local/lib/python3.8/site-packages/airflow/example_dags/example_complex.py took 0.436 seconds
[2023-11-13T08:04:13.908+0000] {processor.py:157} INFO - Started process (PID=1003) to work on /home/airflow/.local/lib/python3.8/site-packages/airflow/example_dags/example_complex.py
[2023-11-13T08:04:13.909+0000] {processor.py:829} INFO - Processing file /home/airflow/.local/lib/python3.8/site-packages/airflow/example_dags/example_complex.py for tasks to queue
[2023-11-13T08:04:13.910+0000] {logging_mixin.py:154} INFO - [2023-11-13T08:04:13.910+0000] {dagbag.py:536} INFO - Filling up the DagBag from /home/airflow/.local/lib/python3.8/site-packages/airflow/example_dags/example_complex.py
[2023-11-13T08:04:13.919+0000] {processor.py:839} INFO - DAG(s) dict_keys(['example_complex']) retrieved from /home/airflow/.local/lib/python3.8/site-packages/airflow/example_dags/example_complex.py
[2023-11-13T08:04:13.942+0000] {logging_mixin.py:154} INFO - [2023-11-13T08:04:13.942+0000] {dag.py:2941} INFO - Sync 1 DAGs
[2023-11-13T08:04:13.951+0000] {logging_mixin.py:154} INFO - [2023-11-13T08:04:13.951+0000] {dag.py:3722} INFO - Setting next_dagrun for example_complex to None, run_after=None
[2023-11-13T08:04:13.988+0000] {processor.py:179} INFO - Processing /home/airflow/.local/lib/python3.8/site-packages/airflow/example_dags/example_complex.py took 0.082 seconds
[2023-11-13T08:04:44.234+0000] {processor.py:157} INFO - Started process (PID=1057) to work on /home/airflow/.local/lib/python3.8/site-packages/airflow/example_dags/example_complex.py
[2023-11-13T08:04:44.371+0000] {processor.py:829} INFO - Processing file /home/airflow/.local/lib/python3.8/site-packages/airflow/example_dags/example_complex.py for tasks to queue
[2023-11-13T08:04:44.373+0000] {logging_mixin.py:154} INFO - [2023-11-13T08:04:44.373+0000] {dagbag.py:536} INFO - Filling up the DagBag from /home/airflow/.local/lib/python3.8/site-packages/airflow/example_dags/example_complex.py
[2023-11-13T08:04:44.381+0000] {processor.py:839} INFO - DAG(s) dict_keys(['example_complex']) retrieved from /home/airflow/.local/lib/python3.8/site-packages/airflow/example_dags/example_complex.py
[2023-11-13T08:04:44.407+0000] {logging_mixin.py:154} INFO - [2023-11-13T08:04:44.407+0000] {dag.py:2941} INFO - Sync 1 DAGs
[2023-11-13T08:04:44.416+0000] {logging_mixin.py:154} INFO - [2023-11-13T08:04:44.416+0000] {dag.py:3722} INFO - Setting next_dagrun for example_complex to None, run_after=None
[2023-11-13T08:04:44.910+0000] {processor.py:179} INFO - Processing /home/airflow/.local/lib/python3.8/site-packages/airflow/example_dags/example_complex.py took 0.679 seconds
[2023-11-13T08:05:15.227+0000] {processor.py:157} INFO - Started process (PID=1111) to work on /home/airflow/.local/lib/python3.8/site-packages/airflow/example_dags/example_complex.py
[2023-11-13T08:05:15.233+0000] {processor.py:829} INFO - Processing file /home/airflow/.local/lib/python3.8/site-packages/airflow/example_dags/example_complex.py for tasks to queue
[2023-11-13T08:05:15.236+0000] {logging_mixin.py:154} INFO - [2023-11-13T08:05:15.235+0000] {dagbag.py:536} INFO - Filling up the DagBag from /home/airflow/.local/lib/python3.8/site-packages/airflow/example_dags/example_complex.py
[2023-11-13T08:05:15.244+0000] {processor.py:839} INFO - DAG(s) dict_keys(['example_complex']) retrieved from /home/airflow/.local/lib/python3.8/site-packages/airflow/example_dags/example_complex.py
[2023-11-13T08:05:15.266+0000] {logging_mixin.py:154} INFO - [2023-11-13T08:05:15.266+0000] {dag.py:2941} INFO - Sync 1 DAGs
[2023-11-13T08:05:15.275+0000] {logging_mixin.py:154} INFO - [2023-11-13T08:05:15.275+0000] {dag.py:3722} INFO - Setting next_dagrun for example_complex to None, run_after=None
[2023-11-13T08:05:15.325+0000] {processor.py:179} INFO - Processing /home/airflow/.local/lib/python3.8/site-packages/airflow/example_dags/example_complex.py took 0.101 seconds
[2023-11-13T08:05:45.489+0000] {processor.py:157} INFO - Started process (PID=1165) to work on /home/airflow/.local/lib/python3.8/site-packages/airflow/example_dags/example_complex.py
[2023-11-13T08:05:45.489+0000] {processor.py:829} INFO - Processing file /home/airflow/.local/lib/python3.8/site-packages/airflow/example_dags/example_complex.py for tasks to queue
[2023-11-13T08:05:45.491+0000] {logging_mixin.py:154} INFO - [2023-11-13T08:05:45.491+0000] {dagbag.py:536} INFO - Filling up the DagBag from /home/airflow/.local/lib/python3.8/site-packages/airflow/example_dags/example_complex.py
[2023-11-13T08:05:45.500+0000] {processor.py:839} INFO - DAG(s) dict_keys(['example_complex']) retrieved from /home/airflow/.local/lib/python3.8/site-packages/airflow/example_dags/example_complex.py
[2023-11-13T08:05:45.524+0000] {logging_mixin.py:154} INFO - [2023-11-13T08:05:45.524+0000] {dag.py:2941} INFO - Sync 1 DAGs
[2023-11-13T08:05:45.533+0000] {logging_mixin.py:154} INFO - [2023-11-13T08:05:45.533+0000] {dag.py:3722} INFO - Setting next_dagrun for example_complex to None, run_after=None
[2023-11-13T08:05:46.996+0000] {processor.py:179} INFO - Processing /home/airflow/.local/lib/python3.8/site-packages/airflow/example_dags/example_complex.py took 1.509 seconds
[2023-11-13T08:06:17.137+0000] {processor.py:157} INFO - Started process (PID=1219) to work on /home/airflow/.local/lib/python3.8/site-packages/airflow/example_dags/example_complex.py
[2023-11-13T08:06:17.138+0000] {processor.py:829} INFO - Processing file /home/airflow/.local/lib/python3.8/site-packages/airflow/example_dags/example_complex.py for tasks to queue
[2023-11-13T08:06:17.140+0000] {logging_mixin.py:154} INFO - [2023-11-13T08:06:17.139+0000] {dagbag.py:536} INFO - Filling up the DagBag from /home/airflow/.local/lib/python3.8/site-packages/airflow/example_dags/example_complex.py
[2023-11-13T08:06:17.147+0000] {processor.py:839} INFO - DAG(s) dict_keys(['example_complex']) retrieved from /home/airflow/.local/lib/python3.8/site-packages/airflow/example_dags/example_complex.py
[2023-11-13T08:06:17.170+0000] {logging_mixin.py:154} INFO - [2023-11-13T08:06:17.169+0000] {dag.py:2941} INFO - Sync 1 DAGs
[2023-11-13T08:06:17.178+0000] {logging_mixin.py:154} INFO - [2023-11-13T08:06:17.178+0000] {dag.py:3722} INFO - Setting next_dagrun for example_complex to None, run_after=None
[2023-11-13T08:06:17.298+0000] {processor.py:179} INFO - Processing /home/airflow/.local/lib/python3.8/site-packages/airflow/example_dags/example_complex.py took 0.163 seconds
[2023-11-13T08:06:47.768+0000] {processor.py:157} INFO - Started process (PID=1273) to work on /home/airflow/.local/lib/python3.8/site-packages/airflow/example_dags/example_complex.py
[2023-11-13T08:06:47.769+0000] {processor.py:829} INFO - Processing file /home/airflow/.local/lib/python3.8/site-packages/airflow/example_dags/example_complex.py for tasks to queue
[2023-11-13T08:06:47.770+0000] {logging_mixin.py:154} INFO - [2023-11-13T08:06:47.770+0000] {dagbag.py:536} INFO - Filling up the DagBag from /home/airflow/.local/lib/python3.8/site-packages/airflow/example_dags/example_complex.py
[2023-11-13T08:06:47.778+0000] {processor.py:839} INFO - DAG(s) dict_keys(['example_complex']) retrieved from /home/airflow/.local/lib/python3.8/site-packages/airflow/example_dags/example_complex.py
[2023-11-13T08:06:47.799+0000] {logging_mixin.py:154} INFO - [2023-11-13T08:06:47.799+0000] {dag.py:2941} INFO - Sync 1 DAGs
[2023-11-13T08:06:47.807+0000] {logging_mixin.py:154} INFO - [2023-11-13T08:06:47.807+0000] {dag.py:3722} INFO - Setting next_dagrun for example_complex to None, run_after=None
[2023-11-13T08:06:47.836+0000] {processor.py:179} INFO - Processing /home/airflow/.local/lib/python3.8/site-packages/airflow/example_dags/example_complex.py took 0.070 seconds
[2023-11-13T08:07:18.422+0000] {processor.py:157} INFO - Started process (PID=1327) to work on /home/airflow/.local/lib/python3.8/site-packages/airflow/example_dags/example_complex.py
[2023-11-13T08:07:18.432+0000] {processor.py:829} INFO - Processing file /home/airflow/.local/lib/python3.8/site-packages/airflow/example_dags/example_complex.py for tasks to queue
[2023-11-13T08:07:18.433+0000] {logging_mixin.py:154} INFO - [2023-11-13T08:07:18.433+0000] {dagbag.py:536} INFO - Filling up the DagBag from /home/airflow/.local/lib/python3.8/site-packages/airflow/example_dags/example_complex.py
[2023-11-13T08:07:18.441+0000] {processor.py:839} INFO - DAG(s) dict_keys(['example_complex']) retrieved from /home/airflow/.local/lib/python3.8/site-packages/airflow/example_dags/example_complex.py
[2023-11-13T08:07:18.557+0000] {logging_mixin.py:154} INFO - [2023-11-13T08:07:18.557+0000] {dag.py:2941} INFO - Sync 1 DAGs
[2023-11-13T08:07:18.564+0000] {logging_mixin.py:154} INFO - [2023-11-13T08:07:18.564+0000] {dag.py:3722} INFO - Setting next_dagrun for example_complex to None, run_after=None
[2023-11-13T08:07:18.589+0000] {processor.py:179} INFO - Processing /home/airflow/.local/lib/python3.8/site-packages/airflow/example_dags/example_complex.py took 0.169 seconds
[2023-11-13T08:07:48.969+0000] {processor.py:157} INFO - Started process (PID=1381) to work on /home/airflow/.local/lib/python3.8/site-packages/airflow/example_dags/example_complex.py
[2023-11-13T08:07:48.970+0000] {processor.py:829} INFO - Processing file /home/airflow/.local/lib/python3.8/site-packages/airflow/example_dags/example_complex.py for tasks to queue
[2023-11-13T08:07:48.971+0000] {logging_mixin.py:154} INFO - [2023-11-13T08:07:48.971+0000] {dagbag.py:536} INFO - Filling up the DagBag from /home/airflow/.local/lib/python3.8/site-packages/airflow/example_dags/example_complex.py
[2023-11-13T08:07:48.979+0000] {processor.py:839} INFO - DAG(s) dict_keys(['example_complex']) retrieved from /home/airflow/.local/lib/python3.8/site-packages/airflow/example_dags/example_complex.py
[2023-11-13T08:07:49.001+0000] {logging_mixin.py:154} INFO - [2023-11-13T08:07:49.001+0000] {dag.py:2941} INFO - Sync 1 DAGs
[2023-11-13T08:07:49.010+0000] {logging_mixin.py:154} INFO - [2023-11-13T08:07:49.010+0000] {dag.py:3722} INFO - Setting next_dagrun for example_complex to None, run_after=None
[2023-11-13T08:07:49.139+0000] {processor.py:179} INFO - Processing /home/airflow/.local/lib/python3.8/site-packages/airflow/example_dags/example_complex.py took 0.173 seconds
[2023-11-13T08:08:20.073+0000] {processor.py:157} INFO - Started process (PID=1435) to work on /home/airflow/.local/lib/python3.8/site-packages/airflow/example_dags/example_complex.py
[2023-11-13T08:08:20.085+0000] {processor.py:829} INFO - Processing file /home/airflow/.local/lib/python3.8/site-packages/airflow/example_dags/example_complex.py for tasks to queue
[2023-11-13T08:08:20.086+0000] {logging_mixin.py:154} INFO - [2023-11-13T08:08:20.086+0000] {dagbag.py:536} INFO - Filling up the DagBag from /home/airflow/.local/lib/python3.8/site-packages/airflow/example_dags/example_complex.py
[2023-11-13T08:08:20.094+0000] {processor.py:839} INFO - DAG(s) dict_keys(['example_complex']) retrieved from /home/airflow/.local/lib/python3.8/site-packages/airflow/example_dags/example_complex.py
[2023-11-13T08:08:20.117+0000] {logging_mixin.py:154} INFO - [2023-11-13T08:08:20.117+0000] {dag.py:2941} INFO - Sync 1 DAGs
[2023-11-13T08:08:20.125+0000] {logging_mixin.py:154} INFO - [2023-11-13T08:08:20.125+0000] {dag.py:3722} INFO - Setting next_dagrun for example_complex to None, run_after=None
[2023-11-13T08:08:20.154+0000] {processor.py:179} INFO - Processing /home/airflow/.local/lib/python3.8/site-packages/airflow/example_dags/example_complex.py took 0.083 seconds
[2023-11-13T08:08:53.116+0000] {processor.py:157} INFO - Started process (PID=1489) to work on /home/airflow/.local/lib/python3.8/site-packages/airflow/example_dags/example_complex.py
[2023-11-13T08:08:53.116+0000] {processor.py:829} INFO - Processing file /home/airflow/.local/lib/python3.8/site-packages/airflow/example_dags/example_complex.py for tasks to queue
[2023-11-13T08:08:53.118+0000] {logging_mixin.py:154} INFO - [2023-11-13T08:08:53.118+0000] {dagbag.py:536} INFO - Filling up the DagBag from /home/airflow/.local/lib/python3.8/site-packages/airflow/example_dags/example_complex.py
[2023-11-13T08:08:53.129+0000] {processor.py:839} INFO - DAG(s) dict_keys(['example_complex']) retrieved from /home/airflow/.local/lib/python3.8/site-packages/airflow/example_dags/example_complex.py
[2023-11-13T08:08:53.159+0000] {logging_mixin.py:154} INFO - [2023-11-13T08:08:53.159+0000] {dag.py:2941} INFO - Sync 1 DAGs
[2023-11-13T08:08:53.262+0000] {logging_mixin.py:154} INFO - [2023-11-13T08:08:53.262+0000] {dag.py:3722} INFO - Setting next_dagrun for example_complex to None, run_after=None
[2023-11-13T08:08:53.429+0000] {processor.py:179} INFO - Processing /home/airflow/.local/lib/python3.8/site-packages/airflow/example_dags/example_complex.py took 0.317 seconds
[2023-11-13T08:09:23.910+0000] {processor.py:157} INFO - Started process (PID=1543) to work on /home/airflow/.local/lib/python3.8/site-packages/airflow/example_dags/example_complex.py
[2023-11-13T08:09:24.035+0000] {processor.py:829} INFO - Processing file /home/airflow/.local/lib/python3.8/site-packages/airflow/example_dags/example_complex.py for tasks to queue
[2023-11-13T08:09:24.039+0000] {logging_mixin.py:154} INFO - [2023-11-13T08:09:24.039+0000] {dagbag.py:536} INFO - Filling up the DagBag from /home/airflow/.local/lib/python3.8/site-packages/airflow/example_dags/example_complex.py
[2023-11-13T08:09:24.047+0000] {processor.py:839} INFO - DAG(s) dict_keys(['example_complex']) retrieved from /home/airflow/.local/lib/python3.8/site-packages/airflow/example_dags/example_complex.py
[2023-11-13T08:09:24.073+0000] {logging_mixin.py:154} INFO - [2023-11-13T08:09:24.073+0000] {dag.py:2941} INFO - Sync 1 DAGs
[2023-11-13T08:09:24.081+0000] {logging_mixin.py:154} INFO - [2023-11-13T08:09:24.081+0000] {dag.py:3722} INFO - Setting next_dagrun for example_complex to None, run_after=None
[2023-11-13T08:09:24.335+0000] {processor.py:179} INFO - Processing /home/airflow/.local/lib/python3.8/site-packages/airflow/example_dags/example_complex.py took 0.430 seconds
[2023-11-13T08:09:54.582+0000] {processor.py:157} INFO - Started process (PID=1597) to work on /home/airflow/.local/lib/python3.8/site-packages/airflow/example_dags/example_complex.py
[2023-11-13T08:09:54.583+0000] {processor.py:829} INFO - Processing file /home/airflow/.local/lib/python3.8/site-packages/airflow/example_dags/example_complex.py for tasks to queue
[2023-11-13T08:09:54.584+0000] {logging_mixin.py:154} INFO - [2023-11-13T08:09:54.584+0000] {dagbag.py:536} INFO - Filling up the DagBag from /home/airflow/.local/lib/python3.8/site-packages/airflow/example_dags/example_complex.py
[2023-11-13T08:09:54.592+0000] {processor.py:839} INFO - DAG(s) dict_keys(['example_complex']) retrieved from /home/airflow/.local/lib/python3.8/site-packages/airflow/example_dags/example_complex.py
[2023-11-13T08:09:54.614+0000] {logging_mixin.py:154} INFO - [2023-11-13T08:09:54.614+0000] {dag.py:2941} INFO - Sync 1 DAGs
[2023-11-13T08:09:54.623+0000] {logging_mixin.py:154} INFO - [2023-11-13T08:09:54.623+0000] {dag.py:3722} INFO - Setting next_dagrun for example_complex to None, run_after=None
[2023-11-13T08:09:54.649+0000] {processor.py:179} INFO - Processing /home/airflow/.local/lib/python3.8/site-packages/airflow/example_dags/example_complex.py took 0.069 seconds
[2023-11-13T08:10:24.869+0000] {processor.py:157} INFO - Started process (PID=1651) to work on /home/airflow/.local/lib/python3.8/site-packages/airflow/example_dags/example_complex.py
[2023-11-13T08:10:24.875+0000] {processor.py:829} INFO - Processing file /home/airflow/.local/lib/python3.8/site-packages/airflow/example_dags/example_complex.py for tasks to queue
[2023-11-13T08:10:24.877+0000] {logging_mixin.py:154} INFO - [2023-11-13T08:10:24.877+0000] {dagbag.py:536} INFO - Filling up the DagBag from /home/airflow/.local/lib/python3.8/site-packages/airflow/example_dags/example_complex.py
[2023-11-13T08:10:24.884+0000] {processor.py:839} INFO - DAG(s) dict_keys(['example_complex']) retrieved from /home/airflow/.local/lib/python3.8/site-packages/airflow/example_dags/example_complex.py
[2023-11-13T08:10:24.907+0000] {logging_mixin.py:154} INFO - [2023-11-13T08:10:24.906+0000] {dag.py:2941} INFO - Sync 1 DAGs
[2023-11-13T08:10:24.915+0000] {logging_mixin.py:154} INFO - [2023-11-13T08:10:24.915+0000] {dag.py:3722} INFO - Setting next_dagrun for example_complex to None, run_after=None
[2023-11-13T08:10:24.943+0000] {processor.py:179} INFO - Processing /home/airflow/.local/lib/python3.8/site-packages/airflow/example_dags/example_complex.py took 0.076 seconds
[2023-11-13T08:10:55.250+0000] {processor.py:157} INFO - Started process (PID=1705) to work on /home/airflow/.local/lib/python3.8/site-packages/airflow/example_dags/example_complex.py
[2023-11-13T08:10:55.251+0000] {processor.py:829} INFO - Processing file /home/airflow/.local/lib/python3.8/site-packages/airflow/example_dags/example_complex.py for tasks to queue
[2023-11-13T08:10:55.255+0000] {logging_mixin.py:154} INFO - [2023-11-13T08:10:55.254+0000] {dagbag.py:536} INFO - Filling up the DagBag from /home/airflow/.local/lib/python3.8/site-packages/airflow/example_dags/example_complex.py
[2023-11-13T08:10:55.268+0000] {processor.py:839} INFO - DAG(s) dict_keys(['example_complex']) retrieved from /home/airflow/.local/lib/python3.8/site-packages/airflow/example_dags/example_complex.py
[2023-11-13T08:10:55.292+0000] {logging_mixin.py:154} INFO - [2023-11-13T08:10:55.292+0000] {dag.py:2941} INFO - Sync 1 DAGs
[2023-11-13T08:10:55.301+0000] {logging_mixin.py:154} INFO - [2023-11-13T08:10:55.301+0000] {dag.py:3722} INFO - Setting next_dagrun for example_complex to None, run_after=None
[2023-11-13T08:10:55.567+0000] {processor.py:179} INFO - Processing /home/airflow/.local/lib/python3.8/site-packages/airflow/example_dags/example_complex.py took 0.323 seconds
[2023-11-13T08:11:26.524+0000] {processor.py:157} INFO - Started process (PID=1759) to work on /home/airflow/.local/lib/python3.8/site-packages/airflow/example_dags/example_complex.py
[2023-11-13T08:11:26.555+0000] {processor.py:829} INFO - Processing file /home/airflow/.local/lib/python3.8/site-packages/airflow/example_dags/example_complex.py for tasks to queue
[2023-11-13T08:11:26.557+0000] {logging_mixin.py:154} INFO - [2023-11-13T08:11:26.557+0000] {dagbag.py:536} INFO - Filling up the DagBag from /home/airflow/.local/lib/python3.8/site-packages/airflow/example_dags/example_complex.py
[2023-11-13T08:11:26.566+0000] {processor.py:839} INFO - DAG(s) dict_keys(['example_complex']) retrieved from /home/airflow/.local/lib/python3.8/site-packages/airflow/example_dags/example_complex.py
[2023-11-13T08:11:26.592+0000] {logging_mixin.py:154} INFO - [2023-11-13T08:11:26.592+0000] {dag.py:2941} INFO - Sync 1 DAGs
[2023-11-13T08:11:26.603+0000] {logging_mixin.py:154} INFO - [2023-11-13T08:11:26.603+0000] {dag.py:3722} INFO - Setting next_dagrun for example_complex to None, run_after=None
[2023-11-13T08:11:26.882+0000] {processor.py:179} INFO - Processing /home/airflow/.local/lib/python3.8/site-packages/airflow/example_dags/example_complex.py took 0.360 seconds
[2023-11-13T08:11:58.336+0000] {processor.py:157} INFO - Started process (PID=1813) to work on /home/airflow/.local/lib/python3.8/site-packages/airflow/example_dags/example_complex.py
[2023-11-13T08:11:58.336+0000] {processor.py:829} INFO - Processing file /home/airflow/.local/lib/python3.8/site-packages/airflow/example_dags/example_complex.py for tasks to queue
[2023-11-13T08:11:58.338+0000] {logging_mixin.py:154} INFO - [2023-11-13T08:11:58.338+0000] {dagbag.py:536} INFO - Filling up the DagBag from /home/airflow/.local/lib/python3.8/site-packages/airflow/example_dags/example_complex.py
[2023-11-13T08:11:58.345+0000] {processor.py:839} INFO - DAG(s) dict_keys(['example_complex']) retrieved from /home/airflow/.local/lib/python3.8/site-packages/airflow/example_dags/example_complex.py
[2023-11-13T08:11:58.367+0000] {logging_mixin.py:154} INFO - [2023-11-13T08:11:58.367+0000] {dag.py:2941} INFO - Sync 1 DAGs
[2023-11-13T08:11:58.375+0000] {logging_mixin.py:154} INFO - [2023-11-13T08:11:58.375+0000] {dag.py:3722} INFO - Setting next_dagrun for example_complex to None, run_after=None
[2023-11-13T08:11:58.405+0000] {processor.py:179} INFO - Processing /home/airflow/.local/lib/python3.8/site-packages/airflow/example_dags/example_complex.py took 0.071 seconds
[2023-11-13T08:12:29.523+0000] {processor.py:157} INFO - Started process (PID=1867) to work on /home/airflow/.local/lib/python3.8/site-packages/airflow/example_dags/example_complex.py
[2023-11-13T08:12:29.536+0000] {processor.py:829} INFO - Processing file /home/airflow/.local/lib/python3.8/site-packages/airflow/example_dags/example_complex.py for tasks to queue
[2023-11-13T08:12:29.537+0000] {logging_mixin.py:154} INFO - [2023-11-13T08:12:29.537+0000] {dagbag.py:536} INFO - Filling up the DagBag from /home/airflow/.local/lib/python3.8/site-packages/airflow/example_dags/example_complex.py
[2023-11-13T08:12:29.545+0000] {processor.py:839} INFO - DAG(s) dict_keys(['example_complex']) retrieved from /home/airflow/.local/lib/python3.8/site-packages/airflow/example_dags/example_complex.py
[2023-11-13T08:12:29.566+0000] {logging_mixin.py:154} INFO - [2023-11-13T08:12:29.566+0000] {dag.py:2941} INFO - Sync 1 DAGs
[2023-11-13T08:12:29.574+0000] {logging_mixin.py:154} INFO - [2023-11-13T08:12:29.574+0000] {dag.py:3722} INFO - Setting next_dagrun for example_complex to None, run_after=None
[2023-11-13T08:12:29.608+0000] {processor.py:179} INFO - Processing /home/airflow/.local/lib/python3.8/site-packages/airflow/example_dags/example_complex.py took 0.087 seconds
[2023-11-13T08:12:59.701+0000] {processor.py:157} INFO - Started process (PID=1921) to work on /home/airflow/.local/lib/python3.8/site-packages/airflow/example_dags/example_complex.py
[2023-11-13T08:12:59.702+0000] {processor.py:829} INFO - Processing file /home/airflow/.local/lib/python3.8/site-packages/airflow/example_dags/example_complex.py for tasks to queue
[2023-11-13T08:12:59.703+0000] {logging_mixin.py:154} INFO - [2023-11-13T08:12:59.703+0000] {dagbag.py:536} INFO - Filling up the DagBag from /home/airflow/.local/lib/python3.8/site-packages/airflow/example_dags/example_complex.py
[2023-11-13T08:12:59.712+0000] {processor.py:839} INFO - DAG(s) dict_keys(['example_complex']) retrieved from /home/airflow/.local/lib/python3.8/site-packages/airflow/example_dags/example_complex.py
[2023-11-13T08:12:59.735+0000] {logging_mixin.py:154} INFO - [2023-11-13T08:12:59.735+0000] {dag.py:2941} INFO - Sync 1 DAGs
[2023-11-13T08:12:59.744+0000] {logging_mixin.py:154} INFO - [2023-11-13T08:12:59.744+0000] {dag.py:3722} INFO - Setting next_dagrun for example_complex to None, run_after=None
[2023-11-13T08:12:59.780+0000] {processor.py:179} INFO - Processing /home/airflow/.local/lib/python3.8/site-packages/airflow/example_dags/example_complex.py took 0.081 seconds
[2023-11-13T08:13:29.835+0000] {processor.py:157} INFO - Started process (PID=1976) to work on /home/airflow/.local/lib/python3.8/site-packages/airflow/example_dags/example_complex.py
[2023-11-13T08:13:29.846+0000] {processor.py:829} INFO - Processing file /home/airflow/.local/lib/python3.8/site-packages/airflow/example_dags/example_complex.py for tasks to queue
[2023-11-13T08:13:29.848+0000] {logging_mixin.py:154} INFO - [2023-11-13T08:13:29.847+0000] {dagbag.py:536} INFO - Filling up the DagBag from /home/airflow/.local/lib/python3.8/site-packages/airflow/example_dags/example_complex.py
[2023-11-13T08:13:29.859+0000] {processor.py:839} INFO - DAG(s) dict_keys(['example_complex']) retrieved from /home/airflow/.local/lib/python3.8/site-packages/airflow/example_dags/example_complex.py
[2023-11-13T08:13:29.884+0000] {logging_mixin.py:154} INFO - [2023-11-13T08:13:29.883+0000] {dag.py:2941} INFO - Sync 1 DAGs
[2023-11-13T08:13:29.895+0000] {logging_mixin.py:154} INFO - [2023-11-13T08:13:29.895+0000] {dag.py:3722} INFO - Setting next_dagrun for example_complex to None, run_after=None
[2023-11-13T08:13:29.926+0000] {processor.py:179} INFO - Processing /home/airflow/.local/lib/python3.8/site-packages/airflow/example_dags/example_complex.py took 0.094 seconds
[2023-11-13T08:14:00.039+0000] {processor.py:157} INFO - Started process (PID=2030) to work on /home/airflow/.local/lib/python3.8/site-packages/airflow/example_dags/example_complex.py
[2023-11-13T08:14:00.040+0000] {processor.py:829} INFO - Processing file /home/airflow/.local/lib/python3.8/site-packages/airflow/example_dags/example_complex.py for tasks to queue
[2023-11-13T08:14:00.041+0000] {logging_mixin.py:154} INFO - [2023-11-13T08:14:00.041+0000] {dagbag.py:536} INFO - Filling up the DagBag from /home/airflow/.local/lib/python3.8/site-packages/airflow/example_dags/example_complex.py
[2023-11-13T08:14:00.050+0000] {processor.py:839} INFO - DAG(s) dict_keys(['example_complex']) retrieved from /home/airflow/.local/lib/python3.8/site-packages/airflow/example_dags/example_complex.py
[2023-11-13T08:14:00.089+0000] {logging_mixin.py:154} INFO - [2023-11-13T08:14:00.088+0000] {dag.py:2941} INFO - Sync 1 DAGs
[2023-11-13T08:14:00.102+0000] {logging_mixin.py:154} INFO - [2023-11-13T08:14:00.102+0000] {dag.py:3722} INFO - Setting next_dagrun for example_complex to None, run_after=None
[2023-11-13T08:14:00.135+0000] {processor.py:179} INFO - Processing /home/airflow/.local/lib/python3.8/site-packages/airflow/example_dags/example_complex.py took 0.098 seconds
[2023-11-13T08:14:33.227+0000] {processor.py:157} INFO - Started process (PID=2083) to work on /home/airflow/.local/lib/python3.8/site-packages/airflow/example_dags/example_complex.py
[2023-11-13T08:14:33.254+0000] {processor.py:829} INFO - Processing file /home/airflow/.local/lib/python3.8/site-packages/airflow/example_dags/example_complex.py for tasks to queue
[2023-11-13T08:14:33.255+0000] {logging_mixin.py:154} INFO - [2023-11-13T08:14:33.255+0000] {dagbag.py:536} INFO - Filling up the DagBag from /home/airflow/.local/lib/python3.8/site-packages/airflow/example_dags/example_complex.py
[2023-11-13T08:14:33.264+0000] {processor.py:839} INFO - DAG(s) dict_keys(['example_complex']) retrieved from /home/airflow/.local/lib/python3.8/site-packages/airflow/example_dags/example_complex.py
[2023-11-13T08:14:33.324+0000] {logging_mixin.py:154} INFO - [2023-11-13T08:14:33.324+0000] {dag.py:2941} INFO - Sync 1 DAGs
[2023-11-13T08:14:33.337+0000] {logging_mixin.py:154} INFO - [2023-11-13T08:14:33.337+0000] {dag.py:3722} INFO - Setting next_dagrun for example_complex to None, run_after=None
[2023-11-13T08:14:33.367+0000] {processor.py:179} INFO - Processing /home/airflow/.local/lib/python3.8/site-packages/airflow/example_dags/example_complex.py took 0.143 seconds
[2023-11-13T08:15:03.896+0000] {processor.py:157} INFO - Started process (PID=2137) to work on /home/airflow/.local/lib/python3.8/site-packages/airflow/example_dags/example_complex.py
[2023-11-13T08:15:03.896+0000] {processor.py:829} INFO - Processing file /home/airflow/.local/lib/python3.8/site-packages/airflow/example_dags/example_complex.py for tasks to queue
[2023-11-13T08:15:03.898+0000] {logging_mixin.py:154} INFO - [2023-11-13T08:15:03.898+0000] {dagbag.py:536} INFO - Filling up the DagBag from /home/airflow/.local/lib/python3.8/site-packages/airflow/example_dags/example_complex.py
[2023-11-13T08:15:03.906+0000] {processor.py:839} INFO - DAG(s) dict_keys(['example_complex']) retrieved from /home/airflow/.local/lib/python3.8/site-packages/airflow/example_dags/example_complex.py
[2023-11-13T08:15:03.928+0000] {logging_mixin.py:154} INFO - [2023-11-13T08:15:03.928+0000] {dag.py:2941} INFO - Sync 1 DAGs
[2023-11-13T08:15:03.937+0000] {logging_mixin.py:154} INFO - [2023-11-13T08:15:03.937+0000] {dag.py:3722} INFO - Setting next_dagrun for example_complex to None, run_after=None
[2023-11-13T08:15:03.973+0000] {processor.py:179} INFO - Processing /home/airflow/.local/lib/python3.8/site-packages/airflow/example_dags/example_complex.py took 0.080 seconds
[2023-11-13T08:15:35.441+0000] {processor.py:157} INFO - Started process (PID=2191) to work on /home/airflow/.local/lib/python3.8/site-packages/airflow/example_dags/example_complex.py
[2023-11-13T08:15:35.457+0000] {processor.py:829} INFO - Processing file /home/airflow/.local/lib/python3.8/site-packages/airflow/example_dags/example_complex.py for tasks to queue
[2023-11-13T08:15:35.459+0000] {logging_mixin.py:154} INFO - [2023-11-13T08:15:35.459+0000] {dagbag.py:536} INFO - Filling up the DagBag from /home/airflow/.local/lib/python3.8/site-packages/airflow/example_dags/example_complex.py
[2023-11-13T08:15:35.467+0000] {processor.py:839} INFO - DAG(s) dict_keys(['example_complex']) retrieved from /home/airflow/.local/lib/python3.8/site-packages/airflow/example_dags/example_complex.py
[2023-11-13T08:15:35.489+0000] {logging_mixin.py:154} INFO - [2023-11-13T08:15:35.488+0000] {dag.py:2941} INFO - Sync 1 DAGs
[2023-11-13T08:15:35.497+0000] {logging_mixin.py:154} INFO - [2023-11-13T08:15:35.497+0000] {dag.py:3722} INFO - Setting next_dagrun for example_complex to None, run_after=None
[2023-11-13T08:15:35.524+0000] {processor.py:179} INFO - Processing /home/airflow/.local/lib/python3.8/site-packages/airflow/example_dags/example_complex.py took 0.085 seconds
[2023-11-13T08:16:07.850+0000] {processor.py:157} INFO - Started process (PID=2245) to work on /home/airflow/.local/lib/python3.8/site-packages/airflow/example_dags/example_complex.py
[2023-11-13T08:16:07.851+0000] {processor.py:829} INFO - Processing file /home/airflow/.local/lib/python3.8/site-packages/airflow/example_dags/example_complex.py for tasks to queue
[2023-11-13T08:16:07.852+0000] {logging_mixin.py:154} INFO - [2023-11-13T08:16:07.852+0000] {dagbag.py:536} INFO - Filling up the DagBag from /home/airflow/.local/lib/python3.8/site-packages/airflow/example_dags/example_complex.py
[2023-11-13T08:16:07.860+0000] {processor.py:839} INFO - DAG(s) dict_keys(['example_complex']) retrieved from /home/airflow/.local/lib/python3.8/site-packages/airflow/example_dags/example_complex.py
[2023-11-13T08:16:07.883+0000] {logging_mixin.py:154} INFO - [2023-11-13T08:16:07.883+0000] {dag.py:2941} INFO - Sync 1 DAGs
[2023-11-13T08:16:07.892+0000] {logging_mixin.py:154} INFO - [2023-11-13T08:16:07.891+0000] {dag.py:3722} INFO - Setting next_dagrun for example_complex to None, run_after=None
[2023-11-13T08:16:07.921+0000] {processor.py:179} INFO - Processing /home/airflow/.local/lib/python3.8/site-packages/airflow/example_dags/example_complex.py took 0.073 seconds
[2023-11-13T08:16:37.995+0000] {processor.py:157} INFO - Started process (PID=2299) to work on /home/airflow/.local/lib/python3.8/site-packages/airflow/example_dags/example_complex.py
[2023-11-13T08:16:38.014+0000] {processor.py:829} INFO - Processing file /home/airflow/.local/lib/python3.8/site-packages/airflow/example_dags/example_complex.py for tasks to queue
[2023-11-13T08:16:38.016+0000] {logging_mixin.py:154} INFO - [2023-11-13T08:16:38.015+0000] {dagbag.py:536} INFO - Filling up the DagBag from /home/airflow/.local/lib/python3.8/site-packages/airflow/example_dags/example_complex.py
[2023-11-13T08:16:38.023+0000] {processor.py:839} INFO - DAG(s) dict_keys(['example_complex']) retrieved from /home/airflow/.local/lib/python3.8/site-packages/airflow/example_dags/example_complex.py
[2023-11-13T08:16:38.048+0000] {logging_mixin.py:154} INFO - [2023-11-13T08:16:38.048+0000] {dag.py:2941} INFO - Sync 1 DAGs
[2023-11-13T08:16:38.056+0000] {logging_mixin.py:154} INFO - [2023-11-13T08:16:38.056+0000] {dag.py:3722} INFO - Setting next_dagrun for example_complex to None, run_after=None
[2023-11-13T08:16:38.102+0000] {processor.py:179} INFO - Processing /home/airflow/.local/lib/python3.8/site-packages/airflow/example_dags/example_complex.py took 0.110 seconds
[2023-11-13T08:17:09.510+0000] {processor.py:157} INFO - Started process (PID=2353) to work on /home/airflow/.local/lib/python3.8/site-packages/airflow/example_dags/example_complex.py
[2023-11-13T08:17:09.510+0000] {processor.py:829} INFO - Processing file /home/airflow/.local/lib/python3.8/site-packages/airflow/example_dags/example_complex.py for tasks to queue
[2023-11-13T08:17:09.512+0000] {logging_mixin.py:154} INFO - [2023-11-13T08:17:09.512+0000] {dagbag.py:536} INFO - Filling up the DagBag from /home/airflow/.local/lib/python3.8/site-packages/airflow/example_dags/example_complex.py
[2023-11-13T08:17:09.520+0000] {processor.py:839} INFO - DAG(s) dict_keys(['example_complex']) retrieved from /home/airflow/.local/lib/python3.8/site-packages/airflow/example_dags/example_complex.py
[2023-11-13T08:17:09.541+0000] {logging_mixin.py:154} INFO - [2023-11-13T08:17:09.541+0000] {dag.py:2941} INFO - Sync 1 DAGs
[2023-11-13T08:17:09.550+0000] {logging_mixin.py:154} INFO - [2023-11-13T08:17:09.549+0000] {dag.py:3722} INFO - Setting next_dagrun for example_complex to None, run_after=None
[2023-11-13T08:17:09.573+0000] {processor.py:179} INFO - Processing /home/airflow/.local/lib/python3.8/site-packages/airflow/example_dags/example_complex.py took 0.066 seconds
[2023-11-13T08:17:40.402+0000] {processor.py:157} INFO - Started process (PID=2407) to work on /home/airflow/.local/lib/python3.8/site-packages/airflow/example_dags/example_complex.py
[2023-11-13T08:17:40.403+0000] {processor.py:829} INFO - Processing file /home/airflow/.local/lib/python3.8/site-packages/airflow/example_dags/example_complex.py for tasks to queue
[2023-11-13T08:17:40.405+0000] {logging_mixin.py:154} INFO - [2023-11-13T08:17:40.405+0000] {dagbag.py:536} INFO - Filling up the DagBag from /home/airflow/.local/lib/python3.8/site-packages/airflow/example_dags/example_complex.py
[2023-11-13T08:17:40.412+0000] {processor.py:839} INFO - DAG(s) dict_keys(['example_complex']) retrieved from /home/airflow/.local/lib/python3.8/site-packages/airflow/example_dags/example_complex.py
[2023-11-13T08:17:40.435+0000] {logging_mixin.py:154} INFO - [2023-11-13T08:17:40.434+0000] {dag.py:2941} INFO - Sync 1 DAGs
[2023-11-13T08:17:40.443+0000] {logging_mixin.py:154} INFO - [2023-11-13T08:17:40.443+0000] {dag.py:3722} INFO - Setting next_dagrun for example_complex to None, run_after=None
[2023-11-13T08:17:40.468+0000] {processor.py:179} INFO - Processing /home/airflow/.local/lib/python3.8/site-packages/airflow/example_dags/example_complex.py took 0.068 seconds
[2023-11-13T08:18:11.579+0000] {processor.py:157} INFO - Started process (PID=2461) to work on /home/airflow/.local/lib/python3.8/site-packages/airflow/example_dags/example_complex.py
[2023-11-13T08:18:11.579+0000] {processor.py:829} INFO - Processing file /home/airflow/.local/lib/python3.8/site-packages/airflow/example_dags/example_complex.py for tasks to queue
[2023-11-13T08:18:11.581+0000] {logging_mixin.py:154} INFO - [2023-11-13T08:18:11.581+0000] {dagbag.py:536} INFO - Filling up the DagBag from /home/airflow/.local/lib/python3.8/site-packages/airflow/example_dags/example_complex.py
[2023-11-13T08:18:11.589+0000] {processor.py:839} INFO - DAG(s) dict_keys(['example_complex']) retrieved from /home/airflow/.local/lib/python3.8/site-packages/airflow/example_dags/example_complex.py
[2023-11-13T08:18:11.615+0000] {logging_mixin.py:154} INFO - [2023-11-13T08:18:11.615+0000] {dag.py:2941} INFO - Sync 1 DAGs
[2023-11-13T08:18:11.624+0000] {logging_mixin.py:154} INFO - [2023-11-13T08:18:11.624+0000] {dag.py:3722} INFO - Setting next_dagrun for example_complex to None, run_after=None
[2023-11-13T08:18:11.652+0000] {processor.py:179} INFO - Processing /home/airflow/.local/lib/python3.8/site-packages/airflow/example_dags/example_complex.py took 0.075 seconds
[2023-11-13T08:18:44.710+0000] {processor.py:157} INFO - Started process (PID=2515) to work on /home/airflow/.local/lib/python3.8/site-packages/airflow/example_dags/example_complex.py
[2023-11-13T08:18:44.711+0000] {processor.py:829} INFO - Processing file /home/airflow/.local/lib/python3.8/site-packages/airflow/example_dags/example_complex.py for tasks to queue
[2023-11-13T08:18:44.712+0000] {logging_mixin.py:154} INFO - [2023-11-13T08:18:44.712+0000] {dagbag.py:536} INFO - Filling up the DagBag from /home/airflow/.local/lib/python3.8/site-packages/airflow/example_dags/example_complex.py
[2023-11-13T08:18:44.720+0000] {processor.py:839} INFO - DAG(s) dict_keys(['example_complex']) retrieved from /home/airflow/.local/lib/python3.8/site-packages/airflow/example_dags/example_complex.py
[2023-11-13T08:18:44.742+0000] {logging_mixin.py:154} INFO - [2023-11-13T08:18:44.742+0000] {dag.py:2941} INFO - Sync 1 DAGs
[2023-11-13T08:18:44.750+0000] {logging_mixin.py:154} INFO - [2023-11-13T08:18:44.750+0000] {dag.py:3722} INFO - Setting next_dagrun for example_complex to None, run_after=None
[2023-11-13T08:18:44.775+0000] {processor.py:179} INFO - Processing /home/airflow/.local/lib/python3.8/site-packages/airflow/example_dags/example_complex.py took 0.068 seconds
[2023-11-13T08:19:16.226+0000] {processor.py:157} INFO - Started process (PID=2569) to work on /home/airflow/.local/lib/python3.8/site-packages/airflow/example_dags/example_complex.py
[2023-11-13T08:19:16.227+0000] {processor.py:829} INFO - Processing file /home/airflow/.local/lib/python3.8/site-packages/airflow/example_dags/example_complex.py for tasks to queue
[2023-11-13T08:19:16.228+0000] {logging_mixin.py:154} INFO - [2023-11-13T08:19:16.228+0000] {dagbag.py:536} INFO - Filling up the DagBag from /home/airflow/.local/lib/python3.8/site-packages/airflow/example_dags/example_complex.py
[2023-11-13T08:19:16.236+0000] {processor.py:839} INFO - DAG(s) dict_keys(['example_complex']) retrieved from /home/airflow/.local/lib/python3.8/site-packages/airflow/example_dags/example_complex.py
[2023-11-13T08:19:16.259+0000] {logging_mixin.py:154} INFO - [2023-11-13T08:19:16.258+0000] {dag.py:2941} INFO - Sync 1 DAGs
[2023-11-13T08:19:16.267+0000] {logging_mixin.py:154} INFO - [2023-11-13T08:19:16.267+0000] {dag.py:3722} INFO - Setting next_dagrun for example_complex to None, run_after=None
[2023-11-13T08:19:16.396+0000] {processor.py:179} INFO - Processing /home/airflow/.local/lib/python3.8/site-packages/airflow/example_dags/example_complex.py took 0.173 seconds
[2023-11-13T08:19:46.428+0000] {processor.py:157} INFO - Started process (PID=2624) to work on /home/airflow/.local/lib/python3.8/site-packages/airflow/example_dags/example_complex.py
[2023-11-13T08:19:46.433+0000] {processor.py:829} INFO - Processing file /home/airflow/.local/lib/python3.8/site-packages/airflow/example_dags/example_complex.py for tasks to queue
[2023-11-13T08:19:46.434+0000] {logging_mixin.py:154} INFO - [2023-11-13T08:19:46.434+0000] {dagbag.py:536} INFO - Filling up the DagBag from /home/airflow/.local/lib/python3.8/site-packages/airflow/example_dags/example_complex.py
[2023-11-13T08:19:46.442+0000] {processor.py:839} INFO - DAG(s) dict_keys(['example_complex']) retrieved from /home/airflow/.local/lib/python3.8/site-packages/airflow/example_dags/example_complex.py
[2023-11-13T08:19:46.464+0000] {logging_mixin.py:154} INFO - [2023-11-13T08:19:46.464+0000] {dag.py:2941} INFO - Sync 1 DAGs
[2023-11-13T08:19:46.472+0000] {logging_mixin.py:154} INFO - [2023-11-13T08:19:46.472+0000] {dag.py:3722} INFO - Setting next_dagrun for example_complex to None, run_after=None
[2023-11-13T08:19:46.517+0000] {processor.py:179} INFO - Processing /home/airflow/.local/lib/python3.8/site-packages/airflow/example_dags/example_complex.py took 0.092 seconds
[2023-11-13T08:20:18.058+0000] {processor.py:157} INFO - Started process (PID=2677) to work on /home/airflow/.local/lib/python3.8/site-packages/airflow/example_dags/example_complex.py
[2023-11-13T08:20:18.058+0000] {processor.py:829} INFO - Processing file /home/airflow/.local/lib/python3.8/site-packages/airflow/example_dags/example_complex.py for tasks to queue
[2023-11-13T08:20:18.060+0000] {logging_mixin.py:154} INFO - [2023-11-13T08:20:18.060+0000] {dagbag.py:536} INFO - Filling up the DagBag from /home/airflow/.local/lib/python3.8/site-packages/airflow/example_dags/example_complex.py
[2023-11-13T08:20:18.068+0000] {processor.py:839} INFO - DAG(s) dict_keys(['example_complex']) retrieved from /home/airflow/.local/lib/python3.8/site-packages/airflow/example_dags/example_complex.py
[2023-11-13T08:20:18.090+0000] {logging_mixin.py:154} INFO - [2023-11-13T08:20:18.090+0000] {dag.py:2941} INFO - Sync 1 DAGs
[2023-11-13T08:20:18.098+0000] {logging_mixin.py:154} INFO - [2023-11-13T08:20:18.098+0000] {dag.py:3722} INFO - Setting next_dagrun for example_complex to None, run_after=None
[2023-11-13T08:20:18.282+0000] {processor.py:179} INFO - Processing /home/airflow/.local/lib/python3.8/site-packages/airflow/example_dags/example_complex.py took 0.227 seconds
[2023-11-13T08:20:51.031+0000] {processor.py:157} INFO - Started process (PID=2738) to work on /home/airflow/.local/lib/python3.8/site-packages/airflow/example_dags/example_complex.py
[2023-11-13T08:20:51.046+0000] {processor.py:829} INFO - Processing file /home/airflow/.local/lib/python3.8/site-packages/airflow/example_dags/example_complex.py for tasks to queue
[2023-11-13T08:20:51.048+0000] {logging_mixin.py:154} INFO - [2023-11-13T08:20:51.047+0000] {dagbag.py:536} INFO - Filling up the DagBag from /home/airflow/.local/lib/python3.8/site-packages/airflow/example_dags/example_complex.py
[2023-11-13T08:20:51.055+0000] {processor.py:839} INFO - DAG(s) dict_keys(['example_complex']) retrieved from /home/airflow/.local/lib/python3.8/site-packages/airflow/example_dags/example_complex.py
[2023-11-13T08:20:51.077+0000] {logging_mixin.py:154} INFO - [2023-11-13T08:20:51.077+0000] {dag.py:2941} INFO - Sync 1 DAGs
[2023-11-13T08:20:51.086+0000] {logging_mixin.py:154} INFO - [2023-11-13T08:20:51.085+0000] {dag.py:3722} INFO - Setting next_dagrun for example_complex to None, run_after=None
[2023-11-13T08:20:51.113+0000] {processor.py:179} INFO - Processing /home/airflow/.local/lib/python3.8/site-packages/airflow/example_dags/example_complex.py took 0.084 seconds
[2023-11-13T08:21:21.757+0000] {processor.py:157} INFO - Started process (PID=2792) to work on /home/airflow/.local/lib/python3.8/site-packages/airflow/example_dags/example_complex.py
[2023-11-13T08:21:21.758+0000] {processor.py:829} INFO - Processing file /home/airflow/.local/lib/python3.8/site-packages/airflow/example_dags/example_complex.py for tasks to queue
[2023-11-13T08:21:21.759+0000] {logging_mixin.py:154} INFO - [2023-11-13T08:21:21.759+0000] {dagbag.py:536} INFO - Filling up the DagBag from /home/airflow/.local/lib/python3.8/site-packages/airflow/example_dags/example_complex.py
[2023-11-13T08:21:21.767+0000] {processor.py:839} INFO - DAG(s) dict_keys(['example_complex']) retrieved from /home/airflow/.local/lib/python3.8/site-packages/airflow/example_dags/example_complex.py
[2023-11-13T08:21:21.790+0000] {logging_mixin.py:154} INFO - [2023-11-13T08:21:21.790+0000] {dag.py:2941} INFO - Sync 1 DAGs
[2023-11-13T08:21:21.799+0000] {logging_mixin.py:154} INFO - [2023-11-13T08:21:21.798+0000] {dag.py:3722} INFO - Setting next_dagrun for example_complex to None, run_after=None
[2023-11-13T08:21:21.842+0000] {processor.py:179} INFO - Processing /home/airflow/.local/lib/python3.8/site-packages/airflow/example_dags/example_complex.py took 0.087 seconds
[2023-11-13T08:21:52.717+0000] {processor.py:157} INFO - Started process (PID=2846) to work on /home/airflow/.local/lib/python3.8/site-packages/airflow/example_dags/example_complex.py
[2023-11-13T08:21:52.731+0000] {processor.py:829} INFO - Processing file /home/airflow/.local/lib/python3.8/site-packages/airflow/example_dags/example_complex.py for tasks to queue
[2023-11-13T08:21:52.733+0000] {logging_mixin.py:154} INFO - [2023-11-13T08:21:52.733+0000] {dagbag.py:536} INFO - Filling up the DagBag from /home/airflow/.local/lib/python3.8/site-packages/airflow/example_dags/example_complex.py
[2023-11-13T08:21:52.746+0000] {processor.py:839} INFO - DAG(s) dict_keys(['example_complex']) retrieved from /home/airflow/.local/lib/python3.8/site-packages/airflow/example_dags/example_complex.py
[2023-11-13T08:21:52.768+0000] {logging_mixin.py:154} INFO - [2023-11-13T08:21:52.768+0000] {dag.py:2941} INFO - Sync 1 DAGs
[2023-11-13T08:21:52.777+0000] {logging_mixin.py:154} INFO - [2023-11-13T08:21:52.777+0000] {dag.py:3722} INFO - Setting next_dagrun for example_complex to None, run_after=None
[2023-11-13T08:21:52.950+0000] {processor.py:179} INFO - Processing /home/airflow/.local/lib/python3.8/site-packages/airflow/example_dags/example_complex.py took 0.238 seconds
[2023-11-13T08:22:23.355+0000] {processor.py:157} INFO - Started process (PID=2900) to work on /home/airflow/.local/lib/python3.8/site-packages/airflow/example_dags/example_complex.py
[2023-11-13T08:22:23.356+0000] {processor.py:829} INFO - Processing file /home/airflow/.local/lib/python3.8/site-packages/airflow/example_dags/example_complex.py for tasks to queue
[2023-11-13T08:22:23.358+0000] {logging_mixin.py:154} INFO - [2023-11-13T08:22:23.358+0000] {dagbag.py:536} INFO - Filling up the DagBag from /home/airflow/.local/lib/python3.8/site-packages/airflow/example_dags/example_complex.py
[2023-11-13T08:22:23.369+0000] {processor.py:839} INFO - DAG(s) dict_keys(['example_complex']) retrieved from /home/airflow/.local/lib/python3.8/site-packages/airflow/example_dags/example_complex.py
[2023-11-13T08:22:23.394+0000] {logging_mixin.py:154} INFO - [2023-11-13T08:22:23.393+0000] {dag.py:2941} INFO - Sync 1 DAGs
[2023-11-13T08:22:23.405+0000] {logging_mixin.py:154} INFO - [2023-11-13T08:22:23.405+0000] {dag.py:3722} INFO - Setting next_dagrun for example_complex to None, run_after=None
[2023-11-13T08:22:23.449+0000] {processor.py:179} INFO - Processing /home/airflow/.local/lib/python3.8/site-packages/airflow/example_dags/example_complex.py took 0.097 seconds
[2023-11-13T08:22:55.048+0000] {processor.py:157} INFO - Started process (PID=2954) to work on /home/airflow/.local/lib/python3.8/site-packages/airflow/example_dags/example_complex.py
[2023-11-13T08:22:55.062+0000] {processor.py:829} INFO - Processing file /home/airflow/.local/lib/python3.8/site-packages/airflow/example_dags/example_complex.py for tasks to queue
[2023-11-13T08:22:55.063+0000] {logging_mixin.py:154} INFO - [2023-11-13T08:22:55.063+0000] {dagbag.py:536} INFO - Filling up the DagBag from /home/airflow/.local/lib/python3.8/site-packages/airflow/example_dags/example_complex.py
[2023-11-13T08:22:55.071+0000] {processor.py:839} INFO - DAG(s) dict_keys(['example_complex']) retrieved from /home/airflow/.local/lib/python3.8/site-packages/airflow/example_dags/example_complex.py
[2023-11-13T08:22:55.093+0000] {logging_mixin.py:154} INFO - [2023-11-13T08:22:55.093+0000] {dag.py:2941} INFO - Sync 1 DAGs
[2023-11-13T08:22:55.102+0000] {logging_mixin.py:154} INFO - [2023-11-13T08:22:55.102+0000] {dag.py:3722} INFO - Setting next_dagrun for example_complex to None, run_after=None
[2023-11-13T08:22:55.132+0000] {processor.py:179} INFO - Processing /home/airflow/.local/lib/python3.8/site-packages/airflow/example_dags/example_complex.py took 0.086 seconds
[2023-11-13T08:23:26.122+0000] {processor.py:157} INFO - Started process (PID=3008) to work on /home/airflow/.local/lib/python3.8/site-packages/airflow/example_dags/example_complex.py
[2023-11-13T08:23:26.123+0000] {processor.py:829} INFO - Processing file /home/airflow/.local/lib/python3.8/site-packages/airflow/example_dags/example_complex.py for tasks to queue
[2023-11-13T08:23:26.124+0000] {logging_mixin.py:154} INFO - [2023-11-13T08:23:26.124+0000] {dagbag.py:536} INFO - Filling up the DagBag from /home/airflow/.local/lib/python3.8/site-packages/airflow/example_dags/example_complex.py
[2023-11-13T08:23:26.132+0000] {processor.py:839} INFO - DAG(s) dict_keys(['example_complex']) retrieved from /home/airflow/.local/lib/python3.8/site-packages/airflow/example_dags/example_complex.py
[2023-11-13T08:23:26.155+0000] {logging_mixin.py:154} INFO - [2023-11-13T08:23:26.155+0000] {dag.py:2941} INFO - Sync 1 DAGs
[2023-11-13T08:23:26.163+0000] {logging_mixin.py:154} INFO - [2023-11-13T08:23:26.163+0000] {dag.py:3722} INFO - Setting next_dagrun for example_complex to None, run_after=None
[2023-11-13T08:23:26.193+0000] {processor.py:179} INFO - Processing /home/airflow/.local/lib/python3.8/site-packages/airflow/example_dags/example_complex.py took 0.073 seconds
[2023-11-13T08:23:57.980+0000] {processor.py:157} INFO - Started process (PID=3062) to work on /home/airflow/.local/lib/python3.8/site-packages/airflow/example_dags/example_complex.py
[2023-11-13T08:23:58.008+0000] {processor.py:829} INFO - Processing file /home/airflow/.local/lib/python3.8/site-packages/airflow/example_dags/example_complex.py for tasks to queue
[2023-11-13T08:23:58.010+0000] {logging_mixin.py:154} INFO - [2023-11-13T08:23:58.010+0000] {dagbag.py:536} INFO - Filling up the DagBag from /home/airflow/.local/lib/python3.8/site-packages/airflow/example_dags/example_complex.py
[2023-11-13T08:23:58.018+0000] {processor.py:839} INFO - DAG(s) dict_keys(['example_complex']) retrieved from /home/airflow/.local/lib/python3.8/site-packages/airflow/example_dags/example_complex.py
[2023-11-13T08:23:58.042+0000] {logging_mixin.py:154} INFO - [2023-11-13T08:23:58.041+0000] {dag.py:2941} INFO - Sync 1 DAGs
[2023-11-13T08:23:58.051+0000] {logging_mixin.py:154} INFO - [2023-11-13T08:23:58.051+0000] {dag.py:3722} INFO - Setting next_dagrun for example_complex to None, run_after=None
[2023-11-13T08:23:58.097+0000] {processor.py:179} INFO - Processing /home/airflow/.local/lib/python3.8/site-packages/airflow/example_dags/example_complex.py took 0.120 seconds
[2023-11-13T08:24:28.536+0000] {processor.py:157} INFO - Started process (PID=3116) to work on /home/airflow/.local/lib/python3.8/site-packages/airflow/example_dags/example_complex.py
[2023-11-13T08:24:28.536+0000] {processor.py:829} INFO - Processing file /home/airflow/.local/lib/python3.8/site-packages/airflow/example_dags/example_complex.py for tasks to queue
[2023-11-13T08:24:28.538+0000] {logging_mixin.py:154} INFO - [2023-11-13T08:24:28.538+0000] {dagbag.py:536} INFO - Filling up the DagBag from /home/airflow/.local/lib/python3.8/site-packages/airflow/example_dags/example_complex.py
[2023-11-13T08:24:28.548+0000] {processor.py:839} INFO - DAG(s) dict_keys(['example_complex']) retrieved from /home/airflow/.local/lib/python3.8/site-packages/airflow/example_dags/example_complex.py
[2023-11-13T08:24:28.571+0000] {logging_mixin.py:154} INFO - [2023-11-13T08:24:28.571+0000] {dag.py:2941} INFO - Sync 1 DAGs
[2023-11-13T08:24:28.580+0000] {logging_mixin.py:154} INFO - [2023-11-13T08:24:28.579+0000] {dag.py:3722} INFO - Setting next_dagrun for example_complex to None, run_after=None
[2023-11-13T08:24:28.607+0000] {processor.py:179} INFO - Processing /home/airflow/.local/lib/python3.8/site-packages/airflow/example_dags/example_complex.py took 0.074 seconds
[2023-11-13T08:24:59.586+0000] {processor.py:157} INFO - Started process (PID=3170) to work on /home/airflow/.local/lib/python3.8/site-packages/airflow/example_dags/example_complex.py
[2023-11-13T08:24:59.587+0000] {processor.py:829} INFO - Processing file /home/airflow/.local/lib/python3.8/site-packages/airflow/example_dags/example_complex.py for tasks to queue
[2023-11-13T08:24:59.588+0000] {logging_mixin.py:154} INFO - [2023-11-13T08:24:59.588+0000] {dagbag.py:536} INFO - Filling up the DagBag from /home/airflow/.local/lib/python3.8/site-packages/airflow/example_dags/example_complex.py
[2023-11-13T08:24:59.596+0000] {processor.py:839} INFO - DAG(s) dict_keys(['example_complex']) retrieved from /home/airflow/.local/lib/python3.8/site-packages/airflow/example_dags/example_complex.py
[2023-11-13T08:24:59.620+0000] {logging_mixin.py:154} INFO - [2023-11-13T08:24:59.619+0000] {dag.py:2941} INFO - Sync 1 DAGs
[2023-11-13T08:24:59.629+0000] {logging_mixin.py:154} INFO - [2023-11-13T08:24:59.629+0000] {dag.py:3722} INFO - Setting next_dagrun for example_complex to None, run_after=None
[2023-11-13T08:24:59.664+0000] {processor.py:179} INFO - Processing /home/airflow/.local/lib/python3.8/site-packages/airflow/example_dags/example_complex.py took 0.081 seconds
[2023-11-13T08:25:31.400+0000] {processor.py:157} INFO - Started process (PID=3224) to work on /home/airflow/.local/lib/python3.8/site-packages/airflow/example_dags/example_complex.py
[2023-11-13T08:25:31.446+0000] {processor.py:829} INFO - Processing file /home/airflow/.local/lib/python3.8/site-packages/airflow/example_dags/example_complex.py for tasks to queue
[2023-11-13T08:25:31.453+0000] {logging_mixin.py:154} INFO - [2023-11-13T08:25:31.452+0000] {dagbag.py:536} INFO - Filling up the DagBag from /home/airflow/.local/lib/python3.8/site-packages/airflow/example_dags/example_complex.py
[2023-11-13T08:25:31.490+0000] {processor.py:839} INFO - DAG(s) dict_keys(['example_complex']) retrieved from /home/airflow/.local/lib/python3.8/site-packages/airflow/example_dags/example_complex.py
[2023-11-13T08:25:31.517+0000] {logging_mixin.py:154} INFO - [2023-11-13T08:25:31.517+0000] {dag.py:2941} INFO - Sync 1 DAGs
[2023-11-13T08:25:31.527+0000] {logging_mixin.py:154} INFO - [2023-11-13T08:25:31.526+0000] {dag.py:3722} INFO - Setting next_dagrun for example_complex to None, run_after=None
[2023-11-13T08:25:31.968+0000] {processor.py:179} INFO - Processing /home/airflow/.local/lib/python3.8/site-packages/airflow/example_dags/example_complex.py took 0.572 seconds
[2023-11-13T08:26:03.317+0000] {processor.py:157} INFO - Started process (PID=3279) to work on /home/airflow/.local/lib/python3.8/site-packages/airflow/example_dags/example_complex.py
[2023-11-13T08:26:03.317+0000] {processor.py:829} INFO - Processing file /home/airflow/.local/lib/python3.8/site-packages/airflow/example_dags/example_complex.py for tasks to queue
[2023-11-13T08:26:03.319+0000] {logging_mixin.py:154} INFO - [2023-11-13T08:26:03.319+0000] {dagbag.py:536} INFO - Filling up the DagBag from /home/airflow/.local/lib/python3.8/site-packages/airflow/example_dags/example_complex.py
[2023-11-13T08:26:03.326+0000] {processor.py:839} INFO - DAG(s) dict_keys(['example_complex']) retrieved from /home/airflow/.local/lib/python3.8/site-packages/airflow/example_dags/example_complex.py
[2023-11-13T08:26:03.347+0000] {logging_mixin.py:154} INFO - [2023-11-13T08:26:03.347+0000] {dag.py:2941} INFO - Sync 1 DAGs
[2023-11-13T08:26:03.355+0000] {logging_mixin.py:154} INFO - [2023-11-13T08:26:03.355+0000] {dag.py:3722} INFO - Setting next_dagrun for example_complex to None, run_after=None
[2023-11-13T08:26:03.383+0000] {processor.py:179} INFO - Processing /home/airflow/.local/lib/python3.8/site-packages/airflow/example_dags/example_complex.py took 0.069 seconds
[2023-11-13T08:26:34.142+0000] {processor.py:157} INFO - Started process (PID=3333) to work on /home/airflow/.local/lib/python3.8/site-packages/airflow/example_dags/example_complex.py
[2023-11-13T08:26:34.825+0000] {processor.py:829} INFO - Processing file /home/airflow/.local/lib/python3.8/site-packages/airflow/example_dags/example_complex.py for tasks to queue
[2023-11-13T08:26:34.829+0000] {logging_mixin.py:154} INFO - [2023-11-13T08:26:34.829+0000] {dagbag.py:536} INFO - Filling up the DagBag from /home/airflow/.local/lib/python3.8/site-packages/airflow/example_dags/example_complex.py
[2023-11-13T08:26:34.837+0000] {processor.py:839} INFO - DAG(s) dict_keys(['example_complex']) retrieved from /home/airflow/.local/lib/python3.8/site-packages/airflow/example_dags/example_complex.py
[2023-11-13T08:26:34.859+0000] {logging_mixin.py:154} INFO - [2023-11-13T08:26:34.859+0000] {dag.py:2941} INFO - Sync 1 DAGs
[2023-11-13T08:26:34.867+0000] {logging_mixin.py:154} INFO - [2023-11-13T08:26:34.867+0000] {dag.py:3722} INFO - Setting next_dagrun for example_complex to None, run_after=None
[2023-11-13T08:26:34.911+0000] {processor.py:179} INFO - Processing /home/airflow/.local/lib/python3.8/site-packages/airflow/example_dags/example_complex.py took 0.771 seconds
[2023-11-13T08:27:05.393+0000] {processor.py:157} INFO - Started process (PID=3387) to work on /home/airflow/.local/lib/python3.8/site-packages/airflow/example_dags/example_complex.py
[2023-11-13T08:27:05.394+0000] {processor.py:829} INFO - Processing file /home/airflow/.local/lib/python3.8/site-packages/airflow/example_dags/example_complex.py for tasks to queue
[2023-11-13T08:27:05.396+0000] {logging_mixin.py:154} INFO - [2023-11-13T08:27:05.396+0000] {dagbag.py:536} INFO - Filling up the DagBag from /home/airflow/.local/lib/python3.8/site-packages/airflow/example_dags/example_complex.py
[2023-11-13T08:27:05.410+0000] {processor.py:839} INFO - DAG(s) dict_keys(['example_complex']) retrieved from /home/airflow/.local/lib/python3.8/site-packages/airflow/example_dags/example_complex.py
[2023-11-13T08:27:05.439+0000] {logging_mixin.py:154} INFO - [2023-11-13T08:27:05.438+0000] {dag.py:2941} INFO - Sync 1 DAGs
[2023-11-13T08:27:05.450+0000] {logging_mixin.py:154} INFO - [2023-11-13T08:27:05.450+0000] {dag.py:3722} INFO - Setting next_dagrun for example_complex to None, run_after=None
[2023-11-13T08:27:05.606+0000] {processor.py:179} INFO - Processing /home/airflow/.local/lib/python3.8/site-packages/airflow/example_dags/example_complex.py took 0.216 seconds
[2023-11-13T08:27:35.653+0000] {processor.py:157} INFO - Started process (PID=3440) to work on /home/airflow/.local/lib/python3.8/site-packages/airflow/example_dags/example_complex.py
[2023-11-13T08:27:35.712+0000] {processor.py:829} INFO - Processing file /home/airflow/.local/lib/python3.8/site-packages/airflow/example_dags/example_complex.py for tasks to queue
[2023-11-13T08:27:35.714+0000] {logging_mixin.py:154} INFO - [2023-11-13T08:27:35.714+0000] {dagbag.py:536} INFO - Filling up the DagBag from /home/airflow/.local/lib/python3.8/site-packages/airflow/example_dags/example_complex.py
[2023-11-13T08:27:35.721+0000] {processor.py:839} INFO - DAG(s) dict_keys(['example_complex']) retrieved from /home/airflow/.local/lib/python3.8/site-packages/airflow/example_dags/example_complex.py
[2023-11-13T08:27:35.743+0000] {logging_mixin.py:154} INFO - [2023-11-13T08:27:35.742+0000] {dag.py:2941} INFO - Sync 1 DAGs
[2023-11-13T08:27:35.751+0000] {logging_mixin.py:154} INFO - [2023-11-13T08:27:35.751+0000] {dag.py:3722} INFO - Setting next_dagrun for example_complex to None, run_after=None
[2023-11-13T08:27:35.828+0000] {processor.py:179} INFO - Processing /home/airflow/.local/lib/python3.8/site-packages/airflow/example_dags/example_complex.py took 0.177 seconds
[2023-11-13T08:28:06.277+0000] {processor.py:157} INFO - Started process (PID=3495) to work on /home/airflow/.local/lib/python3.8/site-packages/airflow/example_dags/example_complex.py
[2023-11-13T08:28:06.277+0000] {processor.py:829} INFO - Processing file /home/airflow/.local/lib/python3.8/site-packages/airflow/example_dags/example_complex.py for tasks to queue
[2023-11-13T08:28:06.279+0000] {logging_mixin.py:154} INFO - [2023-11-13T08:28:06.278+0000] {dagbag.py:536} INFO - Filling up the DagBag from /home/airflow/.local/lib/python3.8/site-packages/airflow/example_dags/example_complex.py
[2023-11-13T08:28:06.287+0000] {processor.py:839} INFO - DAG(s) dict_keys(['example_complex']) retrieved from /home/airflow/.local/lib/python3.8/site-packages/airflow/example_dags/example_complex.py
[2023-11-13T08:28:06.313+0000] {logging_mixin.py:154} INFO - [2023-11-13T08:28:06.313+0000] {dag.py:2941} INFO - Sync 1 DAGs
[2023-11-13T08:28:06.323+0000] {logging_mixin.py:154} INFO - [2023-11-13T08:28:06.323+0000] {dag.py:3722} INFO - Setting next_dagrun for example_complex to None, run_after=None
[2023-11-13T08:28:06.357+0000] {processor.py:179} INFO - Processing /home/airflow/.local/lib/python3.8/site-packages/airflow/example_dags/example_complex.py took 0.083 seconds
[2023-11-13T08:45:38.048+0000] {processor.py:157} INFO - Started process (PID=77) to work on /home/airflow/.local/lib/python3.8/site-packages/airflow/example_dags/example_complex.py
[2023-11-13T08:45:38.048+0000] {processor.py:829} INFO - Processing file /home/airflow/.local/lib/python3.8/site-packages/airflow/example_dags/example_complex.py for tasks to queue
[2023-11-13T08:45:38.050+0000] {logging_mixin.py:154} INFO - [2023-11-13T08:45:38.050+0000] {dagbag.py:536} INFO - Filling up the DagBag from /home/airflow/.local/lib/python3.8/site-packages/airflow/example_dags/example_complex.py
[2023-11-13T08:45:38.065+0000] {processor.py:839} INFO - DAG(s) dict_keys(['example_complex']) retrieved from /home/airflow/.local/lib/python3.8/site-packages/airflow/example_dags/example_complex.py
[2023-11-13T08:45:38.218+0000] {logging_mixin.py:154} INFO - [2023-11-13T08:45:38.218+0000] {manager.py:499} INFO - Created Permission View: %s
[2023-11-13T08:45:38.257+0000] {logging_mixin.py:154} INFO - [2023-11-13T08:45:38.256+0000] {manager.py:499} INFO - Created Permission View: %s
[2023-11-13T08:45:38.297+0000] {logging_mixin.py:154} INFO - [2023-11-13T08:45:38.297+0000] {manager.py:499} INFO - Created Permission View: %s
[2023-11-13T08:45:38.298+0000] {logging_mixin.py:154} INFO - [2023-11-13T08:45:38.297+0000] {dag.py:2941} INFO - Sync 1 DAGs
[2023-11-13T08:45:38.324+0000] {logging_mixin.py:154} INFO - [2023-11-13T08:45:38.324+0000] {dag.py:2963} INFO - Creating ORM DAG for example_complex
[2023-11-13T08:45:38.326+0000] {logging_mixin.py:154} INFO - [2023-11-13T08:45:38.325+0000] {dag.py:3722} INFO - Setting next_dagrun for example_complex to None, run_after=None
[2023-11-13T08:45:38.370+0000] {processor.py:179} INFO - Processing /home/airflow/.local/lib/python3.8/site-packages/airflow/example_dags/example_complex.py took 0.324 seconds
[2023-11-13T08:46:08.928+0000] {processor.py:157} INFO - Started process (PID=131) to work on /home/airflow/.local/lib/python3.8/site-packages/airflow/example_dags/example_complex.py
[2023-11-13T08:46:08.929+0000] {processor.py:829} INFO - Processing file /home/airflow/.local/lib/python3.8/site-packages/airflow/example_dags/example_complex.py for tasks to queue
[2023-11-13T08:46:08.930+0000] {logging_mixin.py:154} INFO - [2023-11-13T08:46:08.930+0000] {dagbag.py:536} INFO - Filling up the DagBag from /home/airflow/.local/lib/python3.8/site-packages/airflow/example_dags/example_complex.py
[2023-11-13T08:46:08.939+0000] {processor.py:839} INFO - DAG(s) dict_keys(['example_complex']) retrieved from /home/airflow/.local/lib/python3.8/site-packages/airflow/example_dags/example_complex.py
[2023-11-13T08:46:08.962+0000] {logging_mixin.py:154} INFO - [2023-11-13T08:46:08.962+0000] {dag.py:2941} INFO - Sync 1 DAGs
[2023-11-13T08:46:08.972+0000] {logging_mixin.py:154} INFO - [2023-11-13T08:46:08.971+0000] {dag.py:3722} INFO - Setting next_dagrun for example_complex to None, run_after=None
[2023-11-13T08:46:08.998+0000] {processor.py:179} INFO - Processing /home/airflow/.local/lib/python3.8/site-packages/airflow/example_dags/example_complex.py took 0.072 seconds
[2023-11-13T08:46:39.425+0000] {processor.py:157} INFO - Started process (PID=185) to work on /home/airflow/.local/lib/python3.8/site-packages/airflow/example_dags/example_complex.py
[2023-11-13T08:46:39.504+0000] {processor.py:829} INFO - Processing file /home/airflow/.local/lib/python3.8/site-packages/airflow/example_dags/example_complex.py for tasks to queue
[2023-11-13T08:46:39.510+0000] {logging_mixin.py:154} INFO - [2023-11-13T08:46:39.509+0000] {dagbag.py:536} INFO - Filling up the DagBag from /home/airflow/.local/lib/python3.8/site-packages/airflow/example_dags/example_complex.py
[2023-11-13T08:46:39.549+0000] {processor.py:839} INFO - DAG(s) dict_keys(['example_complex']) retrieved from /home/airflow/.local/lib/python3.8/site-packages/airflow/example_dags/example_complex.py
[2023-11-13T08:46:39.579+0000] {logging_mixin.py:154} INFO - [2023-11-13T08:46:39.579+0000] {dag.py:2941} INFO - Sync 1 DAGs
[2023-11-13T08:46:39.590+0000] {logging_mixin.py:154} INFO - [2023-11-13T08:46:39.590+0000] {dag.py:3722} INFO - Setting next_dagrun for example_complex to None, run_after=None
[2023-11-13T08:46:39.816+0000] {processor.py:179} INFO - Processing /home/airflow/.local/lib/python3.8/site-packages/airflow/example_dags/example_complex.py took 0.394 seconds
[2023-11-13T08:47:10.532+0000] {processor.py:157} INFO - Started process (PID=239) to work on /home/airflow/.local/lib/python3.8/site-packages/airflow/example_dags/example_complex.py
[2023-11-13T08:47:10.533+0000] {processor.py:829} INFO - Processing file /home/airflow/.local/lib/python3.8/site-packages/airflow/example_dags/example_complex.py for tasks to queue
[2023-11-13T08:47:10.536+0000] {logging_mixin.py:154} INFO - [2023-11-13T08:47:10.536+0000] {dagbag.py:536} INFO - Filling up the DagBag from /home/airflow/.local/lib/python3.8/site-packages/airflow/example_dags/example_complex.py
[2023-11-13T08:47:10.548+0000] {processor.py:839} INFO - DAG(s) dict_keys(['example_complex']) retrieved from /home/airflow/.local/lib/python3.8/site-packages/airflow/example_dags/example_complex.py
[2023-11-13T08:47:10.574+0000] {logging_mixin.py:154} INFO - [2023-11-13T08:47:10.573+0000] {dag.py:2941} INFO - Sync 1 DAGs
[2023-11-13T08:47:10.583+0000] {logging_mixin.py:154} INFO - [2023-11-13T08:47:10.583+0000] {dag.py:3722} INFO - Setting next_dagrun for example_complex to None, run_after=None
[2023-11-13T08:47:10.626+0000] {processor.py:179} INFO - Processing /home/airflow/.local/lib/python3.8/site-packages/airflow/example_dags/example_complex.py took 0.099 seconds
[2023-11-13T08:47:41.964+0000] {processor.py:157} INFO - Started process (PID=293) to work on /home/airflow/.local/lib/python3.8/site-packages/airflow/example_dags/example_complex.py
[2023-11-13T08:47:41.965+0000] {processor.py:829} INFO - Processing file /home/airflow/.local/lib/python3.8/site-packages/airflow/example_dags/example_complex.py for tasks to queue
[2023-11-13T08:47:41.966+0000] {logging_mixin.py:154} INFO - [2023-11-13T08:47:41.966+0000] {dagbag.py:536} INFO - Filling up the DagBag from /home/airflow/.local/lib/python3.8/site-packages/airflow/example_dags/example_complex.py
[2023-11-13T08:47:41.975+0000] {processor.py:839} INFO - DAG(s) dict_keys(['example_complex']) retrieved from /home/airflow/.local/lib/python3.8/site-packages/airflow/example_dags/example_complex.py
[2023-11-13T08:47:41.999+0000] {logging_mixin.py:154} INFO - [2023-11-13T08:47:41.999+0000] {dag.py:2941} INFO - Sync 1 DAGs
[2023-11-13T08:47:42.009+0000] {logging_mixin.py:154} INFO - [2023-11-13T08:47:42.009+0000] {dag.py:3722} INFO - Setting next_dagrun for example_complex to None, run_after=None
[2023-11-13T08:47:42.046+0000] {processor.py:179} INFO - Processing /home/airflow/.local/lib/python3.8/site-packages/airflow/example_dags/example_complex.py took 0.085 seconds
[2023-11-13T08:48:12.457+0000] {processor.py:157} INFO - Started process (PID=347) to work on /home/airflow/.local/lib/python3.8/site-packages/airflow/example_dags/example_complex.py
[2023-11-13T08:48:12.471+0000] {processor.py:829} INFO - Processing file /home/airflow/.local/lib/python3.8/site-packages/airflow/example_dags/example_complex.py for tasks to queue
[2023-11-13T08:48:12.473+0000] {logging_mixin.py:154} INFO - [2023-11-13T08:48:12.472+0000] {dagbag.py:536} INFO - Filling up the DagBag from /home/airflow/.local/lib/python3.8/site-packages/airflow/example_dags/example_complex.py
[2023-11-13T08:48:12.482+0000] {processor.py:839} INFO - DAG(s) dict_keys(['example_complex']) retrieved from /home/airflow/.local/lib/python3.8/site-packages/airflow/example_dags/example_complex.py
[2023-11-13T08:48:12.509+0000] {logging_mixin.py:154} INFO - [2023-11-13T08:48:12.509+0000] {dag.py:2941} INFO - Sync 1 DAGs
[2023-11-13T08:48:12.519+0000] {logging_mixin.py:154} INFO - [2023-11-13T08:48:12.519+0000] {dag.py:3722} INFO - Setting next_dagrun for example_complex to None, run_after=None
[2023-11-13T08:48:12.550+0000] {processor.py:179} INFO - Processing /home/airflow/.local/lib/python3.8/site-packages/airflow/example_dags/example_complex.py took 0.095 seconds
