[2023-11-13T07:55:11.162+0000] {processor.py:157} INFO - Started process (PID=65) to work on /home/airflow/.local/lib/python3.8/site-packages/airflow/example_dags/example_task_group.py
[2023-11-13T07:55:11.163+0000] {processor.py:829} INFO - Processing file /home/airflow/.local/lib/python3.8/site-packages/airflow/example_dags/example_task_group.py for tasks to queue
[2023-11-13T07:55:11.165+0000] {logging_mixin.py:154} INFO - [2023-11-13T07:55:11.164+0000] {dagbag.py:536} INFO - Filling up the DagBag from /home/airflow/.local/lib/python3.8/site-packages/airflow/example_dags/example_task_group.py
[2023-11-13T07:55:11.174+0000] {processor.py:839} INFO - DAG(s) dict_keys(['example_task_group']) retrieved from /home/airflow/.local/lib/python3.8/site-packages/airflow/example_dags/example_task_group.py
[2023-11-13T07:55:11.343+0000] {logging_mixin.py:154} INFO - [2023-11-13T07:55:11.342+0000] {manager.py:499} INFO - Created Permission View: %s
[2023-11-13T07:55:11.371+0000] {logging_mixin.py:154} INFO - [2023-11-13T07:55:11.371+0000] {manager.py:499} INFO - Created Permission View: %s
[2023-11-13T07:55:11.410+0000] {logging_mixin.py:154} INFO - [2023-11-13T07:55:11.410+0000] {manager.py:499} INFO - Created Permission View: %s
[2023-11-13T07:55:11.411+0000] {logging_mixin.py:154} INFO - [2023-11-13T07:55:11.411+0000] {dag.py:2941} INFO - Sync 1 DAGs
[2023-11-13T07:55:11.420+0000] {logging_mixin.py:154} INFO - [2023-11-13T07:55:11.419+0000] {dag.py:2963} INFO - Creating ORM DAG for example_task_group
[2023-11-13T07:55:11.428+0000] {logging_mixin.py:154} INFO - [2023-11-13T07:55:11.428+0000] {dag.py:3722} INFO - Setting next_dagrun for example_task_group to 2023-11-12T07:55:11.427835+00:00, run_after=2023-11-13T07:55:11.427835+00:00
[2023-11-13T07:55:11.501+0000] {processor.py:179} INFO - Processing /home/airflow/.local/lib/python3.8/site-packages/airflow/example_dags/example_task_group.py took 0.344 seconds
[2023-11-13T07:55:42.349+0000] {processor.py:157} INFO - Started process (PID=119) to work on /home/airflow/.local/lib/python3.8/site-packages/airflow/example_dags/example_task_group.py
[2023-11-13T07:55:42.350+0000] {processor.py:829} INFO - Processing file /home/airflow/.local/lib/python3.8/site-packages/airflow/example_dags/example_task_group.py for tasks to queue
[2023-11-13T07:55:42.352+0000] {logging_mixin.py:154} INFO - [2023-11-13T07:55:42.352+0000] {dagbag.py:536} INFO - Filling up the DagBag from /home/airflow/.local/lib/python3.8/site-packages/airflow/example_dags/example_task_group.py
[2023-11-13T07:55:42.358+0000] {processor.py:839} INFO - DAG(s) dict_keys(['example_task_group']) retrieved from /home/airflow/.local/lib/python3.8/site-packages/airflow/example_dags/example_task_group.py
[2023-11-13T07:55:42.376+0000] {logging_mixin.py:154} INFO - [2023-11-13T07:55:42.376+0000] {dag.py:2941} INFO - Sync 1 DAGs
[2023-11-13T07:55:42.392+0000] {logging_mixin.py:154} INFO - [2023-11-13T07:55:42.391+0000] {dag.py:3722} INFO - Setting next_dagrun for example_task_group to 2023-11-12T07:55:42.391769+00:00, run_after=2023-11-13T07:55:42.391769+00:00
[2023-11-13T07:55:43.412+0000] {processor.py:179} INFO - Processing /home/airflow/.local/lib/python3.8/site-packages/airflow/example_dags/example_task_group.py took 1.066 seconds
[2023-11-13T07:56:13.902+0000] {processor.py:157} INFO - Started process (PID=173) to work on /home/airflow/.local/lib/python3.8/site-packages/airflow/example_dags/example_task_group.py
[2023-11-13T07:56:13.903+0000] {processor.py:829} INFO - Processing file /home/airflow/.local/lib/python3.8/site-packages/airflow/example_dags/example_task_group.py for tasks to queue
[2023-11-13T07:56:13.904+0000] {logging_mixin.py:154} INFO - [2023-11-13T07:56:13.904+0000] {dagbag.py:536} INFO - Filling up the DagBag from /home/airflow/.local/lib/python3.8/site-packages/airflow/example_dags/example_task_group.py
[2023-11-13T07:56:13.909+0000] {processor.py:839} INFO - DAG(s) dict_keys(['example_task_group']) retrieved from /home/airflow/.local/lib/python3.8/site-packages/airflow/example_dags/example_task_group.py
[2023-11-13T07:56:13.924+0000] {logging_mixin.py:154} INFO - [2023-11-13T07:56:13.924+0000] {dag.py:2941} INFO - Sync 1 DAGs
[2023-11-13T07:56:13.938+0000] {logging_mixin.py:154} INFO - [2023-11-13T07:56:13.938+0000] {dag.py:3722} INFO - Setting next_dagrun for example_task_group to 2023-11-12T07:56:13.938324+00:00, run_after=2023-11-13T07:56:13.938324+00:00
[2023-11-13T07:56:13.972+0000] {processor.py:179} INFO - Processing /home/airflow/.local/lib/python3.8/site-packages/airflow/example_dags/example_task_group.py took 0.073 seconds
[2023-11-13T07:56:44.043+0000] {processor.py:157} INFO - Started process (PID=227) to work on /home/airflow/.local/lib/python3.8/site-packages/airflow/example_dags/example_task_group.py
[2023-11-13T07:56:44.047+0000] {processor.py:829} INFO - Processing file /home/airflow/.local/lib/python3.8/site-packages/airflow/example_dags/example_task_group.py for tasks to queue
[2023-11-13T07:56:44.049+0000] {logging_mixin.py:154} INFO - [2023-11-13T07:56:44.048+0000] {dagbag.py:536} INFO - Filling up the DagBag from /home/airflow/.local/lib/python3.8/site-packages/airflow/example_dags/example_task_group.py
[2023-11-13T07:56:44.054+0000] {processor.py:839} INFO - DAG(s) dict_keys(['example_task_group']) retrieved from /home/airflow/.local/lib/python3.8/site-packages/airflow/example_dags/example_task_group.py
[2023-11-13T07:56:44.070+0000] {logging_mixin.py:154} INFO - [2023-11-13T07:56:44.070+0000] {dag.py:2941} INFO - Sync 1 DAGs
[2023-11-13T07:56:44.084+0000] {logging_mixin.py:154} INFO - [2023-11-13T07:56:44.084+0000] {dag.py:3722} INFO - Setting next_dagrun for example_task_group to 2023-11-12T07:56:44.084541+00:00, run_after=2023-11-13T07:56:44.084541+00:00
[2023-11-13T07:56:44.121+0000] {processor.py:179} INFO - Processing /home/airflow/.local/lib/python3.8/site-packages/airflow/example_dags/example_task_group.py took 0.081 seconds
[2023-11-13T07:57:14.686+0000] {processor.py:157} INFO - Started process (PID=281) to work on /home/airflow/.local/lib/python3.8/site-packages/airflow/example_dags/example_task_group.py
[2023-11-13T07:57:14.687+0000] {processor.py:829} INFO - Processing file /home/airflow/.local/lib/python3.8/site-packages/airflow/example_dags/example_task_group.py for tasks to queue
[2023-11-13T07:57:14.689+0000] {logging_mixin.py:154} INFO - [2023-11-13T07:57:14.688+0000] {dagbag.py:536} INFO - Filling up the DagBag from /home/airflow/.local/lib/python3.8/site-packages/airflow/example_dags/example_task_group.py
[2023-11-13T07:57:14.693+0000] {processor.py:839} INFO - DAG(s) dict_keys(['example_task_group']) retrieved from /home/airflow/.local/lib/python3.8/site-packages/airflow/example_dags/example_task_group.py
[2023-11-13T07:57:14.708+0000] {logging_mixin.py:154} INFO - [2023-11-13T07:57:14.708+0000] {dag.py:2941} INFO - Sync 1 DAGs
[2023-11-13T07:57:14.723+0000] {logging_mixin.py:154} INFO - [2023-11-13T07:57:14.723+0000] {dag.py:3722} INFO - Setting next_dagrun for example_task_group to 2023-11-12T07:57:14.723575+00:00, run_after=2023-11-13T07:57:14.723575+00:00
[2023-11-13T07:57:14.749+0000] {processor.py:179} INFO - Processing /home/airflow/.local/lib/python3.8/site-packages/airflow/example_dags/example_task_group.py took 0.065 seconds
[2023-11-13T07:57:45.818+0000] {processor.py:157} INFO - Started process (PID=335) to work on /home/airflow/.local/lib/python3.8/site-packages/airflow/example_dags/example_task_group.py
[2023-11-13T07:57:45.819+0000] {processor.py:829} INFO - Processing file /home/airflow/.local/lib/python3.8/site-packages/airflow/example_dags/example_task_group.py for tasks to queue
[2023-11-13T07:57:45.823+0000] {logging_mixin.py:154} INFO - [2023-11-13T07:57:45.823+0000] {dagbag.py:536} INFO - Filling up the DagBag from /home/airflow/.local/lib/python3.8/site-packages/airflow/example_dags/example_task_group.py
[2023-11-13T07:57:45.837+0000] {processor.py:839} INFO - DAG(s) dict_keys(['example_task_group']) retrieved from /home/airflow/.local/lib/python3.8/site-packages/airflow/example_dags/example_task_group.py
[2023-11-13T07:57:45.863+0000] {logging_mixin.py:154} INFO - [2023-11-13T07:57:45.863+0000] {dag.py:2941} INFO - Sync 1 DAGs
[2023-11-13T07:57:45.887+0000] {logging_mixin.py:154} INFO - [2023-11-13T07:57:45.887+0000] {dag.py:3722} INFO - Setting next_dagrun for example_task_group to 2023-11-12T07:57:45.886821+00:00, run_after=2023-11-13T07:57:45.886821+00:00
[2023-11-13T07:57:45.915+0000] {processor.py:179} INFO - Processing /home/airflow/.local/lib/python3.8/site-packages/airflow/example_dags/example_task_group.py took 0.104 seconds
[2023-11-13T07:58:16.232+0000] {processor.py:157} INFO - Started process (PID=389) to work on /home/airflow/.local/lib/python3.8/site-packages/airflow/example_dags/example_task_group.py
[2023-11-13T07:58:16.250+0000] {processor.py:829} INFO - Processing file /home/airflow/.local/lib/python3.8/site-packages/airflow/example_dags/example_task_group.py for tasks to queue
[2023-11-13T07:58:16.252+0000] {logging_mixin.py:154} INFO - [2023-11-13T07:58:16.251+0000] {dagbag.py:536} INFO - Filling up the DagBag from /home/airflow/.local/lib/python3.8/site-packages/airflow/example_dags/example_task_group.py
[2023-11-13T07:58:16.257+0000] {processor.py:839} INFO - DAG(s) dict_keys(['example_task_group']) retrieved from /home/airflow/.local/lib/python3.8/site-packages/airflow/example_dags/example_task_group.py
[2023-11-13T07:58:16.273+0000] {logging_mixin.py:154} INFO - [2023-11-13T07:58:16.273+0000] {dag.py:2941} INFO - Sync 1 DAGs
[2023-11-13T07:58:16.289+0000] {logging_mixin.py:154} INFO - [2023-11-13T07:58:16.289+0000] {dag.py:3722} INFO - Setting next_dagrun for example_task_group to 2023-11-12T07:58:16.289184+00:00, run_after=2023-11-13T07:58:16.289184+00:00
[2023-11-13T07:58:16.316+0000] {processor.py:179} INFO - Processing /home/airflow/.local/lib/python3.8/site-packages/airflow/example_dags/example_task_group.py took 0.087 seconds
[2023-11-13T07:58:46.463+0000] {processor.py:157} INFO - Started process (PID=443) to work on /home/airflow/.local/lib/python3.8/site-packages/airflow/example_dags/example_task_group.py
[2023-11-13T07:58:46.464+0000] {processor.py:829} INFO - Processing file /home/airflow/.local/lib/python3.8/site-packages/airflow/example_dags/example_task_group.py for tasks to queue
[2023-11-13T07:58:46.465+0000] {logging_mixin.py:154} INFO - [2023-11-13T07:58:46.465+0000] {dagbag.py:536} INFO - Filling up the DagBag from /home/airflow/.local/lib/python3.8/site-packages/airflow/example_dags/example_task_group.py
[2023-11-13T07:58:46.470+0000] {processor.py:839} INFO - DAG(s) dict_keys(['example_task_group']) retrieved from /home/airflow/.local/lib/python3.8/site-packages/airflow/example_dags/example_task_group.py
[2023-11-13T07:58:46.487+0000] {logging_mixin.py:154} INFO - [2023-11-13T07:58:46.487+0000] {dag.py:2941} INFO - Sync 1 DAGs
[2023-11-13T07:58:46.504+0000] {logging_mixin.py:154} INFO - [2023-11-13T07:58:46.503+0000] {dag.py:3722} INFO - Setting next_dagrun for example_task_group to 2023-11-12T07:58:46.503792+00:00, run_after=2023-11-13T07:58:46.503792+00:00
[2023-11-13T07:58:46.536+0000] {processor.py:179} INFO - Processing /home/airflow/.local/lib/python3.8/site-packages/airflow/example_dags/example_task_group.py took 0.075 seconds
[2023-11-13T07:59:17.730+0000] {processor.py:157} INFO - Started process (PID=497) to work on /home/airflow/.local/lib/python3.8/site-packages/airflow/example_dags/example_task_group.py
[2023-11-13T07:59:17.731+0000] {processor.py:829} INFO - Processing file /home/airflow/.local/lib/python3.8/site-packages/airflow/example_dags/example_task_group.py for tasks to queue
[2023-11-13T07:59:17.732+0000] {logging_mixin.py:154} INFO - [2023-11-13T07:59:17.732+0000] {dagbag.py:536} INFO - Filling up the DagBag from /home/airflow/.local/lib/python3.8/site-packages/airflow/example_dags/example_task_group.py
[2023-11-13T07:59:17.737+0000] {processor.py:839} INFO - DAG(s) dict_keys(['example_task_group']) retrieved from /home/airflow/.local/lib/python3.8/site-packages/airflow/example_dags/example_task_group.py
[2023-11-13T07:59:17.754+0000] {logging_mixin.py:154} INFO - [2023-11-13T07:59:17.753+0000] {dag.py:2941} INFO - Sync 1 DAGs
[2023-11-13T07:59:17.770+0000] {logging_mixin.py:154} INFO - [2023-11-13T07:59:17.770+0000] {dag.py:3722} INFO - Setting next_dagrun for example_task_group to 2023-11-12T07:59:17.770498+00:00, run_after=2023-11-13T07:59:17.770498+00:00
[2023-11-13T07:59:17.800+0000] {processor.py:179} INFO - Processing /home/airflow/.local/lib/python3.8/site-packages/airflow/example_dags/example_task_group.py took 0.072 seconds
[2023-11-13T07:59:48.996+0000] {processor.py:157} INFO - Started process (PID=551) to work on /home/airflow/.local/lib/python3.8/site-packages/airflow/example_dags/example_task_group.py
[2023-11-13T07:59:48.997+0000] {processor.py:829} INFO - Processing file /home/airflow/.local/lib/python3.8/site-packages/airflow/example_dags/example_task_group.py for tasks to queue
[2023-11-13T07:59:48.998+0000] {logging_mixin.py:154} INFO - [2023-11-13T07:59:48.998+0000] {dagbag.py:536} INFO - Filling up the DagBag from /home/airflow/.local/lib/python3.8/site-packages/airflow/example_dags/example_task_group.py
[2023-11-13T07:59:49.003+0000] {processor.py:839} INFO - DAG(s) dict_keys(['example_task_group']) retrieved from /home/airflow/.local/lib/python3.8/site-packages/airflow/example_dags/example_task_group.py
[2023-11-13T07:59:49.018+0000] {logging_mixin.py:154} INFO - [2023-11-13T07:59:49.018+0000] {dag.py:2941} INFO - Sync 1 DAGs
[2023-11-13T07:59:49.033+0000] {logging_mixin.py:154} INFO - [2023-11-13T07:59:49.033+0000] {dag.py:3722} INFO - Setting next_dagrun for example_task_group to 2023-11-12T07:59:49.033264+00:00, run_after=2023-11-13T07:59:49.033264+00:00
[2023-11-13T07:59:49.057+0000] {processor.py:179} INFO - Processing /home/airflow/.local/lib/python3.8/site-packages/airflow/example_dags/example_task_group.py took 0.063 seconds
[2023-11-13T08:00:19.506+0000] {processor.py:157} INFO - Started process (PID=605) to work on /home/airflow/.local/lib/python3.8/site-packages/airflow/example_dags/example_task_group.py
[2023-11-13T08:00:19.507+0000] {processor.py:829} INFO - Processing file /home/airflow/.local/lib/python3.8/site-packages/airflow/example_dags/example_task_group.py for tasks to queue
[2023-11-13T08:00:19.508+0000] {logging_mixin.py:154} INFO - [2023-11-13T08:00:19.508+0000] {dagbag.py:536} INFO - Filling up the DagBag from /home/airflow/.local/lib/python3.8/site-packages/airflow/example_dags/example_task_group.py
[2023-11-13T08:00:19.513+0000] {processor.py:839} INFO - DAG(s) dict_keys(['example_task_group']) retrieved from /home/airflow/.local/lib/python3.8/site-packages/airflow/example_dags/example_task_group.py
[2023-11-13T08:00:19.529+0000] {logging_mixin.py:154} INFO - [2023-11-13T08:00:19.529+0000] {dag.py:2941} INFO - Sync 1 DAGs
[2023-11-13T08:00:19.544+0000] {logging_mixin.py:154} INFO - [2023-11-13T08:00:19.544+0000] {dag.py:3722} INFO - Setting next_dagrun for example_task_group to 2023-11-12T08:00:19.544225+00:00, run_after=2023-11-13T08:00:19.544225+00:00
[2023-11-13T08:00:19.585+0000] {processor.py:179} INFO - Processing /home/airflow/.local/lib/python3.8/site-packages/airflow/example_dags/example_task_group.py took 0.082 seconds
[2023-11-13T08:00:51.416+0000] {processor.py:157} INFO - Started process (PID=659) to work on /home/airflow/.local/lib/python3.8/site-packages/airflow/example_dags/example_task_group.py
[2023-11-13T08:00:51.417+0000] {processor.py:829} INFO - Processing file /home/airflow/.local/lib/python3.8/site-packages/airflow/example_dags/example_task_group.py for tasks to queue
[2023-11-13T08:00:51.419+0000] {logging_mixin.py:154} INFO - [2023-11-13T08:00:51.418+0000] {dagbag.py:536} INFO - Filling up the DagBag from /home/airflow/.local/lib/python3.8/site-packages/airflow/example_dags/example_task_group.py
[2023-11-13T08:00:51.424+0000] {processor.py:839} INFO - DAG(s) dict_keys(['example_task_group']) retrieved from /home/airflow/.local/lib/python3.8/site-packages/airflow/example_dags/example_task_group.py
[2023-11-13T08:00:51.440+0000] {logging_mixin.py:154} INFO - [2023-11-13T08:00:51.440+0000] {dag.py:2941} INFO - Sync 1 DAGs
[2023-11-13T08:00:51.455+0000] {logging_mixin.py:154} INFO - [2023-11-13T08:00:51.455+0000] {dag.py:3722} INFO - Setting next_dagrun for example_task_group to 2023-11-12T08:00:51.455064+00:00, run_after=2023-11-13T08:00:51.455064+00:00
[2023-11-13T08:00:51.482+0000] {processor.py:179} INFO - Processing /home/airflow/.local/lib/python3.8/site-packages/airflow/example_dags/example_task_group.py took 0.068 seconds
[2023-11-13T08:01:21.832+0000] {processor.py:157} INFO - Started process (PID=713) to work on /home/airflow/.local/lib/python3.8/site-packages/airflow/example_dags/example_task_group.py
[2023-11-13T08:01:21.832+0000] {processor.py:829} INFO - Processing file /home/airflow/.local/lib/python3.8/site-packages/airflow/example_dags/example_task_group.py for tasks to queue
[2023-11-13T08:01:21.834+0000] {logging_mixin.py:154} INFO - [2023-11-13T08:01:21.833+0000] {dagbag.py:536} INFO - Filling up the DagBag from /home/airflow/.local/lib/python3.8/site-packages/airflow/example_dags/example_task_group.py
[2023-11-13T08:01:21.838+0000] {processor.py:839} INFO - DAG(s) dict_keys(['example_task_group']) retrieved from /home/airflow/.local/lib/python3.8/site-packages/airflow/example_dags/example_task_group.py
[2023-11-13T08:01:21.854+0000] {logging_mixin.py:154} INFO - [2023-11-13T08:01:21.854+0000] {dag.py:2941} INFO - Sync 1 DAGs
[2023-11-13T08:01:21.869+0000] {logging_mixin.py:154} INFO - [2023-11-13T08:01:21.869+0000] {dag.py:3722} INFO - Setting next_dagrun for example_task_group to 2023-11-12T08:01:21.869691+00:00, run_after=2023-11-13T08:01:21.869691+00:00
[2023-11-13T08:01:21.896+0000] {processor.py:179} INFO - Processing /home/airflow/.local/lib/python3.8/site-packages/airflow/example_dags/example_task_group.py took 0.066 seconds
[2023-11-13T08:01:52.370+0000] {processor.py:157} INFO - Started process (PID=767) to work on /home/airflow/.local/lib/python3.8/site-packages/airflow/example_dags/example_task_group.py
[2023-11-13T08:01:52.381+0000] {processor.py:829} INFO - Processing file /home/airflow/.local/lib/python3.8/site-packages/airflow/example_dags/example_task_group.py for tasks to queue
[2023-11-13T08:01:52.383+0000] {logging_mixin.py:154} INFO - [2023-11-13T08:01:52.382+0000] {dagbag.py:536} INFO - Filling up the DagBag from /home/airflow/.local/lib/python3.8/site-packages/airflow/example_dags/example_task_group.py
[2023-11-13T08:01:52.388+0000] {processor.py:839} INFO - DAG(s) dict_keys(['example_task_group']) retrieved from /home/airflow/.local/lib/python3.8/site-packages/airflow/example_dags/example_task_group.py
[2023-11-13T08:01:52.404+0000] {logging_mixin.py:154} INFO - [2023-11-13T08:01:52.404+0000] {dag.py:2941} INFO - Sync 1 DAGs
[2023-11-13T08:01:52.421+0000] {logging_mixin.py:154} INFO - [2023-11-13T08:01:52.421+0000] {dag.py:3722} INFO - Setting next_dagrun for example_task_group to 2023-11-12T08:01:52.421063+00:00, run_after=2023-11-13T08:01:52.421063+00:00
[2023-11-13T08:01:52.550+0000] {processor.py:179} INFO - Processing /home/airflow/.local/lib/python3.8/site-packages/airflow/example_dags/example_task_group.py took 0.182 seconds
[2023-11-13T08:02:22.839+0000] {processor.py:157} INFO - Started process (PID=821) to work on /home/airflow/.local/lib/python3.8/site-packages/airflow/example_dags/example_task_group.py
[2023-11-13T08:02:22.839+0000] {processor.py:829} INFO - Processing file /home/airflow/.local/lib/python3.8/site-packages/airflow/example_dags/example_task_group.py for tasks to queue
[2023-11-13T08:02:22.841+0000] {logging_mixin.py:154} INFO - [2023-11-13T08:02:22.840+0000] {dagbag.py:536} INFO - Filling up the DagBag from /home/airflow/.local/lib/python3.8/site-packages/airflow/example_dags/example_task_group.py
[2023-11-13T08:02:22.845+0000] {processor.py:839} INFO - DAG(s) dict_keys(['example_task_group']) retrieved from /home/airflow/.local/lib/python3.8/site-packages/airflow/example_dags/example_task_group.py
[2023-11-13T08:02:22.865+0000] {logging_mixin.py:154} INFO - [2023-11-13T08:02:22.864+0000] {dag.py:2941} INFO - Sync 1 DAGs
[2023-11-13T08:02:22.880+0000] {logging_mixin.py:154} INFO - [2023-11-13T08:02:22.880+0000] {dag.py:3722} INFO - Setting next_dagrun for example_task_group to 2023-11-12T08:02:22.880282+00:00, run_after=2023-11-13T08:02:22.880282+00:00
[2023-11-13T08:02:22.908+0000] {processor.py:179} INFO - Processing /home/airflow/.local/lib/python3.8/site-packages/airflow/example_dags/example_task_group.py took 0.071 seconds
[2023-11-13T08:02:53.582+0000] {processor.py:157} INFO - Started process (PID=875) to work on /home/airflow/.local/lib/python3.8/site-packages/airflow/example_dags/example_task_group.py
[2023-11-13T08:02:53.582+0000] {processor.py:829} INFO - Processing file /home/airflow/.local/lib/python3.8/site-packages/airflow/example_dags/example_task_group.py for tasks to queue
[2023-11-13T08:02:53.584+0000] {logging_mixin.py:154} INFO - [2023-11-13T08:02:53.584+0000] {dagbag.py:536} INFO - Filling up the DagBag from /home/airflow/.local/lib/python3.8/site-packages/airflow/example_dags/example_task_group.py
[2023-11-13T08:02:53.589+0000] {processor.py:839} INFO - DAG(s) dict_keys(['example_task_group']) retrieved from /home/airflow/.local/lib/python3.8/site-packages/airflow/example_dags/example_task_group.py
[2023-11-13T08:02:53.604+0000] {logging_mixin.py:154} INFO - [2023-11-13T08:02:53.604+0000] {dag.py:2941} INFO - Sync 1 DAGs
[2023-11-13T08:02:53.620+0000] {logging_mixin.py:154} INFO - [2023-11-13T08:02:53.620+0000] {dag.py:3722} INFO - Setting next_dagrun for example_task_group to 2023-11-12T08:02:53.620559+00:00, run_after=2023-11-13T08:02:53.620559+00:00
[2023-11-13T08:02:53.643+0000] {processor.py:179} INFO - Processing /home/airflow/.local/lib/python3.8/site-packages/airflow/example_dags/example_task_group.py took 0.064 seconds
[2023-11-13T08:03:24.557+0000] {processor.py:157} INFO - Started process (PID=929) to work on /home/airflow/.local/lib/python3.8/site-packages/airflow/example_dags/example_task_group.py
[2023-11-13T08:03:24.557+0000] {processor.py:829} INFO - Processing file /home/airflow/.local/lib/python3.8/site-packages/airflow/example_dags/example_task_group.py for tasks to queue
[2023-11-13T08:03:24.559+0000] {logging_mixin.py:154} INFO - [2023-11-13T08:03:24.559+0000] {dagbag.py:536} INFO - Filling up the DagBag from /home/airflow/.local/lib/python3.8/site-packages/airflow/example_dags/example_task_group.py
[2023-11-13T08:03:24.564+0000] {processor.py:839} INFO - DAG(s) dict_keys(['example_task_group']) retrieved from /home/airflow/.local/lib/python3.8/site-packages/airflow/example_dags/example_task_group.py
[2023-11-13T08:03:24.580+0000] {logging_mixin.py:154} INFO - [2023-11-13T08:03:24.580+0000] {dag.py:2941} INFO - Sync 1 DAGs
[2023-11-13T08:03:24.596+0000] {logging_mixin.py:154} INFO - [2023-11-13T08:03:24.596+0000] {dag.py:3722} INFO - Setting next_dagrun for example_task_group to 2023-11-12T08:03:24.596589+00:00, run_after=2023-11-13T08:03:24.596589+00:00
[2023-11-13T08:03:24.627+0000] {processor.py:179} INFO - Processing /home/airflow/.local/lib/python3.8/site-packages/airflow/example_dags/example_task_group.py took 0.072 seconds
[2023-11-13T08:03:56.775+0000] {processor.py:157} INFO - Started process (PID=983) to work on /home/airflow/.local/lib/python3.8/site-packages/airflow/example_dags/example_task_group.py
[2023-11-13T08:03:56.778+0000] {processor.py:829} INFO - Processing file /home/airflow/.local/lib/python3.8/site-packages/airflow/example_dags/example_task_group.py for tasks to queue
[2023-11-13T08:03:56.781+0000] {logging_mixin.py:154} INFO - [2023-11-13T08:03:56.780+0000] {dagbag.py:536} INFO - Filling up the DagBag from /home/airflow/.local/lib/python3.8/site-packages/airflow/example_dags/example_task_group.py
[2023-11-13T08:03:56.786+0000] {processor.py:839} INFO - DAG(s) dict_keys(['example_task_group']) retrieved from /home/airflow/.local/lib/python3.8/site-packages/airflow/example_dags/example_task_group.py
[2023-11-13T08:03:56.804+0000] {logging_mixin.py:154} INFO - [2023-11-13T08:03:56.804+0000] {dag.py:2941} INFO - Sync 1 DAGs
[2023-11-13T08:03:56.820+0000] {logging_mixin.py:154} INFO - [2023-11-13T08:03:56.820+0000] {dag.py:3722} INFO - Setting next_dagrun for example_task_group to 2023-11-12T08:03:56.820642+00:00, run_after=2023-11-13T08:03:56.820642+00:00
[2023-11-13T08:03:56.979+0000] {processor.py:179} INFO - Processing /home/airflow/.local/lib/python3.8/site-packages/airflow/example_dags/example_task_group.py took 0.206 seconds
[2023-11-13T08:04:28.909+0000] {processor.py:157} INFO - Started process (PID=1037) to work on /home/airflow/.local/lib/python3.8/site-packages/airflow/example_dags/example_task_group.py
[2023-11-13T08:04:28.934+0000] {processor.py:829} INFO - Processing file /home/airflow/.local/lib/python3.8/site-packages/airflow/example_dags/example_task_group.py for tasks to queue
[2023-11-13T08:04:28.942+0000] {logging_mixin.py:154} INFO - [2023-11-13T08:04:28.942+0000] {dagbag.py:536} INFO - Filling up the DagBag from /home/airflow/.local/lib/python3.8/site-packages/airflow/example_dags/example_task_group.py
[2023-11-13T08:04:28.962+0000] {processor.py:839} INFO - DAG(s) dict_keys(['example_task_group']) retrieved from /home/airflow/.local/lib/python3.8/site-packages/airflow/example_dags/example_task_group.py
[2023-11-13T08:04:28.987+0000] {logging_mixin.py:154} INFO - [2023-11-13T08:04:28.987+0000] {dag.py:2941} INFO - Sync 1 DAGs
[2023-11-13T08:04:29.003+0000] {logging_mixin.py:154} INFO - [2023-11-13T08:04:29.003+0000] {dag.py:3722} INFO - Setting next_dagrun for example_task_group to 2023-11-12T08:04:29.003057+00:00, run_after=2023-11-13T08:04:29.003057+00:00
[2023-11-13T08:04:29.207+0000] {processor.py:179} INFO - Processing /home/airflow/.local/lib/python3.8/site-packages/airflow/example_dags/example_task_group.py took 0.300 seconds
[2023-11-13T08:04:59.503+0000] {processor.py:157} INFO - Started process (PID=1091) to work on /home/airflow/.local/lib/python3.8/site-packages/airflow/example_dags/example_task_group.py
[2023-11-13T08:04:59.504+0000] {processor.py:829} INFO - Processing file /home/airflow/.local/lib/python3.8/site-packages/airflow/example_dags/example_task_group.py for tasks to queue
[2023-11-13T08:04:59.505+0000] {logging_mixin.py:154} INFO - [2023-11-13T08:04:59.505+0000] {dagbag.py:536} INFO - Filling up the DagBag from /home/airflow/.local/lib/python3.8/site-packages/airflow/example_dags/example_task_group.py
[2023-11-13T08:04:59.510+0000] {processor.py:839} INFO - DAG(s) dict_keys(['example_task_group']) retrieved from /home/airflow/.local/lib/python3.8/site-packages/airflow/example_dags/example_task_group.py
[2023-11-13T08:04:59.530+0000] {logging_mixin.py:154} INFO - [2023-11-13T08:04:59.530+0000] {dag.py:2941} INFO - Sync 1 DAGs
[2023-11-13T08:04:59.547+0000] {logging_mixin.py:154} INFO - [2023-11-13T08:04:59.547+0000] {dag.py:3722} INFO - Setting next_dagrun for example_task_group to 2023-11-12T08:04:59.547310+00:00, run_after=2023-11-13T08:04:59.547310+00:00
[2023-11-13T08:04:59.815+0000] {processor.py:179} INFO - Processing /home/airflow/.local/lib/python3.8/site-packages/airflow/example_dags/example_task_group.py took 0.316 seconds
[2023-11-13T08:05:31.261+0000] {processor.py:157} INFO - Started process (PID=1145) to work on /home/airflow/.local/lib/python3.8/site-packages/airflow/example_dags/example_task_group.py
[2023-11-13T08:05:31.429+0000] {processor.py:829} INFO - Processing file /home/airflow/.local/lib/python3.8/site-packages/airflow/example_dags/example_task_group.py for tasks to queue
[2023-11-13T08:05:31.436+0000] {logging_mixin.py:154} INFO - [2023-11-13T08:05:31.435+0000] {dagbag.py:536} INFO - Filling up the DagBag from /home/airflow/.local/lib/python3.8/site-packages/airflow/example_dags/example_task_group.py
[2023-11-13T08:05:31.459+0000] {processor.py:839} INFO - DAG(s) dict_keys(['example_task_group']) retrieved from /home/airflow/.local/lib/python3.8/site-packages/airflow/example_dags/example_task_group.py
[2023-11-13T08:05:31.488+0000] {logging_mixin.py:154} INFO - [2023-11-13T08:05:31.487+0000] {dag.py:2941} INFO - Sync 1 DAGs
[2023-11-13T08:05:31.504+0000] {logging_mixin.py:154} INFO - [2023-11-13T08:05:31.504+0000] {dag.py:3722} INFO - Setting next_dagrun for example_task_group to 2023-11-12T08:05:31.504667+00:00, run_after=2023-11-13T08:05:31.504667+00:00
[2023-11-13T08:05:32.081+0000] {processor.py:179} INFO - Processing /home/airflow/.local/lib/python3.8/site-packages/airflow/example_dags/example_task_group.py took 0.823 seconds
[2023-11-13T08:06:02.363+0000] {processor.py:157} INFO - Started process (PID=1199) to work on /home/airflow/.local/lib/python3.8/site-packages/airflow/example_dags/example_task_group.py
[2023-11-13T08:06:02.368+0000] {processor.py:829} INFO - Processing file /home/airflow/.local/lib/python3.8/site-packages/airflow/example_dags/example_task_group.py for tasks to queue
[2023-11-13T08:06:02.369+0000] {logging_mixin.py:154} INFO - [2023-11-13T08:06:02.369+0000] {dagbag.py:536} INFO - Filling up the DagBag from /home/airflow/.local/lib/python3.8/site-packages/airflow/example_dags/example_task_group.py
[2023-11-13T08:06:02.374+0000] {processor.py:839} INFO - DAG(s) dict_keys(['example_task_group']) retrieved from /home/airflow/.local/lib/python3.8/site-packages/airflow/example_dags/example_task_group.py
[2023-11-13T08:06:02.390+0000] {logging_mixin.py:154} INFO - [2023-11-13T08:06:02.390+0000] {dag.py:2941} INFO - Sync 1 DAGs
[2023-11-13T08:06:02.406+0000] {logging_mixin.py:154} INFO - [2023-11-13T08:06:02.406+0000] {dag.py:3722} INFO - Setting next_dagrun for example_task_group to 2023-11-12T08:06:02.406373+00:00, run_after=2023-11-13T08:06:02.406373+00:00
[2023-11-13T08:06:02.794+0000] {processor.py:179} INFO - Processing /home/airflow/.local/lib/python3.8/site-packages/airflow/example_dags/example_task_group.py took 0.433 seconds
[2023-11-13T08:06:32.925+0000] {processor.py:157} INFO - Started process (PID=1253) to work on /home/airflow/.local/lib/python3.8/site-packages/airflow/example_dags/example_task_group.py
[2023-11-13T08:06:32.925+0000] {processor.py:829} INFO - Processing file /home/airflow/.local/lib/python3.8/site-packages/airflow/example_dags/example_task_group.py for tasks to queue
[2023-11-13T08:06:32.926+0000] {logging_mixin.py:154} INFO - [2023-11-13T08:06:32.926+0000] {dagbag.py:536} INFO - Filling up the DagBag from /home/airflow/.local/lib/python3.8/site-packages/airflow/example_dags/example_task_group.py
[2023-11-13T08:06:32.931+0000] {processor.py:839} INFO - DAG(s) dict_keys(['example_task_group']) retrieved from /home/airflow/.local/lib/python3.8/site-packages/airflow/example_dags/example_task_group.py
[2023-11-13T08:06:33.042+0000] {logging_mixin.py:154} INFO - [2023-11-13T08:06:33.041+0000] {dag.py:2941} INFO - Sync 1 DAGs
[2023-11-13T08:06:33.054+0000] {logging_mixin.py:154} INFO - [2023-11-13T08:06:33.054+0000] {dag.py:3722} INFO - Setting next_dagrun for example_task_group to 2023-11-12T08:06:33.054497+00:00, run_after=2023-11-13T08:06:33.054497+00:00
[2023-11-13T08:06:33.094+0000] {processor.py:179} INFO - Processing /home/airflow/.local/lib/python3.8/site-packages/airflow/example_dags/example_task_group.py took 0.172 seconds
[2023-11-13T08:07:03.285+0000] {processor.py:157} INFO - Started process (PID=1307) to work on /home/airflow/.local/lib/python3.8/site-packages/airflow/example_dags/example_task_group.py
[2023-11-13T08:07:03.286+0000] {processor.py:829} INFO - Processing file /home/airflow/.local/lib/python3.8/site-packages/airflow/example_dags/example_task_group.py for tasks to queue
[2023-11-13T08:07:03.288+0000] {logging_mixin.py:154} INFO - [2023-11-13T08:07:03.287+0000] {dagbag.py:536} INFO - Filling up the DagBag from /home/airflow/.local/lib/python3.8/site-packages/airflow/example_dags/example_task_group.py
[2023-11-13T08:07:03.293+0000] {processor.py:839} INFO - DAG(s) dict_keys(['example_task_group']) retrieved from /home/airflow/.local/lib/python3.8/site-packages/airflow/example_dags/example_task_group.py
[2023-11-13T08:07:03.308+0000] {logging_mixin.py:154} INFO - [2023-11-13T08:07:03.308+0000] {dag.py:2941} INFO - Sync 1 DAGs
[2023-11-13T08:07:03.324+0000] {logging_mixin.py:154} INFO - [2023-11-13T08:07:03.324+0000] {dag.py:3722} INFO - Setting next_dagrun for example_task_group to 2023-11-12T08:07:03.324568+00:00, run_after=2023-11-13T08:07:03.324568+00:00
[2023-11-13T08:07:03.456+0000] {processor.py:179} INFO - Processing /home/airflow/.local/lib/python3.8/site-packages/airflow/example_dags/example_task_group.py took 0.173 seconds
[2023-11-13T08:07:33.767+0000] {processor.py:157} INFO - Started process (PID=1361) to work on /home/airflow/.local/lib/python3.8/site-packages/airflow/example_dags/example_task_group.py
[2023-11-13T08:07:33.768+0000] {processor.py:829} INFO - Processing file /home/airflow/.local/lib/python3.8/site-packages/airflow/example_dags/example_task_group.py for tasks to queue
[2023-11-13T08:07:33.769+0000] {logging_mixin.py:154} INFO - [2023-11-13T08:07:33.769+0000] {dagbag.py:536} INFO - Filling up the DagBag from /home/airflow/.local/lib/python3.8/site-packages/airflow/example_dags/example_task_group.py
[2023-11-13T08:07:33.774+0000] {processor.py:839} INFO - DAG(s) dict_keys(['example_task_group']) retrieved from /home/airflow/.local/lib/python3.8/site-packages/airflow/example_dags/example_task_group.py
[2023-11-13T08:07:33.790+0000] {logging_mixin.py:154} INFO - [2023-11-13T08:07:33.790+0000] {dag.py:2941} INFO - Sync 1 DAGs
[2023-11-13T08:07:33.805+0000] {logging_mixin.py:154} INFO - [2023-11-13T08:07:33.804+0000] {dag.py:3722} INFO - Setting next_dagrun for example_task_group to 2023-11-12T08:07:33.804766+00:00, run_after=2023-11-13T08:07:33.804766+00:00
[2023-11-13T08:07:33.841+0000] {processor.py:179} INFO - Processing /home/airflow/.local/lib/python3.8/site-packages/airflow/example_dags/example_task_group.py took 0.076 seconds
[2023-11-13T08:08:04.397+0000] {processor.py:157} INFO - Started process (PID=1415) to work on /home/airflow/.local/lib/python3.8/site-packages/airflow/example_dags/example_task_group.py
[2023-11-13T08:08:04.410+0000] {processor.py:829} INFO - Processing file /home/airflow/.local/lib/python3.8/site-packages/airflow/example_dags/example_task_group.py for tasks to queue
[2023-11-13T08:08:04.411+0000] {logging_mixin.py:154} INFO - [2023-11-13T08:08:04.411+0000] {dagbag.py:536} INFO - Filling up the DagBag from /home/airflow/.local/lib/python3.8/site-packages/airflow/example_dags/example_task_group.py
[2023-11-13T08:08:04.416+0000] {processor.py:839} INFO - DAG(s) dict_keys(['example_task_group']) retrieved from /home/airflow/.local/lib/python3.8/site-packages/airflow/example_dags/example_task_group.py
[2023-11-13T08:08:04.525+0000] {logging_mixin.py:154} INFO - [2023-11-13T08:08:04.525+0000] {dag.py:2941} INFO - Sync 1 DAGs
[2023-11-13T08:08:04.537+0000] {logging_mixin.py:154} INFO - [2023-11-13T08:08:04.537+0000] {dag.py:3722} INFO - Setting next_dagrun for example_task_group to 2023-11-12T08:08:04.537552+00:00, run_after=2023-11-13T08:08:04.537552+00:00
[2023-11-13T08:08:04.561+0000] {processor.py:179} INFO - Processing /home/airflow/.local/lib/python3.8/site-packages/airflow/example_dags/example_task_group.py took 0.166 seconds
[2023-11-13T08:08:34.737+0000] {processor.py:157} INFO - Started process (PID=1469) to work on /home/airflow/.local/lib/python3.8/site-packages/airflow/example_dags/example_task_group.py
[2023-11-13T08:08:34.738+0000] {processor.py:829} INFO - Processing file /home/airflow/.local/lib/python3.8/site-packages/airflow/example_dags/example_task_group.py for tasks to queue
[2023-11-13T08:08:34.739+0000] {logging_mixin.py:154} INFO - [2023-11-13T08:08:34.739+0000] {dagbag.py:536} INFO - Filling up the DagBag from /home/airflow/.local/lib/python3.8/site-packages/airflow/example_dags/example_task_group.py
[2023-11-13T08:08:34.744+0000] {processor.py:839} INFO - DAG(s) dict_keys(['example_task_group']) retrieved from /home/airflow/.local/lib/python3.8/site-packages/airflow/example_dags/example_task_group.py
[2023-11-13T08:08:34.763+0000] {logging_mixin.py:154} INFO - [2023-11-13T08:08:34.763+0000] {dag.py:2941} INFO - Sync 1 DAGs
[2023-11-13T08:08:34.781+0000] {logging_mixin.py:154} INFO - [2023-11-13T08:08:34.781+0000] {dag.py:3722} INFO - Setting next_dagrun for example_task_group to 2023-11-12T08:08:34.781294+00:00, run_after=2023-11-13T08:08:34.781294+00:00
[2023-11-13T08:08:34.926+0000] {processor.py:179} INFO - Processing /home/airflow/.local/lib/python3.8/site-packages/airflow/example_dags/example_task_group.py took 0.191 seconds
[2023-11-13T08:09:05.512+0000] {processor.py:157} INFO - Started process (PID=1523) to work on /home/airflow/.local/lib/python3.8/site-packages/airflow/example_dags/example_task_group.py
[2023-11-13T08:09:05.518+0000] {processor.py:829} INFO - Processing file /home/airflow/.local/lib/python3.8/site-packages/airflow/example_dags/example_task_group.py for tasks to queue
[2023-11-13T08:09:05.520+0000] {logging_mixin.py:154} INFO - [2023-11-13T08:09:05.520+0000] {dagbag.py:536} INFO - Filling up the DagBag from /home/airflow/.local/lib/python3.8/site-packages/airflow/example_dags/example_task_group.py
[2023-11-13T08:09:05.630+0000] {processor.py:839} INFO - DAG(s) dict_keys(['example_task_group']) retrieved from /home/airflow/.local/lib/python3.8/site-packages/airflow/example_dags/example_task_group.py
[2023-11-13T08:09:05.644+0000] {logging_mixin.py:154} INFO - [2023-11-13T08:09:05.644+0000] {dag.py:2941} INFO - Sync 1 DAGs
[2023-11-13T08:09:05.661+0000] {logging_mixin.py:154} INFO - [2023-11-13T08:09:05.661+0000] {dag.py:3722} INFO - Setting next_dagrun for example_task_group to 2023-11-12T08:09:05.660893+00:00, run_after=2023-11-13T08:09:05.660893+00:00
[2023-11-13T08:09:05.698+0000] {processor.py:179} INFO - Processing /home/airflow/.local/lib/python3.8/site-packages/airflow/example_dags/example_task_group.py took 0.189 seconds
[2023-11-13T08:09:36.169+0000] {processor.py:157} INFO - Started process (PID=1577) to work on /home/airflow/.local/lib/python3.8/site-packages/airflow/example_dags/example_task_group.py
[2023-11-13T08:09:36.184+0000] {processor.py:829} INFO - Processing file /home/airflow/.local/lib/python3.8/site-packages/airflow/example_dags/example_task_group.py for tasks to queue
[2023-11-13T08:09:36.186+0000] {logging_mixin.py:154} INFO - [2023-11-13T08:09:36.185+0000] {dagbag.py:536} INFO - Filling up the DagBag from /home/airflow/.local/lib/python3.8/site-packages/airflow/example_dags/example_task_group.py
[2023-11-13T08:09:36.190+0000] {processor.py:839} INFO - DAG(s) dict_keys(['example_task_group']) retrieved from /home/airflow/.local/lib/python3.8/site-packages/airflow/example_dags/example_task_group.py
[2023-11-13T08:09:36.206+0000] {logging_mixin.py:154} INFO - [2023-11-13T08:09:36.206+0000] {dag.py:2941} INFO - Sync 1 DAGs
[2023-11-13T08:09:36.320+0000] {logging_mixin.py:154} INFO - [2023-11-13T08:09:36.320+0000] {dag.py:3722} INFO - Setting next_dagrun for example_task_group to 2023-11-12T08:09:36.320229+00:00, run_after=2023-11-13T08:09:36.320229+00:00
[2023-11-13T08:09:36.350+0000] {processor.py:179} INFO - Processing /home/airflow/.local/lib/python3.8/site-packages/airflow/example_dags/example_task_group.py took 0.183 seconds
[2023-11-13T08:10:06.826+0000] {processor.py:157} INFO - Started process (PID=1631) to work on /home/airflow/.local/lib/python3.8/site-packages/airflow/example_dags/example_task_group.py
[2023-11-13T08:10:06.827+0000] {processor.py:829} INFO - Processing file /home/airflow/.local/lib/python3.8/site-packages/airflow/example_dags/example_task_group.py for tasks to queue
[2023-11-13T08:10:06.829+0000] {logging_mixin.py:154} INFO - [2023-11-13T08:10:06.829+0000] {dagbag.py:536} INFO - Filling up the DagBag from /home/airflow/.local/lib/python3.8/site-packages/airflow/example_dags/example_task_group.py
[2023-11-13T08:10:06.834+0000] {processor.py:839} INFO - DAG(s) dict_keys(['example_task_group']) retrieved from /home/airflow/.local/lib/python3.8/site-packages/airflow/example_dags/example_task_group.py
[2023-11-13T08:10:06.849+0000] {logging_mixin.py:154} INFO - [2023-11-13T08:10:06.849+0000] {dag.py:2941} INFO - Sync 1 DAGs
[2023-11-13T08:10:06.864+0000] {logging_mixin.py:154} INFO - [2023-11-13T08:10:06.864+0000] {dag.py:3722} INFO - Setting next_dagrun for example_task_group to 2023-11-12T08:10:06.864488+00:00, run_after=2023-11-13T08:10:06.864488+00:00
[2023-11-13T08:10:06.890+0000] {processor.py:179} INFO - Processing /home/airflow/.local/lib/python3.8/site-packages/airflow/example_dags/example_task_group.py took 0.066 seconds
[2023-11-13T08:10:37.334+0000] {processor.py:157} INFO - Started process (PID=1685) to work on /home/airflow/.local/lib/python3.8/site-packages/airflow/example_dags/example_task_group.py
[2023-11-13T08:10:37.563+0000] {processor.py:829} INFO - Processing file /home/airflow/.local/lib/python3.8/site-packages/airflow/example_dags/example_task_group.py for tasks to queue
[2023-11-13T08:10:37.572+0000] {logging_mixin.py:154} INFO - [2023-11-13T08:10:37.571+0000] {dagbag.py:536} INFO - Filling up the DagBag from /home/airflow/.local/lib/python3.8/site-packages/airflow/example_dags/example_task_group.py
[2023-11-13T08:10:37.593+0000] {processor.py:839} INFO - DAG(s) dict_keys(['example_task_group']) retrieved from /home/airflow/.local/lib/python3.8/site-packages/airflow/example_dags/example_task_group.py
[2023-11-13T08:10:37.610+0000] {logging_mixin.py:154} INFO - [2023-11-13T08:10:37.610+0000] {dag.py:2941} INFO - Sync 1 DAGs
[2023-11-13T08:10:37.624+0000] {logging_mixin.py:154} INFO - [2023-11-13T08:10:37.624+0000] {dag.py:3722} INFO - Setting next_dagrun for example_task_group to 2023-11-12T08:10:37.624110+00:00, run_after=2023-11-13T08:10:37.624110+00:00
[2023-11-13T08:10:38.273+0000] {processor.py:179} INFO - Processing /home/airflow/.local/lib/python3.8/site-packages/airflow/example_dags/example_task_group.py took 0.942 seconds
[2023-11-13T08:11:10.222+0000] {processor.py:157} INFO - Started process (PID=1739) to work on /home/airflow/.local/lib/python3.8/site-packages/airflow/example_dags/example_task_group.py
[2023-11-13T08:11:10.223+0000] {processor.py:829} INFO - Processing file /home/airflow/.local/lib/python3.8/site-packages/airflow/example_dags/example_task_group.py for tasks to queue
[2023-11-13T08:11:10.225+0000] {logging_mixin.py:154} INFO - [2023-11-13T08:11:10.225+0000] {dagbag.py:536} INFO - Filling up the DagBag from /home/airflow/.local/lib/python3.8/site-packages/airflow/example_dags/example_task_group.py
[2023-11-13T08:11:10.230+0000] {processor.py:839} INFO - DAG(s) dict_keys(['example_task_group']) retrieved from /home/airflow/.local/lib/python3.8/site-packages/airflow/example_dags/example_task_group.py
[2023-11-13T08:11:10.251+0000] {logging_mixin.py:154} INFO - [2023-11-13T08:11:10.251+0000] {dag.py:2941} INFO - Sync 1 DAGs
[2023-11-13T08:11:10.275+0000] {logging_mixin.py:154} INFO - [2023-11-13T08:11:10.275+0000] {dag.py:3722} INFO - Setting next_dagrun for example_task_group to 2023-11-12T08:11:10.275071+00:00, run_after=2023-11-13T08:11:10.275071+00:00
[2023-11-13T08:11:10.311+0000] {processor.py:179} INFO - Processing /home/airflow/.local/lib/python3.8/site-packages/airflow/example_dags/example_task_group.py took 0.092 seconds
[2023-11-13T08:11:40.379+0000] {processor.py:157} INFO - Started process (PID=1793) to work on /home/airflow/.local/lib/python3.8/site-packages/airflow/example_dags/example_task_group.py
[2023-11-13T08:11:40.379+0000] {processor.py:829} INFO - Processing file /home/airflow/.local/lib/python3.8/site-packages/airflow/example_dags/example_task_group.py for tasks to queue
[2023-11-13T08:11:40.381+0000] {logging_mixin.py:154} INFO - [2023-11-13T08:11:40.381+0000] {dagbag.py:536} INFO - Filling up the DagBag from /home/airflow/.local/lib/python3.8/site-packages/airflow/example_dags/example_task_group.py
[2023-11-13T08:11:40.385+0000] {processor.py:839} INFO - DAG(s) dict_keys(['example_task_group']) retrieved from /home/airflow/.local/lib/python3.8/site-packages/airflow/example_dags/example_task_group.py
[2023-11-13T08:11:40.401+0000] {logging_mixin.py:154} INFO - [2023-11-13T08:11:40.400+0000] {dag.py:2941} INFO - Sync 1 DAGs
[2023-11-13T08:11:40.415+0000] {logging_mixin.py:154} INFO - [2023-11-13T08:11:40.415+0000] {dag.py:3722} INFO - Setting next_dagrun for example_task_group to 2023-11-12T08:11:40.415543+00:00, run_after=2023-11-13T08:11:40.415543+00:00
[2023-11-13T08:11:40.457+0000] {processor.py:179} INFO - Processing /home/airflow/.local/lib/python3.8/site-packages/airflow/example_dags/example_task_group.py took 0.080 seconds
[2023-11-13T08:12:12.247+0000] {processor.py:157} INFO - Started process (PID=1847) to work on /home/airflow/.local/lib/python3.8/site-packages/airflow/example_dags/example_task_group.py
[2023-11-13T08:12:12.248+0000] {processor.py:829} INFO - Processing file /home/airflow/.local/lib/python3.8/site-packages/airflow/example_dags/example_task_group.py for tasks to queue
[2023-11-13T08:12:12.250+0000] {logging_mixin.py:154} INFO - [2023-11-13T08:12:12.250+0000] {dagbag.py:536} INFO - Filling up the DagBag from /home/airflow/.local/lib/python3.8/site-packages/airflow/example_dags/example_task_group.py
[2023-11-13T08:12:12.255+0000] {processor.py:839} INFO - DAG(s) dict_keys(['example_task_group']) retrieved from /home/airflow/.local/lib/python3.8/site-packages/airflow/example_dags/example_task_group.py
[2023-11-13T08:12:12.271+0000] {logging_mixin.py:154} INFO - [2023-11-13T08:12:12.270+0000] {dag.py:2941} INFO - Sync 1 DAGs
[2023-11-13T08:12:12.286+0000] {logging_mixin.py:154} INFO - [2023-11-13T08:12:12.286+0000] {dag.py:3722} INFO - Setting next_dagrun for example_task_group to 2023-11-12T08:12:12.286063+00:00, run_after=2023-11-13T08:12:12.286063+00:00
[2023-11-13T08:12:12.310+0000] {processor.py:179} INFO - Processing /home/airflow/.local/lib/python3.8/site-packages/airflow/example_dags/example_task_group.py took 0.065 seconds
[2023-11-13T08:12:44.314+0000] {processor.py:157} INFO - Started process (PID=1901) to work on /home/airflow/.local/lib/python3.8/site-packages/airflow/example_dags/example_task_group.py
[2023-11-13T08:12:44.315+0000] {processor.py:829} INFO - Processing file /home/airflow/.local/lib/python3.8/site-packages/airflow/example_dags/example_task_group.py for tasks to queue
[2023-11-13T08:12:44.316+0000] {logging_mixin.py:154} INFO - [2023-11-13T08:12:44.316+0000] {dagbag.py:536} INFO - Filling up the DagBag from /home/airflow/.local/lib/python3.8/site-packages/airflow/example_dags/example_task_group.py
[2023-11-13T08:12:44.321+0000] {processor.py:839} INFO - DAG(s) dict_keys(['example_task_group']) retrieved from /home/airflow/.local/lib/python3.8/site-packages/airflow/example_dags/example_task_group.py
[2023-11-13T08:12:44.337+0000] {logging_mixin.py:154} INFO - [2023-11-13T08:12:44.337+0000] {dag.py:2941} INFO - Sync 1 DAGs
[2023-11-13T08:12:44.352+0000] {logging_mixin.py:154} INFO - [2023-11-13T08:12:44.352+0000] {dag.py:3722} INFO - Setting next_dagrun for example_task_group to 2023-11-12T08:12:44.351958+00:00, run_after=2023-11-13T08:12:44.351958+00:00
[2023-11-13T08:12:44.386+0000] {processor.py:179} INFO - Processing /home/airflow/.local/lib/python3.8/site-packages/airflow/example_dags/example_task_group.py took 0.074 seconds
[2023-11-13T08:13:16.793+0000] {processor.py:157} INFO - Started process (PID=1955) to work on /home/airflow/.local/lib/python3.8/site-packages/airflow/example_dags/example_task_group.py
[2023-11-13T08:13:16.794+0000] {processor.py:829} INFO - Processing file /home/airflow/.local/lib/python3.8/site-packages/airflow/example_dags/example_task_group.py for tasks to queue
[2023-11-13T08:13:16.796+0000] {logging_mixin.py:154} INFO - [2023-11-13T08:13:16.795+0000] {dagbag.py:536} INFO - Filling up the DagBag from /home/airflow/.local/lib/python3.8/site-packages/airflow/example_dags/example_task_group.py
[2023-11-13T08:13:16.800+0000] {processor.py:839} INFO - DAG(s) dict_keys(['example_task_group']) retrieved from /home/airflow/.local/lib/python3.8/site-packages/airflow/example_dags/example_task_group.py
[2023-11-13T08:13:16.816+0000] {logging_mixin.py:154} INFO - [2023-11-13T08:13:16.815+0000] {dag.py:2941} INFO - Sync 1 DAGs
[2023-11-13T08:13:16.830+0000] {logging_mixin.py:154} INFO - [2023-11-13T08:13:16.830+0000] {dag.py:3722} INFO - Setting next_dagrun for example_task_group to 2023-11-12T08:13:16.830674+00:00, run_after=2023-11-13T08:13:16.830674+00:00
[2023-11-13T08:13:16.862+0000] {processor.py:179} INFO - Processing /home/airflow/.local/lib/python3.8/site-packages/airflow/example_dags/example_task_group.py took 0.071 seconds
[2023-11-13T08:13:47.297+0000] {processor.py:157} INFO - Started process (PID=2009) to work on /home/airflow/.local/lib/python3.8/site-packages/airflow/example_dags/example_task_group.py
[2023-11-13T08:13:47.297+0000] {processor.py:829} INFO - Processing file /home/airflow/.local/lib/python3.8/site-packages/airflow/example_dags/example_task_group.py for tasks to queue
[2023-11-13T08:13:47.299+0000] {logging_mixin.py:154} INFO - [2023-11-13T08:13:47.299+0000] {dagbag.py:536} INFO - Filling up the DagBag from /home/airflow/.local/lib/python3.8/site-packages/airflow/example_dags/example_task_group.py
[2023-11-13T08:13:47.304+0000] {processor.py:839} INFO - DAG(s) dict_keys(['example_task_group']) retrieved from /home/airflow/.local/lib/python3.8/site-packages/airflow/example_dags/example_task_group.py
[2023-11-13T08:13:47.319+0000] {logging_mixin.py:154} INFO - [2023-11-13T08:13:47.319+0000] {dag.py:2941} INFO - Sync 1 DAGs
[2023-11-13T08:13:47.335+0000] {logging_mixin.py:154} INFO - [2023-11-13T08:13:47.335+0000] {dag.py:3722} INFO - Setting next_dagrun for example_task_group to 2023-11-12T08:13:47.335088+00:00, run_after=2023-11-13T08:13:47.335088+00:00
[2023-11-13T08:13:47.370+0000] {processor.py:179} INFO - Processing /home/airflow/.local/lib/python3.8/site-packages/airflow/example_dags/example_task_group.py took 0.075 seconds
[2023-11-13T08:14:18.081+0000] {processor.py:157} INFO - Started process (PID=2063) to work on /home/airflow/.local/lib/python3.8/site-packages/airflow/example_dags/example_task_group.py
[2023-11-13T08:14:18.094+0000] {processor.py:829} INFO - Processing file /home/airflow/.local/lib/python3.8/site-packages/airflow/example_dags/example_task_group.py for tasks to queue
[2023-11-13T08:14:18.096+0000] {logging_mixin.py:154} INFO - [2023-11-13T08:14:18.096+0000] {dagbag.py:536} INFO - Filling up the DagBag from /home/airflow/.local/lib/python3.8/site-packages/airflow/example_dags/example_task_group.py
[2023-11-13T08:14:18.101+0000] {processor.py:839} INFO - DAG(s) dict_keys(['example_task_group']) retrieved from /home/airflow/.local/lib/python3.8/site-packages/airflow/example_dags/example_task_group.py
[2023-11-13T08:14:18.116+0000] {logging_mixin.py:154} INFO - [2023-11-13T08:14:18.116+0000] {dag.py:2941} INFO - Sync 1 DAGs
[2023-11-13T08:14:18.131+0000] {logging_mixin.py:154} INFO - [2023-11-13T08:14:18.131+0000] {dag.py:3722} INFO - Setting next_dagrun for example_task_group to 2023-11-12T08:14:18.131318+00:00, run_after=2023-11-13T08:14:18.131318+00:00
[2023-11-13T08:14:18.166+0000] {processor.py:179} INFO - Processing /home/airflow/.local/lib/python3.8/site-packages/airflow/example_dags/example_task_group.py took 0.087 seconds
[2023-11-13T08:14:51.221+0000] {processor.py:157} INFO - Started process (PID=2117) to work on /home/airflow/.local/lib/python3.8/site-packages/airflow/example_dags/example_task_group.py
[2023-11-13T08:14:51.239+0000] {processor.py:829} INFO - Processing file /home/airflow/.local/lib/python3.8/site-packages/airflow/example_dags/example_task_group.py for tasks to queue
[2023-11-13T08:14:51.241+0000] {logging_mixin.py:154} INFO - [2023-11-13T08:14:51.241+0000] {dagbag.py:536} INFO - Filling up the DagBag from /home/airflow/.local/lib/python3.8/site-packages/airflow/example_dags/example_task_group.py
[2023-11-13T08:14:51.246+0000] {processor.py:839} INFO - DAG(s) dict_keys(['example_task_group']) retrieved from /home/airflow/.local/lib/python3.8/site-packages/airflow/example_dags/example_task_group.py
[2023-11-13T08:14:51.261+0000] {logging_mixin.py:154} INFO - [2023-11-13T08:14:51.261+0000] {dag.py:2941} INFO - Sync 1 DAGs
[2023-11-13T08:14:51.277+0000] {logging_mixin.py:154} INFO - [2023-11-13T08:14:51.277+0000] {dag.py:3722} INFO - Setting next_dagrun for example_task_group to 2023-11-12T08:14:51.277055+00:00, run_after=2023-11-13T08:14:51.277055+00:00
[2023-11-13T08:14:51.305+0000] {processor.py:179} INFO - Processing /home/airflow/.local/lib/python3.8/site-packages/airflow/example_dags/example_task_group.py took 0.086 seconds
[2023-11-13T08:15:22.010+0000] {processor.py:157} INFO - Started process (PID=2171) to work on /home/airflow/.local/lib/python3.8/site-packages/airflow/example_dags/example_task_group.py
[2023-11-13T08:15:22.025+0000] {processor.py:829} INFO - Processing file /home/airflow/.local/lib/python3.8/site-packages/airflow/example_dags/example_task_group.py for tasks to queue
[2023-11-13T08:15:22.027+0000] {logging_mixin.py:154} INFO - [2023-11-13T08:15:22.027+0000] {dagbag.py:536} INFO - Filling up the DagBag from /home/airflow/.local/lib/python3.8/site-packages/airflow/example_dags/example_task_group.py
[2023-11-13T08:15:22.032+0000] {processor.py:839} INFO - DAG(s) dict_keys(['example_task_group']) retrieved from /home/airflow/.local/lib/python3.8/site-packages/airflow/example_dags/example_task_group.py
[2023-11-13T08:15:22.048+0000] {logging_mixin.py:154} INFO - [2023-11-13T08:15:22.048+0000] {dag.py:2941} INFO - Sync 1 DAGs
[2023-11-13T08:15:22.065+0000] {logging_mixin.py:154} INFO - [2023-11-13T08:15:22.064+0000] {dag.py:3722} INFO - Setting next_dagrun for example_task_group to 2023-11-12T08:15:22.064631+00:00, run_after=2023-11-13T08:15:22.064631+00:00
[2023-11-13T08:15:22.122+0000] {processor.py:179} INFO - Processing /home/airflow/.local/lib/python3.8/site-packages/airflow/example_dags/example_task_group.py took 0.115 seconds
[2023-11-13T08:15:52.260+0000] {processor.py:157} INFO - Started process (PID=2225) to work on /home/airflow/.local/lib/python3.8/site-packages/airflow/example_dags/example_task_group.py
[2023-11-13T08:15:52.261+0000] {processor.py:829} INFO - Processing file /home/airflow/.local/lib/python3.8/site-packages/airflow/example_dags/example_task_group.py for tasks to queue
[2023-11-13T08:15:52.263+0000] {logging_mixin.py:154} INFO - [2023-11-13T08:15:52.263+0000] {dagbag.py:536} INFO - Filling up the DagBag from /home/airflow/.local/lib/python3.8/site-packages/airflow/example_dags/example_task_group.py
[2023-11-13T08:15:52.269+0000] {processor.py:839} INFO - DAG(s) dict_keys(['example_task_group']) retrieved from /home/airflow/.local/lib/python3.8/site-packages/airflow/example_dags/example_task_group.py
[2023-11-13T08:15:52.285+0000] {logging_mixin.py:154} INFO - [2023-11-13T08:15:52.285+0000] {dag.py:2941} INFO - Sync 1 DAGs
[2023-11-13T08:15:52.302+0000] {logging_mixin.py:154} INFO - [2023-11-13T08:15:52.302+0000] {dag.py:3722} INFO - Setting next_dagrun for example_task_group to 2023-11-12T08:15:52.301971+00:00, run_after=2023-11-13T08:15:52.301971+00:00
[2023-11-13T08:15:52.360+0000] {processor.py:179} INFO - Processing /home/airflow/.local/lib/python3.8/site-packages/airflow/example_dags/example_task_group.py took 0.104 seconds
[2023-11-13T08:16:23.276+0000] {processor.py:157} INFO - Started process (PID=2279) to work on /home/airflow/.local/lib/python3.8/site-packages/airflow/example_dags/example_task_group.py
[2023-11-13T08:16:23.281+0000] {processor.py:829} INFO - Processing file /home/airflow/.local/lib/python3.8/site-packages/airflow/example_dags/example_task_group.py for tasks to queue
[2023-11-13T08:16:23.283+0000] {logging_mixin.py:154} INFO - [2023-11-13T08:16:23.283+0000] {dagbag.py:536} INFO - Filling up the DagBag from /home/airflow/.local/lib/python3.8/site-packages/airflow/example_dags/example_task_group.py
[2023-11-13T08:16:23.288+0000] {processor.py:839} INFO - DAG(s) dict_keys(['example_task_group']) retrieved from /home/airflow/.local/lib/python3.8/site-packages/airflow/example_dags/example_task_group.py
[2023-11-13T08:16:23.304+0000] {logging_mixin.py:154} INFO - [2023-11-13T08:16:23.303+0000] {dag.py:2941} INFO - Sync 1 DAGs
[2023-11-13T08:16:23.319+0000] {logging_mixin.py:154} INFO - [2023-11-13T08:16:23.319+0000] {dag.py:3722} INFO - Setting next_dagrun for example_task_group to 2023-11-12T08:16:23.319474+00:00, run_after=2023-11-13T08:16:23.319474+00:00
[2023-11-13T08:16:23.374+0000] {processor.py:179} INFO - Processing /home/airflow/.local/lib/python3.8/site-packages/airflow/example_dags/example_task_group.py took 0.101 seconds
[2023-11-13T08:16:53.541+0000] {processor.py:157} INFO - Started process (PID=2333) to work on /home/airflow/.local/lib/python3.8/site-packages/airflow/example_dags/example_task_group.py
[2023-11-13T08:16:53.542+0000] {processor.py:829} INFO - Processing file /home/airflow/.local/lib/python3.8/site-packages/airflow/example_dags/example_task_group.py for tasks to queue
[2023-11-13T08:16:53.544+0000] {logging_mixin.py:154} INFO - [2023-11-13T08:16:53.543+0000] {dagbag.py:536} INFO - Filling up the DagBag from /home/airflow/.local/lib/python3.8/site-packages/airflow/example_dags/example_task_group.py
[2023-11-13T08:16:53.548+0000] {processor.py:839} INFO - DAG(s) dict_keys(['example_task_group']) retrieved from /home/airflow/.local/lib/python3.8/site-packages/airflow/example_dags/example_task_group.py
[2023-11-13T08:16:53.564+0000] {logging_mixin.py:154} INFO - [2023-11-13T08:16:53.564+0000] {dag.py:2941} INFO - Sync 1 DAGs
[2023-11-13T08:16:53.579+0000] {logging_mixin.py:154} INFO - [2023-11-13T08:16:53.579+0000] {dag.py:3722} INFO - Setting next_dagrun for example_task_group to 2023-11-12T08:16:53.579080+00:00, run_after=2023-11-13T08:16:53.579080+00:00
[2023-11-13T08:16:53.613+0000] {processor.py:179} INFO - Processing /home/airflow/.local/lib/python3.8/site-packages/airflow/example_dags/example_task_group.py took 0.074 seconds
[2023-11-13T08:17:27.615+0000] {processor.py:157} INFO - Started process (PID=2387) to work on /home/airflow/.local/lib/python3.8/site-packages/airflow/example_dags/example_task_group.py
[2023-11-13T08:17:27.628+0000] {processor.py:829} INFO - Processing file /home/airflow/.local/lib/python3.8/site-packages/airflow/example_dags/example_task_group.py for tasks to queue
[2023-11-13T08:17:27.630+0000] {logging_mixin.py:154} INFO - [2023-11-13T08:17:27.630+0000] {dagbag.py:536} INFO - Filling up the DagBag from /home/airflow/.local/lib/python3.8/site-packages/airflow/example_dags/example_task_group.py
[2023-11-13T08:17:27.635+0000] {processor.py:839} INFO - DAG(s) dict_keys(['example_task_group']) retrieved from /home/airflow/.local/lib/python3.8/site-packages/airflow/example_dags/example_task_group.py
[2023-11-13T08:17:27.650+0000] {logging_mixin.py:154} INFO - [2023-11-13T08:17:27.650+0000] {dag.py:2941} INFO - Sync 1 DAGs
[2023-11-13T08:17:27.665+0000] {logging_mixin.py:154} INFO - [2023-11-13T08:17:27.665+0000] {dag.py:3722} INFO - Setting next_dagrun for example_task_group to 2023-11-12T08:17:27.665043+00:00, run_after=2023-11-13T08:17:27.665043+00:00
[2023-11-13T08:17:27.703+0000] {processor.py:179} INFO - Processing /home/airflow/.local/lib/python3.8/site-packages/airflow/example_dags/example_task_group.py took 0.091 seconds
[2023-11-13T08:17:58.431+0000] {processor.py:157} INFO - Started process (PID=2441) to work on /home/airflow/.local/lib/python3.8/site-packages/airflow/example_dags/example_task_group.py
[2023-11-13T08:17:58.431+0000] {processor.py:829} INFO - Processing file /home/airflow/.local/lib/python3.8/site-packages/airflow/example_dags/example_task_group.py for tasks to queue
[2023-11-13T08:17:58.433+0000] {logging_mixin.py:154} INFO - [2023-11-13T08:17:58.433+0000] {dagbag.py:536} INFO - Filling up the DagBag from /home/airflow/.local/lib/python3.8/site-packages/airflow/example_dags/example_task_group.py
[2023-11-13T08:17:58.438+0000] {processor.py:839} INFO - DAG(s) dict_keys(['example_task_group']) retrieved from /home/airflow/.local/lib/python3.8/site-packages/airflow/example_dags/example_task_group.py
[2023-11-13T08:17:58.453+0000] {logging_mixin.py:154} INFO - [2023-11-13T08:17:58.453+0000] {dag.py:2941} INFO - Sync 1 DAGs
[2023-11-13T08:17:58.468+0000] {logging_mixin.py:154} INFO - [2023-11-13T08:17:58.468+0000] {dag.py:3722} INFO - Setting next_dagrun for example_task_group to 2023-11-12T08:17:58.468555+00:00, run_after=2023-11-13T08:17:58.468555+00:00
[2023-11-13T08:17:58.493+0000] {processor.py:179} INFO - Processing /home/airflow/.local/lib/python3.8/site-packages/airflow/example_dags/example_task_group.py took 0.065 seconds
[2023-11-13T08:18:29.582+0000] {processor.py:157} INFO - Started process (PID=2495) to work on /home/airflow/.local/lib/python3.8/site-packages/airflow/example_dags/example_task_group.py
[2023-11-13T08:18:29.591+0000] {processor.py:829} INFO - Processing file /home/airflow/.local/lib/python3.8/site-packages/airflow/example_dags/example_task_group.py for tasks to queue
[2023-11-13T08:18:29.593+0000] {logging_mixin.py:154} INFO - [2023-11-13T08:18:29.593+0000] {dagbag.py:536} INFO - Filling up the DagBag from /home/airflow/.local/lib/python3.8/site-packages/airflow/example_dags/example_task_group.py
[2023-11-13T08:18:29.598+0000] {processor.py:839} INFO - DAG(s) dict_keys(['example_task_group']) retrieved from /home/airflow/.local/lib/python3.8/site-packages/airflow/example_dags/example_task_group.py
[2023-11-13T08:18:29.617+0000] {logging_mixin.py:154} INFO - [2023-11-13T08:18:29.617+0000] {dag.py:2941} INFO - Sync 1 DAGs
[2023-11-13T08:18:29.632+0000] {logging_mixin.py:154} INFO - [2023-11-13T08:18:29.632+0000] {dag.py:3722} INFO - Setting next_dagrun for example_task_group to 2023-11-12T08:18:29.632641+00:00, run_after=2023-11-13T08:18:29.632641+00:00
[2023-11-13T08:18:29.678+0000] {processor.py:179} INFO - Processing /home/airflow/.local/lib/python3.8/site-packages/airflow/example_dags/example_task_group.py took 0.098 seconds
[2023-11-13T08:19:02.134+0000] {processor.py:157} INFO - Started process (PID=2549) to work on /home/airflow/.local/lib/python3.8/site-packages/airflow/example_dags/example_task_group.py
[2023-11-13T08:19:02.135+0000] {processor.py:829} INFO - Processing file /home/airflow/.local/lib/python3.8/site-packages/airflow/example_dags/example_task_group.py for tasks to queue
[2023-11-13T08:19:02.138+0000] {logging_mixin.py:154} INFO - [2023-11-13T08:19:02.138+0000] {dagbag.py:536} INFO - Filling up the DagBag from /home/airflow/.local/lib/python3.8/site-packages/airflow/example_dags/example_task_group.py
[2023-11-13T08:19:02.144+0000] {processor.py:839} INFO - DAG(s) dict_keys(['example_task_group']) retrieved from /home/airflow/.local/lib/python3.8/site-packages/airflow/example_dags/example_task_group.py
[2023-11-13T08:19:02.166+0000] {logging_mixin.py:154} INFO - [2023-11-13T08:19:02.166+0000] {dag.py:2941} INFO - Sync 1 DAGs
[2023-11-13T08:19:02.183+0000] {logging_mixin.py:154} INFO - [2023-11-13T08:19:02.183+0000] {dag.py:3722} INFO - Setting next_dagrun for example_task_group to 2023-11-12T08:19:02.183522+00:00, run_after=2023-11-13T08:19:02.183522+00:00
[2023-11-13T08:19:02.208+0000] {processor.py:179} INFO - Processing /home/airflow/.local/lib/python3.8/site-packages/airflow/example_dags/example_task_group.py took 0.077 seconds
[2023-11-13T08:19:35.975+0000] {processor.py:157} INFO - Started process (PID=2603) to work on /home/airflow/.local/lib/python3.8/site-packages/airflow/example_dags/example_task_group.py
[2023-11-13T08:19:35.984+0000] {processor.py:829} INFO - Processing file /home/airflow/.local/lib/python3.8/site-packages/airflow/example_dags/example_task_group.py for tasks to queue
[2023-11-13T08:19:35.986+0000] {logging_mixin.py:154} INFO - [2023-11-13T08:19:35.986+0000] {dagbag.py:536} INFO - Filling up the DagBag from /home/airflow/.local/lib/python3.8/site-packages/airflow/example_dags/example_task_group.py
[2023-11-13T08:19:35.993+0000] {processor.py:839} INFO - DAG(s) dict_keys(['example_task_group']) retrieved from /home/airflow/.local/lib/python3.8/site-packages/airflow/example_dags/example_task_group.py
[2023-11-13T08:19:36.012+0000] {logging_mixin.py:154} INFO - [2023-11-13T08:19:36.012+0000] {dag.py:2941} INFO - Sync 1 DAGs
[2023-11-13T08:19:36.027+0000] {logging_mixin.py:154} INFO - [2023-11-13T08:19:36.027+0000] {dag.py:3722} INFO - Setting next_dagrun for example_task_group to 2023-11-12T08:19:36.027033+00:00, run_after=2023-11-13T08:19:36.027033+00:00
[2023-11-13T08:19:36.064+0000] {processor.py:179} INFO - Processing /home/airflow/.local/lib/python3.8/site-packages/airflow/example_dags/example_task_group.py took 0.092 seconds
[2023-11-13T08:20:10.455+0000] {processor.py:157} INFO - Started process (PID=2657) to work on /home/airflow/.local/lib/python3.8/site-packages/airflow/example_dags/example_task_group.py
[2023-11-13T08:20:10.456+0000] {processor.py:829} INFO - Processing file /home/airflow/.local/lib/python3.8/site-packages/airflow/example_dags/example_task_group.py for tasks to queue
[2023-11-13T08:20:10.458+0000] {logging_mixin.py:154} INFO - [2023-11-13T08:20:10.458+0000] {dagbag.py:536} INFO - Filling up the DagBag from /home/airflow/.local/lib/python3.8/site-packages/airflow/example_dags/example_task_group.py
[2023-11-13T08:20:10.463+0000] {processor.py:839} INFO - DAG(s) dict_keys(['example_task_group']) retrieved from /home/airflow/.local/lib/python3.8/site-packages/airflow/example_dags/example_task_group.py
[2023-11-13T08:20:10.479+0000] {logging_mixin.py:154} INFO - [2023-11-13T08:20:10.479+0000] {dag.py:2941} INFO - Sync 1 DAGs
[2023-11-13T08:20:10.495+0000] {logging_mixin.py:154} INFO - [2023-11-13T08:20:10.494+0000] {dag.py:3722} INFO - Setting next_dagrun for example_task_group to 2023-11-12T08:20:10.494729+00:00, run_after=2023-11-13T08:20:10.494729+00:00
[2023-11-13T08:20:10.520+0000] {processor.py:179} INFO - Processing /home/airflow/.local/lib/python3.8/site-packages/airflow/example_dags/example_task_group.py took 0.067 seconds
[2023-11-13T08:20:40.999+0000] {processor.py:157} INFO - Started process (PID=2711) to work on /home/airflow/.local/lib/python3.8/site-packages/airflow/example_dags/example_task_group.py
[2023-11-13T08:20:40.999+0000] {processor.py:829} INFO - Processing file /home/airflow/.local/lib/python3.8/site-packages/airflow/example_dags/example_task_group.py for tasks to queue
[2023-11-13T08:20:41.001+0000] {logging_mixin.py:154} INFO - [2023-11-13T08:20:41.001+0000] {dagbag.py:536} INFO - Filling up the DagBag from /home/airflow/.local/lib/python3.8/site-packages/airflow/example_dags/example_task_group.py
[2023-11-13T08:20:41.006+0000] {processor.py:839} INFO - DAG(s) dict_keys(['example_task_group']) retrieved from /home/airflow/.local/lib/python3.8/site-packages/airflow/example_dags/example_task_group.py
[2023-11-13T08:20:41.021+0000] {logging_mixin.py:154} INFO - [2023-11-13T08:20:41.021+0000] {dag.py:2941} INFO - Sync 1 DAGs
[2023-11-13T08:20:41.036+0000] {logging_mixin.py:154} INFO - [2023-11-13T08:20:41.036+0000] {dag.py:3722} INFO - Setting next_dagrun for example_task_group to 2023-11-12T08:20:41.036158+00:00, run_after=2023-11-13T08:20:41.036158+00:00
[2023-11-13T08:20:41.078+0000] {processor.py:179} INFO - Processing /home/airflow/.local/lib/python3.8/site-packages/airflow/example_dags/example_task_group.py took 0.082 seconds
[2023-11-13T08:21:12.262+0000] {processor.py:157} INFO - Started process (PID=2765) to work on /home/airflow/.local/lib/python3.8/site-packages/airflow/example_dags/example_task_group.py
[2023-11-13T08:21:12.267+0000] {processor.py:829} INFO - Processing file /home/airflow/.local/lib/python3.8/site-packages/airflow/example_dags/example_task_group.py for tasks to queue
[2023-11-13T08:21:12.269+0000] {logging_mixin.py:154} INFO - [2023-11-13T08:21:12.269+0000] {dagbag.py:536} INFO - Filling up the DagBag from /home/airflow/.local/lib/python3.8/site-packages/airflow/example_dags/example_task_group.py
[2023-11-13T08:21:12.274+0000] {processor.py:839} INFO - DAG(s) dict_keys(['example_task_group']) retrieved from /home/airflow/.local/lib/python3.8/site-packages/airflow/example_dags/example_task_group.py
[2023-11-13T08:21:12.293+0000] {logging_mixin.py:154} INFO - [2023-11-13T08:21:12.292+0000] {dag.py:2941} INFO - Sync 1 DAGs
[2023-11-13T08:21:12.308+0000] {logging_mixin.py:154} INFO - [2023-11-13T08:21:12.308+0000] {dag.py:3722} INFO - Setting next_dagrun for example_task_group to 2023-11-12T08:21:12.308078+00:00, run_after=2023-11-13T08:21:12.308078+00:00
[2023-11-13T08:21:12.352+0000] {processor.py:179} INFO - Processing /home/airflow/.local/lib/python3.8/site-packages/airflow/example_dags/example_task_group.py took 0.092 seconds
[2023-11-13T08:21:43.603+0000] {processor.py:157} INFO - Started process (PID=2819) to work on /home/airflow/.local/lib/python3.8/site-packages/airflow/example_dags/example_task_group.py
[2023-11-13T08:21:43.648+0000] {processor.py:829} INFO - Processing file /home/airflow/.local/lib/python3.8/site-packages/airflow/example_dags/example_task_group.py for tasks to queue
[2023-11-13T08:21:43.653+0000] {logging_mixin.py:154} INFO - [2023-11-13T08:21:43.653+0000] {dagbag.py:536} INFO - Filling up the DagBag from /home/airflow/.local/lib/python3.8/site-packages/airflow/example_dags/example_task_group.py
[2023-11-13T08:21:43.658+0000] {processor.py:839} INFO - DAG(s) dict_keys(['example_task_group']) retrieved from /home/airflow/.local/lib/python3.8/site-packages/airflow/example_dags/example_task_group.py
[2023-11-13T08:21:43.675+0000] {logging_mixin.py:154} INFO - [2023-11-13T08:21:43.674+0000] {dag.py:2941} INFO - Sync 1 DAGs
[2023-11-13T08:21:43.691+0000] {logging_mixin.py:154} INFO - [2023-11-13T08:21:43.691+0000] {dag.py:3722} INFO - Setting next_dagrun for example_task_group to 2023-11-12T08:21:43.691148+00:00, run_after=2023-11-13T08:21:43.691148+00:00
[2023-11-13T08:21:43.723+0000] {processor.py:179} INFO - Processing /home/airflow/.local/lib/python3.8/site-packages/airflow/example_dags/example_task_group.py took 0.122 seconds
[2023-11-13T08:22:15.131+0000] {processor.py:157} INFO - Started process (PID=2873) to work on /home/airflow/.local/lib/python3.8/site-packages/airflow/example_dags/example_task_group.py
[2023-11-13T08:22:15.139+0000] {processor.py:829} INFO - Processing file /home/airflow/.local/lib/python3.8/site-packages/airflow/example_dags/example_task_group.py for tasks to queue
[2023-11-13T08:22:15.141+0000] {logging_mixin.py:154} INFO - [2023-11-13T08:22:15.141+0000] {dagbag.py:536} INFO - Filling up the DagBag from /home/airflow/.local/lib/python3.8/site-packages/airflow/example_dags/example_task_group.py
[2023-11-13T08:22:15.146+0000] {processor.py:839} INFO - DAG(s) dict_keys(['example_task_group']) retrieved from /home/airflow/.local/lib/python3.8/site-packages/airflow/example_dags/example_task_group.py
[2023-11-13T08:22:15.162+0000] {logging_mixin.py:154} INFO - [2023-11-13T08:22:15.162+0000] {dag.py:2941} INFO - Sync 1 DAGs
[2023-11-13T08:22:15.177+0000] {logging_mixin.py:154} INFO - [2023-11-13T08:22:15.177+0000] {dag.py:3722} INFO - Setting next_dagrun for example_task_group to 2023-11-12T08:22:15.177197+00:00, run_after=2023-11-13T08:22:15.177197+00:00
[2023-11-13T08:22:15.205+0000] {processor.py:179} INFO - Processing /home/airflow/.local/lib/python3.8/site-packages/airflow/example_dags/example_task_group.py took 0.077 seconds
[2023-11-13T08:22:46.816+0000] {processor.py:157} INFO - Started process (PID=2927) to work on /home/airflow/.local/lib/python3.8/site-packages/airflow/example_dags/example_task_group.py
[2023-11-13T08:22:46.818+0000] {processor.py:829} INFO - Processing file /home/airflow/.local/lib/python3.8/site-packages/airflow/example_dags/example_task_group.py for tasks to queue
[2023-11-13T08:22:46.820+0000] {logging_mixin.py:154} INFO - [2023-11-13T08:22:46.820+0000] {dagbag.py:536} INFO - Filling up the DagBag from /home/airflow/.local/lib/python3.8/site-packages/airflow/example_dags/example_task_group.py
[2023-11-13T08:22:46.825+0000] {processor.py:839} INFO - DAG(s) dict_keys(['example_task_group']) retrieved from /home/airflow/.local/lib/python3.8/site-packages/airflow/example_dags/example_task_group.py
[2023-11-13T08:22:46.840+0000] {logging_mixin.py:154} INFO - [2023-11-13T08:22:46.840+0000] {dag.py:2941} INFO - Sync 1 DAGs
[2023-11-13T08:22:46.855+0000] {logging_mixin.py:154} INFO - [2023-11-13T08:22:46.855+0000] {dag.py:3722} INFO - Setting next_dagrun for example_task_group to 2023-11-12T08:22:46.855619+00:00, run_after=2023-11-13T08:22:46.855619+00:00
[2023-11-13T08:22:46.881+0000] {processor.py:179} INFO - Processing /home/airflow/.local/lib/python3.8/site-packages/airflow/example_dags/example_task_group.py took 0.067 seconds
[2023-11-13T08:23:17.421+0000] {processor.py:157} INFO - Started process (PID=2981) to work on /home/airflow/.local/lib/python3.8/site-packages/airflow/example_dags/example_task_group.py
[2023-11-13T08:23:17.421+0000] {processor.py:829} INFO - Processing file /home/airflow/.local/lib/python3.8/site-packages/airflow/example_dags/example_task_group.py for tasks to queue
[2023-11-13T08:23:17.423+0000] {logging_mixin.py:154} INFO - [2023-11-13T08:23:17.423+0000] {dagbag.py:536} INFO - Filling up the DagBag from /home/airflow/.local/lib/python3.8/site-packages/airflow/example_dags/example_task_group.py
[2023-11-13T08:23:17.430+0000] {processor.py:839} INFO - DAG(s) dict_keys(['example_task_group']) retrieved from /home/airflow/.local/lib/python3.8/site-packages/airflow/example_dags/example_task_group.py
[2023-11-13T08:23:17.449+0000] {logging_mixin.py:154} INFO - [2023-11-13T08:23:17.449+0000] {dag.py:2941} INFO - Sync 1 DAGs
[2023-11-13T08:23:17.467+0000] {logging_mixin.py:154} INFO - [2023-11-13T08:23:17.466+0000] {dag.py:3722} INFO - Setting next_dagrun for example_task_group to 2023-11-12T08:23:17.466784+00:00, run_after=2023-11-13T08:23:17.466784+00:00
[2023-11-13T08:23:17.510+0000] {processor.py:179} INFO - Processing /home/airflow/.local/lib/python3.8/site-packages/airflow/example_dags/example_task_group.py took 0.093 seconds
[2023-11-13T08:23:49.232+0000] {processor.py:157} INFO - Started process (PID=3035) to work on /home/airflow/.local/lib/python3.8/site-packages/airflow/example_dags/example_task_group.py
[2023-11-13T08:23:49.271+0000] {processor.py:829} INFO - Processing file /home/airflow/.local/lib/python3.8/site-packages/airflow/example_dags/example_task_group.py for tasks to queue
[2023-11-13T08:23:49.276+0000] {logging_mixin.py:154} INFO - [2023-11-13T08:23:49.275+0000] {dagbag.py:536} INFO - Filling up the DagBag from /home/airflow/.local/lib/python3.8/site-packages/airflow/example_dags/example_task_group.py
[2023-11-13T08:23:49.287+0000] {processor.py:839} INFO - DAG(s) dict_keys(['example_task_group']) retrieved from /home/airflow/.local/lib/python3.8/site-packages/airflow/example_dags/example_task_group.py
[2023-11-13T08:23:49.313+0000] {logging_mixin.py:154} INFO - [2023-11-13T08:23:49.313+0000] {dag.py:2941} INFO - Sync 1 DAGs
[2023-11-13T08:23:49.328+0000] {logging_mixin.py:154} INFO - [2023-11-13T08:23:49.327+0000] {dag.py:3722} INFO - Setting next_dagrun for example_task_group to 2023-11-12T08:23:49.327732+00:00, run_after=2023-11-13T08:23:49.327732+00:00
[2023-11-13T08:23:49.970+0000] {processor.py:179} INFO - Processing /home/airflow/.local/lib/python3.8/site-packages/airflow/example_dags/example_task_group.py took 0.742 seconds
[2023-11-13T08:24:20.981+0000] {processor.py:157} INFO - Started process (PID=3089) to work on /home/airflow/.local/lib/python3.8/site-packages/airflow/example_dags/example_task_group.py
[2023-11-13T08:24:20.982+0000] {processor.py:829} INFO - Processing file /home/airflow/.local/lib/python3.8/site-packages/airflow/example_dags/example_task_group.py for tasks to queue
[2023-11-13T08:24:20.983+0000] {logging_mixin.py:154} INFO - [2023-11-13T08:24:20.983+0000] {dagbag.py:536} INFO - Filling up the DagBag from /home/airflow/.local/lib/python3.8/site-packages/airflow/example_dags/example_task_group.py
[2023-11-13T08:24:20.988+0000] {processor.py:839} INFO - DAG(s) dict_keys(['example_task_group']) retrieved from /home/airflow/.local/lib/python3.8/site-packages/airflow/example_dags/example_task_group.py
[2023-11-13T08:24:21.003+0000] {logging_mixin.py:154} INFO - [2023-11-13T08:24:21.003+0000] {dag.py:2941} INFO - Sync 1 DAGs
[2023-11-13T08:24:21.018+0000] {logging_mixin.py:154} INFO - [2023-11-13T08:24:21.018+0000] {dag.py:3722} INFO - Setting next_dagrun for example_task_group to 2023-11-12T08:24:21.017915+00:00, run_after=2023-11-13T08:24:21.017915+00:00
[2023-11-13T08:24:21.269+0000] {processor.py:179} INFO - Processing /home/airflow/.local/lib/python3.8/site-packages/airflow/example_dags/example_task_group.py took 0.291 seconds
[2023-11-13T08:24:52.254+0000] {processor.py:157} INFO - Started process (PID=3143) to work on /home/airflow/.local/lib/python3.8/site-packages/airflow/example_dags/example_task_group.py
[2023-11-13T08:24:53.178+0000] {processor.py:829} INFO - Processing file /home/airflow/.local/lib/python3.8/site-packages/airflow/example_dags/example_task_group.py for tasks to queue
[2023-11-13T08:24:53.179+0000] {logging_mixin.py:154} INFO - [2023-11-13T08:24:53.179+0000] {dagbag.py:536} INFO - Filling up the DagBag from /home/airflow/.local/lib/python3.8/site-packages/airflow/example_dags/example_task_group.py
[2023-11-13T08:24:53.185+0000] {processor.py:839} INFO - DAG(s) dict_keys(['example_task_group']) retrieved from /home/airflow/.local/lib/python3.8/site-packages/airflow/example_dags/example_task_group.py
[2023-11-13T08:24:53.201+0000] {logging_mixin.py:154} INFO - [2023-11-13T08:24:53.201+0000] {dag.py:2941} INFO - Sync 1 DAGs
[2023-11-13T08:24:53.217+0000] {logging_mixin.py:154} INFO - [2023-11-13T08:24:53.216+0000] {dag.py:3722} INFO - Setting next_dagrun for example_task_group to 2023-11-12T08:24:53.216746+00:00, run_after=2023-11-13T08:24:53.216746+00:00
[2023-11-13T08:24:53.264+0000] {processor.py:179} INFO - Processing /home/airflow/.local/lib/python3.8/site-packages/airflow/example_dags/example_task_group.py took 1.014 seconds
[2023-11-13T08:25:23.764+0000] {processor.py:157} INFO - Started process (PID=3197) to work on /home/airflow/.local/lib/python3.8/site-packages/airflow/example_dags/example_task_group.py
[2023-11-13T08:25:23.764+0000] {processor.py:829} INFO - Processing file /home/airflow/.local/lib/python3.8/site-packages/airflow/example_dags/example_task_group.py for tasks to queue
[2023-11-13T08:25:23.767+0000] {logging_mixin.py:154} INFO - [2023-11-13T08:25:23.767+0000] {dagbag.py:536} INFO - Filling up the DagBag from /home/airflow/.local/lib/python3.8/site-packages/airflow/example_dags/example_task_group.py
[2023-11-13T08:25:23.773+0000] {processor.py:839} INFO - DAG(s) dict_keys(['example_task_group']) retrieved from /home/airflow/.local/lib/python3.8/site-packages/airflow/example_dags/example_task_group.py
[2023-11-13T08:25:23.793+0000] {logging_mixin.py:154} INFO - [2023-11-13T08:25:23.793+0000] {dag.py:2941} INFO - Sync 1 DAGs
[2023-11-13T08:25:23.810+0000] {logging_mixin.py:154} INFO - [2023-11-13T08:25:23.810+0000] {dag.py:3722} INFO - Setting next_dagrun for example_task_group to 2023-11-12T08:25:23.810476+00:00, run_after=2023-11-13T08:25:23.810476+00:00
[2023-11-13T08:25:24.266+0000] {processor.py:179} INFO - Processing /home/airflow/.local/lib/python3.8/site-packages/airflow/example_dags/example_task_group.py took 0.505 seconds
[2023-11-13T08:25:54.713+0000] {processor.py:157} INFO - Started process (PID=3251) to work on /home/airflow/.local/lib/python3.8/site-packages/airflow/example_dags/example_task_group.py
[2023-11-13T08:25:54.755+0000] {processor.py:829} INFO - Processing file /home/airflow/.local/lib/python3.8/site-packages/airflow/example_dags/example_task_group.py for tasks to queue
[2023-11-13T08:25:54.757+0000] {logging_mixin.py:154} INFO - [2023-11-13T08:25:54.757+0000] {dagbag.py:536} INFO - Filling up the DagBag from /home/airflow/.local/lib/python3.8/site-packages/airflow/example_dags/example_task_group.py
[2023-11-13T08:25:54.762+0000] {processor.py:839} INFO - DAG(s) dict_keys(['example_task_group']) retrieved from /home/airflow/.local/lib/python3.8/site-packages/airflow/example_dags/example_task_group.py
[2023-11-13T08:25:54.778+0000] {logging_mixin.py:154} INFO - [2023-11-13T08:25:54.777+0000] {dag.py:2941} INFO - Sync 1 DAGs
[2023-11-13T08:25:54.793+0000] {logging_mixin.py:154} INFO - [2023-11-13T08:25:54.793+0000] {dag.py:3722} INFO - Setting next_dagrun for example_task_group to 2023-11-12T08:25:54.793259+00:00, run_after=2023-11-13T08:25:54.793259+00:00
[2023-11-13T08:25:54.861+0000] {processor.py:179} INFO - Processing /home/airflow/.local/lib/python3.8/site-packages/airflow/example_dags/example_task_group.py took 0.150 seconds
[2023-11-13T08:26:25.029+0000] {processor.py:157} INFO - Started process (PID=3305) to work on /home/airflow/.local/lib/python3.8/site-packages/airflow/example_dags/example_task_group.py
[2023-11-13T08:26:25.043+0000] {processor.py:829} INFO - Processing file /home/airflow/.local/lib/python3.8/site-packages/airflow/example_dags/example_task_group.py for tasks to queue
[2023-11-13T08:26:25.045+0000] {logging_mixin.py:154} INFO - [2023-11-13T08:26:25.045+0000] {dagbag.py:536} INFO - Filling up the DagBag from /home/airflow/.local/lib/python3.8/site-packages/airflow/example_dags/example_task_group.py
[2023-11-13T08:26:25.050+0000] {processor.py:839} INFO - DAG(s) dict_keys(['example_task_group']) retrieved from /home/airflow/.local/lib/python3.8/site-packages/airflow/example_dags/example_task_group.py
[2023-11-13T08:26:25.067+0000] {logging_mixin.py:154} INFO - [2023-11-13T08:26:25.067+0000] {dag.py:2941} INFO - Sync 1 DAGs
[2023-11-13T08:26:25.088+0000] {logging_mixin.py:154} INFO - [2023-11-13T08:26:25.088+0000] {dag.py:3722} INFO - Setting next_dagrun for example_task_group to 2023-11-12T08:26:25.088392+00:00, run_after=2023-11-13T08:26:25.088392+00:00
[2023-11-13T08:26:25.121+0000] {processor.py:179} INFO - Processing /home/airflow/.local/lib/python3.8/site-packages/airflow/example_dags/example_task_group.py took 0.094 seconds
[2023-11-13T08:26:55.383+0000] {processor.py:157} INFO - Started process (PID=3359) to work on /home/airflow/.local/lib/python3.8/site-packages/airflow/example_dags/example_task_group.py
[2023-11-13T08:26:55.384+0000] {processor.py:829} INFO - Processing file /home/airflow/.local/lib/python3.8/site-packages/airflow/example_dags/example_task_group.py for tasks to queue
[2023-11-13T08:26:55.386+0000] {logging_mixin.py:154} INFO - [2023-11-13T08:26:55.386+0000] {dagbag.py:536} INFO - Filling up the DagBag from /home/airflow/.local/lib/python3.8/site-packages/airflow/example_dags/example_task_group.py
[2023-11-13T08:26:55.391+0000] {processor.py:839} INFO - DAG(s) dict_keys(['example_task_group']) retrieved from /home/airflow/.local/lib/python3.8/site-packages/airflow/example_dags/example_task_group.py
[2023-11-13T08:26:55.407+0000] {logging_mixin.py:154} INFO - [2023-11-13T08:26:55.407+0000] {dag.py:2941} INFO - Sync 1 DAGs
[2023-11-13T08:26:55.422+0000] {logging_mixin.py:154} INFO - [2023-11-13T08:26:55.422+0000] {dag.py:3722} INFO - Setting next_dagrun for example_task_group to 2023-11-12T08:26:55.422362+00:00, run_after=2023-11-13T08:26:55.422362+00:00
[2023-11-13T08:26:55.470+0000] {processor.py:179} INFO - Processing /home/airflow/.local/lib/python3.8/site-packages/airflow/example_dags/example_task_group.py took 0.089 seconds
[2023-11-13T08:27:28.793+0000] {processor.py:157} INFO - Started process (PID=3413) to work on /home/airflow/.local/lib/python3.8/site-packages/airflow/example_dags/example_task_group.py
[2023-11-13T08:27:28.805+0000] {processor.py:829} INFO - Processing file /home/airflow/.local/lib/python3.8/site-packages/airflow/example_dags/example_task_group.py for tasks to queue
[2023-11-13T08:27:28.807+0000] {logging_mixin.py:154} INFO - [2023-11-13T08:27:28.806+0000] {dagbag.py:536} INFO - Filling up the DagBag from /home/airflow/.local/lib/python3.8/site-packages/airflow/example_dags/example_task_group.py
[2023-11-13T08:27:28.813+0000] {processor.py:839} INFO - DAG(s) dict_keys(['example_task_group']) retrieved from /home/airflow/.local/lib/python3.8/site-packages/airflow/example_dags/example_task_group.py
[2023-11-13T08:27:28.829+0000] {logging_mixin.py:154} INFO - [2023-11-13T08:27:28.829+0000] {dag.py:2941} INFO - Sync 1 DAGs
[2023-11-13T08:27:28.845+0000] {logging_mixin.py:154} INFO - [2023-11-13T08:27:28.845+0000] {dag.py:3722} INFO - Setting next_dagrun for example_task_group to 2023-11-12T08:27:28.845231+00:00, run_after=2023-11-13T08:27:28.845231+00:00
[2023-11-13T08:27:28.885+0000] {processor.py:179} INFO - Processing /home/airflow/.local/lib/python3.8/site-packages/airflow/example_dags/example_task_group.py took 0.095 seconds
[2023-11-13T08:27:59.433+0000] {processor.py:157} INFO - Started process (PID=3467) to work on /home/airflow/.local/lib/python3.8/site-packages/airflow/example_dags/example_task_group.py
[2023-11-13T08:27:59.434+0000] {processor.py:829} INFO - Processing file /home/airflow/.local/lib/python3.8/site-packages/airflow/example_dags/example_task_group.py for tasks to queue
[2023-11-13T08:27:59.435+0000] {logging_mixin.py:154} INFO - [2023-11-13T08:27:59.435+0000] {dagbag.py:536} INFO - Filling up the DagBag from /home/airflow/.local/lib/python3.8/site-packages/airflow/example_dags/example_task_group.py
[2023-11-13T08:27:59.440+0000] {processor.py:839} INFO - DAG(s) dict_keys(['example_task_group']) retrieved from /home/airflow/.local/lib/python3.8/site-packages/airflow/example_dags/example_task_group.py
[2023-11-13T08:27:59.456+0000] {logging_mixin.py:154} INFO - [2023-11-13T08:27:59.456+0000] {dag.py:2941} INFO - Sync 1 DAGs
[2023-11-13T08:27:59.471+0000] {logging_mixin.py:154} INFO - [2023-11-13T08:27:59.470+0000] {dag.py:3722} INFO - Setting next_dagrun for example_task_group to 2023-11-12T08:27:59.470752+00:00, run_after=2023-11-13T08:27:59.470752+00:00
[2023-11-13T08:27:59.505+0000] {processor.py:179} INFO - Processing /home/airflow/.local/lib/python3.8/site-packages/airflow/example_dags/example_task_group.py took 0.075 seconds
[2023-11-13T08:28:29.726+0000] {processor.py:157} INFO - Started process (PID=3521) to work on /home/airflow/.local/lib/python3.8/site-packages/airflow/example_dags/example_task_group.py
[2023-11-13T08:28:29.727+0000] {processor.py:829} INFO - Processing file /home/airflow/.local/lib/python3.8/site-packages/airflow/example_dags/example_task_group.py for tasks to queue
[2023-11-13T08:28:29.728+0000] {logging_mixin.py:154} INFO - [2023-11-13T08:28:29.728+0000] {dagbag.py:536} INFO - Filling up the DagBag from /home/airflow/.local/lib/python3.8/site-packages/airflow/example_dags/example_task_group.py
[2023-11-13T08:28:29.734+0000] {processor.py:839} INFO - DAG(s) dict_keys(['example_task_group']) retrieved from /home/airflow/.local/lib/python3.8/site-packages/airflow/example_dags/example_task_group.py
[2023-11-13T08:28:29.749+0000] {logging_mixin.py:154} INFO - [2023-11-13T08:28:29.749+0000] {dag.py:2941} INFO - Sync 1 DAGs
[2023-11-13T08:28:29.765+0000] {logging_mixin.py:154} INFO - [2023-11-13T08:28:29.765+0000] {dag.py:3722} INFO - Setting next_dagrun for example_task_group to 2023-11-12T08:28:29.765421+00:00, run_after=2023-11-13T08:28:29.765421+00:00
[2023-11-13T08:28:29.798+0000] {processor.py:179} INFO - Processing /home/airflow/.local/lib/python3.8/site-packages/airflow/example_dags/example_task_group.py took 0.075 seconds
[2023-11-13T08:44:53.946+0000] {processor.py:157} INFO - Started process (PID=58) to work on /home/airflow/.local/lib/python3.8/site-packages/airflow/example_dags/example_task_group.py
[2023-11-13T08:44:53.947+0000] {processor.py:829} INFO - Processing file /home/airflow/.local/lib/python3.8/site-packages/airflow/example_dags/example_task_group.py for tasks to queue
[2023-11-13T08:44:53.948+0000] {logging_mixin.py:154} INFO - [2023-11-13T08:44:53.948+0000] {dagbag.py:536} INFO - Filling up the DagBag from /home/airflow/.local/lib/python3.8/site-packages/airflow/example_dags/example_task_group.py
[2023-11-13T08:44:53.955+0000] {processor.py:839} INFO - DAG(s) dict_keys(['example_task_group']) retrieved from /home/airflow/.local/lib/python3.8/site-packages/airflow/example_dags/example_task_group.py
[2023-11-13T08:44:55.108+0000] {logging_mixin.py:154} INFO - [2023-11-13T08:44:55.107+0000] {manager.py:499} INFO - Created Permission View: %s
[2023-11-13T08:44:55.906+0000] {logging_mixin.py:154} INFO - [2023-11-13T08:44:55.905+0000] {manager.py:499} INFO - Created Permission View: %s
[2023-11-13T08:44:56.431+0000] {logging_mixin.py:154} INFO - [2023-11-13T08:44:56.431+0000] {manager.py:499} INFO - Created Permission View: %s
[2023-11-13T08:44:56.431+0000] {logging_mixin.py:154} INFO - [2023-11-13T08:44:56.431+0000] {dag.py:2941} INFO - Sync 1 DAGs
[2023-11-13T08:44:56.441+0000] {logging_mixin.py:154} INFO - [2023-11-13T08:44:56.440+0000] {dag.py:2963} INFO - Creating ORM DAG for example_task_group
[2023-11-13T08:44:56.451+0000] {logging_mixin.py:154} INFO - [2023-11-13T08:44:56.451+0000] {dag.py:3722} INFO - Setting next_dagrun for example_task_group to 2023-11-12T08:44:56.451086+00:00, run_after=2023-11-13T08:44:56.451086+00:00
[2023-11-13T08:44:56.952+0000] {processor.py:179} INFO - Processing /home/airflow/.local/lib/python3.8/site-packages/airflow/example_dags/example_task_group.py took 3.009 seconds
[2023-11-13T08:45:32.663+0000] {processor.py:157} INFO - Started process (PID=57) to work on /home/airflow/.local/lib/python3.8/site-packages/airflow/example_dags/example_task_group.py
[2023-11-13T08:45:32.692+0000] {processor.py:829} INFO - Processing file /home/airflow/.local/lib/python3.8/site-packages/airflow/example_dags/example_task_group.py for tasks to queue
[2023-11-13T08:45:32.694+0000] {logging_mixin.py:154} INFO - [2023-11-13T08:45:32.693+0000] {dagbag.py:536} INFO - Filling up the DagBag from /home/airflow/.local/lib/python3.8/site-packages/airflow/example_dags/example_task_group.py
[2023-11-13T08:45:32.700+0000] {processor.py:839} INFO - DAG(s) dict_keys(['example_task_group']) retrieved from /home/airflow/.local/lib/python3.8/site-packages/airflow/example_dags/example_task_group.py
[2023-11-13T08:45:32.720+0000] {logging_mixin.py:154} INFO - [2023-11-13T08:45:32.720+0000] {dag.py:2941} INFO - Sync 1 DAGs
[2023-11-13T08:45:32.737+0000] {logging_mixin.py:154} INFO - [2023-11-13T08:45:32.737+0000] {dag.py:3722} INFO - Setting next_dagrun for example_task_group to 2023-11-12T08:45:32.737172+00:00, run_after=2023-11-13T08:45:32.737172+00:00
[2023-11-13T08:45:32.778+0000] {processor.py:179} INFO - Processing /home/airflow/.local/lib/python3.8/site-packages/airflow/example_dags/example_task_group.py took 0.118 seconds
[2023-11-13T08:46:06.024+0000] {processor.py:157} INFO - Started process (PID=111) to work on /home/airflow/.local/lib/python3.8/site-packages/airflow/example_dags/example_task_group.py
[2023-11-13T08:46:06.276+0000] {processor.py:829} INFO - Processing file /home/airflow/.local/lib/python3.8/site-packages/airflow/example_dags/example_task_group.py for tasks to queue
[2023-11-13T08:46:06.283+0000] {logging_mixin.py:154} INFO - [2023-11-13T08:46:06.282+0000] {dagbag.py:536} INFO - Filling up the DagBag from /home/airflow/.local/lib/python3.8/site-packages/airflow/example_dags/example_task_group.py
[2023-11-13T08:46:06.299+0000] {processor.py:839} INFO - DAG(s) dict_keys(['example_task_group']) retrieved from /home/airflow/.local/lib/python3.8/site-packages/airflow/example_dags/example_task_group.py
[2023-11-13T08:46:06.316+0000] {logging_mixin.py:154} INFO - [2023-11-13T08:46:06.316+0000] {dag.py:2941} INFO - Sync 1 DAGs
[2023-11-13T08:46:06.331+0000] {logging_mixin.py:154} INFO - [2023-11-13T08:46:06.331+0000] {dag.py:3722} INFO - Setting next_dagrun for example_task_group to 2023-11-12T08:46:06.331152+00:00, run_after=2023-11-13T08:46:06.331152+00:00
[2023-11-13T08:46:06.964+0000] {processor.py:179} INFO - Processing /home/airflow/.local/lib/python3.8/site-packages/airflow/example_dags/example_task_group.py took 0.943 seconds
[2023-11-13T08:46:37.578+0000] {processor.py:157} INFO - Started process (PID=165) to work on /home/airflow/.local/lib/python3.8/site-packages/airflow/example_dags/example_task_group.py
[2023-11-13T08:46:37.601+0000] {processor.py:829} INFO - Processing file /home/airflow/.local/lib/python3.8/site-packages/airflow/example_dags/example_task_group.py for tasks to queue
[2023-11-13T08:46:37.603+0000] {logging_mixin.py:154} INFO - [2023-11-13T08:46:37.603+0000] {dagbag.py:536} INFO - Filling up the DagBag from /home/airflow/.local/lib/python3.8/site-packages/airflow/example_dags/example_task_group.py
[2023-11-13T08:46:37.608+0000] {processor.py:839} INFO - DAG(s) dict_keys(['example_task_group']) retrieved from /home/airflow/.local/lib/python3.8/site-packages/airflow/example_dags/example_task_group.py
[2023-11-13T08:46:37.625+0000] {logging_mixin.py:154} INFO - [2023-11-13T08:46:37.625+0000] {dag.py:2941} INFO - Sync 1 DAGs
[2023-11-13T08:46:37.643+0000] {logging_mixin.py:154} INFO - [2023-11-13T08:46:37.643+0000] {dag.py:3722} INFO - Setting next_dagrun for example_task_group to 2023-11-12T08:46:37.643402+00:00, run_after=2023-11-13T08:46:37.643402+00:00
[2023-11-13T08:46:37.682+0000] {processor.py:179} INFO - Processing /home/airflow/.local/lib/python3.8/site-packages/airflow/example_dags/example_task_group.py took 0.107 seconds
[2023-11-13T08:47:08.302+0000] {processor.py:157} INFO - Started process (PID=219) to work on /home/airflow/.local/lib/python3.8/site-packages/airflow/example_dags/example_task_group.py
[2023-11-13T08:47:08.348+0000] {processor.py:829} INFO - Processing file /home/airflow/.local/lib/python3.8/site-packages/airflow/example_dags/example_task_group.py for tasks to queue
[2023-11-13T08:47:08.350+0000] {logging_mixin.py:154} INFO - [2023-11-13T08:47:08.350+0000] {dagbag.py:536} INFO - Filling up the DagBag from /home/airflow/.local/lib/python3.8/site-packages/airflow/example_dags/example_task_group.py
[2023-11-13T08:47:08.355+0000] {processor.py:839} INFO - DAG(s) dict_keys(['example_task_group']) retrieved from /home/airflow/.local/lib/python3.8/site-packages/airflow/example_dags/example_task_group.py
[2023-11-13T08:47:08.374+0000] {logging_mixin.py:154} INFO - [2023-11-13T08:47:08.374+0000] {dag.py:2941} INFO - Sync 1 DAGs
[2023-11-13T08:47:08.390+0000] {logging_mixin.py:154} INFO - [2023-11-13T08:47:08.390+0000] {dag.py:3722} INFO - Setting next_dagrun for example_task_group to 2023-11-12T08:47:08.390667+00:00, run_after=2023-11-13T08:47:08.390667+00:00
[2023-11-13T08:47:08.470+0000] {processor.py:179} INFO - Processing /home/airflow/.local/lib/python3.8/site-packages/airflow/example_dags/example_task_group.py took 0.170 seconds
[2023-11-13T08:47:38.524+0000] {processor.py:157} INFO - Started process (PID=273) to work on /home/airflow/.local/lib/python3.8/site-packages/airflow/example_dags/example_task_group.py
[2023-11-13T08:47:38.525+0000] {processor.py:829} INFO - Processing file /home/airflow/.local/lib/python3.8/site-packages/airflow/example_dags/example_task_group.py for tasks to queue
[2023-11-13T08:47:38.527+0000] {logging_mixin.py:154} INFO - [2023-11-13T08:47:38.526+0000] {dagbag.py:536} INFO - Filling up the DagBag from /home/airflow/.local/lib/python3.8/site-packages/airflow/example_dags/example_task_group.py
[2023-11-13T08:47:38.532+0000] {processor.py:839} INFO - DAG(s) dict_keys(['example_task_group']) retrieved from /home/airflow/.local/lib/python3.8/site-packages/airflow/example_dags/example_task_group.py
[2023-11-13T08:47:38.548+0000] {logging_mixin.py:154} INFO - [2023-11-13T08:47:38.548+0000] {dag.py:2941} INFO - Sync 1 DAGs
[2023-11-13T08:47:38.564+0000] {logging_mixin.py:154} INFO - [2023-11-13T08:47:38.564+0000] {dag.py:3722} INFO - Setting next_dagrun for example_task_group to 2023-11-12T08:47:38.563884+00:00, run_after=2023-11-13T08:47:38.563884+00:00
[2023-11-13T08:47:38.887+0000] {processor.py:179} INFO - Processing /home/airflow/.local/lib/python3.8/site-packages/airflow/example_dags/example_task_group.py took 0.366 seconds
[2023-11-13T08:48:09.184+0000] {processor.py:157} INFO - Started process (PID=327) to work on /home/airflow/.local/lib/python3.8/site-packages/airflow/example_dags/example_task_group.py
[2023-11-13T08:48:09.192+0000] {processor.py:829} INFO - Processing file /home/airflow/.local/lib/python3.8/site-packages/airflow/example_dags/example_task_group.py for tasks to queue
[2023-11-13T08:48:09.194+0000] {logging_mixin.py:154} INFO - [2023-11-13T08:48:09.194+0000] {dagbag.py:536} INFO - Filling up the DagBag from /home/airflow/.local/lib/python3.8/site-packages/airflow/example_dags/example_task_group.py
[2023-11-13T08:48:09.199+0000] {processor.py:839} INFO - DAG(s) dict_keys(['example_task_group']) retrieved from /home/airflow/.local/lib/python3.8/site-packages/airflow/example_dags/example_task_group.py
[2023-11-13T08:48:09.217+0000] {logging_mixin.py:154} INFO - [2023-11-13T08:48:09.217+0000] {dag.py:2941} INFO - Sync 1 DAGs
[2023-11-13T08:48:09.233+0000] {logging_mixin.py:154} INFO - [2023-11-13T08:48:09.233+0000] {dag.py:3722} INFO - Setting next_dagrun for example_task_group to 2023-11-12T08:48:09.232862+00:00, run_after=2023-11-13T08:48:09.232862+00:00
[2023-11-13T08:48:09.267+0000] {processor.py:179} INFO - Processing /home/airflow/.local/lib/python3.8/site-packages/airflow/example_dags/example_task_group.py took 0.085 seconds
