[2023-11-13T07:55:10.467+0000] {processor.py:157} INFO - Started process (PID=63) to work on /home/airflow/.local/lib/python3.8/site-packages/airflow/example_dags/example_trigger_target_dag.py
[2023-11-13T07:55:10.468+0000] {processor.py:829} INFO - Processing file /home/airflow/.local/lib/python3.8/site-packages/airflow/example_dags/example_trigger_target_dag.py for tasks to queue
[2023-11-13T07:55:10.470+0000] {logging_mixin.py:154} INFO - [2023-11-13T07:55:10.470+0000] {dagbag.py:536} INFO - Filling up the DagBag from /home/airflow/.local/lib/python3.8/site-packages/airflow/example_dags/example_trigger_target_dag.py
[2023-11-13T07:55:10.478+0000] {processor.py:839} INFO - DAG(s) dict_keys(['example_trigger_target_dag']) retrieved from /home/airflow/.local/lib/python3.8/site-packages/airflow/example_dags/example_trigger_target_dag.py
[2023-11-13T07:55:10.667+0000] {logging_mixin.py:154} INFO - [2023-11-13T07:55:10.666+0000] {manager.py:499} INFO - Created Permission View: %s
[2023-11-13T07:55:10.735+0000] {logging_mixin.py:154} INFO - [2023-11-13T07:55:10.734+0000] {manager.py:499} INFO - Created Permission View: %s
[2023-11-13T07:55:10.791+0000] {logging_mixin.py:154} INFO - [2023-11-13T07:55:10.791+0000] {manager.py:499} INFO - Created Permission View: %s
[2023-11-13T07:55:10.792+0000] {logging_mixin.py:154} INFO - [2023-11-13T07:55:10.792+0000] {dag.py:2941} INFO - Sync 1 DAGs
[2023-11-13T07:55:10.827+0000] {logging_mixin.py:154} INFO - [2023-11-13T07:55:10.827+0000] {dag.py:2963} INFO - Creating ORM DAG for example_trigger_target_dag
[2023-11-13T07:55:10.828+0000] {logging_mixin.py:154} INFO - [2023-11-13T07:55:10.828+0000] {dag.py:3722} INFO - Setting next_dagrun for example_trigger_target_dag to None, run_after=None
[2023-11-13T07:55:10.906+0000] {processor.py:179} INFO - Processing /home/airflow/.local/lib/python3.8/site-packages/airflow/example_dags/example_trigger_target_dag.py took 0.442 seconds
[2023-11-13T07:55:40.997+0000] {processor.py:157} INFO - Started process (PID=116) to work on /home/airflow/.local/lib/python3.8/site-packages/airflow/example_dags/example_trigger_target_dag.py
[2023-11-13T07:55:41.026+0000] {processor.py:829} INFO - Processing file /home/airflow/.local/lib/python3.8/site-packages/airflow/example_dags/example_trigger_target_dag.py for tasks to queue
[2023-11-13T07:55:41.029+0000] {logging_mixin.py:154} INFO - [2023-11-13T07:55:41.028+0000] {dagbag.py:536} INFO - Filling up the DagBag from /home/airflow/.local/lib/python3.8/site-packages/airflow/example_dags/example_trigger_target_dag.py
[2023-11-13T07:55:41.034+0000] {processor.py:839} INFO - DAG(s) dict_keys(['example_trigger_target_dag']) retrieved from /home/airflow/.local/lib/python3.8/site-packages/airflow/example_dags/example_trigger_target_dag.py
[2023-11-13T07:55:41.048+0000] {logging_mixin.py:154} INFO - [2023-11-13T07:55:41.048+0000] {dag.py:2941} INFO - Sync 1 DAGs
[2023-11-13T07:55:41.056+0000] {logging_mixin.py:154} INFO - [2023-11-13T07:55:41.056+0000] {dag.py:3722} INFO - Setting next_dagrun for example_trigger_target_dag to None, run_after=None
[2023-11-13T07:55:41.083+0000] {processor.py:179} INFO - Processing /home/airflow/.local/lib/python3.8/site-packages/airflow/example_dags/example_trigger_target_dag.py took 0.089 seconds
[2023-11-13T07:56:11.756+0000] {processor.py:157} INFO - Started process (PID=170) to work on /home/airflow/.local/lib/python3.8/site-packages/airflow/example_dags/example_trigger_target_dag.py
[2023-11-13T07:56:11.757+0000] {processor.py:829} INFO - Processing file /home/airflow/.local/lib/python3.8/site-packages/airflow/example_dags/example_trigger_target_dag.py for tasks to queue
[2023-11-13T07:56:11.758+0000] {logging_mixin.py:154} INFO - [2023-11-13T07:56:11.758+0000] {dagbag.py:536} INFO - Filling up the DagBag from /home/airflow/.local/lib/python3.8/site-packages/airflow/example_dags/example_trigger_target_dag.py
[2023-11-13T07:56:11.762+0000] {processor.py:839} INFO - DAG(s) dict_keys(['example_trigger_target_dag']) retrieved from /home/airflow/.local/lib/python3.8/site-packages/airflow/example_dags/example_trigger_target_dag.py
[2023-11-13T07:56:11.777+0000] {logging_mixin.py:154} INFO - [2023-11-13T07:56:11.777+0000] {dag.py:2941} INFO - Sync 1 DAGs
[2023-11-13T07:56:11.786+0000] {logging_mixin.py:154} INFO - [2023-11-13T07:56:11.786+0000] {dag.py:3722} INFO - Setting next_dagrun for example_trigger_target_dag to None, run_after=None
[2023-11-13T07:56:11.815+0000] {processor.py:179} INFO - Processing /home/airflow/.local/lib/python3.8/site-packages/airflow/example_dags/example_trigger_target_dag.py took 0.062 seconds
[2023-11-13T07:56:43.676+0000] {processor.py:157} INFO - Started process (PID=224) to work on /home/airflow/.local/lib/python3.8/site-packages/airflow/example_dags/example_trigger_target_dag.py
[2023-11-13T07:56:43.803+0000] {processor.py:829} INFO - Processing file /home/airflow/.local/lib/python3.8/site-packages/airflow/example_dags/example_trigger_target_dag.py for tasks to queue
[2023-11-13T07:56:43.811+0000] {logging_mixin.py:154} INFO - [2023-11-13T07:56:43.811+0000] {dagbag.py:536} INFO - Filling up the DagBag from /home/airflow/.local/lib/python3.8/site-packages/airflow/example_dags/example_trigger_target_dag.py
[2023-11-13T07:56:43.828+0000] {processor.py:839} INFO - DAG(s) dict_keys(['example_trigger_target_dag']) retrieved from /home/airflow/.local/lib/python3.8/site-packages/airflow/example_dags/example_trigger_target_dag.py
[2023-11-13T07:56:43.860+0000] {logging_mixin.py:154} INFO - [2023-11-13T07:56:43.860+0000] {dag.py:2941} INFO - Sync 1 DAGs
[2023-11-13T07:56:43.871+0000] {logging_mixin.py:154} INFO - [2023-11-13T07:56:43.871+0000] {dag.py:3722} INFO - Setting next_dagrun for example_trigger_target_dag to None, run_after=None
[2023-11-13T07:56:43.912+0000] {processor.py:179} INFO - Processing /home/airflow/.local/lib/python3.8/site-packages/airflow/example_dags/example_trigger_target_dag.py took 0.240 seconds
[2023-11-13T07:57:14.588+0000] {processor.py:157} INFO - Started process (PID=279) to work on /home/airflow/.local/lib/python3.8/site-packages/airflow/example_dags/example_trigger_target_dag.py
[2023-11-13T07:57:14.595+0000] {processor.py:829} INFO - Processing file /home/airflow/.local/lib/python3.8/site-packages/airflow/example_dags/example_trigger_target_dag.py for tasks to queue
[2023-11-13T07:57:14.597+0000] {logging_mixin.py:154} INFO - [2023-11-13T07:57:14.597+0000] {dagbag.py:536} INFO - Filling up the DagBag from /home/airflow/.local/lib/python3.8/site-packages/airflow/example_dags/example_trigger_target_dag.py
[2023-11-13T07:57:14.601+0000] {processor.py:839} INFO - DAG(s) dict_keys(['example_trigger_target_dag']) retrieved from /home/airflow/.local/lib/python3.8/site-packages/airflow/example_dags/example_trigger_target_dag.py
[2023-11-13T07:57:14.615+0000] {logging_mixin.py:154} INFO - [2023-11-13T07:57:14.615+0000] {dag.py:2941} INFO - Sync 1 DAGs
[2023-11-13T07:57:14.624+0000] {logging_mixin.py:154} INFO - [2023-11-13T07:57:14.624+0000] {dag.py:3722} INFO - Setting next_dagrun for example_trigger_target_dag to None, run_after=None
[2023-11-13T07:57:14.670+0000] {processor.py:179} INFO - Processing /home/airflow/.local/lib/python3.8/site-packages/airflow/example_dags/example_trigger_target_dag.py took 0.084 seconds
[2023-11-13T07:57:45.520+0000] {processor.py:157} INFO - Started process (PID=333) to work on /home/airflow/.local/lib/python3.8/site-packages/airflow/example_dags/example_trigger_target_dag.py
[2023-11-13T07:57:45.521+0000] {processor.py:829} INFO - Processing file /home/airflow/.local/lib/python3.8/site-packages/airflow/example_dags/example_trigger_target_dag.py for tasks to queue
[2023-11-13T07:57:45.522+0000] {logging_mixin.py:154} INFO - [2023-11-13T07:57:45.522+0000] {dagbag.py:536} INFO - Filling up the DagBag from /home/airflow/.local/lib/python3.8/site-packages/airflow/example_dags/example_trigger_target_dag.py
[2023-11-13T07:57:45.526+0000] {processor.py:839} INFO - DAG(s) dict_keys(['example_trigger_target_dag']) retrieved from /home/airflow/.local/lib/python3.8/site-packages/airflow/example_dags/example_trigger_target_dag.py
[2023-11-13T07:57:45.540+0000] {logging_mixin.py:154} INFO - [2023-11-13T07:57:45.540+0000] {dag.py:2941} INFO - Sync 1 DAGs
[2023-11-13T07:57:45.549+0000] {logging_mixin.py:154} INFO - [2023-11-13T07:57:45.549+0000] {dag.py:3722} INFO - Setting next_dagrun for example_trigger_target_dag to None, run_after=None
[2023-11-13T07:57:45.645+0000] {processor.py:179} INFO - Processing /home/airflow/.local/lib/python3.8/site-packages/airflow/example_dags/example_trigger_target_dag.py took 0.127 seconds
[2023-11-13T07:58:16.153+0000] {processor.py:157} INFO - Started process (PID=387) to work on /home/airflow/.local/lib/python3.8/site-packages/airflow/example_dags/example_trigger_target_dag.py
[2023-11-13T07:58:16.154+0000] {processor.py:829} INFO - Processing file /home/airflow/.local/lib/python3.8/site-packages/airflow/example_dags/example_trigger_target_dag.py for tasks to queue
[2023-11-13T07:58:16.155+0000] {logging_mixin.py:154} INFO - [2023-11-13T07:58:16.155+0000] {dagbag.py:536} INFO - Filling up the DagBag from /home/airflow/.local/lib/python3.8/site-packages/airflow/example_dags/example_trigger_target_dag.py
[2023-11-13T07:58:16.159+0000] {processor.py:839} INFO - DAG(s) dict_keys(['example_trigger_target_dag']) retrieved from /home/airflow/.local/lib/python3.8/site-packages/airflow/example_dags/example_trigger_target_dag.py
[2023-11-13T07:58:16.173+0000] {logging_mixin.py:154} INFO - [2023-11-13T07:58:16.173+0000] {dag.py:2941} INFO - Sync 1 DAGs
[2023-11-13T07:58:16.182+0000] {logging_mixin.py:154} INFO - [2023-11-13T07:58:16.182+0000] {dag.py:3722} INFO - Setting next_dagrun for example_trigger_target_dag to None, run_after=None
[2023-11-13T07:58:16.216+0000] {processor.py:179} INFO - Processing /home/airflow/.local/lib/python3.8/site-packages/airflow/example_dags/example_trigger_target_dag.py took 0.065 seconds
[2023-11-13T07:58:46.373+0000] {processor.py:157} INFO - Started process (PID=441) to work on /home/airflow/.local/lib/python3.8/site-packages/airflow/example_dags/example_trigger_target_dag.py
[2023-11-13T07:58:46.374+0000] {processor.py:829} INFO - Processing file /home/airflow/.local/lib/python3.8/site-packages/airflow/example_dags/example_trigger_target_dag.py for tasks to queue
[2023-11-13T07:58:46.375+0000] {logging_mixin.py:154} INFO - [2023-11-13T07:58:46.375+0000] {dagbag.py:536} INFO - Filling up the DagBag from /home/airflow/.local/lib/python3.8/site-packages/airflow/example_dags/example_trigger_target_dag.py
[2023-11-13T07:58:46.379+0000] {processor.py:839} INFO - DAG(s) dict_keys(['example_trigger_target_dag']) retrieved from /home/airflow/.local/lib/python3.8/site-packages/airflow/example_dags/example_trigger_target_dag.py
[2023-11-13T07:58:46.395+0000] {logging_mixin.py:154} INFO - [2023-11-13T07:58:46.394+0000] {dag.py:2941} INFO - Sync 1 DAGs
[2023-11-13T07:58:46.404+0000] {logging_mixin.py:154} INFO - [2023-11-13T07:58:46.404+0000] {dag.py:3722} INFO - Setting next_dagrun for example_trigger_target_dag to None, run_after=None
[2023-11-13T07:58:46.444+0000] {processor.py:179} INFO - Processing /home/airflow/.local/lib/python3.8/site-packages/airflow/example_dags/example_trigger_target_dag.py took 0.074 seconds
[2023-11-13T07:59:17.233+0000] {processor.py:157} INFO - Started process (PID=495) to work on /home/airflow/.local/lib/python3.8/site-packages/airflow/example_dags/example_trigger_target_dag.py
[2023-11-13T07:59:17.233+0000] {processor.py:829} INFO - Processing file /home/airflow/.local/lib/python3.8/site-packages/airflow/example_dags/example_trigger_target_dag.py for tasks to queue
[2023-11-13T07:59:17.234+0000] {logging_mixin.py:154} INFO - [2023-11-13T07:59:17.234+0000] {dagbag.py:536} INFO - Filling up the DagBag from /home/airflow/.local/lib/python3.8/site-packages/airflow/example_dags/example_trigger_target_dag.py
[2023-11-13T07:59:17.238+0000] {processor.py:839} INFO - DAG(s) dict_keys(['example_trigger_target_dag']) retrieved from /home/airflow/.local/lib/python3.8/site-packages/airflow/example_dags/example_trigger_target_dag.py
[2023-11-13T07:59:17.251+0000] {logging_mixin.py:154} INFO - [2023-11-13T07:59:17.251+0000] {dag.py:2941} INFO - Sync 1 DAGs
[2023-11-13T07:59:17.259+0000] {logging_mixin.py:154} INFO - [2023-11-13T07:59:17.259+0000] {dag.py:3722} INFO - Setting next_dagrun for example_trigger_target_dag to None, run_after=None
[2023-11-13T07:59:17.712+0000] {processor.py:179} INFO - Processing /home/airflow/.local/lib/python3.8/site-packages/airflow/example_dags/example_trigger_target_dag.py took 0.482 seconds
[2023-11-13T07:59:48.917+0000] {processor.py:157} INFO - Started process (PID=549) to work on /home/airflow/.local/lib/python3.8/site-packages/airflow/example_dags/example_trigger_target_dag.py
[2023-11-13T07:59:48.917+0000] {processor.py:829} INFO - Processing file /home/airflow/.local/lib/python3.8/site-packages/airflow/example_dags/example_trigger_target_dag.py for tasks to queue
[2023-11-13T07:59:48.919+0000] {logging_mixin.py:154} INFO - [2023-11-13T07:59:48.918+0000] {dagbag.py:536} INFO - Filling up the DagBag from /home/airflow/.local/lib/python3.8/site-packages/airflow/example_dags/example_trigger_target_dag.py
[2023-11-13T07:59:48.922+0000] {processor.py:839} INFO - DAG(s) dict_keys(['example_trigger_target_dag']) retrieved from /home/airflow/.local/lib/python3.8/site-packages/airflow/example_dags/example_trigger_target_dag.py
[2023-11-13T07:59:48.936+0000] {logging_mixin.py:154} INFO - [2023-11-13T07:59:48.936+0000] {dag.py:2941} INFO - Sync 1 DAGs
[2023-11-13T07:59:48.945+0000] {logging_mixin.py:154} INFO - [2023-11-13T07:59:48.945+0000] {dag.py:3722} INFO - Setting next_dagrun for example_trigger_target_dag to None, run_after=None
[2023-11-13T07:59:48.978+0000] {processor.py:179} INFO - Processing /home/airflow/.local/lib/python3.8/site-packages/airflow/example_dags/example_trigger_target_dag.py took 0.064 seconds
[2023-11-13T08:00:19.428+0000] {processor.py:157} INFO - Started process (PID=603) to work on /home/airflow/.local/lib/python3.8/site-packages/airflow/example_dags/example_trigger_target_dag.py
[2023-11-13T08:00:19.428+0000] {processor.py:829} INFO - Processing file /home/airflow/.local/lib/python3.8/site-packages/airflow/example_dags/example_trigger_target_dag.py for tasks to queue
[2023-11-13T08:00:19.429+0000] {logging_mixin.py:154} INFO - [2023-11-13T08:00:19.429+0000] {dagbag.py:536} INFO - Filling up the DagBag from /home/airflow/.local/lib/python3.8/site-packages/airflow/example_dags/example_trigger_target_dag.py
[2023-11-13T08:00:19.433+0000] {processor.py:839} INFO - DAG(s) dict_keys(['example_trigger_target_dag']) retrieved from /home/airflow/.local/lib/python3.8/site-packages/airflow/example_dags/example_trigger_target_dag.py
[2023-11-13T08:00:19.447+0000] {logging_mixin.py:154} INFO - [2023-11-13T08:00:19.447+0000] {dag.py:2941} INFO - Sync 1 DAGs
[2023-11-13T08:00:19.456+0000] {logging_mixin.py:154} INFO - [2023-11-13T08:00:19.456+0000] {dag.py:3722} INFO - Setting next_dagrun for example_trigger_target_dag to None, run_after=None
[2023-11-13T08:00:19.484+0000] {processor.py:179} INFO - Processing /home/airflow/.local/lib/python3.8/site-packages/airflow/example_dags/example_trigger_target_dag.py took 0.059 seconds
[2023-11-13T08:00:50.901+0000] {processor.py:157} INFO - Started process (PID=657) to work on /home/airflow/.local/lib/python3.8/site-packages/airflow/example_dags/example_trigger_target_dag.py
[2023-11-13T08:00:51.099+0000] {processor.py:829} INFO - Processing file /home/airflow/.local/lib/python3.8/site-packages/airflow/example_dags/example_trigger_target_dag.py for tasks to queue
[2023-11-13T08:00:51.101+0000] {logging_mixin.py:154} INFO - [2023-11-13T08:00:51.101+0000] {dagbag.py:536} INFO - Filling up the DagBag from /home/airflow/.local/lib/python3.8/site-packages/airflow/example_dags/example_trigger_target_dag.py
[2023-11-13T08:00:51.105+0000] {processor.py:839} INFO - DAG(s) dict_keys(['example_trigger_target_dag']) retrieved from /home/airflow/.local/lib/python3.8/site-packages/airflow/example_dags/example_trigger_target_dag.py
[2023-11-13T08:00:51.121+0000] {logging_mixin.py:154} INFO - [2023-11-13T08:00:51.121+0000] {dag.py:2941} INFO - Sync 1 DAGs
[2023-11-13T08:00:51.131+0000] {logging_mixin.py:154} INFO - [2023-11-13T08:00:51.130+0000] {dag.py:3722} INFO - Setting next_dagrun for example_trigger_target_dag to None, run_after=None
[2023-11-13T08:00:51.394+0000] {processor.py:179} INFO - Processing /home/airflow/.local/lib/python3.8/site-packages/airflow/example_dags/example_trigger_target_dag.py took 0.496 seconds
[2023-11-13T08:01:21.753+0000] {processor.py:157} INFO - Started process (PID=711) to work on /home/airflow/.local/lib/python3.8/site-packages/airflow/example_dags/example_trigger_target_dag.py
[2023-11-13T08:01:21.754+0000] {processor.py:829} INFO - Processing file /home/airflow/.local/lib/python3.8/site-packages/airflow/example_dags/example_trigger_target_dag.py for tasks to queue
[2023-11-13T08:01:21.756+0000] {logging_mixin.py:154} INFO - [2023-11-13T08:01:21.756+0000] {dagbag.py:536} INFO - Filling up the DagBag from /home/airflow/.local/lib/python3.8/site-packages/airflow/example_dags/example_trigger_target_dag.py
[2023-11-13T08:01:21.759+0000] {processor.py:839} INFO - DAG(s) dict_keys(['example_trigger_target_dag']) retrieved from /home/airflow/.local/lib/python3.8/site-packages/airflow/example_dags/example_trigger_target_dag.py
[2023-11-13T08:01:21.773+0000] {logging_mixin.py:154} INFO - [2023-11-13T08:01:21.773+0000] {dag.py:2941} INFO - Sync 1 DAGs
[2023-11-13T08:01:21.783+0000] {logging_mixin.py:154} INFO - [2023-11-13T08:01:21.782+0000] {dag.py:3722} INFO - Setting next_dagrun for example_trigger_target_dag to None, run_after=None
[2023-11-13T08:01:21.815+0000] {processor.py:179} INFO - Processing /home/airflow/.local/lib/python3.8/site-packages/airflow/example_dags/example_trigger_target_dag.py took 0.064 seconds
[2023-11-13T08:01:52.285+0000] {processor.py:157} INFO - Started process (PID=765) to work on /home/airflow/.local/lib/python3.8/site-packages/airflow/example_dags/example_trigger_target_dag.py
[2023-11-13T08:01:52.295+0000] {processor.py:829} INFO - Processing file /home/airflow/.local/lib/python3.8/site-packages/airflow/example_dags/example_trigger_target_dag.py for tasks to queue
[2023-11-13T08:01:52.297+0000] {logging_mixin.py:154} INFO - [2023-11-13T08:01:52.297+0000] {dagbag.py:536} INFO - Filling up the DagBag from /home/airflow/.local/lib/python3.8/site-packages/airflow/example_dags/example_trigger_target_dag.py
[2023-11-13T08:01:52.301+0000] {processor.py:839} INFO - DAG(s) dict_keys(['example_trigger_target_dag']) retrieved from /home/airflow/.local/lib/python3.8/site-packages/airflow/example_dags/example_trigger_target_dag.py
[2023-11-13T08:01:52.315+0000] {logging_mixin.py:154} INFO - [2023-11-13T08:01:52.315+0000] {dag.py:2941} INFO - Sync 1 DAGs
[2023-11-13T08:01:52.324+0000] {logging_mixin.py:154} INFO - [2023-11-13T08:01:52.324+0000] {dag.py:3722} INFO - Setting next_dagrun for example_trigger_target_dag to None, run_after=None
[2023-11-13T08:01:52.354+0000] {processor.py:179} INFO - Processing /home/airflow/.local/lib/python3.8/site-packages/airflow/example_dags/example_trigger_target_dag.py took 0.071 seconds
[2023-11-13T08:02:22.761+0000] {processor.py:157} INFO - Started process (PID=819) to work on /home/airflow/.local/lib/python3.8/site-packages/airflow/example_dags/example_trigger_target_dag.py
[2023-11-13T08:02:22.761+0000] {processor.py:829} INFO - Processing file /home/airflow/.local/lib/python3.8/site-packages/airflow/example_dags/example_trigger_target_dag.py for tasks to queue
[2023-11-13T08:02:22.763+0000] {logging_mixin.py:154} INFO - [2023-11-13T08:02:22.763+0000] {dagbag.py:536} INFO - Filling up the DagBag from /home/airflow/.local/lib/python3.8/site-packages/airflow/example_dags/example_trigger_target_dag.py
[2023-11-13T08:02:22.767+0000] {processor.py:839} INFO - DAG(s) dict_keys(['example_trigger_target_dag']) retrieved from /home/airflow/.local/lib/python3.8/site-packages/airflow/example_dags/example_trigger_target_dag.py
[2023-11-13T08:02:22.781+0000] {logging_mixin.py:154} INFO - [2023-11-13T08:02:22.781+0000] {dag.py:2941} INFO - Sync 1 DAGs
[2023-11-13T08:02:22.790+0000] {logging_mixin.py:154} INFO - [2023-11-13T08:02:22.790+0000] {dag.py:3722} INFO - Setting next_dagrun for example_trigger_target_dag to None, run_after=None
[2023-11-13T08:02:22.822+0000] {processor.py:179} INFO - Processing /home/airflow/.local/lib/python3.8/site-packages/airflow/example_dags/example_trigger_target_dag.py took 0.064 seconds
[2023-11-13T08:02:53.507+0000] {processor.py:157} INFO - Started process (PID=873) to work on /home/airflow/.local/lib/python3.8/site-packages/airflow/example_dags/example_trigger_target_dag.py
[2023-11-13T08:02:53.508+0000] {processor.py:829} INFO - Processing file /home/airflow/.local/lib/python3.8/site-packages/airflow/example_dags/example_trigger_target_dag.py for tasks to queue
[2023-11-13T08:02:53.509+0000] {logging_mixin.py:154} INFO - [2023-11-13T08:02:53.509+0000] {dagbag.py:536} INFO - Filling up the DagBag from /home/airflow/.local/lib/python3.8/site-packages/airflow/example_dags/example_trigger_target_dag.py
[2023-11-13T08:02:53.513+0000] {processor.py:839} INFO - DAG(s) dict_keys(['example_trigger_target_dag']) retrieved from /home/airflow/.local/lib/python3.8/site-packages/airflow/example_dags/example_trigger_target_dag.py
[2023-11-13T08:02:53.527+0000] {logging_mixin.py:154} INFO - [2023-11-13T08:02:53.527+0000] {dag.py:2941} INFO - Sync 1 DAGs
[2023-11-13T08:02:53.537+0000] {logging_mixin.py:154} INFO - [2023-11-13T08:02:53.537+0000] {dag.py:3722} INFO - Setting next_dagrun for example_trigger_target_dag to None, run_after=None
[2023-11-13T08:02:53.565+0000] {processor.py:179} INFO - Processing /home/airflow/.local/lib/python3.8/site-packages/airflow/example_dags/example_trigger_target_dag.py took 0.060 seconds
[2023-11-13T08:03:24.372+0000] {processor.py:157} INFO - Started process (PID=927) to work on /home/airflow/.local/lib/python3.8/site-packages/airflow/example_dags/example_trigger_target_dag.py
[2023-11-13T08:03:24.373+0000] {processor.py:829} INFO - Processing file /home/airflow/.local/lib/python3.8/site-packages/airflow/example_dags/example_trigger_target_dag.py for tasks to queue
[2023-11-13T08:03:24.374+0000] {logging_mixin.py:154} INFO - [2023-11-13T08:03:24.374+0000] {dagbag.py:536} INFO - Filling up the DagBag from /home/airflow/.local/lib/python3.8/site-packages/airflow/example_dags/example_trigger_target_dag.py
[2023-11-13T08:03:24.378+0000] {processor.py:839} INFO - DAG(s) dict_keys(['example_trigger_target_dag']) retrieved from /home/airflow/.local/lib/python3.8/site-packages/airflow/example_dags/example_trigger_target_dag.py
[2023-11-13T08:03:24.392+0000] {logging_mixin.py:154} INFO - [2023-11-13T08:03:24.392+0000] {dag.py:2941} INFO - Sync 1 DAGs
[2023-11-13T08:03:24.401+0000] {logging_mixin.py:154} INFO - [2023-11-13T08:03:24.401+0000] {dag.py:3722} INFO - Setting next_dagrun for example_trigger_target_dag to None, run_after=None
[2023-11-13T08:03:24.536+0000] {processor.py:179} INFO - Processing /home/airflow/.local/lib/python3.8/site-packages/airflow/example_dags/example_trigger_target_dag.py took 0.167 seconds
[2023-11-13T08:03:56.668+0000] {processor.py:157} INFO - Started process (PID=981) to work on /home/airflow/.local/lib/python3.8/site-packages/airflow/example_dags/example_trigger_target_dag.py
[2023-11-13T08:03:56.686+0000] {processor.py:829} INFO - Processing file /home/airflow/.local/lib/python3.8/site-packages/airflow/example_dags/example_trigger_target_dag.py for tasks to queue
[2023-11-13T08:03:56.687+0000] {logging_mixin.py:154} INFO - [2023-11-13T08:03:56.687+0000] {dagbag.py:536} INFO - Filling up the DagBag from /home/airflow/.local/lib/python3.8/site-packages/airflow/example_dags/example_trigger_target_dag.py
[2023-11-13T08:03:56.691+0000] {processor.py:839} INFO - DAG(s) dict_keys(['example_trigger_target_dag']) retrieved from /home/airflow/.local/lib/python3.8/site-packages/airflow/example_dags/example_trigger_target_dag.py
[2023-11-13T08:03:56.705+0000] {logging_mixin.py:154} INFO - [2023-11-13T08:03:56.705+0000] {dag.py:2941} INFO - Sync 1 DAGs
[2023-11-13T08:03:56.714+0000] {logging_mixin.py:154} INFO - [2023-11-13T08:03:56.714+0000] {dag.py:3722} INFO - Setting next_dagrun for example_trigger_target_dag to None, run_after=None
[2023-11-13T08:03:56.756+0000] {processor.py:179} INFO - Processing /home/airflow/.local/lib/python3.8/site-packages/airflow/example_dags/example_trigger_target_dag.py took 0.090 seconds
[2023-11-13T08:04:27.883+0000] {processor.py:157} INFO - Started process (PID=1035) to work on /home/airflow/.local/lib/python3.8/site-packages/airflow/example_dags/example_trigger_target_dag.py
[2023-11-13T08:04:28.064+0000] {processor.py:829} INFO - Processing file /home/airflow/.local/lib/python3.8/site-packages/airflow/example_dags/example_trigger_target_dag.py for tasks to queue
[2023-11-13T08:04:28.218+0000] {logging_mixin.py:154} INFO - [2023-11-13T08:04:28.217+0000] {dagbag.py:536} INFO - Filling up the DagBag from /home/airflow/.local/lib/python3.8/site-packages/airflow/example_dags/example_trigger_target_dag.py
[2023-11-13T08:04:28.223+0000] {processor.py:839} INFO - DAG(s) dict_keys(['example_trigger_target_dag']) retrieved from /home/airflow/.local/lib/python3.8/site-packages/airflow/example_dags/example_trigger_target_dag.py
[2023-11-13T08:04:28.238+0000] {logging_mixin.py:154} INFO - [2023-11-13T08:04:28.238+0000] {dag.py:2941} INFO - Sync 1 DAGs
[2023-11-13T08:04:28.247+0000] {logging_mixin.py:154} INFO - [2023-11-13T08:04:28.246+0000] {dag.py:3722} INFO - Setting next_dagrun for example_trigger_target_dag to None, run_after=None
[2023-11-13T08:04:28.890+0000] {processor.py:179} INFO - Processing /home/airflow/.local/lib/python3.8/site-packages/airflow/example_dags/example_trigger_target_dag.py took 1.009 seconds
[2023-11-13T08:04:59.152+0000] {processor.py:157} INFO - Started process (PID=1089) to work on /home/airflow/.local/lib/python3.8/site-packages/airflow/example_dags/example_trigger_target_dag.py
[2023-11-13T08:04:59.153+0000] {processor.py:829} INFO - Processing file /home/airflow/.local/lib/python3.8/site-packages/airflow/example_dags/example_trigger_target_dag.py for tasks to queue
[2023-11-13T08:04:59.155+0000] {logging_mixin.py:154} INFO - [2023-11-13T08:04:59.155+0000] {dagbag.py:536} INFO - Filling up the DagBag from /home/airflow/.local/lib/python3.8/site-packages/airflow/example_dags/example_trigger_target_dag.py
[2023-11-13T08:04:59.159+0000] {processor.py:839} INFO - DAG(s) dict_keys(['example_trigger_target_dag']) retrieved from /home/airflow/.local/lib/python3.8/site-packages/airflow/example_dags/example_trigger_target_dag.py
[2023-11-13T08:04:59.173+0000] {logging_mixin.py:154} INFO - [2023-11-13T08:04:59.173+0000] {dag.py:2941} INFO - Sync 1 DAGs
[2023-11-13T08:04:59.183+0000] {logging_mixin.py:154} INFO - [2023-11-13T08:04:59.183+0000] {dag.py:3722} INFO - Setting next_dagrun for example_trigger_target_dag to None, run_after=None
[2023-11-13T08:04:59.459+0000] {processor.py:179} INFO - Processing /home/airflow/.local/lib/python3.8/site-packages/airflow/example_dags/example_trigger_target_dag.py took 0.309 seconds
[2023-11-13T08:05:30.834+0000] {processor.py:157} INFO - Started process (PID=1143) to work on /home/airflow/.local/lib/python3.8/site-packages/airflow/example_dags/example_trigger_target_dag.py
[2023-11-13T08:05:30.837+0000] {processor.py:829} INFO - Processing file /home/airflow/.local/lib/python3.8/site-packages/airflow/example_dags/example_trigger_target_dag.py for tasks to queue
[2023-11-13T08:05:30.843+0000] {logging_mixin.py:154} INFO - [2023-11-13T08:05:30.842+0000] {dagbag.py:536} INFO - Filling up the DagBag from /home/airflow/.local/lib/python3.8/site-packages/airflow/example_dags/example_trigger_target_dag.py
[2023-11-13T08:05:30.859+0000] {processor.py:839} INFO - DAG(s) dict_keys(['example_trigger_target_dag']) retrieved from /home/airflow/.local/lib/python3.8/site-packages/airflow/example_dags/example_trigger_target_dag.py
[2023-11-13T08:05:30.882+0000] {logging_mixin.py:154} INFO - [2023-11-13T08:05:30.882+0000] {dag.py:2941} INFO - Sync 1 DAGs
[2023-11-13T08:05:30.892+0000] {logging_mixin.py:154} INFO - [2023-11-13T08:05:30.892+0000] {dag.py:3722} INFO - Setting next_dagrun for example_trigger_target_dag to None, run_after=None
[2023-11-13T08:05:31.237+0000] {processor.py:179} INFO - Processing /home/airflow/.local/lib/python3.8/site-packages/airflow/example_dags/example_trigger_target_dag.py took 0.414 seconds
[2023-11-13T08:06:01.330+0000] {processor.py:157} INFO - Started process (PID=1197) to work on /home/airflow/.local/lib/python3.8/site-packages/airflow/example_dags/example_trigger_target_dag.py
[2023-11-13T08:06:01.331+0000] {processor.py:829} INFO - Processing file /home/airflow/.local/lib/python3.8/site-packages/airflow/example_dags/example_trigger_target_dag.py for tasks to queue
[2023-11-13T08:06:01.332+0000] {logging_mixin.py:154} INFO - [2023-11-13T08:06:01.332+0000] {dagbag.py:536} INFO - Filling up the DagBag from /home/airflow/.local/lib/python3.8/site-packages/airflow/example_dags/example_trigger_target_dag.py
[2023-11-13T08:06:01.336+0000] {processor.py:839} INFO - DAG(s) dict_keys(['example_trigger_target_dag']) retrieved from /home/airflow/.local/lib/python3.8/site-packages/airflow/example_dags/example_trigger_target_dag.py
[2023-11-13T08:06:01.350+0000] {logging_mixin.py:154} INFO - [2023-11-13T08:06:01.350+0000] {dag.py:2941} INFO - Sync 1 DAGs
[2023-11-13T08:06:01.358+0000] {logging_mixin.py:154} INFO - [2023-11-13T08:06:01.358+0000] {dag.py:3722} INFO - Setting next_dagrun for example_trigger_target_dag to None, run_after=None
[2023-11-13T08:06:01.381+0000] {processor.py:179} INFO - Processing /home/airflow/.local/lib/python3.8/site-packages/airflow/example_dags/example_trigger_target_dag.py took 0.054 seconds
[2023-11-13T08:06:31.754+0000] {processor.py:157} INFO - Started process (PID=1251) to work on /home/airflow/.local/lib/python3.8/site-packages/airflow/example_dags/example_trigger_target_dag.py
[2023-11-13T08:06:31.754+0000] {processor.py:829} INFO - Processing file /home/airflow/.local/lib/python3.8/site-packages/airflow/example_dags/example_trigger_target_dag.py for tasks to queue
[2023-11-13T08:06:31.756+0000] {logging_mixin.py:154} INFO - [2023-11-13T08:06:31.756+0000] {dagbag.py:536} INFO - Filling up the DagBag from /home/airflow/.local/lib/python3.8/site-packages/airflow/example_dags/example_trigger_target_dag.py
[2023-11-13T08:06:31.760+0000] {processor.py:839} INFO - DAG(s) dict_keys(['example_trigger_target_dag']) retrieved from /home/airflow/.local/lib/python3.8/site-packages/airflow/example_dags/example_trigger_target_dag.py
[2023-11-13T08:06:31.774+0000] {logging_mixin.py:154} INFO - [2023-11-13T08:06:31.774+0000] {dag.py:2941} INFO - Sync 1 DAGs
[2023-11-13T08:06:31.877+0000] {logging_mixin.py:154} INFO - [2023-11-13T08:06:31.877+0000] {dag.py:3722} INFO - Setting next_dagrun for example_trigger_target_dag to None, run_after=None
[2023-11-13T08:06:31.903+0000] {processor.py:179} INFO - Processing /home/airflow/.local/lib/python3.8/site-packages/airflow/example_dags/example_trigger_target_dag.py took 0.151 seconds
[2023-11-13T08:07:03.009+0000] {processor.py:157} INFO - Started process (PID=1305) to work on /home/airflow/.local/lib/python3.8/site-packages/airflow/example_dags/example_trigger_target_dag.py
[2023-11-13T08:07:03.021+0000] {processor.py:829} INFO - Processing file /home/airflow/.local/lib/python3.8/site-packages/airflow/example_dags/example_trigger_target_dag.py for tasks to queue
[2023-11-13T08:07:03.023+0000] {logging_mixin.py:154} INFO - [2023-11-13T08:07:03.022+0000] {dagbag.py:536} INFO - Filling up the DagBag from /home/airflow/.local/lib/python3.8/site-packages/airflow/example_dags/example_trigger_target_dag.py
[2023-11-13T08:07:03.026+0000] {processor.py:839} INFO - DAG(s) dict_keys(['example_trigger_target_dag']) retrieved from /home/airflow/.local/lib/python3.8/site-packages/airflow/example_dags/example_trigger_target_dag.py
[2023-11-13T08:07:03.040+0000] {logging_mixin.py:154} INFO - [2023-11-13T08:07:03.040+0000] {dag.py:2941} INFO - Sync 1 DAGs
[2023-11-13T08:07:03.048+0000] {logging_mixin.py:154} INFO - [2023-11-13T08:07:03.048+0000] {dag.py:3722} INFO - Setting next_dagrun for example_trigger_target_dag to None, run_after=None
[2023-11-13T08:07:03.084+0000] {processor.py:179} INFO - Processing /home/airflow/.local/lib/python3.8/site-packages/airflow/example_dags/example_trigger_target_dag.py took 0.078 seconds
[2023-11-13T08:07:33.601+0000] {processor.py:157} INFO - Started process (PID=1359) to work on /home/airflow/.local/lib/python3.8/site-packages/airflow/example_dags/example_trigger_target_dag.py
[2023-11-13T08:07:33.602+0000] {processor.py:829} INFO - Processing file /home/airflow/.local/lib/python3.8/site-packages/airflow/example_dags/example_trigger_target_dag.py for tasks to queue
[2023-11-13T08:07:33.605+0000] {logging_mixin.py:154} INFO - [2023-11-13T08:07:33.604+0000] {dagbag.py:536} INFO - Filling up the DagBag from /home/airflow/.local/lib/python3.8/site-packages/airflow/example_dags/example_trigger_target_dag.py
[2023-11-13T08:07:33.611+0000] {processor.py:839} INFO - DAG(s) dict_keys(['example_trigger_target_dag']) retrieved from /home/airflow/.local/lib/python3.8/site-packages/airflow/example_dags/example_trigger_target_dag.py
[2023-11-13T08:07:33.628+0000] {logging_mixin.py:154} INFO - [2023-11-13T08:07:33.627+0000] {dag.py:2941} INFO - Sync 1 DAGs
[2023-11-13T08:07:33.636+0000] {logging_mixin.py:154} INFO - [2023-11-13T08:07:33.636+0000] {dag.py:3722} INFO - Setting next_dagrun for example_trigger_target_dag to None, run_after=None
[2023-11-13T08:07:33.668+0000] {processor.py:179} INFO - Processing /home/airflow/.local/lib/python3.8/site-packages/airflow/example_dags/example_trigger_target_dag.py took 0.071 seconds
[2023-11-13T08:08:04.178+0000] {processor.py:157} INFO - Started process (PID=1413) to work on /home/airflow/.local/lib/python3.8/site-packages/airflow/example_dags/example_trigger_target_dag.py
[2023-11-13T08:08:04.188+0000] {processor.py:829} INFO - Processing file /home/airflow/.local/lib/python3.8/site-packages/airflow/example_dags/example_trigger_target_dag.py for tasks to queue
[2023-11-13T08:08:04.189+0000] {logging_mixin.py:154} INFO - [2023-11-13T08:08:04.189+0000] {dagbag.py:536} INFO - Filling up the DagBag from /home/airflow/.local/lib/python3.8/site-packages/airflow/example_dags/example_trigger_target_dag.py
[2023-11-13T08:08:04.193+0000] {processor.py:839} INFO - DAG(s) dict_keys(['example_trigger_target_dag']) retrieved from /home/airflow/.local/lib/python3.8/site-packages/airflow/example_dags/example_trigger_target_dag.py
[2023-11-13T08:08:04.209+0000] {logging_mixin.py:154} INFO - [2023-11-13T08:08:04.209+0000] {dag.py:2941} INFO - Sync 1 DAGs
[2023-11-13T08:08:04.323+0000] {logging_mixin.py:154} INFO - [2023-11-13T08:08:04.323+0000] {dag.py:3722} INFO - Setting next_dagrun for example_trigger_target_dag to None, run_after=None
[2023-11-13T08:08:04.366+0000] {processor.py:179} INFO - Processing /home/airflow/.local/lib/python3.8/site-packages/airflow/example_dags/example_trigger_target_dag.py took 0.190 seconds
[2023-11-13T08:08:34.430+0000] {processor.py:157} INFO - Started process (PID=1467) to work on /home/airflow/.local/lib/python3.8/site-packages/airflow/example_dags/example_trigger_target_dag.py
[2023-11-13T08:08:34.431+0000] {processor.py:829} INFO - Processing file /home/airflow/.local/lib/python3.8/site-packages/airflow/example_dags/example_trigger_target_dag.py for tasks to queue
[2023-11-13T08:08:34.433+0000] {logging_mixin.py:154} INFO - [2023-11-13T08:08:34.432+0000] {dagbag.py:536} INFO - Filling up the DagBag from /home/airflow/.local/lib/python3.8/site-packages/airflow/example_dags/example_trigger_target_dag.py
[2023-11-13T08:08:34.437+0000] {processor.py:839} INFO - DAG(s) dict_keys(['example_trigger_target_dag']) retrieved from /home/airflow/.local/lib/python3.8/site-packages/airflow/example_dags/example_trigger_target_dag.py
[2023-11-13T08:08:34.457+0000] {logging_mixin.py:154} INFO - [2023-11-13T08:08:34.456+0000] {dag.py:2941} INFO - Sync 1 DAGs
[2023-11-13T08:08:34.468+0000] {logging_mixin.py:154} INFO - [2023-11-13T08:08:34.468+0000] {dag.py:3722} INFO - Setting next_dagrun for example_trigger_target_dag to None, run_after=None
[2023-11-13T08:08:34.507+0000] {processor.py:179} INFO - Processing /home/airflow/.local/lib/python3.8/site-packages/airflow/example_dags/example_trigger_target_dag.py took 0.079 seconds
[2023-11-13T08:09:05.154+0000] {processor.py:157} INFO - Started process (PID=1521) to work on /home/airflow/.local/lib/python3.8/site-packages/airflow/example_dags/example_trigger_target_dag.py
[2023-11-13T08:09:05.325+0000] {processor.py:829} INFO - Processing file /home/airflow/.local/lib/python3.8/site-packages/airflow/example_dags/example_trigger_target_dag.py for tasks to queue
[2023-11-13T08:09:05.332+0000] {logging_mixin.py:154} INFO - [2023-11-13T08:09:05.332+0000] {dagbag.py:536} INFO - Filling up the DagBag from /home/airflow/.local/lib/python3.8/site-packages/airflow/example_dags/example_trigger_target_dag.py
[2023-11-13T08:09:05.336+0000] {processor.py:839} INFO - DAG(s) dict_keys(['example_trigger_target_dag']) retrieved from /home/airflow/.local/lib/python3.8/site-packages/airflow/example_dags/example_trigger_target_dag.py
[2023-11-13T08:09:05.450+0000] {logging_mixin.py:154} INFO - [2023-11-13T08:09:05.450+0000] {dag.py:2941} INFO - Sync 1 DAGs
[2023-11-13T08:09:05.458+0000] {logging_mixin.py:154} INFO - [2023-11-13T08:09:05.458+0000] {dag.py:3722} INFO - Setting next_dagrun for example_trigger_target_dag to None, run_after=None
[2023-11-13T08:09:05.491+0000] {processor.py:179} INFO - Processing /home/airflow/.local/lib/python3.8/site-packages/airflow/example_dags/example_trigger_target_dag.py took 0.340 seconds
[2023-11-13T08:09:35.995+0000] {processor.py:157} INFO - Started process (PID=1575) to work on /home/airflow/.local/lib/python3.8/site-packages/airflow/example_dags/example_trigger_target_dag.py
[2023-11-13T08:09:35.999+0000] {processor.py:829} INFO - Processing file /home/airflow/.local/lib/python3.8/site-packages/airflow/example_dags/example_trigger_target_dag.py for tasks to queue
[2023-11-13T08:09:36.001+0000] {logging_mixin.py:154} INFO - [2023-11-13T08:09:36.001+0000] {dagbag.py:536} INFO - Filling up the DagBag from /home/airflow/.local/lib/python3.8/site-packages/airflow/example_dags/example_trigger_target_dag.py
[2023-11-13T08:09:36.004+0000] {processor.py:839} INFO - DAG(s) dict_keys(['example_trigger_target_dag']) retrieved from /home/airflow/.local/lib/python3.8/site-packages/airflow/example_dags/example_trigger_target_dag.py
[2023-11-13T08:09:36.019+0000] {logging_mixin.py:154} INFO - [2023-11-13T08:09:36.018+0000] {dag.py:2941} INFO - Sync 1 DAGs
[2023-11-13T08:09:36.127+0000] {logging_mixin.py:154} INFO - [2023-11-13T08:09:36.127+0000] {dag.py:3722} INFO - Setting next_dagrun for example_trigger_target_dag to None, run_after=None
[2023-11-13T08:09:36.149+0000] {processor.py:179} INFO - Processing /home/airflow/.local/lib/python3.8/site-packages/airflow/example_dags/example_trigger_target_dag.py took 0.157 seconds
[2023-11-13T08:10:06.747+0000] {processor.py:157} INFO - Started process (PID=1629) to work on /home/airflow/.local/lib/python3.8/site-packages/airflow/example_dags/example_trigger_target_dag.py
[2023-11-13T08:10:06.748+0000] {processor.py:829} INFO - Processing file /home/airflow/.local/lib/python3.8/site-packages/airflow/example_dags/example_trigger_target_dag.py for tasks to queue
[2023-11-13T08:10:06.750+0000] {logging_mixin.py:154} INFO - [2023-11-13T08:10:06.749+0000] {dagbag.py:536} INFO - Filling up the DagBag from /home/airflow/.local/lib/python3.8/site-packages/airflow/example_dags/example_trigger_target_dag.py
[2023-11-13T08:10:06.753+0000] {processor.py:839} INFO - DAG(s) dict_keys(['example_trigger_target_dag']) retrieved from /home/airflow/.local/lib/python3.8/site-packages/airflow/example_dags/example_trigger_target_dag.py
[2023-11-13T08:10:06.767+0000] {logging_mixin.py:154} INFO - [2023-11-13T08:10:06.767+0000] {dag.py:2941} INFO - Sync 1 DAGs
[2023-11-13T08:10:06.776+0000] {logging_mixin.py:154} INFO - [2023-11-13T08:10:06.776+0000] {dag.py:3722} INFO - Setting next_dagrun for example_trigger_target_dag to None, run_after=None
[2023-11-13T08:10:06.808+0000] {processor.py:179} INFO - Processing /home/airflow/.local/lib/python3.8/site-packages/airflow/example_dags/example_trigger_target_dag.py took 0.064 seconds
[2023-11-13T08:10:37.255+0000] {processor.py:157} INFO - Started process (PID=1683) to work on /home/airflow/.local/lib/python3.8/site-packages/airflow/example_dags/example_trigger_target_dag.py
[2023-11-13T08:10:37.256+0000] {processor.py:829} INFO - Processing file /home/airflow/.local/lib/python3.8/site-packages/airflow/example_dags/example_trigger_target_dag.py for tasks to queue
[2023-11-13T08:10:37.258+0000] {logging_mixin.py:154} INFO - [2023-11-13T08:10:37.257+0000] {dagbag.py:536} INFO - Filling up the DagBag from /home/airflow/.local/lib/python3.8/site-packages/airflow/example_dags/example_trigger_target_dag.py
[2023-11-13T08:10:37.261+0000] {processor.py:839} INFO - DAG(s) dict_keys(['example_trigger_target_dag']) retrieved from /home/airflow/.local/lib/python3.8/site-packages/airflow/example_dags/example_trigger_target_dag.py
[2023-11-13T08:10:37.275+0000] {logging_mixin.py:154} INFO - [2023-11-13T08:10:37.275+0000] {dag.py:2941} INFO - Sync 1 DAGs
[2023-11-13T08:10:37.284+0000] {logging_mixin.py:154} INFO - [2023-11-13T08:10:37.284+0000] {dag.py:3722} INFO - Setting next_dagrun for example_trigger_target_dag to None, run_after=None
[2023-11-13T08:10:37.317+0000] {processor.py:179} INFO - Processing /home/airflow/.local/lib/python3.8/site-packages/airflow/example_dags/example_trigger_target_dag.py took 0.065 seconds
[2023-11-13T08:11:10.132+0000] {processor.py:157} INFO - Started process (PID=1737) to work on /home/airflow/.local/lib/python3.8/site-packages/airflow/example_dags/example_trigger_target_dag.py
[2023-11-13T08:11:10.132+0000] {processor.py:829} INFO - Processing file /home/airflow/.local/lib/python3.8/site-packages/airflow/example_dags/example_trigger_target_dag.py for tasks to queue
[2023-11-13T08:11:10.134+0000] {logging_mixin.py:154} INFO - [2023-11-13T08:11:10.134+0000] {dagbag.py:536} INFO - Filling up the DagBag from /home/airflow/.local/lib/python3.8/site-packages/airflow/example_dags/example_trigger_target_dag.py
[2023-11-13T08:11:10.138+0000] {processor.py:839} INFO - DAG(s) dict_keys(['example_trigger_target_dag']) retrieved from /home/airflow/.local/lib/python3.8/site-packages/airflow/example_dags/example_trigger_target_dag.py
[2023-11-13T08:11:10.152+0000] {logging_mixin.py:154} INFO - [2023-11-13T08:11:10.152+0000] {dag.py:2941} INFO - Sync 1 DAGs
[2023-11-13T08:11:10.161+0000] {logging_mixin.py:154} INFO - [2023-11-13T08:11:10.161+0000] {dag.py:3722} INFO - Setting next_dagrun for example_trigger_target_dag to None, run_after=None
[2023-11-13T08:11:10.200+0000] {processor.py:179} INFO - Processing /home/airflow/.local/lib/python3.8/site-packages/airflow/example_dags/example_trigger_target_dag.py took 0.070 seconds
[2023-11-13T08:11:40.281+0000] {processor.py:157} INFO - Started process (PID=1791) to work on /home/airflow/.local/lib/python3.8/site-packages/airflow/example_dags/example_trigger_target_dag.py
[2023-11-13T08:11:40.282+0000] {processor.py:829} INFO - Processing file /home/airflow/.local/lib/python3.8/site-packages/airflow/example_dags/example_trigger_target_dag.py for tasks to queue
[2023-11-13T08:11:40.284+0000] {logging_mixin.py:154} INFO - [2023-11-13T08:11:40.284+0000] {dagbag.py:536} INFO - Filling up the DagBag from /home/airflow/.local/lib/python3.8/site-packages/airflow/example_dags/example_trigger_target_dag.py
[2023-11-13T08:11:40.290+0000] {processor.py:839} INFO - DAG(s) dict_keys(['example_trigger_target_dag']) retrieved from /home/airflow/.local/lib/python3.8/site-packages/airflow/example_dags/example_trigger_target_dag.py
[2023-11-13T08:11:40.307+0000] {logging_mixin.py:154} INFO - [2023-11-13T08:11:40.307+0000] {dag.py:2941} INFO - Sync 1 DAGs
[2023-11-13T08:11:40.316+0000] {logging_mixin.py:154} INFO - [2023-11-13T08:11:40.315+0000] {dag.py:3722} INFO - Setting next_dagrun for example_trigger_target_dag to None, run_after=None
[2023-11-13T08:11:40.343+0000] {processor.py:179} INFO - Processing /home/airflow/.local/lib/python3.8/site-packages/airflow/example_dags/example_trigger_target_dag.py took 0.066 seconds
[2023-11-13T08:12:12.146+0000] {processor.py:157} INFO - Started process (PID=1845) to work on /home/airflow/.local/lib/python3.8/site-packages/airflow/example_dags/example_trigger_target_dag.py
[2023-11-13T08:12:12.168+0000] {processor.py:829} INFO - Processing file /home/airflow/.local/lib/python3.8/site-packages/airflow/example_dags/example_trigger_target_dag.py for tasks to queue
[2023-11-13T08:12:12.170+0000] {logging_mixin.py:154} INFO - [2023-11-13T08:12:12.170+0000] {dagbag.py:536} INFO - Filling up the DagBag from /home/airflow/.local/lib/python3.8/site-packages/airflow/example_dags/example_trigger_target_dag.py
[2023-11-13T08:12:12.174+0000] {processor.py:839} INFO - DAG(s) dict_keys(['example_trigger_target_dag']) retrieved from /home/airflow/.local/lib/python3.8/site-packages/airflow/example_dags/example_trigger_target_dag.py
[2023-11-13T08:12:12.188+0000] {logging_mixin.py:154} INFO - [2023-11-13T08:12:12.188+0000] {dag.py:2941} INFO - Sync 1 DAGs
[2023-11-13T08:12:12.197+0000] {logging_mixin.py:154} INFO - [2023-11-13T08:12:12.197+0000] {dag.py:3722} INFO - Setting next_dagrun for example_trigger_target_dag to None, run_after=None
[2023-11-13T08:12:12.230+0000] {processor.py:179} INFO - Processing /home/airflow/.local/lib/python3.8/site-packages/airflow/example_dags/example_trigger_target_dag.py took 0.087 seconds
[2023-11-13T08:12:44.235+0000] {processor.py:157} INFO - Started process (PID=1899) to work on /home/airflow/.local/lib/python3.8/site-packages/airflow/example_dags/example_trigger_target_dag.py
[2023-11-13T08:12:44.236+0000] {processor.py:829} INFO - Processing file /home/airflow/.local/lib/python3.8/site-packages/airflow/example_dags/example_trigger_target_dag.py for tasks to queue
[2023-11-13T08:12:44.237+0000] {logging_mixin.py:154} INFO - [2023-11-13T08:12:44.237+0000] {dagbag.py:536} INFO - Filling up the DagBag from /home/airflow/.local/lib/python3.8/site-packages/airflow/example_dags/example_trigger_target_dag.py
[2023-11-13T08:12:44.241+0000] {processor.py:839} INFO - DAG(s) dict_keys(['example_trigger_target_dag']) retrieved from /home/airflow/.local/lib/python3.8/site-packages/airflow/example_dags/example_trigger_target_dag.py
[2023-11-13T08:12:44.255+0000] {logging_mixin.py:154} INFO - [2023-11-13T08:12:44.255+0000] {dag.py:2941} INFO - Sync 1 DAGs
[2023-11-13T08:12:44.264+0000] {logging_mixin.py:154} INFO - [2023-11-13T08:12:44.264+0000] {dag.py:3722} INFO - Setting next_dagrun for example_trigger_target_dag to None, run_after=None
[2023-11-13T08:12:44.296+0000] {processor.py:179} INFO - Processing /home/airflow/.local/lib/python3.8/site-packages/airflow/example_dags/example_trigger_target_dag.py took 0.063 seconds
[2023-11-13T08:13:16.703+0000] {processor.py:157} INFO - Started process (PID=1953) to work on /home/airflow/.local/lib/python3.8/site-packages/airflow/example_dags/example_trigger_target_dag.py
[2023-11-13T08:13:16.714+0000] {processor.py:829} INFO - Processing file /home/airflow/.local/lib/python3.8/site-packages/airflow/example_dags/example_trigger_target_dag.py for tasks to queue
[2023-11-13T08:13:16.716+0000] {logging_mixin.py:154} INFO - [2023-11-13T08:13:16.716+0000] {dagbag.py:536} INFO - Filling up the DagBag from /home/airflow/.local/lib/python3.8/site-packages/airflow/example_dags/example_trigger_target_dag.py
[2023-11-13T08:13:16.720+0000] {processor.py:839} INFO - DAG(s) dict_keys(['example_trigger_target_dag']) retrieved from /home/airflow/.local/lib/python3.8/site-packages/airflow/example_dags/example_trigger_target_dag.py
[2023-11-13T08:13:16.733+0000] {logging_mixin.py:154} INFO - [2023-11-13T08:13:16.733+0000] {dag.py:2941} INFO - Sync 1 DAGs
[2023-11-13T08:13:16.742+0000] {logging_mixin.py:154} INFO - [2023-11-13T08:13:16.742+0000] {dag.py:3722} INFO - Setting next_dagrun for example_trigger_target_dag to None, run_after=None
[2023-11-13T08:13:16.776+0000] {processor.py:179} INFO - Processing /home/airflow/.local/lib/python3.8/site-packages/airflow/example_dags/example_trigger_target_dag.py took 0.075 seconds
[2023-11-13T08:13:47.217+0000] {processor.py:157} INFO - Started process (PID=2007) to work on /home/airflow/.local/lib/python3.8/site-packages/airflow/example_dags/example_trigger_target_dag.py
[2023-11-13T08:13:47.218+0000] {processor.py:829} INFO - Processing file /home/airflow/.local/lib/python3.8/site-packages/airflow/example_dags/example_trigger_target_dag.py for tasks to queue
[2023-11-13T08:13:47.220+0000] {logging_mixin.py:154} INFO - [2023-11-13T08:13:47.219+0000] {dagbag.py:536} INFO - Filling up the DagBag from /home/airflow/.local/lib/python3.8/site-packages/airflow/example_dags/example_trigger_target_dag.py
[2023-11-13T08:13:47.223+0000] {processor.py:839} INFO - DAG(s) dict_keys(['example_trigger_target_dag']) retrieved from /home/airflow/.local/lib/python3.8/site-packages/airflow/example_dags/example_trigger_target_dag.py
[2023-11-13T08:13:47.237+0000] {logging_mixin.py:154} INFO - [2023-11-13T08:13:47.237+0000] {dag.py:2941} INFO - Sync 1 DAGs
[2023-11-13T08:13:47.246+0000] {logging_mixin.py:154} INFO - [2023-11-13T08:13:47.246+0000] {dag.py:3722} INFO - Setting next_dagrun for example_trigger_target_dag to None, run_after=None
[2023-11-13T08:13:47.279+0000] {processor.py:179} INFO - Processing /home/airflow/.local/lib/python3.8/site-packages/airflow/example_dags/example_trigger_target_dag.py took 0.064 seconds
[2023-11-13T08:14:17.997+0000] {processor.py:157} INFO - Started process (PID=2061) to work on /home/airflow/.local/lib/python3.8/site-packages/airflow/example_dags/example_trigger_target_dag.py
[2023-11-13T08:14:18.010+0000] {processor.py:829} INFO - Processing file /home/airflow/.local/lib/python3.8/site-packages/airflow/example_dags/example_trigger_target_dag.py for tasks to queue
[2023-11-13T08:14:18.012+0000] {logging_mixin.py:154} INFO - [2023-11-13T08:14:18.012+0000] {dagbag.py:536} INFO - Filling up the DagBag from /home/airflow/.local/lib/python3.8/site-packages/airflow/example_dags/example_trigger_target_dag.py
[2023-11-13T08:14:18.015+0000] {processor.py:839} INFO - DAG(s) dict_keys(['example_trigger_target_dag']) retrieved from /home/airflow/.local/lib/python3.8/site-packages/airflow/example_dags/example_trigger_target_dag.py
[2023-11-13T08:14:18.030+0000] {logging_mixin.py:154} INFO - [2023-11-13T08:14:18.030+0000] {dag.py:2941} INFO - Sync 1 DAGs
[2023-11-13T08:14:18.039+0000] {logging_mixin.py:154} INFO - [2023-11-13T08:14:18.038+0000] {dag.py:3722} INFO - Setting next_dagrun for example_trigger_target_dag to None, run_after=None
[2023-11-13T08:14:18.064+0000] {processor.py:179} INFO - Processing /home/airflow/.local/lib/python3.8/site-packages/airflow/example_dags/example_trigger_target_dag.py took 0.070 seconds
[2023-11-13T08:14:51.143+0000] {processor.py:157} INFO - Started process (PID=2115) to work on /home/airflow/.local/lib/python3.8/site-packages/airflow/example_dags/example_trigger_target_dag.py
[2023-11-13T08:14:51.149+0000] {processor.py:829} INFO - Processing file /home/airflow/.local/lib/python3.8/site-packages/airflow/example_dags/example_trigger_target_dag.py for tasks to queue
[2023-11-13T08:14:51.150+0000] {logging_mixin.py:154} INFO - [2023-11-13T08:14:51.150+0000] {dagbag.py:536} INFO - Filling up the DagBag from /home/airflow/.local/lib/python3.8/site-packages/airflow/example_dags/example_trigger_target_dag.py
[2023-11-13T08:14:51.154+0000] {processor.py:839} INFO - DAG(s) dict_keys(['example_trigger_target_dag']) retrieved from /home/airflow/.local/lib/python3.8/site-packages/airflow/example_dags/example_trigger_target_dag.py
[2023-11-13T08:14:51.169+0000] {logging_mixin.py:154} INFO - [2023-11-13T08:14:51.169+0000] {dag.py:2941} INFO - Sync 1 DAGs
[2023-11-13T08:14:51.178+0000] {logging_mixin.py:154} INFO - [2023-11-13T08:14:51.178+0000] {dag.py:3722} INFO - Setting next_dagrun for example_trigger_target_dag to None, run_after=None
[2023-11-13T08:14:51.204+0000] {processor.py:179} INFO - Processing /home/airflow/.local/lib/python3.8/site-packages/airflow/example_dags/example_trigger_target_dag.py took 0.064 seconds
[2023-11-13T08:15:21.879+0000] {processor.py:157} INFO - Started process (PID=2169) to work on /home/airflow/.local/lib/python3.8/site-packages/airflow/example_dags/example_trigger_target_dag.py
[2023-11-13T08:15:21.905+0000] {processor.py:829} INFO - Processing file /home/airflow/.local/lib/python3.8/site-packages/airflow/example_dags/example_trigger_target_dag.py for tasks to queue
[2023-11-13T08:15:21.907+0000] {logging_mixin.py:154} INFO - [2023-11-13T08:15:21.907+0000] {dagbag.py:536} INFO - Filling up the DagBag from /home/airflow/.local/lib/python3.8/site-packages/airflow/example_dags/example_trigger_target_dag.py
[2023-11-13T08:15:21.911+0000] {processor.py:839} INFO - DAG(s) dict_keys(['example_trigger_target_dag']) retrieved from /home/airflow/.local/lib/python3.8/site-packages/airflow/example_dags/example_trigger_target_dag.py
[2023-11-13T08:15:21.928+0000] {logging_mixin.py:154} INFO - [2023-11-13T08:15:21.928+0000] {dag.py:2941} INFO - Sync 1 DAGs
[2023-11-13T08:15:21.939+0000] {logging_mixin.py:154} INFO - [2023-11-13T08:15:21.938+0000] {dag.py:3722} INFO - Setting next_dagrun for example_trigger_target_dag to None, run_after=None
[2023-11-13T08:15:21.988+0000] {processor.py:179} INFO - Processing /home/airflow/.local/lib/python3.8/site-packages/airflow/example_dags/example_trigger_target_dag.py took 0.111 seconds
[2023-11-13T08:15:52.152+0000] {processor.py:157} INFO - Started process (PID=2223) to work on /home/airflow/.local/lib/python3.8/site-packages/airflow/example_dags/example_trigger_target_dag.py
[2023-11-13T08:15:52.153+0000] {processor.py:829} INFO - Processing file /home/airflow/.local/lib/python3.8/site-packages/airflow/example_dags/example_trigger_target_dag.py for tasks to queue
[2023-11-13T08:15:52.154+0000] {logging_mixin.py:154} INFO - [2023-11-13T08:15:52.154+0000] {dagbag.py:536} INFO - Filling up the DagBag from /home/airflow/.local/lib/python3.8/site-packages/airflow/example_dags/example_trigger_target_dag.py
[2023-11-13T08:15:52.158+0000] {processor.py:839} INFO - DAG(s) dict_keys(['example_trigger_target_dag']) retrieved from /home/airflow/.local/lib/python3.8/site-packages/airflow/example_dags/example_trigger_target_dag.py
[2023-11-13T08:15:52.171+0000] {logging_mixin.py:154} INFO - [2023-11-13T08:15:52.171+0000] {dag.py:2941} INFO - Sync 1 DAGs
[2023-11-13T08:15:52.180+0000] {logging_mixin.py:154} INFO - [2023-11-13T08:15:52.180+0000] {dag.py:3722} INFO - Setting next_dagrun for example_trigger_target_dag to None, run_after=None
[2023-11-13T08:15:52.222+0000] {processor.py:179} INFO - Processing /home/airflow/.local/lib/python3.8/site-packages/airflow/example_dags/example_trigger_target_dag.py took 0.072 seconds
[2023-11-13T08:16:23.185+0000] {processor.py:157} INFO - Started process (PID=2277) to work on /home/airflow/.local/lib/python3.8/site-packages/airflow/example_dags/example_trigger_target_dag.py
[2023-11-13T08:16:23.192+0000] {processor.py:829} INFO - Processing file /home/airflow/.local/lib/python3.8/site-packages/airflow/example_dags/example_trigger_target_dag.py for tasks to queue
[2023-11-13T08:16:23.194+0000] {logging_mixin.py:154} INFO - [2023-11-13T08:16:23.194+0000] {dagbag.py:536} INFO - Filling up the DagBag from /home/airflow/.local/lib/python3.8/site-packages/airflow/example_dags/example_trigger_target_dag.py
[2023-11-13T08:16:23.198+0000] {processor.py:839} INFO - DAG(s) dict_keys(['example_trigger_target_dag']) retrieved from /home/airflow/.local/lib/python3.8/site-packages/airflow/example_dags/example_trigger_target_dag.py
[2023-11-13T08:16:23.212+0000] {logging_mixin.py:154} INFO - [2023-11-13T08:16:23.212+0000] {dag.py:2941} INFO - Sync 1 DAGs
[2023-11-13T08:16:23.220+0000] {logging_mixin.py:154} INFO - [2023-11-13T08:16:23.220+0000] {dag.py:3722} INFO - Setting next_dagrun for example_trigger_target_dag to None, run_after=None
[2023-11-13T08:16:23.257+0000] {processor.py:179} INFO - Processing /home/airflow/.local/lib/python3.8/site-packages/airflow/example_dags/example_trigger_target_dag.py took 0.074 seconds
[2023-11-13T08:16:53.462+0000] {processor.py:157} INFO - Started process (PID=2331) to work on /home/airflow/.local/lib/python3.8/site-packages/airflow/example_dags/example_trigger_target_dag.py
[2023-11-13T08:16:53.462+0000] {processor.py:829} INFO - Processing file /home/airflow/.local/lib/python3.8/site-packages/airflow/example_dags/example_trigger_target_dag.py for tasks to queue
[2023-11-13T08:16:53.464+0000] {logging_mixin.py:154} INFO - [2023-11-13T08:16:53.464+0000] {dagbag.py:536} INFO - Filling up the DagBag from /home/airflow/.local/lib/python3.8/site-packages/airflow/example_dags/example_trigger_target_dag.py
[2023-11-13T08:16:53.468+0000] {processor.py:839} INFO - DAG(s) dict_keys(['example_trigger_target_dag']) retrieved from /home/airflow/.local/lib/python3.8/site-packages/airflow/example_dags/example_trigger_target_dag.py
[2023-11-13T08:16:53.484+0000] {logging_mixin.py:154} INFO - [2023-11-13T08:16:53.484+0000] {dag.py:2941} INFO - Sync 1 DAGs
[2023-11-13T08:16:53.493+0000] {logging_mixin.py:154} INFO - [2023-11-13T08:16:53.493+0000] {dag.py:3722} INFO - Setting next_dagrun for example_trigger_target_dag to None, run_after=None
[2023-11-13T08:16:53.523+0000] {processor.py:179} INFO - Processing /home/airflow/.local/lib/python3.8/site-packages/airflow/example_dags/example_trigger_target_dag.py took 0.063 seconds
[2023-11-13T08:17:27.435+0000] {processor.py:157} INFO - Started process (PID=2385) to work on /home/airflow/.local/lib/python3.8/site-packages/airflow/example_dags/example_trigger_target_dag.py
[2023-11-13T08:17:27.450+0000] {processor.py:829} INFO - Processing file /home/airflow/.local/lib/python3.8/site-packages/airflow/example_dags/example_trigger_target_dag.py for tasks to queue
[2023-11-13T08:17:27.452+0000] {logging_mixin.py:154} INFO - [2023-11-13T08:17:27.451+0000] {dagbag.py:536} INFO - Filling up the DagBag from /home/airflow/.local/lib/python3.8/site-packages/airflow/example_dags/example_trigger_target_dag.py
[2023-11-13T08:17:27.456+0000] {processor.py:839} INFO - DAG(s) dict_keys(['example_trigger_target_dag']) retrieved from /home/airflow/.local/lib/python3.8/site-packages/airflow/example_dags/example_trigger_target_dag.py
[2023-11-13T08:17:27.470+0000] {logging_mixin.py:154} INFO - [2023-11-13T08:17:27.470+0000] {dag.py:2941} INFO - Sync 1 DAGs
[2023-11-13T08:17:27.478+0000] {logging_mixin.py:154} INFO - [2023-11-13T08:17:27.478+0000] {dag.py:3722} INFO - Setting next_dagrun for example_trigger_target_dag to None, run_after=None
[2023-11-13T08:17:27.587+0000] {processor.py:179} INFO - Processing /home/airflow/.local/lib/python3.8/site-packages/airflow/example_dags/example_trigger_target_dag.py took 0.156 seconds
[2023-11-13T08:17:58.352+0000] {processor.py:157} INFO - Started process (PID=2439) to work on /home/airflow/.local/lib/python3.8/site-packages/airflow/example_dags/example_trigger_target_dag.py
[2023-11-13T08:17:58.353+0000] {processor.py:829} INFO - Processing file /home/airflow/.local/lib/python3.8/site-packages/airflow/example_dags/example_trigger_target_dag.py for tasks to queue
[2023-11-13T08:17:58.355+0000] {logging_mixin.py:154} INFO - [2023-11-13T08:17:58.354+0000] {dagbag.py:536} INFO - Filling up the DagBag from /home/airflow/.local/lib/python3.8/site-packages/airflow/example_dags/example_trigger_target_dag.py
[2023-11-13T08:17:58.358+0000] {processor.py:839} INFO - DAG(s) dict_keys(['example_trigger_target_dag']) retrieved from /home/airflow/.local/lib/python3.8/site-packages/airflow/example_dags/example_trigger_target_dag.py
[2023-11-13T08:17:58.372+0000] {logging_mixin.py:154} INFO - [2023-11-13T08:17:58.372+0000] {dag.py:2941} INFO - Sync 1 DAGs
[2023-11-13T08:17:58.381+0000] {logging_mixin.py:154} INFO - [2023-11-13T08:17:58.381+0000] {dag.py:3722} INFO - Setting next_dagrun for example_trigger_target_dag to None, run_after=None
[2023-11-13T08:17:58.414+0000] {processor.py:179} INFO - Processing /home/airflow/.local/lib/python3.8/site-packages/airflow/example_dags/example_trigger_target_dag.py took 0.064 seconds
[2023-11-13T08:18:29.478+0000] {processor.py:157} INFO - Started process (PID=2493) to work on /home/airflow/.local/lib/python3.8/site-packages/airflow/example_dags/example_trigger_target_dag.py
[2023-11-13T08:18:29.490+0000] {processor.py:829} INFO - Processing file /home/airflow/.local/lib/python3.8/site-packages/airflow/example_dags/example_trigger_target_dag.py for tasks to queue
[2023-11-13T08:18:29.493+0000] {logging_mixin.py:154} INFO - [2023-11-13T08:18:29.492+0000] {dagbag.py:536} INFO - Filling up the DagBag from /home/airflow/.local/lib/python3.8/site-packages/airflow/example_dags/example_trigger_target_dag.py
[2023-11-13T08:18:29.496+0000] {processor.py:839} INFO - DAG(s) dict_keys(['example_trigger_target_dag']) retrieved from /home/airflow/.local/lib/python3.8/site-packages/airflow/example_dags/example_trigger_target_dag.py
[2023-11-13T08:18:29.516+0000] {logging_mixin.py:154} INFO - [2023-11-13T08:18:29.515+0000] {dag.py:2941} INFO - Sync 1 DAGs
[2023-11-13T08:18:29.530+0000] {logging_mixin.py:154} INFO - [2023-11-13T08:18:29.530+0000] {dag.py:3722} INFO - Setting next_dagrun for example_trigger_target_dag to None, run_after=None
[2023-11-13T08:18:29.563+0000] {processor.py:179} INFO - Processing /home/airflow/.local/lib/python3.8/site-packages/airflow/example_dags/example_trigger_target_dag.py took 0.087 seconds
[2023-11-13T08:19:01.717+0000] {processor.py:157} INFO - Started process (PID=2547) to work on /home/airflow/.local/lib/python3.8/site-packages/airflow/example_dags/example_trigger_target_dag.py
[2023-11-13T08:19:01.717+0000] {processor.py:829} INFO - Processing file /home/airflow/.local/lib/python3.8/site-packages/airflow/example_dags/example_trigger_target_dag.py for tasks to queue
[2023-11-13T08:19:01.719+0000] {logging_mixin.py:154} INFO - [2023-11-13T08:19:01.719+0000] {dagbag.py:536} INFO - Filling up the DagBag from /home/airflow/.local/lib/python3.8/site-packages/airflow/example_dags/example_trigger_target_dag.py
[2023-11-13T08:19:01.723+0000] {processor.py:839} INFO - DAG(s) dict_keys(['example_trigger_target_dag']) retrieved from /home/airflow/.local/lib/python3.8/site-packages/airflow/example_dags/example_trigger_target_dag.py
[2023-11-13T08:19:01.739+0000] {logging_mixin.py:154} INFO - [2023-11-13T08:19:01.739+0000] {dag.py:2941} INFO - Sync 1 DAGs
[2023-11-13T08:19:01.747+0000] {logging_mixin.py:154} INFO - [2023-11-13T08:19:01.747+0000] {dag.py:3722} INFO - Setting next_dagrun for example_trigger_target_dag to None, run_after=None
[2023-11-13T08:19:02.004+0000] {processor.py:179} INFO - Processing /home/airflow/.local/lib/python3.8/site-packages/airflow/example_dags/example_trigger_target_dag.py took 0.289 seconds
[2023-11-13T08:19:35.799+0000] {processor.py:157} INFO - Started process (PID=2601) to work on /home/airflow/.local/lib/python3.8/site-packages/airflow/example_dags/example_trigger_target_dag.py
[2023-11-13T08:19:35.841+0000] {processor.py:829} INFO - Processing file /home/airflow/.local/lib/python3.8/site-packages/airflow/example_dags/example_trigger_target_dag.py for tasks to queue
[2023-11-13T08:19:35.843+0000] {logging_mixin.py:154} INFO - [2023-11-13T08:19:35.843+0000] {dagbag.py:536} INFO - Filling up the DagBag from /home/airflow/.local/lib/python3.8/site-packages/airflow/example_dags/example_trigger_target_dag.py
[2023-11-13T08:19:35.849+0000] {processor.py:839} INFO - DAG(s) dict_keys(['example_trigger_target_dag']) retrieved from /home/airflow/.local/lib/python3.8/site-packages/airflow/example_dags/example_trigger_target_dag.py
[2023-11-13T08:19:35.871+0000] {logging_mixin.py:154} INFO - [2023-11-13T08:19:35.871+0000] {dag.py:2941} INFO - Sync 1 DAGs
[2023-11-13T08:19:35.882+0000] {logging_mixin.py:154} INFO - [2023-11-13T08:19:35.882+0000] {dag.py:3722} INFO - Setting next_dagrun for example_trigger_target_dag to None, run_after=None
[2023-11-13T08:19:35.937+0000] {processor.py:179} INFO - Processing /home/airflow/.local/lib/python3.8/site-packages/airflow/example_dags/example_trigger_target_dag.py took 0.141 seconds
[2023-11-13T08:20:09.768+0000] {processor.py:157} INFO - Started process (PID=2655) to work on /home/airflow/.local/lib/python3.8/site-packages/airflow/example_dags/example_trigger_target_dag.py
[2023-11-13T08:20:09.769+0000] {processor.py:829} INFO - Processing file /home/airflow/.local/lib/python3.8/site-packages/airflow/example_dags/example_trigger_target_dag.py for tasks to queue
[2023-11-13T08:20:09.770+0000] {logging_mixin.py:154} INFO - [2023-11-13T08:20:09.770+0000] {dagbag.py:536} INFO - Filling up the DagBag from /home/airflow/.local/lib/python3.8/site-packages/airflow/example_dags/example_trigger_target_dag.py
[2023-11-13T08:20:09.774+0000] {processor.py:839} INFO - DAG(s) dict_keys(['example_trigger_target_dag']) retrieved from /home/airflow/.local/lib/python3.8/site-packages/airflow/example_dags/example_trigger_target_dag.py
[2023-11-13T08:20:09.787+0000] {logging_mixin.py:154} INFO - [2023-11-13T08:20:09.787+0000] {dag.py:2941} INFO - Sync 1 DAGs
[2023-11-13T08:20:09.796+0000] {logging_mixin.py:154} INFO - [2023-11-13T08:20:09.796+0000] {dag.py:3722} INFO - Setting next_dagrun for example_trigger_target_dag to None, run_after=None
[2023-11-13T08:20:10.270+0000] {processor.py:179} INFO - Processing /home/airflow/.local/lib/python3.8/site-packages/airflow/example_dags/example_trigger_target_dag.py took 0.505 seconds
[2023-11-13T08:20:40.921+0000] {processor.py:157} INFO - Started process (PID=2709) to work on /home/airflow/.local/lib/python3.8/site-packages/airflow/example_dags/example_trigger_target_dag.py
[2023-11-13T08:20:40.922+0000] {processor.py:829} INFO - Processing file /home/airflow/.local/lib/python3.8/site-packages/airflow/example_dags/example_trigger_target_dag.py for tasks to queue
[2023-11-13T08:20:40.923+0000] {logging_mixin.py:154} INFO - [2023-11-13T08:20:40.923+0000] {dagbag.py:536} INFO - Filling up the DagBag from /home/airflow/.local/lib/python3.8/site-packages/airflow/example_dags/example_trigger_target_dag.py
[2023-11-13T08:20:40.927+0000] {processor.py:839} INFO - DAG(s) dict_keys(['example_trigger_target_dag']) retrieved from /home/airflow/.local/lib/python3.8/site-packages/airflow/example_dags/example_trigger_target_dag.py
[2023-11-13T08:20:40.941+0000] {logging_mixin.py:154} INFO - [2023-11-13T08:20:40.941+0000] {dag.py:2941} INFO - Sync 1 DAGs
[2023-11-13T08:20:40.949+0000] {logging_mixin.py:154} INFO - [2023-11-13T08:20:40.949+0000] {dag.py:3722} INFO - Setting next_dagrun for example_trigger_target_dag to None, run_after=None
[2023-11-13T08:20:40.977+0000] {processor.py:179} INFO - Processing /home/airflow/.local/lib/python3.8/site-packages/airflow/example_dags/example_trigger_target_dag.py took 0.058 seconds
[2023-11-13T08:21:12.162+0000] {processor.py:157} INFO - Started process (PID=2763) to work on /home/airflow/.local/lib/python3.8/site-packages/airflow/example_dags/example_trigger_target_dag.py
[2023-11-13T08:21:12.183+0000] {processor.py:829} INFO - Processing file /home/airflow/.local/lib/python3.8/site-packages/airflow/example_dags/example_trigger_target_dag.py for tasks to queue
[2023-11-13T08:21:12.184+0000] {logging_mixin.py:154} INFO - [2023-11-13T08:21:12.184+0000] {dagbag.py:536} INFO - Filling up the DagBag from /home/airflow/.local/lib/python3.8/site-packages/airflow/example_dags/example_trigger_target_dag.py
[2023-11-13T08:21:12.188+0000] {processor.py:839} INFO - DAG(s) dict_keys(['example_trigger_target_dag']) retrieved from /home/airflow/.local/lib/python3.8/site-packages/airflow/example_dags/example_trigger_target_dag.py
[2023-11-13T08:21:12.204+0000] {logging_mixin.py:154} INFO - [2023-11-13T08:21:12.204+0000] {dag.py:2941} INFO - Sync 1 DAGs
[2023-11-13T08:21:12.214+0000] {logging_mixin.py:154} INFO - [2023-11-13T08:21:12.214+0000] {dag.py:3722} INFO - Setting next_dagrun for example_trigger_target_dag to None, run_after=None
[2023-11-13T08:21:12.245+0000] {processor.py:179} INFO - Processing /home/airflow/.local/lib/python3.8/site-packages/airflow/example_dags/example_trigger_target_dag.py took 0.086 seconds
[2023-11-13T08:21:42.588+0000] {processor.py:157} INFO - Started process (PID=2817) to work on /home/airflow/.local/lib/python3.8/site-packages/airflow/example_dags/example_trigger_target_dag.py
[2023-11-13T08:21:42.604+0000] {processor.py:829} INFO - Processing file /home/airflow/.local/lib/python3.8/site-packages/airflow/example_dags/example_trigger_target_dag.py for tasks to queue
[2023-11-13T08:21:42.606+0000] {logging_mixin.py:154} INFO - [2023-11-13T08:21:42.606+0000] {dagbag.py:536} INFO - Filling up the DagBag from /home/airflow/.local/lib/python3.8/site-packages/airflow/example_dags/example_trigger_target_dag.py
[2023-11-13T08:21:42.610+0000] {processor.py:839} INFO - DAG(s) dict_keys(['example_trigger_target_dag']) retrieved from /home/airflow/.local/lib/python3.8/site-packages/airflow/example_dags/example_trigger_target_dag.py
[2023-11-13T08:21:42.623+0000] {logging_mixin.py:154} INFO - [2023-11-13T08:21:42.623+0000] {dag.py:2941} INFO - Sync 1 DAGs
[2023-11-13T08:21:42.632+0000] {logging_mixin.py:154} INFO - [2023-11-13T08:21:42.632+0000] {dag.py:3722} INFO - Setting next_dagrun for example_trigger_target_dag to None, run_after=None
[2023-11-13T08:21:42.688+0000] {processor.py:179} INFO - Processing /home/airflow/.local/lib/python3.8/site-packages/airflow/example_dags/example_trigger_target_dag.py took 0.102 seconds
[2023-11-13T08:22:14.994+0000] {processor.py:157} INFO - Started process (PID=2871) to work on /home/airflow/.local/lib/python3.8/site-packages/airflow/example_dags/example_trigger_target_dag.py
[2023-11-13T08:22:14.995+0000] {processor.py:829} INFO - Processing file /home/airflow/.local/lib/python3.8/site-packages/airflow/example_dags/example_trigger_target_dag.py for tasks to queue
[2023-11-13T08:22:14.997+0000] {logging_mixin.py:154} INFO - [2023-11-13T08:22:14.997+0000] {dagbag.py:536} INFO - Filling up the DagBag from /home/airflow/.local/lib/python3.8/site-packages/airflow/example_dags/example_trigger_target_dag.py
[2023-11-13T08:22:15.001+0000] {processor.py:839} INFO - DAG(s) dict_keys(['example_trigger_target_dag']) retrieved from /home/airflow/.local/lib/python3.8/site-packages/airflow/example_dags/example_trigger_target_dag.py
[2023-11-13T08:22:15.040+0000] {logging_mixin.py:154} INFO - [2023-11-13T08:22:15.040+0000] {dag.py:2941} INFO - Sync 1 DAGs
[2023-11-13T08:22:15.052+0000] {logging_mixin.py:154} INFO - [2023-11-13T08:22:15.052+0000] {dag.py:3722} INFO - Setting next_dagrun for example_trigger_target_dag to None, run_after=None
[2023-11-13T08:22:15.083+0000] {processor.py:179} INFO - Processing /home/airflow/.local/lib/python3.8/site-packages/airflow/example_dags/example_trigger_target_dag.py took 0.091 seconds
[2023-11-13T08:22:46.730+0000] {processor.py:157} INFO - Started process (PID=2925) to work on /home/airflow/.local/lib/python3.8/site-packages/airflow/example_dags/example_trigger_target_dag.py
[2023-11-13T08:22:46.738+0000] {processor.py:829} INFO - Processing file /home/airflow/.local/lib/python3.8/site-packages/airflow/example_dags/example_trigger_target_dag.py for tasks to queue
[2023-11-13T08:22:46.740+0000] {logging_mixin.py:154} INFO - [2023-11-13T08:22:46.740+0000] {dagbag.py:536} INFO - Filling up the DagBag from /home/airflow/.local/lib/python3.8/site-packages/airflow/example_dags/example_trigger_target_dag.py
[2023-11-13T08:22:46.744+0000] {processor.py:839} INFO - DAG(s) dict_keys(['example_trigger_target_dag']) retrieved from /home/airflow/.local/lib/python3.8/site-packages/airflow/example_dags/example_trigger_target_dag.py
[2023-11-13T08:22:46.758+0000] {logging_mixin.py:154} INFO - [2023-11-13T08:22:46.758+0000] {dag.py:2941} INFO - Sync 1 DAGs
[2023-11-13T08:22:46.766+0000] {logging_mixin.py:154} INFO - [2023-11-13T08:22:46.766+0000] {dag.py:3722} INFO - Setting next_dagrun for example_trigger_target_dag to None, run_after=None
[2023-11-13T08:22:46.797+0000] {processor.py:179} INFO - Processing /home/airflow/.local/lib/python3.8/site-packages/airflow/example_dags/example_trigger_target_dag.py took 0.069 seconds
[2023-11-13T08:23:17.309+0000] {processor.py:157} INFO - Started process (PID=2979) to work on /home/airflow/.local/lib/python3.8/site-packages/airflow/example_dags/example_trigger_target_dag.py
[2023-11-13T08:23:17.309+0000] {processor.py:829} INFO - Processing file /home/airflow/.local/lib/python3.8/site-packages/airflow/example_dags/example_trigger_target_dag.py for tasks to queue
[2023-11-13T08:23:17.311+0000] {logging_mixin.py:154} INFO - [2023-11-13T08:23:17.310+0000] {dagbag.py:536} INFO - Filling up the DagBag from /home/airflow/.local/lib/python3.8/site-packages/airflow/example_dags/example_trigger_target_dag.py
[2023-11-13T08:23:17.314+0000] {processor.py:839} INFO - DAG(s) dict_keys(['example_trigger_target_dag']) retrieved from /home/airflow/.local/lib/python3.8/site-packages/airflow/example_dags/example_trigger_target_dag.py
[2023-11-13T08:23:17.329+0000] {logging_mixin.py:154} INFO - [2023-11-13T08:23:17.329+0000] {dag.py:2941} INFO - Sync 1 DAGs
[2023-11-13T08:23:17.339+0000] {logging_mixin.py:154} INFO - [2023-11-13T08:23:17.339+0000] {dag.py:3722} INFO - Setting next_dagrun for example_trigger_target_dag to None, run_after=None
[2023-11-13T08:23:17.402+0000] {processor.py:179} INFO - Processing /home/airflow/.local/lib/python3.8/site-packages/airflow/example_dags/example_trigger_target_dag.py took 0.096 seconds
[2023-11-13T08:23:48.105+0000] {processor.py:157} INFO - Started process (PID=3033) to work on /home/airflow/.local/lib/python3.8/site-packages/airflow/example_dags/example_trigger_target_dag.py
[2023-11-13T08:23:48.126+0000] {processor.py:829} INFO - Processing file /home/airflow/.local/lib/python3.8/site-packages/airflow/example_dags/example_trigger_target_dag.py for tasks to queue
[2023-11-13T08:23:48.127+0000] {logging_mixin.py:154} INFO - [2023-11-13T08:23:48.127+0000] {dagbag.py:536} INFO - Filling up the DagBag from /home/airflow/.local/lib/python3.8/site-packages/airflow/example_dags/example_trigger_target_dag.py
[2023-11-13T08:23:48.131+0000] {processor.py:839} INFO - DAG(s) dict_keys(['example_trigger_target_dag']) retrieved from /home/airflow/.local/lib/python3.8/site-packages/airflow/example_dags/example_trigger_target_dag.py
[2023-11-13T08:23:48.145+0000] {logging_mixin.py:154} INFO - [2023-11-13T08:23:48.145+0000] {dag.py:2941} INFO - Sync 1 DAGs
[2023-11-13T08:23:48.154+0000] {logging_mixin.py:154} INFO - [2023-11-13T08:23:48.154+0000] {dag.py:3722} INFO - Setting next_dagrun for example_trigger_target_dag to None, run_after=None
[2023-11-13T08:23:49.196+0000] {processor.py:179} INFO - Processing /home/airflow/.local/lib/python3.8/site-packages/airflow/example_dags/example_trigger_target_dag.py took 1.093 seconds
[2023-11-13T08:24:20.557+0000] {processor.py:157} INFO - Started process (PID=3087) to work on /home/airflow/.local/lib/python3.8/site-packages/airflow/example_dags/example_trigger_target_dag.py
[2023-11-13T08:24:20.557+0000] {processor.py:829} INFO - Processing file /home/airflow/.local/lib/python3.8/site-packages/airflow/example_dags/example_trigger_target_dag.py for tasks to queue
[2023-11-13T08:24:20.558+0000] {logging_mixin.py:154} INFO - [2023-11-13T08:24:20.558+0000] {dagbag.py:536} INFO - Filling up the DagBag from /home/airflow/.local/lib/python3.8/site-packages/airflow/example_dags/example_trigger_target_dag.py
[2023-11-13T08:24:20.562+0000] {processor.py:839} INFO - DAG(s) dict_keys(['example_trigger_target_dag']) retrieved from /home/airflow/.local/lib/python3.8/site-packages/airflow/example_dags/example_trigger_target_dag.py
[2023-11-13T08:24:20.576+0000] {logging_mixin.py:154} INFO - [2023-11-13T08:24:20.576+0000] {dag.py:2941} INFO - Sync 1 DAGs
[2023-11-13T08:24:20.585+0000] {logging_mixin.py:154} INFO - [2023-11-13T08:24:20.585+0000] {dag.py:3722} INFO - Setting next_dagrun for example_trigger_target_dag to None, run_after=None
[2023-11-13T08:24:20.946+0000] {processor.py:179} INFO - Processing /home/airflow/.local/lib/python3.8/site-packages/airflow/example_dags/example_trigger_target_dag.py took 0.392 seconds
[2023-11-13T08:24:51.087+0000] {processor.py:157} INFO - Started process (PID=3141) to work on /home/airflow/.local/lib/python3.8/site-packages/airflow/example_dags/example_trigger_target_dag.py
[2023-11-13T08:24:51.108+0000] {processor.py:829} INFO - Processing file /home/airflow/.local/lib/python3.8/site-packages/airflow/example_dags/example_trigger_target_dag.py for tasks to queue
[2023-11-13T08:24:51.110+0000] {logging_mixin.py:154} INFO - [2023-11-13T08:24:51.110+0000] {dagbag.py:536} INFO - Filling up the DagBag from /home/airflow/.local/lib/python3.8/site-packages/airflow/example_dags/example_trigger_target_dag.py
[2023-11-13T08:24:51.114+0000] {processor.py:839} INFO - DAG(s) dict_keys(['example_trigger_target_dag']) retrieved from /home/airflow/.local/lib/python3.8/site-packages/airflow/example_dags/example_trigger_target_dag.py
[2023-11-13T08:24:51.129+0000] {logging_mixin.py:154} INFO - [2023-11-13T08:24:51.129+0000] {dag.py:2941} INFO - Sync 1 DAGs
[2023-11-13T08:24:51.138+0000] {logging_mixin.py:154} INFO - [2023-11-13T08:24:51.138+0000] {dag.py:3722} INFO - Setting next_dagrun for example_trigger_target_dag to None, run_after=None
[2023-11-13T08:24:51.222+0000] {processor.py:179} INFO - Processing /home/airflow/.local/lib/python3.8/site-packages/airflow/example_dags/example_trigger_target_dag.py took 0.138 seconds
[2023-11-13T08:25:21.706+0000] {processor.py:157} INFO - Started process (PID=3195) to work on /home/airflow/.local/lib/python3.8/site-packages/airflow/example_dags/example_trigger_target_dag.py
[2023-11-13T08:25:21.707+0000] {processor.py:829} INFO - Processing file /home/airflow/.local/lib/python3.8/site-packages/airflow/example_dags/example_trigger_target_dag.py for tasks to queue
[2023-11-13T08:25:21.708+0000] {logging_mixin.py:154} INFO - [2023-11-13T08:25:21.708+0000] {dagbag.py:536} INFO - Filling up the DagBag from /home/airflow/.local/lib/python3.8/site-packages/airflow/example_dags/example_trigger_target_dag.py
[2023-11-13T08:25:21.713+0000] {processor.py:839} INFO - DAG(s) dict_keys(['example_trigger_target_dag']) retrieved from /home/airflow/.local/lib/python3.8/site-packages/airflow/example_dags/example_trigger_target_dag.py
[2023-11-13T08:25:21.727+0000] {logging_mixin.py:154} INFO - [2023-11-13T08:25:21.727+0000] {dag.py:2941} INFO - Sync 1 DAGs
[2023-11-13T08:25:21.736+0000] {logging_mixin.py:154} INFO - [2023-11-13T08:25:21.736+0000] {dag.py:3722} INFO - Setting next_dagrun for example_trigger_target_dag to None, run_after=None
[2023-11-13T08:25:21.805+0000] {processor.py:179} INFO - Processing /home/airflow/.local/lib/python3.8/site-packages/airflow/example_dags/example_trigger_target_dag.py took 0.101 seconds
[2023-11-13T08:25:52.621+0000] {processor.py:157} INFO - Started process (PID=3249) to work on /home/airflow/.local/lib/python3.8/site-packages/airflow/example_dags/example_trigger_target_dag.py
[2023-11-13T08:25:52.632+0000] {processor.py:829} INFO - Processing file /home/airflow/.local/lib/python3.8/site-packages/airflow/example_dags/example_trigger_target_dag.py for tasks to queue
[2023-11-13T08:25:52.634+0000] {logging_mixin.py:154} INFO - [2023-11-13T08:25:52.633+0000] {dagbag.py:536} INFO - Filling up the DagBag from /home/airflow/.local/lib/python3.8/site-packages/airflow/example_dags/example_trigger_target_dag.py
[2023-11-13T08:25:52.637+0000] {processor.py:839} INFO - DAG(s) dict_keys(['example_trigger_target_dag']) retrieved from /home/airflow/.local/lib/python3.8/site-packages/airflow/example_dags/example_trigger_target_dag.py
[2023-11-13T08:25:52.652+0000] {logging_mixin.py:154} INFO - [2023-11-13T08:25:52.652+0000] {dag.py:2941} INFO - Sync 1 DAGs
[2023-11-13T08:25:52.660+0000] {logging_mixin.py:154} INFO - [2023-11-13T08:25:52.660+0000] {dag.py:3722} INFO - Setting next_dagrun for example_trigger_target_dag to None, run_after=None
[2023-11-13T08:25:52.692+0000] {processor.py:179} INFO - Processing /home/airflow/.local/lib/python3.8/site-packages/airflow/example_dags/example_trigger_target_dag.py took 0.074 seconds
[2023-11-13T08:26:24.930+0000] {processor.py:157} INFO - Started process (PID=3303) to work on /home/airflow/.local/lib/python3.8/site-packages/airflow/example_dags/example_trigger_target_dag.py
[2023-11-13T08:26:24.943+0000] {processor.py:829} INFO - Processing file /home/airflow/.local/lib/python3.8/site-packages/airflow/example_dags/example_trigger_target_dag.py for tasks to queue
[2023-11-13T08:26:24.945+0000] {logging_mixin.py:154} INFO - [2023-11-13T08:26:24.945+0000] {dagbag.py:536} INFO - Filling up the DagBag from /home/airflow/.local/lib/python3.8/site-packages/airflow/example_dags/example_trigger_target_dag.py
[2023-11-13T08:26:24.949+0000] {processor.py:839} INFO - DAG(s) dict_keys(['example_trigger_target_dag']) retrieved from /home/airflow/.local/lib/python3.8/site-packages/airflow/example_dags/example_trigger_target_dag.py
[2023-11-13T08:26:24.965+0000] {logging_mixin.py:154} INFO - [2023-11-13T08:26:24.965+0000] {dag.py:2941} INFO - Sync 1 DAGs
[2023-11-13T08:26:24.975+0000] {logging_mixin.py:154} INFO - [2023-11-13T08:26:24.975+0000] {dag.py:3722} INFO - Setting next_dagrun for example_trigger_target_dag to None, run_after=None
[2023-11-13T08:26:25.010+0000] {processor.py:179} INFO - Processing /home/airflow/.local/lib/python3.8/site-packages/airflow/example_dags/example_trigger_target_dag.py took 0.082 seconds
[2023-11-13T08:26:55.279+0000] {processor.py:157} INFO - Started process (PID=3357) to work on /home/airflow/.local/lib/python3.8/site-packages/airflow/example_dags/example_trigger_target_dag.py
[2023-11-13T08:26:55.280+0000] {processor.py:829} INFO - Processing file /home/airflow/.local/lib/python3.8/site-packages/airflow/example_dags/example_trigger_target_dag.py for tasks to queue
[2023-11-13T08:26:55.282+0000] {logging_mixin.py:154} INFO - [2023-11-13T08:26:55.281+0000] {dagbag.py:536} INFO - Filling up the DagBag from /home/airflow/.local/lib/python3.8/site-packages/airflow/example_dags/example_trigger_target_dag.py
[2023-11-13T08:26:55.288+0000] {processor.py:839} INFO - DAG(s) dict_keys(['example_trigger_target_dag']) retrieved from /home/airflow/.local/lib/python3.8/site-packages/airflow/example_dags/example_trigger_target_dag.py
[2023-11-13T08:26:55.303+0000] {logging_mixin.py:154} INFO - [2023-11-13T08:26:55.303+0000] {dag.py:2941} INFO - Sync 1 DAGs
[2023-11-13T08:26:55.312+0000] {logging_mixin.py:154} INFO - [2023-11-13T08:26:55.312+0000] {dag.py:3722} INFO - Setting next_dagrun for example_trigger_target_dag to None, run_after=None
[2023-11-13T08:26:55.365+0000] {processor.py:179} INFO - Processing /home/airflow/.local/lib/python3.8/site-packages/airflow/example_dags/example_trigger_target_dag.py took 0.089 seconds
[2023-11-13T08:27:28.639+0000] {processor.py:157} INFO - Started process (PID=3411) to work on /home/airflow/.local/lib/python3.8/site-packages/airflow/example_dags/example_trigger_target_dag.py
[2023-11-13T08:27:28.683+0000] {processor.py:829} INFO - Processing file /home/airflow/.local/lib/python3.8/site-packages/airflow/example_dags/example_trigger_target_dag.py for tasks to queue
[2023-11-13T08:27:28.685+0000] {logging_mixin.py:154} INFO - [2023-11-13T08:27:28.685+0000] {dagbag.py:536} INFO - Filling up the DagBag from /home/airflow/.local/lib/python3.8/site-packages/airflow/example_dags/example_trigger_target_dag.py
[2023-11-13T08:27:28.690+0000] {processor.py:839} INFO - DAG(s) dict_keys(['example_trigger_target_dag']) retrieved from /home/airflow/.local/lib/python3.8/site-packages/airflow/example_dags/example_trigger_target_dag.py
[2023-11-13T08:27:28.705+0000] {logging_mixin.py:154} INFO - [2023-11-13T08:27:28.705+0000] {dag.py:2941} INFO - Sync 1 DAGs
[2023-11-13T08:27:28.714+0000] {logging_mixin.py:154} INFO - [2023-11-13T08:27:28.714+0000] {dag.py:3722} INFO - Setting next_dagrun for example_trigger_target_dag to None, run_after=None
[2023-11-13T08:27:28.764+0000] {processor.py:179} INFO - Processing /home/airflow/.local/lib/python3.8/site-packages/airflow/example_dags/example_trigger_target_dag.py took 0.128 seconds
[2023-11-13T08:27:59.344+0000] {processor.py:157} INFO - Started process (PID=3465) to work on /home/airflow/.local/lib/python3.8/site-packages/airflow/example_dags/example_trigger_target_dag.py
[2023-11-13T08:27:59.344+0000] {processor.py:829} INFO - Processing file /home/airflow/.local/lib/python3.8/site-packages/airflow/example_dags/example_trigger_target_dag.py for tasks to queue
[2023-11-13T08:27:59.346+0000] {logging_mixin.py:154} INFO - [2023-11-13T08:27:59.345+0000] {dagbag.py:536} INFO - Filling up the DagBag from /home/airflow/.local/lib/python3.8/site-packages/airflow/example_dags/example_trigger_target_dag.py
[2023-11-13T08:27:59.350+0000] {processor.py:839} INFO - DAG(s) dict_keys(['example_trigger_target_dag']) retrieved from /home/airflow/.local/lib/python3.8/site-packages/airflow/example_dags/example_trigger_target_dag.py
[2023-11-13T08:27:59.364+0000] {logging_mixin.py:154} INFO - [2023-11-13T08:27:59.364+0000] {dag.py:2941} INFO - Sync 1 DAGs
[2023-11-13T08:27:59.374+0000] {logging_mixin.py:154} INFO - [2023-11-13T08:27:59.374+0000] {dag.py:3722} INFO - Setting next_dagrun for example_trigger_target_dag to None, run_after=None
[2023-11-13T08:27:59.415+0000] {processor.py:179} INFO - Processing /home/airflow/.local/lib/python3.8/site-packages/airflow/example_dags/example_trigger_target_dag.py took 0.073 seconds
[2023-11-13T08:28:29.642+0000] {processor.py:157} INFO - Started process (PID=3519) to work on /home/airflow/.local/lib/python3.8/site-packages/airflow/example_dags/example_trigger_target_dag.py
[2023-11-13T08:28:29.643+0000] {processor.py:829} INFO - Processing file /home/airflow/.local/lib/python3.8/site-packages/airflow/example_dags/example_trigger_target_dag.py for tasks to queue
[2023-11-13T08:28:29.644+0000] {logging_mixin.py:154} INFO - [2023-11-13T08:28:29.644+0000] {dagbag.py:536} INFO - Filling up the DagBag from /home/airflow/.local/lib/python3.8/site-packages/airflow/example_dags/example_trigger_target_dag.py
[2023-11-13T08:28:29.649+0000] {processor.py:839} INFO - DAG(s) dict_keys(['example_trigger_target_dag']) retrieved from /home/airflow/.local/lib/python3.8/site-packages/airflow/example_dags/example_trigger_target_dag.py
[2023-11-13T08:28:29.663+0000] {logging_mixin.py:154} INFO - [2023-11-13T08:28:29.663+0000] {dag.py:2941} INFO - Sync 1 DAGs
[2023-11-13T08:28:29.672+0000] {logging_mixin.py:154} INFO - [2023-11-13T08:28:29.672+0000] {dag.py:3722} INFO - Setting next_dagrun for example_trigger_target_dag to None, run_after=None
[2023-11-13T08:28:29.708+0000] {processor.py:179} INFO - Processing /home/airflow/.local/lib/python3.8/site-packages/airflow/example_dags/example_trigger_target_dag.py took 0.068 seconds
[2023-11-13T08:44:49.894+0000] {processor.py:157} INFO - Started process (PID=56) to work on /home/airflow/.local/lib/python3.8/site-packages/airflow/example_dags/example_trigger_target_dag.py
[2023-11-13T08:44:50.041+0000] {processor.py:829} INFO - Processing file /home/airflow/.local/lib/python3.8/site-packages/airflow/example_dags/example_trigger_target_dag.py for tasks to queue
[2023-11-13T08:44:50.047+0000] {logging_mixin.py:154} INFO - [2023-11-13T08:44:50.046+0000] {dagbag.py:536} INFO - Filling up the DagBag from /home/airflow/.local/lib/python3.8/site-packages/airflow/example_dags/example_trigger_target_dag.py
[2023-11-13T08:44:50.071+0000] {processor.py:839} INFO - DAG(s) dict_keys(['example_trigger_target_dag']) retrieved from /home/airflow/.local/lib/python3.8/site-packages/airflow/example_dags/example_trigger_target_dag.py
[2023-11-13T08:44:51.280+0000] {logging_mixin.py:154} INFO - [2023-11-13T08:44:51.279+0000] {manager.py:499} INFO - Created Permission View: %s
[2023-11-13T08:44:51.745+0000] {logging_mixin.py:154} INFO - [2023-11-13T08:44:51.745+0000] {manager.py:499} INFO - Created Permission View: %s
[2023-11-13T08:44:52.180+0000] {logging_mixin.py:154} INFO - [2023-11-13T08:44:52.179+0000] {manager.py:499} INFO - Created Permission View: %s
[2023-11-13T08:44:52.215+0000] {logging_mixin.py:154} INFO - [2023-11-13T08:44:52.214+0000] {dag.py:2941} INFO - Sync 1 DAGs
[2023-11-13T08:44:52.229+0000] {logging_mixin.py:154} INFO - [2023-11-13T08:44:52.229+0000] {dag.py:2963} INFO - Creating ORM DAG for example_trigger_target_dag
[2023-11-13T08:44:52.230+0000] {logging_mixin.py:154} INFO - [2023-11-13T08:44:52.230+0000] {dag.py:3722} INFO - Setting next_dagrun for example_trigger_target_dag to None, run_after=None
[2023-11-13T08:44:52.912+0000] {processor.py:179} INFO - Processing /home/airflow/.local/lib/python3.8/site-packages/airflow/example_dags/example_trigger_target_dag.py took 3.021 seconds
[2023-11-13T08:45:32.547+0000] {processor.py:157} INFO - Started process (PID=55) to work on /home/airflow/.local/lib/python3.8/site-packages/airflow/example_dags/example_trigger_target_dag.py
[2023-11-13T08:45:32.559+0000] {processor.py:829} INFO - Processing file /home/airflow/.local/lib/python3.8/site-packages/airflow/example_dags/example_trigger_target_dag.py for tasks to queue
[2023-11-13T08:45:32.561+0000] {logging_mixin.py:154} INFO - [2023-11-13T08:45:32.561+0000] {dagbag.py:536} INFO - Filling up the DagBag from /home/airflow/.local/lib/python3.8/site-packages/airflow/example_dags/example_trigger_target_dag.py
[2023-11-13T08:45:32.568+0000] {processor.py:839} INFO - DAG(s) dict_keys(['example_trigger_target_dag']) retrieved from /home/airflow/.local/lib/python3.8/site-packages/airflow/example_dags/example_trigger_target_dag.py
[2023-11-13T08:45:32.588+0000] {logging_mixin.py:154} INFO - [2023-11-13T08:45:32.588+0000] {dag.py:2941} INFO - Sync 1 DAGs
[2023-11-13T08:45:32.599+0000] {logging_mixin.py:154} INFO - [2023-11-13T08:45:32.599+0000] {dag.py:3722} INFO - Setting next_dagrun for example_trigger_target_dag to None, run_after=None
[2023-11-13T08:45:32.637+0000] {processor.py:179} INFO - Processing /home/airflow/.local/lib/python3.8/site-packages/airflow/example_dags/example_trigger_target_dag.py took 0.093 seconds
[2023-11-13T08:46:05.860+0000] {processor.py:157} INFO - Started process (PID=109) to work on /home/airflow/.local/lib/python3.8/site-packages/airflow/example_dags/example_trigger_target_dag.py
[2023-11-13T08:46:05.890+0000] {processor.py:829} INFO - Processing file /home/airflow/.local/lib/python3.8/site-packages/airflow/example_dags/example_trigger_target_dag.py for tasks to queue
[2023-11-13T08:46:05.896+0000] {logging_mixin.py:154} INFO - [2023-11-13T08:46:05.895+0000] {dagbag.py:536} INFO - Filling up the DagBag from /home/airflow/.local/lib/python3.8/site-packages/airflow/example_dags/example_trigger_target_dag.py
[2023-11-13T08:46:05.914+0000] {processor.py:839} INFO - DAG(s) dict_keys(['example_trigger_target_dag']) retrieved from /home/airflow/.local/lib/python3.8/site-packages/airflow/example_dags/example_trigger_target_dag.py
[2023-11-13T08:46:05.941+0000] {logging_mixin.py:154} INFO - [2023-11-13T08:46:05.941+0000] {dag.py:2941} INFO - Sync 1 DAGs
[2023-11-13T08:46:05.952+0000] {logging_mixin.py:154} INFO - [2023-11-13T08:46:05.952+0000] {dag.py:3722} INFO - Setting next_dagrun for example_trigger_target_dag to None, run_after=None
[2023-11-13T08:46:06.006+0000] {processor.py:179} INFO - Processing /home/airflow/.local/lib/python3.8/site-packages/airflow/example_dags/example_trigger_target_dag.py took 0.150 seconds
[2023-11-13T08:46:36.493+0000] {processor.py:157} INFO - Started process (PID=163) to work on /home/airflow/.local/lib/python3.8/site-packages/airflow/example_dags/example_trigger_target_dag.py
[2023-11-13T08:46:36.495+0000] {processor.py:829} INFO - Processing file /home/airflow/.local/lib/python3.8/site-packages/airflow/example_dags/example_trigger_target_dag.py for tasks to queue
[2023-11-13T08:46:36.496+0000] {logging_mixin.py:154} INFO - [2023-11-13T08:46:36.496+0000] {dagbag.py:536} INFO - Filling up the DagBag from /home/airflow/.local/lib/python3.8/site-packages/airflow/example_dags/example_trigger_target_dag.py
[2023-11-13T08:46:36.501+0000] {processor.py:839} INFO - DAG(s) dict_keys(['example_trigger_target_dag']) retrieved from /home/airflow/.local/lib/python3.8/site-packages/airflow/example_dags/example_trigger_target_dag.py
[2023-11-13T08:46:36.518+0000] {logging_mixin.py:154} INFO - [2023-11-13T08:46:36.518+0000] {dag.py:2941} INFO - Sync 1 DAGs
[2023-11-13T08:46:36.527+0000] {logging_mixin.py:154} INFO - [2023-11-13T08:46:36.527+0000] {dag.py:3722} INFO - Setting next_dagrun for example_trigger_target_dag to None, run_after=None
[2023-11-13T08:46:36.567+0000] {processor.py:179} INFO - Processing /home/airflow/.local/lib/python3.8/site-packages/airflow/example_dags/example_trigger_target_dag.py took 0.077 seconds
[2023-11-13T08:47:07.660+0000] {processor.py:157} INFO - Started process (PID=217) to work on /home/airflow/.local/lib/python3.8/site-packages/airflow/example_dags/example_trigger_target_dag.py
[2023-11-13T08:47:07.836+0000] {processor.py:829} INFO - Processing file /home/airflow/.local/lib/python3.8/site-packages/airflow/example_dags/example_trigger_target_dag.py for tasks to queue
[2023-11-13T08:47:07.838+0000] {logging_mixin.py:154} INFO - [2023-11-13T08:47:07.838+0000] {dagbag.py:536} INFO - Filling up the DagBag from /home/airflow/.local/lib/python3.8/site-packages/airflow/example_dags/example_trigger_target_dag.py
[2023-11-13T08:47:07.842+0000] {processor.py:839} INFO - DAG(s) dict_keys(['example_trigger_target_dag']) retrieved from /home/airflow/.local/lib/python3.8/site-packages/airflow/example_dags/example_trigger_target_dag.py
[2023-11-13T08:47:07.857+0000] {logging_mixin.py:154} INFO - [2023-11-13T08:47:07.857+0000] {dag.py:2941} INFO - Sync 1 DAGs
[2023-11-13T08:47:07.867+0000] {logging_mixin.py:154} INFO - [2023-11-13T08:47:07.867+0000] {dag.py:3722} INFO - Setting next_dagrun for example_trigger_target_dag to None, run_after=None
[2023-11-13T08:47:08.281+0000] {processor.py:179} INFO - Processing /home/airflow/.local/lib/python3.8/site-packages/airflow/example_dags/example_trigger_target_dag.py took 0.623 seconds
[2023-11-13T08:47:38.438+0000] {processor.py:157} INFO - Started process (PID=271) to work on /home/airflow/.local/lib/python3.8/site-packages/airflow/example_dags/example_trigger_target_dag.py
[2023-11-13T08:47:38.438+0000] {processor.py:829} INFO - Processing file /home/airflow/.local/lib/python3.8/site-packages/airflow/example_dags/example_trigger_target_dag.py for tasks to queue
[2023-11-13T08:47:38.440+0000] {logging_mixin.py:154} INFO - [2023-11-13T08:47:38.440+0000] {dagbag.py:536} INFO - Filling up the DagBag from /home/airflow/.local/lib/python3.8/site-packages/airflow/example_dags/example_trigger_target_dag.py
[2023-11-13T08:47:38.444+0000] {processor.py:839} INFO - DAG(s) dict_keys(['example_trigger_target_dag']) retrieved from /home/airflow/.local/lib/python3.8/site-packages/airflow/example_dags/example_trigger_target_dag.py
[2023-11-13T08:47:38.458+0000] {logging_mixin.py:154} INFO - [2023-11-13T08:47:38.458+0000] {dag.py:2941} INFO - Sync 1 DAGs
[2023-11-13T08:47:38.468+0000] {logging_mixin.py:154} INFO - [2023-11-13T08:47:38.467+0000] {dag.py:3722} INFO - Setting next_dagrun for example_trigger_target_dag to None, run_after=None
[2023-11-13T08:47:38.506+0000] {processor.py:179} INFO - Processing /home/airflow/.local/lib/python3.8/site-packages/airflow/example_dags/example_trigger_target_dag.py took 0.071 seconds
[2023-11-13T08:48:09.083+0000] {processor.py:157} INFO - Started process (PID=325) to work on /home/airflow/.local/lib/python3.8/site-packages/airflow/example_dags/example_trigger_target_dag.py
[2023-11-13T08:48:09.092+0000] {processor.py:829} INFO - Processing file /home/airflow/.local/lib/python3.8/site-packages/airflow/example_dags/example_trigger_target_dag.py for tasks to queue
[2023-11-13T08:48:09.093+0000] {logging_mixin.py:154} INFO - [2023-11-13T08:48:09.093+0000] {dagbag.py:536} INFO - Filling up the DagBag from /home/airflow/.local/lib/python3.8/site-packages/airflow/example_dags/example_trigger_target_dag.py
[2023-11-13T08:48:09.097+0000] {processor.py:839} INFO - DAG(s) dict_keys(['example_trigger_target_dag']) retrieved from /home/airflow/.local/lib/python3.8/site-packages/airflow/example_dags/example_trigger_target_dag.py
[2023-11-13T08:48:09.112+0000] {logging_mixin.py:154} INFO - [2023-11-13T08:48:09.112+0000] {dag.py:2941} INFO - Sync 1 DAGs
[2023-11-13T08:48:09.121+0000] {logging_mixin.py:154} INFO - [2023-11-13T08:48:09.121+0000] {dag.py:3722} INFO - Setting next_dagrun for example_trigger_target_dag to None, run_after=None
[2023-11-13T08:48:09.166+0000] {processor.py:179} INFO - Processing /home/airflow/.local/lib/python3.8/site-packages/airflow/example_dags/example_trigger_target_dag.py took 0.085 seconds
