[2023-11-13T07:55:19.032+0000] {processor.py:157} INFO - Started process (PID=77) to work on /home/airflow/.local/lib/python3.8/site-packages/airflow/example_dags/example_sla_dag.py
[2023-11-13T07:55:19.032+0000] {processor.py:829} INFO - Processing file /home/airflow/.local/lib/python3.8/site-packages/airflow/example_dags/example_sla_dag.py for tasks to queue
[2023-11-13T07:55:19.034+0000] {logging_mixin.py:154} INFO - [2023-11-13T07:55:19.034+0000] {dagbag.py:536} INFO - Filling up the DagBag from /home/airflow/.local/lib/python3.8/site-packages/airflow/example_dags/example_sla_dag.py
[2023-11-13T07:55:19.042+0000] {processor.py:839} INFO - DAG(s) dict_keys(['example_sla_dag']) retrieved from /home/airflow/.local/lib/python3.8/site-packages/airflow/example_dags/example_sla_dag.py
[2023-11-13T07:55:19.799+0000] {logging_mixin.py:154} INFO - [2023-11-13T07:55:19.798+0000] {manager.py:499} INFO - Created Permission View: %s
[2023-11-13T07:55:20.378+0000] {logging_mixin.py:154} INFO - [2023-11-13T07:55:20.378+0000] {manager.py:499} INFO - Created Permission View: %s
[2023-11-13T07:55:20.713+0000] {logging_mixin.py:154} INFO - [2023-11-13T07:55:20.712+0000] {manager.py:499} INFO - Created Permission View: %s
[2023-11-13T07:55:20.715+0000] {logging_mixin.py:154} INFO - [2023-11-13T07:55:20.714+0000] {dag.py:2941} INFO - Sync 1 DAGs
[2023-11-13T07:55:20.728+0000] {logging_mixin.py:154} INFO - [2023-11-13T07:55:20.728+0000] {dag.py:2963} INFO - Creating ORM DAG for example_sla_dag
[2023-11-13T07:55:20.741+0000] {logging_mixin.py:154} INFO - [2023-11-13T07:55:20.740+0000] {dag.py:3722} INFO - Setting next_dagrun for example_sla_dag to 2023-11-13T07:52:00+00:00, run_after=2023-11-13T07:54:00+00:00
[2023-11-13T07:55:21.117+0000] {processor.py:179} INFO - Processing /home/airflow/.local/lib/python3.8/site-packages/airflow/example_dags/example_sla_dag.py took 2.088 seconds
[2023-11-13T07:55:51.582+0000] {processor.py:157} INFO - Started process (PID=131) to work on /home/airflow/.local/lib/python3.8/site-packages/airflow/example_dags/example_sla_dag.py
[2023-11-13T07:55:51.593+0000] {processor.py:829} INFO - Processing file /home/airflow/.local/lib/python3.8/site-packages/airflow/example_dags/example_sla_dag.py for tasks to queue
[2023-11-13T07:55:51.594+0000] {logging_mixin.py:154} INFO - [2023-11-13T07:55:51.594+0000] {dagbag.py:536} INFO - Filling up the DagBag from /home/airflow/.local/lib/python3.8/site-packages/airflow/example_dags/example_sla_dag.py
[2023-11-13T07:55:51.599+0000] {processor.py:839} INFO - DAG(s) dict_keys(['example_sla_dag']) retrieved from /home/airflow/.local/lib/python3.8/site-packages/airflow/example_dags/example_sla_dag.py
[2023-11-13T07:55:51.614+0000] {logging_mixin.py:154} INFO - [2023-11-13T07:55:51.614+0000] {dag.py:2941} INFO - Sync 1 DAGs
[2023-11-13T07:55:51.631+0000] {logging_mixin.py:154} INFO - [2023-11-13T07:55:51.631+0000] {dag.py:3722} INFO - Setting next_dagrun for example_sla_dag to 2023-11-13T07:52:00+00:00, run_after=2023-11-13T07:54:00+00:00
[2023-11-13T07:55:51.842+0000] {processor.py:179} INFO - Processing /home/airflow/.local/lib/python3.8/site-packages/airflow/example_dags/example_sla_dag.py took 0.262 seconds
[2023-11-13T07:56:22.221+0000] {processor.py:157} INFO - Started process (PID=185) to work on /home/airflow/.local/lib/python3.8/site-packages/airflow/example_dags/example_sla_dag.py
[2023-11-13T07:56:22.297+0000] {processor.py:829} INFO - Processing file /home/airflow/.local/lib/python3.8/site-packages/airflow/example_dags/example_sla_dag.py for tasks to queue
[2023-11-13T07:56:22.308+0000] {logging_mixin.py:154} INFO - [2023-11-13T07:56:22.307+0000] {dagbag.py:536} INFO - Filling up the DagBag from /home/airflow/.local/lib/python3.8/site-packages/airflow/example_dags/example_sla_dag.py
[2023-11-13T07:56:22.338+0000] {processor.py:839} INFO - DAG(s) dict_keys(['example_sla_dag']) retrieved from /home/airflow/.local/lib/python3.8/site-packages/airflow/example_dags/example_sla_dag.py
[2023-11-13T07:56:22.360+0000] {logging_mixin.py:154} INFO - [2023-11-13T07:56:22.360+0000] {dag.py:2941} INFO - Sync 1 DAGs
[2023-11-13T07:56:22.381+0000] {logging_mixin.py:154} INFO - [2023-11-13T07:56:22.381+0000] {dag.py:3722} INFO - Setting next_dagrun for example_sla_dag to 2023-11-13T07:54:00+00:00, run_after=2023-11-13T07:56:00+00:00
[2023-11-13T07:56:22.434+0000] {processor.py:179} INFO - Processing /home/airflow/.local/lib/python3.8/site-packages/airflow/example_dags/example_sla_dag.py took 0.219 seconds
[2023-11-13T07:56:53.195+0000] {processor.py:157} INFO - Started process (PID=239) to work on /home/airflow/.local/lib/python3.8/site-packages/airflow/example_dags/example_sla_dag.py
[2023-11-13T07:56:53.196+0000] {processor.py:829} INFO - Processing file /home/airflow/.local/lib/python3.8/site-packages/airflow/example_dags/example_sla_dag.py for tasks to queue
[2023-11-13T07:56:53.198+0000] {logging_mixin.py:154} INFO - [2023-11-13T07:56:53.197+0000] {dagbag.py:536} INFO - Filling up the DagBag from /home/airflow/.local/lib/python3.8/site-packages/airflow/example_dags/example_sla_dag.py
[2023-11-13T07:56:53.203+0000] {processor.py:839} INFO - DAG(s) dict_keys(['example_sla_dag']) retrieved from /home/airflow/.local/lib/python3.8/site-packages/airflow/example_dags/example_sla_dag.py
[2023-11-13T07:56:53.218+0000] {logging_mixin.py:154} INFO - [2023-11-13T07:56:53.218+0000] {dag.py:2941} INFO - Sync 1 DAGs
[2023-11-13T07:56:53.235+0000] {logging_mixin.py:154} INFO - [2023-11-13T07:56:53.235+0000] {dag.py:3722} INFO - Setting next_dagrun for example_sla_dag to 2023-11-13T07:54:00+00:00, run_after=2023-11-13T07:56:00+00:00
[2023-11-13T07:56:54.871+0000] {processor.py:179} INFO - Processing /home/airflow/.local/lib/python3.8/site-packages/airflow/example_dags/example_sla_dag.py took 1.678 seconds
[2023-11-13T07:57:25.014+0000] {processor.py:157} INFO - Started process (PID=293) to work on /home/airflow/.local/lib/python3.8/site-packages/airflow/example_dags/example_sla_dag.py
[2023-11-13T07:57:25.027+0000] {processor.py:829} INFO - Processing file /home/airflow/.local/lib/python3.8/site-packages/airflow/example_dags/example_sla_dag.py for tasks to queue
[2023-11-13T07:57:25.029+0000] {logging_mixin.py:154} INFO - [2023-11-13T07:57:25.029+0000] {dagbag.py:536} INFO - Filling up the DagBag from /home/airflow/.local/lib/python3.8/site-packages/airflow/example_dags/example_sla_dag.py
[2023-11-13T07:57:25.034+0000] {processor.py:839} INFO - DAG(s) dict_keys(['example_sla_dag']) retrieved from /home/airflow/.local/lib/python3.8/site-packages/airflow/example_dags/example_sla_dag.py
[2023-11-13T07:57:25.049+0000] {logging_mixin.py:154} INFO - [2023-11-13T07:57:25.048+0000] {dag.py:2941} INFO - Sync 1 DAGs
[2023-11-13T07:57:25.066+0000] {logging_mixin.py:154} INFO - [2023-11-13T07:57:25.066+0000] {dag.py:3722} INFO - Setting next_dagrun for example_sla_dag to 2023-11-13T07:54:00+00:00, run_after=2023-11-13T07:56:00+00:00
[2023-11-13T07:57:25.195+0000] {processor.py:179} INFO - Processing /home/airflow/.local/lib/python3.8/site-packages/airflow/example_dags/example_sla_dag.py took 0.183 seconds
[2023-11-13T07:57:55.799+0000] {processor.py:157} INFO - Started process (PID=347) to work on /home/airflow/.local/lib/python3.8/site-packages/airflow/example_dags/example_sla_dag.py
[2023-11-13T07:57:56.720+0000] {processor.py:829} INFO - Processing file /home/airflow/.local/lib/python3.8/site-packages/airflow/example_dags/example_sla_dag.py for tasks to queue
[2023-11-13T07:57:56.725+0000] {logging_mixin.py:154} INFO - [2023-11-13T07:57:56.725+0000] {dagbag.py:536} INFO - Filling up the DagBag from /home/airflow/.local/lib/python3.8/site-packages/airflow/example_dags/example_sla_dag.py
[2023-11-13T07:57:56.731+0000] {processor.py:839} INFO - DAG(s) dict_keys(['example_sla_dag']) retrieved from /home/airflow/.local/lib/python3.8/site-packages/airflow/example_dags/example_sla_dag.py
[2023-11-13T07:57:56.745+0000] {logging_mixin.py:154} INFO - [2023-11-13T07:57:56.745+0000] {dag.py:2941} INFO - Sync 1 DAGs
[2023-11-13T07:57:56.763+0000] {logging_mixin.py:154} INFO - [2023-11-13T07:57:56.763+0000] {dag.py:3722} INFO - Setting next_dagrun for example_sla_dag to 2023-11-13T07:54:00+00:00, run_after=2023-11-13T07:56:00+00:00
[2023-11-13T07:57:56.867+0000] {processor.py:179} INFO - Processing /home/airflow/.local/lib/python3.8/site-packages/airflow/example_dags/example_sla_dag.py took 1.070 seconds
[2023-11-13T07:58:27.130+0000] {processor.py:157} INFO - Started process (PID=401) to work on /home/airflow/.local/lib/python3.8/site-packages/airflow/example_dags/example_sla_dag.py
[2023-11-13T07:58:27.142+0000] {processor.py:829} INFO - Processing file /home/airflow/.local/lib/python3.8/site-packages/airflow/example_dags/example_sla_dag.py for tasks to queue
[2023-11-13T07:58:27.144+0000] {logging_mixin.py:154} INFO - [2023-11-13T07:58:27.144+0000] {dagbag.py:536} INFO - Filling up the DagBag from /home/airflow/.local/lib/python3.8/site-packages/airflow/example_dags/example_sla_dag.py
[2023-11-13T07:58:27.149+0000] {processor.py:839} INFO - DAG(s) dict_keys(['example_sla_dag']) retrieved from /home/airflow/.local/lib/python3.8/site-packages/airflow/example_dags/example_sla_dag.py
[2023-11-13T07:58:27.164+0000] {logging_mixin.py:154} INFO - [2023-11-13T07:58:27.163+0000] {dag.py:2941} INFO - Sync 1 DAGs
[2023-11-13T07:58:27.183+0000] {logging_mixin.py:154} INFO - [2023-11-13T07:58:27.183+0000] {dag.py:3722} INFO - Setting next_dagrun for example_sla_dag to 2023-11-13T07:56:00+00:00, run_after=2023-11-13T07:58:00+00:00
[2023-11-13T07:58:27.211+0000] {processor.py:179} INFO - Processing /home/airflow/.local/lib/python3.8/site-packages/airflow/example_dags/example_sla_dag.py took 0.083 seconds
[2023-11-13T07:58:57.783+0000] {processor.py:157} INFO - Started process (PID=455) to work on /home/airflow/.local/lib/python3.8/site-packages/airflow/example_dags/example_sla_dag.py
[2023-11-13T07:58:57.824+0000] {processor.py:829} INFO - Processing file /home/airflow/.local/lib/python3.8/site-packages/airflow/example_dags/example_sla_dag.py for tasks to queue
[2023-11-13T07:58:57.825+0000] {logging_mixin.py:154} INFO - [2023-11-13T07:58:57.825+0000] {dagbag.py:536} INFO - Filling up the DagBag from /home/airflow/.local/lib/python3.8/site-packages/airflow/example_dags/example_sla_dag.py
[2023-11-13T07:58:57.831+0000] {processor.py:839} INFO - DAG(s) dict_keys(['example_sla_dag']) retrieved from /home/airflow/.local/lib/python3.8/site-packages/airflow/example_dags/example_sla_dag.py
[2023-11-13T07:58:57.846+0000] {logging_mixin.py:154} INFO - [2023-11-13T07:58:57.846+0000] {dag.py:2941} INFO - Sync 1 DAGs
[2023-11-13T07:58:57.868+0000] {logging_mixin.py:154} INFO - [2023-11-13T07:58:57.868+0000] {dag.py:3722} INFO - Setting next_dagrun for example_sla_dag to 2023-11-13T07:56:00+00:00, run_after=2023-11-13T07:58:00+00:00
[2023-11-13T07:58:59.345+0000] {processor.py:179} INFO - Processing /home/airflow/.local/lib/python3.8/site-packages/airflow/example_dags/example_sla_dag.py took 1.564 seconds
[2023-11-13T07:59:30.224+0000] {processor.py:157} INFO - Started process (PID=509) to work on /home/airflow/.local/lib/python3.8/site-packages/airflow/example_dags/example_sla_dag.py
[2023-11-13T07:59:30.224+0000] {processor.py:829} INFO - Processing file /home/airflow/.local/lib/python3.8/site-packages/airflow/example_dags/example_sla_dag.py for tasks to queue
[2023-11-13T07:59:30.226+0000] {logging_mixin.py:154} INFO - [2023-11-13T07:59:30.225+0000] {dagbag.py:536} INFO - Filling up the DagBag from /home/airflow/.local/lib/python3.8/site-packages/airflow/example_dags/example_sla_dag.py
[2023-11-13T07:59:30.231+0000] {processor.py:839} INFO - DAG(s) dict_keys(['example_sla_dag']) retrieved from /home/airflow/.local/lib/python3.8/site-packages/airflow/example_dags/example_sla_dag.py
[2023-11-13T07:59:30.247+0000] {logging_mixin.py:154} INFO - [2023-11-13T07:59:30.247+0000] {dag.py:2941} INFO - Sync 1 DAGs
[2023-11-13T07:59:30.265+0000] {logging_mixin.py:154} INFO - [2023-11-13T07:59:30.265+0000] {dag.py:3722} INFO - Setting next_dagrun for example_sla_dag to 2023-11-13T07:56:00+00:00, run_after=2023-11-13T07:58:00+00:00
[2023-11-13T07:59:31.753+0000] {processor.py:179} INFO - Processing /home/airflow/.local/lib/python3.8/site-packages/airflow/example_dags/example_sla_dag.py took 1.532 seconds
[2023-11-13T08:00:02.417+0000] {processor.py:157} INFO - Started process (PID=563) to work on /home/airflow/.local/lib/python3.8/site-packages/airflow/example_dags/example_sla_dag.py
[2023-11-13T08:00:02.519+0000] {processor.py:829} INFO - Processing file /home/airflow/.local/lib/python3.8/site-packages/airflow/example_dags/example_sla_dag.py for tasks to queue
[2023-11-13T08:00:02.524+0000] {logging_mixin.py:154} INFO - [2023-11-13T08:00:02.524+0000] {dagbag.py:536} INFO - Filling up the DagBag from /home/airflow/.local/lib/python3.8/site-packages/airflow/example_dags/example_sla_dag.py
[2023-11-13T08:00:02.529+0000] {processor.py:839} INFO - DAG(s) dict_keys(['example_sla_dag']) retrieved from /home/airflow/.local/lib/python3.8/site-packages/airflow/example_dags/example_sla_dag.py
[2023-11-13T08:00:02.543+0000] {logging_mixin.py:154} INFO - [2023-11-13T08:00:02.543+0000] {dag.py:2941} INFO - Sync 1 DAGs
[2023-11-13T08:00:02.561+0000] {logging_mixin.py:154} INFO - [2023-11-13T08:00:02.561+0000] {dag.py:3722} INFO - Setting next_dagrun for example_sla_dag to 2023-11-13T07:58:00+00:00, run_after=2023-11-13T08:00:00+00:00
[2023-11-13T08:00:02.592+0000] {processor.py:179} INFO - Processing /home/airflow/.local/lib/python3.8/site-packages/airflow/example_dags/example_sla_dag.py took 0.177 seconds
[2023-11-13T08:00:32.808+0000] {processor.py:157} INFO - Started process (PID=617) to work on /home/airflow/.local/lib/python3.8/site-packages/airflow/example_dags/example_sla_dag.py
[2023-11-13T08:00:32.809+0000] {processor.py:829} INFO - Processing file /home/airflow/.local/lib/python3.8/site-packages/airflow/example_dags/example_sla_dag.py for tasks to queue
[2023-11-13T08:00:32.811+0000] {logging_mixin.py:154} INFO - [2023-11-13T08:00:32.811+0000] {dagbag.py:536} INFO - Filling up the DagBag from /home/airflow/.local/lib/python3.8/site-packages/airflow/example_dags/example_sla_dag.py
[2023-11-13T08:00:32.817+0000] {processor.py:839} INFO - DAG(s) dict_keys(['example_sla_dag']) retrieved from /home/airflow/.local/lib/python3.8/site-packages/airflow/example_dags/example_sla_dag.py
[2023-11-13T08:00:32.831+0000] {logging_mixin.py:154} INFO - [2023-11-13T08:00:32.830+0000] {dag.py:2941} INFO - Sync 1 DAGs
[2023-11-13T08:00:32.849+0000] {logging_mixin.py:154} INFO - [2023-11-13T08:00:32.849+0000] {dag.py:3722} INFO - Setting next_dagrun for example_sla_dag to 2023-11-13T07:58:00+00:00, run_after=2023-11-13T08:00:00+00:00
[2023-11-13T08:00:33.342+0000] {processor.py:179} INFO - Processing /home/airflow/.local/lib/python3.8/site-packages/airflow/example_dags/example_sla_dag.py took 0.536 seconds
[2023-11-13T08:01:04.102+0000] {processor.py:157} INFO - Started process (PID=671) to work on /home/airflow/.local/lib/python3.8/site-packages/airflow/example_dags/example_sla_dag.py
[2023-11-13T08:01:04.149+0000] {processor.py:829} INFO - Processing file /home/airflow/.local/lib/python3.8/site-packages/airflow/example_dags/example_sla_dag.py for tasks to queue
[2023-11-13T08:01:04.151+0000] {logging_mixin.py:154} INFO - [2023-11-13T08:01:04.151+0000] {dagbag.py:536} INFO - Filling up the DagBag from /home/airflow/.local/lib/python3.8/site-packages/airflow/example_dags/example_sla_dag.py
[2023-11-13T08:01:04.157+0000] {processor.py:839} INFO - DAG(s) dict_keys(['example_sla_dag']) retrieved from /home/airflow/.local/lib/python3.8/site-packages/airflow/example_dags/example_sla_dag.py
[2023-11-13T08:01:04.172+0000] {logging_mixin.py:154} INFO - [2023-11-13T08:01:04.172+0000] {dag.py:2941} INFO - Sync 1 DAGs
[2023-11-13T08:01:04.191+0000] {logging_mixin.py:154} INFO - [2023-11-13T08:01:04.191+0000] {dag.py:3722} INFO - Setting next_dagrun for example_sla_dag to 2023-11-13T07:58:00+00:00, run_after=2023-11-13T08:00:00+00:00
[2023-11-13T08:01:05.837+0000] {processor.py:179} INFO - Processing /home/airflow/.local/lib/python3.8/site-packages/airflow/example_dags/example_sla_dag.py took 1.738 seconds
[2023-11-13T08:01:36.692+0000] {processor.py:157} INFO - Started process (PID=725) to work on /home/airflow/.local/lib/python3.8/site-packages/airflow/example_dags/example_sla_dag.py
[2023-11-13T08:01:36.721+0000] {processor.py:829} INFO - Processing file /home/airflow/.local/lib/python3.8/site-packages/airflow/example_dags/example_sla_dag.py for tasks to queue
[2023-11-13T08:01:36.723+0000] {logging_mixin.py:154} INFO - [2023-11-13T08:01:36.723+0000] {dagbag.py:536} INFO - Filling up the DagBag from /home/airflow/.local/lib/python3.8/site-packages/airflow/example_dags/example_sla_dag.py
[2023-11-13T08:01:36.728+0000] {processor.py:839} INFO - DAG(s) dict_keys(['example_sla_dag']) retrieved from /home/airflow/.local/lib/python3.8/site-packages/airflow/example_dags/example_sla_dag.py
[2023-11-13T08:01:36.742+0000] {logging_mixin.py:154} INFO - [2023-11-13T08:01:36.742+0000] {dag.py:2941} INFO - Sync 1 DAGs
[2023-11-13T08:01:36.760+0000] {logging_mixin.py:154} INFO - [2023-11-13T08:01:36.759+0000] {dag.py:3722} INFO - Setting next_dagrun for example_sla_dag to 2023-11-13T07:58:00+00:00, run_after=2023-11-13T08:00:00+00:00
[2023-11-13T08:01:36.821+0000] {processor.py:179} INFO - Processing /home/airflow/.local/lib/python3.8/site-packages/airflow/example_dags/example_sla_dag.py took 0.131 seconds
[2023-11-13T08:02:06.881+0000] {processor.py:157} INFO - Started process (PID=779) to work on /home/airflow/.local/lib/python3.8/site-packages/airflow/example_dags/example_sla_dag.py
[2023-11-13T08:02:06.882+0000] {processor.py:829} INFO - Processing file /home/airflow/.local/lib/python3.8/site-packages/airflow/example_dags/example_sla_dag.py for tasks to queue
[2023-11-13T08:02:06.883+0000] {logging_mixin.py:154} INFO - [2023-11-13T08:02:06.883+0000] {dagbag.py:536} INFO - Filling up the DagBag from /home/airflow/.local/lib/python3.8/site-packages/airflow/example_dags/example_sla_dag.py
[2023-11-13T08:02:06.889+0000] {processor.py:839} INFO - DAG(s) dict_keys(['example_sla_dag']) retrieved from /home/airflow/.local/lib/python3.8/site-packages/airflow/example_dags/example_sla_dag.py
[2023-11-13T08:02:06.903+0000] {logging_mixin.py:154} INFO - [2023-11-13T08:02:06.903+0000] {dag.py:2941} INFO - Sync 1 DAGs
[2023-11-13T08:02:06.921+0000] {logging_mixin.py:154} INFO - [2023-11-13T08:02:06.921+0000] {dag.py:3722} INFO - Setting next_dagrun for example_sla_dag to 2023-11-13T08:00:00+00:00, run_after=2023-11-13T08:02:00+00:00
[2023-11-13T08:02:07.136+0000] {processor.py:179} INFO - Processing /home/airflow/.local/lib/python3.8/site-packages/airflow/example_dags/example_sla_dag.py took 0.257 seconds
[2023-11-13T08:02:37.791+0000] {processor.py:157} INFO - Started process (PID=833) to work on /home/airflow/.local/lib/python3.8/site-packages/airflow/example_dags/example_sla_dag.py
[2023-11-13T08:02:37.797+0000] {processor.py:829} INFO - Processing file /home/airflow/.local/lib/python3.8/site-packages/airflow/example_dags/example_sla_dag.py for tasks to queue
[2023-11-13T08:02:37.798+0000] {logging_mixin.py:154} INFO - [2023-11-13T08:02:37.798+0000] {dagbag.py:536} INFO - Filling up the DagBag from /home/airflow/.local/lib/python3.8/site-packages/airflow/example_dags/example_sla_dag.py
[2023-11-13T08:02:37.805+0000] {processor.py:839} INFO - DAG(s) dict_keys(['example_sla_dag']) retrieved from /home/airflow/.local/lib/python3.8/site-packages/airflow/example_dags/example_sla_dag.py
[2023-11-13T08:02:37.821+0000] {logging_mixin.py:154} INFO - [2023-11-13T08:02:37.821+0000] {dag.py:2941} INFO - Sync 1 DAGs
[2023-11-13T08:02:37.841+0000] {logging_mixin.py:154} INFO - [2023-11-13T08:02:37.841+0000] {dag.py:3722} INFO - Setting next_dagrun for example_sla_dag to 2023-11-13T08:00:00+00:00, run_after=2023-11-13T08:02:00+00:00
[2023-11-13T08:02:37.876+0000] {processor.py:179} INFO - Processing /home/airflow/.local/lib/python3.8/site-packages/airflow/example_dags/example_sla_dag.py took 0.087 seconds
[2023-11-13T08:03:07.978+0000] {processor.py:157} INFO - Started process (PID=887) to work on /home/airflow/.local/lib/python3.8/site-packages/airflow/example_dags/example_sla_dag.py
[2023-11-13T08:03:07.978+0000] {processor.py:829} INFO - Processing file /home/airflow/.local/lib/python3.8/site-packages/airflow/example_dags/example_sla_dag.py for tasks to queue
[2023-11-13T08:03:07.979+0000] {logging_mixin.py:154} INFO - [2023-11-13T08:03:07.979+0000] {dagbag.py:536} INFO - Filling up the DagBag from /home/airflow/.local/lib/python3.8/site-packages/airflow/example_dags/example_sla_dag.py
[2023-11-13T08:03:07.985+0000] {processor.py:839} INFO - DAG(s) dict_keys(['example_sla_dag']) retrieved from /home/airflow/.local/lib/python3.8/site-packages/airflow/example_dags/example_sla_dag.py
[2023-11-13T08:03:07.999+0000] {logging_mixin.py:154} INFO - [2023-11-13T08:03:07.999+0000] {dag.py:2941} INFO - Sync 1 DAGs
[2023-11-13T08:03:08.018+0000] {logging_mixin.py:154} INFO - [2023-11-13T08:03:08.018+0000] {dag.py:3722} INFO - Setting next_dagrun for example_sla_dag to 2023-11-13T08:00:00+00:00, run_after=2023-11-13T08:02:00+00:00
[2023-11-13T08:03:08.047+0000] {processor.py:179} INFO - Processing /home/airflow/.local/lib/python3.8/site-packages/airflow/example_dags/example_sla_dag.py took 0.071 seconds
[2023-11-13T08:03:38.461+0000] {processor.py:157} INFO - Started process (PID=941) to work on /home/airflow/.local/lib/python3.8/site-packages/airflow/example_dags/example_sla_dag.py
[2023-11-13T08:03:38.462+0000] {processor.py:829} INFO - Processing file /home/airflow/.local/lib/python3.8/site-packages/airflow/example_dags/example_sla_dag.py for tasks to queue
[2023-11-13T08:03:38.463+0000] {logging_mixin.py:154} INFO - [2023-11-13T08:03:38.463+0000] {dagbag.py:536} INFO - Filling up the DagBag from /home/airflow/.local/lib/python3.8/site-packages/airflow/example_dags/example_sla_dag.py
[2023-11-13T08:03:38.469+0000] {processor.py:839} INFO - DAG(s) dict_keys(['example_sla_dag']) retrieved from /home/airflow/.local/lib/python3.8/site-packages/airflow/example_dags/example_sla_dag.py
[2023-11-13T08:03:38.484+0000] {logging_mixin.py:154} INFO - [2023-11-13T08:03:38.484+0000] {dag.py:2941} INFO - Sync 1 DAGs
[2023-11-13T08:03:38.503+0000] {logging_mixin.py:154} INFO - [2023-11-13T08:03:38.503+0000] {dag.py:3722} INFO - Setting next_dagrun for example_sla_dag to 2023-11-13T08:00:00+00:00, run_after=2023-11-13T08:02:00+00:00
[2023-11-13T08:03:38.527+0000] {processor.py:179} INFO - Processing /home/airflow/.local/lib/python3.8/site-packages/airflow/example_dags/example_sla_dag.py took 0.069 seconds
[2023-11-13T08:04:10.931+0000] {processor.py:157} INFO - Started process (PID=995) to work on /home/airflow/.local/lib/python3.8/site-packages/airflow/example_dags/example_sla_dag.py
[2023-11-13T08:04:10.931+0000] {processor.py:829} INFO - Processing file /home/airflow/.local/lib/python3.8/site-packages/airflow/example_dags/example_sla_dag.py for tasks to queue
[2023-11-13T08:04:10.932+0000] {logging_mixin.py:154} INFO - [2023-11-13T08:04:10.932+0000] {dagbag.py:536} INFO - Filling up the DagBag from /home/airflow/.local/lib/python3.8/site-packages/airflow/example_dags/example_sla_dag.py
[2023-11-13T08:04:10.938+0000] {processor.py:839} INFO - DAG(s) dict_keys(['example_sla_dag']) retrieved from /home/airflow/.local/lib/python3.8/site-packages/airflow/example_dags/example_sla_dag.py
[2023-11-13T08:04:10.951+0000] {logging_mixin.py:154} INFO - [2023-11-13T08:04:10.951+0000] {dag.py:2941} INFO - Sync 1 DAGs
[2023-11-13T08:04:11.069+0000] {logging_mixin.py:154} INFO - [2023-11-13T08:04:11.068+0000] {dag.py:3722} INFO - Setting next_dagrun for example_sla_dag to 2023-11-13T08:02:00+00:00, run_after=2023-11-13T08:04:00+00:00
[2023-11-13T08:04:11.233+0000] {processor.py:179} INFO - Processing /home/airflow/.local/lib/python3.8/site-packages/airflow/example_dags/example_sla_dag.py took 0.305 seconds
[2023-11-13T08:04:41.691+0000] {processor.py:157} INFO - Started process (PID=1049) to work on /home/airflow/.local/lib/python3.8/site-packages/airflow/example_dags/example_sla_dag.py
[2023-11-13T08:04:41.849+0000] {processor.py:829} INFO - Processing file /home/airflow/.local/lib/python3.8/site-packages/airflow/example_dags/example_sla_dag.py for tasks to queue
[2023-11-13T08:04:41.852+0000] {logging_mixin.py:154} INFO - [2023-11-13T08:04:41.852+0000] {dagbag.py:536} INFO - Filling up the DagBag from /home/airflow/.local/lib/python3.8/site-packages/airflow/example_dags/example_sla_dag.py
[2023-11-13T08:04:41.858+0000] {processor.py:839} INFO - DAG(s) dict_keys(['example_sla_dag']) retrieved from /home/airflow/.local/lib/python3.8/site-packages/airflow/example_dags/example_sla_dag.py
[2023-11-13T08:04:41.872+0000] {logging_mixin.py:154} INFO - [2023-11-13T08:04:41.872+0000] {dag.py:2941} INFO - Sync 1 DAGs
[2023-11-13T08:04:41.889+0000] {logging_mixin.py:154} INFO - [2023-11-13T08:04:41.889+0000] {dag.py:3722} INFO - Setting next_dagrun for example_sla_dag to 2023-11-13T08:02:00+00:00, run_after=2023-11-13T08:04:00+00:00
[2023-11-13T08:04:42.177+0000] {processor.py:179} INFO - Processing /home/airflow/.local/lib/python3.8/site-packages/airflow/example_dags/example_sla_dag.py took 0.489 seconds
[2023-11-13T08:05:12.935+0000] {processor.py:157} INFO - Started process (PID=1103) to work on /home/airflow/.local/lib/python3.8/site-packages/airflow/example_dags/example_sla_dag.py
[2023-11-13T08:05:12.936+0000] {processor.py:829} INFO - Processing file /home/airflow/.local/lib/python3.8/site-packages/airflow/example_dags/example_sla_dag.py for tasks to queue
[2023-11-13T08:05:12.938+0000] {logging_mixin.py:154} INFO - [2023-11-13T08:05:12.938+0000] {dagbag.py:536} INFO - Filling up the DagBag from /home/airflow/.local/lib/python3.8/site-packages/airflow/example_dags/example_sla_dag.py
[2023-11-13T08:05:12.943+0000] {processor.py:839} INFO - DAG(s) dict_keys(['example_sla_dag']) retrieved from /home/airflow/.local/lib/python3.8/site-packages/airflow/example_dags/example_sla_dag.py
[2023-11-13T08:05:12.957+0000] {logging_mixin.py:154} INFO - [2023-11-13T08:05:12.957+0000] {dag.py:2941} INFO - Sync 1 DAGs
[2023-11-13T08:05:12.975+0000] {logging_mixin.py:154} INFO - [2023-11-13T08:05:12.975+0000] {dag.py:3722} INFO - Setting next_dagrun for example_sla_dag to 2023-11-13T08:02:00+00:00, run_after=2023-11-13T08:04:00+00:00
[2023-11-13T08:05:13.002+0000] {processor.py:179} INFO - Processing /home/airflow/.local/lib/python3.8/site-packages/airflow/example_dags/example_sla_dag.py took 0.069 seconds
[2023-11-13T08:05:43.382+0000] {processor.py:157} INFO - Started process (PID=1157) to work on /home/airflow/.local/lib/python3.8/site-packages/airflow/example_dags/example_sla_dag.py
[2023-11-13T08:05:43.382+0000] {processor.py:829} INFO - Processing file /home/airflow/.local/lib/python3.8/site-packages/airflow/example_dags/example_sla_dag.py for tasks to queue
[2023-11-13T08:05:43.384+0000] {logging_mixin.py:154} INFO - [2023-11-13T08:05:43.384+0000] {dagbag.py:536} INFO - Filling up the DagBag from /home/airflow/.local/lib/python3.8/site-packages/airflow/example_dags/example_sla_dag.py
[2023-11-13T08:05:43.389+0000] {processor.py:839} INFO - DAG(s) dict_keys(['example_sla_dag']) retrieved from /home/airflow/.local/lib/python3.8/site-packages/airflow/example_dags/example_sla_dag.py
[2023-11-13T08:05:43.404+0000] {logging_mixin.py:154} INFO - [2023-11-13T08:05:43.404+0000] {dag.py:2941} INFO - Sync 1 DAGs
[2023-11-13T08:05:43.519+0000] {logging_mixin.py:154} INFO - [2023-11-13T08:05:43.519+0000] {dag.py:3722} INFO - Setting next_dagrun for example_sla_dag to 2023-11-13T08:02:00+00:00, run_after=2023-11-13T08:04:00+00:00
[2023-11-13T08:05:43.743+0000] {processor.py:179} INFO - Processing /home/airflow/.local/lib/python3.8/site-packages/airflow/example_dags/example_sla_dag.py took 0.363 seconds
[2023-11-13T08:06:14.312+0000] {processor.py:157} INFO - Started process (PID=1212) to work on /home/airflow/.local/lib/python3.8/site-packages/airflow/example_dags/example_sla_dag.py
[2023-11-13T08:06:14.450+0000] {processor.py:829} INFO - Processing file /home/airflow/.local/lib/python3.8/site-packages/airflow/example_dags/example_sla_dag.py for tasks to queue
[2023-11-13T08:06:14.452+0000] {logging_mixin.py:154} INFO - [2023-11-13T08:06:14.452+0000] {dagbag.py:536} INFO - Filling up the DagBag from /home/airflow/.local/lib/python3.8/site-packages/airflow/example_dags/example_sla_dag.py
[2023-11-13T08:06:14.458+0000] {processor.py:839} INFO - DAG(s) dict_keys(['example_sla_dag']) retrieved from /home/airflow/.local/lib/python3.8/site-packages/airflow/example_dags/example_sla_dag.py
[2023-11-13T08:06:14.473+0000] {logging_mixin.py:154} INFO - [2023-11-13T08:06:14.473+0000] {dag.py:2941} INFO - Sync 1 DAGs
[2023-11-13T08:06:14.492+0000] {logging_mixin.py:154} INFO - [2023-11-13T08:06:14.492+0000] {dag.py:3722} INFO - Setting next_dagrun for example_sla_dag to 2023-11-13T08:04:00+00:00, run_after=2023-11-13T08:06:00+00:00
[2023-11-13T08:06:14.807+0000] {processor.py:179} INFO - Processing /home/airflow/.local/lib/python3.8/site-packages/airflow/example_dags/example_sla_dag.py took 0.497 seconds
[2023-11-13T08:06:44.832+0000] {processor.py:157} INFO - Started process (PID=1265) to work on /home/airflow/.local/lib/python3.8/site-packages/airflow/example_dags/example_sla_dag.py
[2023-11-13T08:06:44.833+0000] {processor.py:829} INFO - Processing file /home/airflow/.local/lib/python3.8/site-packages/airflow/example_dags/example_sla_dag.py for tasks to queue
[2023-11-13T08:06:44.834+0000] {logging_mixin.py:154} INFO - [2023-11-13T08:06:44.834+0000] {dagbag.py:536} INFO - Filling up the DagBag from /home/airflow/.local/lib/python3.8/site-packages/airflow/example_dags/example_sla_dag.py
[2023-11-13T08:06:44.840+0000] {processor.py:839} INFO - DAG(s) dict_keys(['example_sla_dag']) retrieved from /home/airflow/.local/lib/python3.8/site-packages/airflow/example_dags/example_sla_dag.py
[2023-11-13T08:06:44.855+0000] {logging_mixin.py:154} INFO - [2023-11-13T08:06:44.855+0000] {dag.py:2941} INFO - Sync 1 DAGs
[2023-11-13T08:06:44.872+0000] {logging_mixin.py:154} INFO - [2023-11-13T08:06:44.872+0000] {dag.py:3722} INFO - Setting next_dagrun for example_sla_dag to 2023-11-13T08:04:00+00:00, run_after=2023-11-13T08:06:00+00:00
[2023-11-13T08:06:46.694+0000] {processor.py:179} INFO - Processing /home/airflow/.local/lib/python3.8/site-packages/airflow/example_dags/example_sla_dag.py took 1.864 seconds
[2023-11-13T08:07:16.864+0000] {processor.py:157} INFO - Started process (PID=1320) to work on /home/airflow/.local/lib/python3.8/site-packages/airflow/example_dags/example_sla_dag.py
[2023-11-13T08:07:16.864+0000] {processor.py:829} INFO - Processing file /home/airflow/.local/lib/python3.8/site-packages/airflow/example_dags/example_sla_dag.py for tasks to queue
[2023-11-13T08:07:16.866+0000] {logging_mixin.py:154} INFO - [2023-11-13T08:07:16.866+0000] {dagbag.py:536} INFO - Filling up the DagBag from /home/airflow/.local/lib/python3.8/site-packages/airflow/example_dags/example_sla_dag.py
[2023-11-13T08:07:16.871+0000] {processor.py:839} INFO - DAG(s) dict_keys(['example_sla_dag']) retrieved from /home/airflow/.local/lib/python3.8/site-packages/airflow/example_dags/example_sla_dag.py
[2023-11-13T08:07:16.884+0000] {logging_mixin.py:154} INFO - [2023-11-13T08:07:16.884+0000] {dag.py:2941} INFO - Sync 1 DAGs
[2023-11-13T08:07:16.990+0000] {logging_mixin.py:154} INFO - [2023-11-13T08:07:16.990+0000] {dag.py:3722} INFO - Setting next_dagrun for example_sla_dag to 2023-11-13T08:04:00+00:00, run_after=2023-11-13T08:06:00+00:00
[2023-11-13T08:07:17.014+0000] {processor.py:179} INFO - Processing /home/airflow/.local/lib/python3.8/site-packages/airflow/example_dags/example_sla_dag.py took 0.152 seconds
[2023-11-13T08:07:47.069+0000] {processor.py:157} INFO - Started process (PID=1374) to work on /home/airflow/.local/lib/python3.8/site-packages/airflow/example_dags/example_sla_dag.py
[2023-11-13T08:07:47.549+0000] {processor.py:829} INFO - Processing file /home/airflow/.local/lib/python3.8/site-packages/airflow/example_dags/example_sla_dag.py for tasks to queue
[2023-11-13T08:07:47.551+0000] {logging_mixin.py:154} INFO - [2023-11-13T08:07:47.551+0000] {dagbag.py:536} INFO - Filling up the DagBag from /home/airflow/.local/lib/python3.8/site-packages/airflow/example_dags/example_sla_dag.py
[2023-11-13T08:07:47.557+0000] {processor.py:839} INFO - DAG(s) dict_keys(['example_sla_dag']) retrieved from /home/airflow/.local/lib/python3.8/site-packages/airflow/example_dags/example_sla_dag.py
[2023-11-13T08:07:47.571+0000] {logging_mixin.py:154} INFO - [2023-11-13T08:07:47.571+0000] {dag.py:2941} INFO - Sync 1 DAGs
[2023-11-13T08:07:47.589+0000] {logging_mixin.py:154} INFO - [2023-11-13T08:07:47.589+0000] {dag.py:3722} INFO - Setting next_dagrun for example_sla_dag to 2023-11-13T08:04:00+00:00, run_after=2023-11-13T08:06:00+00:00
[2023-11-13T08:07:47.853+0000] {processor.py:179} INFO - Processing /home/airflow/.local/lib/python3.8/site-packages/airflow/example_dags/example_sla_dag.py took 0.787 seconds
[2023-11-13T08:08:18.094+0000] {processor.py:157} INFO - Started process (PID=1427) to work on /home/airflow/.local/lib/python3.8/site-packages/airflow/example_dags/example_sla_dag.py
[2023-11-13T08:08:18.094+0000] {processor.py:829} INFO - Processing file /home/airflow/.local/lib/python3.8/site-packages/airflow/example_dags/example_sla_dag.py for tasks to queue
[2023-11-13T08:08:18.096+0000] {logging_mixin.py:154} INFO - [2023-11-13T08:08:18.096+0000] {dagbag.py:536} INFO - Filling up the DagBag from /home/airflow/.local/lib/python3.8/site-packages/airflow/example_dags/example_sla_dag.py
[2023-11-13T08:08:18.102+0000] {processor.py:839} INFO - DAG(s) dict_keys(['example_sla_dag']) retrieved from /home/airflow/.local/lib/python3.8/site-packages/airflow/example_dags/example_sla_dag.py
[2023-11-13T08:08:18.117+0000] {logging_mixin.py:154} INFO - [2023-11-13T08:08:18.116+0000] {dag.py:2941} INFO - Sync 1 DAGs
[2023-11-13T08:08:18.134+0000] {logging_mixin.py:154} INFO - [2023-11-13T08:08:18.134+0000] {dag.py:3722} INFO - Setting next_dagrun for example_sla_dag to 2023-11-13T08:06:00+00:00, run_after=2023-11-13T08:08:00+00:00
[2023-11-13T08:08:18.696+0000] {processor.py:179} INFO - Processing /home/airflow/.local/lib/python3.8/site-packages/airflow/example_dags/example_sla_dag.py took 0.605 seconds
[2023-11-13T08:08:49.709+0000] {processor.py:157} INFO - Started process (PID=1481) to work on /home/airflow/.local/lib/python3.8/site-packages/airflow/example_dags/example_sla_dag.py
[2023-11-13T08:08:49.864+0000] {processor.py:829} INFO - Processing file /home/airflow/.local/lib/python3.8/site-packages/airflow/example_dags/example_sla_dag.py for tasks to queue
[2023-11-13T08:08:49.869+0000] {logging_mixin.py:154} INFO - [2023-11-13T08:08:49.869+0000] {dagbag.py:536} INFO - Filling up the DagBag from /home/airflow/.local/lib/python3.8/site-packages/airflow/example_dags/example_sla_dag.py
[2023-11-13T08:08:49.875+0000] {processor.py:839} INFO - DAG(s) dict_keys(['example_sla_dag']) retrieved from /home/airflow/.local/lib/python3.8/site-packages/airflow/example_dags/example_sla_dag.py
[2023-11-13T08:08:49.888+0000] {logging_mixin.py:154} INFO - [2023-11-13T08:08:49.888+0000] {dag.py:2941} INFO - Sync 1 DAGs
[2023-11-13T08:08:49.997+0000] {logging_mixin.py:154} INFO - [2023-11-13T08:08:49.997+0000] {dag.py:3722} INFO - Setting next_dagrun for example_sla_dag to 2023-11-13T08:06:00+00:00, run_after=2023-11-13T08:08:00+00:00
[2023-11-13T08:08:50.156+0000] {processor.py:179} INFO - Processing /home/airflow/.local/lib/python3.8/site-packages/airflow/example_dags/example_sla_dag.py took 0.450 seconds
[2023-11-13T08:09:20.680+0000] {processor.py:157} INFO - Started process (PID=1535) to work on /home/airflow/.local/lib/python3.8/site-packages/airflow/example_dags/example_sla_dag.py
[2023-11-13T08:09:20.860+0000] {processor.py:829} INFO - Processing file /home/airflow/.local/lib/python3.8/site-packages/airflow/example_dags/example_sla_dag.py for tasks to queue
[2023-11-13T08:09:20.866+0000] {logging_mixin.py:154} INFO - [2023-11-13T08:09:20.866+0000] {dagbag.py:536} INFO - Filling up the DagBag from /home/airflow/.local/lib/python3.8/site-packages/airflow/example_dags/example_sla_dag.py
[2023-11-13T08:09:20.871+0000] {processor.py:839} INFO - DAG(s) dict_keys(['example_sla_dag']) retrieved from /home/airflow/.local/lib/python3.8/site-packages/airflow/example_dags/example_sla_dag.py
[2023-11-13T08:09:20.886+0000] {logging_mixin.py:154} INFO - [2023-11-13T08:09:20.885+0000] {dag.py:2941} INFO - Sync 1 DAGs
[2023-11-13T08:09:20.902+0000] {logging_mixin.py:154} INFO - [2023-11-13T08:09:20.902+0000] {dag.py:3722} INFO - Setting next_dagrun for example_sla_dag to 2023-11-13T08:06:00+00:00, run_after=2023-11-13T08:08:00+00:00
[2023-11-13T08:09:21.217+0000] {processor.py:179} INFO - Processing /home/airflow/.local/lib/python3.8/site-packages/airflow/example_dags/example_sla_dag.py took 0.541 seconds
[2023-11-13T08:09:51.392+0000] {processor.py:157} INFO - Started process (PID=1589) to work on /home/airflow/.local/lib/python3.8/site-packages/airflow/example_dags/example_sla_dag.py
[2023-11-13T08:09:51.496+0000] {processor.py:829} INFO - Processing file /home/airflow/.local/lib/python3.8/site-packages/airflow/example_dags/example_sla_dag.py for tasks to queue
[2023-11-13T08:09:51.498+0000] {logging_mixin.py:154} INFO - [2023-11-13T08:09:51.498+0000] {dagbag.py:536} INFO - Filling up the DagBag from /home/airflow/.local/lib/python3.8/site-packages/airflow/example_dags/example_sla_dag.py
[2023-11-13T08:09:51.504+0000] {processor.py:839} INFO - DAG(s) dict_keys(['example_sla_dag']) retrieved from /home/airflow/.local/lib/python3.8/site-packages/airflow/example_dags/example_sla_dag.py
[2023-11-13T08:09:51.624+0000] {logging_mixin.py:154} INFO - [2023-11-13T08:09:51.624+0000] {dag.py:2941} INFO - Sync 1 DAGs
[2023-11-13T08:09:51.653+0000] {logging_mixin.py:154} INFO - [2023-11-13T08:09:51.653+0000] {dag.py:3722} INFO - Setting next_dagrun for example_sla_dag to 2023-11-13T08:06:00+00:00, run_after=2023-11-13T08:08:00+00:00
[2023-11-13T08:09:51.802+0000] {processor.py:179} INFO - Processing /home/airflow/.local/lib/python3.8/site-packages/airflow/example_dags/example_sla_dag.py took 0.414 seconds
[2023-11-13T08:10:22.479+0000] {processor.py:157} INFO - Started process (PID=1643) to work on /home/airflow/.local/lib/python3.8/site-packages/airflow/example_dags/example_sla_dag.py
[2023-11-13T08:10:22.479+0000] {processor.py:829} INFO - Processing file /home/airflow/.local/lib/python3.8/site-packages/airflow/example_dags/example_sla_dag.py for tasks to queue
[2023-11-13T08:10:22.481+0000] {logging_mixin.py:154} INFO - [2023-11-13T08:10:22.481+0000] {dagbag.py:536} INFO - Filling up the DagBag from /home/airflow/.local/lib/python3.8/site-packages/airflow/example_dags/example_sla_dag.py
[2023-11-13T08:10:22.487+0000] {processor.py:839} INFO - DAG(s) dict_keys(['example_sla_dag']) retrieved from /home/airflow/.local/lib/python3.8/site-packages/airflow/example_dags/example_sla_dag.py
[2023-11-13T08:10:22.501+0000] {logging_mixin.py:154} INFO - [2023-11-13T08:10:22.501+0000] {dag.py:2941} INFO - Sync 1 DAGs
[2023-11-13T08:10:22.518+0000] {logging_mixin.py:154} INFO - [2023-11-13T08:10:22.518+0000] {dag.py:3722} INFO - Setting next_dagrun for example_sla_dag to 2023-11-13T08:08:00+00:00, run_after=2023-11-13T08:10:00+00:00
[2023-11-13T08:10:22.553+0000] {processor.py:179} INFO - Processing /home/airflow/.local/lib/python3.8/site-packages/airflow/example_dags/example_sla_dag.py took 0.076 seconds
[2023-11-13T08:10:53.697+0000] {processor.py:157} INFO - Started process (PID=1697) to work on /home/airflow/.local/lib/python3.8/site-packages/airflow/example_dags/example_sla_dag.py
[2023-11-13T08:10:53.698+0000] {processor.py:829} INFO - Processing file /home/airflow/.local/lib/python3.8/site-packages/airflow/example_dags/example_sla_dag.py for tasks to queue
[2023-11-13T08:10:53.699+0000] {logging_mixin.py:154} INFO - [2023-11-13T08:10:53.699+0000] {dagbag.py:536} INFO - Filling up the DagBag from /home/airflow/.local/lib/python3.8/site-packages/airflow/example_dags/example_sla_dag.py
[2023-11-13T08:10:53.705+0000] {processor.py:839} INFO - DAG(s) dict_keys(['example_sla_dag']) retrieved from /home/airflow/.local/lib/python3.8/site-packages/airflow/example_dags/example_sla_dag.py
[2023-11-13T08:10:53.720+0000] {logging_mixin.py:154} INFO - [2023-11-13T08:10:53.720+0000] {dag.py:2941} INFO - Sync 1 DAGs
[2023-11-13T08:10:53.743+0000] {logging_mixin.py:154} INFO - [2023-11-13T08:10:53.743+0000] {dag.py:3722} INFO - Setting next_dagrun for example_sla_dag to 2023-11-13T08:08:00+00:00, run_after=2023-11-13T08:10:00+00:00
[2023-11-13T08:10:53.783+0000] {processor.py:179} INFO - Processing /home/airflow/.local/lib/python3.8/site-packages/airflow/example_dags/example_sla_dag.py took 0.088 seconds
[2023-11-13T08:11:23.864+0000] {processor.py:157} INFO - Started process (PID=1751) to work on /home/airflow/.local/lib/python3.8/site-packages/airflow/example_dags/example_sla_dag.py
[2023-11-13T08:11:23.864+0000] {processor.py:829} INFO - Processing file /home/airflow/.local/lib/python3.8/site-packages/airflow/example_dags/example_sla_dag.py for tasks to queue
[2023-11-13T08:11:23.866+0000] {logging_mixin.py:154} INFO - [2023-11-13T08:11:23.866+0000] {dagbag.py:536} INFO - Filling up the DagBag from /home/airflow/.local/lib/python3.8/site-packages/airflow/example_dags/example_sla_dag.py
[2023-11-13T08:11:23.872+0000] {processor.py:839} INFO - DAG(s) dict_keys(['example_sla_dag']) retrieved from /home/airflow/.local/lib/python3.8/site-packages/airflow/example_dags/example_sla_dag.py
[2023-11-13T08:11:23.886+0000] {logging_mixin.py:154} INFO - [2023-11-13T08:11:23.886+0000] {dag.py:2941} INFO - Sync 1 DAGs
[2023-11-13T08:11:23.903+0000] {logging_mixin.py:154} INFO - [2023-11-13T08:11:23.903+0000] {dag.py:3722} INFO - Setting next_dagrun for example_sla_dag to 2023-11-13T08:08:00+00:00, run_after=2023-11-13T08:10:00+00:00
[2023-11-13T08:11:23.935+0000] {processor.py:179} INFO - Processing /home/airflow/.local/lib/python3.8/site-packages/airflow/example_dags/example_sla_dag.py took 0.073 seconds
[2023-11-13T08:11:55.001+0000] {processor.py:157} INFO - Started process (PID=1805) to work on /home/airflow/.local/lib/python3.8/site-packages/airflow/example_dags/example_sla_dag.py
[2023-11-13T08:11:55.002+0000] {processor.py:829} INFO - Processing file /home/airflow/.local/lib/python3.8/site-packages/airflow/example_dags/example_sla_dag.py for tasks to queue
[2023-11-13T08:11:55.003+0000] {logging_mixin.py:154} INFO - [2023-11-13T08:11:55.003+0000] {dagbag.py:536} INFO - Filling up the DagBag from /home/airflow/.local/lib/python3.8/site-packages/airflow/example_dags/example_sla_dag.py
[2023-11-13T08:11:55.009+0000] {processor.py:839} INFO - DAG(s) dict_keys(['example_sla_dag']) retrieved from /home/airflow/.local/lib/python3.8/site-packages/airflow/example_dags/example_sla_dag.py
[2023-11-13T08:11:55.023+0000] {logging_mixin.py:154} INFO - [2023-11-13T08:11:55.023+0000] {dag.py:2941} INFO - Sync 1 DAGs
[2023-11-13T08:11:55.041+0000] {logging_mixin.py:154} INFO - [2023-11-13T08:11:55.041+0000] {dag.py:3722} INFO - Setting next_dagrun for example_sla_dag to 2023-11-13T08:08:00+00:00, run_after=2023-11-13T08:10:00+00:00
[2023-11-13T08:11:55.074+0000] {processor.py:179} INFO - Processing /home/airflow/.local/lib/python3.8/site-packages/airflow/example_dags/example_sla_dag.py took 0.076 seconds
[2023-11-13T08:12:26.693+0000] {processor.py:157} INFO - Started process (PID=1859) to work on /home/airflow/.local/lib/python3.8/site-packages/airflow/example_dags/example_sla_dag.py
[2023-11-13T08:12:26.693+0000] {processor.py:829} INFO - Processing file /home/airflow/.local/lib/python3.8/site-packages/airflow/example_dags/example_sla_dag.py for tasks to queue
[2023-11-13T08:12:26.695+0000] {logging_mixin.py:154} INFO - [2023-11-13T08:12:26.695+0000] {dagbag.py:536} INFO - Filling up the DagBag from /home/airflow/.local/lib/python3.8/site-packages/airflow/example_dags/example_sla_dag.py
[2023-11-13T08:12:26.701+0000] {processor.py:839} INFO - DAG(s) dict_keys(['example_sla_dag']) retrieved from /home/airflow/.local/lib/python3.8/site-packages/airflow/example_dags/example_sla_dag.py
[2023-11-13T08:12:26.715+0000] {logging_mixin.py:154} INFO - [2023-11-13T08:12:26.715+0000] {dag.py:2941} INFO - Sync 1 DAGs
[2023-11-13T08:12:26.733+0000] {logging_mixin.py:154} INFO - [2023-11-13T08:12:26.733+0000] {dag.py:3722} INFO - Setting next_dagrun for example_sla_dag to 2023-11-13T08:10:00+00:00, run_after=2023-11-13T08:12:00+00:00
[2023-11-13T08:12:26.764+0000] {processor.py:179} INFO - Processing /home/airflow/.local/lib/python3.8/site-packages/airflow/example_dags/example_sla_dag.py took 0.074 seconds
[2023-11-13T08:12:58.320+0000] {processor.py:157} INFO - Started process (PID=1913) to work on /home/airflow/.local/lib/python3.8/site-packages/airflow/example_dags/example_sla_dag.py
[2023-11-13T08:12:58.321+0000] {processor.py:829} INFO - Processing file /home/airflow/.local/lib/python3.8/site-packages/airflow/example_dags/example_sla_dag.py for tasks to queue
[2023-11-13T08:12:58.322+0000] {logging_mixin.py:154} INFO - [2023-11-13T08:12:58.322+0000] {dagbag.py:536} INFO - Filling up the DagBag from /home/airflow/.local/lib/python3.8/site-packages/airflow/example_dags/example_sla_dag.py
[2023-11-13T08:12:58.328+0000] {processor.py:839} INFO - DAG(s) dict_keys(['example_sla_dag']) retrieved from /home/airflow/.local/lib/python3.8/site-packages/airflow/example_dags/example_sla_dag.py
[2023-11-13T08:12:58.342+0000] {logging_mixin.py:154} INFO - [2023-11-13T08:12:58.342+0000] {dag.py:2941} INFO - Sync 1 DAGs
[2023-11-13T08:12:58.364+0000] {logging_mixin.py:154} INFO - [2023-11-13T08:12:58.364+0000] {dag.py:3722} INFO - Setting next_dagrun for example_sla_dag to 2023-11-13T08:10:00+00:00, run_after=2023-11-13T08:12:00+00:00
[2023-11-13T08:12:58.399+0000] {processor.py:179} INFO - Processing /home/airflow/.local/lib/python3.8/site-packages/airflow/example_dags/example_sla_dag.py took 0.081 seconds
[2023-11-13T08:13:29.381+0000] {processor.py:157} INFO - Started process (PID=1967) to work on /home/airflow/.local/lib/python3.8/site-packages/airflow/example_dags/example_sla_dag.py
[2023-11-13T08:13:29.393+0000] {processor.py:829} INFO - Processing file /home/airflow/.local/lib/python3.8/site-packages/airflow/example_dags/example_sla_dag.py for tasks to queue
[2023-11-13T08:13:29.394+0000] {logging_mixin.py:154} INFO - [2023-11-13T08:13:29.394+0000] {dagbag.py:536} INFO - Filling up the DagBag from /home/airflow/.local/lib/python3.8/site-packages/airflow/example_dags/example_sla_dag.py
[2023-11-13T08:13:29.400+0000] {processor.py:839} INFO - DAG(s) dict_keys(['example_sla_dag']) retrieved from /home/airflow/.local/lib/python3.8/site-packages/airflow/example_dags/example_sla_dag.py
[2023-11-13T08:13:29.416+0000] {logging_mixin.py:154} INFO - [2023-11-13T08:13:29.416+0000] {dag.py:2941} INFO - Sync 1 DAGs
[2023-11-13T08:13:29.435+0000] {logging_mixin.py:154} INFO - [2023-11-13T08:13:29.435+0000] {dag.py:3722} INFO - Setting next_dagrun for example_sla_dag to 2023-11-13T08:10:00+00:00, run_after=2023-11-13T08:12:00+00:00
[2023-11-13T08:13:29.492+0000] {processor.py:179} INFO - Processing /home/airflow/.local/lib/python3.8/site-packages/airflow/example_dags/example_sla_dag.py took 0.113 seconds
[2023-11-13T08:13:59.635+0000] {processor.py:157} INFO - Started process (PID=2021) to work on /home/airflow/.local/lib/python3.8/site-packages/airflow/example_dags/example_sla_dag.py
[2023-11-13T08:13:59.635+0000] {processor.py:829} INFO - Processing file /home/airflow/.local/lib/python3.8/site-packages/airflow/example_dags/example_sla_dag.py for tasks to queue
[2023-11-13T08:13:59.637+0000] {logging_mixin.py:154} INFO - [2023-11-13T08:13:59.637+0000] {dagbag.py:536} INFO - Filling up the DagBag from /home/airflow/.local/lib/python3.8/site-packages/airflow/example_dags/example_sla_dag.py
[2023-11-13T08:13:59.643+0000] {processor.py:839} INFO - DAG(s) dict_keys(['example_sla_dag']) retrieved from /home/airflow/.local/lib/python3.8/site-packages/airflow/example_dags/example_sla_dag.py
[2023-11-13T08:13:59.660+0000] {logging_mixin.py:154} INFO - [2023-11-13T08:13:59.660+0000] {dag.py:2941} INFO - Sync 1 DAGs
[2023-11-13T08:13:59.684+0000] {logging_mixin.py:154} INFO - [2023-11-13T08:13:59.684+0000] {dag.py:3722} INFO - Setting next_dagrun for example_sla_dag to 2023-11-13T08:10:00+00:00, run_after=2023-11-13T08:12:00+00:00
[2023-11-13T08:13:59.706+0000] {processor.py:179} INFO - Processing /home/airflow/.local/lib/python3.8/site-packages/airflow/example_dags/example_sla_dag.py took 0.074 seconds
[2023-11-13T08:14:32.777+0000] {processor.py:157} INFO - Started process (PID=2075) to work on /home/airflow/.local/lib/python3.8/site-packages/airflow/example_dags/example_sla_dag.py
[2023-11-13T08:14:32.789+0000] {processor.py:829} INFO - Processing file /home/airflow/.local/lib/python3.8/site-packages/airflow/example_dags/example_sla_dag.py for tasks to queue
[2023-11-13T08:14:32.791+0000] {logging_mixin.py:154} INFO - [2023-11-13T08:14:32.791+0000] {dagbag.py:536} INFO - Filling up the DagBag from /home/airflow/.local/lib/python3.8/site-packages/airflow/example_dags/example_sla_dag.py
[2023-11-13T08:14:32.797+0000] {processor.py:839} INFO - DAG(s) dict_keys(['example_sla_dag']) retrieved from /home/airflow/.local/lib/python3.8/site-packages/airflow/example_dags/example_sla_dag.py
[2023-11-13T08:14:32.811+0000] {logging_mixin.py:154} INFO - [2023-11-13T08:14:32.811+0000] {dag.py:2941} INFO - Sync 1 DAGs
[2023-11-13T08:14:32.835+0000] {logging_mixin.py:154} INFO - [2023-11-13T08:14:32.835+0000] {dag.py:3722} INFO - Setting next_dagrun for example_sla_dag to 2023-11-13T08:12:00+00:00, run_after=2023-11-13T08:14:00+00:00
[2023-11-13T08:14:32.867+0000] {processor.py:179} INFO - Processing /home/airflow/.local/lib/python3.8/site-packages/airflow/example_dags/example_sla_dag.py took 0.093 seconds
[2023-11-13T08:15:03.550+0000] {processor.py:157} INFO - Started process (PID=2129) to work on /home/airflow/.local/lib/python3.8/site-packages/airflow/example_dags/example_sla_dag.py
[2023-11-13T08:15:03.550+0000] {processor.py:829} INFO - Processing file /home/airflow/.local/lib/python3.8/site-packages/airflow/example_dags/example_sla_dag.py for tasks to queue
[2023-11-13T08:15:03.552+0000] {logging_mixin.py:154} INFO - [2023-11-13T08:15:03.551+0000] {dagbag.py:536} INFO - Filling up the DagBag from /home/airflow/.local/lib/python3.8/site-packages/airflow/example_dags/example_sla_dag.py
[2023-11-13T08:15:03.557+0000] {processor.py:839} INFO - DAG(s) dict_keys(['example_sla_dag']) retrieved from /home/airflow/.local/lib/python3.8/site-packages/airflow/example_dags/example_sla_dag.py
[2023-11-13T08:15:03.571+0000] {logging_mixin.py:154} INFO - [2023-11-13T08:15:03.571+0000] {dag.py:2941} INFO - Sync 1 DAGs
[2023-11-13T08:15:03.589+0000] {logging_mixin.py:154} INFO - [2023-11-13T08:15:03.589+0000] {dag.py:3722} INFO - Setting next_dagrun for example_sla_dag to 2023-11-13T08:12:00+00:00, run_after=2023-11-13T08:14:00+00:00
[2023-11-13T08:15:03.617+0000] {processor.py:179} INFO - Processing /home/airflow/.local/lib/python3.8/site-packages/airflow/example_dags/example_sla_dag.py took 0.070 seconds
[2023-11-13T08:15:35.085+0000] {processor.py:157} INFO - Started process (PID=2183) to work on /home/airflow/.local/lib/python3.8/site-packages/airflow/example_dags/example_sla_dag.py
[2023-11-13T08:15:35.098+0000] {processor.py:829} INFO - Processing file /home/airflow/.local/lib/python3.8/site-packages/airflow/example_dags/example_sla_dag.py for tasks to queue
[2023-11-13T08:15:35.099+0000] {logging_mixin.py:154} INFO - [2023-11-13T08:15:35.099+0000] {dagbag.py:536} INFO - Filling up the DagBag from /home/airflow/.local/lib/python3.8/site-packages/airflow/example_dags/example_sla_dag.py
[2023-11-13T08:15:35.105+0000] {processor.py:839} INFO - DAG(s) dict_keys(['example_sla_dag']) retrieved from /home/airflow/.local/lib/python3.8/site-packages/airflow/example_dags/example_sla_dag.py
[2023-11-13T08:15:35.119+0000] {logging_mixin.py:154} INFO - [2023-11-13T08:15:35.119+0000] {dag.py:2941} INFO - Sync 1 DAGs
[2023-11-13T08:15:35.136+0000] {logging_mixin.py:154} INFO - [2023-11-13T08:15:35.136+0000] {dag.py:3722} INFO - Setting next_dagrun for example_sla_dag to 2023-11-13T08:12:00+00:00, run_after=2023-11-13T08:14:00+00:00
[2023-11-13T08:15:35.175+0000] {processor.py:179} INFO - Processing /home/airflow/.local/lib/python3.8/site-packages/airflow/example_dags/example_sla_dag.py took 0.093 seconds
[2023-11-13T08:16:06.729+0000] {processor.py:157} INFO - Started process (PID=2237) to work on /home/airflow/.local/lib/python3.8/site-packages/airflow/example_dags/example_sla_dag.py
[2023-11-13T08:16:06.730+0000] {processor.py:829} INFO - Processing file /home/airflow/.local/lib/python3.8/site-packages/airflow/example_dags/example_sla_dag.py for tasks to queue
[2023-11-13T08:16:06.731+0000] {logging_mixin.py:154} INFO - [2023-11-13T08:16:06.731+0000] {dagbag.py:536} INFO - Filling up the DagBag from /home/airflow/.local/lib/python3.8/site-packages/airflow/example_dags/example_sla_dag.py
[2023-11-13T08:16:06.737+0000] {processor.py:839} INFO - DAG(s) dict_keys(['example_sla_dag']) retrieved from /home/airflow/.local/lib/python3.8/site-packages/airflow/example_dags/example_sla_dag.py
[2023-11-13T08:16:06.752+0000] {logging_mixin.py:154} INFO - [2023-11-13T08:16:06.751+0000] {dag.py:2941} INFO - Sync 1 DAGs
[2023-11-13T08:16:06.769+0000] {logging_mixin.py:154} INFO - [2023-11-13T08:16:06.769+0000] {dag.py:3722} INFO - Setting next_dagrun for example_sla_dag to 2023-11-13T08:14:00+00:00, run_after=2023-11-13T08:16:00+00:00
[2023-11-13T08:16:07.034+0000] {processor.py:179} INFO - Processing /home/airflow/.local/lib/python3.8/site-packages/airflow/example_dags/example_sla_dag.py took 0.307 seconds
[2023-11-13T08:16:37.628+0000] {processor.py:157} INFO - Started process (PID=2291) to work on /home/airflow/.local/lib/python3.8/site-packages/airflow/example_dags/example_sla_dag.py
[2023-11-13T08:16:37.639+0000] {processor.py:829} INFO - Processing file /home/airflow/.local/lib/python3.8/site-packages/airflow/example_dags/example_sla_dag.py for tasks to queue
[2023-11-13T08:16:37.641+0000] {logging_mixin.py:154} INFO - [2023-11-13T08:16:37.641+0000] {dagbag.py:536} INFO - Filling up the DagBag from /home/airflow/.local/lib/python3.8/site-packages/airflow/example_dags/example_sla_dag.py
[2023-11-13T08:16:37.646+0000] {processor.py:839} INFO - DAG(s) dict_keys(['example_sla_dag']) retrieved from /home/airflow/.local/lib/python3.8/site-packages/airflow/example_dags/example_sla_dag.py
[2023-11-13T08:16:37.660+0000] {logging_mixin.py:154} INFO - [2023-11-13T08:16:37.660+0000] {dag.py:2941} INFO - Sync 1 DAGs
[2023-11-13T08:16:37.678+0000] {logging_mixin.py:154} INFO - [2023-11-13T08:16:37.678+0000] {dag.py:3722} INFO - Setting next_dagrun for example_sla_dag to 2023-11-13T08:14:00+00:00, run_after=2023-11-13T08:16:00+00:00
[2023-11-13T08:16:37.728+0000] {processor.py:179} INFO - Processing /home/airflow/.local/lib/python3.8/site-packages/airflow/example_dags/example_sla_dag.py took 0.103 seconds
[2023-11-13T08:17:08.330+0000] {processor.py:157} INFO - Started process (PID=2345) to work on /home/airflow/.local/lib/python3.8/site-packages/airflow/example_dags/example_sla_dag.py
[2023-11-13T08:17:08.330+0000] {processor.py:829} INFO - Processing file /home/airflow/.local/lib/python3.8/site-packages/airflow/example_dags/example_sla_dag.py for tasks to queue
[2023-11-13T08:17:08.332+0000] {logging_mixin.py:154} INFO - [2023-11-13T08:17:08.331+0000] {dagbag.py:536} INFO - Filling up the DagBag from /home/airflow/.local/lib/python3.8/site-packages/airflow/example_dags/example_sla_dag.py
[2023-11-13T08:17:08.337+0000] {processor.py:839} INFO - DAG(s) dict_keys(['example_sla_dag']) retrieved from /home/airflow/.local/lib/python3.8/site-packages/airflow/example_dags/example_sla_dag.py
[2023-11-13T08:17:08.352+0000] {logging_mixin.py:154} INFO - [2023-11-13T08:17:08.352+0000] {dag.py:2941} INFO - Sync 1 DAGs
[2023-11-13T08:17:08.369+0000] {logging_mixin.py:154} INFO - [2023-11-13T08:17:08.369+0000] {dag.py:3722} INFO - Setting next_dagrun for example_sla_dag to 2023-11-13T08:14:00+00:00, run_after=2023-11-13T08:16:00+00:00
[2023-11-13T08:17:08.415+0000] {processor.py:179} INFO - Processing /home/airflow/.local/lib/python3.8/site-packages/airflow/example_dags/example_sla_dag.py took 0.087 seconds
[2023-11-13T08:17:39.892+0000] {processor.py:157} INFO - Started process (PID=2399) to work on /home/airflow/.local/lib/python3.8/site-packages/airflow/example_dags/example_sla_dag.py
[2023-11-13T08:17:39.904+0000] {processor.py:829} INFO - Processing file /home/airflow/.local/lib/python3.8/site-packages/airflow/example_dags/example_sla_dag.py for tasks to queue
[2023-11-13T08:17:39.906+0000] {logging_mixin.py:154} INFO - [2023-11-13T08:17:39.906+0000] {dagbag.py:536} INFO - Filling up the DagBag from /home/airflow/.local/lib/python3.8/site-packages/airflow/example_dags/example_sla_dag.py
[2023-11-13T08:17:39.911+0000] {processor.py:839} INFO - DAG(s) dict_keys(['example_sla_dag']) retrieved from /home/airflow/.local/lib/python3.8/site-packages/airflow/example_dags/example_sla_dag.py
[2023-11-13T08:17:39.925+0000] {logging_mixin.py:154} INFO - [2023-11-13T08:17:39.925+0000] {dag.py:2941} INFO - Sync 1 DAGs
[2023-11-13T08:17:39.943+0000] {logging_mixin.py:154} INFO - [2023-11-13T08:17:39.943+0000] {dag.py:3722} INFO - Setting next_dagrun for example_sla_dag to 2023-11-13T08:14:00+00:00, run_after=2023-11-13T08:16:00+00:00
[2023-11-13T08:17:39.980+0000] {processor.py:179} INFO - Processing /home/airflow/.local/lib/python3.8/site-packages/airflow/example_dags/example_sla_dag.py took 0.091 seconds
[2023-11-13T08:18:11.253+0000] {processor.py:157} INFO - Started process (PID=2453) to work on /home/airflow/.local/lib/python3.8/site-packages/airflow/example_dags/example_sla_dag.py
[2023-11-13T08:18:11.253+0000] {processor.py:829} INFO - Processing file /home/airflow/.local/lib/python3.8/site-packages/airflow/example_dags/example_sla_dag.py for tasks to queue
[2023-11-13T08:18:11.255+0000] {logging_mixin.py:154} INFO - [2023-11-13T08:18:11.254+0000] {dagbag.py:536} INFO - Filling up the DagBag from /home/airflow/.local/lib/python3.8/site-packages/airflow/example_dags/example_sla_dag.py
[2023-11-13T08:18:11.260+0000] {processor.py:839} INFO - DAG(s) dict_keys(['example_sla_dag']) retrieved from /home/airflow/.local/lib/python3.8/site-packages/airflow/example_dags/example_sla_dag.py
[2023-11-13T08:18:11.275+0000] {logging_mixin.py:154} INFO - [2023-11-13T08:18:11.275+0000] {dag.py:2941} INFO - Sync 1 DAGs
[2023-11-13T08:18:11.294+0000] {logging_mixin.py:154} INFO - [2023-11-13T08:18:11.294+0000] {dag.py:3722} INFO - Setting next_dagrun for example_sla_dag to 2023-11-13T08:16:00+00:00, run_after=2023-11-13T08:18:00+00:00
[2023-11-13T08:18:11.325+0000] {processor.py:179} INFO - Processing /home/airflow/.local/lib/python3.8/site-packages/airflow/example_dags/example_sla_dag.py took 0.074 seconds
[2023-11-13T08:18:42.975+0000] {processor.py:157} INFO - Started process (PID=2507) to work on /home/airflow/.local/lib/python3.8/site-packages/airflow/example_dags/example_sla_dag.py
[2023-11-13T08:18:42.998+0000] {processor.py:829} INFO - Processing file /home/airflow/.local/lib/python3.8/site-packages/airflow/example_dags/example_sla_dag.py for tasks to queue
[2023-11-13T08:18:43.000+0000] {logging_mixin.py:154} INFO - [2023-11-13T08:18:42.999+0000] {dagbag.py:536} INFO - Filling up the DagBag from /home/airflow/.local/lib/python3.8/site-packages/airflow/example_dags/example_sla_dag.py
[2023-11-13T08:18:43.005+0000] {processor.py:839} INFO - DAG(s) dict_keys(['example_sla_dag']) retrieved from /home/airflow/.local/lib/python3.8/site-packages/airflow/example_dags/example_sla_dag.py
[2023-11-13T08:18:43.020+0000] {logging_mixin.py:154} INFO - [2023-11-13T08:18:43.020+0000] {dag.py:2941} INFO - Sync 1 DAGs
[2023-11-13T08:18:43.037+0000] {logging_mixin.py:154} INFO - [2023-11-13T08:18:43.036+0000] {dag.py:3722} INFO - Setting next_dagrun for example_sla_dag to 2023-11-13T08:16:00+00:00, run_after=2023-11-13T08:18:00+00:00
[2023-11-13T08:18:43.433+0000] {processor.py:179} INFO - Processing /home/airflow/.local/lib/python3.8/site-packages/airflow/example_dags/example_sla_dag.py took 0.460 seconds
[2023-11-13T08:19:13.794+0000] {processor.py:157} INFO - Started process (PID=2561) to work on /home/airflow/.local/lib/python3.8/site-packages/airflow/example_dags/example_sla_dag.py
[2023-11-13T08:19:13.795+0000] {processor.py:829} INFO - Processing file /home/airflow/.local/lib/python3.8/site-packages/airflow/example_dags/example_sla_dag.py for tasks to queue
[2023-11-13T08:19:13.797+0000] {logging_mixin.py:154} INFO - [2023-11-13T08:19:13.797+0000] {dagbag.py:536} INFO - Filling up the DagBag from /home/airflow/.local/lib/python3.8/site-packages/airflow/example_dags/example_sla_dag.py
[2023-11-13T08:19:13.802+0000] {processor.py:839} INFO - DAG(s) dict_keys(['example_sla_dag']) retrieved from /home/airflow/.local/lib/python3.8/site-packages/airflow/example_dags/example_sla_dag.py
[2023-11-13T08:19:13.816+0000] {logging_mixin.py:154} INFO - [2023-11-13T08:19:13.816+0000] {dag.py:2941} INFO - Sync 1 DAGs
[2023-11-13T08:19:13.835+0000] {logging_mixin.py:154} INFO - [2023-11-13T08:19:13.835+0000] {dag.py:3722} INFO - Setting next_dagrun for example_sla_dag to 2023-11-13T08:16:00+00:00, run_after=2023-11-13T08:18:00+00:00
[2023-11-13T08:19:13.865+0000] {processor.py:179} INFO - Processing /home/airflow/.local/lib/python3.8/site-packages/airflow/example_dags/example_sla_dag.py took 0.073 seconds
[2023-11-13T08:19:44.020+0000] {processor.py:157} INFO - Started process (PID=2615) to work on /home/airflow/.local/lib/python3.8/site-packages/airflow/example_dags/example_sla_dag.py
[2023-11-13T08:19:44.020+0000] {processor.py:829} INFO - Processing file /home/airflow/.local/lib/python3.8/site-packages/airflow/example_dags/example_sla_dag.py for tasks to queue
[2023-11-13T08:19:44.022+0000] {logging_mixin.py:154} INFO - [2023-11-13T08:19:44.022+0000] {dagbag.py:536} INFO - Filling up the DagBag from /home/airflow/.local/lib/python3.8/site-packages/airflow/example_dags/example_sla_dag.py
[2023-11-13T08:19:44.028+0000] {processor.py:839} INFO - DAG(s) dict_keys(['example_sla_dag']) retrieved from /home/airflow/.local/lib/python3.8/site-packages/airflow/example_dags/example_sla_dag.py
[2023-11-13T08:19:44.042+0000] {logging_mixin.py:154} INFO - [2023-11-13T08:19:44.042+0000] {dag.py:2941} INFO - Sync 1 DAGs
[2023-11-13T08:19:44.059+0000] {logging_mixin.py:154} INFO - [2023-11-13T08:19:44.059+0000] {dag.py:3722} INFO - Setting next_dagrun for example_sla_dag to 2023-11-13T08:16:00+00:00, run_after=2023-11-13T08:18:00+00:00
[2023-11-13T08:19:44.092+0000] {processor.py:179} INFO - Processing /home/airflow/.local/lib/python3.8/site-packages/airflow/example_dags/example_sla_dag.py took 0.074 seconds
[2023-11-13T08:20:15.053+0000] {processor.py:157} INFO - Started process (PID=2669) to work on /home/airflow/.local/lib/python3.8/site-packages/airflow/example_dags/example_sla_dag.py
[2023-11-13T08:20:15.066+0000] {processor.py:829} INFO - Processing file /home/airflow/.local/lib/python3.8/site-packages/airflow/example_dags/example_sla_dag.py for tasks to queue
[2023-11-13T08:20:15.067+0000] {logging_mixin.py:154} INFO - [2023-11-13T08:20:15.067+0000] {dagbag.py:536} INFO - Filling up the DagBag from /home/airflow/.local/lib/python3.8/site-packages/airflow/example_dags/example_sla_dag.py
[2023-11-13T08:20:15.073+0000] {processor.py:839} INFO - DAG(s) dict_keys(['example_sla_dag']) retrieved from /home/airflow/.local/lib/python3.8/site-packages/airflow/example_dags/example_sla_dag.py
[2023-11-13T08:20:15.087+0000] {logging_mixin.py:154} INFO - [2023-11-13T08:20:15.087+0000] {dag.py:2941} INFO - Sync 1 DAGs
[2023-11-13T08:20:15.104+0000] {logging_mixin.py:154} INFO - [2023-11-13T08:20:15.104+0000] {dag.py:3722} INFO - Setting next_dagrun for example_sla_dag to 2023-11-13T08:18:00+00:00, run_after=2023-11-13T08:20:00+00:00
[2023-11-13T08:20:15.130+0000] {processor.py:179} INFO - Processing /home/airflow/.local/lib/python3.8/site-packages/airflow/example_dags/example_sla_dag.py took 0.079 seconds
[2023-11-13T08:20:46.558+0000] {processor.py:157} INFO - Started process (PID=2723) to work on /home/airflow/.local/lib/python3.8/site-packages/airflow/example_dags/example_sla_dag.py
[2023-11-13T08:20:46.559+0000] {processor.py:829} INFO - Processing file /home/airflow/.local/lib/python3.8/site-packages/airflow/example_dags/example_sla_dag.py for tasks to queue
[2023-11-13T08:20:46.561+0000] {logging_mixin.py:154} INFO - [2023-11-13T08:20:46.560+0000] {dagbag.py:536} INFO - Filling up the DagBag from /home/airflow/.local/lib/python3.8/site-packages/airflow/example_dags/example_sla_dag.py
[2023-11-13T08:20:46.566+0000] {processor.py:839} INFO - DAG(s) dict_keys(['example_sla_dag']) retrieved from /home/airflow/.local/lib/python3.8/site-packages/airflow/example_dags/example_sla_dag.py
[2023-11-13T08:20:46.581+0000] {logging_mixin.py:154} INFO - [2023-11-13T08:20:46.580+0000] {dag.py:2941} INFO - Sync 1 DAGs
[2023-11-13T08:20:46.598+0000] {logging_mixin.py:154} INFO - [2023-11-13T08:20:46.598+0000] {dag.py:3722} INFO - Setting next_dagrun for example_sla_dag to 2023-11-13T08:18:00+00:00, run_after=2023-11-13T08:20:00+00:00
[2023-11-13T08:20:46.630+0000] {processor.py:179} INFO - Processing /home/airflow/.local/lib/python3.8/site-packages/airflow/example_dags/example_sla_dag.py took 0.074 seconds
[2023-11-13T08:21:18.381+0000] {processor.py:157} INFO - Started process (PID=2777) to work on /home/airflow/.local/lib/python3.8/site-packages/airflow/example_dags/example_sla_dag.py
[2023-11-13T08:21:18.381+0000] {processor.py:829} INFO - Processing file /home/airflow/.local/lib/python3.8/site-packages/airflow/example_dags/example_sla_dag.py for tasks to queue
[2023-11-13T08:21:18.383+0000] {logging_mixin.py:154} INFO - [2023-11-13T08:21:18.383+0000] {dagbag.py:536} INFO - Filling up the DagBag from /home/airflow/.local/lib/python3.8/site-packages/airflow/example_dags/example_sla_dag.py
[2023-11-13T08:21:18.389+0000] {processor.py:839} INFO - DAG(s) dict_keys(['example_sla_dag']) retrieved from /home/airflow/.local/lib/python3.8/site-packages/airflow/example_dags/example_sla_dag.py
[2023-11-13T08:21:18.403+0000] {logging_mixin.py:154} INFO - [2023-11-13T08:21:18.403+0000] {dag.py:2941} INFO - Sync 1 DAGs
[2023-11-13T08:21:18.420+0000] {logging_mixin.py:154} INFO - [2023-11-13T08:21:18.420+0000] {dag.py:3722} INFO - Setting next_dagrun for example_sla_dag to 2023-11-13T08:18:00+00:00, run_after=2023-11-13T08:20:00+00:00
[2023-11-13T08:21:18.453+0000] {processor.py:179} INFO - Processing /home/airflow/.local/lib/python3.8/site-packages/airflow/example_dags/example_sla_dag.py took 0.075 seconds
[2023-11-13T08:21:50.027+0000] {processor.py:157} INFO - Started process (PID=2831) to work on /home/airflow/.local/lib/python3.8/site-packages/airflow/example_dags/example_sla_dag.py
[2023-11-13T08:21:50.028+0000] {processor.py:829} INFO - Processing file /home/airflow/.local/lib/python3.8/site-packages/airflow/example_dags/example_sla_dag.py for tasks to queue
[2023-11-13T08:21:50.029+0000] {logging_mixin.py:154} INFO - [2023-11-13T08:21:50.029+0000] {dagbag.py:536} INFO - Filling up the DagBag from /home/airflow/.local/lib/python3.8/site-packages/airflow/example_dags/example_sla_dag.py
[2023-11-13T08:21:50.035+0000] {processor.py:839} INFO - DAG(s) dict_keys(['example_sla_dag']) retrieved from /home/airflow/.local/lib/python3.8/site-packages/airflow/example_dags/example_sla_dag.py
[2023-11-13T08:21:50.049+0000] {logging_mixin.py:154} INFO - [2023-11-13T08:21:50.049+0000] {dag.py:2941} INFO - Sync 1 DAGs
[2023-11-13T08:21:50.067+0000] {logging_mixin.py:154} INFO - [2023-11-13T08:21:50.066+0000] {dag.py:3722} INFO - Setting next_dagrun for example_sla_dag to 2023-11-13T08:18:00+00:00, run_after=2023-11-13T08:20:00+00:00
[2023-11-13T08:21:50.097+0000] {processor.py:179} INFO - Processing /home/airflow/.local/lib/python3.8/site-packages/airflow/example_dags/example_sla_dag.py took 0.072 seconds
[2023-11-13T08:22:22.458+0000] {processor.py:157} INFO - Started process (PID=2892) to work on /home/airflow/.local/lib/python3.8/site-packages/airflow/example_dags/example_sla_dag.py
[2023-11-13T08:22:22.470+0000] {processor.py:829} INFO - Processing file /home/airflow/.local/lib/python3.8/site-packages/airflow/example_dags/example_sla_dag.py for tasks to queue
[2023-11-13T08:22:22.472+0000] {logging_mixin.py:154} INFO - [2023-11-13T08:22:22.472+0000] {dagbag.py:536} INFO - Filling up the DagBag from /home/airflow/.local/lib/python3.8/site-packages/airflow/example_dags/example_sla_dag.py
[2023-11-13T08:22:22.478+0000] {processor.py:839} INFO - DAG(s) dict_keys(['example_sla_dag']) retrieved from /home/airflow/.local/lib/python3.8/site-packages/airflow/example_dags/example_sla_dag.py
[2023-11-13T08:22:22.491+0000] {logging_mixin.py:154} INFO - [2023-11-13T08:22:22.491+0000] {dag.py:2941} INFO - Sync 1 DAGs
[2023-11-13T08:22:22.509+0000] {logging_mixin.py:154} INFO - [2023-11-13T08:22:22.509+0000] {dag.py:3722} INFO - Setting next_dagrun for example_sla_dag to 2023-11-13T08:20:00+00:00, run_after=2023-11-13T08:22:00+00:00
[2023-11-13T08:22:22.563+0000] {processor.py:179} INFO - Processing /home/airflow/.local/lib/python3.8/site-packages/airflow/example_dags/example_sla_dag.py took 0.107 seconds
[2023-11-13T08:22:54.218+0000] {processor.py:157} INFO - Started process (PID=2946) to work on /home/airflow/.local/lib/python3.8/site-packages/airflow/example_dags/example_sla_dag.py
[2023-11-13T08:22:54.218+0000] {processor.py:829} INFO - Processing file /home/airflow/.local/lib/python3.8/site-packages/airflow/example_dags/example_sla_dag.py for tasks to queue
[2023-11-13T08:22:54.220+0000] {logging_mixin.py:154} INFO - [2023-11-13T08:22:54.219+0000] {dagbag.py:536} INFO - Filling up the DagBag from /home/airflow/.local/lib/python3.8/site-packages/airflow/example_dags/example_sla_dag.py
[2023-11-13T08:22:54.225+0000] {processor.py:839} INFO - DAG(s) dict_keys(['example_sla_dag']) retrieved from /home/airflow/.local/lib/python3.8/site-packages/airflow/example_dags/example_sla_dag.py
[2023-11-13T08:22:54.239+0000] {logging_mixin.py:154} INFO - [2023-11-13T08:22:54.239+0000] {dag.py:2941} INFO - Sync 1 DAGs
[2023-11-13T08:22:54.256+0000] {logging_mixin.py:154} INFO - [2023-11-13T08:22:54.256+0000] {dag.py:3722} INFO - Setting next_dagrun for example_sla_dag to 2023-11-13T08:20:00+00:00, run_after=2023-11-13T08:22:00+00:00
[2023-11-13T08:22:54.685+0000] {processor.py:179} INFO - Processing /home/airflow/.local/lib/python3.8/site-packages/airflow/example_dags/example_sla_dag.py took 0.470 seconds
[2023-11-13T08:23:25.756+0000] {processor.py:157} INFO - Started process (PID=3000) to work on /home/airflow/.local/lib/python3.8/site-packages/airflow/example_dags/example_sla_dag.py
[2023-11-13T08:23:25.769+0000] {processor.py:829} INFO - Processing file /home/airflow/.local/lib/python3.8/site-packages/airflow/example_dags/example_sla_dag.py for tasks to queue
[2023-11-13T08:23:25.771+0000] {logging_mixin.py:154} INFO - [2023-11-13T08:23:25.770+0000] {dagbag.py:536} INFO - Filling up the DagBag from /home/airflow/.local/lib/python3.8/site-packages/airflow/example_dags/example_sla_dag.py
[2023-11-13T08:23:25.776+0000] {processor.py:839} INFO - DAG(s) dict_keys(['example_sla_dag']) retrieved from /home/airflow/.local/lib/python3.8/site-packages/airflow/example_dags/example_sla_dag.py
[2023-11-13T08:23:25.791+0000] {logging_mixin.py:154} INFO - [2023-11-13T08:23:25.791+0000] {dag.py:2941} INFO - Sync 1 DAGs
[2023-11-13T08:23:25.808+0000] {logging_mixin.py:154} INFO - [2023-11-13T08:23:25.808+0000] {dag.py:3722} INFO - Setting next_dagrun for example_sla_dag to 2023-11-13T08:20:00+00:00, run_after=2023-11-13T08:22:00+00:00
[2023-11-13T08:23:25.839+0000] {processor.py:179} INFO - Processing /home/airflow/.local/lib/python3.8/site-packages/airflow/example_dags/example_sla_dag.py took 0.085 seconds
[2023-11-13T08:23:56.655+0000] {processor.py:157} INFO - Started process (PID=3054) to work on /home/airflow/.local/lib/python3.8/site-packages/airflow/example_dags/example_sla_dag.py
[2023-11-13T08:23:56.655+0000] {processor.py:829} INFO - Processing file /home/airflow/.local/lib/python3.8/site-packages/airflow/example_dags/example_sla_dag.py for tasks to queue
[2023-11-13T08:23:56.657+0000] {logging_mixin.py:154} INFO - [2023-11-13T08:23:56.656+0000] {dagbag.py:536} INFO - Filling up the DagBag from /home/airflow/.local/lib/python3.8/site-packages/airflow/example_dags/example_sla_dag.py
[2023-11-13T08:23:56.663+0000] {processor.py:839} INFO - DAG(s) dict_keys(['example_sla_dag']) retrieved from /home/airflow/.local/lib/python3.8/site-packages/airflow/example_dags/example_sla_dag.py
[2023-11-13T08:23:56.678+0000] {logging_mixin.py:154} INFO - [2023-11-13T08:23:56.678+0000] {dag.py:2941} INFO - Sync 1 DAGs
[2023-11-13T08:23:56.696+0000] {logging_mixin.py:154} INFO - [2023-11-13T08:23:56.696+0000] {dag.py:3722} INFO - Setting next_dagrun for example_sla_dag to 2023-11-13T08:20:00+00:00, run_after=2023-11-13T08:22:00+00:00
[2023-11-13T08:23:57.069+0000] {processor.py:179} INFO - Processing /home/airflow/.local/lib/python3.8/site-packages/airflow/example_dags/example_sla_dag.py took 0.417 seconds
[2023-11-13T08:24:28.075+0000] {processor.py:157} INFO - Started process (PID=3108) to work on /home/airflow/.local/lib/python3.8/site-packages/airflow/example_dags/example_sla_dag.py
[2023-11-13T08:24:28.135+0000] {processor.py:829} INFO - Processing file /home/airflow/.local/lib/python3.8/site-packages/airflow/example_dags/example_sla_dag.py for tasks to queue
[2023-11-13T08:24:28.138+0000] {logging_mixin.py:154} INFO - [2023-11-13T08:24:28.138+0000] {dagbag.py:536} INFO - Filling up the DagBag from /home/airflow/.local/lib/python3.8/site-packages/airflow/example_dags/example_sla_dag.py
[2023-11-13T08:24:28.151+0000] {processor.py:839} INFO - DAG(s) dict_keys(['example_sla_dag']) retrieved from /home/airflow/.local/lib/python3.8/site-packages/airflow/example_dags/example_sla_dag.py
[2023-11-13T08:24:28.180+0000] {logging_mixin.py:154} INFO - [2023-11-13T08:24:28.180+0000] {dag.py:2941} INFO - Sync 1 DAGs
[2023-11-13T08:24:28.207+0000] {logging_mixin.py:154} INFO - [2023-11-13T08:24:28.207+0000] {dag.py:3722} INFO - Setting next_dagrun for example_sla_dag to 2023-11-13T08:22:00+00:00, run_after=2023-11-13T08:24:00+00:00
[2023-11-13T08:24:28.254+0000] {processor.py:179} INFO - Processing /home/airflow/.local/lib/python3.8/site-packages/airflow/example_dags/example_sla_dag.py took 0.181 seconds
[2023-11-13T08:24:58.365+0000] {processor.py:157} INFO - Started process (PID=3162) to work on /home/airflow/.local/lib/python3.8/site-packages/airflow/example_dags/example_sla_dag.py
[2023-11-13T08:24:58.365+0000] {processor.py:829} INFO - Processing file /home/airflow/.local/lib/python3.8/site-packages/airflow/example_dags/example_sla_dag.py for tasks to queue
[2023-11-13T08:24:58.367+0000] {logging_mixin.py:154} INFO - [2023-11-13T08:24:58.367+0000] {dagbag.py:536} INFO - Filling up the DagBag from /home/airflow/.local/lib/python3.8/site-packages/airflow/example_dags/example_sla_dag.py
[2023-11-13T08:24:58.373+0000] {processor.py:839} INFO - DAG(s) dict_keys(['example_sla_dag']) retrieved from /home/airflow/.local/lib/python3.8/site-packages/airflow/example_dags/example_sla_dag.py
[2023-11-13T08:24:58.387+0000] {logging_mixin.py:154} INFO - [2023-11-13T08:24:58.387+0000] {dag.py:2941} INFO - Sync 1 DAGs
[2023-11-13T08:24:58.405+0000] {logging_mixin.py:154} INFO - [2023-11-13T08:24:58.405+0000] {dag.py:3722} INFO - Setting next_dagrun for example_sla_dag to 2023-11-13T08:22:00+00:00, run_after=2023-11-13T08:24:00+00:00
[2023-11-13T08:24:58.438+0000] {processor.py:179} INFO - Processing /home/airflow/.local/lib/python3.8/site-packages/airflow/example_dags/example_sla_dag.py took 0.076 seconds
[2023-11-13T08:25:29.120+0000] {processor.py:157} INFO - Started process (PID=3216) to work on /home/airflow/.local/lib/python3.8/site-packages/airflow/example_dags/example_sla_dag.py
[2023-11-13T08:25:29.136+0000] {processor.py:829} INFO - Processing file /home/airflow/.local/lib/python3.8/site-packages/airflow/example_dags/example_sla_dag.py for tasks to queue
[2023-11-13T08:25:29.138+0000] {logging_mixin.py:154} INFO - [2023-11-13T08:25:29.137+0000] {dagbag.py:536} INFO - Filling up the DagBag from /home/airflow/.local/lib/python3.8/site-packages/airflow/example_dags/example_sla_dag.py
[2023-11-13T08:25:29.144+0000] {processor.py:839} INFO - DAG(s) dict_keys(['example_sla_dag']) retrieved from /home/airflow/.local/lib/python3.8/site-packages/airflow/example_dags/example_sla_dag.py
[2023-11-13T08:25:29.158+0000] {logging_mixin.py:154} INFO - [2023-11-13T08:25:29.158+0000] {dag.py:2941} INFO - Sync 1 DAGs
[2023-11-13T08:25:29.175+0000] {logging_mixin.py:154} INFO - [2023-11-13T08:25:29.175+0000] {dag.py:3722} INFO - Setting next_dagrun for example_sla_dag to 2023-11-13T08:22:00+00:00, run_after=2023-11-13T08:24:00+00:00
[2023-11-13T08:25:29.208+0000] {processor.py:179} INFO - Processing /home/airflow/.local/lib/python3.8/site-packages/airflow/example_dags/example_sla_dag.py took 0.090 seconds
[2023-11-13T08:25:59.952+0000] {processor.py:157} INFO - Started process (PID=3270) to work on /home/airflow/.local/lib/python3.8/site-packages/airflow/example_dags/example_sla_dag.py
[2023-11-13T08:25:59.953+0000] {processor.py:829} INFO - Processing file /home/airflow/.local/lib/python3.8/site-packages/airflow/example_dags/example_sla_dag.py for tasks to queue
[2023-11-13T08:25:59.954+0000] {logging_mixin.py:154} INFO - [2023-11-13T08:25:59.954+0000] {dagbag.py:536} INFO - Filling up the DagBag from /home/airflow/.local/lib/python3.8/site-packages/airflow/example_dags/example_sla_dag.py
[2023-11-13T08:25:59.960+0000] {processor.py:839} INFO - DAG(s) dict_keys(['example_sla_dag']) retrieved from /home/airflow/.local/lib/python3.8/site-packages/airflow/example_dags/example_sla_dag.py
[2023-11-13T08:25:59.974+0000] {logging_mixin.py:154} INFO - [2023-11-13T08:25:59.974+0000] {dag.py:2941} INFO - Sync 1 DAGs
[2023-11-13T08:25:59.992+0000] {logging_mixin.py:154} INFO - [2023-11-13T08:25:59.992+0000] {dag.py:3722} INFO - Setting next_dagrun for example_sla_dag to 2023-11-13T08:22:00+00:00, run_after=2023-11-13T08:24:00+00:00
[2023-11-13T08:26:00.034+0000] {processor.py:179} INFO - Processing /home/airflow/.local/lib/python3.8/site-packages/airflow/example_dags/example_sla_dag.py took 0.085 seconds
[2023-11-13T08:26:31.611+0000] {processor.py:157} INFO - Started process (PID=3324) to work on /home/airflow/.local/lib/python3.8/site-packages/airflow/example_dags/example_sla_dag.py
[2023-11-13T08:26:31.621+0000] {processor.py:829} INFO - Processing file /home/airflow/.local/lib/python3.8/site-packages/airflow/example_dags/example_sla_dag.py for tasks to queue
[2023-11-13T08:26:31.623+0000] {logging_mixin.py:154} INFO - [2023-11-13T08:26:31.622+0000] {dagbag.py:536} INFO - Filling up the DagBag from /home/airflow/.local/lib/python3.8/site-packages/airflow/example_dags/example_sla_dag.py
[2023-11-13T08:26:31.629+0000] {processor.py:839} INFO - DAG(s) dict_keys(['example_sla_dag']) retrieved from /home/airflow/.local/lib/python3.8/site-packages/airflow/example_dags/example_sla_dag.py
[2023-11-13T08:26:31.645+0000] {logging_mixin.py:154} INFO - [2023-11-13T08:26:31.645+0000] {dag.py:2941} INFO - Sync 1 DAGs
[2023-11-13T08:26:31.665+0000] {logging_mixin.py:154} INFO - [2023-11-13T08:26:31.665+0000] {dag.py:3722} INFO - Setting next_dagrun for example_sla_dag to 2023-11-13T08:24:00+00:00, run_after=2023-11-13T08:26:00+00:00
[2023-11-13T08:26:31.702+0000] {processor.py:179} INFO - Processing /home/airflow/.local/lib/python3.8/site-packages/airflow/example_dags/example_sla_dag.py took 0.093 seconds
[2023-11-13T08:27:01.837+0000] {processor.py:157} INFO - Started process (PID=3378) to work on /home/airflow/.local/lib/python3.8/site-packages/airflow/example_dags/example_sla_dag.py
[2023-11-13T08:27:01.838+0000] {processor.py:829} INFO - Processing file /home/airflow/.local/lib/python3.8/site-packages/airflow/example_dags/example_sla_dag.py for tasks to queue
[2023-11-13T08:27:01.839+0000] {logging_mixin.py:154} INFO - [2023-11-13T08:27:01.839+0000] {dagbag.py:536} INFO - Filling up the DagBag from /home/airflow/.local/lib/python3.8/site-packages/airflow/example_dags/example_sla_dag.py
[2023-11-13T08:27:01.846+0000] {processor.py:839} INFO - DAG(s) dict_keys(['example_sla_dag']) retrieved from /home/airflow/.local/lib/python3.8/site-packages/airflow/example_dags/example_sla_dag.py
[2023-11-13T08:27:01.861+0000] {logging_mixin.py:154} INFO - [2023-11-13T08:27:01.861+0000] {dag.py:2941} INFO - Sync 1 DAGs
[2023-11-13T08:27:01.881+0000] {logging_mixin.py:154} INFO - [2023-11-13T08:27:01.880+0000] {dag.py:3722} INFO - Setting next_dagrun for example_sla_dag to 2023-11-13T08:24:00+00:00, run_after=2023-11-13T08:26:00+00:00
[2023-11-13T08:27:01.917+0000] {processor.py:179} INFO - Processing /home/airflow/.local/lib/python3.8/site-packages/airflow/example_dags/example_sla_dag.py took 0.083 seconds
[2023-11-13T08:27:32.108+0000] {processor.py:157} INFO - Started process (PID=3432) to work on /home/airflow/.local/lib/python3.8/site-packages/airflow/example_dags/example_sla_dag.py
[2023-11-13T08:27:32.116+0000] {processor.py:829} INFO - Processing file /home/airflow/.local/lib/python3.8/site-packages/airflow/example_dags/example_sla_dag.py for tasks to queue
[2023-11-13T08:27:32.117+0000] {logging_mixin.py:154} INFO - [2023-11-13T08:27:32.117+0000] {dagbag.py:536} INFO - Filling up the DagBag from /home/airflow/.local/lib/python3.8/site-packages/airflow/example_dags/example_sla_dag.py
[2023-11-13T08:27:32.124+0000] {processor.py:839} INFO - DAG(s) dict_keys(['example_sla_dag']) retrieved from /home/airflow/.local/lib/python3.8/site-packages/airflow/example_dags/example_sla_dag.py
[2023-11-13T08:27:32.138+0000] {logging_mixin.py:154} INFO - [2023-11-13T08:27:32.138+0000] {dag.py:2941} INFO - Sync 1 DAGs
[2023-11-13T08:27:32.157+0000] {logging_mixin.py:154} INFO - [2023-11-13T08:27:32.157+0000] {dag.py:3722} INFO - Setting next_dagrun for example_sla_dag to 2023-11-13T08:24:00+00:00, run_after=2023-11-13T08:26:00+00:00
[2023-11-13T08:27:32.213+0000] {processor.py:179} INFO - Processing /home/airflow/.local/lib/python3.8/site-packages/airflow/example_dags/example_sla_dag.py took 0.108 seconds
[2023-11-13T08:28:04.579+0000] {processor.py:157} INFO - Started process (PID=3486) to work on /home/airflow/.local/lib/python3.8/site-packages/airflow/example_dags/example_sla_dag.py
[2023-11-13T08:28:04.579+0000] {processor.py:829} INFO - Processing file /home/airflow/.local/lib/python3.8/site-packages/airflow/example_dags/example_sla_dag.py for tasks to queue
[2023-11-13T08:28:04.581+0000] {logging_mixin.py:154} INFO - [2023-11-13T08:28:04.581+0000] {dagbag.py:536} INFO - Filling up the DagBag from /home/airflow/.local/lib/python3.8/site-packages/airflow/example_dags/example_sla_dag.py
[2023-11-13T08:28:04.587+0000] {processor.py:839} INFO - DAG(s) dict_keys(['example_sla_dag']) retrieved from /home/airflow/.local/lib/python3.8/site-packages/airflow/example_dags/example_sla_dag.py
[2023-11-13T08:28:04.603+0000] {logging_mixin.py:154} INFO - [2023-11-13T08:28:04.603+0000] {dag.py:2941} INFO - Sync 1 DAGs
[2023-11-13T08:28:04.623+0000] {logging_mixin.py:154} INFO - [2023-11-13T08:28:04.623+0000] {dag.py:3722} INFO - Setting next_dagrun for example_sla_dag to 2023-11-13T08:26:00+00:00, run_after=2023-11-13T08:28:00+00:00
[2023-11-13T08:28:04.684+0000] {processor.py:179} INFO - Processing /home/airflow/.local/lib/python3.8/site-packages/airflow/example_dags/example_sla_dag.py took 0.107 seconds
[2023-11-13T08:45:35.830+0000] {processor.py:157} INFO - Started process (PID=69) to work on /home/airflow/.local/lib/python3.8/site-packages/airflow/example_dags/example_sla_dag.py
[2023-11-13T08:45:35.840+0000] {processor.py:829} INFO - Processing file /home/airflow/.local/lib/python3.8/site-packages/airflow/example_dags/example_sla_dag.py for tasks to queue
[2023-11-13T08:45:35.841+0000] {logging_mixin.py:154} INFO - [2023-11-13T08:45:35.841+0000] {dagbag.py:536} INFO - Filling up the DagBag from /home/airflow/.local/lib/python3.8/site-packages/airflow/example_dags/example_sla_dag.py
[2023-11-13T08:45:35.851+0000] {processor.py:839} INFO - DAG(s) dict_keys(['example_sla_dag']) retrieved from /home/airflow/.local/lib/python3.8/site-packages/airflow/example_dags/example_sla_dag.py
[2023-11-13T08:45:35.990+0000] {logging_mixin.py:154} INFO - [2023-11-13T08:45:35.990+0000] {manager.py:499} INFO - Created Permission View: %s
[2023-11-13T08:45:36.025+0000] {logging_mixin.py:154} INFO - [2023-11-13T08:45:36.025+0000] {manager.py:499} INFO - Created Permission View: %s
[2023-11-13T08:45:36.060+0000] {logging_mixin.py:154} INFO - [2023-11-13T08:45:36.060+0000] {manager.py:499} INFO - Created Permission View: %s
[2023-11-13T08:45:36.060+0000] {logging_mixin.py:154} INFO - [2023-11-13T08:45:36.060+0000] {dag.py:2941} INFO - Sync 1 DAGs
[2023-11-13T08:45:36.083+0000] {logging_mixin.py:154} INFO - [2023-11-13T08:45:36.083+0000] {dag.py:2963} INFO - Creating ORM DAG for example_sla_dag
[2023-11-13T08:45:36.106+0000] {logging_mixin.py:154} INFO - [2023-11-13T08:45:36.106+0000] {dag.py:3722} INFO - Setting next_dagrun for example_sla_dag to 2023-11-13T08:42:00+00:00, run_after=2023-11-13T08:44:00+00:00
[2023-11-13T08:45:36.175+0000] {processor.py:179} INFO - Processing /home/airflow/.local/lib/python3.8/site-packages/airflow/example_dags/example_sla_dag.py took 0.348 seconds
[2023-11-13T08:46:07.555+0000] {processor.py:157} INFO - Started process (PID=123) to work on /home/airflow/.local/lib/python3.8/site-packages/airflow/example_dags/example_sla_dag.py
[2023-11-13T08:46:07.556+0000] {processor.py:829} INFO - Processing file /home/airflow/.local/lib/python3.8/site-packages/airflow/example_dags/example_sla_dag.py for tasks to queue
[2023-11-13T08:46:07.557+0000] {logging_mixin.py:154} INFO - [2023-11-13T08:46:07.557+0000] {dagbag.py:536} INFO - Filling up the DagBag from /home/airflow/.local/lib/python3.8/site-packages/airflow/example_dags/example_sla_dag.py
[2023-11-13T08:46:07.563+0000] {processor.py:839} INFO - DAG(s) dict_keys(['example_sla_dag']) retrieved from /home/airflow/.local/lib/python3.8/site-packages/airflow/example_dags/example_sla_dag.py
[2023-11-13T08:46:07.578+0000] {logging_mixin.py:154} INFO - [2023-11-13T08:46:07.578+0000] {dag.py:2941} INFO - Sync 1 DAGs
[2023-11-13T08:46:07.597+0000] {logging_mixin.py:154} INFO - [2023-11-13T08:46:07.597+0000] {dag.py:3722} INFO - Setting next_dagrun for example_sla_dag to 2023-11-13T08:44:00+00:00, run_after=2023-11-13T08:46:00+00:00
[2023-11-13T08:46:07.628+0000] {processor.py:179} INFO - Processing /home/airflow/.local/lib/python3.8/site-packages/airflow/example_dags/example_sla_dag.py took 0.075 seconds
[2023-11-13T08:46:38.506+0000] {processor.py:157} INFO - Started process (PID=177) to work on /home/airflow/.local/lib/python3.8/site-packages/airflow/example_dags/example_sla_dag.py
[2023-11-13T08:46:38.519+0000] {processor.py:829} INFO - Processing file /home/airflow/.local/lib/python3.8/site-packages/airflow/example_dags/example_sla_dag.py for tasks to queue
[2023-11-13T08:46:38.520+0000] {logging_mixin.py:154} INFO - [2023-11-13T08:46:38.520+0000] {dagbag.py:536} INFO - Filling up the DagBag from /home/airflow/.local/lib/python3.8/site-packages/airflow/example_dags/example_sla_dag.py
[2023-11-13T08:46:38.526+0000] {processor.py:839} INFO - DAG(s) dict_keys(['example_sla_dag']) retrieved from /home/airflow/.local/lib/python3.8/site-packages/airflow/example_dags/example_sla_dag.py
[2023-11-13T08:46:38.541+0000] {logging_mixin.py:154} INFO - [2023-11-13T08:46:38.541+0000] {dag.py:2941} INFO - Sync 1 DAGs
[2023-11-13T08:46:38.560+0000] {logging_mixin.py:154} INFO - [2023-11-13T08:46:38.559+0000] {dag.py:3722} INFO - Setting next_dagrun for example_sla_dag to 2023-11-13T08:44:00+00:00, run_after=2023-11-13T08:46:00+00:00
[2023-11-13T08:46:38.667+0000] {processor.py:179} INFO - Processing /home/airflow/.local/lib/python3.8/site-packages/airflow/example_dags/example_sla_dag.py took 0.164 seconds
[2023-11-13T08:47:09.146+0000] {processor.py:157} INFO - Started process (PID=231) to work on /home/airflow/.local/lib/python3.8/site-packages/airflow/example_dags/example_sla_dag.py
[2023-11-13T08:47:09.156+0000] {processor.py:829} INFO - Processing file /home/airflow/.local/lib/python3.8/site-packages/airflow/example_dags/example_sla_dag.py for tasks to queue
[2023-11-13T08:47:09.157+0000] {logging_mixin.py:154} INFO - [2023-11-13T08:47:09.157+0000] {dagbag.py:536} INFO - Filling up the DagBag from /home/airflow/.local/lib/python3.8/site-packages/airflow/example_dags/example_sla_dag.py
[2023-11-13T08:47:09.164+0000] {processor.py:839} INFO - DAG(s) dict_keys(['example_sla_dag']) retrieved from /home/airflow/.local/lib/python3.8/site-packages/airflow/example_dags/example_sla_dag.py
[2023-11-13T08:47:09.179+0000] {logging_mixin.py:154} INFO - [2023-11-13T08:47:09.179+0000] {dag.py:2941} INFO - Sync 1 DAGs
[2023-11-13T08:47:09.200+0000] {logging_mixin.py:154} INFO - [2023-11-13T08:47:09.200+0000] {dag.py:3722} INFO - Setting next_dagrun for example_sla_dag to 2023-11-13T08:44:00+00:00, run_after=2023-11-13T08:46:00+00:00
[2023-11-13T08:47:09.251+0000] {processor.py:179} INFO - Processing /home/airflow/.local/lib/python3.8/site-packages/airflow/example_dags/example_sla_dag.py took 0.108 seconds
[2023-11-13T08:47:40.504+0000] {processor.py:157} INFO - Started process (PID=285) to work on /home/airflow/.local/lib/python3.8/site-packages/airflow/example_dags/example_sla_dag.py
[2023-11-13T08:47:40.504+0000] {processor.py:829} INFO - Processing file /home/airflow/.local/lib/python3.8/site-packages/airflow/example_dags/example_sla_dag.py for tasks to queue
[2023-11-13T08:47:40.505+0000] {logging_mixin.py:154} INFO - [2023-11-13T08:47:40.505+0000] {dagbag.py:536} INFO - Filling up the DagBag from /home/airflow/.local/lib/python3.8/site-packages/airflow/example_dags/example_sla_dag.py
[2023-11-13T08:47:40.512+0000] {processor.py:839} INFO - DAG(s) dict_keys(['example_sla_dag']) retrieved from /home/airflow/.local/lib/python3.8/site-packages/airflow/example_dags/example_sla_dag.py
[2023-11-13T08:47:40.527+0000] {logging_mixin.py:154} INFO - [2023-11-13T08:47:40.527+0000] {dag.py:2941} INFO - Sync 1 DAGs
[2023-11-13T08:47:40.547+0000] {logging_mixin.py:154} INFO - [2023-11-13T08:47:40.547+0000] {dag.py:3722} INFO - Setting next_dagrun for example_sla_dag to 2023-11-13T08:44:00+00:00, run_after=2023-11-13T08:46:00+00:00
[2023-11-13T08:47:40.818+0000] {processor.py:179} INFO - Processing /home/airflow/.local/lib/python3.8/site-packages/airflow/example_dags/example_sla_dag.py took 0.317 seconds
[2023-11-13T08:48:11.033+0000] {processor.py:157} INFO - Started process (PID=339) to work on /home/airflow/.local/lib/python3.8/site-packages/airflow/example_dags/example_sla_dag.py
[2023-11-13T08:48:11.045+0000] {processor.py:829} INFO - Processing file /home/airflow/.local/lib/python3.8/site-packages/airflow/example_dags/example_sla_dag.py for tasks to queue
[2023-11-13T08:48:11.046+0000] {logging_mixin.py:154} INFO - [2023-11-13T08:48:11.046+0000] {dagbag.py:536} INFO - Filling up the DagBag from /home/airflow/.local/lib/python3.8/site-packages/airflow/example_dags/example_sla_dag.py
[2023-11-13T08:48:11.053+0000] {processor.py:839} INFO - DAG(s) dict_keys(['example_sla_dag']) retrieved from /home/airflow/.local/lib/python3.8/site-packages/airflow/example_dags/example_sla_dag.py
[2023-11-13T08:48:11.068+0000] {logging_mixin.py:154} INFO - [2023-11-13T08:48:11.068+0000] {dag.py:2941} INFO - Sync 1 DAGs
[2023-11-13T08:48:11.087+0000] {logging_mixin.py:154} INFO - [2023-11-13T08:48:11.087+0000] {dag.py:3722} INFO - Setting next_dagrun for example_sla_dag to 2023-11-13T08:46:00+00:00, run_after=2023-11-13T08:48:00+00:00
[2023-11-13T08:48:11.117+0000] {processor.py:179} INFO - Processing /home/airflow/.local/lib/python3.8/site-packages/airflow/example_dags/example_sla_dag.py took 0.087 seconds
