[2023-11-13T07:55:23.145+0000] {processor.py:157} INFO - Started process (PID=83) to work on /home/airflow/.local/lib/python3.8/site-packages/airflow/example_dags/example_sensor_decorator.py
[2023-11-13T07:55:23.146+0000] {processor.py:829} INFO - Processing file /home/airflow/.local/lib/python3.8/site-packages/airflow/example_dags/example_sensor_decorator.py for tasks to queue
[2023-11-13T07:55:23.147+0000] {logging_mixin.py:154} INFO - [2023-11-13T07:55:23.147+0000] {dagbag.py:536} INFO - Filling up the DagBag from /home/airflow/.local/lib/python3.8/site-packages/airflow/example_dags/example_sensor_decorator.py
[2023-11-13T07:55:23.153+0000] {processor.py:839} INFO - DAG(s) dict_keys(['example_sensor_decorator']) retrieved from /home/airflow/.local/lib/python3.8/site-packages/airflow/example_dags/example_sensor_decorator.py
[2023-11-13T07:55:23.693+0000] {logging_mixin.py:154} INFO - [2023-11-13T07:55:23.692+0000] {manager.py:499} INFO - Created Permission View: %s
[2023-11-13T07:55:24.322+0000] {logging_mixin.py:154} INFO - [2023-11-13T07:55:24.321+0000] {manager.py:499} INFO - Created Permission View: %s
[2023-11-13T07:55:24.394+0000] {logging_mixin.py:154} INFO - [2023-11-13T07:55:24.393+0000] {manager.py:499} INFO - Created Permission View: %s
[2023-11-13T07:55:24.395+0000] {logging_mixin.py:154} INFO - [2023-11-13T07:55:24.394+0000] {dag.py:2941} INFO - Sync 1 DAGs
[2023-11-13T07:55:24.426+0000] {logging_mixin.py:154} INFO - [2023-11-13T07:55:24.426+0000] {dag.py:2963} INFO - Creating ORM DAG for example_sensor_decorator
[2023-11-13T07:55:24.427+0000] {logging_mixin.py:154} INFO - [2023-11-13T07:55:24.427+0000] {dag.py:3722} INFO - Setting next_dagrun for example_sensor_decorator to None, run_after=None
[2023-11-13T07:55:24.675+0000] {processor.py:179} INFO - Processing /home/airflow/.local/lib/python3.8/site-packages/airflow/example_dags/example_sensor_decorator.py took 1.534 seconds
[2023-11-13T07:55:55.292+0000] {processor.py:157} INFO - Started process (PID=137) to work on /home/airflow/.local/lib/python3.8/site-packages/airflow/example_dags/example_sensor_decorator.py
[2023-11-13T07:55:55.312+0000] {processor.py:829} INFO - Processing file /home/airflow/.local/lib/python3.8/site-packages/airflow/example_dags/example_sensor_decorator.py for tasks to queue
[2023-11-13T07:55:55.314+0000] {logging_mixin.py:154} INFO - [2023-11-13T07:55:55.314+0000] {dagbag.py:536} INFO - Filling up the DagBag from /home/airflow/.local/lib/python3.8/site-packages/airflow/example_dags/example_sensor_decorator.py
[2023-11-13T07:55:55.318+0000] {processor.py:839} INFO - DAG(s) dict_keys(['example_sensor_decorator']) retrieved from /home/airflow/.local/lib/python3.8/site-packages/airflow/example_dags/example_sensor_decorator.py
[2023-11-13T07:55:55.332+0000] {logging_mixin.py:154} INFO - [2023-11-13T07:55:55.332+0000] {dag.py:2941} INFO - Sync 1 DAGs
[2023-11-13T07:55:55.342+0000] {logging_mixin.py:154} INFO - [2023-11-13T07:55:55.341+0000] {dag.py:3722} INFO - Setting next_dagrun for example_sensor_decorator to None, run_after=None
[2023-11-13T07:55:55.375+0000] {processor.py:179} INFO - Processing /home/airflow/.local/lib/python3.8/site-packages/airflow/example_dags/example_sensor_decorator.py took 0.085 seconds
[2023-11-13T07:56:25.586+0000] {processor.py:157} INFO - Started process (PID=191) to work on /home/airflow/.local/lib/python3.8/site-packages/airflow/example_dags/example_sensor_decorator.py
[2023-11-13T07:56:25.603+0000] {processor.py:829} INFO - Processing file /home/airflow/.local/lib/python3.8/site-packages/airflow/example_dags/example_sensor_decorator.py for tasks to queue
[2023-11-13T07:56:25.604+0000] {logging_mixin.py:154} INFO - [2023-11-13T07:56:25.604+0000] {dagbag.py:536} INFO - Filling up the DagBag from /home/airflow/.local/lib/python3.8/site-packages/airflow/example_dags/example_sensor_decorator.py
[2023-11-13T07:56:25.608+0000] {processor.py:839} INFO - DAG(s) dict_keys(['example_sensor_decorator']) retrieved from /home/airflow/.local/lib/python3.8/site-packages/airflow/example_dags/example_sensor_decorator.py
[2023-11-13T07:56:25.623+0000] {logging_mixin.py:154} INFO - [2023-11-13T07:56:25.623+0000] {dag.py:2941} INFO - Sync 1 DAGs
[2023-11-13T07:56:25.632+0000] {logging_mixin.py:154} INFO - [2023-11-13T07:56:25.632+0000] {dag.py:3722} INFO - Setting next_dagrun for example_sensor_decorator to None, run_after=None
[2023-11-13T07:56:25.933+0000] {processor.py:179} INFO - Processing /home/airflow/.local/lib/python3.8/site-packages/airflow/example_dags/example_sensor_decorator.py took 0.350 seconds
[2023-11-13T07:56:56.253+0000] {processor.py:157} INFO - Started process (PID=245) to work on /home/airflow/.local/lib/python3.8/site-packages/airflow/example_dags/example_sensor_decorator.py
[2023-11-13T07:56:56.455+0000] {processor.py:829} INFO - Processing file /home/airflow/.local/lib/python3.8/site-packages/airflow/example_dags/example_sensor_decorator.py for tasks to queue
[2023-11-13T07:56:56.593+0000] {logging_mixin.py:154} INFO - [2023-11-13T07:56:56.593+0000] {dagbag.py:536} INFO - Filling up the DagBag from /home/airflow/.local/lib/python3.8/site-packages/airflow/example_dags/example_sensor_decorator.py
[2023-11-13T07:56:56.598+0000] {processor.py:839} INFO - DAG(s) dict_keys(['example_sensor_decorator']) retrieved from /home/airflow/.local/lib/python3.8/site-packages/airflow/example_dags/example_sensor_decorator.py
[2023-11-13T07:56:56.613+0000] {logging_mixin.py:154} INFO - [2023-11-13T07:56:56.613+0000] {dag.py:2941} INFO - Sync 1 DAGs
[2023-11-13T07:56:56.622+0000] {logging_mixin.py:154} INFO - [2023-11-13T07:56:56.622+0000] {dag.py:3722} INFO - Setting next_dagrun for example_sensor_decorator to None, run_after=None
[2023-11-13T07:56:56.809+0000] {processor.py:179} INFO - Processing /home/airflow/.local/lib/python3.8/site-packages/airflow/example_dags/example_sensor_decorator.py took 0.560 seconds
[2023-11-13T07:57:27.407+0000] {processor.py:157} INFO - Started process (PID=299) to work on /home/airflow/.local/lib/python3.8/site-packages/airflow/example_dags/example_sensor_decorator.py
[2023-11-13T07:57:27.408+0000] {processor.py:829} INFO - Processing file /home/airflow/.local/lib/python3.8/site-packages/airflow/example_dags/example_sensor_decorator.py for tasks to queue
[2023-11-13T07:57:27.409+0000] {logging_mixin.py:154} INFO - [2023-11-13T07:57:27.409+0000] {dagbag.py:536} INFO - Filling up the DagBag from /home/airflow/.local/lib/python3.8/site-packages/airflow/example_dags/example_sensor_decorator.py
[2023-11-13T07:57:27.414+0000] {processor.py:839} INFO - DAG(s) dict_keys(['example_sensor_decorator']) retrieved from /home/airflow/.local/lib/python3.8/site-packages/airflow/example_dags/example_sensor_decorator.py
[2023-11-13T07:57:27.429+0000] {logging_mixin.py:154} INFO - [2023-11-13T07:57:27.429+0000] {dag.py:2941} INFO - Sync 1 DAGs
[2023-11-13T07:57:27.437+0000] {logging_mixin.py:154} INFO - [2023-11-13T07:57:27.437+0000] {dag.py:3722} INFO - Setting next_dagrun for example_sensor_decorator to None, run_after=None
[2023-11-13T07:57:27.467+0000] {processor.py:179} INFO - Processing /home/airflow/.local/lib/python3.8/site-packages/airflow/example_dags/example_sensor_decorator.py took 0.062 seconds
[2023-11-13T07:57:58.083+0000] {processor.py:157} INFO - Started process (PID=353) to work on /home/airflow/.local/lib/python3.8/site-packages/airflow/example_dags/example_sensor_decorator.py
[2023-11-13T07:57:58.279+0000] {processor.py:829} INFO - Processing file /home/airflow/.local/lib/python3.8/site-packages/airflow/example_dags/example_sensor_decorator.py for tasks to queue
[2023-11-13T07:57:58.284+0000] {logging_mixin.py:154} INFO - [2023-11-13T07:57:58.284+0000] {dagbag.py:536} INFO - Filling up the DagBag from /home/airflow/.local/lib/python3.8/site-packages/airflow/example_dags/example_sensor_decorator.py
[2023-11-13T07:57:58.294+0000] {processor.py:839} INFO - DAG(s) dict_keys(['example_sensor_decorator']) retrieved from /home/airflow/.local/lib/python3.8/site-packages/airflow/example_dags/example_sensor_decorator.py
[2023-11-13T07:57:58.313+0000] {logging_mixin.py:154} INFO - [2023-11-13T07:57:58.313+0000] {dag.py:2941} INFO - Sync 1 DAGs
[2023-11-13T07:57:58.324+0000] {logging_mixin.py:154} INFO - [2023-11-13T07:57:58.324+0000] {dag.py:3722} INFO - Setting next_dagrun for example_sensor_decorator to None, run_after=None
[2023-11-13T07:57:58.766+0000] {processor.py:179} INFO - Processing /home/airflow/.local/lib/python3.8/site-packages/airflow/example_dags/example_sensor_decorator.py took 0.685 seconds
[2023-11-13T07:58:29.551+0000] {processor.py:157} INFO - Started process (PID=407) to work on /home/airflow/.local/lib/python3.8/site-packages/airflow/example_dags/example_sensor_decorator.py
[2023-11-13T07:58:29.552+0000] {processor.py:829} INFO - Processing file /home/airflow/.local/lib/python3.8/site-packages/airflow/example_dags/example_sensor_decorator.py for tasks to queue
[2023-11-13T07:58:29.553+0000] {logging_mixin.py:154} INFO - [2023-11-13T07:58:29.553+0000] {dagbag.py:536} INFO - Filling up the DagBag from /home/airflow/.local/lib/python3.8/site-packages/airflow/example_dags/example_sensor_decorator.py
[2023-11-13T07:58:29.557+0000] {processor.py:839} INFO - DAG(s) dict_keys(['example_sensor_decorator']) retrieved from /home/airflow/.local/lib/python3.8/site-packages/airflow/example_dags/example_sensor_decorator.py
[2023-11-13T07:58:29.571+0000] {logging_mixin.py:154} INFO - [2023-11-13T07:58:29.571+0000] {dag.py:2941} INFO - Sync 1 DAGs
[2023-11-13T07:58:29.579+0000] {logging_mixin.py:154} INFO - [2023-11-13T07:58:29.579+0000] {dag.py:3722} INFO - Setting next_dagrun for example_sensor_decorator to None, run_after=None
[2023-11-13T07:58:29.613+0000] {processor.py:179} INFO - Processing /home/airflow/.local/lib/python3.8/site-packages/airflow/example_dags/example_sensor_decorator.py took 0.064 seconds
[2023-11-13T07:58:59.705+0000] {processor.py:157} INFO - Started process (PID=461) to work on /home/airflow/.local/lib/python3.8/site-packages/airflow/example_dags/example_sensor_decorator.py
[2023-11-13T07:58:59.706+0000] {processor.py:829} INFO - Processing file /home/airflow/.local/lib/python3.8/site-packages/airflow/example_dags/example_sensor_decorator.py for tasks to queue
[2023-11-13T07:58:59.708+0000] {logging_mixin.py:154} INFO - [2023-11-13T07:58:59.707+0000] {dagbag.py:536} INFO - Filling up the DagBag from /home/airflow/.local/lib/python3.8/site-packages/airflow/example_dags/example_sensor_decorator.py
[2023-11-13T07:58:59.711+0000] {processor.py:839} INFO - DAG(s) dict_keys(['example_sensor_decorator']) retrieved from /home/airflow/.local/lib/python3.8/site-packages/airflow/example_dags/example_sensor_decorator.py
[2023-11-13T07:58:59.725+0000] {logging_mixin.py:154} INFO - [2023-11-13T07:58:59.725+0000] {dag.py:2941} INFO - Sync 1 DAGs
[2023-11-13T07:58:59.734+0000] {logging_mixin.py:154} INFO - [2023-11-13T07:58:59.734+0000] {dag.py:3722} INFO - Setting next_dagrun for example_sensor_decorator to None, run_after=None
[2023-11-13T07:58:59.761+0000] {processor.py:179} INFO - Processing /home/airflow/.local/lib/python3.8/site-packages/airflow/example_dags/example_sensor_decorator.py took 0.058 seconds
[2023-11-13T07:59:32.829+0000] {processor.py:157} INFO - Started process (PID=515) to work on /home/airflow/.local/lib/python3.8/site-packages/airflow/example_dags/example_sensor_decorator.py
[2023-11-13T07:59:32.977+0000] {processor.py:829} INFO - Processing file /home/airflow/.local/lib/python3.8/site-packages/airflow/example_dags/example_sensor_decorator.py for tasks to queue
[2023-11-13T07:59:32.984+0000] {logging_mixin.py:154} INFO - [2023-11-13T07:59:32.983+0000] {dagbag.py:536} INFO - Filling up the DagBag from /home/airflow/.local/lib/python3.8/site-packages/airflow/example_dags/example_sensor_decorator.py
[2023-11-13T07:59:32.996+0000] {processor.py:839} INFO - DAG(s) dict_keys(['example_sensor_decorator']) retrieved from /home/airflow/.local/lib/python3.8/site-packages/airflow/example_dags/example_sensor_decorator.py
[2023-11-13T07:59:33.021+0000] {logging_mixin.py:154} INFO - [2023-11-13T07:59:33.020+0000] {dag.py:2941} INFO - Sync 1 DAGs
[2023-11-13T07:59:33.036+0000] {logging_mixin.py:154} INFO - [2023-11-13T07:59:33.036+0000] {dag.py:3722} INFO - Setting next_dagrun for example_sensor_decorator to None, run_after=None
[2023-11-13T07:59:33.335+0000] {processor.py:179} INFO - Processing /home/airflow/.local/lib/python3.8/site-packages/airflow/example_dags/example_sensor_decorator.py took 0.508 seconds
[2023-11-13T08:00:04.124+0000] {processor.py:157} INFO - Started process (PID=569) to work on /home/airflow/.local/lib/python3.8/site-packages/airflow/example_dags/example_sensor_decorator.py
[2023-11-13T08:00:04.125+0000] {processor.py:829} INFO - Processing file /home/airflow/.local/lib/python3.8/site-packages/airflow/example_dags/example_sensor_decorator.py for tasks to queue
[2023-11-13T08:00:04.126+0000] {logging_mixin.py:154} INFO - [2023-11-13T08:00:04.126+0000] {dagbag.py:536} INFO - Filling up the DagBag from /home/airflow/.local/lib/python3.8/site-packages/airflow/example_dags/example_sensor_decorator.py
[2023-11-13T08:00:04.130+0000] {processor.py:839} INFO - DAG(s) dict_keys(['example_sensor_decorator']) retrieved from /home/airflow/.local/lib/python3.8/site-packages/airflow/example_dags/example_sensor_decorator.py
[2023-11-13T08:00:04.143+0000] {logging_mixin.py:154} INFO - [2023-11-13T08:00:04.143+0000] {dag.py:2941} INFO - Sync 1 DAGs
[2023-11-13T08:00:04.151+0000] {logging_mixin.py:154} INFO - [2023-11-13T08:00:04.151+0000] {dag.py:3722} INFO - Setting next_dagrun for example_sensor_decorator to None, run_after=None
[2023-11-13T08:00:04.184+0000] {processor.py:179} INFO - Processing /home/airflow/.local/lib/python3.8/site-packages/airflow/example_dags/example_sensor_decorator.py took 0.062 seconds
[2023-11-13T08:00:35.101+0000] {processor.py:157} INFO - Started process (PID=623) to work on /home/airflow/.local/lib/python3.8/site-packages/airflow/example_dags/example_sensor_decorator.py
[2023-11-13T08:00:35.114+0000] {processor.py:829} INFO - Processing file /home/airflow/.local/lib/python3.8/site-packages/airflow/example_dags/example_sensor_decorator.py for tasks to queue
[2023-11-13T08:00:35.116+0000] {logging_mixin.py:154} INFO - [2023-11-13T08:00:35.115+0000] {dagbag.py:536} INFO - Filling up the DagBag from /home/airflow/.local/lib/python3.8/site-packages/airflow/example_dags/example_sensor_decorator.py
[2023-11-13T08:00:35.119+0000] {processor.py:839} INFO - DAG(s) dict_keys(['example_sensor_decorator']) retrieved from /home/airflow/.local/lib/python3.8/site-packages/airflow/example_dags/example_sensor_decorator.py
[2023-11-13T08:00:35.134+0000] {logging_mixin.py:154} INFO - [2023-11-13T08:00:35.134+0000] {dag.py:2941} INFO - Sync 1 DAGs
[2023-11-13T08:00:35.142+0000] {logging_mixin.py:154} INFO - [2023-11-13T08:00:35.142+0000] {dag.py:3722} INFO - Setting next_dagrun for example_sensor_decorator to None, run_after=None
[2023-11-13T08:00:35.171+0000] {processor.py:179} INFO - Processing /home/airflow/.local/lib/python3.8/site-packages/airflow/example_dags/example_sensor_decorator.py took 0.073 seconds
[2023-11-13T08:01:06.120+0000] {processor.py:157} INFO - Started process (PID=677) to work on /home/airflow/.local/lib/python3.8/site-packages/airflow/example_dags/example_sensor_decorator.py
[2023-11-13T08:01:06.120+0000] {processor.py:829} INFO - Processing file /home/airflow/.local/lib/python3.8/site-packages/airflow/example_dags/example_sensor_decorator.py for tasks to queue
[2023-11-13T08:01:06.122+0000] {logging_mixin.py:154} INFO - [2023-11-13T08:01:06.122+0000] {dagbag.py:536} INFO - Filling up the DagBag from /home/airflow/.local/lib/python3.8/site-packages/airflow/example_dags/example_sensor_decorator.py
[2023-11-13T08:01:06.126+0000] {processor.py:839} INFO - DAG(s) dict_keys(['example_sensor_decorator']) retrieved from /home/airflow/.local/lib/python3.8/site-packages/airflow/example_dags/example_sensor_decorator.py
[2023-11-13T08:01:06.140+0000] {logging_mixin.py:154} INFO - [2023-11-13T08:01:06.140+0000] {dag.py:2941} INFO - Sync 1 DAGs
[2023-11-13T08:01:06.149+0000] {logging_mixin.py:154} INFO - [2023-11-13T08:01:06.149+0000] {dag.py:3722} INFO - Setting next_dagrun for example_sensor_decorator to None, run_after=None
[2023-11-13T08:01:06.171+0000] {processor.py:179} INFO - Processing /home/airflow/.local/lib/python3.8/site-packages/airflow/example_dags/example_sensor_decorator.py took 0.054 seconds
[2023-11-13T08:01:37.007+0000] {processor.py:157} INFO - Started process (PID=731) to work on /home/airflow/.local/lib/python3.8/site-packages/airflow/example_dags/example_sensor_decorator.py
[2023-11-13T08:01:37.014+0000] {processor.py:829} INFO - Processing file /home/airflow/.local/lib/python3.8/site-packages/airflow/example_dags/example_sensor_decorator.py for tasks to queue
[2023-11-13T08:01:37.016+0000] {logging_mixin.py:154} INFO - [2023-11-13T08:01:37.015+0000] {dagbag.py:536} INFO - Filling up the DagBag from /home/airflow/.local/lib/python3.8/site-packages/airflow/example_dags/example_sensor_decorator.py
[2023-11-13T08:01:37.020+0000] {processor.py:839} INFO - DAG(s) dict_keys(['example_sensor_decorator']) retrieved from /home/airflow/.local/lib/python3.8/site-packages/airflow/example_dags/example_sensor_decorator.py
[2023-11-13T08:01:37.034+0000] {logging_mixin.py:154} INFO - [2023-11-13T08:01:37.034+0000] {dag.py:2941} INFO - Sync 1 DAGs
[2023-11-13T08:01:37.043+0000] {logging_mixin.py:154} INFO - [2023-11-13T08:01:37.043+0000] {dag.py:3722} INFO - Setting next_dagrun for example_sensor_decorator to None, run_after=None
[2023-11-13T08:01:37.162+0000] {processor.py:179} INFO - Processing /home/airflow/.local/lib/python3.8/site-packages/airflow/example_dags/example_sensor_decorator.py took 0.158 seconds
[2023-11-13T08:02:07.700+0000] {processor.py:157} INFO - Started process (PID=785) to work on /home/airflow/.local/lib/python3.8/site-packages/airflow/example_dags/example_sensor_decorator.py
[2023-11-13T08:02:07.701+0000] {processor.py:829} INFO - Processing file /home/airflow/.local/lib/python3.8/site-packages/airflow/example_dags/example_sensor_decorator.py for tasks to queue
[2023-11-13T08:02:07.702+0000] {logging_mixin.py:154} INFO - [2023-11-13T08:02:07.702+0000] {dagbag.py:536} INFO - Filling up the DagBag from /home/airflow/.local/lib/python3.8/site-packages/airflow/example_dags/example_sensor_decorator.py
[2023-11-13T08:02:07.706+0000] {processor.py:839} INFO - DAG(s) dict_keys(['example_sensor_decorator']) retrieved from /home/airflow/.local/lib/python3.8/site-packages/airflow/example_dags/example_sensor_decorator.py
[2023-11-13T08:02:07.720+0000] {logging_mixin.py:154} INFO - [2023-11-13T08:02:07.720+0000] {dag.py:2941} INFO - Sync 1 DAGs
[2023-11-13T08:02:07.729+0000] {logging_mixin.py:154} INFO - [2023-11-13T08:02:07.729+0000] {dag.py:3722} INFO - Setting next_dagrun for example_sensor_decorator to None, run_after=None
[2023-11-13T08:02:07.870+0000] {processor.py:179} INFO - Processing /home/airflow/.local/lib/python3.8/site-packages/airflow/example_dags/example_sensor_decorator.py took 0.172 seconds
[2023-11-13T08:02:38.240+0000] {processor.py:157} INFO - Started process (PID=839) to work on /home/airflow/.local/lib/python3.8/site-packages/airflow/example_dags/example_sensor_decorator.py
[2023-11-13T08:02:38.255+0000] {processor.py:829} INFO - Processing file /home/airflow/.local/lib/python3.8/site-packages/airflow/example_dags/example_sensor_decorator.py for tasks to queue
[2023-11-13T08:02:38.256+0000] {logging_mixin.py:154} INFO - [2023-11-13T08:02:38.256+0000] {dagbag.py:536} INFO - Filling up the DagBag from /home/airflow/.local/lib/python3.8/site-packages/airflow/example_dags/example_sensor_decorator.py
[2023-11-13T08:02:38.261+0000] {processor.py:839} INFO - DAG(s) dict_keys(['example_sensor_decorator']) retrieved from /home/airflow/.local/lib/python3.8/site-packages/airflow/example_dags/example_sensor_decorator.py
[2023-11-13T08:02:38.277+0000] {logging_mixin.py:154} INFO - [2023-11-13T08:02:38.276+0000] {dag.py:2941} INFO - Sync 1 DAGs
[2023-11-13T08:02:38.286+0000] {logging_mixin.py:154} INFO - [2023-11-13T08:02:38.286+0000] {dag.py:3722} INFO - Setting next_dagrun for example_sensor_decorator to None, run_after=None
[2023-11-13T08:02:38.319+0000] {processor.py:179} INFO - Processing /home/airflow/.local/lib/python3.8/site-packages/airflow/example_dags/example_sensor_decorator.py took 0.082 seconds
[2023-11-13T08:03:09.241+0000] {processor.py:157} INFO - Started process (PID=893) to work on /home/airflow/.local/lib/python3.8/site-packages/airflow/example_dags/example_sensor_decorator.py
[2023-11-13T08:03:09.241+0000] {processor.py:829} INFO - Processing file /home/airflow/.local/lib/python3.8/site-packages/airflow/example_dags/example_sensor_decorator.py for tasks to queue
[2023-11-13T08:03:09.243+0000] {logging_mixin.py:154} INFO - [2023-11-13T08:03:09.243+0000] {dagbag.py:536} INFO - Filling up the DagBag from /home/airflow/.local/lib/python3.8/site-packages/airflow/example_dags/example_sensor_decorator.py
[2023-11-13T08:03:09.250+0000] {processor.py:839} INFO - DAG(s) dict_keys(['example_sensor_decorator']) retrieved from /home/airflow/.local/lib/python3.8/site-packages/airflow/example_dags/example_sensor_decorator.py
[2023-11-13T08:03:09.266+0000] {logging_mixin.py:154} INFO - [2023-11-13T08:03:09.265+0000] {dag.py:2941} INFO - Sync 1 DAGs
[2023-11-13T08:03:09.275+0000] {logging_mixin.py:154} INFO - [2023-11-13T08:03:09.274+0000] {dag.py:3722} INFO - Setting next_dagrun for example_sensor_decorator to None, run_after=None
[2023-11-13T08:03:09.310+0000] {processor.py:179} INFO - Processing /home/airflow/.local/lib/python3.8/site-packages/airflow/example_dags/example_sensor_decorator.py took 0.072 seconds
[2023-11-13T08:03:40.173+0000] {processor.py:157} INFO - Started process (PID=947) to work on /home/airflow/.local/lib/python3.8/site-packages/airflow/example_dags/example_sensor_decorator.py
[2023-11-13T08:03:40.204+0000] {processor.py:829} INFO - Processing file /home/airflow/.local/lib/python3.8/site-packages/airflow/example_dags/example_sensor_decorator.py for tasks to queue
[2023-11-13T08:03:40.205+0000] {logging_mixin.py:154} INFO - [2023-11-13T08:03:40.205+0000] {dagbag.py:536} INFO - Filling up the DagBag from /home/airflow/.local/lib/python3.8/site-packages/airflow/example_dags/example_sensor_decorator.py
[2023-11-13T08:03:40.209+0000] {processor.py:839} INFO - DAG(s) dict_keys(['example_sensor_decorator']) retrieved from /home/airflow/.local/lib/python3.8/site-packages/airflow/example_dags/example_sensor_decorator.py
[2023-11-13T08:03:40.233+0000] {logging_mixin.py:154} INFO - [2023-11-13T08:03:40.233+0000] {dag.py:2941} INFO - Sync 1 DAGs
[2023-11-13T08:03:40.242+0000] {logging_mixin.py:154} INFO - [2023-11-13T08:03:40.242+0000] {dag.py:3722} INFO - Setting next_dagrun for example_sensor_decorator to None, run_after=None
[2023-11-13T08:03:40.329+0000] {processor.py:179} INFO - Processing /home/airflow/.local/lib/python3.8/site-packages/airflow/example_dags/example_sensor_decorator.py took 0.162 seconds
[2023-11-13T08:04:11.870+0000] {processor.py:157} INFO - Started process (PID=1001) to work on /home/airflow/.local/lib/python3.8/site-packages/airflow/example_dags/example_sensor_decorator.py
[2023-11-13T08:04:11.871+0000] {processor.py:829} INFO - Processing file /home/airflow/.local/lib/python3.8/site-packages/airflow/example_dags/example_sensor_decorator.py for tasks to queue
[2023-11-13T08:04:11.872+0000] {logging_mixin.py:154} INFO - [2023-11-13T08:04:11.872+0000] {dagbag.py:536} INFO - Filling up the DagBag from /home/airflow/.local/lib/python3.8/site-packages/airflow/example_dags/example_sensor_decorator.py
[2023-11-13T08:04:11.878+0000] {processor.py:839} INFO - DAG(s) dict_keys(['example_sensor_decorator']) retrieved from /home/airflow/.local/lib/python3.8/site-packages/airflow/example_dags/example_sensor_decorator.py
[2023-11-13T08:04:11.891+0000] {logging_mixin.py:154} INFO - [2023-11-13T08:04:11.891+0000] {dag.py:2941} INFO - Sync 1 DAGs
[2023-11-13T08:04:11.901+0000] {logging_mixin.py:154} INFO - [2023-11-13T08:04:11.901+0000] {dag.py:3722} INFO - Setting next_dagrun for example_sensor_decorator to None, run_after=None
[2023-11-13T08:04:11.949+0000] {processor.py:179} INFO - Processing /home/airflow/.local/lib/python3.8/site-packages/airflow/example_dags/example_sensor_decorator.py took 0.082 seconds
[2023-11-13T08:04:43.080+0000] {processor.py:157} INFO - Started process (PID=1055) to work on /home/airflow/.local/lib/python3.8/site-packages/airflow/example_dags/example_sensor_decorator.py
[2023-11-13T08:04:43.214+0000] {processor.py:829} INFO - Processing file /home/airflow/.local/lib/python3.8/site-packages/airflow/example_dags/example_sensor_decorator.py for tasks to queue
[2023-11-13T08:04:43.216+0000] {logging_mixin.py:154} INFO - [2023-11-13T08:04:43.216+0000] {dagbag.py:536} INFO - Filling up the DagBag from /home/airflow/.local/lib/python3.8/site-packages/airflow/example_dags/example_sensor_decorator.py
[2023-11-13T08:04:43.221+0000] {processor.py:839} INFO - DAG(s) dict_keys(['example_sensor_decorator']) retrieved from /home/airflow/.local/lib/python3.8/site-packages/airflow/example_dags/example_sensor_decorator.py
[2023-11-13T08:04:43.241+0000] {logging_mixin.py:154} INFO - [2023-11-13T08:04:43.241+0000] {dag.py:2941} INFO - Sync 1 DAGs
[2023-11-13T08:04:43.254+0000] {logging_mixin.py:154} INFO - [2023-11-13T08:04:43.253+0000] {dag.py:3722} INFO - Setting next_dagrun for example_sensor_decorator to None, run_after=None
[2023-11-13T08:04:43.585+0000] {processor.py:179} INFO - Processing /home/airflow/.local/lib/python3.8/site-packages/airflow/example_dags/example_sensor_decorator.py took 0.509 seconds
[2023-11-13T08:05:14.132+0000] {processor.py:157} INFO - Started process (PID=1109) to work on /home/airflow/.local/lib/python3.8/site-packages/airflow/example_dags/example_sensor_decorator.py
[2023-11-13T08:05:14.133+0000] {processor.py:829} INFO - Processing file /home/airflow/.local/lib/python3.8/site-packages/airflow/example_dags/example_sensor_decorator.py for tasks to queue
[2023-11-13T08:05:14.134+0000] {logging_mixin.py:154} INFO - [2023-11-13T08:05:14.134+0000] {dagbag.py:536} INFO - Filling up the DagBag from /home/airflow/.local/lib/python3.8/site-packages/airflow/example_dags/example_sensor_decorator.py
[2023-11-13T08:05:14.139+0000] {processor.py:839} INFO - DAG(s) dict_keys(['example_sensor_decorator']) retrieved from /home/airflow/.local/lib/python3.8/site-packages/airflow/example_dags/example_sensor_decorator.py
[2023-11-13T08:05:14.154+0000] {logging_mixin.py:154} INFO - [2023-11-13T08:05:14.154+0000] {dag.py:2941} INFO - Sync 1 DAGs
[2023-11-13T08:05:14.163+0000] {logging_mixin.py:154} INFO - [2023-11-13T08:05:14.163+0000] {dag.py:3722} INFO - Setting next_dagrun for example_sensor_decorator to None, run_after=None
[2023-11-13T08:05:14.195+0000] {processor.py:179} INFO - Processing /home/airflow/.local/lib/python3.8/site-packages/airflow/example_dags/example_sensor_decorator.py took 0.065 seconds
[2023-11-13T08:05:44.302+0000] {processor.py:157} INFO - Started process (PID=1163) to work on /home/airflow/.local/lib/python3.8/site-packages/airflow/example_dags/example_sensor_decorator.py
[2023-11-13T08:05:44.303+0000] {processor.py:829} INFO - Processing file /home/airflow/.local/lib/python3.8/site-packages/airflow/example_dags/example_sensor_decorator.py for tasks to queue
[2023-11-13T08:05:44.304+0000] {logging_mixin.py:154} INFO - [2023-11-13T08:05:44.304+0000] {dagbag.py:536} INFO - Filling up the DagBag from /home/airflow/.local/lib/python3.8/site-packages/airflow/example_dags/example_sensor_decorator.py
[2023-11-13T08:05:44.309+0000] {processor.py:839} INFO - DAG(s) dict_keys(['example_sensor_decorator']) retrieved from /home/airflow/.local/lib/python3.8/site-packages/airflow/example_dags/example_sensor_decorator.py
[2023-11-13T08:05:44.323+0000] {logging_mixin.py:154} INFO - [2023-11-13T08:05:44.323+0000] {dag.py:2941} INFO - Sync 1 DAGs
[2023-11-13T08:05:44.430+0000] {logging_mixin.py:154} INFO - [2023-11-13T08:05:44.429+0000] {dag.py:3722} INFO - Setting next_dagrun for example_sensor_decorator to None, run_after=None
[2023-11-13T08:05:44.454+0000] {processor.py:179} INFO - Processing /home/airflow/.local/lib/python3.8/site-packages/airflow/example_dags/example_sensor_decorator.py took 0.154 seconds
[2023-11-13T08:06:15.053+0000] {processor.py:157} INFO - Started process (PID=1217) to work on /home/airflow/.local/lib/python3.8/site-packages/airflow/example_dags/example_sensor_decorator.py
[2023-11-13T08:06:15.219+0000] {processor.py:829} INFO - Processing file /home/airflow/.local/lib/python3.8/site-packages/airflow/example_dags/example_sensor_decorator.py for tasks to queue
[2023-11-13T08:06:15.225+0000] {logging_mixin.py:154} INFO - [2023-11-13T08:06:15.224+0000] {dagbag.py:536} INFO - Filling up the DagBag from /home/airflow/.local/lib/python3.8/site-packages/airflow/example_dags/example_sensor_decorator.py
[2023-11-13T08:06:15.241+0000] {processor.py:839} INFO - DAG(s) dict_keys(['example_sensor_decorator']) retrieved from /home/airflow/.local/lib/python3.8/site-packages/airflow/example_dags/example_sensor_decorator.py
[2023-11-13T08:06:15.255+0000] {logging_mixin.py:154} INFO - [2023-11-13T08:06:15.255+0000] {dag.py:2941} INFO - Sync 1 DAGs
[2023-11-13T08:06:15.263+0000] {logging_mixin.py:154} INFO - [2023-11-13T08:06:15.263+0000] {dag.py:3722} INFO - Setting next_dagrun for example_sensor_decorator to None, run_after=None
[2023-11-13T08:06:15.902+0000] {processor.py:179} INFO - Processing /home/airflow/.local/lib/python3.8/site-packages/airflow/example_dags/example_sensor_decorator.py took 0.851 seconds
[2023-11-13T08:06:47.488+0000] {processor.py:157} INFO - Started process (PID=1271) to work on /home/airflow/.local/lib/python3.8/site-packages/airflow/example_dags/example_sensor_decorator.py
[2023-11-13T08:06:47.506+0000] {processor.py:829} INFO - Processing file /home/airflow/.local/lib/python3.8/site-packages/airflow/example_dags/example_sensor_decorator.py for tasks to queue
[2023-11-13T08:06:47.508+0000] {logging_mixin.py:154} INFO - [2023-11-13T08:06:47.508+0000] {dagbag.py:536} INFO - Filling up the DagBag from /home/airflow/.local/lib/python3.8/site-packages/airflow/example_dags/example_sensor_decorator.py
[2023-11-13T08:06:47.512+0000] {processor.py:839} INFO - DAG(s) dict_keys(['example_sensor_decorator']) retrieved from /home/airflow/.local/lib/python3.8/site-packages/airflow/example_dags/example_sensor_decorator.py
[2023-11-13T08:06:47.526+0000] {logging_mixin.py:154} INFO - [2023-11-13T08:06:47.526+0000] {dag.py:2941} INFO - Sync 1 DAGs
[2023-11-13T08:06:47.536+0000] {logging_mixin.py:154} INFO - [2023-11-13T08:06:47.535+0000] {dag.py:3722} INFO - Setting next_dagrun for example_sensor_decorator to None, run_after=None
[2023-11-13T08:06:47.643+0000] {processor.py:179} INFO - Processing /home/airflow/.local/lib/python3.8/site-packages/airflow/example_dags/example_sensor_decorator.py took 0.158 seconds
[2023-11-13T08:07:18.246+0000] {processor.py:157} INFO - Started process (PID=1325) to work on /home/airflow/.local/lib/python3.8/site-packages/airflow/example_dags/example_sensor_decorator.py
[2023-11-13T08:07:18.247+0000] {processor.py:829} INFO - Processing file /home/airflow/.local/lib/python3.8/site-packages/airflow/example_dags/example_sensor_decorator.py for tasks to queue
[2023-11-13T08:07:18.248+0000] {logging_mixin.py:154} INFO - [2023-11-13T08:07:18.248+0000] {dagbag.py:536} INFO - Filling up the DagBag from /home/airflow/.local/lib/python3.8/site-packages/airflow/example_dags/example_sensor_decorator.py
[2023-11-13T08:07:18.252+0000] {processor.py:839} INFO - DAG(s) dict_keys(['example_sensor_decorator']) retrieved from /home/airflow/.local/lib/python3.8/site-packages/airflow/example_dags/example_sensor_decorator.py
[2023-11-13T08:07:18.266+0000] {logging_mixin.py:154} INFO - [2023-11-13T08:07:18.266+0000] {dag.py:2941} INFO - Sync 1 DAGs
[2023-11-13T08:07:18.375+0000] {logging_mixin.py:154} INFO - [2023-11-13T08:07:18.374+0000] {dag.py:3722} INFO - Setting next_dagrun for example_sensor_decorator to None, run_after=None
[2023-11-13T08:07:18.402+0000] {processor.py:179} INFO - Processing /home/airflow/.local/lib/python3.8/site-packages/airflow/example_dags/example_sensor_decorator.py took 0.158 seconds
[2023-11-13T08:07:48.880+0000] {processor.py:157} INFO - Started process (PID=1379) to work on /home/airflow/.local/lib/python3.8/site-packages/airflow/example_dags/example_sensor_decorator.py
[2023-11-13T08:07:48.889+0000] {processor.py:829} INFO - Processing file /home/airflow/.local/lib/python3.8/site-packages/airflow/example_dags/example_sensor_decorator.py for tasks to queue
[2023-11-13T08:07:48.891+0000] {logging_mixin.py:154} INFO - [2023-11-13T08:07:48.891+0000] {dagbag.py:536} INFO - Filling up the DagBag from /home/airflow/.local/lib/python3.8/site-packages/airflow/example_dags/example_sensor_decorator.py
[2023-11-13T08:07:48.895+0000] {processor.py:839} INFO - DAG(s) dict_keys(['example_sensor_decorator']) retrieved from /home/airflow/.local/lib/python3.8/site-packages/airflow/example_dags/example_sensor_decorator.py
[2023-11-13T08:07:48.910+0000] {logging_mixin.py:154} INFO - [2023-11-13T08:07:48.910+0000] {dag.py:2941} INFO - Sync 1 DAGs
[2023-11-13T08:07:48.918+0000] {logging_mixin.py:154} INFO - [2023-11-13T08:07:48.918+0000] {dag.py:3722} INFO - Setting next_dagrun for example_sensor_decorator to None, run_after=None
[2023-11-13T08:07:48.950+0000] {processor.py:179} INFO - Processing /home/airflow/.local/lib/python3.8/site-packages/airflow/example_dags/example_sensor_decorator.py took 0.072 seconds
[2023-11-13T08:08:19.039+0000] {processor.py:157} INFO - Started process (PID=1433) to work on /home/airflow/.local/lib/python3.8/site-packages/airflow/example_dags/example_sensor_decorator.py
[2023-11-13T08:08:19.039+0000] {processor.py:829} INFO - Processing file /home/airflow/.local/lib/python3.8/site-packages/airflow/example_dags/example_sensor_decorator.py for tasks to queue
[2023-11-13T08:08:19.041+0000] {logging_mixin.py:154} INFO - [2023-11-13T08:08:19.041+0000] {dagbag.py:536} INFO - Filling up the DagBag from /home/airflow/.local/lib/python3.8/site-packages/airflow/example_dags/example_sensor_decorator.py
[2023-11-13T08:08:19.045+0000] {processor.py:839} INFO - DAG(s) dict_keys(['example_sensor_decorator']) retrieved from /home/airflow/.local/lib/python3.8/site-packages/airflow/example_dags/example_sensor_decorator.py
[2023-11-13T08:08:19.059+0000] {logging_mixin.py:154} INFO - [2023-11-13T08:08:19.058+0000] {dag.py:2941} INFO - Sync 1 DAGs
[2023-11-13T08:08:19.067+0000] {logging_mixin.py:154} INFO - [2023-11-13T08:08:19.067+0000] {dag.py:3722} INFO - Setting next_dagrun for example_sensor_decorator to None, run_after=None
[2023-11-13T08:08:19.090+0000] {processor.py:179} INFO - Processing /home/airflow/.local/lib/python3.8/site-packages/airflow/example_dags/example_sensor_decorator.py took 0.053 seconds
[2023-11-13T08:08:51.503+0000] {processor.py:157} INFO - Started process (PID=1487) to work on /home/airflow/.local/lib/python3.8/site-packages/airflow/example_dags/example_sensor_decorator.py
[2023-11-13T08:08:51.656+0000] {processor.py:829} INFO - Processing file /home/airflow/.local/lib/python3.8/site-packages/airflow/example_dags/example_sensor_decorator.py for tasks to queue
[2023-11-13T08:08:51.662+0000] {logging_mixin.py:154} INFO - [2023-11-13T08:08:51.661+0000] {dagbag.py:536} INFO - Filling up the DagBag from /home/airflow/.local/lib/python3.8/site-packages/airflow/example_dags/example_sensor_decorator.py
[2023-11-13T08:08:51.680+0000] {processor.py:839} INFO - DAG(s) dict_keys(['example_sensor_decorator']) retrieved from /home/airflow/.local/lib/python3.8/site-packages/airflow/example_dags/example_sensor_decorator.py
[2023-11-13T08:08:51.709+0000] {logging_mixin.py:154} INFO - [2023-11-13T08:08:51.709+0000] {dag.py:2941} INFO - Sync 1 DAGs
[2023-11-13T08:08:51.811+0000] {logging_mixin.py:154} INFO - [2023-11-13T08:08:51.811+0000] {dag.py:3722} INFO - Setting next_dagrun for example_sensor_decorator to None, run_after=None
[2023-11-13T08:08:52.785+0000] {processor.py:179} INFO - Processing /home/airflow/.local/lib/python3.8/site-packages/airflow/example_dags/example_sensor_decorator.py took 1.285 seconds
[2023-11-13T08:09:23.663+0000] {processor.py:157} INFO - Started process (PID=1541) to work on /home/airflow/.local/lib/python3.8/site-packages/airflow/example_dags/example_sensor_decorator.py
[2023-11-13T08:09:23.664+0000] {processor.py:829} INFO - Processing file /home/airflow/.local/lib/python3.8/site-packages/airflow/example_dags/example_sensor_decorator.py for tasks to queue
[2023-11-13T08:09:23.665+0000] {logging_mixin.py:154} INFO - [2023-11-13T08:09:23.665+0000] {dagbag.py:536} INFO - Filling up the DagBag from /home/airflow/.local/lib/python3.8/site-packages/airflow/example_dags/example_sensor_decorator.py
[2023-11-13T08:09:23.669+0000] {processor.py:839} INFO - DAG(s) dict_keys(['example_sensor_decorator']) retrieved from /home/airflow/.local/lib/python3.8/site-packages/airflow/example_dags/example_sensor_decorator.py
[2023-11-13T08:09:23.683+0000] {logging_mixin.py:154} INFO - [2023-11-13T08:09:23.683+0000] {dag.py:2941} INFO - Sync 1 DAGs
[2023-11-13T08:09:23.691+0000] {logging_mixin.py:154} INFO - [2023-11-13T08:09:23.691+0000] {dag.py:3722} INFO - Setting next_dagrun for example_sensor_decorator to None, run_after=None
[2023-11-13T08:09:23.867+0000] {processor.py:179} INFO - Processing /home/airflow/.local/lib/python3.8/site-packages/airflow/example_dags/example_sensor_decorator.py took 0.206 seconds
[2023-11-13T08:09:54.297+0000] {processor.py:157} INFO - Started process (PID=1595) to work on /home/airflow/.local/lib/python3.8/site-packages/airflow/example_dags/example_sensor_decorator.py
[2023-11-13T08:09:54.307+0000] {processor.py:829} INFO - Processing file /home/airflow/.local/lib/python3.8/site-packages/airflow/example_dags/example_sensor_decorator.py for tasks to queue
[2023-11-13T08:09:54.308+0000] {logging_mixin.py:154} INFO - [2023-11-13T08:09:54.308+0000] {dagbag.py:536} INFO - Filling up the DagBag from /home/airflow/.local/lib/python3.8/site-packages/airflow/example_dags/example_sensor_decorator.py
[2023-11-13T08:09:54.413+0000] {processor.py:839} INFO - DAG(s) dict_keys(['example_sensor_decorator']) retrieved from /home/airflow/.local/lib/python3.8/site-packages/airflow/example_dags/example_sensor_decorator.py
[2023-11-13T08:09:54.426+0000] {logging_mixin.py:154} INFO - [2023-11-13T08:09:54.426+0000] {dag.py:2941} INFO - Sync 1 DAGs
[2023-11-13T08:09:54.433+0000] {logging_mixin.py:154} INFO - [2023-11-13T08:09:54.433+0000] {dag.py:3722} INFO - Setting next_dagrun for example_sensor_decorator to None, run_after=None
[2023-11-13T08:09:54.463+0000] {processor.py:179} INFO - Processing /home/airflow/.local/lib/python3.8/site-packages/airflow/example_dags/example_sensor_decorator.py took 0.169 seconds
[2023-11-13T08:10:24.797+0000] {processor.py:157} INFO - Started process (PID=1649) to work on /home/airflow/.local/lib/python3.8/site-packages/airflow/example_dags/example_sensor_decorator.py
[2023-11-13T08:10:24.798+0000] {processor.py:829} INFO - Processing file /home/airflow/.local/lib/python3.8/site-packages/airflow/example_dags/example_sensor_decorator.py for tasks to queue
[2023-11-13T08:10:24.799+0000] {logging_mixin.py:154} INFO - [2023-11-13T08:10:24.799+0000] {dagbag.py:536} INFO - Filling up the DagBag from /home/airflow/.local/lib/python3.8/site-packages/airflow/example_dags/example_sensor_decorator.py
[2023-11-13T08:10:24.803+0000] {processor.py:839} INFO - DAG(s) dict_keys(['example_sensor_decorator']) retrieved from /home/airflow/.local/lib/python3.8/site-packages/airflow/example_dags/example_sensor_decorator.py
[2023-11-13T08:10:24.817+0000] {logging_mixin.py:154} INFO - [2023-11-13T08:10:24.817+0000] {dag.py:2941} INFO - Sync 1 DAGs
[2023-11-13T08:10:24.827+0000] {logging_mixin.py:154} INFO - [2023-11-13T08:10:24.827+0000] {dag.py:3722} INFO - Setting next_dagrun for example_sensor_decorator to None, run_after=None
[2023-11-13T08:10:24.853+0000] {processor.py:179} INFO - Processing /home/airflow/.local/lib/python3.8/site-packages/airflow/example_dags/example_sensor_decorator.py took 0.058 seconds
[2023-11-13T08:10:54.973+0000] {processor.py:157} INFO - Started process (PID=1703) to work on /home/airflow/.local/lib/python3.8/site-packages/airflow/example_dags/example_sensor_decorator.py
[2023-11-13T08:10:54.987+0000] {processor.py:829} INFO - Processing file /home/airflow/.local/lib/python3.8/site-packages/airflow/example_dags/example_sensor_decorator.py for tasks to queue
[2023-11-13T08:10:54.989+0000] {logging_mixin.py:154} INFO - [2023-11-13T08:10:54.989+0000] {dagbag.py:536} INFO - Filling up the DagBag from /home/airflow/.local/lib/python3.8/site-packages/airflow/example_dags/example_sensor_decorator.py
[2023-11-13T08:10:54.993+0000] {processor.py:839} INFO - DAG(s) dict_keys(['example_sensor_decorator']) retrieved from /home/airflow/.local/lib/python3.8/site-packages/airflow/example_dags/example_sensor_decorator.py
[2023-11-13T08:10:55.008+0000] {logging_mixin.py:154} INFO - [2023-11-13T08:10:55.007+0000] {dag.py:2941} INFO - Sync 1 DAGs
[2023-11-13T08:10:55.017+0000] {logging_mixin.py:154} INFO - [2023-11-13T08:10:55.016+0000] {dag.py:3722} INFO - Setting next_dagrun for example_sensor_decorator to None, run_after=None
[2023-11-13T08:10:55.203+0000] {processor.py:179} INFO - Processing /home/airflow/.local/lib/python3.8/site-packages/airflow/example_dags/example_sensor_decorator.py took 0.232 seconds
[2023-11-13T08:11:26.150+0000] {processor.py:157} INFO - Started process (PID=1757) to work on /home/airflow/.local/lib/python3.8/site-packages/airflow/example_dags/example_sensor_decorator.py
[2023-11-13T08:11:26.150+0000] {processor.py:829} INFO - Processing file /home/airflow/.local/lib/python3.8/site-packages/airflow/example_dags/example_sensor_decorator.py for tasks to queue
[2023-11-13T08:11:26.152+0000] {logging_mixin.py:154} INFO - [2023-11-13T08:11:26.152+0000] {dagbag.py:536} INFO - Filling up the DagBag from /home/airflow/.local/lib/python3.8/site-packages/airflow/example_dags/example_sensor_decorator.py
[2023-11-13T08:11:26.156+0000] {processor.py:839} INFO - DAG(s) dict_keys(['example_sensor_decorator']) retrieved from /home/airflow/.local/lib/python3.8/site-packages/airflow/example_dags/example_sensor_decorator.py
[2023-11-13T08:11:26.169+0000] {logging_mixin.py:154} INFO - [2023-11-13T08:11:26.169+0000] {dag.py:2941} INFO - Sync 1 DAGs
[2023-11-13T08:11:26.178+0000] {logging_mixin.py:154} INFO - [2023-11-13T08:11:26.177+0000] {dag.py:3722} INFO - Setting next_dagrun for example_sensor_decorator to None, run_after=None
[2023-11-13T08:11:26.503+0000] {processor.py:179} INFO - Processing /home/airflow/.local/lib/python3.8/site-packages/airflow/example_dags/example_sensor_decorator.py took 0.356 seconds
[2023-11-13T08:11:57.281+0000] {processor.py:157} INFO - Started process (PID=1811) to work on /home/airflow/.local/lib/python3.8/site-packages/airflow/example_dags/example_sensor_decorator.py
[2023-11-13T08:11:57.290+0000] {processor.py:829} INFO - Processing file /home/airflow/.local/lib/python3.8/site-packages/airflow/example_dags/example_sensor_decorator.py for tasks to queue
[2023-11-13T08:11:57.291+0000] {logging_mixin.py:154} INFO - [2023-11-13T08:11:57.291+0000] {dagbag.py:536} INFO - Filling up the DagBag from /home/airflow/.local/lib/python3.8/site-packages/airflow/example_dags/example_sensor_decorator.py
[2023-11-13T08:11:57.295+0000] {processor.py:839} INFO - DAG(s) dict_keys(['example_sensor_decorator']) retrieved from /home/airflow/.local/lib/python3.8/site-packages/airflow/example_dags/example_sensor_decorator.py
[2023-11-13T08:11:57.309+0000] {logging_mixin.py:154} INFO - [2023-11-13T08:11:57.309+0000] {dag.py:2941} INFO - Sync 1 DAGs
[2023-11-13T08:11:57.318+0000] {logging_mixin.py:154} INFO - [2023-11-13T08:11:57.318+0000] {dag.py:3722} INFO - Setting next_dagrun for example_sensor_decorator to None, run_after=None
[2023-11-13T08:11:58.315+0000] {processor.py:179} INFO - Processing /home/airflow/.local/lib/python3.8/site-packages/airflow/example_dags/example_sensor_decorator.py took 1.036 seconds
[2023-11-13T08:12:28.959+0000] {processor.py:157} INFO - Started process (PID=1865) to work on /home/airflow/.local/lib/python3.8/site-packages/airflow/example_dags/example_sensor_decorator.py
[2023-11-13T08:12:28.960+0000] {processor.py:829} INFO - Processing file /home/airflow/.local/lib/python3.8/site-packages/airflow/example_dags/example_sensor_decorator.py for tasks to queue
[2023-11-13T08:12:28.961+0000] {logging_mixin.py:154} INFO - [2023-11-13T08:12:28.961+0000] {dagbag.py:536} INFO - Filling up the DagBag from /home/airflow/.local/lib/python3.8/site-packages/airflow/example_dags/example_sensor_decorator.py
[2023-11-13T08:12:28.965+0000] {processor.py:839} INFO - DAG(s) dict_keys(['example_sensor_decorator']) retrieved from /home/airflow/.local/lib/python3.8/site-packages/airflow/example_dags/example_sensor_decorator.py
[2023-11-13T08:12:28.979+0000] {logging_mixin.py:154} INFO - [2023-11-13T08:12:28.979+0000] {dag.py:2941} INFO - Sync 1 DAGs
[2023-11-13T08:12:28.988+0000] {logging_mixin.py:154} INFO - [2023-11-13T08:12:28.988+0000] {dag.py:3722} INFO - Setting next_dagrun for example_sensor_decorator to None, run_after=None
[2023-11-13T08:12:29.489+0000] {processor.py:179} INFO - Processing /home/airflow/.local/lib/python3.8/site-packages/airflow/example_dags/example_sensor_decorator.py took 0.532 seconds
[2023-11-13T08:12:59.614+0000] {processor.py:157} INFO - Started process (PID=1919) to work on /home/airflow/.local/lib/python3.8/site-packages/airflow/example_dags/example_sensor_decorator.py
[2023-11-13T08:12:59.622+0000] {processor.py:829} INFO - Processing file /home/airflow/.local/lib/python3.8/site-packages/airflow/example_dags/example_sensor_decorator.py for tasks to queue
[2023-11-13T08:12:59.624+0000] {logging_mixin.py:154} INFO - [2023-11-13T08:12:59.624+0000] {dagbag.py:536} INFO - Filling up the DagBag from /home/airflow/.local/lib/python3.8/site-packages/airflow/example_dags/example_sensor_decorator.py
[2023-11-13T08:12:59.628+0000] {processor.py:839} INFO - DAG(s) dict_keys(['example_sensor_decorator']) retrieved from /home/airflow/.local/lib/python3.8/site-packages/airflow/example_dags/example_sensor_decorator.py
[2023-11-13T08:12:59.642+0000] {logging_mixin.py:154} INFO - [2023-11-13T08:12:59.642+0000] {dag.py:2941} INFO - Sync 1 DAGs
[2023-11-13T08:12:59.651+0000] {logging_mixin.py:154} INFO - [2023-11-13T08:12:59.651+0000] {dag.py:3722} INFO - Setting next_dagrun for example_sensor_decorator to None, run_after=None
[2023-11-13T08:12:59.685+0000] {processor.py:179} INFO - Processing /home/airflow/.local/lib/python3.8/site-packages/airflow/example_dags/example_sensor_decorator.py took 0.073 seconds
[2023-11-13T08:13:29.706+0000] {processor.py:157} INFO - Started process (PID=1973) to work on /home/airflow/.local/lib/python3.8/site-packages/airflow/example_dags/example_sensor_decorator.py
[2023-11-13T08:13:29.707+0000] {processor.py:829} INFO - Processing file /home/airflow/.local/lib/python3.8/site-packages/airflow/example_dags/example_sensor_decorator.py for tasks to queue
[2023-11-13T08:13:29.709+0000] {logging_mixin.py:154} INFO - [2023-11-13T08:13:29.708+0000] {dagbag.py:536} INFO - Filling up the DagBag from /home/airflow/.local/lib/python3.8/site-packages/airflow/example_dags/example_sensor_decorator.py
[2023-11-13T08:13:29.713+0000] {processor.py:839} INFO - DAG(s) dict_keys(['example_sensor_decorator']) retrieved from /home/airflow/.local/lib/python3.8/site-packages/airflow/example_dags/example_sensor_decorator.py
[2023-11-13T08:13:29.729+0000] {logging_mixin.py:154} INFO - [2023-11-13T08:13:29.729+0000] {dag.py:2941} INFO - Sync 1 DAGs
[2023-11-13T08:13:29.738+0000] {logging_mixin.py:154} INFO - [2023-11-13T08:13:29.738+0000] {dag.py:3722} INFO - Setting next_dagrun for example_sensor_decorator to None, run_after=None
[2023-11-13T08:13:29.767+0000] {processor.py:179} INFO - Processing /home/airflow/.local/lib/python3.8/site-packages/airflow/example_dags/example_sensor_decorator.py took 0.063 seconds
[2023-11-13T08:13:59.918+0000] {processor.py:157} INFO - Started process (PID=2027) to work on /home/airflow/.local/lib/python3.8/site-packages/airflow/example_dags/example_sensor_decorator.py
[2023-11-13T08:13:59.933+0000] {processor.py:829} INFO - Processing file /home/airflow/.local/lib/python3.8/site-packages/airflow/example_dags/example_sensor_decorator.py for tasks to queue
[2023-11-13T08:13:59.935+0000] {logging_mixin.py:154} INFO - [2023-11-13T08:13:59.935+0000] {dagbag.py:536} INFO - Filling up the DagBag from /home/airflow/.local/lib/python3.8/site-packages/airflow/example_dags/example_sensor_decorator.py
[2023-11-13T08:13:59.939+0000] {processor.py:839} INFO - DAG(s) dict_keys(['example_sensor_decorator']) retrieved from /home/airflow/.local/lib/python3.8/site-packages/airflow/example_dags/example_sensor_decorator.py
[2023-11-13T08:13:59.953+0000] {logging_mixin.py:154} INFO - [2023-11-13T08:13:59.953+0000] {dag.py:2941} INFO - Sync 1 DAGs
[2023-11-13T08:13:59.962+0000] {logging_mixin.py:154} INFO - [2023-11-13T08:13:59.962+0000] {dag.py:3722} INFO - Setting next_dagrun for example_sensor_decorator to None, run_after=None
[2023-11-13T08:13:59.989+0000] {processor.py:179} INFO - Processing /home/airflow/.local/lib/python3.8/site-packages/airflow/example_dags/example_sensor_decorator.py took 0.074 seconds
[2023-11-13T08:14:33.113+0000] {processor.py:157} INFO - Started process (PID=2081) to work on /home/airflow/.local/lib/python3.8/site-packages/airflow/example_dags/example_sensor_decorator.py
[2023-11-13T08:14:33.114+0000] {processor.py:829} INFO - Processing file /home/airflow/.local/lib/python3.8/site-packages/airflow/example_dags/example_sensor_decorator.py for tasks to queue
[2023-11-13T08:14:33.116+0000] {logging_mixin.py:154} INFO - [2023-11-13T08:14:33.115+0000] {dagbag.py:536} INFO - Filling up the DagBag from /home/airflow/.local/lib/python3.8/site-packages/airflow/example_dags/example_sensor_decorator.py
[2023-11-13T08:14:33.120+0000] {processor.py:839} INFO - DAG(s) dict_keys(['example_sensor_decorator']) retrieved from /home/airflow/.local/lib/python3.8/site-packages/airflow/example_dags/example_sensor_decorator.py
[2023-11-13T08:14:33.135+0000] {logging_mixin.py:154} INFO - [2023-11-13T08:14:33.135+0000] {dag.py:2941} INFO - Sync 1 DAGs
[2023-11-13T08:14:33.144+0000] {logging_mixin.py:154} INFO - [2023-11-13T08:14:33.144+0000] {dag.py:3722} INFO - Setting next_dagrun for example_sensor_decorator to None, run_after=None
[2023-11-13T08:14:33.202+0000] {processor.py:179} INFO - Processing /home/airflow/.local/lib/python3.8/site-packages/airflow/example_dags/example_sensor_decorator.py took 0.092 seconds
[2023-11-13T08:15:03.805+0000] {processor.py:157} INFO - Started process (PID=2135) to work on /home/airflow/.local/lib/python3.8/site-packages/airflow/example_dags/example_sensor_decorator.py
[2023-11-13T08:15:03.820+0000] {processor.py:829} INFO - Processing file /home/airflow/.local/lib/python3.8/site-packages/airflow/example_dags/example_sensor_decorator.py for tasks to queue
[2023-11-13T08:15:03.822+0000] {logging_mixin.py:154} INFO - [2023-11-13T08:15:03.821+0000] {dagbag.py:536} INFO - Filling up the DagBag from /home/airflow/.local/lib/python3.8/site-packages/airflow/example_dags/example_sensor_decorator.py
[2023-11-13T08:15:03.826+0000] {processor.py:839} INFO - DAG(s) dict_keys(['example_sensor_decorator']) retrieved from /home/airflow/.local/lib/python3.8/site-packages/airflow/example_dags/example_sensor_decorator.py
[2023-11-13T08:15:03.840+0000] {logging_mixin.py:154} INFO - [2023-11-13T08:15:03.840+0000] {dag.py:2941} INFO - Sync 1 DAGs
[2023-11-13T08:15:03.849+0000] {logging_mixin.py:154} INFO - [2023-11-13T08:15:03.849+0000] {dag.py:3722} INFO - Setting next_dagrun for example_sensor_decorator to None, run_after=None
[2023-11-13T08:15:03.877+0000] {processor.py:179} INFO - Processing /home/airflow/.local/lib/python3.8/site-packages/airflow/example_dags/example_sensor_decorator.py took 0.074 seconds
[2023-11-13T08:15:35.355+0000] {processor.py:157} INFO - Started process (PID=2189) to work on /home/airflow/.local/lib/python3.8/site-packages/airflow/example_dags/example_sensor_decorator.py
[2023-11-13T08:15:35.365+0000] {processor.py:829} INFO - Processing file /home/airflow/.local/lib/python3.8/site-packages/airflow/example_dags/example_sensor_decorator.py for tasks to queue
[2023-11-13T08:15:35.366+0000] {logging_mixin.py:154} INFO - [2023-11-13T08:15:35.366+0000] {dagbag.py:536} INFO - Filling up the DagBag from /home/airflow/.local/lib/python3.8/site-packages/airflow/example_dags/example_sensor_decorator.py
[2023-11-13T08:15:35.370+0000] {processor.py:839} INFO - DAG(s) dict_keys(['example_sensor_decorator']) retrieved from /home/airflow/.local/lib/python3.8/site-packages/airflow/example_dags/example_sensor_decorator.py
[2023-11-13T08:15:35.384+0000] {logging_mixin.py:154} INFO - [2023-11-13T08:15:35.384+0000] {dag.py:2941} INFO - Sync 1 DAGs
[2023-11-13T08:15:35.393+0000] {logging_mixin.py:154} INFO - [2023-11-13T08:15:35.392+0000] {dag.py:3722} INFO - Setting next_dagrun for example_sensor_decorator to None, run_after=None
[2023-11-13T08:15:35.423+0000] {processor.py:179} INFO - Processing /home/airflow/.local/lib/python3.8/site-packages/airflow/example_dags/example_sensor_decorator.py took 0.070 seconds
[2023-11-13T08:16:07.751+0000] {processor.py:157} INFO - Started process (PID=2243) to work on /home/airflow/.local/lib/python3.8/site-packages/airflow/example_dags/example_sensor_decorator.py
[2023-11-13T08:16:07.752+0000] {processor.py:829} INFO - Processing file /home/airflow/.local/lib/python3.8/site-packages/airflow/example_dags/example_sensor_decorator.py for tasks to queue
[2023-11-13T08:16:07.753+0000] {logging_mixin.py:154} INFO - [2023-11-13T08:16:07.753+0000] {dagbag.py:536} INFO - Filling up the DagBag from /home/airflow/.local/lib/python3.8/site-packages/airflow/example_dags/example_sensor_decorator.py
[2023-11-13T08:16:07.758+0000] {processor.py:839} INFO - DAG(s) dict_keys(['example_sensor_decorator']) retrieved from /home/airflow/.local/lib/python3.8/site-packages/airflow/example_dags/example_sensor_decorator.py
[2023-11-13T08:16:07.774+0000] {logging_mixin.py:154} INFO - [2023-11-13T08:16:07.774+0000] {dag.py:2941} INFO - Sync 1 DAGs
[2023-11-13T08:16:07.783+0000] {logging_mixin.py:154} INFO - [2023-11-13T08:16:07.783+0000] {dag.py:3722} INFO - Setting next_dagrun for example_sensor_decorator to None, run_after=None
[2023-11-13T08:16:07.813+0000] {processor.py:179} INFO - Processing /home/airflow/.local/lib/python3.8/site-packages/airflow/example_dags/example_sensor_decorator.py took 0.064 seconds
[2023-11-13T08:16:37.837+0000] {processor.py:157} INFO - Started process (PID=2296) to work on /home/airflow/.local/lib/python3.8/site-packages/airflow/example_dags/example_sensor_decorator.py
[2023-11-13T08:16:37.860+0000] {processor.py:829} INFO - Processing file /home/airflow/.local/lib/python3.8/site-packages/airflow/example_dags/example_sensor_decorator.py for tasks to queue
[2023-11-13T08:16:37.862+0000] {logging_mixin.py:154} INFO - [2023-11-13T08:16:37.862+0000] {dagbag.py:536} INFO - Filling up the DagBag from /home/airflow/.local/lib/python3.8/site-packages/airflow/example_dags/example_sensor_decorator.py
[2023-11-13T08:16:37.866+0000] {processor.py:839} INFO - DAG(s) dict_keys(['example_sensor_decorator']) retrieved from /home/airflow/.local/lib/python3.8/site-packages/airflow/example_dags/example_sensor_decorator.py
[2023-11-13T08:16:37.880+0000] {logging_mixin.py:154} INFO - [2023-11-13T08:16:37.880+0000] {dag.py:2941} INFO - Sync 1 DAGs
[2023-11-13T08:16:37.888+0000] {logging_mixin.py:154} INFO - [2023-11-13T08:16:37.888+0000] {dag.py:3722} INFO - Setting next_dagrun for example_sensor_decorator to None, run_after=None
[2023-11-13T08:16:37.915+0000] {processor.py:179} INFO - Processing /home/airflow/.local/lib/python3.8/site-packages/airflow/example_dags/example_sensor_decorator.py took 0.080 seconds
[2023-11-13T08:17:08.528+0000] {processor.py:157} INFO - Started process (PID=2350) to work on /home/airflow/.local/lib/python3.8/site-packages/airflow/example_dags/example_sensor_decorator.py
[2023-11-13T08:17:08.529+0000] {processor.py:829} INFO - Processing file /home/airflow/.local/lib/python3.8/site-packages/airflow/example_dags/example_sensor_decorator.py for tasks to queue
[2023-11-13T08:17:08.530+0000] {logging_mixin.py:154} INFO - [2023-11-13T08:17:08.530+0000] {dagbag.py:536} INFO - Filling up the DagBag from /home/airflow/.local/lib/python3.8/site-packages/airflow/example_dags/example_sensor_decorator.py
[2023-11-13T08:17:08.534+0000] {processor.py:839} INFO - DAG(s) dict_keys(['example_sensor_decorator']) retrieved from /home/airflow/.local/lib/python3.8/site-packages/airflow/example_dags/example_sensor_decorator.py
[2023-11-13T08:17:08.548+0000] {logging_mixin.py:154} INFO - [2023-11-13T08:17:08.548+0000] {dag.py:2941} INFO - Sync 1 DAGs
[2023-11-13T08:17:08.557+0000] {logging_mixin.py:154} INFO - [2023-11-13T08:17:08.557+0000] {dag.py:3722} INFO - Setting next_dagrun for example_sensor_decorator to None, run_after=None
[2023-11-13T08:17:09.017+0000] {processor.py:179} INFO - Processing /home/airflow/.local/lib/python3.8/site-packages/airflow/example_dags/example_sensor_decorator.py took 0.491 seconds
[2023-11-13T08:17:40.178+0000] {processor.py:157} INFO - Started process (PID=2405) to work on /home/airflow/.local/lib/python3.8/site-packages/airflow/example_dags/example_sensor_decorator.py
[2023-11-13T08:17:40.180+0000] {processor.py:829} INFO - Processing file /home/airflow/.local/lib/python3.8/site-packages/airflow/example_dags/example_sensor_decorator.py for tasks to queue
[2023-11-13T08:17:40.181+0000] {logging_mixin.py:154} INFO - [2023-11-13T08:17:40.181+0000] {dagbag.py:536} INFO - Filling up the DagBag from /home/airflow/.local/lib/python3.8/site-packages/airflow/example_dags/example_sensor_decorator.py
[2023-11-13T08:17:40.186+0000] {processor.py:839} INFO - DAG(s) dict_keys(['example_sensor_decorator']) retrieved from /home/airflow/.local/lib/python3.8/site-packages/airflow/example_dags/example_sensor_decorator.py
[2023-11-13T08:17:40.200+0000] {logging_mixin.py:154} INFO - [2023-11-13T08:17:40.199+0000] {dag.py:2941} INFO - Sync 1 DAGs
[2023-11-13T08:17:40.209+0000] {logging_mixin.py:154} INFO - [2023-11-13T08:17:40.208+0000] {dag.py:3722} INFO - Setting next_dagrun for example_sensor_decorator to None, run_after=None
[2023-11-13T08:17:40.265+0000] {processor.py:179} INFO - Processing /home/airflow/.local/lib/python3.8/site-packages/airflow/example_dags/example_sensor_decorator.py took 0.090 seconds
[2023-11-13T08:18:11.499+0000] {processor.py:157} INFO - Started process (PID=2459) to work on /home/airflow/.local/lib/python3.8/site-packages/airflow/example_dags/example_sensor_decorator.py
[2023-11-13T08:18:11.500+0000] {processor.py:829} INFO - Processing file /home/airflow/.local/lib/python3.8/site-packages/airflow/example_dags/example_sensor_decorator.py for tasks to queue
[2023-11-13T08:18:11.501+0000] {logging_mixin.py:154} INFO - [2023-11-13T08:18:11.501+0000] {dagbag.py:536} INFO - Filling up the DagBag from /home/airflow/.local/lib/python3.8/site-packages/airflow/example_dags/example_sensor_decorator.py
[2023-11-13T08:18:11.506+0000] {processor.py:839} INFO - DAG(s) dict_keys(['example_sensor_decorator']) retrieved from /home/airflow/.local/lib/python3.8/site-packages/airflow/example_dags/example_sensor_decorator.py
[2023-11-13T08:18:11.520+0000] {logging_mixin.py:154} INFO - [2023-11-13T08:18:11.520+0000] {dag.py:2941} INFO - Sync 1 DAGs
[2023-11-13T08:18:11.529+0000] {logging_mixin.py:154} INFO - [2023-11-13T08:18:11.529+0000] {dag.py:3722} INFO - Setting next_dagrun for example_sensor_decorator to None, run_after=None
[2023-11-13T08:18:11.561+0000] {processor.py:179} INFO - Processing /home/airflow/.local/lib/python3.8/site-packages/airflow/example_dags/example_sensor_decorator.py took 0.064 seconds
[2023-11-13T08:18:44.277+0000] {processor.py:157} INFO - Started process (PID=2513) to work on /home/airflow/.local/lib/python3.8/site-packages/airflow/example_dags/example_sensor_decorator.py
[2023-11-13T08:18:44.448+0000] {processor.py:829} INFO - Processing file /home/airflow/.local/lib/python3.8/site-packages/airflow/example_dags/example_sensor_decorator.py for tasks to queue
[2023-11-13T08:18:44.452+0000] {logging_mixin.py:154} INFO - [2023-11-13T08:18:44.452+0000] {dagbag.py:536} INFO - Filling up the DagBag from /home/airflow/.local/lib/python3.8/site-packages/airflow/example_dags/example_sensor_decorator.py
[2023-11-13T08:18:44.461+0000] {processor.py:839} INFO - DAG(s) dict_keys(['example_sensor_decorator']) retrieved from /home/airflow/.local/lib/python3.8/site-packages/airflow/example_dags/example_sensor_decorator.py
[2023-11-13T08:18:44.479+0000] {logging_mixin.py:154} INFO - [2023-11-13T08:18:44.479+0000] {dag.py:2941} INFO - Sync 1 DAGs
[2023-11-13T08:18:44.488+0000] {logging_mixin.py:154} INFO - [2023-11-13T08:18:44.488+0000] {dag.py:3722} INFO - Setting next_dagrun for example_sensor_decorator to None, run_after=None
[2023-11-13T08:18:44.597+0000] {processor.py:179} INFO - Processing /home/airflow/.local/lib/python3.8/site-packages/airflow/example_dags/example_sensor_decorator.py took 0.322 seconds
[2023-11-13T08:19:15.611+0000] {processor.py:157} INFO - Started process (PID=2567) to work on /home/airflow/.local/lib/python3.8/site-packages/airflow/example_dags/example_sensor_decorator.py
[2023-11-13T08:19:15.762+0000] {processor.py:829} INFO - Processing file /home/airflow/.local/lib/python3.8/site-packages/airflow/example_dags/example_sensor_decorator.py for tasks to queue
[2023-11-13T08:19:15.769+0000] {logging_mixin.py:154} INFO - [2023-11-13T08:19:15.768+0000] {dagbag.py:536} INFO - Filling up the DagBag from /home/airflow/.local/lib/python3.8/site-packages/airflow/example_dags/example_sensor_decorator.py
[2023-11-13T08:19:15.784+0000] {processor.py:839} INFO - DAG(s) dict_keys(['example_sensor_decorator']) retrieved from /home/airflow/.local/lib/python3.8/site-packages/airflow/example_dags/example_sensor_decorator.py
[2023-11-13T08:19:15.810+0000] {logging_mixin.py:154} INFO - [2023-11-13T08:19:15.810+0000] {dag.py:2941} INFO - Sync 1 DAGs
[2023-11-13T08:19:15.823+0000] {logging_mixin.py:154} INFO - [2023-11-13T08:19:15.823+0000] {dag.py:3722} INFO - Setting next_dagrun for example_sensor_decorator to None, run_after=None
[2023-11-13T08:19:16.204+0000] {processor.py:179} INFO - Processing /home/airflow/.local/lib/python3.8/site-packages/airflow/example_dags/example_sensor_decorator.py took 0.595 seconds
[2023-11-13T08:19:46.301+0000] {processor.py:157} INFO - Started process (PID=2621) to work on /home/airflow/.local/lib/python3.8/site-packages/airflow/example_dags/example_sensor_decorator.py
[2023-11-13T08:19:46.313+0000] {processor.py:829} INFO - Processing file /home/airflow/.local/lib/python3.8/site-packages/airflow/example_dags/example_sensor_decorator.py for tasks to queue
[2023-11-13T08:19:46.314+0000] {logging_mixin.py:154} INFO - [2023-11-13T08:19:46.314+0000] {dagbag.py:536} INFO - Filling up the DagBag from /home/airflow/.local/lib/python3.8/site-packages/airflow/example_dags/example_sensor_decorator.py
[2023-11-13T08:19:46.318+0000] {processor.py:839} INFO - DAG(s) dict_keys(['example_sensor_decorator']) retrieved from /home/airflow/.local/lib/python3.8/site-packages/airflow/example_dags/example_sensor_decorator.py
[2023-11-13T08:19:46.332+0000] {logging_mixin.py:154} INFO - [2023-11-13T08:19:46.332+0000] {dag.py:2941} INFO - Sync 1 DAGs
[2023-11-13T08:19:46.341+0000] {logging_mixin.py:154} INFO - [2023-11-13T08:19:46.341+0000] {dag.py:3722} INFO - Setting next_dagrun for example_sensor_decorator to None, run_after=None
[2023-11-13T08:19:46.374+0000] {processor.py:179} INFO - Processing /home/airflow/.local/lib/python3.8/site-packages/airflow/example_dags/example_sensor_decorator.py took 0.075 seconds
[2023-11-13T08:20:17.979+0000] {processor.py:157} INFO - Started process (PID=2675) to work on /home/airflow/.local/lib/python3.8/site-packages/airflow/example_dags/example_sensor_decorator.py
[2023-11-13T08:20:17.979+0000] {processor.py:829} INFO - Processing file /home/airflow/.local/lib/python3.8/site-packages/airflow/example_dags/example_sensor_decorator.py for tasks to queue
[2023-11-13T08:20:17.981+0000] {logging_mixin.py:154} INFO - [2023-11-13T08:20:17.981+0000] {dagbag.py:536} INFO - Filling up the DagBag from /home/airflow/.local/lib/python3.8/site-packages/airflow/example_dags/example_sensor_decorator.py
[2023-11-13T08:20:17.985+0000] {processor.py:839} INFO - DAG(s) dict_keys(['example_sensor_decorator']) retrieved from /home/airflow/.local/lib/python3.8/site-packages/airflow/example_dags/example_sensor_decorator.py
[2023-11-13T08:20:17.999+0000] {logging_mixin.py:154} INFO - [2023-11-13T08:20:17.999+0000] {dag.py:2941} INFO - Sync 1 DAGs
[2023-11-13T08:20:18.007+0000] {logging_mixin.py:154} INFO - [2023-11-13T08:20:18.007+0000] {dag.py:3722} INFO - Setting next_dagrun for example_sensor_decorator to None, run_after=None
[2023-11-13T08:20:18.039+0000] {processor.py:179} INFO - Processing /home/airflow/.local/lib/python3.8/site-packages/airflow/example_dags/example_sensor_decorator.py took 0.063 seconds
[2023-11-13T08:20:50.920+0000] {processor.py:157} INFO - Started process (PID=2736) to work on /home/airflow/.local/lib/python3.8/site-packages/airflow/example_dags/example_sensor_decorator.py
[2023-11-13T08:20:50.937+0000] {processor.py:829} INFO - Processing file /home/airflow/.local/lib/python3.8/site-packages/airflow/example_dags/example_sensor_decorator.py for tasks to queue
[2023-11-13T08:20:50.939+0000] {logging_mixin.py:154} INFO - [2023-11-13T08:20:50.939+0000] {dagbag.py:536} INFO - Filling up the DagBag from /home/airflow/.local/lib/python3.8/site-packages/airflow/example_dags/example_sensor_decorator.py
[2023-11-13T08:20:50.944+0000] {processor.py:839} INFO - DAG(s) dict_keys(['example_sensor_decorator']) retrieved from /home/airflow/.local/lib/python3.8/site-packages/airflow/example_dags/example_sensor_decorator.py
[2023-11-13T08:20:50.962+0000] {logging_mixin.py:154} INFO - [2023-11-13T08:20:50.961+0000] {dag.py:2941} INFO - Sync 1 DAGs
[2023-11-13T08:20:50.972+0000] {logging_mixin.py:154} INFO - [2023-11-13T08:20:50.972+0000] {dag.py:3722} INFO - Setting next_dagrun for example_sensor_decorator to None, run_after=None
[2023-11-13T08:20:51.012+0000] {processor.py:179} INFO - Processing /home/airflow/.local/lib/python3.8/site-packages/airflow/example_dags/example_sensor_decorator.py took 0.094 seconds
[2023-11-13T08:21:21.677+0000] {processor.py:157} INFO - Started process (PID=2790) to work on /home/airflow/.local/lib/python3.8/site-packages/airflow/example_dags/example_sensor_decorator.py
[2023-11-13T08:21:21.678+0000] {processor.py:829} INFO - Processing file /home/airflow/.local/lib/python3.8/site-packages/airflow/example_dags/example_sensor_decorator.py for tasks to queue
[2023-11-13T08:21:21.680+0000] {logging_mixin.py:154} INFO - [2023-11-13T08:21:21.679+0000] {dagbag.py:536} INFO - Filling up the DagBag from /home/airflow/.local/lib/python3.8/site-packages/airflow/example_dags/example_sensor_decorator.py
[2023-11-13T08:21:21.684+0000] {processor.py:839} INFO - DAG(s) dict_keys(['example_sensor_decorator']) retrieved from /home/airflow/.local/lib/python3.8/site-packages/airflow/example_dags/example_sensor_decorator.py
[2023-11-13T08:21:21.698+0000] {logging_mixin.py:154} INFO - [2023-11-13T08:21:21.698+0000] {dag.py:2941} INFO - Sync 1 DAGs
[2023-11-13T08:21:21.707+0000] {logging_mixin.py:154} INFO - [2023-11-13T08:21:21.707+0000] {dag.py:3722} INFO - Setting next_dagrun for example_sensor_decorator to None, run_after=None
[2023-11-13T08:21:21.740+0000] {processor.py:179} INFO - Processing /home/airflow/.local/lib/python3.8/site-packages/airflow/example_dags/example_sensor_decorator.py took 0.065 seconds
[2023-11-13T08:21:52.469+0000] {processor.py:157} INFO - Started process (PID=2844) to work on /home/airflow/.local/lib/python3.8/site-packages/airflow/example_dags/example_sensor_decorator.py
[2023-11-13T08:21:52.487+0000] {processor.py:829} INFO - Processing file /home/airflow/.local/lib/python3.8/site-packages/airflow/example_dags/example_sensor_decorator.py for tasks to queue
[2023-11-13T08:21:52.489+0000] {logging_mixin.py:154} INFO - [2023-11-13T08:21:52.489+0000] {dagbag.py:536} INFO - Filling up the DagBag from /home/airflow/.local/lib/python3.8/site-packages/airflow/example_dags/example_sensor_decorator.py
[2023-11-13T08:21:52.493+0000] {processor.py:839} INFO - DAG(s) dict_keys(['example_sensor_decorator']) retrieved from /home/airflow/.local/lib/python3.8/site-packages/airflow/example_dags/example_sensor_decorator.py
[2023-11-13T08:21:52.508+0000] {logging_mixin.py:154} INFO - [2023-11-13T08:21:52.507+0000] {dag.py:2941} INFO - Sync 1 DAGs
[2023-11-13T08:21:52.517+0000] {logging_mixin.py:154} INFO - [2023-11-13T08:21:52.516+0000] {dag.py:3722} INFO - Setting next_dagrun for example_sensor_decorator to None, run_after=None
[2023-11-13T08:21:52.568+0000] {processor.py:179} INFO - Processing /home/airflow/.local/lib/python3.8/site-packages/airflow/example_dags/example_sensor_decorator.py took 0.101 seconds
[2023-11-13T08:22:23.109+0000] {processor.py:157} INFO - Started process (PID=2898) to work on /home/airflow/.local/lib/python3.8/site-packages/airflow/example_dags/example_sensor_decorator.py
[2023-11-13T08:22:23.110+0000] {processor.py:829} INFO - Processing file /home/airflow/.local/lib/python3.8/site-packages/airflow/example_dags/example_sensor_decorator.py for tasks to queue
[2023-11-13T08:22:23.114+0000] {logging_mixin.py:154} INFO - [2023-11-13T08:22:23.113+0000] {dagbag.py:536} INFO - Filling up the DagBag from /home/airflow/.local/lib/python3.8/site-packages/airflow/example_dags/example_sensor_decorator.py
[2023-11-13T08:22:23.122+0000] {processor.py:839} INFO - DAG(s) dict_keys(['example_sensor_decorator']) retrieved from /home/airflow/.local/lib/python3.8/site-packages/airflow/example_dags/example_sensor_decorator.py
[2023-11-13T08:22:23.140+0000] {logging_mixin.py:154} INFO - [2023-11-13T08:22:23.140+0000] {dag.py:2941} INFO - Sync 1 DAGs
[2023-11-13T08:22:23.149+0000] {logging_mixin.py:154} INFO - [2023-11-13T08:22:23.149+0000] {dag.py:3722} INFO - Setting next_dagrun for example_sensor_decorator to None, run_after=None
[2023-11-13T08:22:23.321+0000] {processor.py:179} INFO - Processing /home/airflow/.local/lib/python3.8/site-packages/airflow/example_dags/example_sensor_decorator.py took 0.218 seconds
[2023-11-13T08:22:54.958+0000] {processor.py:157} INFO - Started process (PID=2952) to work on /home/airflow/.local/lib/python3.8/site-packages/airflow/example_dags/example_sensor_decorator.py
[2023-11-13T08:22:54.968+0000] {processor.py:829} INFO - Processing file /home/airflow/.local/lib/python3.8/site-packages/airflow/example_dags/example_sensor_decorator.py for tasks to queue
[2023-11-13T08:22:54.969+0000] {logging_mixin.py:154} INFO - [2023-11-13T08:22:54.969+0000] {dagbag.py:536} INFO - Filling up the DagBag from /home/airflow/.local/lib/python3.8/site-packages/airflow/example_dags/example_sensor_decorator.py
[2023-11-13T08:22:54.973+0000] {processor.py:839} INFO - DAG(s) dict_keys(['example_sensor_decorator']) retrieved from /home/airflow/.local/lib/python3.8/site-packages/airflow/example_dags/example_sensor_decorator.py
[2023-11-13T08:22:54.987+0000] {logging_mixin.py:154} INFO - [2023-11-13T08:22:54.987+0000] {dag.py:2941} INFO - Sync 1 DAGs
[2023-11-13T08:22:54.996+0000] {logging_mixin.py:154} INFO - [2023-11-13T08:22:54.996+0000] {dag.py:3722} INFO - Setting next_dagrun for example_sensor_decorator to None, run_after=None
[2023-11-13T08:22:55.031+0000] {processor.py:179} INFO - Processing /home/airflow/.local/lib/python3.8/site-packages/airflow/example_dags/example_sensor_decorator.py took 0.075 seconds
[2023-11-13T08:23:26.037+0000] {processor.py:157} INFO - Started process (PID=3006) to work on /home/airflow/.local/lib/python3.8/site-packages/airflow/example_dags/example_sensor_decorator.py
[2023-11-13T08:23:26.037+0000] {processor.py:829} INFO - Processing file /home/airflow/.local/lib/python3.8/site-packages/airflow/example_dags/example_sensor_decorator.py for tasks to queue
[2023-11-13T08:23:26.039+0000] {logging_mixin.py:154} INFO - [2023-11-13T08:23:26.038+0000] {dagbag.py:536} INFO - Filling up the DagBag from /home/airflow/.local/lib/python3.8/site-packages/airflow/example_dags/example_sensor_decorator.py
[2023-11-13T08:23:26.043+0000] {processor.py:839} INFO - DAG(s) dict_keys(['example_sensor_decorator']) retrieved from /home/airflow/.local/lib/python3.8/site-packages/airflow/example_dags/example_sensor_decorator.py
[2023-11-13T08:23:26.057+0000] {logging_mixin.py:154} INFO - [2023-11-13T08:23:26.057+0000] {dag.py:2941} INFO - Sync 1 DAGs
[2023-11-13T08:23:26.065+0000] {logging_mixin.py:154} INFO - [2023-11-13T08:23:26.065+0000] {dag.py:3722} INFO - Setting next_dagrun for example_sensor_decorator to None, run_after=None
[2023-11-13T08:23:26.103+0000] {processor.py:179} INFO - Processing /home/airflow/.local/lib/python3.8/site-packages/airflow/example_dags/example_sensor_decorator.py took 0.069 seconds
[2023-11-13T08:23:57.885+0000] {processor.py:157} INFO - Started process (PID=3060) to work on /home/airflow/.local/lib/python3.8/site-packages/airflow/example_dags/example_sensor_decorator.py
[2023-11-13T08:23:57.898+0000] {processor.py:829} INFO - Processing file /home/airflow/.local/lib/python3.8/site-packages/airflow/example_dags/example_sensor_decorator.py for tasks to queue
[2023-11-13T08:23:57.900+0000] {logging_mixin.py:154} INFO - [2023-11-13T08:23:57.899+0000] {dagbag.py:536} INFO - Filling up the DagBag from /home/airflow/.local/lib/python3.8/site-packages/airflow/example_dags/example_sensor_decorator.py
[2023-11-13T08:23:57.904+0000] {processor.py:839} INFO - DAG(s) dict_keys(['example_sensor_decorator']) retrieved from /home/airflow/.local/lib/python3.8/site-packages/airflow/example_dags/example_sensor_decorator.py
[2023-11-13T08:23:57.919+0000] {logging_mixin.py:154} INFO - [2023-11-13T08:23:57.919+0000] {dag.py:2941} INFO - Sync 1 DAGs
[2023-11-13T08:23:57.929+0000] {logging_mixin.py:154} INFO - [2023-11-13T08:23:57.929+0000] {dag.py:3722} INFO - Setting next_dagrun for example_sensor_decorator to None, run_after=None
[2023-11-13T08:23:57.960+0000] {processor.py:179} INFO - Processing /home/airflow/.local/lib/python3.8/site-packages/airflow/example_dags/example_sensor_decorator.py took 0.078 seconds
[2023-11-13T08:24:28.456+0000] {processor.py:157} INFO - Started process (PID=3114) to work on /home/airflow/.local/lib/python3.8/site-packages/airflow/example_dags/example_sensor_decorator.py
[2023-11-13T08:24:28.457+0000] {processor.py:829} INFO - Processing file /home/airflow/.local/lib/python3.8/site-packages/airflow/example_dags/example_sensor_decorator.py for tasks to queue
[2023-11-13T08:24:28.458+0000] {logging_mixin.py:154} INFO - [2023-11-13T08:24:28.458+0000] {dagbag.py:536} INFO - Filling up the DagBag from /home/airflow/.local/lib/python3.8/site-packages/airflow/example_dags/example_sensor_decorator.py
[2023-11-13T08:24:28.462+0000] {processor.py:839} INFO - DAG(s) dict_keys(['example_sensor_decorator']) retrieved from /home/airflow/.local/lib/python3.8/site-packages/airflow/example_dags/example_sensor_decorator.py
[2023-11-13T08:24:28.477+0000] {logging_mixin.py:154} INFO - [2023-11-13T08:24:28.476+0000] {dag.py:2941} INFO - Sync 1 DAGs
[2023-11-13T08:24:28.485+0000] {logging_mixin.py:154} INFO - [2023-11-13T08:24:28.485+0000] {dag.py:3722} INFO - Setting next_dagrun for example_sensor_decorator to None, run_after=None
[2023-11-13T08:24:28.517+0000] {processor.py:179} INFO - Processing /home/airflow/.local/lib/python3.8/site-packages/airflow/example_dags/example_sensor_decorator.py took 0.063 seconds
[2023-11-13T08:24:59.511+0000] {processor.py:157} INFO - Started process (PID=3168) to work on /home/airflow/.local/lib/python3.8/site-packages/airflow/example_dags/example_sensor_decorator.py
[2023-11-13T08:24:59.512+0000] {processor.py:829} INFO - Processing file /home/airflow/.local/lib/python3.8/site-packages/airflow/example_dags/example_sensor_decorator.py for tasks to queue
[2023-11-13T08:24:59.514+0000] {logging_mixin.py:154} INFO - [2023-11-13T08:24:59.514+0000] {dagbag.py:536} INFO - Filling up the DagBag from /home/airflow/.local/lib/python3.8/site-packages/airflow/example_dags/example_sensor_decorator.py
[2023-11-13T08:24:59.518+0000] {processor.py:839} INFO - DAG(s) dict_keys(['example_sensor_decorator']) retrieved from /home/airflow/.local/lib/python3.8/site-packages/airflow/example_dags/example_sensor_decorator.py
[2023-11-13T08:24:59.533+0000] {logging_mixin.py:154} INFO - [2023-11-13T08:24:59.533+0000] {dag.py:2941} INFO - Sync 1 DAGs
[2023-11-13T08:24:59.542+0000] {logging_mixin.py:154} INFO - [2023-11-13T08:24:59.541+0000] {dag.py:3722} INFO - Setting next_dagrun for example_sensor_decorator to None, run_after=None
[2023-11-13T08:24:59.568+0000] {processor.py:179} INFO - Processing /home/airflow/.local/lib/python3.8/site-packages/airflow/example_dags/example_sensor_decorator.py took 0.059 seconds
[2023-11-13T08:25:30.611+0000] {processor.py:157} INFO - Started process (PID=3222) to work on /home/airflow/.local/lib/python3.8/site-packages/airflow/example_dags/example_sensor_decorator.py
[2023-11-13T08:25:30.612+0000] {processor.py:829} INFO - Processing file /home/airflow/.local/lib/python3.8/site-packages/airflow/example_dags/example_sensor_decorator.py for tasks to queue
[2023-11-13T08:25:30.614+0000] {logging_mixin.py:154} INFO - [2023-11-13T08:25:30.614+0000] {dagbag.py:536} INFO - Filling up the DagBag from /home/airflow/.local/lib/python3.8/site-packages/airflow/example_dags/example_sensor_decorator.py
[2023-11-13T08:25:30.618+0000] {processor.py:839} INFO - DAG(s) dict_keys(['example_sensor_decorator']) retrieved from /home/airflow/.local/lib/python3.8/site-packages/airflow/example_dags/example_sensor_decorator.py
[2023-11-13T08:25:30.635+0000] {logging_mixin.py:154} INFO - [2023-11-13T08:25:30.635+0000] {dag.py:2941} INFO - Sync 1 DAGs
[2023-11-13T08:25:30.646+0000] {logging_mixin.py:154} INFO - [2023-11-13T08:25:30.646+0000] {dag.py:3722} INFO - Setting next_dagrun for example_sensor_decorator to None, run_after=None
[2023-11-13T08:25:30.961+0000] {processor.py:179} INFO - Processing /home/airflow/.local/lib/python3.8/site-packages/airflow/example_dags/example_sensor_decorator.py took 0.353 seconds
[2023-11-13T08:26:01.183+0000] {processor.py:157} INFO - Started process (PID=3276) to work on /home/airflow/.local/lib/python3.8/site-packages/airflow/example_dags/example_sensor_decorator.py
[2023-11-13T08:26:01.184+0000] {processor.py:829} INFO - Processing file /home/airflow/.local/lib/python3.8/site-packages/airflow/example_dags/example_sensor_decorator.py for tasks to queue
[2023-11-13T08:26:01.185+0000] {logging_mixin.py:154} INFO - [2023-11-13T08:26:01.185+0000] {dagbag.py:536} INFO - Filling up the DagBag from /home/airflow/.local/lib/python3.8/site-packages/airflow/example_dags/example_sensor_decorator.py
[2023-11-13T08:26:01.189+0000] {processor.py:839} INFO - DAG(s) dict_keys(['example_sensor_decorator']) retrieved from /home/airflow/.local/lib/python3.8/site-packages/airflow/example_dags/example_sensor_decorator.py
[2023-11-13T08:26:01.203+0000] {logging_mixin.py:154} INFO - [2023-11-13T08:26:01.203+0000] {dag.py:2941} INFO - Sync 1 DAGs
[2023-11-13T08:26:01.212+0000] {logging_mixin.py:154} INFO - [2023-11-13T08:26:01.212+0000] {dag.py:3722} INFO - Setting next_dagrun for example_sensor_decorator to None, run_after=None
[2023-11-13T08:26:01.244+0000] {processor.py:179} INFO - Processing /home/airflow/.local/lib/python3.8/site-packages/airflow/example_dags/example_sensor_decorator.py took 0.063 seconds
[2023-11-13T08:26:32.051+0000] {processor.py:157} INFO - Started process (PID=3330) to work on /home/airflow/.local/lib/python3.8/site-packages/airflow/example_dags/example_sensor_decorator.py
[2023-11-13T08:26:32.052+0000] {processor.py:829} INFO - Processing file /home/airflow/.local/lib/python3.8/site-packages/airflow/example_dags/example_sensor_decorator.py for tasks to queue
[2023-11-13T08:26:32.054+0000] {logging_mixin.py:154} INFO - [2023-11-13T08:26:32.054+0000] {dagbag.py:536} INFO - Filling up the DagBag from /home/airflow/.local/lib/python3.8/site-packages/airflow/example_dags/example_sensor_decorator.py
[2023-11-13T08:26:32.059+0000] {processor.py:839} INFO - DAG(s) dict_keys(['example_sensor_decorator']) retrieved from /home/airflow/.local/lib/python3.8/site-packages/airflow/example_dags/example_sensor_decorator.py
[2023-11-13T08:26:32.074+0000] {logging_mixin.py:154} INFO - [2023-11-13T08:26:32.074+0000] {dag.py:2941} INFO - Sync 1 DAGs
[2023-11-13T08:26:32.083+0000] {logging_mixin.py:154} INFO - [2023-11-13T08:26:32.083+0000] {dag.py:3722} INFO - Setting next_dagrun for example_sensor_decorator to None, run_after=None
[2023-11-13T08:26:32.111+0000] {processor.py:179} INFO - Processing /home/airflow/.local/lib/python3.8/site-packages/airflow/example_dags/example_sensor_decorator.py took 0.062 seconds
[2023-11-13T08:27:02.194+0000] {processor.py:157} INFO - Started process (PID=3384) to work on /home/airflow/.local/lib/python3.8/site-packages/airflow/example_dags/example_sensor_decorator.py
[2023-11-13T08:27:02.194+0000] {processor.py:829} INFO - Processing file /home/airflow/.local/lib/python3.8/site-packages/airflow/example_dags/example_sensor_decorator.py for tasks to queue
[2023-11-13T08:27:02.196+0000] {logging_mixin.py:154} INFO - [2023-11-13T08:27:02.195+0000] {dagbag.py:536} INFO - Filling up the DagBag from /home/airflow/.local/lib/python3.8/site-packages/airflow/example_dags/example_sensor_decorator.py
[2023-11-13T08:27:02.200+0000] {processor.py:839} INFO - DAG(s) dict_keys(['example_sensor_decorator']) retrieved from /home/airflow/.local/lib/python3.8/site-packages/airflow/example_dags/example_sensor_decorator.py
[2023-11-13T08:27:02.214+0000] {logging_mixin.py:154} INFO - [2023-11-13T08:27:02.214+0000] {dag.py:2941} INFO - Sync 1 DAGs
[2023-11-13T08:27:02.224+0000] {logging_mixin.py:154} INFO - [2023-11-13T08:27:02.223+0000] {dag.py:3722} INFO - Setting next_dagrun for example_sensor_decorator to None, run_after=None
[2023-11-13T08:27:02.320+0000] {processor.py:179} INFO - Processing /home/airflow/.local/lib/python3.8/site-packages/airflow/example_dags/example_sensor_decorator.py took 0.129 seconds
[2023-11-13T08:27:32.580+0000] {processor.py:157} INFO - Started process (PID=3438) to work on /home/airflow/.local/lib/python3.8/site-packages/airflow/example_dags/example_sensor_decorator.py
[2023-11-13T08:27:32.604+0000] {processor.py:829} INFO - Processing file /home/airflow/.local/lib/python3.8/site-packages/airflow/example_dags/example_sensor_decorator.py for tasks to queue
[2023-11-13T08:27:32.607+0000] {logging_mixin.py:154} INFO - [2023-11-13T08:27:32.606+0000] {dagbag.py:536} INFO - Filling up the DagBag from /home/airflow/.local/lib/python3.8/site-packages/airflow/example_dags/example_sensor_decorator.py
[2023-11-13T08:27:32.612+0000] {processor.py:839} INFO - DAG(s) dict_keys(['example_sensor_decorator']) retrieved from /home/airflow/.local/lib/python3.8/site-packages/airflow/example_dags/example_sensor_decorator.py
[2023-11-13T08:27:32.632+0000] {logging_mixin.py:154} INFO - [2023-11-13T08:27:32.632+0000] {dag.py:2941} INFO - Sync 1 DAGs
[2023-11-13T08:27:32.643+0000] {logging_mixin.py:154} INFO - [2023-11-13T08:27:32.643+0000] {dag.py:3722} INFO - Setting next_dagrun for example_sensor_decorator to None, run_after=None
[2023-11-13T08:27:32.690+0000] {processor.py:179} INFO - Processing /home/airflow/.local/lib/python3.8/site-packages/airflow/example_dags/example_sensor_decorator.py took 0.114 seconds
[2023-11-13T08:28:04.895+0000] {processor.py:157} INFO - Started process (PID=3492) to work on /home/airflow/.local/lib/python3.8/site-packages/airflow/example_dags/example_sensor_decorator.py
[2023-11-13T08:28:04.895+0000] {processor.py:829} INFO - Processing file /home/airflow/.local/lib/python3.8/site-packages/airflow/example_dags/example_sensor_decorator.py for tasks to queue
[2023-11-13T08:28:04.897+0000] {logging_mixin.py:154} INFO - [2023-11-13T08:28:04.897+0000] {dagbag.py:536} INFO - Filling up the DagBag from /home/airflow/.local/lib/python3.8/site-packages/airflow/example_dags/example_sensor_decorator.py
[2023-11-13T08:28:04.901+0000] {processor.py:839} INFO - DAG(s) dict_keys(['example_sensor_decorator']) retrieved from /home/airflow/.local/lib/python3.8/site-packages/airflow/example_dags/example_sensor_decorator.py
[2023-11-13T08:28:04.918+0000] {logging_mixin.py:154} INFO - [2023-11-13T08:28:04.917+0000] {dag.py:2941} INFO - Sync 1 DAGs
[2023-11-13T08:28:04.927+0000] {logging_mixin.py:154} INFO - [2023-11-13T08:28:04.927+0000] {dag.py:3722} INFO - Setting next_dagrun for example_sensor_decorator to None, run_after=None
[2023-11-13T08:28:05.231+0000] {processor.py:179} INFO - Processing /home/airflow/.local/lib/python3.8/site-packages/airflow/example_dags/example_sensor_decorator.py took 0.339 seconds
[2023-11-13T08:45:37.616+0000] {processor.py:157} INFO - Started process (PID=75) to work on /home/airflow/.local/lib/python3.8/site-packages/airflow/example_dags/example_sensor_decorator.py
[2023-11-13T08:45:37.634+0000] {processor.py:829} INFO - Processing file /home/airflow/.local/lib/python3.8/site-packages/airflow/example_dags/example_sensor_decorator.py for tasks to queue
[2023-11-13T08:45:37.636+0000] {logging_mixin.py:154} INFO - [2023-11-13T08:45:37.636+0000] {dagbag.py:536} INFO - Filling up the DagBag from /home/airflow/.local/lib/python3.8/site-packages/airflow/example_dags/example_sensor_decorator.py
[2023-11-13T08:45:37.643+0000] {processor.py:839} INFO - DAG(s) dict_keys(['example_sensor_decorator']) retrieved from /home/airflow/.local/lib/python3.8/site-packages/airflow/example_dags/example_sensor_decorator.py
[2023-11-13T08:45:37.799+0000] {logging_mixin.py:154} INFO - [2023-11-13T08:45:37.798+0000] {manager.py:499} INFO - Created Permission View: %s
[2023-11-13T08:45:37.855+0000] {logging_mixin.py:154} INFO - [2023-11-13T08:45:37.855+0000] {manager.py:499} INFO - Created Permission View: %s
[2023-11-13T08:45:37.900+0000] {logging_mixin.py:154} INFO - [2023-11-13T08:45:37.900+0000] {manager.py:499} INFO - Created Permission View: %s
[2023-11-13T08:45:37.929+0000] {logging_mixin.py:154} INFO - [2023-11-13T08:45:37.929+0000] {dag.py:2941} INFO - Sync 1 DAGs
[2023-11-13T08:45:37.941+0000] {logging_mixin.py:154} INFO - [2023-11-13T08:45:37.941+0000] {dag.py:2963} INFO - Creating ORM DAG for example_sensor_decorator
[2023-11-13T08:45:37.942+0000] {logging_mixin.py:154} INFO - [2023-11-13T08:45:37.942+0000] {dag.py:3722} INFO - Setting next_dagrun for example_sensor_decorator to None, run_after=None
[2023-11-13T08:45:38.028+0000] {processor.py:179} INFO - Processing /home/airflow/.local/lib/python3.8/site-packages/airflow/example_dags/example_sensor_decorator.py took 0.414 seconds
[2023-11-13T08:46:08.823+0000] {processor.py:157} INFO - Started process (PID=129) to work on /home/airflow/.local/lib/python3.8/site-packages/airflow/example_dags/example_sensor_decorator.py
[2023-11-13T08:46:08.823+0000] {processor.py:829} INFO - Processing file /home/airflow/.local/lib/python3.8/site-packages/airflow/example_dags/example_sensor_decorator.py for tasks to queue
[2023-11-13T08:46:08.825+0000] {logging_mixin.py:154} INFO - [2023-11-13T08:46:08.825+0000] {dagbag.py:536} INFO - Filling up the DagBag from /home/airflow/.local/lib/python3.8/site-packages/airflow/example_dags/example_sensor_decorator.py
[2023-11-13T08:46:08.830+0000] {processor.py:839} INFO - DAG(s) dict_keys(['example_sensor_decorator']) retrieved from /home/airflow/.local/lib/python3.8/site-packages/airflow/example_dags/example_sensor_decorator.py
[2023-11-13T08:46:08.848+0000] {logging_mixin.py:154} INFO - [2023-11-13T08:46:08.848+0000] {dag.py:2941} INFO - Sync 1 DAGs
[2023-11-13T08:46:08.858+0000] {logging_mixin.py:154} INFO - [2023-11-13T08:46:08.858+0000] {dag.py:3722} INFO - Setting next_dagrun for example_sensor_decorator to None, run_after=None
[2023-11-13T08:46:08.892+0000] {processor.py:179} INFO - Processing /home/airflow/.local/lib/python3.8/site-packages/airflow/example_dags/example_sensor_decorator.py took 0.073 seconds
[2023-11-13T08:46:38.921+0000] {processor.py:157} INFO - Started process (PID=182) to work on /home/airflow/.local/lib/python3.8/site-packages/airflow/example_dags/example_sensor_decorator.py
[2023-11-13T08:46:38.928+0000] {processor.py:829} INFO - Processing file /home/airflow/.local/lib/python3.8/site-packages/airflow/example_dags/example_sensor_decorator.py for tasks to queue
[2023-11-13T08:46:38.930+0000] {logging_mixin.py:154} INFO - [2023-11-13T08:46:38.930+0000] {dagbag.py:536} INFO - Filling up the DagBag from /home/airflow/.local/lib/python3.8/site-packages/airflow/example_dags/example_sensor_decorator.py
[2023-11-13T08:46:38.936+0000] {processor.py:839} INFO - DAG(s) dict_keys(['example_sensor_decorator']) retrieved from /home/airflow/.local/lib/python3.8/site-packages/airflow/example_dags/example_sensor_decorator.py
[2023-11-13T08:46:38.956+0000] {logging_mixin.py:154} INFO - [2023-11-13T08:46:38.956+0000] {dag.py:2941} INFO - Sync 1 DAGs
[2023-11-13T08:46:38.970+0000] {logging_mixin.py:154} INFO - [2023-11-13T08:46:38.970+0000] {dag.py:3722} INFO - Setting next_dagrun for example_sensor_decorator to None, run_after=None
[2023-11-13T08:46:39.235+0000] {processor.py:179} INFO - Processing /home/airflow/.local/lib/python3.8/site-packages/airflow/example_dags/example_sensor_decorator.py took 0.317 seconds
[2023-11-13T08:47:09.390+0000] {processor.py:157} INFO - Started process (PID=236) to work on /home/airflow/.local/lib/python3.8/site-packages/airflow/example_dags/example_sensor_decorator.py
[2023-11-13T08:47:09.411+0000] {processor.py:829} INFO - Processing file /home/airflow/.local/lib/python3.8/site-packages/airflow/example_dags/example_sensor_decorator.py for tasks to queue
[2023-11-13T08:47:09.412+0000] {logging_mixin.py:154} INFO - [2023-11-13T08:47:09.412+0000] {dagbag.py:536} INFO - Filling up the DagBag from /home/airflow/.local/lib/python3.8/site-packages/airflow/example_dags/example_sensor_decorator.py
[2023-11-13T08:47:09.417+0000] {processor.py:839} INFO - DAG(s) dict_keys(['example_sensor_decorator']) retrieved from /home/airflow/.local/lib/python3.8/site-packages/airflow/example_dags/example_sensor_decorator.py
[2023-11-13T08:47:09.431+0000] {logging_mixin.py:154} INFO - [2023-11-13T08:47:09.431+0000] {dag.py:2941} INFO - Sync 1 DAGs
[2023-11-13T08:47:09.440+0000] {logging_mixin.py:154} INFO - [2023-11-13T08:47:09.440+0000] {dag.py:3722} INFO - Setting next_dagrun for example_sensor_decorator to None, run_after=None
[2023-11-13T08:47:09.468+0000] {processor.py:179} INFO - Processing /home/airflow/.local/lib/python3.8/site-packages/airflow/example_dags/example_sensor_decorator.py took 0.081 seconds
[2023-11-13T08:47:41.769+0000] {processor.py:157} INFO - Started process (PID=291) to work on /home/airflow/.local/lib/python3.8/site-packages/airflow/example_dags/example_sensor_decorator.py
[2023-11-13T08:47:41.816+0000] {processor.py:829} INFO - Processing file /home/airflow/.local/lib/python3.8/site-packages/airflow/example_dags/example_sensor_decorator.py for tasks to queue
[2023-11-13T08:47:41.818+0000] {logging_mixin.py:154} INFO - [2023-11-13T08:47:41.818+0000] {dagbag.py:536} INFO - Filling up the DagBag from /home/airflow/.local/lib/python3.8/site-packages/airflow/example_dags/example_sensor_decorator.py
[2023-11-13T08:47:41.822+0000] {processor.py:839} INFO - DAG(s) dict_keys(['example_sensor_decorator']) retrieved from /home/airflow/.local/lib/python3.8/site-packages/airflow/example_dags/example_sensor_decorator.py
[2023-11-13T08:47:41.840+0000] {logging_mixin.py:154} INFO - [2023-11-13T08:47:41.840+0000] {dag.py:2941} INFO - Sync 1 DAGs
[2023-11-13T08:47:41.850+0000] {logging_mixin.py:154} INFO - [2023-11-13T08:47:41.850+0000] {dag.py:3722} INFO - Setting next_dagrun for example_sensor_decorator to None, run_after=None
[2023-11-13T08:47:41.944+0000] {processor.py:179} INFO - Processing /home/airflow/.local/lib/python3.8/site-packages/airflow/example_dags/example_sensor_decorator.py took 0.178 seconds
[2023-11-13T08:48:12.337+0000] {processor.py:157} INFO - Started process (PID=345) to work on /home/airflow/.local/lib/python3.8/site-packages/airflow/example_dags/example_sensor_decorator.py
[2023-11-13T08:48:12.349+0000] {processor.py:829} INFO - Processing file /home/airflow/.local/lib/python3.8/site-packages/airflow/example_dags/example_sensor_decorator.py for tasks to queue
[2023-11-13T08:48:12.351+0000] {logging_mixin.py:154} INFO - [2023-11-13T08:48:12.351+0000] {dagbag.py:536} INFO - Filling up the DagBag from /home/airflow/.local/lib/python3.8/site-packages/airflow/example_dags/example_sensor_decorator.py
[2023-11-13T08:48:12.355+0000] {processor.py:839} INFO - DAG(s) dict_keys(['example_sensor_decorator']) retrieved from /home/airflow/.local/lib/python3.8/site-packages/airflow/example_dags/example_sensor_decorator.py
[2023-11-13T08:48:12.393+0000] {logging_mixin.py:154} INFO - [2023-11-13T08:48:12.393+0000] {dag.py:2941} INFO - Sync 1 DAGs
[2023-11-13T08:48:12.404+0000] {logging_mixin.py:154} INFO - [2023-11-13T08:48:12.404+0000] {dag.py:3722} INFO - Setting next_dagrun for example_sensor_decorator to None, run_after=None
[2023-11-13T08:48:12.437+0000] {processor.py:179} INFO - Processing /home/airflow/.local/lib/python3.8/site-packages/airflow/example_dags/example_sensor_decorator.py took 0.102 seconds
