[2023-11-13T07:55:03.843+0000] {processor.py:157} INFO - Started process (PID=50) to work on /home/airflow/.local/lib/python3.8/site-packages/airflow/example_dags/example_sensors.py
[2023-11-13T07:55:03.844+0000] {processor.py:829} INFO - Processing file /home/airflow/.local/lib/python3.8/site-packages/airflow/example_dags/example_sensors.py for tasks to queue
[2023-11-13T07:55:03.846+0000] {logging_mixin.py:154} INFO - [2023-11-13T07:55:03.846+0000] {dagbag.py:536} INFO - Filling up the DagBag from /home/airflow/.local/lib/python3.8/site-packages/airflow/example_dags/example_sensors.py
[2023-11-13T07:55:03.861+0000] {processor.py:839} INFO - DAG(s) dict_keys(['example_sensors']) retrieved from /home/airflow/.local/lib/python3.8/site-packages/airflow/example_dags/example_sensors.py
[2023-11-13T07:55:04.107+0000] {logging_mixin.py:154} INFO - [2023-11-13T07:55:04.106+0000] {manager.py:499} INFO - Created Permission View: %s
[2023-11-13T07:55:04.218+0000] {logging_mixin.py:154} INFO - [2023-11-13T07:55:04.218+0000] {manager.py:499} INFO - Created Permission View: %s
[2023-11-13T07:55:04.287+0000] {logging_mixin.py:154} INFO - [2023-11-13T07:55:04.286+0000] {manager.py:499} INFO - Created Permission View: %s
[2023-11-13T07:55:04.288+0000] {logging_mixin.py:154} INFO - [2023-11-13T07:55:04.287+0000] {dag.py:2941} INFO - Sync 1 DAGs
[2023-11-13T07:55:04.308+0000] {logging_mixin.py:154} INFO - [2023-11-13T07:55:04.308+0000] {dag.py:2963} INFO - Creating ORM DAG for example_sensors
[2023-11-13T07:55:04.309+0000] {logging_mixin.py:154} INFO - [2023-11-13T07:55:04.308+0000] {dag.py:3722} INFO - Setting next_dagrun for example_sensors to None, run_after=None
[2023-11-13T07:55:04.362+0000] {processor.py:179} INFO - Processing /home/airflow/.local/lib/python3.8/site-packages/airflow/example_dags/example_sensors.py took 0.522 seconds
[2023-11-13T07:55:35.157+0000] {processor.py:157} INFO - Started process (PID=98) to work on /home/airflow/.local/lib/python3.8/site-packages/airflow/example_dags/example_sensors.py
[2023-11-13T07:55:35.332+0000] {processor.py:829} INFO - Processing file /home/airflow/.local/lib/python3.8/site-packages/airflow/example_dags/example_sensors.py for tasks to queue
[2023-11-13T07:55:35.336+0000] {logging_mixin.py:154} INFO - [2023-11-13T07:55:35.336+0000] {dagbag.py:536} INFO - Filling up the DagBag from /home/airflow/.local/lib/python3.8/site-packages/airflow/example_dags/example_sensors.py
[2023-11-13T07:55:35.342+0000] {processor.py:839} INFO - DAG(s) dict_keys(['example_sensors']) retrieved from /home/airflow/.local/lib/python3.8/site-packages/airflow/example_dags/example_sensors.py
[2023-11-13T07:55:35.361+0000] {logging_mixin.py:154} INFO - [2023-11-13T07:55:35.361+0000] {dag.py:2941} INFO - Sync 1 DAGs
[2023-11-13T07:55:35.370+0000] {logging_mixin.py:154} INFO - [2023-11-13T07:55:35.370+0000] {dag.py:3722} INFO - Setting next_dagrun for example_sensors to None, run_after=None
[2023-11-13T07:55:35.659+0000] {processor.py:179} INFO - Processing /home/airflow/.local/lib/python3.8/site-packages/airflow/example_dags/example_sensors.py took 0.504 seconds
[2023-11-13T07:56:05.831+0000] {processor.py:157} INFO - Started process (PID=152) to work on /home/airflow/.local/lib/python3.8/site-packages/airflow/example_dags/example_sensors.py
[2023-11-13T07:56:05.843+0000] {processor.py:829} INFO - Processing file /home/airflow/.local/lib/python3.8/site-packages/airflow/example_dags/example_sensors.py for tasks to queue
[2023-11-13T07:56:05.845+0000] {logging_mixin.py:154} INFO - [2023-11-13T07:56:05.845+0000] {dagbag.py:536} INFO - Filling up the DagBag from /home/airflow/.local/lib/python3.8/site-packages/airflow/example_dags/example_sensors.py
[2023-11-13T07:56:05.851+0000] {processor.py:839} INFO - DAG(s) dict_keys(['example_sensors']) retrieved from /home/airflow/.local/lib/python3.8/site-packages/airflow/example_dags/example_sensors.py
[2023-11-13T07:56:05.869+0000] {logging_mixin.py:154} INFO - [2023-11-13T07:56:05.869+0000] {dag.py:2941} INFO - Sync 1 DAGs
[2023-11-13T07:56:05.877+0000] {logging_mixin.py:154} INFO - [2023-11-13T07:56:05.877+0000] {dag.py:3722} INFO - Setting next_dagrun for example_sensors to None, run_after=None
[2023-11-13T07:56:05.911+0000] {processor.py:179} INFO - Processing /home/airflow/.local/lib/python3.8/site-packages/airflow/example_dags/example_sensors.py took 0.082 seconds
[2023-11-13T07:56:36.618+0000] {processor.py:157} INFO - Started process (PID=206) to work on /home/airflow/.local/lib/python3.8/site-packages/airflow/example_dags/example_sensors.py
[2023-11-13T07:56:36.632+0000] {processor.py:829} INFO - Processing file /home/airflow/.local/lib/python3.8/site-packages/airflow/example_dags/example_sensors.py for tasks to queue
[2023-11-13T07:56:36.634+0000] {logging_mixin.py:154} INFO - [2023-11-13T07:56:36.634+0000] {dagbag.py:536} INFO - Filling up the DagBag from /home/airflow/.local/lib/python3.8/site-packages/airflow/example_dags/example_sensors.py
[2023-11-13T07:56:36.641+0000] {processor.py:839} INFO - DAG(s) dict_keys(['example_sensors']) retrieved from /home/airflow/.local/lib/python3.8/site-packages/airflow/example_dags/example_sensors.py
[2023-11-13T07:56:36.663+0000] {logging_mixin.py:154} INFO - [2023-11-13T07:56:36.663+0000] {dag.py:2941} INFO - Sync 1 DAGs
[2023-11-13T07:56:36.674+0000] {logging_mixin.py:154} INFO - [2023-11-13T07:56:36.674+0000] {dag.py:3722} INFO - Setting next_dagrun for example_sensors to None, run_after=None
[2023-11-13T07:56:36.712+0000] {processor.py:179} INFO - Processing /home/airflow/.local/lib/python3.8/site-packages/airflow/example_dags/example_sensors.py took 0.098 seconds
[2023-11-13T07:57:07.554+0000] {processor.py:157} INFO - Started process (PID=260) to work on /home/airflow/.local/lib/python3.8/site-packages/airflow/example_dags/example_sensors.py
[2023-11-13T07:57:07.759+0000] {processor.py:829} INFO - Processing file /home/airflow/.local/lib/python3.8/site-packages/airflow/example_dags/example_sensors.py for tasks to queue
[2023-11-13T07:57:07.761+0000] {logging_mixin.py:154} INFO - [2023-11-13T07:57:07.761+0000] {dagbag.py:536} INFO - Filling up the DagBag from /home/airflow/.local/lib/python3.8/site-packages/airflow/example_dags/example_sensors.py
[2023-11-13T07:57:07.768+0000] {processor.py:839} INFO - DAG(s) dict_keys(['example_sensors']) retrieved from /home/airflow/.local/lib/python3.8/site-packages/airflow/example_dags/example_sensors.py
[2023-11-13T07:57:07.786+0000] {logging_mixin.py:154} INFO - [2023-11-13T07:57:07.786+0000] {dag.py:2941} INFO - Sync 1 DAGs
[2023-11-13T07:57:07.795+0000] {logging_mixin.py:154} INFO - [2023-11-13T07:57:07.795+0000] {dag.py:3722} INFO - Setting next_dagrun for example_sensors to None, run_after=None
[2023-11-13T07:57:08.065+0000] {processor.py:179} INFO - Processing /home/airflow/.local/lib/python3.8/site-packages/airflow/example_dags/example_sensors.py took 0.514 seconds
[2023-11-13T07:57:38.870+0000] {processor.py:157} INFO - Started process (PID=314) to work on /home/airflow/.local/lib/python3.8/site-packages/airflow/example_dags/example_sensors.py
[2023-11-13T07:57:38.883+0000] {processor.py:829} INFO - Processing file /home/airflow/.local/lib/python3.8/site-packages/airflow/example_dags/example_sensors.py for tasks to queue
[2023-11-13T07:57:38.885+0000] {logging_mixin.py:154} INFO - [2023-11-13T07:57:38.885+0000] {dagbag.py:536} INFO - Filling up the DagBag from /home/airflow/.local/lib/python3.8/site-packages/airflow/example_dags/example_sensors.py
[2023-11-13T07:57:38.893+0000] {processor.py:839} INFO - DAG(s) dict_keys(['example_sensors']) retrieved from /home/airflow/.local/lib/python3.8/site-packages/airflow/example_dags/example_sensors.py
[2023-11-13T07:57:38.914+0000] {logging_mixin.py:154} INFO - [2023-11-13T07:57:38.914+0000] {dag.py:2941} INFO - Sync 1 DAGs
[2023-11-13T07:57:38.924+0000] {logging_mixin.py:154} INFO - [2023-11-13T07:57:38.924+0000] {dag.py:3722} INFO - Setting next_dagrun for example_sensors to None, run_after=None
[2023-11-13T07:57:38.956+0000] {processor.py:179} INFO - Processing /home/airflow/.local/lib/python3.8/site-packages/airflow/example_dags/example_sensors.py took 0.088 seconds
[2023-11-13T07:58:09.135+0000] {processor.py:157} INFO - Started process (PID=368) to work on /home/airflow/.local/lib/python3.8/site-packages/airflow/example_dags/example_sensors.py
[2023-11-13T07:58:09.354+0000] {processor.py:829} INFO - Processing file /home/airflow/.local/lib/python3.8/site-packages/airflow/example_dags/example_sensors.py for tasks to queue
[2023-11-13T07:58:09.359+0000] {logging_mixin.py:154} INFO - [2023-11-13T07:58:09.359+0000] {dagbag.py:536} INFO - Filling up the DagBag from /home/airflow/.local/lib/python3.8/site-packages/airflow/example_dags/example_sensors.py
[2023-11-13T07:58:09.384+0000] {processor.py:839} INFO - DAG(s) dict_keys(['example_sensors']) retrieved from /home/airflow/.local/lib/python3.8/site-packages/airflow/example_dags/example_sensors.py
[2023-11-13T07:58:09.412+0000] {logging_mixin.py:154} INFO - [2023-11-13T07:58:09.412+0000] {dag.py:2941} INFO - Sync 1 DAGs
[2023-11-13T07:58:09.422+0000] {logging_mixin.py:154} INFO - [2023-11-13T07:58:09.421+0000] {dag.py:3722} INFO - Setting next_dagrun for example_sensors to None, run_after=None
[2023-11-13T07:58:09.885+0000] {processor.py:179} INFO - Processing /home/airflow/.local/lib/python3.8/site-packages/airflow/example_dags/example_sensors.py took 0.753 seconds
[2023-11-13T07:58:41.005+0000] {processor.py:157} INFO - Started process (PID=429) to work on /home/airflow/.local/lib/python3.8/site-packages/airflow/example_dags/example_sensors.py
[2023-11-13T07:58:41.093+0000] {processor.py:829} INFO - Processing file /home/airflow/.local/lib/python3.8/site-packages/airflow/example_dags/example_sensors.py for tasks to queue
[2023-11-13T07:58:41.099+0000] {logging_mixin.py:154} INFO - [2023-11-13T07:58:41.098+0000] {dagbag.py:536} INFO - Filling up the DagBag from /home/airflow/.local/lib/python3.8/site-packages/airflow/example_dags/example_sensors.py
[2023-11-13T07:58:41.127+0000] {processor.py:839} INFO - DAG(s) dict_keys(['example_sensors']) retrieved from /home/airflow/.local/lib/python3.8/site-packages/airflow/example_dags/example_sensors.py
[2023-11-13T07:58:41.155+0000] {logging_mixin.py:154} INFO - [2023-11-13T07:58:41.155+0000] {dag.py:2941} INFO - Sync 1 DAGs
[2023-11-13T07:58:41.164+0000] {logging_mixin.py:154} INFO - [2023-11-13T07:58:41.164+0000] {dag.py:3722} INFO - Setting next_dagrun for example_sensors to None, run_after=None
[2023-11-13T07:58:41.566+0000] {processor.py:179} INFO - Processing /home/airflow/.local/lib/python3.8/site-packages/airflow/example_dags/example_sensors.py took 0.567 seconds
[2023-11-13T07:59:12.407+0000] {processor.py:157} INFO - Started process (PID=483) to work on /home/airflow/.local/lib/python3.8/site-packages/airflow/example_dags/example_sensors.py
[2023-11-13T07:59:12.408+0000] {processor.py:829} INFO - Processing file /home/airflow/.local/lib/python3.8/site-packages/airflow/example_dags/example_sensors.py for tasks to queue
[2023-11-13T07:59:12.409+0000] {logging_mixin.py:154} INFO - [2023-11-13T07:59:12.409+0000] {dagbag.py:536} INFO - Filling up the DagBag from /home/airflow/.local/lib/python3.8/site-packages/airflow/example_dags/example_sensors.py
[2023-11-13T07:59:12.415+0000] {processor.py:839} INFO - DAG(s) dict_keys(['example_sensors']) retrieved from /home/airflow/.local/lib/python3.8/site-packages/airflow/example_dags/example_sensors.py
[2023-11-13T07:59:12.431+0000] {logging_mixin.py:154} INFO - [2023-11-13T07:59:12.431+0000] {dag.py:2941} INFO - Sync 1 DAGs
[2023-11-13T07:59:12.439+0000] {logging_mixin.py:154} INFO - [2023-11-13T07:59:12.439+0000] {dag.py:3722} INFO - Setting next_dagrun for example_sensors to None, run_after=None
[2023-11-13T07:59:12.947+0000] {processor.py:179} INFO - Processing /home/airflow/.local/lib/python3.8/site-packages/airflow/example_dags/example_sensors.py took 0.542 seconds
[2023-11-13T07:59:44.124+0000] {processor.py:157} INFO - Started process (PID=537) to work on /home/airflow/.local/lib/python3.8/site-packages/airflow/example_dags/example_sensors.py
[2023-11-13T07:59:44.174+0000] {processor.py:829} INFO - Processing file /home/airflow/.local/lib/python3.8/site-packages/airflow/example_dags/example_sensors.py for tasks to queue
[2023-11-13T07:59:44.180+0000] {logging_mixin.py:154} INFO - [2023-11-13T07:59:44.179+0000] {dagbag.py:536} INFO - Filling up the DagBag from /home/airflow/.local/lib/python3.8/site-packages/airflow/example_dags/example_sensors.py
[2023-11-13T07:59:44.187+0000] {processor.py:839} INFO - DAG(s) dict_keys(['example_sensors']) retrieved from /home/airflow/.local/lib/python3.8/site-packages/airflow/example_dags/example_sensors.py
[2023-11-13T07:59:44.205+0000] {logging_mixin.py:154} INFO - [2023-11-13T07:59:44.205+0000] {dag.py:2941} INFO - Sync 1 DAGs
[2023-11-13T07:59:44.214+0000] {logging_mixin.py:154} INFO - [2023-11-13T07:59:44.214+0000] {dag.py:3722} INFO - Setting next_dagrun for example_sensors to None, run_after=None
[2023-11-13T07:59:44.670+0000] {processor.py:179} INFO - Processing /home/airflow/.local/lib/python3.8/site-packages/airflow/example_dags/example_sensors.py took 0.548 seconds
[2023-11-13T08:00:14.770+0000] {processor.py:157} INFO - Started process (PID=591) to work on /home/airflow/.local/lib/python3.8/site-packages/airflow/example_dags/example_sensors.py
[2023-11-13T08:00:14.771+0000] {processor.py:829} INFO - Processing file /home/airflow/.local/lib/python3.8/site-packages/airflow/example_dags/example_sensors.py for tasks to queue
[2023-11-13T08:00:14.773+0000] {logging_mixin.py:154} INFO - [2023-11-13T08:00:14.772+0000] {dagbag.py:536} INFO - Filling up the DagBag from /home/airflow/.local/lib/python3.8/site-packages/airflow/example_dags/example_sensors.py
[2023-11-13T08:00:14.779+0000] {processor.py:839} INFO - DAG(s) dict_keys(['example_sensors']) retrieved from /home/airflow/.local/lib/python3.8/site-packages/airflow/example_dags/example_sensors.py
[2023-11-13T08:00:14.798+0000] {logging_mixin.py:154} INFO - [2023-11-13T08:00:14.798+0000] {dag.py:2941} INFO - Sync 1 DAGs
[2023-11-13T08:00:14.807+0000] {logging_mixin.py:154} INFO - [2023-11-13T08:00:14.807+0000] {dag.py:3722} INFO - Setting next_dagrun for example_sensors to None, run_after=None
[2023-11-13T08:00:14.851+0000] {processor.py:179} INFO - Processing /home/airflow/.local/lib/python3.8/site-packages/airflow/example_dags/example_sensors.py took 0.083 seconds
[2023-11-13T08:00:45.992+0000] {processor.py:157} INFO - Started process (PID=645) to work on /home/airflow/.local/lib/python3.8/site-packages/airflow/example_dags/example_sensors.py
[2023-11-13T08:00:46.007+0000] {processor.py:829} INFO - Processing file /home/airflow/.local/lib/python3.8/site-packages/airflow/example_dags/example_sensors.py for tasks to queue
[2023-11-13T08:00:46.009+0000] {logging_mixin.py:154} INFO - [2023-11-13T08:00:46.009+0000] {dagbag.py:536} INFO - Filling up the DagBag from /home/airflow/.local/lib/python3.8/site-packages/airflow/example_dags/example_sensors.py
[2023-11-13T08:00:46.017+0000] {processor.py:839} INFO - DAG(s) dict_keys(['example_sensors']) retrieved from /home/airflow/.local/lib/python3.8/site-packages/airflow/example_dags/example_sensors.py
[2023-11-13T08:00:46.041+0000] {logging_mixin.py:154} INFO - [2023-11-13T08:00:46.041+0000] {dag.py:2941} INFO - Sync 1 DAGs
[2023-11-13T08:00:46.052+0000] {logging_mixin.py:154} INFO - [2023-11-13T08:00:46.052+0000] {dag.py:3722} INFO - Setting next_dagrun for example_sensors to None, run_after=None
[2023-11-13T08:00:46.176+0000] {processor.py:179} INFO - Processing /home/airflow/.local/lib/python3.8/site-packages/airflow/example_dags/example_sensors.py took 0.186 seconds
[2023-11-13T08:01:16.235+0000] {processor.py:157} INFO - Started process (PID=698) to work on /home/airflow/.local/lib/python3.8/site-packages/airflow/example_dags/example_sensors.py
[2023-11-13T08:01:16.235+0000] {processor.py:829} INFO - Processing file /home/airflow/.local/lib/python3.8/site-packages/airflow/example_dags/example_sensors.py for tasks to queue
[2023-11-13T08:01:16.237+0000] {logging_mixin.py:154} INFO - [2023-11-13T08:01:16.237+0000] {dagbag.py:536} INFO - Filling up the DagBag from /home/airflow/.local/lib/python3.8/site-packages/airflow/example_dags/example_sensors.py
[2023-11-13T08:01:16.244+0000] {processor.py:839} INFO - DAG(s) dict_keys(['example_sensors']) retrieved from /home/airflow/.local/lib/python3.8/site-packages/airflow/example_dags/example_sensors.py
[2023-11-13T08:01:16.267+0000] {logging_mixin.py:154} INFO - [2023-11-13T08:01:16.267+0000] {dag.py:2941} INFO - Sync 1 DAGs
[2023-11-13T08:01:16.277+0000] {logging_mixin.py:154} INFO - [2023-11-13T08:01:16.276+0000] {dag.py:3722} INFO - Setting next_dagrun for example_sensors to None, run_after=None
[2023-11-13T08:01:16.324+0000] {processor.py:179} INFO - Processing /home/airflow/.local/lib/python3.8/site-packages/airflow/example_dags/example_sensors.py took 0.092 seconds
[2023-11-13T08:01:46.643+0000] {processor.py:157} INFO - Started process (PID=753) to work on /home/airflow/.local/lib/python3.8/site-packages/airflow/example_dags/example_sensors.py
[2023-11-13T08:01:46.665+0000] {processor.py:829} INFO - Processing file /home/airflow/.local/lib/python3.8/site-packages/airflow/example_dags/example_sensors.py for tasks to queue
[2023-11-13T08:01:46.668+0000] {logging_mixin.py:154} INFO - [2023-11-13T08:01:46.667+0000] {dagbag.py:536} INFO - Filling up the DagBag from /home/airflow/.local/lib/python3.8/site-packages/airflow/example_dags/example_sensors.py
[2023-11-13T08:01:46.685+0000] {processor.py:839} INFO - DAG(s) dict_keys(['example_sensors']) retrieved from /home/airflow/.local/lib/python3.8/site-packages/airflow/example_dags/example_sensors.py
[2023-11-13T08:01:46.721+0000] {logging_mixin.py:154} INFO - [2023-11-13T08:01:46.721+0000] {dag.py:2941} INFO - Sync 1 DAGs
[2023-11-13T08:01:46.731+0000] {logging_mixin.py:154} INFO - [2023-11-13T08:01:46.731+0000] {dag.py:3722} INFO - Setting next_dagrun for example_sensors to None, run_after=None
[2023-11-13T08:01:46.918+0000] {processor.py:179} INFO - Processing /home/airflow/.local/lib/python3.8/site-packages/airflow/example_dags/example_sensors.py took 0.277 seconds
[2023-11-13T08:02:18.466+0000] {processor.py:157} INFO - Started process (PID=807) to work on /home/airflow/.local/lib/python3.8/site-packages/airflow/example_dags/example_sensors.py
[2023-11-13T08:02:18.579+0000] {processor.py:829} INFO - Processing file /home/airflow/.local/lib/python3.8/site-packages/airflow/example_dags/example_sensors.py for tasks to queue
[2023-11-13T08:02:18.585+0000] {logging_mixin.py:154} INFO - [2023-11-13T08:02:18.585+0000] {dagbag.py:536} INFO - Filling up the DagBag from /home/airflow/.local/lib/python3.8/site-packages/airflow/example_dags/example_sensors.py
[2023-11-13T08:02:18.614+0000] {processor.py:839} INFO - DAG(s) dict_keys(['example_sensors']) retrieved from /home/airflow/.local/lib/python3.8/site-packages/airflow/example_dags/example_sensors.py
[2023-11-13T08:02:18.644+0000] {logging_mixin.py:154} INFO - [2023-11-13T08:02:18.644+0000] {dag.py:2941} INFO - Sync 1 DAGs
[2023-11-13T08:02:18.653+0000] {logging_mixin.py:154} INFO - [2023-11-13T08:02:18.653+0000] {dag.py:3722} INFO - Setting next_dagrun for example_sensors to None, run_after=None
[2023-11-13T08:02:19.177+0000] {processor.py:179} INFO - Processing /home/airflow/.local/lib/python3.8/site-packages/airflow/example_dags/example_sensors.py took 0.714 seconds
[2023-11-13T08:02:49.905+0000] {processor.py:157} INFO - Started process (PID=861) to work on /home/airflow/.local/lib/python3.8/site-packages/airflow/example_dags/example_sensors.py
[2023-11-13T08:02:50.075+0000] {processor.py:829} INFO - Processing file /home/airflow/.local/lib/python3.8/site-packages/airflow/example_dags/example_sensors.py for tasks to queue
[2023-11-13T08:02:50.080+0000] {logging_mixin.py:154} INFO - [2023-11-13T08:02:50.080+0000] {dagbag.py:536} INFO - Filling up the DagBag from /home/airflow/.local/lib/python3.8/site-packages/airflow/example_dags/example_sensors.py
[2023-11-13T08:02:50.086+0000] {processor.py:839} INFO - DAG(s) dict_keys(['example_sensors']) retrieved from /home/airflow/.local/lib/python3.8/site-packages/airflow/example_dags/example_sensors.py
[2023-11-13T08:02:50.105+0000] {logging_mixin.py:154} INFO - [2023-11-13T08:02:50.105+0000] {dag.py:2941} INFO - Sync 1 DAGs
[2023-11-13T08:02:50.114+0000] {logging_mixin.py:154} INFO - [2023-11-13T08:02:50.113+0000] {dag.py:3722} INFO - Setting next_dagrun for example_sensors to None, run_after=None
[2023-11-13T08:02:50.540+0000] {processor.py:179} INFO - Processing /home/airflow/.local/lib/python3.8/site-packages/airflow/example_dags/example_sensors.py took 0.638 seconds
[2023-11-13T08:03:21.278+0000] {processor.py:157} INFO - Started process (PID=915) to work on /home/airflow/.local/lib/python3.8/site-packages/airflow/example_dags/example_sensors.py
[2023-11-13T08:03:21.278+0000] {processor.py:829} INFO - Processing file /home/airflow/.local/lib/python3.8/site-packages/airflow/example_dags/example_sensors.py for tasks to queue
[2023-11-13T08:03:21.280+0000] {logging_mixin.py:154} INFO - [2023-11-13T08:03:21.279+0000] {dagbag.py:536} INFO - Filling up the DagBag from /home/airflow/.local/lib/python3.8/site-packages/airflow/example_dags/example_sensors.py
[2023-11-13T08:03:21.286+0000] {processor.py:839} INFO - DAG(s) dict_keys(['example_sensors']) retrieved from /home/airflow/.local/lib/python3.8/site-packages/airflow/example_dags/example_sensors.py
[2023-11-13T08:03:21.303+0000] {logging_mixin.py:154} INFO - [2023-11-13T08:03:21.303+0000] {dag.py:2941} INFO - Sync 1 DAGs
[2023-11-13T08:03:21.312+0000] {logging_mixin.py:154} INFO - [2023-11-13T08:03:21.312+0000] {dag.py:3722} INFO - Setting next_dagrun for example_sensors to None, run_after=None
[2023-11-13T08:03:21.996+0000] {processor.py:179} INFO - Processing /home/airflow/.local/lib/python3.8/site-packages/airflow/example_dags/example_sensors.py took 0.721 seconds
[2023-11-13T08:03:52.416+0000] {processor.py:157} INFO - Started process (PID=968) to work on /home/airflow/.local/lib/python3.8/site-packages/airflow/example_dags/example_sensors.py
[2023-11-13T08:03:52.417+0000] {processor.py:829} INFO - Processing file /home/airflow/.local/lib/python3.8/site-packages/airflow/example_dags/example_sensors.py for tasks to queue
[2023-11-13T08:03:52.418+0000] {logging_mixin.py:154} INFO - [2023-11-13T08:03:52.418+0000] {dagbag.py:536} INFO - Filling up the DagBag from /home/airflow/.local/lib/python3.8/site-packages/airflow/example_dags/example_sensors.py
[2023-11-13T08:03:52.425+0000] {processor.py:839} INFO - DAG(s) dict_keys(['example_sensors']) retrieved from /home/airflow/.local/lib/python3.8/site-packages/airflow/example_dags/example_sensors.py
[2023-11-13T08:03:52.444+0000] {logging_mixin.py:154} INFO - [2023-11-13T08:03:52.444+0000] {dag.py:2941} INFO - Sync 1 DAGs
[2023-11-13T08:03:52.452+0000] {logging_mixin.py:154} INFO - [2023-11-13T08:03:52.452+0000] {dag.py:3722} INFO - Setting next_dagrun for example_sensors to None, run_after=None
[2023-11-13T08:03:52.488+0000] {processor.py:179} INFO - Processing /home/airflow/.local/lib/python3.8/site-packages/airflow/example_dags/example_sensors.py took 0.074 seconds
[2023-11-13T08:04:23.192+0000] {processor.py:157} INFO - Started process (PID=1023) to work on /home/airflow/.local/lib/python3.8/site-packages/airflow/example_dags/example_sensors.py
[2023-11-13T08:04:23.341+0000] {processor.py:829} INFO - Processing file /home/airflow/.local/lib/python3.8/site-packages/airflow/example_dags/example_sensors.py for tasks to queue
[2023-11-13T08:04:23.343+0000] {logging_mixin.py:154} INFO - [2023-11-13T08:04:23.343+0000] {dagbag.py:536} INFO - Filling up the DagBag from /home/airflow/.local/lib/python3.8/site-packages/airflow/example_dags/example_sensors.py
[2023-11-13T08:04:23.351+0000] {processor.py:839} INFO - DAG(s) dict_keys(['example_sensors']) retrieved from /home/airflow/.local/lib/python3.8/site-packages/airflow/example_dags/example_sensors.py
[2023-11-13T08:04:23.374+0000] {logging_mixin.py:154} INFO - [2023-11-13T08:04:23.373+0000] {dag.py:2941} INFO - Sync 1 DAGs
[2023-11-13T08:04:23.384+0000] {logging_mixin.py:154} INFO - [2023-11-13T08:04:23.384+0000] {dag.py:3722} INFO - Setting next_dagrun for example_sensors to None, run_after=None
[2023-11-13T08:04:23.668+0000] {processor.py:179} INFO - Processing /home/airflow/.local/lib/python3.8/site-packages/airflow/example_dags/example_sensors.py took 0.478 seconds
[2023-11-13T08:04:53.798+0000] {processor.py:157} INFO - Started process (PID=1070) to work on /home/airflow/.local/lib/python3.8/site-packages/airflow/example_dags/example_sensors.py
[2023-11-13T08:04:53.821+0000] {processor.py:829} INFO - Processing file /home/airflow/.local/lib/python3.8/site-packages/airflow/example_dags/example_sensors.py for tasks to queue
[2023-11-13T08:04:53.823+0000] {logging_mixin.py:154} INFO - [2023-11-13T08:04:53.822+0000] {dagbag.py:536} INFO - Filling up the DagBag from /home/airflow/.local/lib/python3.8/site-packages/airflow/example_dags/example_sensors.py
[2023-11-13T08:04:53.829+0000] {processor.py:839} INFO - DAG(s) dict_keys(['example_sensors']) retrieved from /home/airflow/.local/lib/python3.8/site-packages/airflow/example_dags/example_sensors.py
[2023-11-13T08:04:53.847+0000] {logging_mixin.py:154} INFO - [2023-11-13T08:04:53.847+0000] {dag.py:2941} INFO - Sync 1 DAGs
[2023-11-13T08:04:53.950+0000] {logging_mixin.py:154} INFO - [2023-11-13T08:04:53.950+0000] {dag.py:3722} INFO - Setting next_dagrun for example_sensors to None, run_after=None
[2023-11-13T08:04:54.049+0000] {processor.py:179} INFO - Processing /home/airflow/.local/lib/python3.8/site-packages/airflow/example_dags/example_sensors.py took 0.253 seconds
[2023-11-13T08:05:24.245+0000] {processor.py:157} INFO - Started process (PID=1124) to work on /home/airflow/.local/lib/python3.8/site-packages/airflow/example_dags/example_sensors.py
[2023-11-13T08:05:24.246+0000] {processor.py:829} INFO - Processing file /home/airflow/.local/lib/python3.8/site-packages/airflow/example_dags/example_sensors.py for tasks to queue
[2023-11-13T08:05:24.248+0000] {logging_mixin.py:154} INFO - [2023-11-13T08:05:24.247+0000] {dagbag.py:536} INFO - Filling up the DagBag from /home/airflow/.local/lib/python3.8/site-packages/airflow/example_dags/example_sensors.py
[2023-11-13T08:05:24.254+0000] {processor.py:839} INFO - DAG(s) dict_keys(['example_sensors']) retrieved from /home/airflow/.local/lib/python3.8/site-packages/airflow/example_dags/example_sensors.py
[2023-11-13T08:05:24.272+0000] {logging_mixin.py:154} INFO - [2023-11-13T08:05:24.271+0000] {dag.py:2941} INFO - Sync 1 DAGs
[2023-11-13T08:05:24.280+0000] {logging_mixin.py:154} INFO - [2023-11-13T08:05:24.280+0000] {dag.py:3722} INFO - Setting next_dagrun for example_sensors to None, run_after=None
[2023-11-13T08:05:24.309+0000] {processor.py:179} INFO - Processing /home/airflow/.local/lib/python3.8/site-packages/airflow/example_dags/example_sensors.py took 0.066 seconds
[2023-11-13T08:05:55.318+0000] {processor.py:157} INFO - Started process (PID=1178) to work on /home/airflow/.local/lib/python3.8/site-packages/airflow/example_dags/example_sensors.py
[2023-11-13T08:05:55.318+0000] {processor.py:829} INFO - Processing file /home/airflow/.local/lib/python3.8/site-packages/airflow/example_dags/example_sensors.py for tasks to queue
[2023-11-13T08:05:55.320+0000] {logging_mixin.py:154} INFO - [2023-11-13T08:05:55.319+0000] {dagbag.py:536} INFO - Filling up the DagBag from /home/airflow/.local/lib/python3.8/site-packages/airflow/example_dags/example_sensors.py
[2023-11-13T08:05:55.327+0000] {processor.py:839} INFO - DAG(s) dict_keys(['example_sensors']) retrieved from /home/airflow/.local/lib/python3.8/site-packages/airflow/example_dags/example_sensors.py
[2023-11-13T08:05:55.345+0000] {logging_mixin.py:154} INFO - [2023-11-13T08:05:55.344+0000] {dag.py:2941} INFO - Sync 1 DAGs
[2023-11-13T08:05:55.353+0000] {logging_mixin.py:154} INFO - [2023-11-13T08:05:55.353+0000] {dag.py:3722} INFO - Setting next_dagrun for example_sensors to None, run_after=None
[2023-11-13T08:05:55.616+0000] {processor.py:179} INFO - Processing /home/airflow/.local/lib/python3.8/site-packages/airflow/example_dags/example_sensors.py took 0.301 seconds
[2023-11-13T08:06:25.811+0000] {processor.py:157} INFO - Started process (PID=1232) to work on /home/airflow/.local/lib/python3.8/site-packages/airflow/example_dags/example_sensors.py
[2023-11-13T08:06:25.827+0000] {processor.py:829} INFO - Processing file /home/airflow/.local/lib/python3.8/site-packages/airflow/example_dags/example_sensors.py for tasks to queue
[2023-11-13T08:06:25.828+0000] {logging_mixin.py:154} INFO - [2023-11-13T08:06:25.828+0000] {dagbag.py:536} INFO - Filling up the DagBag from /home/airflow/.local/lib/python3.8/site-packages/airflow/example_dags/example_sensors.py
[2023-11-13T08:06:25.835+0000] {processor.py:839} INFO - DAG(s) dict_keys(['example_sensors']) retrieved from /home/airflow/.local/lib/python3.8/site-packages/airflow/example_dags/example_sensors.py
[2023-11-13T08:06:25.855+0000] {logging_mixin.py:154} INFO - [2023-11-13T08:06:25.855+0000] {dag.py:2941} INFO - Sync 1 DAGs
[2023-11-13T08:06:25.978+0000] {logging_mixin.py:154} INFO - [2023-11-13T08:06:25.978+0000] {dag.py:3722} INFO - Setting next_dagrun for example_sensors to None, run_after=None
[2023-11-13T08:06:26.481+0000] {processor.py:179} INFO - Processing /home/airflow/.local/lib/python3.8/site-packages/airflow/example_dags/example_sensors.py took 0.673 seconds
[2023-11-13T08:06:56.650+0000] {processor.py:157} INFO - Started process (PID=1285) to work on /home/airflow/.local/lib/python3.8/site-packages/airflow/example_dags/example_sensors.py
[2023-11-13T08:06:56.650+0000] {processor.py:829} INFO - Processing file /home/airflow/.local/lib/python3.8/site-packages/airflow/example_dags/example_sensors.py for tasks to queue
[2023-11-13T08:06:56.651+0000] {logging_mixin.py:154} INFO - [2023-11-13T08:06:56.651+0000] {dagbag.py:536} INFO - Filling up the DagBag from /home/airflow/.local/lib/python3.8/site-packages/airflow/example_dags/example_sensors.py
[2023-11-13T08:06:56.657+0000] {processor.py:839} INFO - DAG(s) dict_keys(['example_sensors']) retrieved from /home/airflow/.local/lib/python3.8/site-packages/airflow/example_dags/example_sensors.py
[2023-11-13T08:06:56.674+0000] {logging_mixin.py:154} INFO - [2023-11-13T08:06:56.674+0000] {dag.py:2941} INFO - Sync 1 DAGs
[2023-11-13T08:06:56.683+0000] {logging_mixin.py:154} INFO - [2023-11-13T08:06:56.682+0000] {dag.py:3722} INFO - Setting next_dagrun for example_sensors to None, run_after=None
[2023-11-13T08:06:56.852+0000] {processor.py:179} INFO - Processing /home/airflow/.local/lib/python3.8/site-packages/airflow/example_dags/example_sensors.py took 0.205 seconds
[2023-11-13T08:07:27.022+0000] {processor.py:157} INFO - Started process (PID=1339) to work on /home/airflow/.local/lib/python3.8/site-packages/airflow/example_dags/example_sensors.py
[2023-11-13T08:07:27.023+0000] {processor.py:829} INFO - Processing file /home/airflow/.local/lib/python3.8/site-packages/airflow/example_dags/example_sensors.py for tasks to queue
[2023-11-13T08:07:27.024+0000] {logging_mixin.py:154} INFO - [2023-11-13T08:07:27.024+0000] {dagbag.py:536} INFO - Filling up the DagBag from /home/airflow/.local/lib/python3.8/site-packages/airflow/example_dags/example_sensors.py
[2023-11-13T08:07:27.031+0000] {processor.py:839} INFO - DAG(s) dict_keys(['example_sensors']) retrieved from /home/airflow/.local/lib/python3.8/site-packages/airflow/example_dags/example_sensors.py
[2023-11-13T08:07:27.050+0000] {logging_mixin.py:154} INFO - [2023-11-13T08:07:27.050+0000] {dag.py:2941} INFO - Sync 1 DAGs
[2023-11-13T08:07:27.060+0000] {logging_mixin.py:154} INFO - [2023-11-13T08:07:27.060+0000] {dag.py:3722} INFO - Setting next_dagrun for example_sensors to None, run_after=None
[2023-11-13T08:07:27.119+0000] {processor.py:179} INFO - Processing /home/airflow/.local/lib/python3.8/site-packages/airflow/example_dags/example_sensors.py took 0.099 seconds
[2023-11-13T08:07:57.867+0000] {processor.py:157} INFO - Started process (PID=1393) to work on /home/airflow/.local/lib/python3.8/site-packages/airflow/example_dags/example_sensors.py
[2023-11-13T08:07:57.997+0000] {processor.py:829} INFO - Processing file /home/airflow/.local/lib/python3.8/site-packages/airflow/example_dags/example_sensors.py for tasks to queue
[2023-11-13T08:07:57.998+0000] {logging_mixin.py:154} INFO - [2023-11-13T08:07:57.998+0000] {dagbag.py:536} INFO - Filling up the DagBag from /home/airflow/.local/lib/python3.8/site-packages/airflow/example_dags/example_sensors.py
[2023-11-13T08:07:58.004+0000] {processor.py:839} INFO - DAG(s) dict_keys(['example_sensors']) retrieved from /home/airflow/.local/lib/python3.8/site-packages/airflow/example_dags/example_sensors.py
[2023-11-13T08:07:58.021+0000] {logging_mixin.py:154} INFO - [2023-11-13T08:07:58.021+0000] {dag.py:2941} INFO - Sync 1 DAGs
[2023-11-13T08:07:58.119+0000] {logging_mixin.py:154} INFO - [2023-11-13T08:07:58.119+0000] {dag.py:3722} INFO - Setting next_dagrun for example_sensors to None, run_after=None
[2023-11-13T08:07:58.432+0000] {processor.py:179} INFO - Processing /home/airflow/.local/lib/python3.8/site-packages/airflow/example_dags/example_sensors.py took 0.567 seconds
[2023-11-13T08:08:28.978+0000] {processor.py:157} INFO - Started process (PID=1447) to work on /home/airflow/.local/lib/python3.8/site-packages/airflow/example_dags/example_sensors.py
[2023-11-13T08:08:28.979+0000] {processor.py:829} INFO - Processing file /home/airflow/.local/lib/python3.8/site-packages/airflow/example_dags/example_sensors.py for tasks to queue
[2023-11-13T08:08:28.981+0000] {logging_mixin.py:154} INFO - [2023-11-13T08:08:28.980+0000] {dagbag.py:536} INFO - Filling up the DagBag from /home/airflow/.local/lib/python3.8/site-packages/airflow/example_dags/example_sensors.py
[2023-11-13T08:08:28.987+0000] {processor.py:839} INFO - DAG(s) dict_keys(['example_sensors']) retrieved from /home/airflow/.local/lib/python3.8/site-packages/airflow/example_dags/example_sensors.py
[2023-11-13T08:08:29.007+0000] {logging_mixin.py:154} INFO - [2023-11-13T08:08:29.007+0000] {dag.py:2941} INFO - Sync 1 DAGs
[2023-11-13T08:08:29.017+0000] {logging_mixin.py:154} INFO - [2023-11-13T08:08:29.017+0000] {dag.py:3722} INFO - Setting next_dagrun for example_sensors to None, run_after=None
[2023-11-13T08:08:29.092+0000] {processor.py:179} INFO - Processing /home/airflow/.local/lib/python3.8/site-packages/airflow/example_dags/example_sensors.py took 0.117 seconds
[2023-11-13T08:08:59.654+0000] {processor.py:157} INFO - Started process (PID=1501) to work on /home/airflow/.local/lib/python3.8/site-packages/airflow/example_dags/example_sensors.py
[2023-11-13T08:08:59.655+0000] {processor.py:829} INFO - Processing file /home/airflow/.local/lib/python3.8/site-packages/airflow/example_dags/example_sensors.py for tasks to queue
[2023-11-13T08:08:59.657+0000] {logging_mixin.py:154} INFO - [2023-11-13T08:08:59.656+0000] {dagbag.py:536} INFO - Filling up the DagBag from /home/airflow/.local/lib/python3.8/site-packages/airflow/example_dags/example_sensors.py
[2023-11-13T08:08:59.663+0000] {processor.py:839} INFO - DAG(s) dict_keys(['example_sensors']) retrieved from /home/airflow/.local/lib/python3.8/site-packages/airflow/example_dags/example_sensors.py
[2023-11-13T08:08:59.781+0000] {logging_mixin.py:154} INFO - [2023-11-13T08:08:59.781+0000] {dag.py:2941} INFO - Sync 1 DAGs
[2023-11-13T08:08:59.788+0000] {logging_mixin.py:154} INFO - [2023-11-13T08:08:59.788+0000] {dag.py:3722} INFO - Setting next_dagrun for example_sensors to None, run_after=None
[2023-11-13T08:09:00.000+0000] {processor.py:179} INFO - Processing /home/airflow/.local/lib/python3.8/site-packages/airflow/example_dags/example_sensors.py took 0.348 seconds
[2023-11-13T08:09:30.449+0000] {processor.py:157} INFO - Started process (PID=1555) to work on /home/airflow/.local/lib/python3.8/site-packages/airflow/example_dags/example_sensors.py
[2023-11-13T08:09:30.450+0000] {processor.py:829} INFO - Processing file /home/airflow/.local/lib/python3.8/site-packages/airflow/example_dags/example_sensors.py for tasks to queue
[2023-11-13T08:09:30.451+0000] {logging_mixin.py:154} INFO - [2023-11-13T08:09:30.451+0000] {dagbag.py:536} INFO - Filling up the DagBag from /home/airflow/.local/lib/python3.8/site-packages/airflow/example_dags/example_sensors.py
[2023-11-13T08:09:30.459+0000] {processor.py:839} INFO - DAG(s) dict_keys(['example_sensors']) retrieved from /home/airflow/.local/lib/python3.8/site-packages/airflow/example_dags/example_sensors.py
[2023-11-13T08:09:30.484+0000] {logging_mixin.py:154} INFO - [2023-11-13T08:09:30.484+0000] {dag.py:2941} INFO - Sync 1 DAGs
[2023-11-13T08:09:30.589+0000] {logging_mixin.py:154} INFO - [2023-11-13T08:09:30.589+0000] {dag.py:3722} INFO - Setting next_dagrun for example_sensors to None, run_after=None
[2023-11-13T08:09:30.904+0000] {processor.py:179} INFO - Processing /home/airflow/.local/lib/python3.8/site-packages/airflow/example_dags/example_sensors.py took 0.458 seconds
[2023-11-13T08:10:01.635+0000] {processor.py:157} INFO - Started process (PID=1615) to work on /home/airflow/.local/lib/python3.8/site-packages/airflow/example_dags/example_sensors.py
[2023-11-13T08:10:01.636+0000] {processor.py:829} INFO - Processing file /home/airflow/.local/lib/python3.8/site-packages/airflow/example_dags/example_sensors.py for tasks to queue
[2023-11-13T08:10:01.638+0000] {logging_mixin.py:154} INFO - [2023-11-13T08:10:01.637+0000] {dagbag.py:536} INFO - Filling up the DagBag from /home/airflow/.local/lib/python3.8/site-packages/airflow/example_dags/example_sensors.py
[2023-11-13T08:10:01.643+0000] {processor.py:839} INFO - DAG(s) dict_keys(['example_sensors']) retrieved from /home/airflow/.local/lib/python3.8/site-packages/airflow/example_dags/example_sensors.py
[2023-11-13T08:10:01.685+0000] {logging_mixin.py:154} INFO - [2023-11-13T08:10:01.685+0000] {dag.py:2941} INFO - Sync 1 DAGs
[2023-11-13T08:10:01.695+0000] {logging_mixin.py:154} INFO - [2023-11-13T08:10:01.695+0000] {dag.py:3722} INFO - Setting next_dagrun for example_sensors to None, run_after=None
[2023-11-13T08:10:01.739+0000] {processor.py:179} INFO - Processing /home/airflow/.local/lib/python3.8/site-packages/airflow/example_dags/example_sensors.py took 0.106 seconds
[2023-11-13T08:10:32.524+0000] {processor.py:157} INFO - Started process (PID=1670) to work on /home/airflow/.local/lib/python3.8/site-packages/airflow/example_dags/example_sensors.py
[2023-11-13T08:10:32.525+0000] {processor.py:829} INFO - Processing file /home/airflow/.local/lib/python3.8/site-packages/airflow/example_dags/example_sensors.py for tasks to queue
[2023-11-13T08:10:32.526+0000] {logging_mixin.py:154} INFO - [2023-11-13T08:10:32.526+0000] {dagbag.py:536} INFO - Filling up the DagBag from /home/airflow/.local/lib/python3.8/site-packages/airflow/example_dags/example_sensors.py
[2023-11-13T08:10:32.533+0000] {processor.py:839} INFO - DAG(s) dict_keys(['example_sensors']) retrieved from /home/airflow/.local/lib/python3.8/site-packages/airflow/example_dags/example_sensors.py
[2023-11-13T08:10:32.551+0000] {logging_mixin.py:154} INFO - [2023-11-13T08:10:32.551+0000] {dag.py:2941} INFO - Sync 1 DAGs
[2023-11-13T08:10:32.560+0000] {logging_mixin.py:154} INFO - [2023-11-13T08:10:32.560+0000] {dag.py:3722} INFO - Setting next_dagrun for example_sensors to None, run_after=None
[2023-11-13T08:10:32.595+0000] {processor.py:179} INFO - Processing /home/airflow/.local/lib/python3.8/site-packages/airflow/example_dags/example_sensors.py took 0.073 seconds
[2023-11-13T08:11:03.612+0000] {processor.py:157} INFO - Started process (PID=1724) to work on /home/airflow/.local/lib/python3.8/site-packages/airflow/example_dags/example_sensors.py
[2023-11-13T08:11:03.613+0000] {processor.py:829} INFO - Processing file /home/airflow/.local/lib/python3.8/site-packages/airflow/example_dags/example_sensors.py for tasks to queue
[2023-11-13T08:11:03.614+0000] {logging_mixin.py:154} INFO - [2023-11-13T08:11:03.614+0000] {dagbag.py:536} INFO - Filling up the DagBag from /home/airflow/.local/lib/python3.8/site-packages/airflow/example_dags/example_sensors.py
[2023-11-13T08:11:03.620+0000] {processor.py:839} INFO - DAG(s) dict_keys(['example_sensors']) retrieved from /home/airflow/.local/lib/python3.8/site-packages/airflow/example_dags/example_sensors.py
[2023-11-13T08:11:03.638+0000] {logging_mixin.py:154} INFO - [2023-11-13T08:11:03.638+0000] {dag.py:2941} INFO - Sync 1 DAGs
[2023-11-13T08:11:03.647+0000] {logging_mixin.py:154} INFO - [2023-11-13T08:11:03.646+0000] {dag.py:3722} INFO - Setting next_dagrun for example_sensors to None, run_after=None
[2023-11-13T08:11:03.677+0000] {processor.py:179} INFO - Processing /home/airflow/.local/lib/python3.8/site-packages/airflow/example_dags/example_sensors.py took 0.068 seconds
[2023-11-13T08:11:33.973+0000] {processor.py:157} INFO - Started process (PID=1776) to work on /home/airflow/.local/lib/python3.8/site-packages/airflow/example_dags/example_sensors.py
[2023-11-13T08:11:33.974+0000] {processor.py:829} INFO - Processing file /home/airflow/.local/lib/python3.8/site-packages/airflow/example_dags/example_sensors.py for tasks to queue
[2023-11-13T08:11:33.975+0000] {logging_mixin.py:154} INFO - [2023-11-13T08:11:33.975+0000] {dagbag.py:536} INFO - Filling up the DagBag from /home/airflow/.local/lib/python3.8/site-packages/airflow/example_dags/example_sensors.py
[2023-11-13T08:11:33.982+0000] {processor.py:839} INFO - DAG(s) dict_keys(['example_sensors']) retrieved from /home/airflow/.local/lib/python3.8/site-packages/airflow/example_dags/example_sensors.py
[2023-11-13T08:11:34.000+0000] {logging_mixin.py:154} INFO - [2023-11-13T08:11:34.000+0000] {dag.py:2941} INFO - Sync 1 DAGs
[2023-11-13T08:11:34.008+0000] {logging_mixin.py:154} INFO - [2023-11-13T08:11:34.008+0000] {dag.py:3722} INFO - Setting next_dagrun for example_sensors to None, run_after=None
[2023-11-13T08:11:34.041+0000] {processor.py:179} INFO - Processing /home/airflow/.local/lib/python3.8/site-packages/airflow/example_dags/example_sensors.py took 0.070 seconds
[2023-11-13T08:12:04.563+0000] {processor.py:157} INFO - Started process (PID=1826) to work on /home/airflow/.local/lib/python3.8/site-packages/airflow/example_dags/example_sensors.py
[2023-11-13T08:12:04.580+0000] {processor.py:829} INFO - Processing file /home/airflow/.local/lib/python3.8/site-packages/airflow/example_dags/example_sensors.py for tasks to queue
[2023-11-13T08:12:04.581+0000] {logging_mixin.py:154} INFO - [2023-11-13T08:12:04.581+0000] {dagbag.py:536} INFO - Filling up the DagBag from /home/airflow/.local/lib/python3.8/site-packages/airflow/example_dags/example_sensors.py
[2023-11-13T08:12:04.588+0000] {processor.py:839} INFO - DAG(s) dict_keys(['example_sensors']) retrieved from /home/airflow/.local/lib/python3.8/site-packages/airflow/example_dags/example_sensors.py
[2023-11-13T08:12:04.605+0000] {logging_mixin.py:154} INFO - [2023-11-13T08:12:04.605+0000] {dag.py:2941} INFO - Sync 1 DAGs
[2023-11-13T08:12:04.613+0000] {logging_mixin.py:154} INFO - [2023-11-13T08:12:04.613+0000] {dag.py:3722} INFO - Setting next_dagrun for example_sensors to None, run_after=None
[2023-11-13T08:12:04.641+0000] {processor.py:179} INFO - Processing /home/airflow/.local/lib/python3.8/site-packages/airflow/example_dags/example_sensors.py took 0.080 seconds
[2023-11-13T08:12:35.249+0000] {processor.py:157} INFO - Started process (PID=1880) to work on /home/airflow/.local/lib/python3.8/site-packages/airflow/example_dags/example_sensors.py
[2023-11-13T08:12:35.250+0000] {processor.py:829} INFO - Processing file /home/airflow/.local/lib/python3.8/site-packages/airflow/example_dags/example_sensors.py for tasks to queue
[2023-11-13T08:12:35.251+0000] {logging_mixin.py:154} INFO - [2023-11-13T08:12:35.251+0000] {dagbag.py:536} INFO - Filling up the DagBag from /home/airflow/.local/lib/python3.8/site-packages/airflow/example_dags/example_sensors.py
[2023-11-13T08:12:35.258+0000] {processor.py:839} INFO - DAG(s) dict_keys(['example_sensors']) retrieved from /home/airflow/.local/lib/python3.8/site-packages/airflow/example_dags/example_sensors.py
[2023-11-13T08:12:35.278+0000] {logging_mixin.py:154} INFO - [2023-11-13T08:12:35.278+0000] {dag.py:2941} INFO - Sync 1 DAGs
[2023-11-13T08:12:35.287+0000] {logging_mixin.py:154} INFO - [2023-11-13T08:12:35.287+0000] {dag.py:3722} INFO - Setting next_dagrun for example_sensors to None, run_after=None
[2023-11-13T08:12:35.358+0000] {processor.py:179} INFO - Processing /home/airflow/.local/lib/python3.8/site-packages/airflow/example_dags/example_sensors.py took 0.111 seconds
[2023-11-13T08:13:09.280+0000] {processor.py:157} INFO - Started process (PID=1934) to work on /home/airflow/.local/lib/python3.8/site-packages/airflow/example_dags/example_sensors.py
[2023-11-13T08:13:09.398+0000] {processor.py:829} INFO - Processing file /home/airflow/.local/lib/python3.8/site-packages/airflow/example_dags/example_sensors.py for tasks to queue
[2023-11-13T08:13:09.406+0000] {logging_mixin.py:154} INFO - [2023-11-13T08:13:09.405+0000] {dagbag.py:536} INFO - Filling up the DagBag from /home/airflow/.local/lib/python3.8/site-packages/airflow/example_dags/example_sensors.py
[2023-11-13T08:13:09.434+0000] {processor.py:839} INFO - DAG(s) dict_keys(['example_sensors']) retrieved from /home/airflow/.local/lib/python3.8/site-packages/airflow/example_dags/example_sensors.py
[2023-11-13T08:13:09.465+0000] {logging_mixin.py:154} INFO - [2023-11-13T08:13:09.465+0000] {dag.py:2941} INFO - Sync 1 DAGs
[2023-11-13T08:13:09.479+0000] {logging_mixin.py:154} INFO - [2023-11-13T08:13:09.479+0000] {dag.py:3722} INFO - Setting next_dagrun for example_sensors to None, run_after=None
[2023-11-13T08:13:09.607+0000] {processor.py:179} INFO - Processing /home/airflow/.local/lib/python3.8/site-packages/airflow/example_dags/example_sensors.py took 0.336 seconds
[2023-11-13T08:13:40.482+0000] {processor.py:157} INFO - Started process (PID=1988) to work on /home/airflow/.local/lib/python3.8/site-packages/airflow/example_dags/example_sensors.py
[2023-11-13T08:13:40.484+0000] {processor.py:829} INFO - Processing file /home/airflow/.local/lib/python3.8/site-packages/airflow/example_dags/example_sensors.py for tasks to queue
[2023-11-13T08:13:40.486+0000] {logging_mixin.py:154} INFO - [2023-11-13T08:13:40.486+0000] {dagbag.py:536} INFO - Filling up the DagBag from /home/airflow/.local/lib/python3.8/site-packages/airflow/example_dags/example_sensors.py
[2023-11-13T08:13:40.496+0000] {processor.py:839} INFO - DAG(s) dict_keys(['example_sensors']) retrieved from /home/airflow/.local/lib/python3.8/site-packages/airflow/example_dags/example_sensors.py
[2023-11-13T08:13:40.518+0000] {logging_mixin.py:154} INFO - [2023-11-13T08:13:40.517+0000] {dag.py:2941} INFO - Sync 1 DAGs
[2023-11-13T08:13:40.526+0000] {logging_mixin.py:154} INFO - [2023-11-13T08:13:40.526+0000] {dag.py:3722} INFO - Setting next_dagrun for example_sensors to None, run_after=None
[2023-11-13T08:13:40.558+0000] {processor.py:179} INFO - Processing /home/airflow/.local/lib/python3.8/site-packages/airflow/example_dags/example_sensors.py took 0.081 seconds
[2023-11-13T08:14:11.433+0000] {processor.py:157} INFO - Started process (PID=2042) to work on /home/airflow/.local/lib/python3.8/site-packages/airflow/example_dags/example_sensors.py
[2023-11-13T08:14:11.434+0000] {processor.py:829} INFO - Processing file /home/airflow/.local/lib/python3.8/site-packages/airflow/example_dags/example_sensors.py for tasks to queue
[2023-11-13T08:14:11.436+0000] {logging_mixin.py:154} INFO - [2023-11-13T08:14:11.435+0000] {dagbag.py:536} INFO - Filling up the DagBag from /home/airflow/.local/lib/python3.8/site-packages/airflow/example_dags/example_sensors.py
[2023-11-13T08:14:11.442+0000] {processor.py:839} INFO - DAG(s) dict_keys(['example_sensors']) retrieved from /home/airflow/.local/lib/python3.8/site-packages/airflow/example_dags/example_sensors.py
[2023-11-13T08:14:11.460+0000] {logging_mixin.py:154} INFO - [2023-11-13T08:14:11.460+0000] {dag.py:2941} INFO - Sync 1 DAGs
[2023-11-13T08:14:11.469+0000] {logging_mixin.py:154} INFO - [2023-11-13T08:14:11.469+0000] {dag.py:3722} INFO - Setting next_dagrun for example_sensors to None, run_after=None
[2023-11-13T08:14:11.774+0000] {processor.py:179} INFO - Processing /home/airflow/.local/lib/python3.8/site-packages/airflow/example_dags/example_sensors.py took 0.343 seconds
[2023-11-13T08:14:42.283+0000] {processor.py:157} INFO - Started process (PID=2096) to work on /home/airflow/.local/lib/python3.8/site-packages/airflow/example_dags/example_sensors.py
[2023-11-13T08:14:42.284+0000] {processor.py:829} INFO - Processing file /home/airflow/.local/lib/python3.8/site-packages/airflow/example_dags/example_sensors.py for tasks to queue
[2023-11-13T08:14:42.285+0000] {logging_mixin.py:154} INFO - [2023-11-13T08:14:42.285+0000] {dagbag.py:536} INFO - Filling up the DagBag from /home/airflow/.local/lib/python3.8/site-packages/airflow/example_dags/example_sensors.py
[2023-11-13T08:14:42.291+0000] {processor.py:839} INFO - DAG(s) dict_keys(['example_sensors']) retrieved from /home/airflow/.local/lib/python3.8/site-packages/airflow/example_dags/example_sensors.py
[2023-11-13T08:14:42.308+0000] {logging_mixin.py:154} INFO - [2023-11-13T08:14:42.308+0000] {dag.py:2941} INFO - Sync 1 DAGs
[2023-11-13T08:14:42.316+0000] {logging_mixin.py:154} INFO - [2023-11-13T08:14:42.316+0000] {dag.py:3722} INFO - Setting next_dagrun for example_sensors to None, run_after=None
[2023-11-13T08:14:42.606+0000] {processor.py:179} INFO - Processing /home/airflow/.local/lib/python3.8/site-packages/airflow/example_dags/example_sensors.py took 0.325 seconds
[2023-11-13T08:15:14.529+0000] {processor.py:157} INFO - Started process (PID=2150) to work on /home/airflow/.local/lib/python3.8/site-packages/airflow/example_dags/example_sensors.py
[2023-11-13T08:15:14.561+0000] {processor.py:829} INFO - Processing file /home/airflow/.local/lib/python3.8/site-packages/airflow/example_dags/example_sensors.py for tasks to queue
[2023-11-13T08:15:14.565+0000] {logging_mixin.py:154} INFO - [2023-11-13T08:15:14.565+0000] {dagbag.py:536} INFO - Filling up the DagBag from /home/airflow/.local/lib/python3.8/site-packages/airflow/example_dags/example_sensors.py
[2023-11-13T08:15:14.572+0000] {processor.py:839} INFO - DAG(s) dict_keys(['example_sensors']) retrieved from /home/airflow/.local/lib/python3.8/site-packages/airflow/example_dags/example_sensors.py
[2023-11-13T08:15:14.590+0000] {logging_mixin.py:154} INFO - [2023-11-13T08:15:14.590+0000] {dag.py:2941} INFO - Sync 1 DAGs
[2023-11-13T08:15:14.599+0000] {logging_mixin.py:154} INFO - [2023-11-13T08:15:14.599+0000] {dag.py:3722} INFO - Setting next_dagrun for example_sensors to None, run_after=None
[2023-11-13T08:15:14.680+0000] {processor.py:179} INFO - Processing /home/airflow/.local/lib/python3.8/site-packages/airflow/example_dags/example_sensors.py took 0.152 seconds
[2023-11-13T08:15:46.119+0000] {processor.py:157} INFO - Started process (PID=2204) to work on /home/airflow/.local/lib/python3.8/site-packages/airflow/example_dags/example_sensors.py
[2023-11-13T08:15:46.119+0000] {processor.py:829} INFO - Processing file /home/airflow/.local/lib/python3.8/site-packages/airflow/example_dags/example_sensors.py for tasks to queue
[2023-11-13T08:15:46.121+0000] {logging_mixin.py:154} INFO - [2023-11-13T08:15:46.120+0000] {dagbag.py:536} INFO - Filling up the DagBag from /home/airflow/.local/lib/python3.8/site-packages/airflow/example_dags/example_sensors.py
[2023-11-13T08:15:46.126+0000] {processor.py:839} INFO - DAG(s) dict_keys(['example_sensors']) retrieved from /home/airflow/.local/lib/python3.8/site-packages/airflow/example_dags/example_sensors.py
[2023-11-13T08:15:46.145+0000] {logging_mixin.py:154} INFO - [2023-11-13T08:15:46.145+0000] {dag.py:2941} INFO - Sync 1 DAGs
[2023-11-13T08:15:46.154+0000] {logging_mixin.py:154} INFO - [2023-11-13T08:15:46.154+0000] {dag.py:3722} INFO - Setting next_dagrun for example_sensors to None, run_after=None
[2023-11-13T08:15:46.179+0000] {processor.py:179} INFO - Processing /home/airflow/.local/lib/python3.8/site-packages/airflow/example_dags/example_sensors.py took 0.063 seconds
[2023-11-13T08:16:18.273+0000] {processor.py:157} INFO - Started process (PID=2258) to work on /home/airflow/.local/lib/python3.8/site-packages/airflow/example_dags/example_sensors.py
[2023-11-13T08:16:18.296+0000] {processor.py:829} INFO - Processing file /home/airflow/.local/lib/python3.8/site-packages/airflow/example_dags/example_sensors.py for tasks to queue
[2023-11-13T08:16:18.297+0000] {logging_mixin.py:154} INFO - [2023-11-13T08:16:18.297+0000] {dagbag.py:536} INFO - Filling up the DagBag from /home/airflow/.local/lib/python3.8/site-packages/airflow/example_dags/example_sensors.py
[2023-11-13T08:16:18.303+0000] {processor.py:839} INFO - DAG(s) dict_keys(['example_sensors']) retrieved from /home/airflow/.local/lib/python3.8/site-packages/airflow/example_dags/example_sensors.py
[2023-11-13T08:16:18.321+0000] {logging_mixin.py:154} INFO - [2023-11-13T08:16:18.321+0000] {dag.py:2941} INFO - Sync 1 DAGs
[2023-11-13T08:16:18.330+0000] {logging_mixin.py:154} INFO - [2023-11-13T08:16:18.330+0000] {dag.py:3722} INFO - Setting next_dagrun for example_sensors to None, run_after=None
[2023-11-13T08:16:18.392+0000] {processor.py:179} INFO - Processing /home/airflow/.local/lib/python3.8/site-packages/airflow/example_dags/example_sensors.py took 0.121 seconds
[2023-11-13T08:16:49.709+0000] {processor.py:157} INFO - Started process (PID=2313) to work on /home/airflow/.local/lib/python3.8/site-packages/airflow/example_dags/example_sensors.py
[2023-11-13T08:16:49.728+0000] {processor.py:829} INFO - Processing file /home/airflow/.local/lib/python3.8/site-packages/airflow/example_dags/example_sensors.py for tasks to queue
[2023-11-13T08:16:49.730+0000] {logging_mixin.py:154} INFO - [2023-11-13T08:16:49.729+0000] {dagbag.py:536} INFO - Filling up the DagBag from /home/airflow/.local/lib/python3.8/site-packages/airflow/example_dags/example_sensors.py
[2023-11-13T08:16:49.736+0000] {processor.py:839} INFO - DAG(s) dict_keys(['example_sensors']) retrieved from /home/airflow/.local/lib/python3.8/site-packages/airflow/example_dags/example_sensors.py
[2023-11-13T08:16:49.755+0000] {logging_mixin.py:154} INFO - [2023-11-13T08:16:49.755+0000] {dag.py:2941} INFO - Sync 1 DAGs
[2023-11-13T08:16:49.764+0000] {logging_mixin.py:154} INFO - [2023-11-13T08:16:49.764+0000] {dag.py:3722} INFO - Setting next_dagrun for example_sensors to None, run_after=None
[2023-11-13T08:16:49.866+0000] {processor.py:179} INFO - Processing /home/airflow/.local/lib/python3.8/site-packages/airflow/example_dags/example_sensors.py took 0.159 seconds
[2023-11-13T08:17:20.176+0000] {processor.py:157} INFO - Started process (PID=2367) to work on /home/airflow/.local/lib/python3.8/site-packages/airflow/example_dags/example_sensors.py
[2023-11-13T08:17:20.178+0000] {processor.py:829} INFO - Processing file /home/airflow/.local/lib/python3.8/site-packages/airflow/example_dags/example_sensors.py for tasks to queue
[2023-11-13T08:17:20.182+0000] {logging_mixin.py:154} INFO - [2023-11-13T08:17:20.181+0000] {dagbag.py:536} INFO - Filling up the DagBag from /home/airflow/.local/lib/python3.8/site-packages/airflow/example_dags/example_sensors.py
[2023-11-13T08:17:20.200+0000] {processor.py:839} INFO - DAG(s) dict_keys(['example_sensors']) retrieved from /home/airflow/.local/lib/python3.8/site-packages/airflow/example_dags/example_sensors.py
[2023-11-13T08:17:20.233+0000] {logging_mixin.py:154} INFO - [2023-11-13T08:17:20.233+0000] {dag.py:2941} INFO - Sync 1 DAGs
[2023-11-13T08:17:20.248+0000] {logging_mixin.py:154} INFO - [2023-11-13T08:17:20.247+0000] {dag.py:3722} INFO - Setting next_dagrun for example_sensors to None, run_after=None
[2023-11-13T08:17:20.493+0000] {processor.py:179} INFO - Processing /home/airflow/.local/lib/python3.8/site-packages/airflow/example_dags/example_sensors.py took 0.322 seconds
[2023-11-13T08:17:51.314+0000] {processor.py:157} INFO - Started process (PID=2421) to work on /home/airflow/.local/lib/python3.8/site-packages/airflow/example_dags/example_sensors.py
[2023-11-13T08:17:51.338+0000] {processor.py:829} INFO - Processing file /home/airflow/.local/lib/python3.8/site-packages/airflow/example_dags/example_sensors.py for tasks to queue
[2023-11-13T08:17:51.340+0000] {logging_mixin.py:154} INFO - [2023-11-13T08:17:51.339+0000] {dagbag.py:536} INFO - Filling up the DagBag from /home/airflow/.local/lib/python3.8/site-packages/airflow/example_dags/example_sensors.py
[2023-11-13T08:17:51.349+0000] {processor.py:839} INFO - DAG(s) dict_keys(['example_sensors']) retrieved from /home/airflow/.local/lib/python3.8/site-packages/airflow/example_dags/example_sensors.py
[2023-11-13T08:17:51.378+0000] {logging_mixin.py:154} INFO - [2023-11-13T08:17:51.378+0000] {dag.py:2941} INFO - Sync 1 DAGs
[2023-11-13T08:17:51.389+0000] {logging_mixin.py:154} INFO - [2023-11-13T08:17:51.389+0000] {dag.py:3722} INFO - Setting next_dagrun for example_sensors to None, run_after=None
[2023-11-13T08:17:51.641+0000] {processor.py:179} INFO - Processing /home/airflow/.local/lib/python3.8/site-packages/airflow/example_dags/example_sensors.py took 0.328 seconds
[2023-11-13T08:18:22.123+0000] {processor.py:157} INFO - Started process (PID=2475) to work on /home/airflow/.local/lib/python3.8/site-packages/airflow/example_dags/example_sensors.py
[2023-11-13T08:18:22.305+0000] {processor.py:829} INFO - Processing file /home/airflow/.local/lib/python3.8/site-packages/airflow/example_dags/example_sensors.py for tasks to queue
[2023-11-13T08:18:22.312+0000] {logging_mixin.py:154} INFO - [2023-11-13T08:18:22.311+0000] {dagbag.py:536} INFO - Filling up the DagBag from /home/airflow/.local/lib/python3.8/site-packages/airflow/example_dags/example_sensors.py
[2023-11-13T08:18:22.341+0000] {processor.py:839} INFO - DAG(s) dict_keys(['example_sensors']) retrieved from /home/airflow/.local/lib/python3.8/site-packages/airflow/example_dags/example_sensors.py
[2023-11-13T08:18:22.369+0000] {logging_mixin.py:154} INFO - [2023-11-13T08:18:22.369+0000] {dag.py:2941} INFO - Sync 1 DAGs
[2023-11-13T08:18:22.378+0000] {logging_mixin.py:154} INFO - [2023-11-13T08:18:22.378+0000] {dag.py:3722} INFO - Setting next_dagrun for example_sensors to None, run_after=None
[2023-11-13T08:18:22.966+0000] {processor.py:179} INFO - Processing /home/airflow/.local/lib/python3.8/site-packages/airflow/example_dags/example_sensors.py took 0.845 seconds
[2023-11-13T08:18:54.950+0000] {processor.py:157} INFO - Started process (PID=2529) to work on /home/airflow/.local/lib/python3.8/site-packages/airflow/example_dags/example_sensors.py
[2023-11-13T08:18:55.029+0000] {processor.py:829} INFO - Processing file /home/airflow/.local/lib/python3.8/site-packages/airflow/example_dags/example_sensors.py for tasks to queue
[2023-11-13T08:18:55.036+0000] {logging_mixin.py:154} INFO - [2023-11-13T08:18:55.035+0000] {dagbag.py:536} INFO - Filling up the DagBag from /home/airflow/.local/lib/python3.8/site-packages/airflow/example_dags/example_sensors.py
[2023-11-13T08:18:55.063+0000] {processor.py:839} INFO - DAG(s) dict_keys(['example_sensors']) retrieved from /home/airflow/.local/lib/python3.8/site-packages/airflow/example_dags/example_sensors.py
[2023-11-13T08:18:55.093+0000] {logging_mixin.py:154} INFO - [2023-11-13T08:18:55.093+0000] {dag.py:2941} INFO - Sync 1 DAGs
[2023-11-13T08:18:55.102+0000] {logging_mixin.py:154} INFO - [2023-11-13T08:18:55.102+0000] {dag.py:3722} INFO - Setting next_dagrun for example_sensors to None, run_after=None
[2023-11-13T08:18:55.126+0000] {processor.py:179} INFO - Processing /home/airflow/.local/lib/python3.8/site-packages/airflow/example_dags/example_sensors.py took 0.178 seconds
[2023-11-13T08:19:25.149+0000] {processor.py:157} INFO - Started process (PID=2583) to work on /home/airflow/.local/lib/python3.8/site-packages/airflow/example_dags/example_sensors.py
[2023-11-13T08:19:25.149+0000] {processor.py:829} INFO - Processing file /home/airflow/.local/lib/python3.8/site-packages/airflow/example_dags/example_sensors.py for tasks to queue
[2023-11-13T08:19:25.151+0000] {logging_mixin.py:154} INFO - [2023-11-13T08:19:25.151+0000] {dagbag.py:536} INFO - Filling up the DagBag from /home/airflow/.local/lib/python3.8/site-packages/airflow/example_dags/example_sensors.py
[2023-11-13T08:19:25.157+0000] {processor.py:839} INFO - DAG(s) dict_keys(['example_sensors']) retrieved from /home/airflow/.local/lib/python3.8/site-packages/airflow/example_dags/example_sensors.py
[2023-11-13T08:19:25.176+0000] {logging_mixin.py:154} INFO - [2023-11-13T08:19:25.176+0000] {dag.py:2941} INFO - Sync 1 DAGs
[2023-11-13T08:19:25.185+0000] {logging_mixin.py:154} INFO - [2023-11-13T08:19:25.185+0000] {dag.py:3722} INFO - Setting next_dagrun for example_sensors to None, run_after=None
[2023-11-13T08:19:25.215+0000] {processor.py:179} INFO - Processing /home/airflow/.local/lib/python3.8/site-packages/airflow/example_dags/example_sensors.py took 0.069 seconds
[2023-11-13T08:19:55.634+0000] {processor.py:157} INFO - Started process (PID=2637) to work on /home/airflow/.local/lib/python3.8/site-packages/airflow/example_dags/example_sensors.py
[2023-11-13T08:19:55.749+0000] {processor.py:829} INFO - Processing file /home/airflow/.local/lib/python3.8/site-packages/airflow/example_dags/example_sensors.py for tasks to queue
[2023-11-13T08:19:55.752+0000] {logging_mixin.py:154} INFO - [2023-11-13T08:19:55.752+0000] {dagbag.py:536} INFO - Filling up the DagBag from /home/airflow/.local/lib/python3.8/site-packages/airflow/example_dags/example_sensors.py
[2023-11-13T08:19:55.762+0000] {processor.py:839} INFO - DAG(s) dict_keys(['example_sensors']) retrieved from /home/airflow/.local/lib/python3.8/site-packages/airflow/example_dags/example_sensors.py
[2023-11-13T08:19:55.797+0000] {logging_mixin.py:154} INFO - [2023-11-13T08:19:55.797+0000] {dag.py:2941} INFO - Sync 1 DAGs
[2023-11-13T08:19:55.815+0000] {logging_mixin.py:154} INFO - [2023-11-13T08:19:55.815+0000] {dag.py:3722} INFO - Setting next_dagrun for example_sensors to None, run_after=None
[2023-11-13T08:19:57.019+0000] {processor.py:179} INFO - Processing /home/airflow/.local/lib/python3.8/site-packages/airflow/example_dags/example_sensors.py took 1.387 seconds
[2023-11-13T08:20:27.232+0000] {processor.py:157} INFO - Started process (PID=2691) to work on /home/airflow/.local/lib/python3.8/site-packages/airflow/example_dags/example_sensors.py
[2023-11-13T08:20:27.233+0000] {processor.py:829} INFO - Processing file /home/airflow/.local/lib/python3.8/site-packages/airflow/example_dags/example_sensors.py for tasks to queue
[2023-11-13T08:20:27.235+0000] {logging_mixin.py:154} INFO - [2023-11-13T08:20:27.234+0000] {dagbag.py:536} INFO - Filling up the DagBag from /home/airflow/.local/lib/python3.8/site-packages/airflow/example_dags/example_sensors.py
[2023-11-13T08:20:27.242+0000] {processor.py:839} INFO - DAG(s) dict_keys(['example_sensors']) retrieved from /home/airflow/.local/lib/python3.8/site-packages/airflow/example_dags/example_sensors.py
[2023-11-13T08:20:27.261+0000] {logging_mixin.py:154} INFO - [2023-11-13T08:20:27.261+0000] {dag.py:2941} INFO - Sync 1 DAGs
[2023-11-13T08:20:27.269+0000] {logging_mixin.py:154} INFO - [2023-11-13T08:20:27.269+0000] {dag.py:3722} INFO - Setting next_dagrun for example_sensors to None, run_after=None
[2023-11-13T08:20:27.313+0000] {processor.py:179} INFO - Processing /home/airflow/.local/lib/python3.8/site-packages/airflow/example_dags/example_sensors.py took 0.084 seconds
[2023-11-13T08:20:59.074+0000] {processor.py:157} INFO - Started process (PID=2745) to work on /home/airflow/.local/lib/python3.8/site-packages/airflow/example_dags/example_sensors.py
[2023-11-13T08:20:59.102+0000] {processor.py:829} INFO - Processing file /home/airflow/.local/lib/python3.8/site-packages/airflow/example_dags/example_sensors.py for tasks to queue
[2023-11-13T08:20:59.103+0000] {logging_mixin.py:154} INFO - [2023-11-13T08:20:59.103+0000] {dagbag.py:536} INFO - Filling up the DagBag from /home/airflow/.local/lib/python3.8/site-packages/airflow/example_dags/example_sensors.py
[2023-11-13T08:20:59.110+0000] {processor.py:839} INFO - DAG(s) dict_keys(['example_sensors']) retrieved from /home/airflow/.local/lib/python3.8/site-packages/airflow/example_dags/example_sensors.py
[2023-11-13T08:20:59.127+0000] {logging_mixin.py:154} INFO - [2023-11-13T08:20:59.127+0000] {dag.py:2941} INFO - Sync 1 DAGs
[2023-11-13T08:20:59.148+0000] {logging_mixin.py:154} INFO - [2023-11-13T08:20:59.147+0000] {dag.py:3722} INFO - Setting next_dagrun for example_sensors to None, run_after=None
[2023-11-13T08:20:59.193+0000] {processor.py:179} INFO - Processing /home/airflow/.local/lib/python3.8/site-packages/airflow/example_dags/example_sensors.py took 0.121 seconds
[2023-11-13T08:21:30.377+0000] {processor.py:157} INFO - Started process (PID=2799) to work on /home/airflow/.local/lib/python3.8/site-packages/airflow/example_dags/example_sensors.py
[2023-11-13T08:21:30.377+0000] {processor.py:829} INFO - Processing file /home/airflow/.local/lib/python3.8/site-packages/airflow/example_dags/example_sensors.py for tasks to queue
[2023-11-13T08:21:30.379+0000] {logging_mixin.py:154} INFO - [2023-11-13T08:21:30.379+0000] {dagbag.py:536} INFO - Filling up the DagBag from /home/airflow/.local/lib/python3.8/site-packages/airflow/example_dags/example_sensors.py
[2023-11-13T08:21:30.385+0000] {processor.py:839} INFO - DAG(s) dict_keys(['example_sensors']) retrieved from /home/airflow/.local/lib/python3.8/site-packages/airflow/example_dags/example_sensors.py
[2023-11-13T08:21:30.404+0000] {logging_mixin.py:154} INFO - [2023-11-13T08:21:30.403+0000] {dag.py:2941} INFO - Sync 1 DAGs
[2023-11-13T08:21:30.413+0000] {logging_mixin.py:154} INFO - [2023-11-13T08:21:30.413+0000] {dag.py:3722} INFO - Setting next_dagrun for example_sensors to None, run_after=None
[2023-11-13T08:21:30.438+0000] {processor.py:179} INFO - Processing /home/airflow/.local/lib/python3.8/site-packages/airflow/example_dags/example_sensors.py took 0.064 seconds
[2023-11-13T08:22:03.049+0000] {processor.py:157} INFO - Started process (PID=2853) to work on /home/airflow/.local/lib/python3.8/site-packages/airflow/example_dags/example_sensors.py
[2023-11-13T08:22:03.142+0000] {processor.py:829} INFO - Processing file /home/airflow/.local/lib/python3.8/site-packages/airflow/example_dags/example_sensors.py for tasks to queue
[2023-11-13T08:22:03.144+0000] {logging_mixin.py:154} INFO - [2023-11-13T08:22:03.144+0000] {dagbag.py:536} INFO - Filling up the DagBag from /home/airflow/.local/lib/python3.8/site-packages/airflow/example_dags/example_sensors.py
[2023-11-13T08:22:03.154+0000] {processor.py:839} INFO - DAG(s) dict_keys(['example_sensors']) retrieved from /home/airflow/.local/lib/python3.8/site-packages/airflow/example_dags/example_sensors.py
[2023-11-13T08:22:03.173+0000] {logging_mixin.py:154} INFO - [2023-11-13T08:22:03.172+0000] {dag.py:2941} INFO - Sync 1 DAGs
[2023-11-13T08:22:03.181+0000] {logging_mixin.py:154} INFO - [2023-11-13T08:22:03.181+0000] {dag.py:3722} INFO - Setting next_dagrun for example_sensors to None, run_after=None
[2023-11-13T08:22:04.082+0000] {processor.py:179} INFO - Processing /home/airflow/.local/lib/python3.8/site-packages/airflow/example_dags/example_sensors.py took 1.035 seconds
[2023-11-13T08:22:35.593+0000] {processor.py:157} INFO - Started process (PID=2907) to work on /home/airflow/.local/lib/python3.8/site-packages/airflow/example_dags/example_sensors.py
[2023-11-13T08:22:35.721+0000] {processor.py:829} INFO - Processing file /home/airflow/.local/lib/python3.8/site-packages/airflow/example_dags/example_sensors.py for tasks to queue
[2023-11-13T08:22:35.723+0000] {logging_mixin.py:154} INFO - [2023-11-13T08:22:35.722+0000] {dagbag.py:536} INFO - Filling up the DagBag from /home/airflow/.local/lib/python3.8/site-packages/airflow/example_dags/example_sensors.py
[2023-11-13T08:22:35.730+0000] {processor.py:839} INFO - DAG(s) dict_keys(['example_sensors']) retrieved from /home/airflow/.local/lib/python3.8/site-packages/airflow/example_dags/example_sensors.py
[2023-11-13T08:22:35.758+0000] {logging_mixin.py:154} INFO - [2023-11-13T08:22:35.757+0000] {dag.py:2941} INFO - Sync 1 DAGs
[2023-11-13T08:22:35.776+0000] {logging_mixin.py:154} INFO - [2023-11-13T08:22:35.775+0000] {dag.py:3722} INFO - Setting next_dagrun for example_sensors to None, run_after=None
[2023-11-13T08:22:36.076+0000] {processor.py:179} INFO - Processing /home/airflow/.local/lib/python3.8/site-packages/airflow/example_dags/example_sensors.py took 0.485 seconds
[2023-11-13T08:23:08.144+0000] {processor.py:157} INFO - Started process (PID=2961) to work on /home/airflow/.local/lib/python3.8/site-packages/airflow/example_dags/example_sensors.py
[2023-11-13T08:23:08.291+0000] {processor.py:829} INFO - Processing file /home/airflow/.local/lib/python3.8/site-packages/airflow/example_dags/example_sensors.py for tasks to queue
[2023-11-13T08:23:08.293+0000] {logging_mixin.py:154} INFO - [2023-11-13T08:23:08.292+0000] {dagbag.py:536} INFO - Filling up the DagBag from /home/airflow/.local/lib/python3.8/site-packages/airflow/example_dags/example_sensors.py
[2023-11-13T08:23:08.299+0000] {processor.py:839} INFO - DAG(s) dict_keys(['example_sensors']) retrieved from /home/airflow/.local/lib/python3.8/site-packages/airflow/example_dags/example_sensors.py
[2023-11-13T08:23:08.320+0000] {logging_mixin.py:154} INFO - [2023-11-13T08:23:08.320+0000] {dag.py:2941} INFO - Sync 1 DAGs
[2023-11-13T08:23:08.331+0000] {logging_mixin.py:154} INFO - [2023-11-13T08:23:08.331+0000] {dag.py:3722} INFO - Setting next_dagrun for example_sensors to None, run_after=None
[2023-11-13T08:23:08.470+0000] {processor.py:179} INFO - Processing /home/airflow/.local/lib/python3.8/site-packages/airflow/example_dags/example_sensors.py took 0.328 seconds
[2023-11-13T08:23:38.525+0000] {processor.py:157} INFO - Started process (PID=3015) to work on /home/airflow/.local/lib/python3.8/site-packages/airflow/example_dags/example_sensors.py
[2023-11-13T08:23:38.526+0000] {processor.py:829} INFO - Processing file /home/airflow/.local/lib/python3.8/site-packages/airflow/example_dags/example_sensors.py for tasks to queue
[2023-11-13T08:23:38.529+0000] {logging_mixin.py:154} INFO - [2023-11-13T08:23:38.529+0000] {dagbag.py:536} INFO - Filling up the DagBag from /home/airflow/.local/lib/python3.8/site-packages/airflow/example_dags/example_sensors.py
[2023-11-13T08:23:38.541+0000] {processor.py:839} INFO - DAG(s) dict_keys(['example_sensors']) retrieved from /home/airflow/.local/lib/python3.8/site-packages/airflow/example_dags/example_sensors.py
[2023-11-13T08:23:38.559+0000] {logging_mixin.py:154} INFO - [2023-11-13T08:23:38.559+0000] {dag.py:2941} INFO - Sync 1 DAGs
[2023-11-13T08:23:38.568+0000] {logging_mixin.py:154} INFO - [2023-11-13T08:23:38.568+0000] {dag.py:3722} INFO - Setting next_dagrun for example_sensors to None, run_after=None
[2023-11-13T08:23:38.601+0000] {processor.py:179} INFO - Processing /home/airflow/.local/lib/python3.8/site-packages/airflow/example_dags/example_sensors.py took 0.079 seconds
[2023-11-13T08:24:08.639+0000] {processor.py:157} INFO - Started process (PID=3069) to work on /home/airflow/.local/lib/python3.8/site-packages/airflow/example_dags/example_sensors.py
[2023-11-13T08:24:08.653+0000] {processor.py:829} INFO - Processing file /home/airflow/.local/lib/python3.8/site-packages/airflow/example_dags/example_sensors.py for tasks to queue
[2023-11-13T08:24:08.654+0000] {logging_mixin.py:154} INFO - [2023-11-13T08:24:08.654+0000] {dagbag.py:536} INFO - Filling up the DagBag from /home/airflow/.local/lib/python3.8/site-packages/airflow/example_dags/example_sensors.py
[2023-11-13T08:24:08.661+0000] {processor.py:839} INFO - DAG(s) dict_keys(['example_sensors']) retrieved from /home/airflow/.local/lib/python3.8/site-packages/airflow/example_dags/example_sensors.py
[2023-11-13T08:24:08.684+0000] {logging_mixin.py:154} INFO - [2023-11-13T08:24:08.684+0000] {dag.py:2941} INFO - Sync 1 DAGs
[2023-11-13T08:24:08.692+0000] {logging_mixin.py:154} INFO - [2023-11-13T08:24:08.692+0000] {dag.py:3722} INFO - Setting next_dagrun for example_sensors to None, run_after=None
[2023-11-13T08:24:08.726+0000] {processor.py:179} INFO - Processing /home/airflow/.local/lib/python3.8/site-packages/airflow/example_dags/example_sensors.py took 0.090 seconds
[2023-11-13T08:24:39.018+0000] {processor.py:157} INFO - Started process (PID=3123) to work on /home/airflow/.local/lib/python3.8/site-packages/airflow/example_dags/example_sensors.py
[2023-11-13T08:24:39.019+0000] {processor.py:829} INFO - Processing file /home/airflow/.local/lib/python3.8/site-packages/airflow/example_dags/example_sensors.py for tasks to queue
[2023-11-13T08:24:39.021+0000] {logging_mixin.py:154} INFO - [2023-11-13T08:24:39.020+0000] {dagbag.py:536} INFO - Filling up the DagBag from /home/airflow/.local/lib/python3.8/site-packages/airflow/example_dags/example_sensors.py
[2023-11-13T08:24:39.028+0000] {processor.py:839} INFO - DAG(s) dict_keys(['example_sensors']) retrieved from /home/airflow/.local/lib/python3.8/site-packages/airflow/example_dags/example_sensors.py
[2023-11-13T08:24:39.049+0000] {logging_mixin.py:154} INFO - [2023-11-13T08:24:39.049+0000] {dag.py:2941} INFO - Sync 1 DAGs
[2023-11-13T08:24:39.060+0000] {logging_mixin.py:154} INFO - [2023-11-13T08:24:39.060+0000] {dag.py:3722} INFO - Setting next_dagrun for example_sensors to None, run_after=None
[2023-11-13T08:24:39.097+0000] {processor.py:179} INFO - Processing /home/airflow/.local/lib/python3.8/site-packages/airflow/example_dags/example_sensors.py took 0.081 seconds
[2023-11-13T08:25:09.367+0000] {processor.py:157} INFO - Started process (PID=3177) to work on /home/airflow/.local/lib/python3.8/site-packages/airflow/example_dags/example_sensors.py
[2023-11-13T08:25:09.377+0000] {processor.py:829} INFO - Processing file /home/airflow/.local/lib/python3.8/site-packages/airflow/example_dags/example_sensors.py for tasks to queue
[2023-11-13T08:25:09.378+0000] {logging_mixin.py:154} INFO - [2023-11-13T08:25:09.378+0000] {dagbag.py:536} INFO - Filling up the DagBag from /home/airflow/.local/lib/python3.8/site-packages/airflow/example_dags/example_sensors.py
[2023-11-13T08:25:09.385+0000] {processor.py:839} INFO - DAG(s) dict_keys(['example_sensors']) retrieved from /home/airflow/.local/lib/python3.8/site-packages/airflow/example_dags/example_sensors.py
[2023-11-13T08:25:09.403+0000] {logging_mixin.py:154} INFO - [2023-11-13T08:25:09.403+0000] {dag.py:2941} INFO - Sync 1 DAGs
[2023-11-13T08:25:09.412+0000] {logging_mixin.py:154} INFO - [2023-11-13T08:25:09.412+0000] {dag.py:3722} INFO - Setting next_dagrun for example_sensors to None, run_after=None
[2023-11-13T08:25:09.474+0000] {processor.py:179} INFO - Processing /home/airflow/.local/lib/python3.8/site-packages/airflow/example_dags/example_sensors.py took 0.109 seconds
[2023-11-13T08:25:40.252+0000] {processor.py:157} INFO - Started process (PID=3231) to work on /home/airflow/.local/lib/python3.8/site-packages/airflow/example_dags/example_sensors.py
[2023-11-13T08:25:40.253+0000] {processor.py:829} INFO - Processing file /home/airflow/.local/lib/python3.8/site-packages/airflow/example_dags/example_sensors.py for tasks to queue
[2023-11-13T08:25:40.257+0000] {logging_mixin.py:154} INFO - [2023-11-13T08:25:40.256+0000] {dagbag.py:536} INFO - Filling up the DagBag from /home/airflow/.local/lib/python3.8/site-packages/airflow/example_dags/example_sensors.py
[2023-11-13T08:25:40.270+0000] {processor.py:839} INFO - DAG(s) dict_keys(['example_sensors']) retrieved from /home/airflow/.local/lib/python3.8/site-packages/airflow/example_dags/example_sensors.py
[2023-11-13T08:25:40.292+0000] {logging_mixin.py:154} INFO - [2023-11-13T08:25:40.292+0000] {dag.py:2941} INFO - Sync 1 DAGs
[2023-11-13T08:25:40.301+0000] {logging_mixin.py:154} INFO - [2023-11-13T08:25:40.301+0000] {dag.py:3722} INFO - Setting next_dagrun for example_sensors to None, run_after=None
[2023-11-13T08:25:40.336+0000] {processor.py:179} INFO - Processing /home/airflow/.local/lib/python3.8/site-packages/airflow/example_dags/example_sensors.py took 0.091 seconds
[2023-11-13T08:26:11.754+0000] {processor.py:157} INFO - Started process (PID=3285) to work on /home/airflow/.local/lib/python3.8/site-packages/airflow/example_dags/example_sensors.py
[2023-11-13T08:26:11.804+0000] {processor.py:829} INFO - Processing file /home/airflow/.local/lib/python3.8/site-packages/airflow/example_dags/example_sensors.py for tasks to queue
[2023-11-13T08:26:11.811+0000] {logging_mixin.py:154} INFO - [2023-11-13T08:26:11.810+0000] {dagbag.py:536} INFO - Filling up the DagBag from /home/airflow/.local/lib/python3.8/site-packages/airflow/example_dags/example_sensors.py
[2023-11-13T08:26:11.840+0000] {processor.py:839} INFO - DAG(s) dict_keys(['example_sensors']) retrieved from /home/airflow/.local/lib/python3.8/site-packages/airflow/example_dags/example_sensors.py
[2023-11-13T08:26:11.872+0000] {logging_mixin.py:154} INFO - [2023-11-13T08:26:11.872+0000] {dag.py:2941} INFO - Sync 1 DAGs
[2023-11-13T08:26:11.885+0000] {logging_mixin.py:154} INFO - [2023-11-13T08:26:11.885+0000] {dag.py:3722} INFO - Setting next_dagrun for example_sensors to None, run_after=None
[2023-11-13T08:26:11.915+0000] {processor.py:179} INFO - Processing /home/airflow/.local/lib/python3.8/site-packages/airflow/example_dags/example_sensors.py took 0.164 seconds
[2023-11-13T08:26:42.206+0000] {processor.py:157} INFO - Started process (PID=3339) to work on /home/airflow/.local/lib/python3.8/site-packages/airflow/example_dags/example_sensors.py
[2023-11-13T08:26:42.207+0000] {processor.py:829} INFO - Processing file /home/airflow/.local/lib/python3.8/site-packages/airflow/example_dags/example_sensors.py for tasks to queue
[2023-11-13T08:26:42.208+0000] {logging_mixin.py:154} INFO - [2023-11-13T08:26:42.208+0000] {dagbag.py:536} INFO - Filling up the DagBag from /home/airflow/.local/lib/python3.8/site-packages/airflow/example_dags/example_sensors.py
[2023-11-13T08:26:42.215+0000] {processor.py:839} INFO - DAG(s) dict_keys(['example_sensors']) retrieved from /home/airflow/.local/lib/python3.8/site-packages/airflow/example_dags/example_sensors.py
[2023-11-13T08:26:42.234+0000] {logging_mixin.py:154} INFO - [2023-11-13T08:26:42.234+0000] {dag.py:2941} INFO - Sync 1 DAGs
[2023-11-13T08:26:42.243+0000] {logging_mixin.py:154} INFO - [2023-11-13T08:26:42.243+0000] {dag.py:3722} INFO - Setting next_dagrun for example_sensors to None, run_after=None
[2023-11-13T08:26:42.273+0000] {processor.py:179} INFO - Processing /home/airflow/.local/lib/python3.8/site-packages/airflow/example_dags/example_sensors.py took 0.069 seconds
[2023-11-13T08:27:12.454+0000] {processor.py:157} INFO - Started process (PID=3393) to work on /home/airflow/.local/lib/python3.8/site-packages/airflow/example_dags/example_sensors.py
[2023-11-13T08:27:12.464+0000] {processor.py:829} INFO - Processing file /home/airflow/.local/lib/python3.8/site-packages/airflow/example_dags/example_sensors.py for tasks to queue
[2023-11-13T08:27:12.466+0000] {logging_mixin.py:154} INFO - [2023-11-13T08:27:12.465+0000] {dagbag.py:536} INFO - Filling up the DagBag from /home/airflow/.local/lib/python3.8/site-packages/airflow/example_dags/example_sensors.py
[2023-11-13T08:27:12.472+0000] {processor.py:839} INFO - DAG(s) dict_keys(['example_sensors']) retrieved from /home/airflow/.local/lib/python3.8/site-packages/airflow/example_dags/example_sensors.py
[2023-11-13T08:27:12.490+0000] {logging_mixin.py:154} INFO - [2023-11-13T08:27:12.490+0000] {dag.py:2941} INFO - Sync 1 DAGs
[2023-11-13T08:27:12.499+0000] {logging_mixin.py:154} INFO - [2023-11-13T08:27:12.499+0000] {dag.py:3722} INFO - Setting next_dagrun for example_sensors to None, run_after=None
[2023-11-13T08:27:12.526+0000] {processor.py:179} INFO - Processing /home/airflow/.local/lib/python3.8/site-packages/airflow/example_dags/example_sensors.py took 0.074 seconds
[2023-11-13T08:27:44.840+0000] {processor.py:157} INFO - Started process (PID=3447) to work on /home/airflow/.local/lib/python3.8/site-packages/airflow/example_dags/example_sensors.py
[2023-11-13T08:27:44.844+0000] {processor.py:829} INFO - Processing file /home/airflow/.local/lib/python3.8/site-packages/airflow/example_dags/example_sensors.py for tasks to queue
[2023-11-13T08:27:44.845+0000] {logging_mixin.py:154} INFO - [2023-11-13T08:27:44.845+0000] {dagbag.py:536} INFO - Filling up the DagBag from /home/airflow/.local/lib/python3.8/site-packages/airflow/example_dags/example_sensors.py
[2023-11-13T08:27:44.851+0000] {processor.py:839} INFO - DAG(s) dict_keys(['example_sensors']) retrieved from /home/airflow/.local/lib/python3.8/site-packages/airflow/example_dags/example_sensors.py
[2023-11-13T08:27:44.868+0000] {logging_mixin.py:154} INFO - [2023-11-13T08:27:44.868+0000] {dag.py:2941} INFO - Sync 1 DAGs
[2023-11-13T08:27:44.876+0000] {logging_mixin.py:154} INFO - [2023-11-13T08:27:44.876+0000] {dag.py:3722} INFO - Setting next_dagrun for example_sensors to None, run_after=None
[2023-11-13T08:27:44.901+0000] {processor.py:179} INFO - Processing /home/airflow/.local/lib/python3.8/site-packages/airflow/example_dags/example_sensors.py took 0.064 seconds
[2023-11-13T08:28:16.765+0000] {processor.py:157} INFO - Started process (PID=3501) to work on /home/airflow/.local/lib/python3.8/site-packages/airflow/example_dags/example_sensors.py
[2023-11-13T08:28:16.766+0000] {processor.py:829} INFO - Processing file /home/airflow/.local/lib/python3.8/site-packages/airflow/example_dags/example_sensors.py for tasks to queue
[2023-11-13T08:28:16.767+0000] {logging_mixin.py:154} INFO - [2023-11-13T08:28:16.767+0000] {dagbag.py:536} INFO - Filling up the DagBag from /home/airflow/.local/lib/python3.8/site-packages/airflow/example_dags/example_sensors.py
[2023-11-13T08:28:16.774+0000] {processor.py:839} INFO - DAG(s) dict_keys(['example_sensors']) retrieved from /home/airflow/.local/lib/python3.8/site-packages/airflow/example_dags/example_sensors.py
[2023-11-13T08:28:16.798+0000] {logging_mixin.py:154} INFO - [2023-11-13T08:28:16.798+0000] {dag.py:2941} INFO - Sync 1 DAGs
[2023-11-13T08:28:16.808+0000] {logging_mixin.py:154} INFO - [2023-11-13T08:28:16.808+0000] {dag.py:3722} INFO - Setting next_dagrun for example_sensors to None, run_after=None
[2023-11-13T08:28:16.843+0000] {processor.py:179} INFO - Processing /home/airflow/.local/lib/python3.8/site-packages/airflow/example_dags/example_sensors.py took 0.081 seconds
[2023-11-13T08:44:43.216+0000] {processor.py:157} INFO - Started process (PID=44) to work on /home/airflow/.local/lib/python3.8/site-packages/airflow/example_dags/example_sensors.py
[2023-11-13T08:44:43.243+0000] {processor.py:829} INFO - Processing file /home/airflow/.local/lib/python3.8/site-packages/airflow/example_dags/example_sensors.py for tasks to queue
[2023-11-13T08:44:43.245+0000] {logging_mixin.py:154} INFO - [2023-11-13T08:44:43.244+0000] {dagbag.py:536} INFO - Filling up the DagBag from /home/airflow/.local/lib/python3.8/site-packages/airflow/example_dags/example_sensors.py
[2023-11-13T08:44:43.253+0000] {processor.py:839} INFO - DAG(s) dict_keys(['example_sensors']) retrieved from /home/airflow/.local/lib/python3.8/site-packages/airflow/example_dags/example_sensors.py
[2023-11-13T08:44:43.433+0000] {logging_mixin.py:154} INFO - [2023-11-13T08:44:43.432+0000] {manager.py:499} INFO - Created Permission View: %s
[2023-11-13T08:44:43.467+0000] {logging_mixin.py:154} INFO - [2023-11-13T08:44:43.467+0000] {manager.py:499} INFO - Created Permission View: %s
[2023-11-13T08:44:43.502+0000] {logging_mixin.py:154} INFO - [2023-11-13T08:44:43.502+0000] {manager.py:499} INFO - Created Permission View: %s
[2023-11-13T08:44:43.504+0000] {logging_mixin.py:154} INFO - [2023-11-13T08:44:43.503+0000] {dag.py:2941} INFO - Sync 1 DAGs
[2023-11-13T08:44:43.514+0000] {logging_mixin.py:154} INFO - [2023-11-13T08:44:43.514+0000] {dag.py:2963} INFO - Creating ORM DAG for example_sensors
[2023-11-13T08:44:43.514+0000] {logging_mixin.py:154} INFO - [2023-11-13T08:44:43.514+0000] {dag.py:3722} INFO - Setting next_dagrun for example_sensors to None, run_after=None
[2023-11-13T08:44:43.791+0000] {processor.py:179} INFO - Processing /home/airflow/.local/lib/python3.8/site-packages/airflow/example_dags/example_sensors.py took 0.578 seconds
[2023-11-13T08:45:31.410+0000] {processor.py:157} INFO - Started process (PID=43) to work on /home/airflow/.local/lib/python3.8/site-packages/airflow/example_dags/example_sensors.py
[2023-11-13T08:45:31.730+0000] {processor.py:829} INFO - Processing file /home/airflow/.local/lib/python3.8/site-packages/airflow/example_dags/example_sensors.py for tasks to queue
[2023-11-13T08:45:31.731+0000] {logging_mixin.py:154} INFO - [2023-11-13T08:45:31.731+0000] {dagbag.py:536} INFO - Filling up the DagBag from /home/airflow/.local/lib/python3.8/site-packages/airflow/example_dags/example_sensors.py
[2023-11-13T08:45:31.738+0000] {processor.py:839} INFO - DAG(s) dict_keys(['example_sensors']) retrieved from /home/airflow/.local/lib/python3.8/site-packages/airflow/example_dags/example_sensors.py
[2023-11-13T08:45:31.758+0000] {logging_mixin.py:154} INFO - [2023-11-13T08:45:31.758+0000] {dag.py:2941} INFO - Sync 1 DAGs
[2023-11-13T08:45:31.767+0000] {logging_mixin.py:154} INFO - [2023-11-13T08:45:31.767+0000] {dag.py:3722} INFO - Setting next_dagrun for example_sensors to None, run_after=None
[2023-11-13T08:45:31.886+0000] {processor.py:179} INFO - Processing /home/airflow/.local/lib/python3.8/site-packages/airflow/example_dags/example_sensors.py took 0.478 seconds
[2023-11-13T08:46:02.024+0000] {processor.py:157} INFO - Started process (PID=97) to work on /home/airflow/.local/lib/python3.8/site-packages/airflow/example_dags/example_sensors.py
[2023-11-13T08:46:02.025+0000] {processor.py:829} INFO - Processing file /home/airflow/.local/lib/python3.8/site-packages/airflow/example_dags/example_sensors.py for tasks to queue
[2023-11-13T08:46:02.026+0000] {logging_mixin.py:154} INFO - [2023-11-13T08:46:02.026+0000] {dagbag.py:536} INFO - Filling up the DagBag from /home/airflow/.local/lib/python3.8/site-packages/airflow/example_dags/example_sensors.py
[2023-11-13T08:46:02.035+0000] {processor.py:839} INFO - DAG(s) dict_keys(['example_sensors']) retrieved from /home/airflow/.local/lib/python3.8/site-packages/airflow/example_dags/example_sensors.py
[2023-11-13T08:46:02.054+0000] {logging_mixin.py:154} INFO - [2023-11-13T08:46:02.054+0000] {dag.py:2941} INFO - Sync 1 DAGs
[2023-11-13T08:46:02.064+0000] {logging_mixin.py:154} INFO - [2023-11-13T08:46:02.064+0000] {dag.py:3722} INFO - Setting next_dagrun for example_sensors to None, run_after=None
[2023-11-13T08:46:02.587+0000] {processor.py:179} INFO - Processing /home/airflow/.local/lib/python3.8/site-packages/airflow/example_dags/example_sensors.py took 0.566 seconds
[2023-11-13T08:46:33.423+0000] {processor.py:157} INFO - Started process (PID=151) to work on /home/airflow/.local/lib/python3.8/site-packages/airflow/example_dags/example_sensors.py
[2023-11-13T08:46:33.433+0000] {processor.py:829} INFO - Processing file /home/airflow/.local/lib/python3.8/site-packages/airflow/example_dags/example_sensors.py for tasks to queue
[2023-11-13T08:46:33.435+0000] {logging_mixin.py:154} INFO - [2023-11-13T08:46:33.435+0000] {dagbag.py:536} INFO - Filling up the DagBag from /home/airflow/.local/lib/python3.8/site-packages/airflow/example_dags/example_sensors.py
[2023-11-13T08:46:33.443+0000] {processor.py:839} INFO - DAG(s) dict_keys(['example_sensors']) retrieved from /home/airflow/.local/lib/python3.8/site-packages/airflow/example_dags/example_sensors.py
[2023-11-13T08:46:33.462+0000] {logging_mixin.py:154} INFO - [2023-11-13T08:46:33.462+0000] {dag.py:2941} INFO - Sync 1 DAGs
[2023-11-13T08:46:33.471+0000] {logging_mixin.py:154} INFO - [2023-11-13T08:46:33.471+0000] {dag.py:3722} INFO - Setting next_dagrun for example_sensors to None, run_after=None
[2023-11-13T08:46:33.538+0000] {processor.py:179} INFO - Processing /home/airflow/.local/lib/python3.8/site-packages/airflow/example_dags/example_sensors.py took 0.119 seconds
[2023-11-13T08:47:03.814+0000] {processor.py:157} INFO - Started process (PID=205) to work on /home/airflow/.local/lib/python3.8/site-packages/airflow/example_dags/example_sensors.py
[2023-11-13T08:47:03.835+0000] {processor.py:829} INFO - Processing file /home/airflow/.local/lib/python3.8/site-packages/airflow/example_dags/example_sensors.py for tasks to queue
[2023-11-13T08:47:03.841+0000] {logging_mixin.py:154} INFO - [2023-11-13T08:47:03.840+0000] {dagbag.py:536} INFO - Filling up the DagBag from /home/airflow/.local/lib/python3.8/site-packages/airflow/example_dags/example_sensors.py
[2023-11-13T08:47:03.863+0000] {processor.py:839} INFO - DAG(s) dict_keys(['example_sensors']) retrieved from /home/airflow/.local/lib/python3.8/site-packages/airflow/example_dags/example_sensors.py
[2023-11-13T08:47:03.887+0000] {logging_mixin.py:154} INFO - [2023-11-13T08:47:03.887+0000] {dag.py:2941} INFO - Sync 1 DAGs
[2023-11-13T08:47:03.897+0000] {logging_mixin.py:154} INFO - [2023-11-13T08:47:03.897+0000] {dag.py:3722} INFO - Setting next_dagrun for example_sensors to None, run_after=None
[2023-11-13T08:47:03.932+0000] {processor.py:179} INFO - Processing /home/airflow/.local/lib/python3.8/site-packages/airflow/example_dags/example_sensors.py took 0.120 seconds
[2023-11-13T08:47:34.856+0000] {processor.py:157} INFO - Started process (PID=259) to work on /home/airflow/.local/lib/python3.8/site-packages/airflow/example_dags/example_sensors.py
[2023-11-13T08:47:34.857+0000] {processor.py:829} INFO - Processing file /home/airflow/.local/lib/python3.8/site-packages/airflow/example_dags/example_sensors.py for tasks to queue
[2023-11-13T08:47:34.859+0000] {logging_mixin.py:154} INFO - [2023-11-13T08:47:34.859+0000] {dagbag.py:536} INFO - Filling up the DagBag from /home/airflow/.local/lib/python3.8/site-packages/airflow/example_dags/example_sensors.py
[2023-11-13T08:47:34.868+0000] {processor.py:839} INFO - DAG(s) dict_keys(['example_sensors']) retrieved from /home/airflow/.local/lib/python3.8/site-packages/airflow/example_dags/example_sensors.py
[2023-11-13T08:47:34.887+0000] {logging_mixin.py:154} INFO - [2023-11-13T08:47:34.886+0000] {dag.py:2941} INFO - Sync 1 DAGs
[2023-11-13T08:47:34.896+0000] {logging_mixin.py:154} INFO - [2023-11-13T08:47:34.895+0000] {dag.py:3722} INFO - Setting next_dagrun for example_sensors to None, run_after=None
[2023-11-13T08:47:35.007+0000] {processor.py:179} INFO - Processing /home/airflow/.local/lib/python3.8/site-packages/airflow/example_dags/example_sensors.py took 0.154 seconds
[2023-11-13T08:48:07.016+0000] {processor.py:157} INFO - Started process (PID=313) to work on /home/airflow/.local/lib/python3.8/site-packages/airflow/example_dags/example_sensors.py
[2023-11-13T08:48:07.172+0000] {processor.py:829} INFO - Processing file /home/airflow/.local/lib/python3.8/site-packages/airflow/example_dags/example_sensors.py for tasks to queue
[2023-11-13T08:48:07.180+0000] {logging_mixin.py:154} INFO - [2023-11-13T08:48:07.179+0000] {dagbag.py:536} INFO - Filling up the DagBag from /home/airflow/.local/lib/python3.8/site-packages/airflow/example_dags/example_sensors.py
[2023-11-13T08:48:07.207+0000] {processor.py:839} INFO - DAG(s) dict_keys(['example_sensors']) retrieved from /home/airflow/.local/lib/python3.8/site-packages/airflow/example_dags/example_sensors.py
[2023-11-13T08:48:07.234+0000] {logging_mixin.py:154} INFO - [2023-11-13T08:48:07.234+0000] {dag.py:2941} INFO - Sync 1 DAGs
[2023-11-13T08:48:07.248+0000] {logging_mixin.py:154} INFO - [2023-11-13T08:48:07.247+0000] {dag.py:3722} INFO - Setting next_dagrun for example_sensors to None, run_after=None
[2023-11-13T08:48:07.718+0000] {processor.py:179} INFO - Processing /home/airflow/.local/lib/python3.8/site-packages/airflow/example_dags/example_sensors.py took 0.704 seconds
