[2023-11-13T07:55:07.749+0000] {processor.py:157} INFO - Started process (PID=58) to work on /home/airflow/.local/lib/python3.8/site-packages/airflow/example_dags/example_xcom.py
[2023-11-13T07:55:07.750+0000] {processor.py:829} INFO - Processing file /home/airflow/.local/lib/python3.8/site-packages/airflow/example_dags/example_xcom.py for tasks to queue
[2023-11-13T07:55:07.752+0000] {logging_mixin.py:154} INFO - [2023-11-13T07:55:07.751+0000] {dagbag.py:536} INFO - Filling up the DagBag from /home/airflow/.local/lib/python3.8/site-packages/airflow/example_dags/example_xcom.py
[2023-11-13T07:55:07.761+0000] {processor.py:839} INFO - DAG(s) dict_keys(['example_xcom']) retrieved from /home/airflow/.local/lib/python3.8/site-packages/airflow/example_dags/example_xcom.py
[2023-11-13T07:55:08.663+0000] {logging_mixin.py:154} INFO - [2023-11-13T07:55:08.663+0000] {manager.py:499} INFO - Created Permission View: %s
[2023-11-13T07:55:08.974+0000] {logging_mixin.py:154} INFO - [2023-11-13T07:55:08.974+0000] {manager.py:499} INFO - Created Permission View: %s
[2023-11-13T07:55:09.030+0000] {logging_mixin.py:154} INFO - [2023-11-13T07:55:09.030+0000] {manager.py:499} INFO - Created Permission View: %s
[2023-11-13T07:55:09.031+0000] {logging_mixin.py:154} INFO - [2023-11-13T07:55:09.031+0000] {dag.py:2941} INFO - Sync 1 DAGs
[2023-11-13T07:55:09.045+0000] {logging_mixin.py:154} INFO - [2023-11-13T07:55:09.045+0000] {dag.py:2963} INFO - Creating ORM DAG for example_xcom
[2023-11-13T07:55:09.054+0000] {logging_mixin.py:154} INFO - [2023-11-13T07:55:09.053+0000] {dag.py:3722} INFO - Setting next_dagrun for example_xcom to 2021-01-01T00:00:00+00:00, run_after=2021-01-01T00:00:00+00:00
[2023-11-13T07:55:09.093+0000] {processor.py:179} INFO - Processing /home/airflow/.local/lib/python3.8/site-packages/airflow/example_dags/example_xcom.py took 1.347 seconds
[2023-11-13T07:55:39.362+0000] {processor.py:157} INFO - Started process (PID=112) to work on /home/airflow/.local/lib/python3.8/site-packages/airflow/example_dags/example_xcom.py
[2023-11-13T07:55:39.496+0000] {processor.py:829} INFO - Processing file /home/airflow/.local/lib/python3.8/site-packages/airflow/example_dags/example_xcom.py for tasks to queue
[2023-11-13T07:55:39.503+0000] {logging_mixin.py:154} INFO - [2023-11-13T07:55:39.502+0000] {dagbag.py:536} INFO - Filling up the DagBag from /home/airflow/.local/lib/python3.8/site-packages/airflow/example_dags/example_xcom.py
[2023-11-13T07:55:39.526+0000] {processor.py:839} INFO - DAG(s) dict_keys(['example_xcom']) retrieved from /home/airflow/.local/lib/python3.8/site-packages/airflow/example_dags/example_xcom.py
[2023-11-13T07:55:39.555+0000] {logging_mixin.py:154} INFO - [2023-11-13T07:55:39.555+0000] {dag.py:2941} INFO - Sync 1 DAGs
[2023-11-13T07:55:39.571+0000] {logging_mixin.py:154} INFO - [2023-11-13T07:55:39.571+0000] {dag.py:3722} INFO - Setting next_dagrun for example_xcom to 2021-01-01T00:00:00+00:00, run_after=2021-01-01T00:00:00+00:00
[2023-11-13T07:55:39.826+0000] {processor.py:179} INFO - Processing /home/airflow/.local/lib/python3.8/site-packages/airflow/example_dags/example_xcom.py took 0.467 seconds
[2023-11-13T07:56:10.386+0000] {processor.py:157} INFO - Started process (PID=166) to work on /home/airflow/.local/lib/python3.8/site-packages/airflow/example_dags/example_xcom.py
[2023-11-13T07:56:10.534+0000] {processor.py:829} INFO - Processing file /home/airflow/.local/lib/python3.8/site-packages/airflow/example_dags/example_xcom.py for tasks to queue
[2023-11-13T07:56:10.541+0000] {logging_mixin.py:154} INFO - [2023-11-13T07:56:10.540+0000] {dagbag.py:536} INFO - Filling up the DagBag from /home/airflow/.local/lib/python3.8/site-packages/airflow/example_dags/example_xcom.py
[2023-11-13T07:56:10.562+0000] {processor.py:839} INFO - DAG(s) dict_keys(['example_xcom']) retrieved from /home/airflow/.local/lib/python3.8/site-packages/airflow/example_dags/example_xcom.py
[2023-11-13T07:56:10.588+0000] {logging_mixin.py:154} INFO - [2023-11-13T07:56:10.588+0000] {dag.py:2941} INFO - Sync 1 DAGs
[2023-11-13T07:56:10.604+0000] {logging_mixin.py:154} INFO - [2023-11-13T07:56:10.603+0000] {dag.py:3722} INFO - Setting next_dagrun for example_xcom to 2021-01-01T00:00:00+00:00, run_after=2021-01-01T00:00:00+00:00
[2023-11-13T07:56:10.631+0000] {processor.py:179} INFO - Processing /home/airflow/.local/lib/python3.8/site-packages/airflow/example_dags/example_xcom.py took 0.249 seconds
[2023-11-13T07:56:41.415+0000] {processor.py:157} INFO - Started process (PID=220) to work on /home/airflow/.local/lib/python3.8/site-packages/airflow/example_dags/example_xcom.py
[2023-11-13T07:56:41.547+0000] {processor.py:829} INFO - Processing file /home/airflow/.local/lib/python3.8/site-packages/airflow/example_dags/example_xcom.py for tasks to queue
[2023-11-13T07:56:41.553+0000] {logging_mixin.py:154} INFO - [2023-11-13T07:56:41.553+0000] {dagbag.py:536} INFO - Filling up the DagBag from /home/airflow/.local/lib/python3.8/site-packages/airflow/example_dags/example_xcom.py
[2023-11-13T07:56:41.577+0000] {processor.py:839} INFO - DAG(s) dict_keys(['example_xcom']) retrieved from /home/airflow/.local/lib/python3.8/site-packages/airflow/example_dags/example_xcom.py
[2023-11-13T07:56:41.606+0000] {logging_mixin.py:154} INFO - [2023-11-13T07:56:41.606+0000] {dag.py:2941} INFO - Sync 1 DAGs
[2023-11-13T07:56:41.622+0000] {logging_mixin.py:154} INFO - [2023-11-13T07:56:41.622+0000] {dag.py:3722} INFO - Setting next_dagrun for example_xcom to 2021-01-01T00:00:00+00:00, run_after=2021-01-01T00:00:00+00:00
[2023-11-13T07:56:42.027+0000] {processor.py:179} INFO - Processing /home/airflow/.local/lib/python3.8/site-packages/airflow/example_dags/example_xcom.py took 0.615 seconds
[2023-11-13T07:57:12.339+0000] {processor.py:157} INFO - Started process (PID=274) to work on /home/airflow/.local/lib/python3.8/site-packages/airflow/example_dags/example_xcom.py
[2023-11-13T07:57:12.341+0000] {processor.py:829} INFO - Processing file /home/airflow/.local/lib/python3.8/site-packages/airflow/example_dags/example_xcom.py for tasks to queue
[2023-11-13T07:57:12.343+0000] {logging_mixin.py:154} INFO - [2023-11-13T07:57:12.342+0000] {dagbag.py:536} INFO - Filling up the DagBag from /home/airflow/.local/lib/python3.8/site-packages/airflow/example_dags/example_xcom.py
[2023-11-13T07:57:12.348+0000] {processor.py:839} INFO - DAG(s) dict_keys(['example_xcom']) retrieved from /home/airflow/.local/lib/python3.8/site-packages/airflow/example_dags/example_xcom.py
[2023-11-13T07:57:12.366+0000] {logging_mixin.py:154} INFO - [2023-11-13T07:57:12.366+0000] {dag.py:2941} INFO - Sync 1 DAGs
[2023-11-13T07:57:12.383+0000] {logging_mixin.py:154} INFO - [2023-11-13T07:57:12.383+0000] {dag.py:3722} INFO - Setting next_dagrun for example_xcom to 2021-01-01T00:00:00+00:00, run_after=2021-01-01T00:00:00+00:00
[2023-11-13T07:57:12.409+0000] {processor.py:179} INFO - Processing /home/airflow/.local/lib/python3.8/site-packages/airflow/example_dags/example_xcom.py took 0.073 seconds
[2023-11-13T07:57:43.278+0000] {processor.py:157} INFO - Started process (PID=328) to work on /home/airflow/.local/lib/python3.8/site-packages/airflow/example_dags/example_xcom.py
[2023-11-13T07:57:43.286+0000] {processor.py:829} INFO - Processing file /home/airflow/.local/lib/python3.8/site-packages/airflow/example_dags/example_xcom.py for tasks to queue
[2023-11-13T07:57:43.287+0000] {logging_mixin.py:154} INFO - [2023-11-13T07:57:43.287+0000] {dagbag.py:536} INFO - Filling up the DagBag from /home/airflow/.local/lib/python3.8/site-packages/airflow/example_dags/example_xcom.py
[2023-11-13T07:57:43.292+0000] {processor.py:839} INFO - DAG(s) dict_keys(['example_xcom']) retrieved from /home/airflow/.local/lib/python3.8/site-packages/airflow/example_dags/example_xcom.py
[2023-11-13T07:57:43.309+0000] {logging_mixin.py:154} INFO - [2023-11-13T07:57:43.308+0000] {dag.py:2941} INFO - Sync 1 DAGs
[2023-11-13T07:57:43.323+0000] {logging_mixin.py:154} INFO - [2023-11-13T07:57:43.323+0000] {dag.py:3722} INFO - Setting next_dagrun for example_xcom to 2021-01-01T00:00:00+00:00, run_after=2021-01-01T00:00:00+00:00
[2023-11-13T07:57:43.353+0000] {processor.py:179} INFO - Processing /home/airflow/.local/lib/python3.8/site-packages/airflow/example_dags/example_xcom.py took 0.077 seconds
[2023-11-13T07:58:14.771+0000] {processor.py:157} INFO - Started process (PID=382) to work on /home/airflow/.local/lib/python3.8/site-packages/airflow/example_dags/example_xcom.py
[2023-11-13T07:58:14.888+0000] {processor.py:829} INFO - Processing file /home/airflow/.local/lib/python3.8/site-packages/airflow/example_dags/example_xcom.py for tasks to queue
[2023-11-13T07:58:14.890+0000] {logging_mixin.py:154} INFO - [2023-11-13T07:58:14.890+0000] {dagbag.py:536} INFO - Filling up the DagBag from /home/airflow/.local/lib/python3.8/site-packages/airflow/example_dags/example_xcom.py
[2023-11-13T07:58:14.895+0000] {processor.py:839} INFO - DAG(s) dict_keys(['example_xcom']) retrieved from /home/airflow/.local/lib/python3.8/site-packages/airflow/example_dags/example_xcom.py
[2023-11-13T07:58:14.911+0000] {logging_mixin.py:154} INFO - [2023-11-13T07:58:14.910+0000] {dag.py:2941} INFO - Sync 1 DAGs
[2023-11-13T07:58:14.926+0000] {logging_mixin.py:154} INFO - [2023-11-13T07:58:14.926+0000] {dag.py:3722} INFO - Setting next_dagrun for example_xcom to 2021-01-01T00:00:00+00:00, run_after=2021-01-01T00:00:00+00:00
[2023-11-13T07:58:15.191+0000] {processor.py:179} INFO - Processing /home/airflow/.local/lib/python3.8/site-packages/airflow/example_dags/example_xcom.py took 0.423 seconds
[2023-11-13T07:58:45.917+0000] {processor.py:157} INFO - Started process (PID=436) to work on /home/airflow/.local/lib/python3.8/site-packages/airflow/example_dags/example_xcom.py
[2023-11-13T07:58:45.940+0000] {processor.py:829} INFO - Processing file /home/airflow/.local/lib/python3.8/site-packages/airflow/example_dags/example_xcom.py for tasks to queue
[2023-11-13T07:58:45.941+0000] {logging_mixin.py:154} INFO - [2023-11-13T07:58:45.941+0000] {dagbag.py:536} INFO - Filling up the DagBag from /home/airflow/.local/lib/python3.8/site-packages/airflow/example_dags/example_xcom.py
[2023-11-13T07:58:45.946+0000] {processor.py:839} INFO - DAG(s) dict_keys(['example_xcom']) retrieved from /home/airflow/.local/lib/python3.8/site-packages/airflow/example_dags/example_xcom.py
[2023-11-13T07:58:45.963+0000] {logging_mixin.py:154} INFO - [2023-11-13T07:58:45.963+0000] {dag.py:2941} INFO - Sync 1 DAGs
[2023-11-13T07:58:45.980+0000] {logging_mixin.py:154} INFO - [2023-11-13T07:58:45.980+0000] {dag.py:3722} INFO - Setting next_dagrun for example_xcom to 2021-01-01T00:00:00+00:00, run_after=2021-01-01T00:00:00+00:00
[2023-11-13T07:58:46.086+0000] {processor.py:179} INFO - Processing /home/airflow/.local/lib/python3.8/site-packages/airflow/example_dags/example_xcom.py took 0.171 seconds
[2023-11-13T07:59:16.175+0000] {processor.py:157} INFO - Started process (PID=490) to work on /home/airflow/.local/lib/python3.8/site-packages/airflow/example_dags/example_xcom.py
[2023-11-13T07:59:16.176+0000] {processor.py:829} INFO - Processing file /home/airflow/.local/lib/python3.8/site-packages/airflow/example_dags/example_xcom.py for tasks to queue
[2023-11-13T07:59:16.177+0000] {logging_mixin.py:154} INFO - [2023-11-13T07:59:16.177+0000] {dagbag.py:536} INFO - Filling up the DagBag from /home/airflow/.local/lib/python3.8/site-packages/airflow/example_dags/example_xcom.py
[2023-11-13T07:59:16.182+0000] {processor.py:839} INFO - DAG(s) dict_keys(['example_xcom']) retrieved from /home/airflow/.local/lib/python3.8/site-packages/airflow/example_dags/example_xcom.py
[2023-11-13T07:59:16.198+0000] {logging_mixin.py:154} INFO - [2023-11-13T07:59:16.198+0000] {dag.py:2941} INFO - Sync 1 DAGs
[2023-11-13T07:59:16.213+0000] {logging_mixin.py:154} INFO - [2023-11-13T07:59:16.213+0000] {dag.py:3722} INFO - Setting next_dagrun for example_xcom to 2021-01-01T00:00:00+00:00, run_after=2021-01-01T00:00:00+00:00
[2023-11-13T07:59:16.371+0000] {processor.py:179} INFO - Processing /home/airflow/.local/lib/python3.8/site-packages/airflow/example_dags/example_xcom.py took 0.198 seconds
[2023-11-13T07:59:48.589+0000] {processor.py:157} INFO - Started process (PID=544) to work on /home/airflow/.local/lib/python3.8/site-packages/airflow/example_dags/example_xcom.py
[2023-11-13T07:59:48.628+0000] {processor.py:829} INFO - Processing file /home/airflow/.local/lib/python3.8/site-packages/airflow/example_dags/example_xcom.py for tasks to queue
[2023-11-13T07:59:48.629+0000] {logging_mixin.py:154} INFO - [2023-11-13T07:59:48.629+0000] {dagbag.py:536} INFO - Filling up the DagBag from /home/airflow/.local/lib/python3.8/site-packages/airflow/example_dags/example_xcom.py
[2023-11-13T07:59:48.634+0000] {processor.py:839} INFO - DAG(s) dict_keys(['example_xcom']) retrieved from /home/airflow/.local/lib/python3.8/site-packages/airflow/example_dags/example_xcom.py
[2023-11-13T07:59:48.649+0000] {logging_mixin.py:154} INFO - [2023-11-13T07:59:48.649+0000] {dag.py:2941} INFO - Sync 1 DAGs
[2023-11-13T07:59:48.665+0000] {logging_mixin.py:154} INFO - [2023-11-13T07:59:48.664+0000] {dag.py:3722} INFO - Setting next_dagrun for example_xcom to 2021-01-01T00:00:00+00:00, run_after=2021-01-01T00:00:00+00:00
[2023-11-13T07:59:48.720+0000] {processor.py:179} INFO - Processing /home/airflow/.local/lib/python3.8/site-packages/airflow/example_dags/example_xcom.py took 0.134 seconds
[2023-11-13T08:00:19.125+0000] {processor.py:157} INFO - Started process (PID=598) to work on /home/airflow/.local/lib/python3.8/site-packages/airflow/example_dags/example_xcom.py
[2023-11-13T08:00:19.125+0000] {processor.py:829} INFO - Processing file /home/airflow/.local/lib/python3.8/site-packages/airflow/example_dags/example_xcom.py for tasks to queue
[2023-11-13T08:00:19.127+0000] {logging_mixin.py:154} INFO - [2023-11-13T08:00:19.127+0000] {dagbag.py:536} INFO - Filling up the DagBag from /home/airflow/.local/lib/python3.8/site-packages/airflow/example_dags/example_xcom.py
[2023-11-13T08:00:19.132+0000] {processor.py:839} INFO - DAG(s) dict_keys(['example_xcom']) retrieved from /home/airflow/.local/lib/python3.8/site-packages/airflow/example_dags/example_xcom.py
[2023-11-13T08:00:19.147+0000] {logging_mixin.py:154} INFO - [2023-11-13T08:00:19.147+0000] {dag.py:2941} INFO - Sync 1 DAGs
[2023-11-13T08:00:19.162+0000] {logging_mixin.py:154} INFO - [2023-11-13T08:00:19.162+0000] {dag.py:3722} INFO - Setting next_dagrun for example_xcom to 2021-01-01T00:00:00+00:00, run_after=2021-01-01T00:00:00+00:00
[2023-11-13T08:00:19.188+0000] {processor.py:179} INFO - Processing /home/airflow/.local/lib/python3.8/site-packages/airflow/example_dags/example_xcom.py took 0.065 seconds
[2023-11-13T08:00:50.146+0000] {processor.py:157} INFO - Started process (PID=652) to work on /home/airflow/.local/lib/python3.8/site-packages/airflow/example_dags/example_xcom.py
[2023-11-13T08:00:50.152+0000] {processor.py:829} INFO - Processing file /home/airflow/.local/lib/python3.8/site-packages/airflow/example_dags/example_xcom.py for tasks to queue
[2023-11-13T08:00:50.155+0000] {logging_mixin.py:154} INFO - [2023-11-13T08:00:50.154+0000] {dagbag.py:536} INFO - Filling up the DagBag from /home/airflow/.local/lib/python3.8/site-packages/airflow/example_dags/example_xcom.py
[2023-11-13T08:00:50.163+0000] {processor.py:839} INFO - DAG(s) dict_keys(['example_xcom']) retrieved from /home/airflow/.local/lib/python3.8/site-packages/airflow/example_dags/example_xcom.py
[2023-11-13T08:00:50.180+0000] {logging_mixin.py:154} INFO - [2023-11-13T08:00:50.180+0000] {dag.py:2941} INFO - Sync 1 DAGs
[2023-11-13T08:00:50.194+0000] {logging_mixin.py:154} INFO - [2023-11-13T08:00:50.194+0000] {dag.py:3722} INFO - Setting next_dagrun for example_xcom to 2021-01-01T00:00:00+00:00, run_after=2021-01-01T00:00:00+00:00
[2023-11-13T08:00:50.226+0000] {processor.py:179} INFO - Processing /home/airflow/.local/lib/python3.8/site-packages/airflow/example_dags/example_xcom.py took 0.084 seconds
[2023-11-13T08:01:20.476+0000] {processor.py:157} INFO - Started process (PID=706) to work on /home/airflow/.local/lib/python3.8/site-packages/airflow/example_dags/example_xcom.py
[2023-11-13T08:01:20.476+0000] {processor.py:829} INFO - Processing file /home/airflow/.local/lib/python3.8/site-packages/airflow/example_dags/example_xcom.py for tasks to queue
[2023-11-13T08:01:20.478+0000] {logging_mixin.py:154} INFO - [2023-11-13T08:01:20.478+0000] {dagbag.py:536} INFO - Filling up the DagBag from /home/airflow/.local/lib/python3.8/site-packages/airflow/example_dags/example_xcom.py
[2023-11-13T08:01:20.483+0000] {processor.py:839} INFO - DAG(s) dict_keys(['example_xcom']) retrieved from /home/airflow/.local/lib/python3.8/site-packages/airflow/example_dags/example_xcom.py
[2023-11-13T08:01:20.499+0000] {logging_mixin.py:154} INFO - [2023-11-13T08:01:20.499+0000] {dag.py:2941} INFO - Sync 1 DAGs
[2023-11-13T08:01:20.515+0000] {logging_mixin.py:154} INFO - [2023-11-13T08:01:20.515+0000] {dag.py:3722} INFO - Setting next_dagrun for example_xcom to 2021-01-01T00:00:00+00:00, run_after=2021-01-01T00:00:00+00:00
[2023-11-13T08:01:20.543+0000] {processor.py:179} INFO - Processing /home/airflow/.local/lib/python3.8/site-packages/airflow/example_dags/example_xcom.py took 0.069 seconds
[2023-11-13T08:01:50.962+0000] {processor.py:157} INFO - Started process (PID=760) to work on /home/airflow/.local/lib/python3.8/site-packages/airflow/example_dags/example_xcom.py
[2023-11-13T08:01:50.968+0000] {processor.py:829} INFO - Processing file /home/airflow/.local/lib/python3.8/site-packages/airflow/example_dags/example_xcom.py for tasks to queue
[2023-11-13T08:01:50.969+0000] {logging_mixin.py:154} INFO - [2023-11-13T08:01:50.969+0000] {dagbag.py:536} INFO - Filling up the DagBag from /home/airflow/.local/lib/python3.8/site-packages/airflow/example_dags/example_xcom.py
[2023-11-13T08:01:50.975+0000] {processor.py:839} INFO - DAG(s) dict_keys(['example_xcom']) retrieved from /home/airflow/.local/lib/python3.8/site-packages/airflow/example_dags/example_xcom.py
[2023-11-13T08:01:50.990+0000] {logging_mixin.py:154} INFO - [2023-11-13T08:01:50.989+0000] {dag.py:2941} INFO - Sync 1 DAGs
[2023-11-13T08:01:51.005+0000] {logging_mixin.py:154} INFO - [2023-11-13T08:01:51.005+0000] {dag.py:3722} INFO - Setting next_dagrun for example_xcom to 2021-01-01T00:00:00+00:00, run_after=2021-01-01T00:00:00+00:00
[2023-11-13T08:01:51.036+0000] {processor.py:179} INFO - Processing /home/airflow/.local/lib/python3.8/site-packages/airflow/example_dags/example_xcom.py took 0.076 seconds
[2023-11-13T08:02:22.244+0000] {processor.py:157} INFO - Started process (PID=814) to work on /home/airflow/.local/lib/python3.8/site-packages/airflow/example_dags/example_xcom.py
[2023-11-13T08:02:22.245+0000] {processor.py:829} INFO - Processing file /home/airflow/.local/lib/python3.8/site-packages/airflow/example_dags/example_xcom.py for tasks to queue
[2023-11-13T08:02:22.246+0000] {logging_mixin.py:154} INFO - [2023-11-13T08:02:22.246+0000] {dagbag.py:536} INFO - Filling up the DagBag from /home/airflow/.local/lib/python3.8/site-packages/airflow/example_dags/example_xcom.py
[2023-11-13T08:02:22.251+0000] {processor.py:839} INFO - DAG(s) dict_keys(['example_xcom']) retrieved from /home/airflow/.local/lib/python3.8/site-packages/airflow/example_dags/example_xcom.py
[2023-11-13T08:02:22.267+0000] {logging_mixin.py:154} INFO - [2023-11-13T08:02:22.266+0000] {dag.py:2941} INFO - Sync 1 DAGs
[2023-11-13T08:02:22.281+0000] {logging_mixin.py:154} INFO - [2023-11-13T08:02:22.281+0000] {dag.py:3722} INFO - Setting next_dagrun for example_xcom to 2021-01-01T00:00:00+00:00, run_after=2021-01-01T00:00:00+00:00
[2023-11-13T08:02:22.397+0000] {processor.py:179} INFO - Processing /home/airflow/.local/lib/python3.8/site-packages/airflow/example_dags/example_xcom.py took 0.155 seconds
[2023-11-13T08:02:53.159+0000] {processor.py:157} INFO - Started process (PID=868) to work on /home/airflow/.local/lib/python3.8/site-packages/airflow/example_dags/example_xcom.py
[2023-11-13T08:02:53.171+0000] {processor.py:829} INFO - Processing file /home/airflow/.local/lib/python3.8/site-packages/airflow/example_dags/example_xcom.py for tasks to queue
[2023-11-13T08:02:53.173+0000] {logging_mixin.py:154} INFO - [2023-11-13T08:02:53.173+0000] {dagbag.py:536} INFO - Filling up the DagBag from /home/airflow/.local/lib/python3.8/site-packages/airflow/example_dags/example_xcom.py
[2023-11-13T08:02:53.178+0000] {processor.py:839} INFO - DAG(s) dict_keys(['example_xcom']) retrieved from /home/airflow/.local/lib/python3.8/site-packages/airflow/example_dags/example_xcom.py
[2023-11-13T08:02:53.192+0000] {logging_mixin.py:154} INFO - [2023-11-13T08:02:53.192+0000] {dag.py:2941} INFO - Sync 1 DAGs
[2023-11-13T08:02:53.207+0000] {logging_mixin.py:154} INFO - [2023-11-13T08:02:53.207+0000] {dag.py:3722} INFO - Setting next_dagrun for example_xcom to 2021-01-01T00:00:00+00:00, run_after=2021-01-01T00:00:00+00:00
[2023-11-13T08:02:53.234+0000] {processor.py:179} INFO - Processing /home/airflow/.local/lib/python3.8/site-packages/airflow/example_dags/example_xcom.py took 0.077 seconds
[2023-11-13T08:03:23.923+0000] {processor.py:157} INFO - Started process (PID=922) to work on /home/airflow/.local/lib/python3.8/site-packages/airflow/example_dags/example_xcom.py
[2023-11-13T08:03:23.924+0000] {processor.py:829} INFO - Processing file /home/airflow/.local/lib/python3.8/site-packages/airflow/example_dags/example_xcom.py for tasks to queue
[2023-11-13T08:03:23.927+0000] {logging_mixin.py:154} INFO - [2023-11-13T08:03:23.927+0000] {dagbag.py:536} INFO - Filling up the DagBag from /home/airflow/.local/lib/python3.8/site-packages/airflow/example_dags/example_xcom.py
[2023-11-13T08:03:23.938+0000] {processor.py:839} INFO - DAG(s) dict_keys(['example_xcom']) retrieved from /home/airflow/.local/lib/python3.8/site-packages/airflow/example_dags/example_xcom.py
[2023-11-13T08:03:23.971+0000] {logging_mixin.py:154} INFO - [2023-11-13T08:03:23.970+0000] {dag.py:2941} INFO - Sync 1 DAGs
[2023-11-13T08:03:24.100+0000] {logging_mixin.py:154} INFO - [2023-11-13T08:03:24.100+0000] {dag.py:3722} INFO - Setting next_dagrun for example_xcom to 2021-01-01T00:00:00+00:00, run_after=2021-01-01T00:00:00+00:00
[2023-11-13T08:03:24.125+0000] {processor.py:179} INFO - Processing /home/airflow/.local/lib/python3.8/site-packages/airflow/example_dags/example_xcom.py took 0.206 seconds
[2023-11-13T08:03:55.113+0000] {processor.py:157} INFO - Started process (PID=976) to work on /home/airflow/.local/lib/python3.8/site-packages/airflow/example_dags/example_xcom.py
[2023-11-13T08:03:55.259+0000] {processor.py:829} INFO - Processing file /home/airflow/.local/lib/python3.8/site-packages/airflow/example_dags/example_xcom.py for tasks to queue
[2023-11-13T08:03:55.268+0000] {logging_mixin.py:154} INFO - [2023-11-13T08:03:55.267+0000] {dagbag.py:536} INFO - Filling up the DagBag from /home/airflow/.local/lib/python3.8/site-packages/airflow/example_dags/example_xcom.py
[2023-11-13T08:03:55.283+0000] {processor.py:839} INFO - DAG(s) dict_keys(['example_xcom']) retrieved from /home/airflow/.local/lib/python3.8/site-packages/airflow/example_dags/example_xcom.py
[2023-11-13T08:03:55.303+0000] {logging_mixin.py:154} INFO - [2023-11-13T08:03:55.303+0000] {dag.py:2941} INFO - Sync 1 DAGs
[2023-11-13T08:03:55.318+0000] {logging_mixin.py:154} INFO - [2023-11-13T08:03:55.318+0000] {dag.py:3722} INFO - Setting next_dagrun for example_xcom to 2021-01-01T00:00:00+00:00, run_after=2021-01-01T00:00:00+00:00
[2023-11-13T08:03:55.522+0000] {processor.py:179} INFO - Processing /home/airflow/.local/lib/python3.8/site-packages/airflow/example_dags/example_xcom.py took 0.411 seconds
[2023-11-13T08:04:26.683+0000] {processor.py:157} INFO - Started process (PID=1030) to work on /home/airflow/.local/lib/python3.8/site-packages/airflow/example_dags/example_xcom.py
[2023-11-13T08:04:26.692+0000] {processor.py:829} INFO - Processing file /home/airflow/.local/lib/python3.8/site-packages/airflow/example_dags/example_xcom.py for tasks to queue
[2023-11-13T08:04:26.694+0000] {logging_mixin.py:154} INFO - [2023-11-13T08:04:26.694+0000] {dagbag.py:536} INFO - Filling up the DagBag from /home/airflow/.local/lib/python3.8/site-packages/airflow/example_dags/example_xcom.py
[2023-11-13T08:04:26.699+0000] {processor.py:839} INFO - DAG(s) dict_keys(['example_xcom']) retrieved from /home/airflow/.local/lib/python3.8/site-packages/airflow/example_dags/example_xcom.py
[2023-11-13T08:04:26.716+0000] {logging_mixin.py:154} INFO - [2023-11-13T08:04:26.716+0000] {dag.py:2941} INFO - Sync 1 DAGs
[2023-11-13T08:04:26.734+0000] {logging_mixin.py:154} INFO - [2023-11-13T08:04:26.734+0000] {dag.py:3722} INFO - Setting next_dagrun for example_xcom to 2021-01-01T00:00:00+00:00, run_after=2021-01-01T00:00:00+00:00
[2023-11-13T08:04:26.800+0000] {processor.py:179} INFO - Processing /home/airflow/.local/lib/python3.8/site-packages/airflow/example_dags/example_xcom.py took 0.119 seconds
[2023-11-13T08:04:58.200+0000] {processor.py:157} INFO - Started process (PID=1084) to work on /home/airflow/.local/lib/python3.8/site-packages/airflow/example_dags/example_xcom.py
[2023-11-13T08:04:58.319+0000] {processor.py:829} INFO - Processing file /home/airflow/.local/lib/python3.8/site-packages/airflow/example_dags/example_xcom.py for tasks to queue
[2023-11-13T08:04:58.325+0000] {logging_mixin.py:154} INFO - [2023-11-13T08:04:58.324+0000] {dagbag.py:536} INFO - Filling up the DagBag from /home/airflow/.local/lib/python3.8/site-packages/airflow/example_dags/example_xcom.py
[2023-11-13T08:04:58.331+0000] {processor.py:839} INFO - DAG(s) dict_keys(['example_xcom']) retrieved from /home/airflow/.local/lib/python3.8/site-packages/airflow/example_dags/example_xcom.py
[2023-11-13T08:04:58.347+0000] {logging_mixin.py:154} INFO - [2023-11-13T08:04:58.347+0000] {dag.py:2941} INFO - Sync 1 DAGs
[2023-11-13T08:04:58.363+0000] {logging_mixin.py:154} INFO - [2023-11-13T08:04:58.363+0000] {dag.py:3722} INFO - Setting next_dagrun for example_xcom to 2021-01-01T00:00:00+00:00, run_after=2021-01-01T00:00:00+00:00
[2023-11-13T08:04:58.440+0000] {processor.py:179} INFO - Processing /home/airflow/.local/lib/python3.8/site-packages/airflow/example_dags/example_xcom.py took 0.242 seconds
[2023-11-13T08:05:29.697+0000] {processor.py:157} INFO - Started process (PID=1138) to work on /home/airflow/.local/lib/python3.8/site-packages/airflow/example_dags/example_xcom.py
[2023-11-13T08:05:29.698+0000] {processor.py:829} INFO - Processing file /home/airflow/.local/lib/python3.8/site-packages/airflow/example_dags/example_xcom.py for tasks to queue
[2023-11-13T08:05:29.699+0000] {logging_mixin.py:154} INFO - [2023-11-13T08:05:29.699+0000] {dagbag.py:536} INFO - Filling up the DagBag from /home/airflow/.local/lib/python3.8/site-packages/airflow/example_dags/example_xcom.py
[2023-11-13T08:05:29.704+0000] {processor.py:839} INFO - DAG(s) dict_keys(['example_xcom']) retrieved from /home/airflow/.local/lib/python3.8/site-packages/airflow/example_dags/example_xcom.py
[2023-11-13T08:05:29.719+0000] {logging_mixin.py:154} INFO - [2023-11-13T08:05:29.719+0000] {dag.py:2941} INFO - Sync 1 DAGs
[2023-11-13T08:05:29.735+0000] {logging_mixin.py:154} INFO - [2023-11-13T08:05:29.734+0000] {dag.py:3722} INFO - Setting next_dagrun for example_xcom to 2021-01-01T00:00:00+00:00, run_after=2021-01-01T00:00:00+00:00
[2023-11-13T08:05:30.052+0000] {processor.py:179} INFO - Processing /home/airflow/.local/lib/python3.8/site-packages/airflow/example_dags/example_xcom.py took 0.357 seconds
[2023-11-13T08:06:00.070+0000] {processor.py:157} INFO - Started process (PID=1192) to work on /home/airflow/.local/lib/python3.8/site-packages/airflow/example_dags/example_xcom.py
[2023-11-13T08:06:00.076+0000] {processor.py:829} INFO - Processing file /home/airflow/.local/lib/python3.8/site-packages/airflow/example_dags/example_xcom.py for tasks to queue
[2023-11-13T08:06:00.078+0000] {logging_mixin.py:154} INFO - [2023-11-13T08:06:00.078+0000] {dagbag.py:536} INFO - Filling up the DagBag from /home/airflow/.local/lib/python3.8/site-packages/airflow/example_dags/example_xcom.py
[2023-11-13T08:06:00.083+0000] {processor.py:839} INFO - DAG(s) dict_keys(['example_xcom']) retrieved from /home/airflow/.local/lib/python3.8/site-packages/airflow/example_dags/example_xcom.py
[2023-11-13T08:06:00.098+0000] {logging_mixin.py:154} INFO - [2023-11-13T08:06:00.098+0000] {dag.py:2941} INFO - Sync 1 DAGs
[2023-11-13T08:06:00.113+0000] {logging_mixin.py:154} INFO - [2023-11-13T08:06:00.113+0000] {dag.py:3722} INFO - Setting next_dagrun for example_xcom to 2021-01-01T00:00:00+00:00, run_after=2021-01-01T00:00:00+00:00
[2023-11-13T08:06:00.143+0000] {processor.py:179} INFO - Processing /home/airflow/.local/lib/python3.8/site-packages/airflow/example_dags/example_xcom.py took 0.075 seconds
[2023-11-13T08:06:30.355+0000] {processor.py:157} INFO - Started process (PID=1246) to work on /home/airflow/.local/lib/python3.8/site-packages/airflow/example_dags/example_xcom.py
[2023-11-13T08:06:30.355+0000] {processor.py:829} INFO - Processing file /home/airflow/.local/lib/python3.8/site-packages/airflow/example_dags/example_xcom.py for tasks to queue
[2023-11-13T08:06:30.357+0000] {logging_mixin.py:154} INFO - [2023-11-13T08:06:30.357+0000] {dagbag.py:536} INFO - Filling up the DagBag from /home/airflow/.local/lib/python3.8/site-packages/airflow/example_dags/example_xcom.py
[2023-11-13T08:06:30.362+0000] {processor.py:839} INFO - DAG(s) dict_keys(['example_xcom']) retrieved from /home/airflow/.local/lib/python3.8/site-packages/airflow/example_dags/example_xcom.py
[2023-11-13T08:06:30.376+0000] {logging_mixin.py:154} INFO - [2023-11-13T08:06:30.376+0000] {dag.py:2941} INFO - Sync 1 DAGs
[2023-11-13T08:06:30.483+0000] {logging_mixin.py:154} INFO - [2023-11-13T08:06:30.483+0000] {dag.py:3722} INFO - Setting next_dagrun for example_xcom to 2021-01-01T00:00:00+00:00, run_after=2021-01-01T00:00:00+00:00
[2023-11-13T08:06:30.513+0000] {processor.py:179} INFO - Processing /home/airflow/.local/lib/python3.8/site-packages/airflow/example_dags/example_xcom.py took 0.161 seconds
[2023-11-13T08:07:00.854+0000] {processor.py:157} INFO - Started process (PID=1300) to work on /home/airflow/.local/lib/python3.8/site-packages/airflow/example_dags/example_xcom.py
[2023-11-13T08:07:00.870+0000] {processor.py:829} INFO - Processing file /home/airflow/.local/lib/python3.8/site-packages/airflow/example_dags/example_xcom.py for tasks to queue
[2023-11-13T08:07:00.872+0000] {logging_mixin.py:154} INFO - [2023-11-13T08:07:00.872+0000] {dagbag.py:536} INFO - Filling up the DagBag from /home/airflow/.local/lib/python3.8/site-packages/airflow/example_dags/example_xcom.py
[2023-11-13T08:07:00.877+0000] {processor.py:839} INFO - DAG(s) dict_keys(['example_xcom']) retrieved from /home/airflow/.local/lib/python3.8/site-packages/airflow/example_dags/example_xcom.py
[2023-11-13T08:07:00.894+0000] {logging_mixin.py:154} INFO - [2023-11-13T08:07:00.894+0000] {dag.py:2941} INFO - Sync 1 DAGs
[2023-11-13T08:07:00.909+0000] {logging_mixin.py:154} INFO - [2023-11-13T08:07:00.909+0000] {dag.py:3722} INFO - Setting next_dagrun for example_xcom to 2021-01-01T00:00:00+00:00, run_after=2021-01-01T00:00:00+00:00
[2023-11-13T08:07:01.038+0000] {processor.py:179} INFO - Processing /home/airflow/.local/lib/python3.8/site-packages/airflow/example_dags/example_xcom.py took 0.185 seconds
[2023-11-13T08:07:31.813+0000] {processor.py:157} INFO - Started process (PID=1354) to work on /home/airflow/.local/lib/python3.8/site-packages/airflow/example_dags/example_xcom.py
[2023-11-13T08:07:31.814+0000] {processor.py:829} INFO - Processing file /home/airflow/.local/lib/python3.8/site-packages/airflow/example_dags/example_xcom.py for tasks to queue
[2023-11-13T08:07:31.817+0000] {logging_mixin.py:154} INFO - [2023-11-13T08:07:31.817+0000] {dagbag.py:536} INFO - Filling up the DagBag from /home/airflow/.local/lib/python3.8/site-packages/airflow/example_dags/example_xcom.py
[2023-11-13T08:07:31.826+0000] {processor.py:839} INFO - DAG(s) dict_keys(['example_xcom']) retrieved from /home/airflow/.local/lib/python3.8/site-packages/airflow/example_dags/example_xcom.py
[2023-11-13T08:07:31.844+0000] {logging_mixin.py:154} INFO - [2023-11-13T08:07:31.844+0000] {dag.py:2941} INFO - Sync 1 DAGs
[2023-11-13T08:07:31.858+0000] {logging_mixin.py:154} INFO - [2023-11-13T08:07:31.858+0000] {dag.py:3722} INFO - Setting next_dagrun for example_xcom to 2021-01-01T00:00:00+00:00, run_after=2021-01-01T00:00:00+00:00
[2023-11-13T08:07:32.343+0000] {processor.py:179} INFO - Processing /home/airflow/.local/lib/python3.8/site-packages/airflow/example_dags/example_xcom.py took 0.535 seconds
[2023-11-13T08:08:02.747+0000] {processor.py:157} INFO - Started process (PID=1408) to work on /home/airflow/.local/lib/python3.8/site-packages/airflow/example_dags/example_xcom.py
[2023-11-13T08:08:02.752+0000] {processor.py:829} INFO - Processing file /home/airflow/.local/lib/python3.8/site-packages/airflow/example_dags/example_xcom.py for tasks to queue
[2023-11-13T08:08:02.753+0000] {logging_mixin.py:154} INFO - [2023-11-13T08:08:02.753+0000] {dagbag.py:536} INFO - Filling up the DagBag from /home/airflow/.local/lib/python3.8/site-packages/airflow/example_dags/example_xcom.py
[2023-11-13T08:08:02.758+0000] {processor.py:839} INFO - DAG(s) dict_keys(['example_xcom']) retrieved from /home/airflow/.local/lib/python3.8/site-packages/airflow/example_dags/example_xcom.py
[2023-11-13T08:08:02.776+0000] {logging_mixin.py:154} INFO - [2023-11-13T08:08:02.776+0000] {dag.py:2941} INFO - Sync 1 DAGs
[2023-11-13T08:08:02.901+0000] {logging_mixin.py:154} INFO - [2023-11-13T08:08:02.901+0000] {dag.py:3722} INFO - Setting next_dagrun for example_xcom to 2021-01-01T00:00:00+00:00, run_after=2021-01-01T00:00:00+00:00
[2023-11-13T08:08:02.932+0000] {processor.py:179} INFO - Processing /home/airflow/.local/lib/python3.8/site-packages/airflow/example_dags/example_xcom.py took 0.188 seconds
[2023-11-13T08:08:33.802+0000] {processor.py:157} INFO - Started process (PID=1462) to work on /home/airflow/.local/lib/python3.8/site-packages/airflow/example_dags/example_xcom.py
[2023-11-13T08:08:33.803+0000] {processor.py:829} INFO - Processing file /home/airflow/.local/lib/python3.8/site-packages/airflow/example_dags/example_xcom.py for tasks to queue
[2023-11-13T08:08:33.804+0000] {logging_mixin.py:154} INFO - [2023-11-13T08:08:33.804+0000] {dagbag.py:536} INFO - Filling up the DagBag from /home/airflow/.local/lib/python3.8/site-packages/airflow/example_dags/example_xcom.py
[2023-11-13T08:08:33.809+0000] {processor.py:839} INFO - DAG(s) dict_keys(['example_xcom']) retrieved from /home/airflow/.local/lib/python3.8/site-packages/airflow/example_dags/example_xcom.py
[2023-11-13T08:08:33.825+0000] {logging_mixin.py:154} INFO - [2023-11-13T08:08:33.825+0000] {dag.py:2941} INFO - Sync 1 DAGs
[2023-11-13T08:08:33.840+0000] {logging_mixin.py:154} INFO - [2023-11-13T08:08:33.840+0000] {dag.py:3722} INFO - Setting next_dagrun for example_xcom to 2021-01-01T00:00:00+00:00, run_after=2021-01-01T00:00:00+00:00
[2023-11-13T08:08:34.066+0000] {processor.py:179} INFO - Processing /home/airflow/.local/lib/python3.8/site-packages/airflow/example_dags/example_xcom.py took 0.266 seconds
[2023-11-13T08:09:04.532+0000] {processor.py:157} INFO - Started process (PID=1516) to work on /home/airflow/.local/lib/python3.8/site-packages/airflow/example_dags/example_xcom.py
[2023-11-13T08:09:04.533+0000] {processor.py:829} INFO - Processing file /home/airflow/.local/lib/python3.8/site-packages/airflow/example_dags/example_xcom.py for tasks to queue
[2023-11-13T08:09:04.534+0000] {logging_mixin.py:154} INFO - [2023-11-13T08:09:04.534+0000] {dagbag.py:536} INFO - Filling up the DagBag from /home/airflow/.local/lib/python3.8/site-packages/airflow/example_dags/example_xcom.py
[2023-11-13T08:09:04.539+0000] {processor.py:839} INFO - DAG(s) dict_keys(['example_xcom']) retrieved from /home/airflow/.local/lib/python3.8/site-packages/airflow/example_dags/example_xcom.py
[2023-11-13T08:09:04.652+0000] {logging_mixin.py:154} INFO - [2023-11-13T08:09:04.652+0000] {dag.py:2941} INFO - Sync 1 DAGs
[2023-11-13T08:09:04.665+0000] {logging_mixin.py:154} INFO - [2023-11-13T08:09:04.664+0000] {dag.py:3722} INFO - Setting next_dagrun for example_xcom to 2021-01-01T00:00:00+00:00, run_after=2021-01-01T00:00:00+00:00
[2023-11-13T08:09:04.713+0000] {processor.py:179} INFO - Processing /home/airflow/.local/lib/python3.8/site-packages/airflow/example_dags/example_xcom.py took 0.184 seconds
[2023-11-13T08:09:35.417+0000] {processor.py:157} INFO - Started process (PID=1570) to work on /home/airflow/.local/lib/python3.8/site-packages/airflow/example_dags/example_xcom.py
[2023-11-13T08:09:35.418+0000] {processor.py:829} INFO - Processing file /home/airflow/.local/lib/python3.8/site-packages/airflow/example_dags/example_xcom.py for tasks to queue
[2023-11-13T08:09:35.419+0000] {logging_mixin.py:154} INFO - [2023-11-13T08:09:35.419+0000] {dagbag.py:536} INFO - Filling up the DagBag from /home/airflow/.local/lib/python3.8/site-packages/airflow/example_dags/example_xcom.py
[2023-11-13T08:09:35.424+0000] {processor.py:839} INFO - DAG(s) dict_keys(['example_xcom']) retrieved from /home/airflow/.local/lib/python3.8/site-packages/airflow/example_dags/example_xcom.py
[2023-11-13T08:09:35.440+0000] {logging_mixin.py:154} INFO - [2023-11-13T08:09:35.440+0000] {dag.py:2941} INFO - Sync 1 DAGs
[2023-11-13T08:09:35.553+0000] {logging_mixin.py:154} INFO - [2023-11-13T08:09:35.553+0000] {dag.py:3722} INFO - Setting next_dagrun for example_xcom to 2021-01-01T00:00:00+00:00, run_after=2021-01-01T00:00:00+00:00
[2023-11-13T08:09:35.608+0000] {processor.py:179} INFO - Processing /home/airflow/.local/lib/python3.8/site-packages/airflow/example_dags/example_xcom.py took 0.193 seconds
[2023-11-13T08:10:06.205+0000] {processor.py:157} INFO - Started process (PID=1624) to work on /home/airflow/.local/lib/python3.8/site-packages/airflow/example_dags/example_xcom.py
[2023-11-13T08:10:06.374+0000] {processor.py:829} INFO - Processing file /home/airflow/.local/lib/python3.8/site-packages/airflow/example_dags/example_xcom.py for tasks to queue
[2023-11-13T08:10:06.381+0000] {logging_mixin.py:154} INFO - [2023-11-13T08:10:06.380+0000] {dagbag.py:536} INFO - Filling up the DagBag from /home/airflow/.local/lib/python3.8/site-packages/airflow/example_dags/example_xcom.py
[2023-11-13T08:10:06.395+0000] {processor.py:839} INFO - DAG(s) dict_keys(['example_xcom']) retrieved from /home/airflow/.local/lib/python3.8/site-packages/airflow/example_dags/example_xcom.py
[2023-11-13T08:10:06.410+0000] {logging_mixin.py:154} INFO - [2023-11-13T08:10:06.410+0000] {dag.py:2941} INFO - Sync 1 DAGs
[2023-11-13T08:10:06.424+0000] {logging_mixin.py:154} INFO - [2023-11-13T08:10:06.424+0000] {dag.py:3722} INFO - Setting next_dagrun for example_xcom to 2021-01-01T00:00:00+00:00, run_after=2021-01-01T00:00:00+00:00
[2023-11-13T08:10:06.566+0000] {processor.py:179} INFO - Processing /home/airflow/.local/lib/python3.8/site-packages/airflow/example_dags/example_xcom.py took 0.364 seconds
[2023-11-13T08:10:36.961+0000] {processor.py:157} INFO - Started process (PID=1678) to work on /home/airflow/.local/lib/python3.8/site-packages/airflow/example_dags/example_xcom.py
[2023-11-13T08:10:36.961+0000] {processor.py:829} INFO - Processing file /home/airflow/.local/lib/python3.8/site-packages/airflow/example_dags/example_xcom.py for tasks to queue
[2023-11-13T08:10:36.963+0000] {logging_mixin.py:154} INFO - [2023-11-13T08:10:36.962+0000] {dagbag.py:536} INFO - Filling up the DagBag from /home/airflow/.local/lib/python3.8/site-packages/airflow/example_dags/example_xcom.py
[2023-11-13T08:10:36.968+0000] {processor.py:839} INFO - DAG(s) dict_keys(['example_xcom']) retrieved from /home/airflow/.local/lib/python3.8/site-packages/airflow/example_dags/example_xcom.py
[2023-11-13T08:10:36.983+0000] {logging_mixin.py:154} INFO - [2023-11-13T08:10:36.983+0000] {dag.py:2941} INFO - Sync 1 DAGs
[2023-11-13T08:10:36.998+0000] {logging_mixin.py:154} INFO - [2023-11-13T08:10:36.998+0000] {dag.py:3722} INFO - Setting next_dagrun for example_xcom to 2021-01-01T00:00:00+00:00, run_after=2021-01-01T00:00:00+00:00
[2023-11-13T08:10:37.032+0000] {processor.py:179} INFO - Processing /home/airflow/.local/lib/python3.8/site-packages/airflow/example_dags/example_xcom.py took 0.073 seconds
[2023-11-13T08:11:09.302+0000] {processor.py:157} INFO - Started process (PID=1732) to work on /home/airflow/.local/lib/python3.8/site-packages/airflow/example_dags/example_xcom.py
[2023-11-13T08:11:09.440+0000] {processor.py:829} INFO - Processing file /home/airflow/.local/lib/python3.8/site-packages/airflow/example_dags/example_xcom.py for tasks to queue
[2023-11-13T08:11:09.445+0000] {logging_mixin.py:154} INFO - [2023-11-13T08:11:09.445+0000] {dagbag.py:536} INFO - Filling up the DagBag from /home/airflow/.local/lib/python3.8/site-packages/airflow/example_dags/example_xcom.py
[2023-11-13T08:11:09.450+0000] {processor.py:839} INFO - DAG(s) dict_keys(['example_xcom']) retrieved from /home/airflow/.local/lib/python3.8/site-packages/airflow/example_dags/example_xcom.py
[2023-11-13T08:11:09.464+0000] {logging_mixin.py:154} INFO - [2023-11-13T08:11:09.464+0000] {dag.py:2941} INFO - Sync 1 DAGs
[2023-11-13T08:11:09.478+0000] {logging_mixin.py:154} INFO - [2023-11-13T08:11:09.478+0000] {dag.py:3722} INFO - Setting next_dagrun for example_xcom to 2021-01-01T00:00:00+00:00, run_after=2021-01-01T00:00:00+00:00
[2023-11-13T08:11:09.926+0000] {processor.py:179} INFO - Processing /home/airflow/.local/lib/python3.8/site-packages/airflow/example_dags/example_xcom.py took 0.626 seconds
[2023-11-13T08:11:40.062+0000] {processor.py:157} INFO - Started process (PID=1786) to work on /home/airflow/.local/lib/python3.8/site-packages/airflow/example_dags/example_xcom.py
[2023-11-13T08:11:40.063+0000] {processor.py:829} INFO - Processing file /home/airflow/.local/lib/python3.8/site-packages/airflow/example_dags/example_xcom.py for tasks to queue
[2023-11-13T08:11:40.064+0000] {logging_mixin.py:154} INFO - [2023-11-13T08:11:40.064+0000] {dagbag.py:536} INFO - Filling up the DagBag from /home/airflow/.local/lib/python3.8/site-packages/airflow/example_dags/example_xcom.py
[2023-11-13T08:11:40.069+0000] {processor.py:839} INFO - DAG(s) dict_keys(['example_xcom']) retrieved from /home/airflow/.local/lib/python3.8/site-packages/airflow/example_dags/example_xcom.py
[2023-11-13T08:11:40.084+0000] {logging_mixin.py:154} INFO - [2023-11-13T08:11:40.084+0000] {dag.py:2941} INFO - Sync 1 DAGs
[2023-11-13T08:11:40.099+0000] {logging_mixin.py:154} INFO - [2023-11-13T08:11:40.099+0000] {dag.py:3722} INFO - Setting next_dagrun for example_xcom to 2021-01-01T00:00:00+00:00, run_after=2021-01-01T00:00:00+00:00
[2023-11-13T08:11:40.130+0000] {processor.py:179} INFO - Processing /home/airflow/.local/lib/python3.8/site-packages/airflow/example_dags/example_xcom.py took 0.070 seconds
[2023-11-13T08:12:11.818+0000] {processor.py:157} INFO - Started process (PID=1840) to work on /home/airflow/.local/lib/python3.8/site-packages/airflow/example_dags/example_xcom.py
[2023-11-13T08:12:11.835+0000] {processor.py:829} INFO - Processing file /home/airflow/.local/lib/python3.8/site-packages/airflow/example_dags/example_xcom.py for tasks to queue
[2023-11-13T08:12:11.837+0000] {logging_mixin.py:154} INFO - [2023-11-13T08:12:11.837+0000] {dagbag.py:536} INFO - Filling up the DagBag from /home/airflow/.local/lib/python3.8/site-packages/airflow/example_dags/example_xcom.py
[2023-11-13T08:12:11.842+0000] {processor.py:839} INFO - DAG(s) dict_keys(['example_xcom']) retrieved from /home/airflow/.local/lib/python3.8/site-packages/airflow/example_dags/example_xcom.py
[2023-11-13T08:12:11.857+0000] {logging_mixin.py:154} INFO - [2023-11-13T08:12:11.857+0000] {dag.py:2941} INFO - Sync 1 DAGs
[2023-11-13T08:12:11.871+0000] {logging_mixin.py:154} INFO - [2023-11-13T08:12:11.871+0000] {dag.py:3722} INFO - Setting next_dagrun for example_xcom to 2021-01-01T00:00:00+00:00, run_after=2021-01-01T00:00:00+00:00
[2023-11-13T08:12:11.913+0000] {processor.py:179} INFO - Processing /home/airflow/.local/lib/python3.8/site-packages/airflow/example_dags/example_xcom.py took 0.098 seconds
[2023-11-13T08:12:44.032+0000] {processor.py:157} INFO - Started process (PID=1894) to work on /home/airflow/.local/lib/python3.8/site-packages/airflow/example_dags/example_xcom.py
[2023-11-13T08:12:44.032+0000] {processor.py:829} INFO - Processing file /home/airflow/.local/lib/python3.8/site-packages/airflow/example_dags/example_xcom.py for tasks to queue
[2023-11-13T08:12:44.034+0000] {logging_mixin.py:154} INFO - [2023-11-13T08:12:44.033+0000] {dagbag.py:536} INFO - Filling up the DagBag from /home/airflow/.local/lib/python3.8/site-packages/airflow/example_dags/example_xcom.py
[2023-11-13T08:12:44.039+0000] {processor.py:839} INFO - DAG(s) dict_keys(['example_xcom']) retrieved from /home/airflow/.local/lib/python3.8/site-packages/airflow/example_dags/example_xcom.py
[2023-11-13T08:12:44.054+0000] {logging_mixin.py:154} INFO - [2023-11-13T08:12:44.054+0000] {dag.py:2941} INFO - Sync 1 DAGs
[2023-11-13T08:12:44.069+0000] {logging_mixin.py:154} INFO - [2023-11-13T08:12:44.069+0000] {dag.py:3722} INFO - Setting next_dagrun for example_xcom to 2021-01-01T00:00:00+00:00, run_after=2021-01-01T00:00:00+00:00
[2023-11-13T08:12:44.099+0000] {processor.py:179} INFO - Processing /home/airflow/.local/lib/python3.8/site-packages/airflow/example_dags/example_xcom.py took 0.070 seconds
[2023-11-13T08:13:16.256+0000] {processor.py:157} INFO - Started process (PID=1948) to work on /home/airflow/.local/lib/python3.8/site-packages/airflow/example_dags/example_xcom.py
[2023-11-13T08:13:16.305+0000] {processor.py:829} INFO - Processing file /home/airflow/.local/lib/python3.8/site-packages/airflow/example_dags/example_xcom.py for tasks to queue
[2023-11-13T08:13:16.308+0000] {logging_mixin.py:154} INFO - [2023-11-13T08:13:16.307+0000] {dagbag.py:536} INFO - Filling up the DagBag from /home/airflow/.local/lib/python3.8/site-packages/airflow/example_dags/example_xcom.py
[2023-11-13T08:13:16.317+0000] {processor.py:839} INFO - DAG(s) dict_keys(['example_xcom']) retrieved from /home/airflow/.local/lib/python3.8/site-packages/airflow/example_dags/example_xcom.py
[2023-11-13T08:13:16.343+0000] {logging_mixin.py:154} INFO - [2023-11-13T08:13:16.343+0000] {dag.py:2941} INFO - Sync 1 DAGs
[2023-11-13T08:13:16.362+0000] {logging_mixin.py:154} INFO - [2023-11-13T08:13:16.362+0000] {dag.py:3722} INFO - Setting next_dagrun for example_xcom to 2021-01-01T00:00:00+00:00, run_after=2021-01-01T00:00:00+00:00
[2023-11-13T08:13:16.396+0000] {processor.py:179} INFO - Processing /home/airflow/.local/lib/python3.8/site-packages/airflow/example_dags/example_xcom.py took 0.142 seconds
[2023-11-13T08:13:46.961+0000] {processor.py:157} INFO - Started process (PID=2002) to work on /home/airflow/.local/lib/python3.8/site-packages/airflow/example_dags/example_xcom.py
[2023-11-13T08:13:46.961+0000] {processor.py:829} INFO - Processing file /home/airflow/.local/lib/python3.8/site-packages/airflow/example_dags/example_xcom.py for tasks to queue
[2023-11-13T08:13:46.963+0000] {logging_mixin.py:154} INFO - [2023-11-13T08:13:46.963+0000] {dagbag.py:536} INFO - Filling up the DagBag from /home/airflow/.local/lib/python3.8/site-packages/airflow/example_dags/example_xcom.py
[2023-11-13T08:13:46.968+0000] {processor.py:839} INFO - DAG(s) dict_keys(['example_xcom']) retrieved from /home/airflow/.local/lib/python3.8/site-packages/airflow/example_dags/example_xcom.py
[2023-11-13T08:13:46.983+0000] {logging_mixin.py:154} INFO - [2023-11-13T08:13:46.982+0000] {dag.py:2941} INFO - Sync 1 DAGs
[2023-11-13T08:13:46.998+0000] {logging_mixin.py:154} INFO - [2023-11-13T08:13:46.997+0000] {dag.py:3722} INFO - Setting next_dagrun for example_xcom to 2021-01-01T00:00:00+00:00, run_after=2021-01-01T00:00:00+00:00
[2023-11-13T08:13:47.038+0000] {processor.py:179} INFO - Processing /home/airflow/.local/lib/python3.8/site-packages/airflow/example_dags/example_xcom.py took 0.080 seconds
[2023-11-13T08:14:17.567+0000] {processor.py:157} INFO - Started process (PID=2056) to work on /home/airflow/.local/lib/python3.8/site-packages/airflow/example_dags/example_xcom.py
[2023-11-13T08:14:17.601+0000] {processor.py:829} INFO - Processing file /home/airflow/.local/lib/python3.8/site-packages/airflow/example_dags/example_xcom.py for tasks to queue
[2023-11-13T08:14:17.604+0000] {logging_mixin.py:154} INFO - [2023-11-13T08:14:17.603+0000] {dagbag.py:536} INFO - Filling up the DagBag from /home/airflow/.local/lib/python3.8/site-packages/airflow/example_dags/example_xcom.py
[2023-11-13T08:14:17.611+0000] {processor.py:839} INFO - DAG(s) dict_keys(['example_xcom']) retrieved from /home/airflow/.local/lib/python3.8/site-packages/airflow/example_dags/example_xcom.py
[2023-11-13T08:14:17.634+0000] {logging_mixin.py:154} INFO - [2023-11-13T08:14:17.633+0000] {dag.py:2941} INFO - Sync 1 DAGs
[2023-11-13T08:14:17.654+0000] {logging_mixin.py:154} INFO - [2023-11-13T08:14:17.654+0000] {dag.py:3722} INFO - Setting next_dagrun for example_xcom to 2021-01-01T00:00:00+00:00, run_after=2021-01-01T00:00:00+00:00
[2023-11-13T08:14:17.718+0000] {processor.py:179} INFO - Processing /home/airflow/.local/lib/python3.8/site-packages/airflow/example_dags/example_xcom.py took 0.154 seconds
[2023-11-13T08:14:49.319+0000] {processor.py:157} INFO - Started process (PID=2110) to work on /home/airflow/.local/lib/python3.8/site-packages/airflow/example_dags/example_xcom.py
[2023-11-13T08:14:49.484+0000] {processor.py:829} INFO - Processing file /home/airflow/.local/lib/python3.8/site-packages/airflow/example_dags/example_xcom.py for tasks to queue
[2023-11-13T08:14:49.491+0000] {logging_mixin.py:154} INFO - [2023-11-13T08:14:49.490+0000] {dagbag.py:536} INFO - Filling up the DagBag from /home/airflow/.local/lib/python3.8/site-packages/airflow/example_dags/example_xcom.py
[2023-11-13T08:14:49.514+0000] {processor.py:839} INFO - DAG(s) dict_keys(['example_xcom']) retrieved from /home/airflow/.local/lib/python3.8/site-packages/airflow/example_dags/example_xcom.py
[2023-11-13T08:14:49.540+0000] {logging_mixin.py:154} INFO - [2023-11-13T08:14:49.540+0000] {dag.py:2941} INFO - Sync 1 DAGs
[2023-11-13T08:14:49.555+0000] {logging_mixin.py:154} INFO - [2023-11-13T08:14:49.555+0000] {dag.py:3722} INFO - Setting next_dagrun for example_xcom to 2021-01-01T00:00:00+00:00, run_after=2021-01-01T00:00:00+00:00
[2023-11-13T08:14:49.828+0000] {processor.py:179} INFO - Processing /home/airflow/.local/lib/python3.8/site-packages/airflow/example_dags/example_xcom.py took 0.512 seconds
[2023-11-13T08:15:21.400+0000] {processor.py:157} INFO - Started process (PID=2164) to work on /home/airflow/.local/lib/python3.8/site-packages/airflow/example_dags/example_xcom.py
[2023-11-13T08:15:21.530+0000] {processor.py:829} INFO - Processing file /home/airflow/.local/lib/python3.8/site-packages/airflow/example_dags/example_xcom.py for tasks to queue
[2023-11-13T08:15:21.537+0000] {logging_mixin.py:154} INFO - [2023-11-13T08:15:21.536+0000] {dagbag.py:536} INFO - Filling up the DagBag from /home/airflow/.local/lib/python3.8/site-packages/airflow/example_dags/example_xcom.py
[2023-11-13T08:15:21.555+0000] {processor.py:839} INFO - DAG(s) dict_keys(['example_xcom']) retrieved from /home/airflow/.local/lib/python3.8/site-packages/airflow/example_dags/example_xcom.py
[2023-11-13T08:15:21.570+0000] {logging_mixin.py:154} INFO - [2023-11-13T08:15:21.570+0000] {dag.py:2941} INFO - Sync 1 DAGs
[2023-11-13T08:15:21.584+0000] {logging_mixin.py:154} INFO - [2023-11-13T08:15:21.584+0000] {dag.py:3722} INFO - Setting next_dagrun for example_xcom to 2021-01-01T00:00:00+00:00, run_after=2021-01-01T00:00:00+00:00
[2023-11-13T08:15:21.628+0000] {processor.py:179} INFO - Processing /home/airflow/.local/lib/python3.8/site-packages/airflow/example_dags/example_xcom.py took 0.230 seconds
[2023-11-13T08:15:51.850+0000] {processor.py:157} INFO - Started process (PID=2218) to work on /home/airflow/.local/lib/python3.8/site-packages/airflow/example_dags/example_xcom.py
[2023-11-13T08:15:51.850+0000] {processor.py:829} INFO - Processing file /home/airflow/.local/lib/python3.8/site-packages/airflow/example_dags/example_xcom.py for tasks to queue
[2023-11-13T08:15:51.852+0000] {logging_mixin.py:154} INFO - [2023-11-13T08:15:51.852+0000] {dagbag.py:536} INFO - Filling up the DagBag from /home/airflow/.local/lib/python3.8/site-packages/airflow/example_dags/example_xcom.py
[2023-11-13T08:15:51.857+0000] {processor.py:839} INFO - DAG(s) dict_keys(['example_xcom']) retrieved from /home/airflow/.local/lib/python3.8/site-packages/airflow/example_dags/example_xcom.py
[2023-11-13T08:15:51.872+0000] {logging_mixin.py:154} INFO - [2023-11-13T08:15:51.871+0000] {dag.py:2941} INFO - Sync 1 DAGs
[2023-11-13T08:15:51.886+0000] {logging_mixin.py:154} INFO - [2023-11-13T08:15:51.886+0000] {dag.py:3722} INFO - Setting next_dagrun for example_xcom to 2021-01-01T00:00:00+00:00, run_after=2021-01-01T00:00:00+00:00
[2023-11-13T08:15:51.911+0000] {processor.py:179} INFO - Processing /home/airflow/.local/lib/python3.8/site-packages/airflow/example_dags/example_xcom.py took 0.064 seconds
[2023-11-13T08:16:22.800+0000] {processor.py:157} INFO - Started process (PID=2272) to work on /home/airflow/.local/lib/python3.8/site-packages/airflow/example_dags/example_xcom.py
[2023-11-13T08:16:22.805+0000] {processor.py:829} INFO - Processing file /home/airflow/.local/lib/python3.8/site-packages/airflow/example_dags/example_xcom.py for tasks to queue
[2023-11-13T08:16:22.806+0000] {logging_mixin.py:154} INFO - [2023-11-13T08:16:22.806+0000] {dagbag.py:536} INFO - Filling up the DagBag from /home/airflow/.local/lib/python3.8/site-packages/airflow/example_dags/example_xcom.py
[2023-11-13T08:16:22.812+0000] {processor.py:839} INFO - DAG(s) dict_keys(['example_xcom']) retrieved from /home/airflow/.local/lib/python3.8/site-packages/airflow/example_dags/example_xcom.py
[2023-11-13T08:16:22.827+0000] {logging_mixin.py:154} INFO - [2023-11-13T08:16:22.827+0000] {dag.py:2941} INFO - Sync 1 DAGs
[2023-11-13T08:16:22.841+0000] {logging_mixin.py:154} INFO - [2023-11-13T08:16:22.841+0000] {dag.py:3722} INFO - Setting next_dagrun for example_xcom to 2021-01-01T00:00:00+00:00, run_after=2021-01-01T00:00:00+00:00
[2023-11-13T08:16:22.898+0000] {processor.py:179} INFO - Processing /home/airflow/.local/lib/python3.8/site-packages/airflow/example_dags/example_xcom.py took 0.100 seconds
[2023-11-13T08:16:53.241+0000] {processor.py:157} INFO - Started process (PID=2326) to work on /home/airflow/.local/lib/python3.8/site-packages/airflow/example_dags/example_xcom.py
[2023-11-13T08:16:53.242+0000] {processor.py:829} INFO - Processing file /home/airflow/.local/lib/python3.8/site-packages/airflow/example_dags/example_xcom.py for tasks to queue
[2023-11-13T08:16:53.243+0000] {logging_mixin.py:154} INFO - [2023-11-13T08:16:53.243+0000] {dagbag.py:536} INFO - Filling up the DagBag from /home/airflow/.local/lib/python3.8/site-packages/airflow/example_dags/example_xcom.py
[2023-11-13T08:16:53.248+0000] {processor.py:839} INFO - DAG(s) dict_keys(['example_xcom']) retrieved from /home/airflow/.local/lib/python3.8/site-packages/airflow/example_dags/example_xcom.py
[2023-11-13T08:16:53.263+0000] {logging_mixin.py:154} INFO - [2023-11-13T08:16:53.263+0000] {dag.py:2941} INFO - Sync 1 DAGs
[2023-11-13T08:16:53.278+0000] {logging_mixin.py:154} INFO - [2023-11-13T08:16:53.278+0000] {dag.py:3722} INFO - Setting next_dagrun for example_xcom to 2021-01-01T00:00:00+00:00, run_after=2021-01-01T00:00:00+00:00
[2023-11-13T08:16:53.303+0000] {processor.py:179} INFO - Processing /home/airflow/.local/lib/python3.8/site-packages/airflow/example_dags/example_xcom.py took 0.064 seconds
[2023-11-13T08:17:25.443+0000] {processor.py:157} INFO - Started process (PID=2380) to work on /home/airflow/.local/lib/python3.8/site-packages/airflow/example_dags/example_xcom.py
[2023-11-13T08:17:25.455+0000] {processor.py:829} INFO - Processing file /home/airflow/.local/lib/python3.8/site-packages/airflow/example_dags/example_xcom.py for tasks to queue
[2023-11-13T08:17:25.457+0000] {logging_mixin.py:154} INFO - [2023-11-13T08:17:25.457+0000] {dagbag.py:536} INFO - Filling up the DagBag from /home/airflow/.local/lib/python3.8/site-packages/airflow/example_dags/example_xcom.py
[2023-11-13T08:17:25.462+0000] {processor.py:839} INFO - DAG(s) dict_keys(['example_xcom']) retrieved from /home/airflow/.local/lib/python3.8/site-packages/airflow/example_dags/example_xcom.py
[2023-11-13T08:17:25.481+0000] {logging_mixin.py:154} INFO - [2023-11-13T08:17:25.481+0000] {dag.py:2941} INFO - Sync 1 DAGs
[2023-11-13T08:17:25.496+0000] {logging_mixin.py:154} INFO - [2023-11-13T08:17:25.496+0000] {dag.py:3722} INFO - Setting next_dagrun for example_xcom to 2021-01-01T00:00:00+00:00, run_after=2021-01-01T00:00:00+00:00
[2023-11-13T08:17:25.919+0000] {processor.py:179} INFO - Processing /home/airflow/.local/lib/python3.8/site-packages/airflow/example_dags/example_xcom.py took 0.478 seconds
[2023-11-13T08:17:57.134+0000] {processor.py:157} INFO - Started process (PID=2434) to work on /home/airflow/.local/lib/python3.8/site-packages/airflow/example_dags/example_xcom.py
[2023-11-13T08:17:57.135+0000] {processor.py:829} INFO - Processing file /home/airflow/.local/lib/python3.8/site-packages/airflow/example_dags/example_xcom.py for tasks to queue
[2023-11-13T08:17:57.138+0000] {logging_mixin.py:154} INFO - [2023-11-13T08:17:57.137+0000] {dagbag.py:536} INFO - Filling up the DagBag from /home/airflow/.local/lib/python3.8/site-packages/airflow/example_dags/example_xcom.py
[2023-11-13T08:17:57.146+0000] {processor.py:839} INFO - DAG(s) dict_keys(['example_xcom']) retrieved from /home/airflow/.local/lib/python3.8/site-packages/airflow/example_dags/example_xcom.py
[2023-11-13T08:17:57.169+0000] {logging_mixin.py:154} INFO - [2023-11-13T08:17:57.168+0000] {dag.py:2941} INFO - Sync 1 DAGs
[2023-11-13T08:17:57.186+0000] {logging_mixin.py:154} INFO - [2023-11-13T08:17:57.186+0000] {dag.py:3722} INFO - Setting next_dagrun for example_xcom to 2021-01-01T00:00:00+00:00, run_after=2021-01-01T00:00:00+00:00
[2023-11-13T08:17:57.218+0000] {processor.py:179} INFO - Processing /home/airflow/.local/lib/python3.8/site-packages/airflow/example_dags/example_xcom.py took 0.087 seconds
[2023-11-13T08:18:29.135+0000] {processor.py:157} INFO - Started process (PID=2488) to work on /home/airflow/.local/lib/python3.8/site-packages/airflow/example_dags/example_xcom.py
[2023-11-13T08:18:29.136+0000] {processor.py:829} INFO - Processing file /home/airflow/.local/lib/python3.8/site-packages/airflow/example_dags/example_xcom.py for tasks to queue
[2023-11-13T08:18:29.137+0000] {logging_mixin.py:154} INFO - [2023-11-13T08:18:29.137+0000] {dagbag.py:536} INFO - Filling up the DagBag from /home/airflow/.local/lib/python3.8/site-packages/airflow/example_dags/example_xcom.py
[2023-11-13T08:18:29.142+0000] {processor.py:839} INFO - DAG(s) dict_keys(['example_xcom']) retrieved from /home/airflow/.local/lib/python3.8/site-packages/airflow/example_dags/example_xcom.py
[2023-11-13T08:18:29.158+0000] {logging_mixin.py:154} INFO - [2023-11-13T08:18:29.157+0000] {dag.py:2941} INFO - Sync 1 DAGs
[2023-11-13T08:18:29.173+0000] {logging_mixin.py:154} INFO - [2023-11-13T08:18:29.173+0000] {dag.py:3722} INFO - Setting next_dagrun for example_xcom to 2021-01-01T00:00:00+00:00, run_after=2021-01-01T00:00:00+00:00
[2023-11-13T08:18:29.203+0000] {processor.py:179} INFO - Processing /home/airflow/.local/lib/python3.8/site-packages/airflow/example_dags/example_xcom.py took 0.070 seconds
[2023-11-13T08:19:01.285+0000] {processor.py:157} INFO - Started process (PID=2542) to work on /home/airflow/.local/lib/python3.8/site-packages/airflow/example_dags/example_xcom.py
[2023-11-13T08:19:01.309+0000] {processor.py:829} INFO - Processing file /home/airflow/.local/lib/python3.8/site-packages/airflow/example_dags/example_xcom.py for tasks to queue
[2023-11-13T08:19:01.311+0000] {logging_mixin.py:154} INFO - [2023-11-13T08:19:01.311+0000] {dagbag.py:536} INFO - Filling up the DagBag from /home/airflow/.local/lib/python3.8/site-packages/airflow/example_dags/example_xcom.py
[2023-11-13T08:19:01.316+0000] {processor.py:839} INFO - DAG(s) dict_keys(['example_xcom']) retrieved from /home/airflow/.local/lib/python3.8/site-packages/airflow/example_dags/example_xcom.py
[2023-11-13T08:19:01.332+0000] {logging_mixin.py:154} INFO - [2023-11-13T08:19:01.331+0000] {dag.py:2941} INFO - Sync 1 DAGs
[2023-11-13T08:19:01.346+0000] {logging_mixin.py:154} INFO - [2023-11-13T08:19:01.346+0000] {dag.py:3722} INFO - Setting next_dagrun for example_xcom to 2021-01-01T00:00:00+00:00, run_after=2021-01-01T00:00:00+00:00
[2023-11-13T08:19:01.391+0000] {processor.py:179} INFO - Processing /home/airflow/.local/lib/python3.8/site-packages/airflow/example_dags/example_xcom.py took 0.109 seconds
[2023-11-13T08:19:34.556+0000] {processor.py:157} INFO - Started process (PID=2596) to work on /home/airflow/.local/lib/python3.8/site-packages/airflow/example_dags/example_xcom.py
[2023-11-13T08:19:34.719+0000] {processor.py:829} INFO - Processing file /home/airflow/.local/lib/python3.8/site-packages/airflow/example_dags/example_xcom.py for tasks to queue
[2023-11-13T08:19:34.726+0000] {logging_mixin.py:154} INFO - [2023-11-13T08:19:34.725+0000] {dagbag.py:536} INFO - Filling up the DagBag from /home/airflow/.local/lib/python3.8/site-packages/airflow/example_dags/example_xcom.py
[2023-11-13T08:19:34.750+0000] {processor.py:839} INFO - DAG(s) dict_keys(['example_xcom']) retrieved from /home/airflow/.local/lib/python3.8/site-packages/airflow/example_dags/example_xcom.py
[2023-11-13T08:19:34.788+0000] {logging_mixin.py:154} INFO - [2023-11-13T08:19:34.788+0000] {dag.py:2941} INFO - Sync 1 DAGs
[2023-11-13T08:19:34.812+0000] {logging_mixin.py:154} INFO - [2023-11-13T08:19:34.812+0000] {dag.py:3722} INFO - Setting next_dagrun for example_xcom to 2021-01-01T00:00:00+00:00, run_after=2021-01-01T00:00:00+00:00
[2023-11-13T08:19:35.077+0000] {processor.py:179} INFO - Processing /home/airflow/.local/lib/python3.8/site-packages/airflow/example_dags/example_xcom.py took 0.523 seconds
[2023-11-13T08:20:06.929+0000] {processor.py:157} INFO - Started process (PID=2650) to work on /home/airflow/.local/lib/python3.8/site-packages/airflow/example_dags/example_xcom.py
[2023-11-13T08:20:07.096+0000] {processor.py:829} INFO - Processing file /home/airflow/.local/lib/python3.8/site-packages/airflow/example_dags/example_xcom.py for tasks to queue
[2023-11-13T08:20:07.098+0000] {logging_mixin.py:154} INFO - [2023-11-13T08:20:07.098+0000] {dagbag.py:536} INFO - Filling up the DagBag from /home/airflow/.local/lib/python3.8/site-packages/airflow/example_dags/example_xcom.py
[2023-11-13T08:20:07.103+0000] {processor.py:839} INFO - DAG(s) dict_keys(['example_xcom']) retrieved from /home/airflow/.local/lib/python3.8/site-packages/airflow/example_dags/example_xcom.py
[2023-11-13T08:20:07.119+0000] {logging_mixin.py:154} INFO - [2023-11-13T08:20:07.119+0000] {dag.py:2941} INFO - Sync 1 DAGs
[2023-11-13T08:20:07.134+0000] {logging_mixin.py:154} INFO - [2023-11-13T08:20:07.134+0000] {dag.py:3722} INFO - Setting next_dagrun for example_xcom to 2021-01-01T00:00:00+00:00, run_after=2021-01-01T00:00:00+00:00
[2023-11-13T08:20:08.745+0000] {processor.py:179} INFO - Processing /home/airflow/.local/lib/python3.8/site-packages/airflow/example_dags/example_xcom.py took 1.818 seconds
[2023-11-13T08:20:39.013+0000] {processor.py:157} INFO - Started process (PID=2704) to work on /home/airflow/.local/lib/python3.8/site-packages/airflow/example_dags/example_xcom.py
[2023-11-13T08:20:39.013+0000] {processor.py:829} INFO - Processing file /home/airflow/.local/lib/python3.8/site-packages/airflow/example_dags/example_xcom.py for tasks to queue
[2023-11-13T08:20:39.015+0000] {logging_mixin.py:154} INFO - [2023-11-13T08:20:39.014+0000] {dagbag.py:536} INFO - Filling up the DagBag from /home/airflow/.local/lib/python3.8/site-packages/airflow/example_dags/example_xcom.py
[2023-11-13T08:20:39.020+0000] {processor.py:839} INFO - DAG(s) dict_keys(['example_xcom']) retrieved from /home/airflow/.local/lib/python3.8/site-packages/airflow/example_dags/example_xcom.py
[2023-11-13T08:20:39.035+0000] {logging_mixin.py:154} INFO - [2023-11-13T08:20:39.035+0000] {dag.py:2941} INFO - Sync 1 DAGs
[2023-11-13T08:20:39.050+0000] {logging_mixin.py:154} INFO - [2023-11-13T08:20:39.049+0000] {dag.py:3722} INFO - Setting next_dagrun for example_xcom to 2021-01-01T00:00:00+00:00, run_after=2021-01-01T00:00:00+00:00
[2023-11-13T08:20:39.698+0000] {processor.py:179} INFO - Processing /home/airflow/.local/lib/python3.8/site-packages/airflow/example_dags/example_xcom.py took 0.688 seconds
[2023-11-13T08:21:09.806+0000] {processor.py:157} INFO - Started process (PID=2758) to work on /home/airflow/.local/lib/python3.8/site-packages/airflow/example_dags/example_xcom.py
[2023-11-13T08:21:09.949+0000] {processor.py:829} INFO - Processing file /home/airflow/.local/lib/python3.8/site-packages/airflow/example_dags/example_xcom.py for tasks to queue
[2023-11-13T08:21:09.951+0000] {logging_mixin.py:154} INFO - [2023-11-13T08:21:09.951+0000] {dagbag.py:536} INFO - Filling up the DagBag from /home/airflow/.local/lib/python3.8/site-packages/airflow/example_dags/example_xcom.py
[2023-11-13T08:21:09.956+0000] {processor.py:839} INFO - DAG(s) dict_keys(['example_xcom']) retrieved from /home/airflow/.local/lib/python3.8/site-packages/airflow/example_dags/example_xcom.py
[2023-11-13T08:21:09.971+0000] {logging_mixin.py:154} INFO - [2023-11-13T08:21:09.971+0000] {dag.py:2941} INFO - Sync 1 DAGs
[2023-11-13T08:21:09.984+0000] {logging_mixin.py:154} INFO - [2023-11-13T08:21:09.984+0000] {dag.py:3722} INFO - Setting next_dagrun for example_xcom to 2021-01-01T00:00:00+00:00, run_after=2021-01-01T00:00:00+00:00
[2023-11-13T08:21:10.180+0000] {processor.py:179} INFO - Processing /home/airflow/.local/lib/python3.8/site-packages/airflow/example_dags/example_xcom.py took 0.376 seconds
[2023-11-13T08:21:40.965+0000] {processor.py:157} INFO - Started process (PID=2812) to work on /home/airflow/.local/lib/python3.8/site-packages/airflow/example_dags/example_xcom.py
[2023-11-13T08:21:40.966+0000] {processor.py:829} INFO - Processing file /home/airflow/.local/lib/python3.8/site-packages/airflow/example_dags/example_xcom.py for tasks to queue
[2023-11-13T08:21:40.967+0000] {logging_mixin.py:154} INFO - [2023-11-13T08:21:40.967+0000] {dagbag.py:536} INFO - Filling up the DagBag from /home/airflow/.local/lib/python3.8/site-packages/airflow/example_dags/example_xcom.py
[2023-11-13T08:21:40.972+0000] {processor.py:839} INFO - DAG(s) dict_keys(['example_xcom']) retrieved from /home/airflow/.local/lib/python3.8/site-packages/airflow/example_dags/example_xcom.py
[2023-11-13T08:21:40.986+0000] {logging_mixin.py:154} INFO - [2023-11-13T08:21:40.986+0000] {dag.py:2941} INFO - Sync 1 DAGs
[2023-11-13T08:21:41.000+0000] {logging_mixin.py:154} INFO - [2023-11-13T08:21:41.000+0000] {dag.py:3722} INFO - Setting next_dagrun for example_xcom to 2021-01-01T00:00:00+00:00, run_after=2021-01-01T00:00:00+00:00
[2023-11-13T08:21:41.596+0000] {processor.py:179} INFO - Processing /home/airflow/.local/lib/python3.8/site-packages/airflow/example_dags/example_xcom.py took 0.636 seconds
[2023-11-13T08:22:13.517+0000] {processor.py:157} INFO - Started process (PID=2866) to work on /home/airflow/.local/lib/python3.8/site-packages/airflow/example_dags/example_xcom.py
[2023-11-13T08:22:13.544+0000] {processor.py:829} INFO - Processing file /home/airflow/.local/lib/python3.8/site-packages/airflow/example_dags/example_xcom.py for tasks to queue
[2023-11-13T08:22:13.546+0000] {logging_mixin.py:154} INFO - [2023-11-13T08:22:13.546+0000] {dagbag.py:536} INFO - Filling up the DagBag from /home/airflow/.local/lib/python3.8/site-packages/airflow/example_dags/example_xcom.py
[2023-11-13T08:22:13.553+0000] {processor.py:839} INFO - DAG(s) dict_keys(['example_xcom']) retrieved from /home/airflow/.local/lib/python3.8/site-packages/airflow/example_dags/example_xcom.py
[2023-11-13T08:22:13.568+0000] {logging_mixin.py:154} INFO - [2023-11-13T08:22:13.568+0000] {dag.py:2941} INFO - Sync 1 DAGs
[2023-11-13T08:22:13.583+0000] {logging_mixin.py:154} INFO - [2023-11-13T08:22:13.583+0000] {dag.py:3722} INFO - Setting next_dagrun for example_xcom to 2021-01-01T00:00:00+00:00, run_after=2021-01-01T00:00:00+00:00
[2023-11-13T08:22:14.233+0000] {processor.py:179} INFO - Processing /home/airflow/.local/lib/python3.8/site-packages/airflow/example_dags/example_xcom.py took 0.718 seconds
[2023-11-13T08:22:44.446+0000] {processor.py:157} INFO - Started process (PID=2920) to work on /home/airflow/.local/lib/python3.8/site-packages/airflow/example_dags/example_xcom.py
[2023-11-13T08:22:44.447+0000] {processor.py:829} INFO - Processing file /home/airflow/.local/lib/python3.8/site-packages/airflow/example_dags/example_xcom.py for tasks to queue
[2023-11-13T08:22:44.448+0000] {logging_mixin.py:154} INFO - [2023-11-13T08:22:44.448+0000] {dagbag.py:536} INFO - Filling up the DagBag from /home/airflow/.local/lib/python3.8/site-packages/airflow/example_dags/example_xcom.py
[2023-11-13T08:22:44.453+0000] {processor.py:839} INFO - DAG(s) dict_keys(['example_xcom']) retrieved from /home/airflow/.local/lib/python3.8/site-packages/airflow/example_dags/example_xcom.py
[2023-11-13T08:22:44.468+0000] {logging_mixin.py:154} INFO - [2023-11-13T08:22:44.468+0000] {dag.py:2941} INFO - Sync 1 DAGs
[2023-11-13T08:22:44.482+0000] {logging_mixin.py:154} INFO - [2023-11-13T08:22:44.482+0000] {dag.py:3722} INFO - Setting next_dagrun for example_xcom to 2021-01-01T00:00:00+00:00, run_after=2021-01-01T00:00:00+00:00
[2023-11-13T08:22:44.512+0000] {processor.py:179} INFO - Processing /home/airflow/.local/lib/python3.8/site-packages/airflow/example_dags/example_xcom.py took 0.068 seconds
[2023-11-13T08:23:16.053+0000] {processor.py:157} INFO - Started process (PID=2974) to work on /home/airflow/.local/lib/python3.8/site-packages/airflow/example_dags/example_xcom.py
[2023-11-13T08:23:16.349+0000] {processor.py:829} INFO - Processing file /home/airflow/.local/lib/python3.8/site-packages/airflow/example_dags/example_xcom.py for tasks to queue
[2023-11-13T08:23:16.354+0000] {logging_mixin.py:154} INFO - [2023-11-13T08:23:16.353+0000] {dagbag.py:536} INFO - Filling up the DagBag from /home/airflow/.local/lib/python3.8/site-packages/airflow/example_dags/example_xcom.py
[2023-11-13T08:23:16.359+0000] {processor.py:839} INFO - DAG(s) dict_keys(['example_xcom']) retrieved from /home/airflow/.local/lib/python3.8/site-packages/airflow/example_dags/example_xcom.py
[2023-11-13T08:23:16.373+0000] {logging_mixin.py:154} INFO - [2023-11-13T08:23:16.373+0000] {dag.py:2941} INFO - Sync 1 DAGs
[2023-11-13T08:23:16.387+0000] {logging_mixin.py:154} INFO - [2023-11-13T08:23:16.387+0000] {dag.py:3722} INFO - Setting next_dagrun for example_xcom to 2021-01-01T00:00:00+00:00, run_after=2021-01-01T00:00:00+00:00
[2023-11-13T08:23:16.953+0000] {processor.py:179} INFO - Processing /home/airflow/.local/lib/python3.8/site-packages/airflow/example_dags/example_xcom.py took 0.902 seconds
[2023-11-13T08:23:47.467+0000] {processor.py:157} INFO - Started process (PID=3028) to work on /home/airflow/.local/lib/python3.8/site-packages/airflow/example_dags/example_xcom.py
[2023-11-13T08:23:47.481+0000] {processor.py:829} INFO - Processing file /home/airflow/.local/lib/python3.8/site-packages/airflow/example_dags/example_xcom.py for tasks to queue
[2023-11-13T08:23:47.482+0000] {logging_mixin.py:154} INFO - [2023-11-13T08:23:47.482+0000] {dagbag.py:536} INFO - Filling up the DagBag from /home/airflow/.local/lib/python3.8/site-packages/airflow/example_dags/example_xcom.py
[2023-11-13T08:23:47.487+0000] {processor.py:839} INFO - DAG(s) dict_keys(['example_xcom']) retrieved from /home/airflow/.local/lib/python3.8/site-packages/airflow/example_dags/example_xcom.py
[2023-11-13T08:23:47.504+0000] {logging_mixin.py:154} INFO - [2023-11-13T08:23:47.503+0000] {dag.py:2941} INFO - Sync 1 DAGs
[2023-11-13T08:23:47.578+0000] {logging_mixin.py:154} INFO - [2023-11-13T08:23:47.578+0000] {dag.py:3722} INFO - Setting next_dagrun for example_xcom to 2021-01-01T00:00:00+00:00, run_after=2021-01-01T00:00:00+00:00
[2023-11-13T08:23:47.693+0000] {processor.py:179} INFO - Processing /home/airflow/.local/lib/python3.8/site-packages/airflow/example_dags/example_xcom.py took 0.229 seconds
[2023-11-13T08:24:17.767+0000] {processor.py:157} INFO - Started process (PID=3081) to work on /home/airflow/.local/lib/python3.8/site-packages/airflow/example_dags/example_xcom.py
[2023-11-13T08:24:17.769+0000] {processor.py:829} INFO - Processing file /home/airflow/.local/lib/python3.8/site-packages/airflow/example_dags/example_xcom.py for tasks to queue
[2023-11-13T08:24:17.775+0000] {logging_mixin.py:154} INFO - [2023-11-13T08:24:17.775+0000] {dagbag.py:536} INFO - Filling up the DagBag from /home/airflow/.local/lib/python3.8/site-packages/airflow/example_dags/example_xcom.py
[2023-11-13T08:24:17.788+0000] {processor.py:839} INFO - DAG(s) dict_keys(['example_xcom']) retrieved from /home/airflow/.local/lib/python3.8/site-packages/airflow/example_dags/example_xcom.py
[2023-11-13T08:24:17.808+0000] {logging_mixin.py:154} INFO - [2023-11-13T08:24:17.808+0000] {dag.py:2941} INFO - Sync 1 DAGs
[2023-11-13T08:24:17.823+0000] {logging_mixin.py:154} INFO - [2023-11-13T08:24:17.823+0000] {dag.py:3722} INFO - Setting next_dagrun for example_xcom to 2021-01-01T00:00:00+00:00, run_after=2021-01-01T00:00:00+00:00
[2023-11-13T08:24:19.195+0000] {processor.py:179} INFO - Processing /home/airflow/.local/lib/python3.8/site-packages/airflow/example_dags/example_xcom.py took 1.440 seconds
[2023-11-13T08:24:49.750+0000] {processor.py:157} INFO - Started process (PID=3136) to work on /home/airflow/.local/lib/python3.8/site-packages/airflow/example_dags/example_xcom.py
[2023-11-13T08:24:49.760+0000] {processor.py:829} INFO - Processing file /home/airflow/.local/lib/python3.8/site-packages/airflow/example_dags/example_xcom.py for tasks to queue
[2023-11-13T08:24:49.761+0000] {logging_mixin.py:154} INFO - [2023-11-13T08:24:49.761+0000] {dagbag.py:536} INFO - Filling up the DagBag from /home/airflow/.local/lib/python3.8/site-packages/airflow/example_dags/example_xcom.py
[2023-11-13T08:24:49.766+0000] {processor.py:839} INFO - DAG(s) dict_keys(['example_xcom']) retrieved from /home/airflow/.local/lib/python3.8/site-packages/airflow/example_dags/example_xcom.py
[2023-11-13T08:24:49.781+0000] {logging_mixin.py:154} INFO - [2023-11-13T08:24:49.781+0000] {dag.py:2941} INFO - Sync 1 DAGs
[2023-11-13T08:24:49.796+0000] {logging_mixin.py:154} INFO - [2023-11-13T08:24:49.796+0000] {dag.py:3722} INFO - Setting next_dagrun for example_xcom to 2021-01-01T00:00:00+00:00, run_after=2021-01-01T00:00:00+00:00
[2023-11-13T08:24:49.831+0000] {processor.py:179} INFO - Processing /home/airflow/.local/lib/python3.8/site-packages/airflow/example_dags/example_xcom.py took 0.084 seconds
[2023-11-13T08:25:20.890+0000] {processor.py:157} INFO - Started process (PID=3190) to work on /home/airflow/.local/lib/python3.8/site-packages/airflow/example_dags/example_xcom.py
[2023-11-13T08:25:21.306+0000] {processor.py:829} INFO - Processing file /home/airflow/.local/lib/python3.8/site-packages/airflow/example_dags/example_xcom.py for tasks to queue
[2023-11-13T08:25:21.313+0000] {logging_mixin.py:154} INFO - [2023-11-13T08:25:21.313+0000] {dagbag.py:536} INFO - Filling up the DagBag from /home/airflow/.local/lib/python3.8/site-packages/airflow/example_dags/example_xcom.py
[2023-11-13T08:25:21.336+0000] {processor.py:839} INFO - DAG(s) dict_keys(['example_xcom']) retrieved from /home/airflow/.local/lib/python3.8/site-packages/airflow/example_dags/example_xcom.py
[2023-11-13T08:25:21.363+0000] {logging_mixin.py:154} INFO - [2023-11-13T08:25:21.363+0000] {dag.py:2941} INFO - Sync 1 DAGs
[2023-11-13T08:25:21.379+0000] {logging_mixin.py:154} INFO - [2023-11-13T08:25:21.379+0000] {dag.py:3722} INFO - Setting next_dagrun for example_xcom to 2021-01-01T00:00:00+00:00, run_after=2021-01-01T00:00:00+00:00
[2023-11-13T08:25:21.487+0000] {processor.py:179} INFO - Processing /home/airflow/.local/lib/python3.8/site-packages/airflow/example_dags/example_xcom.py took 0.599 seconds
[2023-11-13T08:25:52.369+0000] {processor.py:157} INFO - Started process (PID=3244) to work on /home/airflow/.local/lib/python3.8/site-packages/airflow/example_dags/example_xcom.py
[2023-11-13T08:25:52.383+0000] {processor.py:829} INFO - Processing file /home/airflow/.local/lib/python3.8/site-packages/airflow/example_dags/example_xcom.py for tasks to queue
[2023-11-13T08:25:52.385+0000] {logging_mixin.py:154} INFO - [2023-11-13T08:25:52.385+0000] {dagbag.py:536} INFO - Filling up the DagBag from /home/airflow/.local/lib/python3.8/site-packages/airflow/example_dags/example_xcom.py
[2023-11-13T08:25:52.391+0000] {processor.py:839} INFO - DAG(s) dict_keys(['example_xcom']) retrieved from /home/airflow/.local/lib/python3.8/site-packages/airflow/example_dags/example_xcom.py
[2023-11-13T08:25:52.407+0000] {logging_mixin.py:154} INFO - [2023-11-13T08:25:52.407+0000] {dag.py:2941} INFO - Sync 1 DAGs
[2023-11-13T08:25:52.423+0000] {logging_mixin.py:154} INFO - [2023-11-13T08:25:52.423+0000] {dag.py:3722} INFO - Setting next_dagrun for example_xcom to 2021-01-01T00:00:00+00:00, run_after=2021-01-01T00:00:00+00:00
[2023-11-13T08:25:52.450+0000] {processor.py:179} INFO - Processing /home/airflow/.local/lib/python3.8/site-packages/airflow/example_dags/example_xcom.py took 0.083 seconds
[2023-11-13T08:26:24.626+0000] {processor.py:157} INFO - Started process (PID=3298) to work on /home/airflow/.local/lib/python3.8/site-packages/airflow/example_dags/example_xcom.py
[2023-11-13T08:26:24.634+0000] {processor.py:829} INFO - Processing file /home/airflow/.local/lib/python3.8/site-packages/airflow/example_dags/example_xcom.py for tasks to queue
[2023-11-13T08:26:24.635+0000] {logging_mixin.py:154} INFO - [2023-11-13T08:26:24.635+0000] {dagbag.py:536} INFO - Filling up the DagBag from /home/airflow/.local/lib/python3.8/site-packages/airflow/example_dags/example_xcom.py
[2023-11-13T08:26:24.641+0000] {processor.py:839} INFO - DAG(s) dict_keys(['example_xcom']) retrieved from /home/airflow/.local/lib/python3.8/site-packages/airflow/example_dags/example_xcom.py
[2023-11-13T08:26:24.661+0000] {logging_mixin.py:154} INFO - [2023-11-13T08:26:24.661+0000] {dag.py:2941} INFO - Sync 1 DAGs
[2023-11-13T08:26:24.678+0000] {logging_mixin.py:154} INFO - [2023-11-13T08:26:24.678+0000] {dag.py:3722} INFO - Setting next_dagrun for example_xcom to 2021-01-01T00:00:00+00:00, run_after=2021-01-01T00:00:00+00:00
[2023-11-13T08:26:24.706+0000] {processor.py:179} INFO - Processing /home/airflow/.local/lib/python3.8/site-packages/airflow/example_dags/example_xcom.py took 0.084 seconds
[2023-11-13T08:26:55.040+0000] {processor.py:157} INFO - Started process (PID=3352) to work on /home/airflow/.local/lib/python3.8/site-packages/airflow/example_dags/example_xcom.py
[2023-11-13T08:26:55.041+0000] {processor.py:829} INFO - Processing file /home/airflow/.local/lib/python3.8/site-packages/airflow/example_dags/example_xcom.py for tasks to queue
[2023-11-13T08:26:55.042+0000] {logging_mixin.py:154} INFO - [2023-11-13T08:26:55.042+0000] {dagbag.py:536} INFO - Filling up the DagBag from /home/airflow/.local/lib/python3.8/site-packages/airflow/example_dags/example_xcom.py
[2023-11-13T08:26:55.047+0000] {processor.py:839} INFO - DAG(s) dict_keys(['example_xcom']) retrieved from /home/airflow/.local/lib/python3.8/site-packages/airflow/example_dags/example_xcom.py
[2023-11-13T08:26:55.063+0000] {logging_mixin.py:154} INFO - [2023-11-13T08:26:55.062+0000] {dag.py:2941} INFO - Sync 1 DAGs
[2023-11-13T08:26:55.078+0000] {logging_mixin.py:154} INFO - [2023-11-13T08:26:55.078+0000] {dag.py:3722} INFO - Setting next_dagrun for example_xcom to 2021-01-01T00:00:00+00:00, run_after=2021-01-01T00:00:00+00:00
[2023-11-13T08:26:55.102+0000] {processor.py:179} INFO - Processing /home/airflow/.local/lib/python3.8/site-packages/airflow/example_dags/example_xcom.py took 0.064 seconds
[2023-11-13T08:27:27.951+0000] {processor.py:157} INFO - Started process (PID=3406) to work on /home/airflow/.local/lib/python3.8/site-packages/airflow/example_dags/example_xcom.py
[2023-11-13T08:27:28.087+0000] {processor.py:829} INFO - Processing file /home/airflow/.local/lib/python3.8/site-packages/airflow/example_dags/example_xcom.py for tasks to queue
[2023-11-13T08:27:28.089+0000] {logging_mixin.py:154} INFO - [2023-11-13T08:27:28.089+0000] {dagbag.py:536} INFO - Filling up the DagBag from /home/airflow/.local/lib/python3.8/site-packages/airflow/example_dags/example_xcom.py
[2023-11-13T08:27:28.094+0000] {processor.py:839} INFO - DAG(s) dict_keys(['example_xcom']) retrieved from /home/airflow/.local/lib/python3.8/site-packages/airflow/example_dags/example_xcom.py
[2023-11-13T08:27:28.110+0000] {logging_mixin.py:154} INFO - [2023-11-13T08:27:28.110+0000] {dag.py:2941} INFO - Sync 1 DAGs
[2023-11-13T08:27:28.128+0000] {logging_mixin.py:154} INFO - [2023-11-13T08:27:28.128+0000] {dag.py:3722} INFO - Setting next_dagrun for example_xcom to 2021-01-01T00:00:00+00:00, run_after=2021-01-01T00:00:00+00:00
[2023-11-13T08:27:28.197+0000] {processor.py:179} INFO - Processing /home/airflow/.local/lib/python3.8/site-packages/airflow/example_dags/example_xcom.py took 0.249 seconds
[2023-11-13T08:27:59.128+0000] {processor.py:157} INFO - Started process (PID=3460) to work on /home/airflow/.local/lib/python3.8/site-packages/airflow/example_dags/example_xcom.py
[2023-11-13T08:27:59.129+0000] {processor.py:829} INFO - Processing file /home/airflow/.local/lib/python3.8/site-packages/airflow/example_dags/example_xcom.py for tasks to queue
[2023-11-13T08:27:59.130+0000] {logging_mixin.py:154} INFO - [2023-11-13T08:27:59.130+0000] {dagbag.py:536} INFO - Filling up the DagBag from /home/airflow/.local/lib/python3.8/site-packages/airflow/example_dags/example_xcom.py
[2023-11-13T08:27:59.135+0000] {processor.py:839} INFO - DAG(s) dict_keys(['example_xcom']) retrieved from /home/airflow/.local/lib/python3.8/site-packages/airflow/example_dags/example_xcom.py
[2023-11-13T08:27:59.151+0000] {logging_mixin.py:154} INFO - [2023-11-13T08:27:59.151+0000] {dag.py:2941} INFO - Sync 1 DAGs
[2023-11-13T08:27:59.167+0000] {logging_mixin.py:154} INFO - [2023-11-13T08:27:59.166+0000] {dag.py:3722} INFO - Setting next_dagrun for example_xcom to 2021-01-01T00:00:00+00:00, run_after=2021-01-01T00:00:00+00:00
[2023-11-13T08:27:59.196+0000] {processor.py:179} INFO - Processing /home/airflow/.local/lib/python3.8/site-packages/airflow/example_dags/example_xcom.py took 0.070 seconds
[2023-11-13T08:28:29.272+0000] {processor.py:157} INFO - Started process (PID=3514) to work on /home/airflow/.local/lib/python3.8/site-packages/airflow/example_dags/example_xcom.py
[2023-11-13T08:28:29.287+0000] {processor.py:829} INFO - Processing file /home/airflow/.local/lib/python3.8/site-packages/airflow/example_dags/example_xcom.py for tasks to queue
[2023-11-13T08:28:29.288+0000] {logging_mixin.py:154} INFO - [2023-11-13T08:28:29.288+0000] {dagbag.py:536} INFO - Filling up the DagBag from /home/airflow/.local/lib/python3.8/site-packages/airflow/example_dags/example_xcom.py
[2023-11-13T08:28:29.293+0000] {processor.py:839} INFO - DAG(s) dict_keys(['example_xcom']) retrieved from /home/airflow/.local/lib/python3.8/site-packages/airflow/example_dags/example_xcom.py
[2023-11-13T08:28:29.308+0000] {logging_mixin.py:154} INFO - [2023-11-13T08:28:29.308+0000] {dag.py:2941} INFO - Sync 1 DAGs
[2023-11-13T08:28:29.323+0000] {logging_mixin.py:154} INFO - [2023-11-13T08:28:29.323+0000] {dag.py:3722} INFO - Setting next_dagrun for example_xcom to 2021-01-01T00:00:00+00:00, run_after=2021-01-01T00:00:00+00:00
[2023-11-13T08:28:29.349+0000] {processor.py:179} INFO - Processing /home/airflow/.local/lib/python3.8/site-packages/airflow/example_dags/example_xcom.py took 0.080 seconds
[2023-11-13T08:44:45.224+0000] {processor.py:157} INFO - Started process (PID=51) to work on /home/airflow/.local/lib/python3.8/site-packages/airflow/example_dags/example_xcom.py
[2023-11-13T08:44:45.243+0000] {processor.py:829} INFO - Processing file /home/airflow/.local/lib/python3.8/site-packages/airflow/example_dags/example_xcom.py for tasks to queue
[2023-11-13T08:44:45.244+0000] {logging_mixin.py:154} INFO - [2023-11-13T08:44:45.244+0000] {dagbag.py:536} INFO - Filling up the DagBag from /home/airflow/.local/lib/python3.8/site-packages/airflow/example_dags/example_xcom.py
[2023-11-13T08:44:45.251+0000] {processor.py:839} INFO - DAG(s) dict_keys(['example_xcom']) retrieved from /home/airflow/.local/lib/python3.8/site-packages/airflow/example_dags/example_xcom.py
[2023-11-13T08:44:45.386+0000] {logging_mixin.py:154} INFO - [2023-11-13T08:44:45.385+0000] {manager.py:499} INFO - Created Permission View: %s
[2023-11-13T08:44:45.420+0000] {logging_mixin.py:154} INFO - [2023-11-13T08:44:45.420+0000] {manager.py:499} INFO - Created Permission View: %s
[2023-11-13T08:44:45.454+0000] {logging_mixin.py:154} INFO - [2023-11-13T08:44:45.454+0000] {manager.py:499} INFO - Created Permission View: %s
[2023-11-13T08:44:45.468+0000] {logging_mixin.py:154} INFO - [2023-11-13T08:44:45.468+0000] {dag.py:2941} INFO - Sync 1 DAGs
[2023-11-13T08:44:45.485+0000] {logging_mixin.py:154} INFO - [2023-11-13T08:44:45.485+0000] {dag.py:2963} INFO - Creating ORM DAG for example_xcom
[2023-11-13T08:44:45.494+0000] {logging_mixin.py:154} INFO - [2023-11-13T08:44:45.494+0000] {dag.py:3722} INFO - Setting next_dagrun for example_xcom to 2021-01-01T00:00:00+00:00, run_after=2021-01-01T00:00:00+00:00
[2023-11-13T08:44:45.571+0000] {processor.py:179} INFO - Processing /home/airflow/.local/lib/python3.8/site-packages/airflow/example_dags/example_xcom.py took 0.350 seconds
[2023-11-13T08:45:32.269+0000] {processor.py:157} INFO - Started process (PID=50) to work on /home/airflow/.local/lib/python3.8/site-packages/airflow/example_dags/example_xcom.py
[2023-11-13T08:45:32.286+0000] {processor.py:829} INFO - Processing file /home/airflow/.local/lib/python3.8/site-packages/airflow/example_dags/example_xcom.py for tasks to queue
[2023-11-13T08:45:32.287+0000] {logging_mixin.py:154} INFO - [2023-11-13T08:45:32.287+0000] {dagbag.py:536} INFO - Filling up the DagBag from /home/airflow/.local/lib/python3.8/site-packages/airflow/example_dags/example_xcom.py
[2023-11-13T08:45:32.294+0000] {processor.py:839} INFO - DAG(s) dict_keys(['example_xcom']) retrieved from /home/airflow/.local/lib/python3.8/site-packages/airflow/example_dags/example_xcom.py
[2023-11-13T08:45:32.311+0000] {logging_mixin.py:154} INFO - [2023-11-13T08:45:32.311+0000] {dag.py:2941} INFO - Sync 1 DAGs
[2023-11-13T08:45:32.327+0000] {logging_mixin.py:154} INFO - [2023-11-13T08:45:32.327+0000] {dag.py:3722} INFO - Setting next_dagrun for example_xcom to 2021-01-01T00:00:00+00:00, run_after=2021-01-01T00:00:00+00:00
[2023-11-13T08:45:32.358+0000] {processor.py:179} INFO - Processing /home/airflow/.local/lib/python3.8/site-packages/airflow/example_dags/example_xcom.py took 0.091 seconds
[2023-11-13T08:46:04.648+0000] {processor.py:157} INFO - Started process (PID=104) to work on /home/airflow/.local/lib/python3.8/site-packages/airflow/example_dags/example_xcom.py
[2023-11-13T08:46:04.810+0000] {processor.py:829} INFO - Processing file /home/airflow/.local/lib/python3.8/site-packages/airflow/example_dags/example_xcom.py for tasks to queue
[2023-11-13T08:46:04.812+0000] {logging_mixin.py:154} INFO - [2023-11-13T08:46:04.811+0000] {dagbag.py:536} INFO - Filling up the DagBag from /home/airflow/.local/lib/python3.8/site-packages/airflow/example_dags/example_xcom.py
[2023-11-13T08:46:04.817+0000] {processor.py:839} INFO - DAG(s) dict_keys(['example_xcom']) retrieved from /home/airflow/.local/lib/python3.8/site-packages/airflow/example_dags/example_xcom.py
[2023-11-13T08:46:04.831+0000] {logging_mixin.py:154} INFO - [2023-11-13T08:46:04.831+0000] {dag.py:2941} INFO - Sync 1 DAGs
[2023-11-13T08:46:04.846+0000] {logging_mixin.py:154} INFO - [2023-11-13T08:46:04.846+0000] {dag.py:3722} INFO - Setting next_dagrun for example_xcom to 2021-01-01T00:00:00+00:00, run_after=2021-01-01T00:00:00+00:00
[2023-11-13T08:46:05.138+0000] {processor.py:179} INFO - Processing /home/airflow/.local/lib/python3.8/site-packages/airflow/example_dags/example_xcom.py took 0.493 seconds
[2023-11-13T08:46:35.242+0000] {processor.py:157} INFO - Started process (PID=158) to work on /home/airflow/.local/lib/python3.8/site-packages/airflow/example_dags/example_xcom.py
[2023-11-13T08:46:35.256+0000] {processor.py:829} INFO - Processing file /home/airflow/.local/lib/python3.8/site-packages/airflow/example_dags/example_xcom.py for tasks to queue
[2023-11-13T08:46:35.257+0000] {logging_mixin.py:154} INFO - [2023-11-13T08:46:35.257+0000] {dagbag.py:536} INFO - Filling up the DagBag from /home/airflow/.local/lib/python3.8/site-packages/airflow/example_dags/example_xcom.py
[2023-11-13T08:46:35.263+0000] {processor.py:839} INFO - DAG(s) dict_keys(['example_xcom']) retrieved from /home/airflow/.local/lib/python3.8/site-packages/airflow/example_dags/example_xcom.py
[2023-11-13T08:46:35.278+0000] {logging_mixin.py:154} INFO - [2023-11-13T08:46:35.278+0000] {dag.py:2941} INFO - Sync 1 DAGs
[2023-11-13T08:46:35.295+0000] {logging_mixin.py:154} INFO - [2023-11-13T08:46:35.295+0000] {dag.py:3722} INFO - Setting next_dagrun for example_xcom to 2021-01-01T00:00:00+00:00, run_after=2021-01-01T00:00:00+00:00
[2023-11-13T08:46:35.355+0000] {processor.py:179} INFO - Processing /home/airflow/.local/lib/python3.8/site-packages/airflow/example_dags/example_xcom.py took 0.116 seconds
[2023-11-13T08:47:05.574+0000] {processor.py:157} INFO - Started process (PID=212) to work on /home/airflow/.local/lib/python3.8/site-packages/airflow/example_dags/example_xcom.py
[2023-11-13T08:47:05.632+0000] {processor.py:829} INFO - Processing file /home/airflow/.local/lib/python3.8/site-packages/airflow/example_dags/example_xcom.py for tasks to queue
[2023-11-13T08:47:05.635+0000] {logging_mixin.py:154} INFO - [2023-11-13T08:47:05.634+0000] {dagbag.py:536} INFO - Filling up the DagBag from /home/airflow/.local/lib/python3.8/site-packages/airflow/example_dags/example_xcom.py
[2023-11-13T08:47:05.645+0000] {processor.py:839} INFO - DAG(s) dict_keys(['example_xcom']) retrieved from /home/airflow/.local/lib/python3.8/site-packages/airflow/example_dags/example_xcom.py
[2023-11-13T08:47:05.662+0000] {logging_mixin.py:154} INFO - [2023-11-13T08:47:05.662+0000] {dag.py:2941} INFO - Sync 1 DAGs
[2023-11-13T08:47:05.678+0000] {logging_mixin.py:154} INFO - [2023-11-13T08:47:05.677+0000] {dag.py:3722} INFO - Setting next_dagrun for example_xcom to 2021-01-01T00:00:00+00:00, run_after=2021-01-01T00:00:00+00:00
[2023-11-13T08:47:06.580+0000] {processor.py:179} INFO - Processing /home/airflow/.local/lib/python3.8/site-packages/airflow/example_dags/example_xcom.py took 1.011 seconds
[2023-11-13T08:47:37.173+0000] {processor.py:157} INFO - Started process (PID=266) to work on /home/airflow/.local/lib/python3.8/site-packages/airflow/example_dags/example_xcom.py
[2023-11-13T08:47:37.174+0000] {processor.py:829} INFO - Processing file /home/airflow/.local/lib/python3.8/site-packages/airflow/example_dags/example_xcom.py for tasks to queue
[2023-11-13T08:47:37.176+0000] {logging_mixin.py:154} INFO - [2023-11-13T08:47:37.176+0000] {dagbag.py:536} INFO - Filling up the DagBag from /home/airflow/.local/lib/python3.8/site-packages/airflow/example_dags/example_xcom.py
[2023-11-13T08:47:37.184+0000] {processor.py:839} INFO - DAG(s) dict_keys(['example_xcom']) retrieved from /home/airflow/.local/lib/python3.8/site-packages/airflow/example_dags/example_xcom.py
[2023-11-13T08:47:37.203+0000] {logging_mixin.py:154} INFO - [2023-11-13T08:47:37.203+0000] {dag.py:2941} INFO - Sync 1 DAGs
[2023-11-13T08:47:37.224+0000] {logging_mixin.py:154} INFO - [2023-11-13T08:47:37.224+0000] {dag.py:3722} INFO - Setting next_dagrun for example_xcom to 2021-01-01T00:00:00+00:00, run_after=2021-01-01T00:00:00+00:00
[2023-11-13T08:47:37.259+0000] {processor.py:179} INFO - Processing /home/airflow/.local/lib/python3.8/site-packages/airflow/example_dags/example_xcom.py took 0.090 seconds
[2023-11-13T08:48:08.731+0000] {processor.py:157} INFO - Started process (PID=320) to work on /home/airflow/.local/lib/python3.8/site-packages/airflow/example_dags/example_xcom.py
[2023-11-13T08:48:08.831+0000] {processor.py:829} INFO - Processing file /home/airflow/.local/lib/python3.8/site-packages/airflow/example_dags/example_xcom.py for tasks to queue
[2023-11-13T08:48:08.837+0000] {logging_mixin.py:154} INFO - [2023-11-13T08:48:08.836+0000] {dagbag.py:536} INFO - Filling up the DagBag from /home/airflow/.local/lib/python3.8/site-packages/airflow/example_dags/example_xcom.py
[2023-11-13T08:48:08.861+0000] {processor.py:839} INFO - DAG(s) dict_keys(['example_xcom']) retrieved from /home/airflow/.local/lib/python3.8/site-packages/airflow/example_dags/example_xcom.py
[2023-11-13T08:48:08.887+0000] {logging_mixin.py:154} INFO - [2023-11-13T08:48:08.887+0000] {dag.py:2941} INFO - Sync 1 DAGs
[2023-11-13T08:48:08.904+0000] {logging_mixin.py:154} INFO - [2023-11-13T08:48:08.904+0000] {dag.py:3722} INFO - Setting next_dagrun for example_xcom to 2021-01-01T00:00:00+00:00, run_after=2021-01-01T00:00:00+00:00
[2023-11-13T08:48:08.935+0000] {processor.py:179} INFO - Processing /home/airflow/.local/lib/python3.8/site-packages/airflow/example_dags/example_xcom.py took 0.207 seconds
