[2023-11-13T07:55:16.882+0000] {processor.py:157} INFO - Started process (PID=72) to work on /home/airflow/.local/lib/python3.8/site-packages/airflow/example_dags/example_branch_operator.py
[2023-11-13T07:55:16.883+0000] {processor.py:829} INFO - Processing file /home/airflow/.local/lib/python3.8/site-packages/airflow/example_dags/example_branch_operator.py for tasks to queue
[2023-11-13T07:55:16.884+0000] {logging_mixin.py:154} INFO - [2023-11-13T07:55:16.884+0000] {dagbag.py:536} INFO - Filling up the DagBag from /home/airflow/.local/lib/python3.8/site-packages/airflow/example_dags/example_branch_operator.py
[2023-11-13T07:55:16.893+0000] {processor.py:839} INFO - DAG(s) dict_keys(['example_branch_operator']) retrieved from /home/airflow/.local/lib/python3.8/site-packages/airflow/example_dags/example_branch_operator.py
[2023-11-13T07:55:17.032+0000] {logging_mixin.py:154} INFO - [2023-11-13T07:55:17.031+0000] {manager.py:499} INFO - Created Permission View: %s
[2023-11-13T07:55:17.066+0000] {logging_mixin.py:154} INFO - [2023-11-13T07:55:17.066+0000] {manager.py:499} INFO - Created Permission View: %s
[2023-11-13T07:55:17.101+0000] {logging_mixin.py:154} INFO - [2023-11-13T07:55:17.100+0000] {manager.py:499} INFO - Created Permission View: %s
[2023-11-13T07:55:17.101+0000] {logging_mixin.py:154} INFO - [2023-11-13T07:55:17.101+0000] {dag.py:2941} INFO - Sync 1 DAGs
[2023-11-13T07:55:17.112+0000] {logging_mixin.py:154} INFO - [2023-11-13T07:55:17.112+0000] {dag.py:2963} INFO - Creating ORM DAG for example_branch_operator
[2023-11-13T07:55:17.121+0000] {logging_mixin.py:154} INFO - [2023-11-13T07:55:17.121+0000] {dag.py:3722} INFO - Setting next_dagrun for example_branch_operator to 2023-11-12T00:00:00+00:00, run_after=2023-11-13T00:00:00+00:00
[2023-11-13T07:55:17.174+0000] {processor.py:179} INFO - Processing /home/airflow/.local/lib/python3.8/site-packages/airflow/example_dags/example_branch_operator.py took 0.294 seconds
[2023-11-13T07:55:48.523+0000] {processor.py:157} INFO - Started process (PID=126) to work on /home/airflow/.local/lib/python3.8/site-packages/airflow/example_dags/example_branch_operator.py
[2023-11-13T07:55:48.603+0000] {processor.py:829} INFO - Processing file /home/airflow/.local/lib/python3.8/site-packages/airflow/example_dags/example_branch_operator.py for tasks to queue
[2023-11-13T07:55:48.609+0000] {logging_mixin.py:154} INFO - [2023-11-13T07:55:48.608+0000] {dagbag.py:536} INFO - Filling up the DagBag from /home/airflow/.local/lib/python3.8/site-packages/airflow/example_dags/example_branch_operator.py
[2023-11-13T07:55:48.636+0000] {processor.py:839} INFO - DAG(s) dict_keys(['example_branch_operator']) retrieved from /home/airflow/.local/lib/python3.8/site-packages/airflow/example_dags/example_branch_operator.py
[2023-11-13T07:55:48.663+0000] {logging_mixin.py:154} INFO - [2023-11-13T07:55:48.663+0000] {dag.py:2941} INFO - Sync 1 DAGs
[2023-11-13T07:55:48.681+0000] {logging_mixin.py:154} INFO - [2023-11-13T07:55:48.681+0000] {dag.py:3722} INFO - Setting next_dagrun for example_branch_operator to 2023-11-12T00:00:00+00:00, run_after=2023-11-13T00:00:00+00:00
[2023-11-13T07:55:48.946+0000] {processor.py:179} INFO - Processing /home/airflow/.local/lib/python3.8/site-packages/airflow/example_dags/example_branch_operator.py took 0.425 seconds
[2023-11-13T07:56:19.874+0000] {processor.py:157} INFO - Started process (PID=180) to work on /home/airflow/.local/lib/python3.8/site-packages/airflow/example_dags/example_branch_operator.py
[2023-11-13T07:56:19.875+0000] {processor.py:829} INFO - Processing file /home/airflow/.local/lib/python3.8/site-packages/airflow/example_dags/example_branch_operator.py for tasks to queue
[2023-11-13T07:56:19.876+0000] {logging_mixin.py:154} INFO - [2023-11-13T07:56:19.876+0000] {dagbag.py:536} INFO - Filling up the DagBag from /home/airflow/.local/lib/python3.8/site-packages/airflow/example_dags/example_branch_operator.py
[2023-11-13T07:56:19.883+0000] {processor.py:839} INFO - DAG(s) dict_keys(['example_branch_operator']) retrieved from /home/airflow/.local/lib/python3.8/site-packages/airflow/example_dags/example_branch_operator.py
[2023-11-13T07:56:19.899+0000] {logging_mixin.py:154} INFO - [2023-11-13T07:56:19.899+0000] {dag.py:2941} INFO - Sync 1 DAGs
[2023-11-13T07:56:19.916+0000] {logging_mixin.py:154} INFO - [2023-11-13T07:56:19.916+0000] {dag.py:3722} INFO - Setting next_dagrun for example_branch_operator to 2023-11-12T00:00:00+00:00, run_after=2023-11-13T00:00:00+00:00
[2023-11-13T07:56:19.952+0000] {processor.py:179} INFO - Processing /home/airflow/.local/lib/python3.8/site-packages/airflow/example_dags/example_branch_operator.py took 0.081 seconds
[2023-11-13T07:56:50.404+0000] {processor.py:157} INFO - Started process (PID=234) to work on /home/airflow/.local/lib/python3.8/site-packages/airflow/example_dags/example_branch_operator.py
[2023-11-13T07:56:50.416+0000] {processor.py:829} INFO - Processing file /home/airflow/.local/lib/python3.8/site-packages/airflow/example_dags/example_branch_operator.py for tasks to queue
[2023-11-13T07:56:50.417+0000] {logging_mixin.py:154} INFO - [2023-11-13T07:56:50.417+0000] {dagbag.py:536} INFO - Filling up the DagBag from /home/airflow/.local/lib/python3.8/site-packages/airflow/example_dags/example_branch_operator.py
[2023-11-13T07:56:50.424+0000] {processor.py:839} INFO - DAG(s) dict_keys(['example_branch_operator']) retrieved from /home/airflow/.local/lib/python3.8/site-packages/airflow/example_dags/example_branch_operator.py
[2023-11-13T07:56:50.442+0000] {logging_mixin.py:154} INFO - [2023-11-13T07:56:50.442+0000] {dag.py:2941} INFO - Sync 1 DAGs
[2023-11-13T07:56:50.458+0000] {logging_mixin.py:154} INFO - [2023-11-13T07:56:50.458+0000] {dag.py:3722} INFO - Setting next_dagrun for example_branch_operator to 2023-11-12T00:00:00+00:00, run_after=2023-11-13T00:00:00+00:00
[2023-11-13T07:56:50.530+0000] {processor.py:179} INFO - Processing /home/airflow/.local/lib/python3.8/site-packages/airflow/example_dags/example_branch_operator.py took 0.128 seconds
[2023-11-13T07:57:20.847+0000] {processor.py:157} INFO - Started process (PID=288) to work on /home/airflow/.local/lib/python3.8/site-packages/airflow/example_dags/example_branch_operator.py
[2023-11-13T07:57:20.878+0000] {processor.py:829} INFO - Processing file /home/airflow/.local/lib/python3.8/site-packages/airflow/example_dags/example_branch_operator.py for tasks to queue
[2023-11-13T07:57:20.880+0000] {logging_mixin.py:154} INFO - [2023-11-13T07:57:20.880+0000] {dagbag.py:536} INFO - Filling up the DagBag from /home/airflow/.local/lib/python3.8/site-packages/airflow/example_dags/example_branch_operator.py
[2023-11-13T07:57:20.887+0000] {processor.py:839} INFO - DAG(s) dict_keys(['example_branch_operator']) retrieved from /home/airflow/.local/lib/python3.8/site-packages/airflow/example_dags/example_branch_operator.py
[2023-11-13T07:57:20.904+0000] {logging_mixin.py:154} INFO - [2023-11-13T07:57:20.904+0000] {dag.py:2941} INFO - Sync 1 DAGs
[2023-11-13T07:57:20.922+0000] {logging_mixin.py:154} INFO - [2023-11-13T07:57:20.922+0000] {dag.py:3722} INFO - Setting next_dagrun for example_branch_operator to 2023-11-12T00:00:00+00:00, run_after=2023-11-13T00:00:00+00:00
[2023-11-13T07:57:21.217+0000] {processor.py:179} INFO - Processing /home/airflow/.local/lib/python3.8/site-packages/airflow/example_dags/example_branch_operator.py took 0.372 seconds
[2023-11-13T07:57:52.514+0000] {processor.py:157} INFO - Started process (PID=342) to work on /home/airflow/.local/lib/python3.8/site-packages/airflow/example_dags/example_branch_operator.py
[2023-11-13T07:57:52.556+0000] {processor.py:829} INFO - Processing file /home/airflow/.local/lib/python3.8/site-packages/airflow/example_dags/example_branch_operator.py for tasks to queue
[2023-11-13T07:57:52.557+0000] {logging_mixin.py:154} INFO - [2023-11-13T07:57:52.557+0000] {dagbag.py:536} INFO - Filling up the DagBag from /home/airflow/.local/lib/python3.8/site-packages/airflow/example_dags/example_branch_operator.py
[2023-11-13T07:57:52.564+0000] {processor.py:839} INFO - DAG(s) dict_keys(['example_branch_operator']) retrieved from /home/airflow/.local/lib/python3.8/site-packages/airflow/example_dags/example_branch_operator.py
[2023-11-13T07:57:52.581+0000] {logging_mixin.py:154} INFO - [2023-11-13T07:57:52.581+0000] {dag.py:2941} INFO - Sync 1 DAGs
[2023-11-13T07:57:52.596+0000] {logging_mixin.py:154} INFO - [2023-11-13T07:57:52.596+0000] {dag.py:3722} INFO - Setting next_dagrun for example_branch_operator to 2023-11-12T00:00:00+00:00, run_after=2023-11-13T00:00:00+00:00
[2023-11-13T07:57:52.673+0000] {processor.py:179} INFO - Processing /home/airflow/.local/lib/python3.8/site-packages/airflow/example_dags/example_branch_operator.py took 0.162 seconds
[2023-11-13T07:58:23.585+0000] {processor.py:157} INFO - Started process (PID=396) to work on /home/airflow/.local/lib/python3.8/site-packages/airflow/example_dags/example_branch_operator.py
[2023-11-13T07:58:23.585+0000] {processor.py:829} INFO - Processing file /home/airflow/.local/lib/python3.8/site-packages/airflow/example_dags/example_branch_operator.py for tasks to queue
[2023-11-13T07:58:23.587+0000] {logging_mixin.py:154} INFO - [2023-11-13T07:58:23.587+0000] {dagbag.py:536} INFO - Filling up the DagBag from /home/airflow/.local/lib/python3.8/site-packages/airflow/example_dags/example_branch_operator.py
[2023-11-13T07:58:23.594+0000] {processor.py:839} INFO - DAG(s) dict_keys(['example_branch_operator']) retrieved from /home/airflow/.local/lib/python3.8/site-packages/airflow/example_dags/example_branch_operator.py
[2023-11-13T07:58:23.611+0000] {logging_mixin.py:154} INFO - [2023-11-13T07:58:23.611+0000] {dag.py:2941} INFO - Sync 1 DAGs
[2023-11-13T07:58:23.627+0000] {logging_mixin.py:154} INFO - [2023-11-13T07:58:23.627+0000] {dag.py:3722} INFO - Setting next_dagrun for example_branch_operator to 2023-11-12T00:00:00+00:00, run_after=2023-11-13T00:00:00+00:00
[2023-11-13T07:58:23.654+0000] {processor.py:179} INFO - Processing /home/airflow/.local/lib/python3.8/site-packages/airflow/example_dags/example_branch_operator.py took 0.072 seconds
[2023-11-13T07:58:54.002+0000] {processor.py:157} INFO - Started process (PID=450) to work on /home/airflow/.local/lib/python3.8/site-packages/airflow/example_dags/example_branch_operator.py
[2023-11-13T07:58:54.043+0000] {processor.py:829} INFO - Processing file /home/airflow/.local/lib/python3.8/site-packages/airflow/example_dags/example_branch_operator.py for tasks to queue
[2023-11-13T07:58:54.045+0000] {logging_mixin.py:154} INFO - [2023-11-13T07:58:54.045+0000] {dagbag.py:536} INFO - Filling up the DagBag from /home/airflow/.local/lib/python3.8/site-packages/airflow/example_dags/example_branch_operator.py
[2023-11-13T07:58:54.051+0000] {processor.py:839} INFO - DAG(s) dict_keys(['example_branch_operator']) retrieved from /home/airflow/.local/lib/python3.8/site-packages/airflow/example_dags/example_branch_operator.py
[2023-11-13T07:58:54.067+0000] {logging_mixin.py:154} INFO - [2023-11-13T07:58:54.067+0000] {dag.py:2941} INFO - Sync 1 DAGs
[2023-11-13T07:58:54.083+0000] {logging_mixin.py:154} INFO - [2023-11-13T07:58:54.082+0000] {dag.py:3722} INFO - Setting next_dagrun for example_branch_operator to 2023-11-12T00:00:00+00:00, run_after=2023-11-13T00:00:00+00:00
[2023-11-13T07:58:55.470+0000] {processor.py:179} INFO - Processing /home/airflow/.local/lib/python3.8/site-packages/airflow/example_dags/example_branch_operator.py took 1.470 seconds
[2023-11-13T07:59:26.189+0000] {processor.py:157} INFO - Started process (PID=504) to work on /home/airflow/.local/lib/python3.8/site-packages/airflow/example_dags/example_branch_operator.py
[2023-11-13T07:59:26.190+0000] {processor.py:829} INFO - Processing file /home/airflow/.local/lib/python3.8/site-packages/airflow/example_dags/example_branch_operator.py for tasks to queue
[2023-11-13T07:59:26.191+0000] {logging_mixin.py:154} INFO - [2023-11-13T07:59:26.191+0000] {dagbag.py:536} INFO - Filling up the DagBag from /home/airflow/.local/lib/python3.8/site-packages/airflow/example_dags/example_branch_operator.py
[2023-11-13T07:59:26.197+0000] {processor.py:839} INFO - DAG(s) dict_keys(['example_branch_operator']) retrieved from /home/airflow/.local/lib/python3.8/site-packages/airflow/example_dags/example_branch_operator.py
[2023-11-13T07:59:26.213+0000] {logging_mixin.py:154} INFO - [2023-11-13T07:59:26.213+0000] {dag.py:2941} INFO - Sync 1 DAGs
[2023-11-13T07:59:26.230+0000] {logging_mixin.py:154} INFO - [2023-11-13T07:59:26.229+0000] {dag.py:3722} INFO - Setting next_dagrun for example_branch_operator to 2023-11-12T00:00:00+00:00, run_after=2023-11-13T00:00:00+00:00
[2023-11-13T07:59:26.552+0000] {processor.py:179} INFO - Processing /home/airflow/.local/lib/python3.8/site-packages/airflow/example_dags/example_branch_operator.py took 0.365 seconds
[2023-11-13T07:59:57.249+0000] {processor.py:157} INFO - Started process (PID=558) to work on /home/airflow/.local/lib/python3.8/site-packages/airflow/example_dags/example_branch_operator.py
[2023-11-13T07:59:57.251+0000] {processor.py:829} INFO - Processing file /home/airflow/.local/lib/python3.8/site-packages/airflow/example_dags/example_branch_operator.py for tasks to queue
[2023-11-13T07:59:57.252+0000] {logging_mixin.py:154} INFO - [2023-11-13T07:59:57.252+0000] {dagbag.py:536} INFO - Filling up the DagBag from /home/airflow/.local/lib/python3.8/site-packages/airflow/example_dags/example_branch_operator.py
[2023-11-13T07:59:57.258+0000] {processor.py:839} INFO - DAG(s) dict_keys(['example_branch_operator']) retrieved from /home/airflow/.local/lib/python3.8/site-packages/airflow/example_dags/example_branch_operator.py
[2023-11-13T07:59:57.274+0000] {logging_mixin.py:154} INFO - [2023-11-13T07:59:57.274+0000] {dag.py:2941} INFO - Sync 1 DAGs
[2023-11-13T07:59:57.291+0000] {logging_mixin.py:154} INFO - [2023-11-13T07:59:57.291+0000] {dag.py:3722} INFO - Setting next_dagrun for example_branch_operator to 2023-11-12T00:00:00+00:00, run_after=2023-11-13T00:00:00+00:00
[2023-11-13T07:59:57.676+0000] {processor.py:179} INFO - Processing /home/airflow/.local/lib/python3.8/site-packages/airflow/example_dags/example_branch_operator.py took 0.429 seconds
[2023-11-13T08:00:28.412+0000] {processor.py:157} INFO - Started process (PID=612) to work on /home/airflow/.local/lib/python3.8/site-packages/airflow/example_dags/example_branch_operator.py
[2023-11-13T08:00:28.412+0000] {processor.py:829} INFO - Processing file /home/airflow/.local/lib/python3.8/site-packages/airflow/example_dags/example_branch_operator.py for tasks to queue
[2023-11-13T08:00:28.414+0000] {logging_mixin.py:154} INFO - [2023-11-13T08:00:28.413+0000] {dagbag.py:536} INFO - Filling up the DagBag from /home/airflow/.local/lib/python3.8/site-packages/airflow/example_dags/example_branch_operator.py
[2023-11-13T08:00:28.420+0000] {processor.py:839} INFO - DAG(s) dict_keys(['example_branch_operator']) retrieved from /home/airflow/.local/lib/python3.8/site-packages/airflow/example_dags/example_branch_operator.py
[2023-11-13T08:00:28.436+0000] {logging_mixin.py:154} INFO - [2023-11-13T08:00:28.436+0000] {dag.py:2941} INFO - Sync 1 DAGs
[2023-11-13T08:00:28.453+0000] {logging_mixin.py:154} INFO - [2023-11-13T08:00:28.452+0000] {dag.py:3722} INFO - Setting next_dagrun for example_branch_operator to 2023-11-12T00:00:00+00:00, run_after=2023-11-13T00:00:00+00:00
[2023-11-13T08:00:28.484+0000] {processor.py:179} INFO - Processing /home/airflow/.local/lib/python3.8/site-packages/airflow/example_dags/example_branch_operator.py took 0.075 seconds
[2023-11-13T08:00:59.293+0000] {processor.py:157} INFO - Started process (PID=666) to work on /home/airflow/.local/lib/python3.8/site-packages/airflow/example_dags/example_branch_operator.py
[2023-11-13T08:00:59.294+0000] {processor.py:829} INFO - Processing file /home/airflow/.local/lib/python3.8/site-packages/airflow/example_dags/example_branch_operator.py for tasks to queue
[2023-11-13T08:00:59.295+0000] {logging_mixin.py:154} INFO - [2023-11-13T08:00:59.295+0000] {dagbag.py:536} INFO - Filling up the DagBag from /home/airflow/.local/lib/python3.8/site-packages/airflow/example_dags/example_branch_operator.py
[2023-11-13T08:00:59.301+0000] {processor.py:839} INFO - DAG(s) dict_keys(['example_branch_operator']) retrieved from /home/airflow/.local/lib/python3.8/site-packages/airflow/example_dags/example_branch_operator.py
[2023-11-13T08:00:59.319+0000] {logging_mixin.py:154} INFO - [2023-11-13T08:00:59.319+0000] {dag.py:2941} INFO - Sync 1 DAGs
[2023-11-13T08:00:59.336+0000] {logging_mixin.py:154} INFO - [2023-11-13T08:00:59.336+0000] {dag.py:3722} INFO - Setting next_dagrun for example_branch_operator to 2023-11-12T00:00:00+00:00, run_after=2023-11-13T00:00:00+00:00
[2023-11-13T08:01:00.742+0000] {processor.py:179} INFO - Processing /home/airflow/.local/lib/python3.8/site-packages/airflow/example_dags/example_branch_operator.py took 1.451 seconds
[2023-11-13T08:01:31.190+0000] {processor.py:157} INFO - Started process (PID=720) to work on /home/airflow/.local/lib/python3.8/site-packages/airflow/example_dags/example_branch_operator.py
[2023-11-13T08:01:31.201+0000] {processor.py:829} INFO - Processing file /home/airflow/.local/lib/python3.8/site-packages/airflow/example_dags/example_branch_operator.py for tasks to queue
[2023-11-13T08:01:31.203+0000] {logging_mixin.py:154} INFO - [2023-11-13T08:01:31.203+0000] {dagbag.py:536} INFO - Filling up the DagBag from /home/airflow/.local/lib/python3.8/site-packages/airflow/example_dags/example_branch_operator.py
[2023-11-13T08:01:31.209+0000] {processor.py:839} INFO - DAG(s) dict_keys(['example_branch_operator']) retrieved from /home/airflow/.local/lib/python3.8/site-packages/airflow/example_dags/example_branch_operator.py
[2023-11-13T08:01:31.227+0000] {logging_mixin.py:154} INFO - [2023-11-13T08:01:31.227+0000] {dag.py:2941} INFO - Sync 1 DAGs
[2023-11-13T08:01:31.245+0000] {logging_mixin.py:154} INFO - [2023-11-13T08:01:31.245+0000] {dag.py:3722} INFO - Setting next_dagrun for example_branch_operator to 2023-11-12T00:00:00+00:00, run_after=2023-11-13T00:00:00+00:00
[2023-11-13T08:01:32.314+0000] {processor.py:179} INFO - Processing /home/airflow/.local/lib/python3.8/site-packages/airflow/example_dags/example_branch_operator.py took 1.126 seconds
[2023-11-13T08:02:02.787+0000] {processor.py:157} INFO - Started process (PID=774) to work on /home/airflow/.local/lib/python3.8/site-packages/airflow/example_dags/example_branch_operator.py
[2023-11-13T08:02:03.942+0000] {processor.py:829} INFO - Processing file /home/airflow/.local/lib/python3.8/site-packages/airflow/example_dags/example_branch_operator.py for tasks to queue
[2023-11-13T08:02:03.947+0000] {logging_mixin.py:154} INFO - [2023-11-13T08:02:03.946+0000] {dagbag.py:536} INFO - Filling up the DagBag from /home/airflow/.local/lib/python3.8/site-packages/airflow/example_dags/example_branch_operator.py
[2023-11-13T08:02:03.953+0000] {processor.py:839} INFO - DAG(s) dict_keys(['example_branch_operator']) retrieved from /home/airflow/.local/lib/python3.8/site-packages/airflow/example_dags/example_branch_operator.py
[2023-11-13T08:02:03.970+0000] {logging_mixin.py:154} INFO - [2023-11-13T08:02:03.970+0000] {dag.py:2941} INFO - Sync 1 DAGs
[2023-11-13T08:02:03.987+0000] {logging_mixin.py:154} INFO - [2023-11-13T08:02:03.987+0000] {dag.py:3722} INFO - Setting next_dagrun for example_branch_operator to 2023-11-12T00:00:00+00:00, run_after=2023-11-13T00:00:00+00:00
[2023-11-13T08:02:04.294+0000] {processor.py:179} INFO - Processing /home/airflow/.local/lib/python3.8/site-packages/airflow/example_dags/example_branch_operator.py took 1.509 seconds
[2023-11-13T08:02:34.781+0000] {processor.py:157} INFO - Started process (PID=828) to work on /home/airflow/.local/lib/python3.8/site-packages/airflow/example_dags/example_branch_operator.py
[2023-11-13T08:02:34.904+0000] {processor.py:829} INFO - Processing file /home/airflow/.local/lib/python3.8/site-packages/airflow/example_dags/example_branch_operator.py for tasks to queue
[2023-11-13T08:02:34.910+0000] {logging_mixin.py:154} INFO - [2023-11-13T08:02:34.909+0000] {dagbag.py:536} INFO - Filling up the DagBag from /home/airflow/.local/lib/python3.8/site-packages/airflow/example_dags/example_branch_operator.py
[2023-11-13T08:02:34.938+0000] {processor.py:839} INFO - DAG(s) dict_keys(['example_branch_operator']) retrieved from /home/airflow/.local/lib/python3.8/site-packages/airflow/example_dags/example_branch_operator.py
[2023-11-13T08:02:34.966+0000] {logging_mixin.py:154} INFO - [2023-11-13T08:02:34.965+0000] {dag.py:2941} INFO - Sync 1 DAGs
[2023-11-13T08:02:34.982+0000] {logging_mixin.py:154} INFO - [2023-11-13T08:02:34.982+0000] {dag.py:3722} INFO - Setting next_dagrun for example_branch_operator to 2023-11-12T00:00:00+00:00, run_after=2023-11-13T00:00:00+00:00
[2023-11-13T08:02:35.861+0000] {processor.py:179} INFO - Processing /home/airflow/.local/lib/python3.8/site-packages/airflow/example_dags/example_branch_operator.py took 1.083 seconds
[2023-11-13T08:03:06.443+0000] {processor.py:157} INFO - Started process (PID=882) to work on /home/airflow/.local/lib/python3.8/site-packages/airflow/example_dags/example_branch_operator.py
[2023-11-13T08:03:06.443+0000] {processor.py:829} INFO - Processing file /home/airflow/.local/lib/python3.8/site-packages/airflow/example_dags/example_branch_operator.py for tasks to queue
[2023-11-13T08:03:06.445+0000] {logging_mixin.py:154} INFO - [2023-11-13T08:03:06.445+0000] {dagbag.py:536} INFO - Filling up the DagBag from /home/airflow/.local/lib/python3.8/site-packages/airflow/example_dags/example_branch_operator.py
[2023-11-13T08:03:06.451+0000] {processor.py:839} INFO - DAG(s) dict_keys(['example_branch_operator']) retrieved from /home/airflow/.local/lib/python3.8/site-packages/airflow/example_dags/example_branch_operator.py
[2023-11-13T08:03:06.467+0000] {logging_mixin.py:154} INFO - [2023-11-13T08:03:06.467+0000] {dag.py:2941} INFO - Sync 1 DAGs
[2023-11-13T08:03:06.483+0000] {logging_mixin.py:154} INFO - [2023-11-13T08:03:06.483+0000] {dag.py:3722} INFO - Setting next_dagrun for example_branch_operator to 2023-11-12T00:00:00+00:00, run_after=2023-11-13T00:00:00+00:00
[2023-11-13T08:03:06.674+0000] {processor.py:179} INFO - Processing /home/airflow/.local/lib/python3.8/site-packages/airflow/example_dags/example_branch_operator.py took 0.233 seconds
[2023-11-13T08:03:36.961+0000] {processor.py:157} INFO - Started process (PID=936) to work on /home/airflow/.local/lib/python3.8/site-packages/airflow/example_dags/example_branch_operator.py
[2023-11-13T08:03:36.961+0000] {processor.py:829} INFO - Processing file /home/airflow/.local/lib/python3.8/site-packages/airflow/example_dags/example_branch_operator.py for tasks to queue
[2023-11-13T08:03:36.963+0000] {logging_mixin.py:154} INFO - [2023-11-13T08:03:36.962+0000] {dagbag.py:536} INFO - Filling up the DagBag from /home/airflow/.local/lib/python3.8/site-packages/airflow/example_dags/example_branch_operator.py
[2023-11-13T08:03:36.969+0000] {processor.py:839} INFO - DAG(s) dict_keys(['example_branch_operator']) retrieved from /home/airflow/.local/lib/python3.8/site-packages/airflow/example_dags/example_branch_operator.py
[2023-11-13T08:03:36.984+0000] {logging_mixin.py:154} INFO - [2023-11-13T08:03:36.984+0000] {dag.py:2941} INFO - Sync 1 DAGs
[2023-11-13T08:03:37.001+0000] {logging_mixin.py:154} INFO - [2023-11-13T08:03:37.001+0000] {dag.py:3722} INFO - Setting next_dagrun for example_branch_operator to 2023-11-12T00:00:00+00:00, run_after=2023-11-13T00:00:00+00:00
[2023-11-13T08:03:38.175+0000] {processor.py:179} INFO - Processing /home/airflow/.local/lib/python3.8/site-packages/airflow/example_dags/example_branch_operator.py took 1.216 seconds
[2023-11-13T08:04:09.080+0000] {processor.py:157} INFO - Started process (PID=990) to work on /home/airflow/.local/lib/python3.8/site-packages/airflow/example_dags/example_branch_operator.py
[2023-11-13T08:04:09.081+0000] {processor.py:829} INFO - Processing file /home/airflow/.local/lib/python3.8/site-packages/airflow/example_dags/example_branch_operator.py for tasks to queue
[2023-11-13T08:04:09.082+0000] {logging_mixin.py:154} INFO - [2023-11-13T08:04:09.082+0000] {dagbag.py:536} INFO - Filling up the DagBag from /home/airflow/.local/lib/python3.8/site-packages/airflow/example_dags/example_branch_operator.py
[2023-11-13T08:04:09.088+0000] {processor.py:839} INFO - DAG(s) dict_keys(['example_branch_operator']) retrieved from /home/airflow/.local/lib/python3.8/site-packages/airflow/example_dags/example_branch_operator.py
[2023-11-13T08:04:09.105+0000] {logging_mixin.py:154} INFO - [2023-11-13T08:04:09.105+0000] {dag.py:2941} INFO - Sync 1 DAGs
[2023-11-13T08:04:09.222+0000] {logging_mixin.py:154} INFO - [2023-11-13T08:04:09.221+0000] {dag.py:3722} INFO - Setting next_dagrun for example_branch_operator to 2023-11-12T00:00:00+00:00, run_after=2023-11-13T00:00:00+00:00
[2023-11-13T08:04:09.549+0000] {processor.py:179} INFO - Processing /home/airflow/.local/lib/python3.8/site-packages/airflow/example_dags/example_branch_operator.py took 0.471 seconds
[2023-11-13T08:04:39.710+0000] {processor.py:157} INFO - Started process (PID=1044) to work on /home/airflow/.local/lib/python3.8/site-packages/airflow/example_dags/example_branch_operator.py
[2023-11-13T08:04:39.724+0000] {processor.py:829} INFO - Processing file /home/airflow/.local/lib/python3.8/site-packages/airflow/example_dags/example_branch_operator.py for tasks to queue
[2023-11-13T08:04:39.726+0000] {logging_mixin.py:154} INFO - [2023-11-13T08:04:39.726+0000] {dagbag.py:536} INFO - Filling up the DagBag from /home/airflow/.local/lib/python3.8/site-packages/airflow/example_dags/example_branch_operator.py
[2023-11-13T08:04:39.733+0000] {processor.py:839} INFO - DAG(s) dict_keys(['example_branch_operator']) retrieved from /home/airflow/.local/lib/python3.8/site-packages/airflow/example_dags/example_branch_operator.py
[2023-11-13T08:04:39.749+0000] {logging_mixin.py:154} INFO - [2023-11-13T08:04:39.749+0000] {dag.py:2941} INFO - Sync 1 DAGs
[2023-11-13T08:04:39.766+0000] {logging_mixin.py:154} INFO - [2023-11-13T08:04:39.766+0000] {dag.py:3722} INFO - Setting next_dagrun for example_branch_operator to 2023-11-12T00:00:00+00:00, run_after=2023-11-13T00:00:00+00:00
[2023-11-13T08:04:39.814+0000] {processor.py:179} INFO - Processing /home/airflow/.local/lib/python3.8/site-packages/airflow/example_dags/example_branch_operator.py took 0.106 seconds
[2023-11-13T08:05:10.552+0000] {processor.py:157} INFO - Started process (PID=1098) to work on /home/airflow/.local/lib/python3.8/site-packages/airflow/example_dags/example_branch_operator.py
[2023-11-13T08:05:10.562+0000] {processor.py:829} INFO - Processing file /home/airflow/.local/lib/python3.8/site-packages/airflow/example_dags/example_branch_operator.py for tasks to queue
[2023-11-13T08:05:10.565+0000] {logging_mixin.py:154} INFO - [2023-11-13T08:05:10.565+0000] {dagbag.py:536} INFO - Filling up the DagBag from /home/airflow/.local/lib/python3.8/site-packages/airflow/example_dags/example_branch_operator.py
[2023-11-13T08:05:10.576+0000] {processor.py:839} INFO - DAG(s) dict_keys(['example_branch_operator']) retrieved from /home/airflow/.local/lib/python3.8/site-packages/airflow/example_dags/example_branch_operator.py
[2023-11-13T08:05:10.596+0000] {logging_mixin.py:154} INFO - [2023-11-13T08:05:10.596+0000] {dag.py:2941} INFO - Sync 1 DAGs
[2023-11-13T08:05:10.615+0000] {logging_mixin.py:154} INFO - [2023-11-13T08:05:10.615+0000] {dag.py:3722} INFO - Setting next_dagrun for example_branch_operator to 2023-11-12T00:00:00+00:00, run_after=2023-11-13T00:00:00+00:00
[2023-11-13T08:05:10.646+0000] {processor.py:179} INFO - Processing /home/airflow/.local/lib/python3.8/site-packages/airflow/example_dags/example_branch_operator.py took 0.100 seconds
[2023-11-13T08:05:40.756+0000] {processor.py:157} INFO - Started process (PID=1152) to work on /home/airflow/.local/lib/python3.8/site-packages/airflow/example_dags/example_branch_operator.py
[2023-11-13T08:05:40.757+0000] {processor.py:829} INFO - Processing file /home/airflow/.local/lib/python3.8/site-packages/airflow/example_dags/example_branch_operator.py for tasks to queue
[2023-11-13T08:05:40.758+0000] {logging_mixin.py:154} INFO - [2023-11-13T08:05:40.758+0000] {dagbag.py:536} INFO - Filling up the DagBag from /home/airflow/.local/lib/python3.8/site-packages/airflow/example_dags/example_branch_operator.py
[2023-11-13T08:05:40.765+0000] {processor.py:839} INFO - DAG(s) dict_keys(['example_branch_operator']) retrieved from /home/airflow/.local/lib/python3.8/site-packages/airflow/example_dags/example_branch_operator.py
[2023-11-13T08:05:40.782+0000] {logging_mixin.py:154} INFO - [2023-11-13T08:05:40.781+0000] {dag.py:2941} INFO - Sync 1 DAGs
[2023-11-13T08:05:40.899+0000] {logging_mixin.py:154} INFO - [2023-11-13T08:05:40.899+0000] {dag.py:3722} INFO - Setting next_dagrun for example_branch_operator to 2023-11-12T00:00:00+00:00, run_after=2023-11-13T00:00:00+00:00
[2023-11-13T08:05:40.931+0000] {processor.py:179} INFO - Processing /home/airflow/.local/lib/python3.8/site-packages/airflow/example_dags/example_branch_operator.py took 0.177 seconds
[2023-11-13T08:06:11.253+0000] {processor.py:157} INFO - Started process (PID=1206) to work on /home/airflow/.local/lib/python3.8/site-packages/airflow/example_dags/example_branch_operator.py
[2023-11-13T08:06:11.269+0000] {processor.py:829} INFO - Processing file /home/airflow/.local/lib/python3.8/site-packages/airflow/example_dags/example_branch_operator.py for tasks to queue
[2023-11-13T08:06:11.271+0000] {logging_mixin.py:154} INFO - [2023-11-13T08:06:11.271+0000] {dagbag.py:536} INFO - Filling up the DagBag from /home/airflow/.local/lib/python3.8/site-packages/airflow/example_dags/example_branch_operator.py
[2023-11-13T08:06:11.278+0000] {processor.py:839} INFO - DAG(s) dict_keys(['example_branch_operator']) retrieved from /home/airflow/.local/lib/python3.8/site-packages/airflow/example_dags/example_branch_operator.py
[2023-11-13T08:06:11.294+0000] {logging_mixin.py:154} INFO - [2023-11-13T08:06:11.294+0000] {dag.py:2941} INFO - Sync 1 DAGs
[2023-11-13T08:06:11.311+0000] {logging_mixin.py:154} INFO - [2023-11-13T08:06:11.311+0000] {dag.py:3722} INFO - Setting next_dagrun for example_branch_operator to 2023-11-12T00:00:00+00:00, run_after=2023-11-13T00:00:00+00:00
[2023-11-13T08:06:11.344+0000] {processor.py:179} INFO - Processing /home/airflow/.local/lib/python3.8/site-packages/airflow/example_dags/example_branch_operator.py took 0.094 seconds
[2023-11-13T08:06:41.435+0000] {processor.py:157} INFO - Started process (PID=1259) to work on /home/airflow/.local/lib/python3.8/site-packages/airflow/example_dags/example_branch_operator.py
[2023-11-13T08:06:41.436+0000] {processor.py:829} INFO - Processing file /home/airflow/.local/lib/python3.8/site-packages/airflow/example_dags/example_branch_operator.py for tasks to queue
[2023-11-13T08:06:41.437+0000] {logging_mixin.py:154} INFO - [2023-11-13T08:06:41.437+0000] {dagbag.py:536} INFO - Filling up the DagBag from /home/airflow/.local/lib/python3.8/site-packages/airflow/example_dags/example_branch_operator.py
[2023-11-13T08:06:41.444+0000] {processor.py:839} INFO - DAG(s) dict_keys(['example_branch_operator']) retrieved from /home/airflow/.local/lib/python3.8/site-packages/airflow/example_dags/example_branch_operator.py
[2023-11-13T08:06:41.460+0000] {logging_mixin.py:154} INFO - [2023-11-13T08:06:41.460+0000] {dag.py:2941} INFO - Sync 1 DAGs
[2023-11-13T08:06:41.476+0000] {logging_mixin.py:154} INFO - [2023-11-13T08:06:41.476+0000] {dag.py:3722} INFO - Setting next_dagrun for example_branch_operator to 2023-11-12T00:00:00+00:00, run_after=2023-11-13T00:00:00+00:00
[2023-11-13T08:06:41.503+0000] {processor.py:179} INFO - Processing /home/airflow/.local/lib/python3.8/site-packages/airflow/example_dags/example_branch_operator.py took 0.070 seconds
[2023-11-13T08:07:11.829+0000] {processor.py:157} INFO - Started process (PID=1314) to work on /home/airflow/.local/lib/python3.8/site-packages/airflow/example_dags/example_branch_operator.py
[2023-11-13T08:07:11.852+0000] {processor.py:829} INFO - Processing file /home/airflow/.local/lib/python3.8/site-packages/airflow/example_dags/example_branch_operator.py for tasks to queue
[2023-11-13T08:07:11.854+0000] {logging_mixin.py:154} INFO - [2023-11-13T08:07:11.853+0000] {dagbag.py:536} INFO - Filling up the DagBag from /home/airflow/.local/lib/python3.8/site-packages/airflow/example_dags/example_branch_operator.py
[2023-11-13T08:07:11.860+0000] {processor.py:839} INFO - DAG(s) dict_keys(['example_branch_operator']) retrieved from /home/airflow/.local/lib/python3.8/site-packages/airflow/example_dags/example_branch_operator.py
[2023-11-13T08:07:11.877+0000] {logging_mixin.py:154} INFO - [2023-11-13T08:07:11.876+0000] {dag.py:2941} INFO - Sync 1 DAGs
[2023-11-13T08:07:11.994+0000] {logging_mixin.py:154} INFO - [2023-11-13T08:07:11.994+0000] {dag.py:3722} INFO - Setting next_dagrun for example_branch_operator to 2023-11-12T00:00:00+00:00, run_after=2023-11-13T00:00:00+00:00
[2023-11-13T08:07:12.329+0000] {processor.py:179} INFO - Processing /home/airflow/.local/lib/python3.8/site-packages/airflow/example_dags/example_branch_operator.py took 0.502 seconds
[2023-11-13T08:07:42.375+0000] {processor.py:157} INFO - Started process (PID=1368) to work on /home/airflow/.local/lib/python3.8/site-packages/airflow/example_dags/example_branch_operator.py
[2023-11-13T08:07:42.376+0000] {processor.py:829} INFO - Processing file /home/airflow/.local/lib/python3.8/site-packages/airflow/example_dags/example_branch_operator.py for tasks to queue
[2023-11-13T08:07:42.377+0000] {logging_mixin.py:154} INFO - [2023-11-13T08:07:42.377+0000] {dagbag.py:536} INFO - Filling up the DagBag from /home/airflow/.local/lib/python3.8/site-packages/airflow/example_dags/example_branch_operator.py
[2023-11-13T08:07:42.383+0000] {processor.py:839} INFO - DAG(s) dict_keys(['example_branch_operator']) retrieved from /home/airflow/.local/lib/python3.8/site-packages/airflow/example_dags/example_branch_operator.py
[2023-11-13T08:07:42.399+0000] {logging_mixin.py:154} INFO - [2023-11-13T08:07:42.399+0000] {dag.py:2941} INFO - Sync 1 DAGs
[2023-11-13T08:07:42.416+0000] {logging_mixin.py:154} INFO - [2023-11-13T08:07:42.416+0000] {dag.py:3722} INFO - Setting next_dagrun for example_branch_operator to 2023-11-12T00:00:00+00:00, run_after=2023-11-13T00:00:00+00:00
[2023-11-13T08:07:42.441+0000] {processor.py:179} INFO - Processing /home/airflow/.local/lib/python3.8/site-packages/airflow/example_dags/example_branch_operator.py took 0.068 seconds
[2023-11-13T08:08:13.700+0000] {processor.py:157} INFO - Started process (PID=1422) to work on /home/airflow/.local/lib/python3.8/site-packages/airflow/example_dags/example_branch_operator.py
[2023-11-13T08:08:13.882+0000] {processor.py:829} INFO - Processing file /home/airflow/.local/lib/python3.8/site-packages/airflow/example_dags/example_branch_operator.py for tasks to queue
[2023-11-13T08:08:13.886+0000] {logging_mixin.py:154} INFO - [2023-11-13T08:08:13.886+0000] {dagbag.py:536} INFO - Filling up the DagBag from /home/airflow/.local/lib/python3.8/site-packages/airflow/example_dags/example_branch_operator.py
[2023-11-13T08:08:13.892+0000] {processor.py:839} INFO - DAG(s) dict_keys(['example_branch_operator']) retrieved from /home/airflow/.local/lib/python3.8/site-packages/airflow/example_dags/example_branch_operator.py
[2023-11-13T08:08:13.907+0000] {logging_mixin.py:154} INFO - [2023-11-13T08:08:13.907+0000] {dag.py:2941} INFO - Sync 1 DAGs
[2023-11-13T08:08:13.922+0000] {logging_mixin.py:154} INFO - [2023-11-13T08:08:13.922+0000] {dag.py:3722} INFO - Setting next_dagrun for example_branch_operator to 2023-11-12T00:00:00+00:00, run_after=2023-11-13T00:00:00+00:00
[2023-11-13T08:08:14.393+0000] {processor.py:179} INFO - Processing /home/airflow/.local/lib/python3.8/site-packages/airflow/example_dags/example_branch_operator.py took 0.695 seconds
[2023-11-13T08:08:45.012+0000] {processor.py:157} INFO - Started process (PID=1476) to work on /home/airflow/.local/lib/python3.8/site-packages/airflow/example_dags/example_branch_operator.py
[2023-11-13T08:08:45.141+0000] {processor.py:829} INFO - Processing file /home/airflow/.local/lib/python3.8/site-packages/airflow/example_dags/example_branch_operator.py for tasks to queue
[2023-11-13T08:08:45.143+0000] {logging_mixin.py:154} INFO - [2023-11-13T08:08:45.142+0000] {dagbag.py:536} INFO - Filling up the DagBag from /home/airflow/.local/lib/python3.8/site-packages/airflow/example_dags/example_branch_operator.py
[2023-11-13T08:08:45.149+0000] {processor.py:839} INFO - DAG(s) dict_keys(['example_branch_operator']) retrieved from /home/airflow/.local/lib/python3.8/site-packages/airflow/example_dags/example_branch_operator.py
[2023-11-13T08:08:45.165+0000] {logging_mixin.py:154} INFO - [2023-11-13T08:08:45.165+0000] {dag.py:2941} INFO - Sync 1 DAGs
[2023-11-13T08:08:45.275+0000] {logging_mixin.py:154} INFO - [2023-11-13T08:08:45.275+0000] {dag.py:3722} INFO - Setting next_dagrun for example_branch_operator to 2023-11-12T00:00:00+00:00, run_after=2023-11-13T00:00:00+00:00
[2023-11-13T08:08:46.043+0000] {processor.py:179} INFO - Processing /home/airflow/.local/lib/python3.8/site-packages/airflow/example_dags/example_branch_operator.py took 1.034 seconds
[2023-11-13T08:09:16.654+0000] {processor.py:157} INFO - Started process (PID=1530) to work on /home/airflow/.local/lib/python3.8/site-packages/airflow/example_dags/example_branch_operator.py
[2023-11-13T08:09:16.683+0000] {processor.py:829} INFO - Processing file /home/airflow/.local/lib/python3.8/site-packages/airflow/example_dags/example_branch_operator.py for tasks to queue
[2023-11-13T08:09:16.685+0000] {logging_mixin.py:154} INFO - [2023-11-13T08:09:16.684+0000] {dagbag.py:536} INFO - Filling up the DagBag from /home/airflow/.local/lib/python3.8/site-packages/airflow/example_dags/example_branch_operator.py
[2023-11-13T08:09:16.694+0000] {processor.py:839} INFO - DAG(s) dict_keys(['example_branch_operator']) retrieved from /home/airflow/.local/lib/python3.8/site-packages/airflow/example_dags/example_branch_operator.py
[2023-11-13T08:09:16.716+0000] {logging_mixin.py:154} INFO - [2023-11-13T08:09:16.716+0000] {dag.py:2941} INFO - Sync 1 DAGs
[2023-11-13T08:09:16.735+0000] {logging_mixin.py:154} INFO - [2023-11-13T08:09:16.735+0000] {dag.py:3722} INFO - Setting next_dagrun for example_branch_operator to 2023-11-12T00:00:00+00:00, run_after=2023-11-13T00:00:00+00:00
[2023-11-13T08:09:17.010+0000] {processor.py:179} INFO - Processing /home/airflow/.local/lib/python3.8/site-packages/airflow/example_dags/example_branch_operator.py took 0.359 seconds
[2023-11-13T08:09:47.690+0000] {processor.py:157} INFO - Started process (PID=1584) to work on /home/airflow/.local/lib/python3.8/site-packages/airflow/example_dags/example_branch_operator.py
[2023-11-13T08:09:47.690+0000] {processor.py:829} INFO - Processing file /home/airflow/.local/lib/python3.8/site-packages/airflow/example_dags/example_branch_operator.py for tasks to queue
[2023-11-13T08:09:47.692+0000] {logging_mixin.py:154} INFO - [2023-11-13T08:09:47.692+0000] {dagbag.py:536} INFO - Filling up the DagBag from /home/airflow/.local/lib/python3.8/site-packages/airflow/example_dags/example_branch_operator.py
[2023-11-13T08:09:47.698+0000] {processor.py:839} INFO - DAG(s) dict_keys(['example_branch_operator']) retrieved from /home/airflow/.local/lib/python3.8/site-packages/airflow/example_dags/example_branch_operator.py
[2023-11-13T08:09:47.806+0000] {logging_mixin.py:154} INFO - [2023-11-13T08:09:47.806+0000] {dag.py:2941} INFO - Sync 1 DAGs
[2023-11-13T08:09:47.820+0000] {logging_mixin.py:154} INFO - [2023-11-13T08:09:47.820+0000] {dag.py:3722} INFO - Setting next_dagrun for example_branch_operator to 2023-11-12T00:00:00+00:00, run_after=2023-11-13T00:00:00+00:00
[2023-11-13T08:09:47.850+0000] {processor.py:179} INFO - Processing /home/airflow/.local/lib/python3.8/site-packages/airflow/example_dags/example_branch_operator.py took 0.162 seconds
[2023-11-13T08:10:19.714+0000] {processor.py:157} INFO - Started process (PID=1638) to work on /home/airflow/.local/lib/python3.8/site-packages/airflow/example_dags/example_branch_operator.py
[2023-11-13T08:10:20.786+0000] {processor.py:829} INFO - Processing file /home/airflow/.local/lib/python3.8/site-packages/airflow/example_dags/example_branch_operator.py for tasks to queue
[2023-11-13T08:10:20.837+0000] {logging_mixin.py:154} INFO - [2023-11-13T08:10:20.837+0000] {dagbag.py:536} INFO - Filling up the DagBag from /home/airflow/.local/lib/python3.8/site-packages/airflow/example_dags/example_branch_operator.py
[2023-11-13T08:10:20.846+0000] {processor.py:839} INFO - DAG(s) dict_keys(['example_branch_operator']) retrieved from /home/airflow/.local/lib/python3.8/site-packages/airflow/example_dags/example_branch_operator.py
[2023-11-13T08:10:20.862+0000] {logging_mixin.py:154} INFO - [2023-11-13T08:10:20.862+0000] {dag.py:2941} INFO - Sync 1 DAGs
[2023-11-13T08:10:20.880+0000] {logging_mixin.py:154} INFO - [2023-11-13T08:10:20.880+0000] {dag.py:3722} INFO - Setting next_dagrun for example_branch_operator to 2023-11-12T00:00:00+00:00, run_after=2023-11-13T00:00:00+00:00
[2023-11-13T08:10:21.158+0000] {processor.py:179} INFO - Processing /home/airflow/.local/lib/python3.8/site-packages/airflow/example_dags/example_branch_operator.py took 1.446 seconds
[2023-11-13T08:10:52.851+0000] {processor.py:157} INFO - Started process (PID=1692) to work on /home/airflow/.local/lib/python3.8/site-packages/airflow/example_dags/example_branch_operator.py
[2023-11-13T08:10:52.875+0000] {processor.py:829} INFO - Processing file /home/airflow/.local/lib/python3.8/site-packages/airflow/example_dags/example_branch_operator.py for tasks to queue
[2023-11-13T08:10:52.882+0000] {logging_mixin.py:154} INFO - [2023-11-13T08:10:52.881+0000] {dagbag.py:536} INFO - Filling up the DagBag from /home/airflow/.local/lib/python3.8/site-packages/airflow/example_dags/example_branch_operator.py
[2023-11-13T08:10:52.907+0000] {processor.py:839} INFO - DAG(s) dict_keys(['example_branch_operator']) retrieved from /home/airflow/.local/lib/python3.8/site-packages/airflow/example_dags/example_branch_operator.py
[2023-11-13T08:10:52.931+0000] {logging_mixin.py:154} INFO - [2023-11-13T08:10:52.931+0000] {dag.py:2941} INFO - Sync 1 DAGs
[2023-11-13T08:10:52.947+0000] {logging_mixin.py:154} INFO - [2023-11-13T08:10:52.947+0000] {dag.py:3722} INFO - Setting next_dagrun for example_branch_operator to 2023-11-12T00:00:00+00:00, run_after=2023-11-13T00:00:00+00:00
[2023-11-13T08:10:53.029+0000] {processor.py:179} INFO - Processing /home/airflow/.local/lib/python3.8/site-packages/airflow/example_dags/example_branch_operator.py took 0.180 seconds
[2023-11-13T08:11:23.653+0000] {processor.py:157} INFO - Started process (PID=1746) to work on /home/airflow/.local/lib/python3.8/site-packages/airflow/example_dags/example_branch_operator.py
[2023-11-13T08:11:23.653+0000] {processor.py:829} INFO - Processing file /home/airflow/.local/lib/python3.8/site-packages/airflow/example_dags/example_branch_operator.py for tasks to queue
[2023-11-13T08:11:23.655+0000] {logging_mixin.py:154} INFO - [2023-11-13T08:11:23.655+0000] {dagbag.py:536} INFO - Filling up the DagBag from /home/airflow/.local/lib/python3.8/site-packages/airflow/example_dags/example_branch_operator.py
[2023-11-13T08:11:23.662+0000] {processor.py:839} INFO - DAG(s) dict_keys(['example_branch_operator']) retrieved from /home/airflow/.local/lib/python3.8/site-packages/airflow/example_dags/example_branch_operator.py
[2023-11-13T08:11:23.678+0000] {logging_mixin.py:154} INFO - [2023-11-13T08:11:23.678+0000] {dag.py:2941} INFO - Sync 1 DAGs
[2023-11-13T08:11:23.695+0000] {logging_mixin.py:154} INFO - [2023-11-13T08:11:23.694+0000] {dag.py:3722} INFO - Setting next_dagrun for example_branch_operator to 2023-11-12T00:00:00+00:00, run_after=2023-11-13T00:00:00+00:00
[2023-11-13T08:11:23.727+0000] {processor.py:179} INFO - Processing /home/airflow/.local/lib/python3.8/site-packages/airflow/example_dags/example_branch_operator.py took 0.077 seconds
[2023-11-13T08:11:54.152+0000] {processor.py:157} INFO - Started process (PID=1800) to work on /home/airflow/.local/lib/python3.8/site-packages/airflow/example_dags/example_branch_operator.py
[2023-11-13T08:11:54.159+0000] {processor.py:829} INFO - Processing file /home/airflow/.local/lib/python3.8/site-packages/airflow/example_dags/example_branch_operator.py for tasks to queue
[2023-11-13T08:11:54.161+0000] {logging_mixin.py:154} INFO - [2023-11-13T08:11:54.161+0000] {dagbag.py:536} INFO - Filling up the DagBag from /home/airflow/.local/lib/python3.8/site-packages/airflow/example_dags/example_branch_operator.py
[2023-11-13T08:11:54.167+0000] {processor.py:839} INFO - DAG(s) dict_keys(['example_branch_operator']) retrieved from /home/airflow/.local/lib/python3.8/site-packages/airflow/example_dags/example_branch_operator.py
[2023-11-13T08:11:54.183+0000] {logging_mixin.py:154} INFO - [2023-11-13T08:11:54.183+0000] {dag.py:2941} INFO - Sync 1 DAGs
[2023-11-13T08:11:54.199+0000] {logging_mixin.py:154} INFO - [2023-11-13T08:11:54.199+0000] {dag.py:3722} INFO - Setting next_dagrun for example_branch_operator to 2023-11-12T00:00:00+00:00, run_after=2023-11-13T00:00:00+00:00
[2023-11-13T08:11:54.702+0000] {processor.py:179} INFO - Processing /home/airflow/.local/lib/python3.8/site-packages/airflow/example_dags/example_branch_operator.py took 0.552 seconds
[2023-11-13T08:12:26.425+0000] {processor.py:157} INFO - Started process (PID=1854) to work on /home/airflow/.local/lib/python3.8/site-packages/airflow/example_dags/example_branch_operator.py
[2023-11-13T08:12:26.426+0000] {processor.py:829} INFO - Processing file /home/airflow/.local/lib/python3.8/site-packages/airflow/example_dags/example_branch_operator.py for tasks to queue
[2023-11-13T08:12:26.428+0000] {logging_mixin.py:154} INFO - [2023-11-13T08:12:26.428+0000] {dagbag.py:536} INFO - Filling up the DagBag from /home/airflow/.local/lib/python3.8/site-packages/airflow/example_dags/example_branch_operator.py
[2023-11-13T08:12:26.434+0000] {processor.py:839} INFO - DAG(s) dict_keys(['example_branch_operator']) retrieved from /home/airflow/.local/lib/python3.8/site-packages/airflow/example_dags/example_branch_operator.py
[2023-11-13T08:12:26.450+0000] {logging_mixin.py:154} INFO - [2023-11-13T08:12:26.449+0000] {dag.py:2941} INFO - Sync 1 DAGs
[2023-11-13T08:12:26.466+0000] {logging_mixin.py:154} INFO - [2023-11-13T08:12:26.466+0000] {dag.py:3722} INFO - Setting next_dagrun for example_branch_operator to 2023-11-12T00:00:00+00:00, run_after=2023-11-13T00:00:00+00:00
[2023-11-13T08:12:26.488+0000] {processor.py:179} INFO - Processing /home/airflow/.local/lib/python3.8/site-packages/airflow/example_dags/example_branch_operator.py took 0.065 seconds
[2023-11-13T08:12:57.988+0000] {processor.py:157} INFO - Started process (PID=1908) to work on /home/airflow/.local/lib/python3.8/site-packages/airflow/example_dags/example_branch_operator.py
[2023-11-13T08:12:57.989+0000] {processor.py:829} INFO - Processing file /home/airflow/.local/lib/python3.8/site-packages/airflow/example_dags/example_branch_operator.py for tasks to queue
[2023-11-13T08:12:57.991+0000] {logging_mixin.py:154} INFO - [2023-11-13T08:12:57.991+0000] {dagbag.py:536} INFO - Filling up the DagBag from /home/airflow/.local/lib/python3.8/site-packages/airflow/example_dags/example_branch_operator.py
[2023-11-13T08:12:58.002+0000] {processor.py:839} INFO - DAG(s) dict_keys(['example_branch_operator']) retrieved from /home/airflow/.local/lib/python3.8/site-packages/airflow/example_dags/example_branch_operator.py
[2023-11-13T08:12:58.021+0000] {logging_mixin.py:154} INFO - [2023-11-13T08:12:58.021+0000] {dag.py:2941} INFO - Sync 1 DAGs
[2023-11-13T08:12:58.041+0000] {logging_mixin.py:154} INFO - [2023-11-13T08:12:58.040+0000] {dag.py:3722} INFO - Setting next_dagrun for example_branch_operator to 2023-11-12T00:00:00+00:00, run_after=2023-11-13T00:00:00+00:00
[2023-11-13T08:12:58.097+0000] {processor.py:179} INFO - Processing /home/airflow/.local/lib/python3.8/site-packages/airflow/example_dags/example_branch_operator.py took 0.113 seconds
[2023-11-13T08:13:28.999+0000] {processor.py:157} INFO - Started process (PID=1962) to work on /home/airflow/.local/lib/python3.8/site-packages/airflow/example_dags/example_branch_operator.py
[2023-11-13T08:13:29.000+0000] {processor.py:829} INFO - Processing file /home/airflow/.local/lib/python3.8/site-packages/airflow/example_dags/example_branch_operator.py for tasks to queue
[2023-11-13T08:13:29.001+0000] {logging_mixin.py:154} INFO - [2023-11-13T08:13:29.001+0000] {dagbag.py:536} INFO - Filling up the DagBag from /home/airflow/.local/lib/python3.8/site-packages/airflow/example_dags/example_branch_operator.py
[2023-11-13T08:13:29.008+0000] {processor.py:839} INFO - DAG(s) dict_keys(['example_branch_operator']) retrieved from /home/airflow/.local/lib/python3.8/site-packages/airflow/example_dags/example_branch_operator.py
[2023-11-13T08:13:29.025+0000] {logging_mixin.py:154} INFO - [2023-11-13T08:13:29.025+0000] {dag.py:2941} INFO - Sync 1 DAGs
[2023-11-13T08:13:29.042+0000] {logging_mixin.py:154} INFO - [2023-11-13T08:13:29.042+0000] {dag.py:3722} INFO - Setting next_dagrun for example_branch_operator to 2023-11-12T00:00:00+00:00, run_after=2023-11-13T00:00:00+00:00
[2023-11-13T08:13:29.162+0000] {processor.py:179} INFO - Processing /home/airflow/.local/lib/python3.8/site-packages/airflow/example_dags/example_branch_operator.py took 0.165 seconds
[2023-11-13T08:13:59.342+0000] {processor.py:157} INFO - Started process (PID=2016) to work on /home/airflow/.local/lib/python3.8/site-packages/airflow/example_dags/example_branch_operator.py
[2023-11-13T08:13:59.343+0000] {processor.py:829} INFO - Processing file /home/airflow/.local/lib/python3.8/site-packages/airflow/example_dags/example_branch_operator.py for tasks to queue
[2023-11-13T08:13:59.345+0000] {logging_mixin.py:154} INFO - [2023-11-13T08:13:59.345+0000] {dagbag.py:536} INFO - Filling up the DagBag from /home/airflow/.local/lib/python3.8/site-packages/airflow/example_dags/example_branch_operator.py
[2023-11-13T08:13:59.353+0000] {processor.py:839} INFO - DAG(s) dict_keys(['example_branch_operator']) retrieved from /home/airflow/.local/lib/python3.8/site-packages/airflow/example_dags/example_branch_operator.py
[2023-11-13T08:13:59.373+0000] {logging_mixin.py:154} INFO - [2023-11-13T08:13:59.373+0000] {dag.py:2941} INFO - Sync 1 DAGs
[2023-11-13T08:13:59.390+0000] {logging_mixin.py:154} INFO - [2023-11-13T08:13:59.390+0000] {dag.py:3722} INFO - Setting next_dagrun for example_branch_operator to 2023-11-12T00:00:00+00:00, run_after=2023-11-13T00:00:00+00:00
[2023-11-13T08:13:59.415+0000] {processor.py:179} INFO - Processing /home/airflow/.local/lib/python3.8/site-packages/airflow/example_dags/example_branch_operator.py took 0.075 seconds
[2023-11-13T08:14:31.987+0000] {processor.py:157} INFO - Started process (PID=2070) to work on /home/airflow/.local/lib/python3.8/site-packages/airflow/example_dags/example_branch_operator.py
[2023-11-13T08:14:31.988+0000] {processor.py:829} INFO - Processing file /home/airflow/.local/lib/python3.8/site-packages/airflow/example_dags/example_branch_operator.py for tasks to queue
[2023-11-13T08:14:31.989+0000] {logging_mixin.py:154} INFO - [2023-11-13T08:14:31.989+0000] {dagbag.py:536} INFO - Filling up the DagBag from /home/airflow/.local/lib/python3.8/site-packages/airflow/example_dags/example_branch_operator.py
[2023-11-13T08:14:31.996+0000] {processor.py:839} INFO - DAG(s) dict_keys(['example_branch_operator']) retrieved from /home/airflow/.local/lib/python3.8/site-packages/airflow/example_dags/example_branch_operator.py
[2023-11-13T08:14:32.012+0000] {logging_mixin.py:154} INFO - [2023-11-13T08:14:32.012+0000] {dag.py:2941} INFO - Sync 1 DAGs
[2023-11-13T08:14:32.028+0000] {logging_mixin.py:154} INFO - [2023-11-13T08:14:32.028+0000] {dag.py:3722} INFO - Setting next_dagrun for example_branch_operator to 2023-11-12T00:00:00+00:00, run_after=2023-11-13T00:00:00+00:00
[2023-11-13T08:14:32.292+0000] {processor.py:179} INFO - Processing /home/airflow/.local/lib/python3.8/site-packages/airflow/example_dags/example_branch_operator.py took 0.307 seconds
[2023-11-13T08:15:03.274+0000] {processor.py:157} INFO - Started process (PID=2124) to work on /home/airflow/.local/lib/python3.8/site-packages/airflow/example_dags/example_branch_operator.py
[2023-11-13T08:15:03.275+0000] {processor.py:829} INFO - Processing file /home/airflow/.local/lib/python3.8/site-packages/airflow/example_dags/example_branch_operator.py for tasks to queue
[2023-11-13T08:15:03.277+0000] {logging_mixin.py:154} INFO - [2023-11-13T08:15:03.277+0000] {dagbag.py:536} INFO - Filling up the DagBag from /home/airflow/.local/lib/python3.8/site-packages/airflow/example_dags/example_branch_operator.py
[2023-11-13T08:15:03.283+0000] {processor.py:839} INFO - DAG(s) dict_keys(['example_branch_operator']) retrieved from /home/airflow/.local/lib/python3.8/site-packages/airflow/example_dags/example_branch_operator.py
[2023-11-13T08:15:03.300+0000] {logging_mixin.py:154} INFO - [2023-11-13T08:15:03.299+0000] {dag.py:2941} INFO - Sync 1 DAGs
[2023-11-13T08:15:03.315+0000] {logging_mixin.py:154} INFO - [2023-11-13T08:15:03.315+0000] {dag.py:3722} INFO - Setting next_dagrun for example_branch_operator to 2023-11-12T00:00:00+00:00, run_after=2023-11-13T00:00:00+00:00
[2023-11-13T08:15:03.347+0000] {processor.py:179} INFO - Processing /home/airflow/.local/lib/python3.8/site-packages/airflow/example_dags/example_branch_operator.py took 0.075 seconds
[2023-11-13T08:15:34.463+0000] {processor.py:157} INFO - Started process (PID=2178) to work on /home/airflow/.local/lib/python3.8/site-packages/airflow/example_dags/example_branch_operator.py
[2023-11-13T08:15:34.590+0000] {processor.py:829} INFO - Processing file /home/airflow/.local/lib/python3.8/site-packages/airflow/example_dags/example_branch_operator.py for tasks to queue
[2023-11-13T08:15:34.597+0000] {logging_mixin.py:154} INFO - [2023-11-13T08:15:34.596+0000] {dagbag.py:536} INFO - Filling up the DagBag from /home/airflow/.local/lib/python3.8/site-packages/airflow/example_dags/example_branch_operator.py
[2023-11-13T08:15:34.605+0000] {processor.py:839} INFO - DAG(s) dict_keys(['example_branch_operator']) retrieved from /home/airflow/.local/lib/python3.8/site-packages/airflow/example_dags/example_branch_operator.py
[2023-11-13T08:15:34.621+0000] {logging_mixin.py:154} INFO - [2023-11-13T08:15:34.621+0000] {dag.py:2941} INFO - Sync 1 DAGs
[2023-11-13T08:15:34.637+0000] {logging_mixin.py:154} INFO - [2023-11-13T08:15:34.637+0000] {dag.py:3722} INFO - Setting next_dagrun for example_branch_operator to 2023-11-12T00:00:00+00:00, run_after=2023-11-13T00:00:00+00:00
[2023-11-13T08:15:34.743+0000] {processor.py:179} INFO - Processing /home/airflow/.local/lib/python3.8/site-packages/airflow/example_dags/example_branch_operator.py took 0.283 seconds
[2023-11-13T08:16:04.833+0000] {processor.py:157} INFO - Started process (PID=2232) to work on /home/airflow/.local/lib/python3.8/site-packages/airflow/example_dags/example_branch_operator.py
[2023-11-13T08:16:04.833+0000] {processor.py:829} INFO - Processing file /home/airflow/.local/lib/python3.8/site-packages/airflow/example_dags/example_branch_operator.py for tasks to queue
[2023-11-13T08:16:04.835+0000] {logging_mixin.py:154} INFO - [2023-11-13T08:16:04.835+0000] {dagbag.py:536} INFO - Filling up the DagBag from /home/airflow/.local/lib/python3.8/site-packages/airflow/example_dags/example_branch_operator.py
[2023-11-13T08:16:04.841+0000] {processor.py:839} INFO - DAG(s) dict_keys(['example_branch_operator']) retrieved from /home/airflow/.local/lib/python3.8/site-packages/airflow/example_dags/example_branch_operator.py
[2023-11-13T08:16:04.858+0000] {logging_mixin.py:154} INFO - [2023-11-13T08:16:04.858+0000] {dag.py:2941} INFO - Sync 1 DAGs
[2023-11-13T08:16:04.874+0000] {logging_mixin.py:154} INFO - [2023-11-13T08:16:04.874+0000] {dag.py:3722} INFO - Setting next_dagrun for example_branch_operator to 2023-11-12T00:00:00+00:00, run_after=2023-11-13T00:00:00+00:00
[2023-11-13T08:16:04.917+0000] {processor.py:179} INFO - Processing /home/airflow/.local/lib/python3.8/site-packages/airflow/example_dags/example_branch_operator.py took 0.087 seconds
[2023-11-13T08:16:37.208+0000] {processor.py:157} INFO - Started process (PID=2286) to work on /home/airflow/.local/lib/python3.8/site-packages/airflow/example_dags/example_branch_operator.py
[2023-11-13T08:16:37.228+0000] {processor.py:829} INFO - Processing file /home/airflow/.local/lib/python3.8/site-packages/airflow/example_dags/example_branch_operator.py for tasks to queue
[2023-11-13T08:16:37.231+0000] {logging_mixin.py:154} INFO - [2023-11-13T08:16:37.231+0000] {dagbag.py:536} INFO - Filling up the DagBag from /home/airflow/.local/lib/python3.8/site-packages/airflow/example_dags/example_branch_operator.py
[2023-11-13T08:16:37.241+0000] {processor.py:839} INFO - DAG(s) dict_keys(['example_branch_operator']) retrieved from /home/airflow/.local/lib/python3.8/site-packages/airflow/example_dags/example_branch_operator.py
[2023-11-13T08:16:37.264+0000] {logging_mixin.py:154} INFO - [2023-11-13T08:16:37.264+0000] {dag.py:2941} INFO - Sync 1 DAGs
[2023-11-13T08:16:37.282+0000] {logging_mixin.py:154} INFO - [2023-11-13T08:16:37.281+0000] {dag.py:3722} INFO - Setting next_dagrun for example_branch_operator to 2023-11-12T00:00:00+00:00, run_after=2023-11-13T00:00:00+00:00
[2023-11-13T08:16:37.315+0000] {processor.py:179} INFO - Processing /home/airflow/.local/lib/python3.8/site-packages/airflow/example_dags/example_branch_operator.py took 0.111 seconds
[2023-11-13T08:17:07.607+0000] {processor.py:157} INFO - Started process (PID=2340) to work on /home/airflow/.local/lib/python3.8/site-packages/airflow/example_dags/example_branch_operator.py
[2023-11-13T08:17:07.608+0000] {processor.py:829} INFO - Processing file /home/airflow/.local/lib/python3.8/site-packages/airflow/example_dags/example_branch_operator.py for tasks to queue
[2023-11-13T08:17:07.609+0000] {logging_mixin.py:154} INFO - [2023-11-13T08:17:07.609+0000] {dagbag.py:536} INFO - Filling up the DagBag from /home/airflow/.local/lib/python3.8/site-packages/airflow/example_dags/example_branch_operator.py
[2023-11-13T08:17:07.615+0000] {processor.py:839} INFO - DAG(s) dict_keys(['example_branch_operator']) retrieved from /home/airflow/.local/lib/python3.8/site-packages/airflow/example_dags/example_branch_operator.py
[2023-11-13T08:17:07.631+0000] {logging_mixin.py:154} INFO - [2023-11-13T08:17:07.631+0000] {dag.py:2941} INFO - Sync 1 DAGs
[2023-11-13T08:17:07.647+0000] {logging_mixin.py:154} INFO - [2023-11-13T08:17:07.646+0000] {dag.py:3722} INFO - Setting next_dagrun for example_branch_operator to 2023-11-12T00:00:00+00:00, run_after=2023-11-13T00:00:00+00:00
[2023-11-13T08:17:07.916+0000] {processor.py:179} INFO - Processing /home/airflow/.local/lib/python3.8/site-packages/airflow/example_dags/example_branch_operator.py took 0.311 seconds
[2023-11-13T08:17:39.538+0000] {processor.py:157} INFO - Started process (PID=2394) to work on /home/airflow/.local/lib/python3.8/site-packages/airflow/example_dags/example_branch_operator.py
[2023-11-13T08:17:39.554+0000] {processor.py:829} INFO - Processing file /home/airflow/.local/lib/python3.8/site-packages/airflow/example_dags/example_branch_operator.py for tasks to queue
[2023-11-13T08:17:39.561+0000] {logging_mixin.py:154} INFO - [2023-11-13T08:17:39.560+0000] {dagbag.py:536} INFO - Filling up the DagBag from /home/airflow/.local/lib/python3.8/site-packages/airflow/example_dags/example_branch_operator.py
[2023-11-13T08:17:39.589+0000] {processor.py:839} INFO - DAG(s) dict_keys(['example_branch_operator']) retrieved from /home/airflow/.local/lib/python3.8/site-packages/airflow/example_dags/example_branch_operator.py
[2023-11-13T08:17:39.617+0000] {logging_mixin.py:154} INFO - [2023-11-13T08:17:39.617+0000] {dag.py:2941} INFO - Sync 1 DAGs
[2023-11-13T08:17:39.641+0000] {logging_mixin.py:154} INFO - [2023-11-13T08:17:39.641+0000] {dag.py:3722} INFO - Setting next_dagrun for example_branch_operator to 2023-11-12T00:00:00+00:00, run_after=2023-11-13T00:00:00+00:00
[2023-11-13T08:17:39.666+0000] {processor.py:179} INFO - Processing /home/airflow/.local/lib/python3.8/site-packages/airflow/example_dags/example_branch_operator.py took 0.132 seconds
[2023-11-13T08:18:10.947+0000] {processor.py:157} INFO - Started process (PID=2448) to work on /home/airflow/.local/lib/python3.8/site-packages/airflow/example_dags/example_branch_operator.py
[2023-11-13T08:18:10.947+0000] {processor.py:829} INFO - Processing file /home/airflow/.local/lib/python3.8/site-packages/airflow/example_dags/example_branch_operator.py for tasks to queue
[2023-11-13T08:18:10.949+0000] {logging_mixin.py:154} INFO - [2023-11-13T08:18:10.949+0000] {dagbag.py:536} INFO - Filling up the DagBag from /home/airflow/.local/lib/python3.8/site-packages/airflow/example_dags/example_branch_operator.py
[2023-11-13T08:18:10.958+0000] {processor.py:839} INFO - DAG(s) dict_keys(['example_branch_operator']) retrieved from /home/airflow/.local/lib/python3.8/site-packages/airflow/example_dags/example_branch_operator.py
[2023-11-13T08:18:10.976+0000] {logging_mixin.py:154} INFO - [2023-11-13T08:18:10.976+0000] {dag.py:2941} INFO - Sync 1 DAGs
[2023-11-13T08:18:10.991+0000] {logging_mixin.py:154} INFO - [2023-11-13T08:18:10.991+0000] {dag.py:3722} INFO - Setting next_dagrun for example_branch_operator to 2023-11-12T00:00:00+00:00, run_after=2023-11-13T00:00:00+00:00
[2023-11-13T08:18:11.051+0000] {processor.py:179} INFO - Processing /home/airflow/.local/lib/python3.8/site-packages/airflow/example_dags/example_branch_operator.py took 0.107 seconds
[2023-11-13T08:18:42.700+0000] {processor.py:157} INFO - Started process (PID=2502) to work on /home/airflow/.local/lib/python3.8/site-packages/airflow/example_dags/example_branch_operator.py
[2023-11-13T08:18:42.700+0000] {processor.py:829} INFO - Processing file /home/airflow/.local/lib/python3.8/site-packages/airflow/example_dags/example_branch_operator.py for tasks to queue
[2023-11-13T08:18:42.702+0000] {logging_mixin.py:154} INFO - [2023-11-13T08:18:42.702+0000] {dagbag.py:536} INFO - Filling up the DagBag from /home/airflow/.local/lib/python3.8/site-packages/airflow/example_dags/example_branch_operator.py
[2023-11-13T08:18:42.708+0000] {processor.py:839} INFO - DAG(s) dict_keys(['example_branch_operator']) retrieved from /home/airflow/.local/lib/python3.8/site-packages/airflow/example_dags/example_branch_operator.py
[2023-11-13T08:18:42.725+0000] {logging_mixin.py:154} INFO - [2023-11-13T08:18:42.725+0000] {dag.py:2941} INFO - Sync 1 DAGs
[2023-11-13T08:18:42.741+0000] {logging_mixin.py:154} INFO - [2023-11-13T08:18:42.741+0000] {dag.py:3722} INFO - Setting next_dagrun for example_branch_operator to 2023-11-12T00:00:00+00:00, run_after=2023-11-13T00:00:00+00:00
[2023-11-13T08:18:42.767+0000] {processor.py:179} INFO - Processing /home/airflow/.local/lib/python3.8/site-packages/airflow/example_dags/example_branch_operator.py took 0.069 seconds
[2023-11-13T08:19:13.524+0000] {processor.py:157} INFO - Started process (PID=2556) to work on /home/airflow/.local/lib/python3.8/site-packages/airflow/example_dags/example_branch_operator.py
[2023-11-13T08:19:13.524+0000] {processor.py:829} INFO - Processing file /home/airflow/.local/lib/python3.8/site-packages/airflow/example_dags/example_branch_operator.py for tasks to queue
[2023-11-13T08:19:13.526+0000] {logging_mixin.py:154} INFO - [2023-11-13T08:19:13.525+0000] {dagbag.py:536} INFO - Filling up the DagBag from /home/airflow/.local/lib/python3.8/site-packages/airflow/example_dags/example_branch_operator.py
[2023-11-13T08:19:13.532+0000] {processor.py:839} INFO - DAG(s) dict_keys(['example_branch_operator']) retrieved from /home/airflow/.local/lib/python3.8/site-packages/airflow/example_dags/example_branch_operator.py
[2023-11-13T08:19:13.548+0000] {logging_mixin.py:154} INFO - [2023-11-13T08:19:13.548+0000] {dag.py:2941} INFO - Sync 1 DAGs
[2023-11-13T08:19:13.565+0000] {logging_mixin.py:154} INFO - [2023-11-13T08:19:13.565+0000] {dag.py:3722} INFO - Setting next_dagrun for example_branch_operator to 2023-11-12T00:00:00+00:00, run_after=2023-11-13T00:00:00+00:00
[2023-11-13T08:19:13.595+0000] {processor.py:179} INFO - Processing /home/airflow/.local/lib/python3.8/site-packages/airflow/example_dags/example_branch_operator.py took 0.074 seconds
[2023-11-13T08:19:43.716+0000] {processor.py:157} INFO - Started process (PID=2610) to work on /home/airflow/.local/lib/python3.8/site-packages/airflow/example_dags/example_branch_operator.py
[2023-11-13T08:19:43.728+0000] {processor.py:829} INFO - Processing file /home/airflow/.local/lib/python3.8/site-packages/airflow/example_dags/example_branch_operator.py for tasks to queue
[2023-11-13T08:19:43.729+0000] {logging_mixin.py:154} INFO - [2023-11-13T08:19:43.729+0000] {dagbag.py:536} INFO - Filling up the DagBag from /home/airflow/.local/lib/python3.8/site-packages/airflow/example_dags/example_branch_operator.py
[2023-11-13T08:19:43.736+0000] {processor.py:839} INFO - DAG(s) dict_keys(['example_branch_operator']) retrieved from /home/airflow/.local/lib/python3.8/site-packages/airflow/example_dags/example_branch_operator.py
[2023-11-13T08:19:43.754+0000] {logging_mixin.py:154} INFO - [2023-11-13T08:19:43.753+0000] {dag.py:2941} INFO - Sync 1 DAGs
[2023-11-13T08:19:43.770+0000] {logging_mixin.py:154} INFO - [2023-11-13T08:19:43.770+0000] {dag.py:3722} INFO - Setting next_dagrun for example_branch_operator to 2023-11-12T00:00:00+00:00, run_after=2023-11-13T00:00:00+00:00
[2023-11-13T08:19:43.799+0000] {processor.py:179} INFO - Processing /home/airflow/.local/lib/python3.8/site-packages/airflow/example_dags/example_branch_operator.py took 0.085 seconds
[2023-11-13T08:20:14.418+0000] {processor.py:157} INFO - Started process (PID=2664) to work on /home/airflow/.local/lib/python3.8/site-packages/airflow/example_dags/example_branch_operator.py
[2023-11-13T08:20:14.419+0000] {processor.py:829} INFO - Processing file /home/airflow/.local/lib/python3.8/site-packages/airflow/example_dags/example_branch_operator.py for tasks to queue
[2023-11-13T08:20:14.422+0000] {logging_mixin.py:154} INFO - [2023-11-13T08:20:14.422+0000] {dagbag.py:536} INFO - Filling up the DagBag from /home/airflow/.local/lib/python3.8/site-packages/airflow/example_dags/example_branch_operator.py
[2023-11-13T08:20:14.434+0000] {processor.py:839} INFO - DAG(s) dict_keys(['example_branch_operator']) retrieved from /home/airflow/.local/lib/python3.8/site-packages/airflow/example_dags/example_branch_operator.py
[2023-11-13T08:20:14.452+0000] {logging_mixin.py:154} INFO - [2023-11-13T08:20:14.452+0000] {dag.py:2941} INFO - Sync 1 DAGs
[2023-11-13T08:20:14.469+0000] {logging_mixin.py:154} INFO - [2023-11-13T08:20:14.469+0000] {dag.py:3722} INFO - Setting next_dagrun for example_branch_operator to 2023-11-12T00:00:00+00:00, run_after=2023-11-13T00:00:00+00:00
[2023-11-13T08:20:14.662+0000] {processor.py:179} INFO - Processing /home/airflow/.local/lib/python3.8/site-packages/airflow/example_dags/example_branch_operator.py took 0.250 seconds
[2023-11-13T08:20:46.250+0000] {processor.py:157} INFO - Started process (PID=2718) to work on /home/airflow/.local/lib/python3.8/site-packages/airflow/example_dags/example_branch_operator.py
[2023-11-13T08:20:46.264+0000] {processor.py:829} INFO - Processing file /home/airflow/.local/lib/python3.8/site-packages/airflow/example_dags/example_branch_operator.py for tasks to queue
[2023-11-13T08:20:46.266+0000] {logging_mixin.py:154} INFO - [2023-11-13T08:20:46.266+0000] {dagbag.py:536} INFO - Filling up the DagBag from /home/airflow/.local/lib/python3.8/site-packages/airflow/example_dags/example_branch_operator.py
[2023-11-13T08:20:46.275+0000] {processor.py:839} INFO - DAG(s) dict_keys(['example_branch_operator']) retrieved from /home/airflow/.local/lib/python3.8/site-packages/airflow/example_dags/example_branch_operator.py
[2023-11-13T08:20:46.293+0000] {logging_mixin.py:154} INFO - [2023-11-13T08:20:46.293+0000] {dag.py:2941} INFO - Sync 1 DAGs
[2023-11-13T08:20:46.309+0000] {logging_mixin.py:154} INFO - [2023-11-13T08:20:46.309+0000] {dag.py:3722} INFO - Setting next_dagrun for example_branch_operator to 2023-11-12T00:00:00+00:00, run_after=2023-11-13T00:00:00+00:00
[2023-11-13T08:20:46.355+0000] {processor.py:179} INFO - Processing /home/airflow/.local/lib/python3.8/site-packages/airflow/example_dags/example_branch_operator.py took 0.110 seconds
[2023-11-13T08:21:18.074+0000] {processor.py:157} INFO - Started process (PID=2772) to work on /home/airflow/.local/lib/python3.8/site-packages/airflow/example_dags/example_branch_operator.py
[2023-11-13T08:21:18.083+0000] {processor.py:829} INFO - Processing file /home/airflow/.local/lib/python3.8/site-packages/airflow/example_dags/example_branch_operator.py for tasks to queue
[2023-11-13T08:21:18.085+0000] {logging_mixin.py:154} INFO - [2023-11-13T08:21:18.085+0000] {dagbag.py:536} INFO - Filling up the DagBag from /home/airflow/.local/lib/python3.8/site-packages/airflow/example_dags/example_branch_operator.py
[2023-11-13T08:21:18.091+0000] {processor.py:839} INFO - DAG(s) dict_keys(['example_branch_operator']) retrieved from /home/airflow/.local/lib/python3.8/site-packages/airflow/example_dags/example_branch_operator.py
[2023-11-13T08:21:18.107+0000] {logging_mixin.py:154} INFO - [2023-11-13T08:21:18.107+0000] {dag.py:2941} INFO - Sync 1 DAGs
[2023-11-13T08:21:18.123+0000] {logging_mixin.py:154} INFO - [2023-11-13T08:21:18.122+0000] {dag.py:3722} INFO - Setting next_dagrun for example_branch_operator to 2023-11-12T00:00:00+00:00, run_after=2023-11-13T00:00:00+00:00
[2023-11-13T08:21:18.179+0000] {processor.py:179} INFO - Processing /home/airflow/.local/lib/python3.8/site-packages/airflow/example_dags/example_branch_operator.py took 0.108 seconds
[2023-11-13T08:21:49.582+0000] {processor.py:157} INFO - Started process (PID=2826) to work on /home/airflow/.local/lib/python3.8/site-packages/airflow/example_dags/example_branch_operator.py
[2023-11-13T08:21:49.583+0000] {processor.py:829} INFO - Processing file /home/airflow/.local/lib/python3.8/site-packages/airflow/example_dags/example_branch_operator.py for tasks to queue
[2023-11-13T08:21:49.585+0000] {logging_mixin.py:154} INFO - [2023-11-13T08:21:49.585+0000] {dagbag.py:536} INFO - Filling up the DagBag from /home/airflow/.local/lib/python3.8/site-packages/airflow/example_dags/example_branch_operator.py
[2023-11-13T08:21:49.597+0000] {processor.py:839} INFO - DAG(s) dict_keys(['example_branch_operator']) retrieved from /home/airflow/.local/lib/python3.8/site-packages/airflow/example_dags/example_branch_operator.py
[2023-11-13T08:21:49.617+0000] {logging_mixin.py:154} INFO - [2023-11-13T08:21:49.617+0000] {dag.py:2941} INFO - Sync 1 DAGs
[2023-11-13T08:21:49.633+0000] {logging_mixin.py:154} INFO - [2023-11-13T08:21:49.633+0000] {dag.py:3722} INFO - Setting next_dagrun for example_branch_operator to 2023-11-12T00:00:00+00:00, run_after=2023-11-13T00:00:00+00:00
[2023-11-13T08:21:49.755+0000] {processor.py:179} INFO - Processing /home/airflow/.local/lib/python3.8/site-packages/airflow/example_dags/example_branch_operator.py took 0.176 seconds
[2023-11-13T08:22:22.149+0000] {processor.py:157} INFO - Started process (PID=2887) to work on /home/airflow/.local/lib/python3.8/site-packages/airflow/example_dags/example_branch_operator.py
[2023-11-13T08:22:22.162+0000] {processor.py:829} INFO - Processing file /home/airflow/.local/lib/python3.8/site-packages/airflow/example_dags/example_branch_operator.py for tasks to queue
[2023-11-13T08:22:22.164+0000] {logging_mixin.py:154} INFO - [2023-11-13T08:22:22.163+0000] {dagbag.py:536} INFO - Filling up the DagBag from /home/airflow/.local/lib/python3.8/site-packages/airflow/example_dags/example_branch_operator.py
[2023-11-13T08:22:22.171+0000] {processor.py:839} INFO - DAG(s) dict_keys(['example_branch_operator']) retrieved from /home/airflow/.local/lib/python3.8/site-packages/airflow/example_dags/example_branch_operator.py
[2023-11-13T08:22:22.188+0000] {logging_mixin.py:154} INFO - [2023-11-13T08:22:22.188+0000] {dag.py:2941} INFO - Sync 1 DAGs
[2023-11-13T08:22:22.205+0000] {logging_mixin.py:154} INFO - [2023-11-13T08:22:22.204+0000] {dag.py:3722} INFO - Setting next_dagrun for example_branch_operator to 2023-11-12T00:00:00+00:00, run_after=2023-11-13T00:00:00+00:00
[2023-11-13T08:22:22.239+0000] {processor.py:179} INFO - Processing /home/airflow/.local/lib/python3.8/site-packages/airflow/example_dags/example_branch_operator.py took 0.091 seconds
[2023-11-13T08:22:53.456+0000] {processor.py:157} INFO - Started process (PID=2941) to work on /home/airflow/.local/lib/python3.8/site-packages/airflow/example_dags/example_branch_operator.py
[2023-11-13T08:22:53.456+0000] {processor.py:829} INFO - Processing file /home/airflow/.local/lib/python3.8/site-packages/airflow/example_dags/example_branch_operator.py for tasks to queue
[2023-11-13T08:22:53.458+0000] {logging_mixin.py:154} INFO - [2023-11-13T08:22:53.458+0000] {dagbag.py:536} INFO - Filling up the DagBag from /home/airflow/.local/lib/python3.8/site-packages/airflow/example_dags/example_branch_operator.py
[2023-11-13T08:22:53.464+0000] {processor.py:839} INFO - DAG(s) dict_keys(['example_branch_operator']) retrieved from /home/airflow/.local/lib/python3.8/site-packages/airflow/example_dags/example_branch_operator.py
[2023-11-13T08:22:53.481+0000] {logging_mixin.py:154} INFO - [2023-11-13T08:22:53.481+0000] {dag.py:2941} INFO - Sync 1 DAGs
[2023-11-13T08:22:53.500+0000] {logging_mixin.py:154} INFO - [2023-11-13T08:22:53.500+0000] {dag.py:3722} INFO - Setting next_dagrun for example_branch_operator to 2023-11-12T00:00:00+00:00, run_after=2023-11-13T00:00:00+00:00
[2023-11-13T08:22:53.616+0000] {processor.py:179} INFO - Processing /home/airflow/.local/lib/python3.8/site-packages/airflow/example_dags/example_branch_operator.py took 0.163 seconds
[2023-11-13T08:23:25.502+0000] {processor.py:157} INFO - Started process (PID=2995) to work on /home/airflow/.local/lib/python3.8/site-packages/airflow/example_dags/example_branch_operator.py
[2023-11-13T08:23:25.517+0000] {processor.py:829} INFO - Processing file /home/airflow/.local/lib/python3.8/site-packages/airflow/example_dags/example_branch_operator.py for tasks to queue
[2023-11-13T08:23:25.519+0000] {logging_mixin.py:154} INFO - [2023-11-13T08:23:25.519+0000] {dagbag.py:536} INFO - Filling up the DagBag from /home/airflow/.local/lib/python3.8/site-packages/airflow/example_dags/example_branch_operator.py
[2023-11-13T08:23:25.525+0000] {processor.py:839} INFO - DAG(s) dict_keys(['example_branch_operator']) retrieved from /home/airflow/.local/lib/python3.8/site-packages/airflow/example_dags/example_branch_operator.py
[2023-11-13T08:23:25.542+0000] {logging_mixin.py:154} INFO - [2023-11-13T08:23:25.542+0000] {dag.py:2941} INFO - Sync 1 DAGs
[2023-11-13T08:23:25.559+0000] {logging_mixin.py:154} INFO - [2023-11-13T08:23:25.559+0000] {dag.py:3722} INFO - Setting next_dagrun for example_branch_operator to 2023-11-12T00:00:00+00:00, run_after=2023-11-13T00:00:00+00:00
[2023-11-13T08:23:25.591+0000] {processor.py:179} INFO - Processing /home/airflow/.local/lib/python3.8/site-packages/airflow/example_dags/example_branch_operator.py took 0.092 seconds
[2023-11-13T08:23:56.275+0000] {processor.py:157} INFO - Started process (PID=3049) to work on /home/airflow/.local/lib/python3.8/site-packages/airflow/example_dags/example_branch_operator.py
[2023-11-13T08:23:56.276+0000] {processor.py:829} INFO - Processing file /home/airflow/.local/lib/python3.8/site-packages/airflow/example_dags/example_branch_operator.py for tasks to queue
[2023-11-13T08:23:56.277+0000] {logging_mixin.py:154} INFO - [2023-11-13T08:23:56.277+0000] {dagbag.py:536} INFO - Filling up the DagBag from /home/airflow/.local/lib/python3.8/site-packages/airflow/example_dags/example_branch_operator.py
[2023-11-13T08:23:56.284+0000] {processor.py:839} INFO - DAG(s) dict_keys(['example_branch_operator']) retrieved from /home/airflow/.local/lib/python3.8/site-packages/airflow/example_dags/example_branch_operator.py
[2023-11-13T08:23:56.302+0000] {logging_mixin.py:154} INFO - [2023-11-13T08:23:56.302+0000] {dag.py:2941} INFO - Sync 1 DAGs
[2023-11-13T08:23:56.319+0000] {logging_mixin.py:154} INFO - [2023-11-13T08:23:56.319+0000] {dag.py:3722} INFO - Setting next_dagrun for example_branch_operator to 2023-11-12T00:00:00+00:00, run_after=2023-11-13T00:00:00+00:00
[2023-11-13T08:23:56.365+0000] {processor.py:179} INFO - Processing /home/airflow/.local/lib/python3.8/site-packages/airflow/example_dags/example_branch_operator.py took 0.093 seconds
[2023-11-13T08:24:26.600+0000] {processor.py:157} INFO - Started process (PID=3103) to work on /home/airflow/.local/lib/python3.8/site-packages/airflow/example_dags/example_branch_operator.py
[2023-11-13T08:24:26.877+0000] {processor.py:829} INFO - Processing file /home/airflow/.local/lib/python3.8/site-packages/airflow/example_dags/example_branch_operator.py for tasks to queue
[2023-11-13T08:24:26.884+0000] {logging_mixin.py:154} INFO - [2023-11-13T08:24:26.883+0000] {dagbag.py:536} INFO - Filling up the DagBag from /home/airflow/.local/lib/python3.8/site-packages/airflow/example_dags/example_branch_operator.py
[2023-11-13T08:24:26.913+0000] {processor.py:839} INFO - DAG(s) dict_keys(['example_branch_operator']) retrieved from /home/airflow/.local/lib/python3.8/site-packages/airflow/example_dags/example_branch_operator.py
[2023-11-13T08:24:26.939+0000] {logging_mixin.py:154} INFO - [2023-11-13T08:24:26.939+0000] {dag.py:2941} INFO - Sync 1 DAGs
[2023-11-13T08:24:26.955+0000] {logging_mixin.py:154} INFO - [2023-11-13T08:24:26.955+0000] {dag.py:3722} INFO - Setting next_dagrun for example_branch_operator to 2023-11-12T00:00:00+00:00, run_after=2023-11-13T00:00:00+00:00
[2023-11-13T08:24:27.797+0000] {processor.py:179} INFO - Processing /home/airflow/.local/lib/python3.8/site-packages/airflow/example_dags/example_branch_operator.py took 1.200 seconds
[2023-11-13T08:24:58.057+0000] {processor.py:157} INFO - Started process (PID=3157) to work on /home/airflow/.local/lib/python3.8/site-packages/airflow/example_dags/example_branch_operator.py
[2023-11-13T08:24:58.058+0000] {processor.py:829} INFO - Processing file /home/airflow/.local/lib/python3.8/site-packages/airflow/example_dags/example_branch_operator.py for tasks to queue
[2023-11-13T08:24:58.059+0000] {logging_mixin.py:154} INFO - [2023-11-13T08:24:58.059+0000] {dagbag.py:536} INFO - Filling up the DagBag from /home/airflow/.local/lib/python3.8/site-packages/airflow/example_dags/example_branch_operator.py
[2023-11-13T08:24:58.066+0000] {processor.py:839} INFO - DAG(s) dict_keys(['example_branch_operator']) retrieved from /home/airflow/.local/lib/python3.8/site-packages/airflow/example_dags/example_branch_operator.py
[2023-11-13T08:24:58.086+0000] {logging_mixin.py:154} INFO - [2023-11-13T08:24:58.085+0000] {dag.py:2941} INFO - Sync 1 DAGs
[2023-11-13T08:24:58.105+0000] {logging_mixin.py:154} INFO - [2023-11-13T08:24:58.105+0000] {dag.py:3722} INFO - Setting next_dagrun for example_branch_operator to 2023-11-12T00:00:00+00:00, run_after=2023-11-13T00:00:00+00:00
[2023-11-13T08:24:58.138+0000] {processor.py:179} INFO - Processing /home/airflow/.local/lib/python3.8/site-packages/airflow/example_dags/example_branch_operator.py took 0.084 seconds
[2023-11-13T08:25:28.808+0000] {processor.py:157} INFO - Started process (PID=3211) to work on /home/airflow/.local/lib/python3.8/site-packages/airflow/example_dags/example_branch_operator.py
[2023-11-13T08:25:28.819+0000] {processor.py:829} INFO - Processing file /home/airflow/.local/lib/python3.8/site-packages/airflow/example_dags/example_branch_operator.py for tasks to queue
[2023-11-13T08:25:28.821+0000] {logging_mixin.py:154} INFO - [2023-11-13T08:25:28.820+0000] {dagbag.py:536} INFO - Filling up the DagBag from /home/airflow/.local/lib/python3.8/site-packages/airflow/example_dags/example_branch_operator.py
[2023-11-13T08:25:28.828+0000] {processor.py:839} INFO - DAG(s) dict_keys(['example_branch_operator']) retrieved from /home/airflow/.local/lib/python3.8/site-packages/airflow/example_dags/example_branch_operator.py
[2023-11-13T08:25:28.843+0000] {logging_mixin.py:154} INFO - [2023-11-13T08:25:28.843+0000] {dag.py:2941} INFO - Sync 1 DAGs
[2023-11-13T08:25:28.859+0000] {logging_mixin.py:154} INFO - [2023-11-13T08:25:28.859+0000] {dag.py:3722} INFO - Setting next_dagrun for example_branch_operator to 2023-11-12T00:00:00+00:00, run_after=2023-11-13T00:00:00+00:00
[2023-11-13T08:25:28.899+0000] {processor.py:179} INFO - Processing /home/airflow/.local/lib/python3.8/site-packages/airflow/example_dags/example_branch_operator.py took 0.093 seconds
[2023-11-13T08:25:58.933+0000] {processor.py:157} INFO - Started process (PID=3265) to work on /home/airflow/.local/lib/python3.8/site-packages/airflow/example_dags/example_branch_operator.py
[2023-11-13T08:25:58.934+0000] {processor.py:829} INFO - Processing file /home/airflow/.local/lib/python3.8/site-packages/airflow/example_dags/example_branch_operator.py for tasks to queue
[2023-11-13T08:25:58.935+0000] {logging_mixin.py:154} INFO - [2023-11-13T08:25:58.935+0000] {dagbag.py:536} INFO - Filling up the DagBag from /home/airflow/.local/lib/python3.8/site-packages/airflow/example_dags/example_branch_operator.py
[2023-11-13T08:25:58.943+0000] {processor.py:839} INFO - DAG(s) dict_keys(['example_branch_operator']) retrieved from /home/airflow/.local/lib/python3.8/site-packages/airflow/example_dags/example_branch_operator.py
[2023-11-13T08:25:58.960+0000] {logging_mixin.py:154} INFO - [2023-11-13T08:25:58.960+0000] {dag.py:2941} INFO - Sync 1 DAGs
[2023-11-13T08:25:58.978+0000] {logging_mixin.py:154} INFO - [2023-11-13T08:25:58.978+0000] {dag.py:3722} INFO - Setting next_dagrun for example_branch_operator to 2023-11-12T00:00:00+00:00, run_after=2023-11-13T00:00:00+00:00
[2023-11-13T08:25:59.678+0000] {processor.py:179} INFO - Processing /home/airflow/.local/lib/python3.8/site-packages/airflow/example_dags/example_branch_operator.py took 0.748 seconds
[2023-11-13T08:26:31.280+0000] {processor.py:157} INFO - Started process (PID=3319) to work on /home/airflow/.local/lib/python3.8/site-packages/airflow/example_dags/example_branch_operator.py
[2023-11-13T08:26:31.305+0000] {processor.py:829} INFO - Processing file /home/airflow/.local/lib/python3.8/site-packages/airflow/example_dags/example_branch_operator.py for tasks to queue
[2023-11-13T08:26:31.307+0000] {logging_mixin.py:154} INFO - [2023-11-13T08:26:31.307+0000] {dagbag.py:536} INFO - Filling up the DagBag from /home/airflow/.local/lib/python3.8/site-packages/airflow/example_dags/example_branch_operator.py
[2023-11-13T08:26:31.314+0000] {processor.py:839} INFO - DAG(s) dict_keys(['example_branch_operator']) retrieved from /home/airflow/.local/lib/python3.8/site-packages/airflow/example_dags/example_branch_operator.py
[2023-11-13T08:26:31.331+0000] {logging_mixin.py:154} INFO - [2023-11-13T08:26:31.331+0000] {dag.py:2941} INFO - Sync 1 DAGs
[2023-11-13T08:26:31.348+0000] {logging_mixin.py:154} INFO - [2023-11-13T08:26:31.348+0000] {dag.py:3722} INFO - Setting next_dagrun for example_branch_operator to 2023-11-12T00:00:00+00:00, run_after=2023-11-13T00:00:00+00:00
[2023-11-13T08:26:31.374+0000] {processor.py:179} INFO - Processing /home/airflow/.local/lib/python3.8/site-packages/airflow/example_dags/example_branch_operator.py took 0.098 seconds
[2023-11-13T08:27:01.417+0000] {processor.py:157} INFO - Started process (PID=3373) to work on /home/airflow/.local/lib/python3.8/site-packages/airflow/example_dags/example_branch_operator.py
[2023-11-13T08:27:01.418+0000] {processor.py:829} INFO - Processing file /home/airflow/.local/lib/python3.8/site-packages/airflow/example_dags/example_branch_operator.py for tasks to queue
[2023-11-13T08:27:01.419+0000] {logging_mixin.py:154} INFO - [2023-11-13T08:27:01.419+0000] {dagbag.py:536} INFO - Filling up the DagBag from /home/airflow/.local/lib/python3.8/site-packages/airflow/example_dags/example_branch_operator.py
[2023-11-13T08:27:01.426+0000] {processor.py:839} INFO - DAG(s) dict_keys(['example_branch_operator']) retrieved from /home/airflow/.local/lib/python3.8/site-packages/airflow/example_dags/example_branch_operator.py
[2023-11-13T08:27:01.444+0000] {logging_mixin.py:154} INFO - [2023-11-13T08:27:01.444+0000] {dag.py:2941} INFO - Sync 1 DAGs
[2023-11-13T08:27:01.461+0000] {logging_mixin.py:154} INFO - [2023-11-13T08:27:01.461+0000] {dag.py:3722} INFO - Setting next_dagrun for example_branch_operator to 2023-11-12T00:00:00+00:00, run_after=2023-11-13T00:00:00+00:00
[2023-11-13T08:27:01.485+0000] {processor.py:179} INFO - Processing /home/airflow/.local/lib/python3.8/site-packages/airflow/example_dags/example_branch_operator.py took 0.071 seconds
[2023-11-13T08:27:31.717+0000] {processor.py:157} INFO - Started process (PID=3427) to work on /home/airflow/.local/lib/python3.8/site-packages/airflow/example_dags/example_branch_operator.py
[2023-11-13T08:27:31.751+0000] {processor.py:829} INFO - Processing file /home/airflow/.local/lib/python3.8/site-packages/airflow/example_dags/example_branch_operator.py for tasks to queue
[2023-11-13T08:27:31.752+0000] {logging_mixin.py:154} INFO - [2023-11-13T08:27:31.752+0000] {dagbag.py:536} INFO - Filling up the DagBag from /home/airflow/.local/lib/python3.8/site-packages/airflow/example_dags/example_branch_operator.py
[2023-11-13T08:27:31.759+0000] {processor.py:839} INFO - DAG(s) dict_keys(['example_branch_operator']) retrieved from /home/airflow/.local/lib/python3.8/site-packages/airflow/example_dags/example_branch_operator.py
[2023-11-13T08:27:31.778+0000] {logging_mixin.py:154} INFO - [2023-11-13T08:27:31.777+0000] {dag.py:2941} INFO - Sync 1 DAGs
[2023-11-13T08:27:31.795+0000] {logging_mixin.py:154} INFO - [2023-11-13T08:27:31.795+0000] {dag.py:3722} INFO - Setting next_dagrun for example_branch_operator to 2023-11-12T00:00:00+00:00, run_after=2023-11-13T00:00:00+00:00
[2023-11-13T08:27:31.849+0000] {processor.py:179} INFO - Processing /home/airflow/.local/lib/python3.8/site-packages/airflow/example_dags/example_branch_operator.py took 0.134 seconds
[2023-11-13T08:28:04.261+0000] {processor.py:157} INFO - Started process (PID=3481) to work on /home/airflow/.local/lib/python3.8/site-packages/airflow/example_dags/example_branch_operator.py
[2023-11-13T08:28:04.261+0000] {processor.py:829} INFO - Processing file /home/airflow/.local/lib/python3.8/site-packages/airflow/example_dags/example_branch_operator.py for tasks to queue
[2023-11-13T08:28:04.263+0000] {logging_mixin.py:154} INFO - [2023-11-13T08:28:04.263+0000] {dagbag.py:536} INFO - Filling up the DagBag from /home/airflow/.local/lib/python3.8/site-packages/airflow/example_dags/example_branch_operator.py
[2023-11-13T08:28:04.271+0000] {processor.py:839} INFO - DAG(s) dict_keys(['example_branch_operator']) retrieved from /home/airflow/.local/lib/python3.8/site-packages/airflow/example_dags/example_branch_operator.py
[2023-11-13T08:28:04.290+0000] {logging_mixin.py:154} INFO - [2023-11-13T08:28:04.290+0000] {dag.py:2941} INFO - Sync 1 DAGs
[2023-11-13T08:28:04.312+0000] {logging_mixin.py:154} INFO - [2023-11-13T08:28:04.312+0000] {dag.py:3722} INFO - Setting next_dagrun for example_branch_operator to 2023-11-12T00:00:00+00:00, run_after=2023-11-13T00:00:00+00:00
[2023-11-13T08:28:04.346+0000] {processor.py:179} INFO - Processing /home/airflow/.local/lib/python3.8/site-packages/airflow/example_dags/example_branch_operator.py took 0.088 seconds
[2023-11-13T08:45:34.578+0000] {processor.py:157} INFO - Started process (PID=64) to work on /home/airflow/.local/lib/python3.8/site-packages/airflow/example_dags/example_branch_operator.py
[2023-11-13T08:45:34.601+0000] {processor.py:829} INFO - Processing file /home/airflow/.local/lib/python3.8/site-packages/airflow/example_dags/example_branch_operator.py for tasks to queue
[2023-11-13T08:45:34.602+0000] {logging_mixin.py:154} INFO - [2023-11-13T08:45:34.602+0000] {dagbag.py:536} INFO - Filling up the DagBag from /home/airflow/.local/lib/python3.8/site-packages/airflow/example_dags/example_branch_operator.py
[2023-11-13T08:45:34.611+0000] {processor.py:839} INFO - DAG(s) dict_keys(['example_branch_operator']) retrieved from /home/airflow/.local/lib/python3.8/site-packages/airflow/example_dags/example_branch_operator.py
[2023-11-13T08:45:34.741+0000] {logging_mixin.py:154} INFO - [2023-11-13T08:45:34.740+0000] {manager.py:499} INFO - Created Permission View: %s
[2023-11-13T08:45:34.786+0000] {logging_mixin.py:154} INFO - [2023-11-13T08:45:34.785+0000] {manager.py:499} INFO - Created Permission View: %s
[2023-11-13T08:45:34.820+0000] {logging_mixin.py:154} INFO - [2023-11-13T08:45:34.820+0000] {manager.py:499} INFO - Created Permission View: %s
[2023-11-13T08:45:34.820+0000] {logging_mixin.py:154} INFO - [2023-11-13T08:45:34.820+0000] {dag.py:2941} INFO - Sync 1 DAGs
[2023-11-13T08:45:34.831+0000] {logging_mixin.py:154} INFO - [2023-11-13T08:45:34.831+0000] {dag.py:2963} INFO - Creating ORM DAG for example_branch_operator
[2023-11-13T08:45:34.840+0000] {logging_mixin.py:154} INFO - [2023-11-13T08:45:34.839+0000] {dag.py:3722} INFO - Setting next_dagrun for example_branch_operator to 2023-11-12T00:00:00+00:00, run_after=2023-11-13T00:00:00+00:00
[2023-11-13T08:45:34.878+0000] {processor.py:179} INFO - Processing /home/airflow/.local/lib/python3.8/site-packages/airflow/example_dags/example_branch_operator.py took 0.303 seconds
[2023-11-13T08:46:07.270+0000] {processor.py:157} INFO - Started process (PID=118) to work on /home/airflow/.local/lib/python3.8/site-packages/airflow/example_dags/example_branch_operator.py
[2023-11-13T08:46:07.271+0000] {processor.py:829} INFO - Processing file /home/airflow/.local/lib/python3.8/site-packages/airflow/example_dags/example_branch_operator.py for tasks to queue
[2023-11-13T08:46:07.272+0000] {logging_mixin.py:154} INFO - [2023-11-13T08:46:07.272+0000] {dagbag.py:536} INFO - Filling up the DagBag from /home/airflow/.local/lib/python3.8/site-packages/airflow/example_dags/example_branch_operator.py
[2023-11-13T08:46:07.279+0000] {processor.py:839} INFO - DAG(s) dict_keys(['example_branch_operator']) retrieved from /home/airflow/.local/lib/python3.8/site-packages/airflow/example_dags/example_branch_operator.py
[2023-11-13T08:46:07.297+0000] {logging_mixin.py:154} INFO - [2023-11-13T08:46:07.296+0000] {dag.py:2941} INFO - Sync 1 DAGs
[2023-11-13T08:46:07.315+0000] {logging_mixin.py:154} INFO - [2023-11-13T08:46:07.315+0000] {dag.py:3722} INFO - Setting next_dagrun for example_branch_operator to 2023-11-12T00:00:00+00:00, run_after=2023-11-13T00:00:00+00:00
[2023-11-13T08:46:07.342+0000] {processor.py:179} INFO - Processing /home/airflow/.local/lib/python3.8/site-packages/airflow/example_dags/example_branch_operator.py took 0.075 seconds
[2023-11-13T08:46:38.111+0000] {processor.py:157} INFO - Started process (PID=172) to work on /home/airflow/.local/lib/python3.8/site-packages/airflow/example_dags/example_branch_operator.py
[2023-11-13T08:46:38.120+0000] {processor.py:829} INFO - Processing file /home/airflow/.local/lib/python3.8/site-packages/airflow/example_dags/example_branch_operator.py for tasks to queue
[2023-11-13T08:46:38.122+0000] {logging_mixin.py:154} INFO - [2023-11-13T08:46:38.122+0000] {dagbag.py:536} INFO - Filling up the DagBag from /home/airflow/.local/lib/python3.8/site-packages/airflow/example_dags/example_branch_operator.py
[2023-11-13T08:46:38.128+0000] {processor.py:839} INFO - DAG(s) dict_keys(['example_branch_operator']) retrieved from /home/airflow/.local/lib/python3.8/site-packages/airflow/example_dags/example_branch_operator.py
[2023-11-13T08:46:38.145+0000] {logging_mixin.py:154} INFO - [2023-11-13T08:46:38.145+0000] {dag.py:2941} INFO - Sync 1 DAGs
[2023-11-13T08:46:38.163+0000] {logging_mixin.py:154} INFO - [2023-11-13T08:46:38.163+0000] {dag.py:3722} INFO - Setting next_dagrun for example_branch_operator to 2023-11-12T00:00:00+00:00, run_after=2023-11-13T00:00:00+00:00
[2023-11-13T08:46:38.190+0000] {processor.py:179} INFO - Processing /home/airflow/.local/lib/python3.8/site-packages/airflow/example_dags/example_branch_operator.py took 0.082 seconds
[2023-11-13T08:47:08.810+0000] {processor.py:157} INFO - Started process (PID=226) to work on /home/airflow/.local/lib/python3.8/site-packages/airflow/example_dags/example_branch_operator.py
[2023-11-13T08:47:08.835+0000] {processor.py:829} INFO - Processing file /home/airflow/.local/lib/python3.8/site-packages/airflow/example_dags/example_branch_operator.py for tasks to queue
[2023-11-13T08:47:08.836+0000] {logging_mixin.py:154} INFO - [2023-11-13T08:47:08.836+0000] {dagbag.py:536} INFO - Filling up the DagBag from /home/airflow/.local/lib/python3.8/site-packages/airflow/example_dags/example_branch_operator.py
[2023-11-13T08:47:08.843+0000] {processor.py:839} INFO - DAG(s) dict_keys(['example_branch_operator']) retrieved from /home/airflow/.local/lib/python3.8/site-packages/airflow/example_dags/example_branch_operator.py
[2023-11-13T08:47:08.860+0000] {logging_mixin.py:154} INFO - [2023-11-13T08:47:08.860+0000] {dag.py:2941} INFO - Sync 1 DAGs
[2023-11-13T08:47:08.878+0000] {logging_mixin.py:154} INFO - [2023-11-13T08:47:08.878+0000] {dag.py:3722} INFO - Setting next_dagrun for example_branch_operator to 2023-11-12T00:00:00+00:00, run_after=2023-11-13T00:00:00+00:00
[2023-11-13T08:47:08.912+0000] {processor.py:179} INFO - Processing /home/airflow/.local/lib/python3.8/site-packages/airflow/example_dags/example_branch_operator.py took 0.105 seconds
[2023-11-13T08:47:39.718+0000] {processor.py:157} INFO - Started process (PID=280) to work on /home/airflow/.local/lib/python3.8/site-packages/airflow/example_dags/example_branch_operator.py
[2023-11-13T08:47:39.719+0000] {processor.py:829} INFO - Processing file /home/airflow/.local/lib/python3.8/site-packages/airflow/example_dags/example_branch_operator.py for tasks to queue
[2023-11-13T08:47:39.721+0000] {logging_mixin.py:154} INFO - [2023-11-13T08:47:39.720+0000] {dagbag.py:536} INFO - Filling up the DagBag from /home/airflow/.local/lib/python3.8/site-packages/airflow/example_dags/example_branch_operator.py
[2023-11-13T08:47:39.728+0000] {processor.py:839} INFO - DAG(s) dict_keys(['example_branch_operator']) retrieved from /home/airflow/.local/lib/python3.8/site-packages/airflow/example_dags/example_branch_operator.py
[2023-11-13T08:47:39.745+0000] {logging_mixin.py:154} INFO - [2023-11-13T08:47:39.745+0000] {dag.py:2941} INFO - Sync 1 DAGs
[2023-11-13T08:47:39.763+0000] {logging_mixin.py:154} INFO - [2023-11-13T08:47:39.763+0000] {dag.py:3722} INFO - Setting next_dagrun for example_branch_operator to 2023-11-12T00:00:00+00:00, run_after=2023-11-13T00:00:00+00:00
[2023-11-13T08:47:39.798+0000] {processor.py:179} INFO - Processing /home/airflow/.local/lib/python3.8/site-packages/airflow/example_dags/example_branch_operator.py took 0.082 seconds
[2023-11-13T08:48:10.531+0000] {processor.py:157} INFO - Started process (PID=334) to work on /home/airflow/.local/lib/python3.8/site-packages/airflow/example_dags/example_branch_operator.py
[2023-11-13T08:48:10.535+0000] {processor.py:829} INFO - Processing file /home/airflow/.local/lib/python3.8/site-packages/airflow/example_dags/example_branch_operator.py for tasks to queue
[2023-11-13T08:48:10.537+0000] {logging_mixin.py:154} INFO - [2023-11-13T08:48:10.537+0000] {dagbag.py:536} INFO - Filling up the DagBag from /home/airflow/.local/lib/python3.8/site-packages/airflow/example_dags/example_branch_operator.py
[2023-11-13T08:48:10.545+0000] {processor.py:839} INFO - DAG(s) dict_keys(['example_branch_operator']) retrieved from /home/airflow/.local/lib/python3.8/site-packages/airflow/example_dags/example_branch_operator.py
[2023-11-13T08:48:10.566+0000] {logging_mixin.py:154} INFO - [2023-11-13T08:48:10.566+0000] {dag.py:2941} INFO - Sync 1 DAGs
[2023-11-13T08:48:10.588+0000] {logging_mixin.py:154} INFO - [2023-11-13T08:48:10.588+0000] {dag.py:3722} INFO - Setting next_dagrun for example_branch_operator to 2023-11-12T00:00:00+00:00, run_after=2023-11-13T00:00:00+00:00
[2023-11-13T08:48:10.640+0000] {processor.py:179} INFO - Processing /home/airflow/.local/lib/python3.8/site-packages/airflow/example_dags/example_branch_operator.py took 0.111 seconds
