[2023-11-13T07:55:09.954+0000] {processor.py:157} INFO - Started process (PID=62) to work on /home/airflow/.local/lib/python3.8/site-packages/airflow/example_dags/example_branch_labels.py
[2023-11-13T07:55:09.956+0000] {processor.py:829} INFO - Processing file /home/airflow/.local/lib/python3.8/site-packages/airflow/example_dags/example_branch_labels.py for tasks to queue
[2023-11-13T07:55:09.961+0000] {logging_mixin.py:154} INFO - [2023-11-13T07:55:09.960+0000] {dagbag.py:536} INFO - Filling up the DagBag from /home/airflow/.local/lib/python3.8/site-packages/airflow/example_dags/example_branch_labels.py
[2023-11-13T07:55:09.981+0000] {processor.py:839} INFO - DAG(s) dict_keys(['example_branch_labels']) retrieved from /home/airflow/.local/lib/python3.8/site-packages/airflow/example_dags/example_branch_labels.py
[2023-11-13T07:55:10.205+0000] {logging_mixin.py:154} INFO - [2023-11-13T07:55:10.204+0000] {manager.py:499} INFO - Created Permission View: %s
[2023-11-13T07:55:10.284+0000] {logging_mixin.py:154} INFO - [2023-11-13T07:55:10.283+0000] {manager.py:499} INFO - Created Permission View: %s
[2023-11-13T07:55:10.363+0000] {logging_mixin.py:154} INFO - [2023-11-13T07:55:10.362+0000] {manager.py:499} INFO - Created Permission View: %s
[2023-11-13T07:55:10.364+0000] {logging_mixin.py:154} INFO - [2023-11-13T07:55:10.363+0000] {dag.py:2941} INFO - Sync 1 DAGs
[2023-11-13T07:55:10.390+0000] {logging_mixin.py:154} INFO - [2023-11-13T07:55:10.390+0000] {dag.py:2963} INFO - Creating ORM DAG for example_branch_labels
[2023-11-13T07:55:10.402+0000] {logging_mixin.py:154} INFO - [2023-11-13T07:55:10.402+0000] {dag.py:3722} INFO - Setting next_dagrun for example_branch_labels to 2023-11-12T00:00:00+00:00, run_after=2023-11-13T00:00:00+00:00
[2023-11-13T07:55:10.447+0000] {processor.py:179} INFO - Processing /home/airflow/.local/lib/python3.8/site-packages/airflow/example_dags/example_branch_labels.py took 0.502 seconds
[2023-11-13T07:55:40.500+0000] {processor.py:157} INFO - Started process (PID=115) to work on /home/airflow/.local/lib/python3.8/site-packages/airflow/example_dags/example_branch_labels.py
[2023-11-13T07:55:40.624+0000] {processor.py:829} INFO - Processing file /home/airflow/.local/lib/python3.8/site-packages/airflow/example_dags/example_branch_labels.py for tasks to queue
[2023-11-13T07:55:40.785+0000] {logging_mixin.py:154} INFO - [2023-11-13T07:55:40.784+0000] {dagbag.py:536} INFO - Filling up the DagBag from /home/airflow/.local/lib/python3.8/site-packages/airflow/example_dags/example_branch_labels.py
[2023-11-13T07:55:40.792+0000] {processor.py:839} INFO - DAG(s) dict_keys(['example_branch_labels']) retrieved from /home/airflow/.local/lib/python3.8/site-packages/airflow/example_dags/example_branch_labels.py
[2023-11-13T07:55:40.808+0000] {logging_mixin.py:154} INFO - [2023-11-13T07:55:40.808+0000] {dag.py:2941} INFO - Sync 1 DAGs
[2023-11-13T07:55:40.825+0000] {logging_mixin.py:154} INFO - [2023-11-13T07:55:40.824+0000] {dag.py:3722} INFO - Setting next_dagrun for example_branch_labels to 2023-11-12T00:00:00+00:00, run_after=2023-11-13T00:00:00+00:00
[2023-11-13T07:55:40.980+0000] {processor.py:179} INFO - Processing /home/airflow/.local/lib/python3.8/site-packages/airflow/example_dags/example_branch_labels.py took 0.482 seconds
[2023-11-13T07:56:11.664+0000] {processor.py:157} INFO - Started process (PID=169) to work on /home/airflow/.local/lib/python3.8/site-packages/airflow/example_dags/example_branch_labels.py
[2023-11-13T07:56:11.680+0000] {processor.py:829} INFO - Processing file /home/airflow/.local/lib/python3.8/site-packages/airflow/example_dags/example_branch_labels.py for tasks to queue
[2023-11-13T07:56:11.682+0000] {logging_mixin.py:154} INFO - [2023-11-13T07:56:11.682+0000] {dagbag.py:536} INFO - Filling up the DagBag from /home/airflow/.local/lib/python3.8/site-packages/airflow/example_dags/example_branch_labels.py
[2023-11-13T07:56:11.687+0000] {processor.py:839} INFO - DAG(s) dict_keys(['example_branch_labels']) retrieved from /home/airflow/.local/lib/python3.8/site-packages/airflow/example_dags/example_branch_labels.py
[2023-11-13T07:56:11.702+0000] {logging_mixin.py:154} INFO - [2023-11-13T07:56:11.702+0000] {dag.py:2941} INFO - Sync 1 DAGs
[2023-11-13T07:56:11.718+0000] {logging_mixin.py:154} INFO - [2023-11-13T07:56:11.718+0000] {dag.py:3722} INFO - Setting next_dagrun for example_branch_labels to 2023-11-12T00:00:00+00:00, run_after=2023-11-13T00:00:00+00:00
[2023-11-13T07:56:11.758+0000] {processor.py:179} INFO - Processing /home/airflow/.local/lib/python3.8/site-packages/airflow/example_dags/example_branch_labels.py took 0.097 seconds
[2023-11-13T07:56:43.132+0000] {processor.py:157} INFO - Started process (PID=223) to work on /home/airflow/.local/lib/python3.8/site-packages/airflow/example_dags/example_branch_labels.py
[2023-11-13T07:56:43.298+0000] {processor.py:829} INFO - Processing file /home/airflow/.local/lib/python3.8/site-packages/airflow/example_dags/example_branch_labels.py for tasks to queue
[2023-11-13T07:56:43.306+0000] {logging_mixin.py:154} INFO - [2023-11-13T07:56:43.305+0000] {dagbag.py:536} INFO - Filling up the DagBag from /home/airflow/.local/lib/python3.8/site-packages/airflow/example_dags/example_branch_labels.py
[2023-11-13T07:56:43.330+0000] {processor.py:839} INFO - DAG(s) dict_keys(['example_branch_labels']) retrieved from /home/airflow/.local/lib/python3.8/site-packages/airflow/example_dags/example_branch_labels.py
[2023-11-13T07:56:43.356+0000] {logging_mixin.py:154} INFO - [2023-11-13T07:56:43.356+0000] {dag.py:2941} INFO - Sync 1 DAGs
[2023-11-13T07:56:43.373+0000] {logging_mixin.py:154} INFO - [2023-11-13T07:56:43.373+0000] {dag.py:3722} INFO - Setting next_dagrun for example_branch_labels to 2023-11-12T00:00:00+00:00, run_after=2023-11-13T00:00:00+00:00
[2023-11-13T07:56:43.651+0000] {processor.py:179} INFO - Processing /home/airflow/.local/lib/python3.8/site-packages/airflow/example_dags/example_branch_labels.py took 0.522 seconds
[2023-11-13T07:57:14.499+0000] {processor.py:157} INFO - Started process (PID=278) to work on /home/airflow/.local/lib/python3.8/site-packages/airflow/example_dags/example_branch_labels.py
[2023-11-13T07:57:14.508+0000] {processor.py:829} INFO - Processing file /home/airflow/.local/lib/python3.8/site-packages/airflow/example_dags/example_branch_labels.py for tasks to queue
[2023-11-13T07:57:14.509+0000] {logging_mixin.py:154} INFO - [2023-11-13T07:57:14.509+0000] {dagbag.py:536} INFO - Filling up the DagBag from /home/airflow/.local/lib/python3.8/site-packages/airflow/example_dags/example_branch_labels.py
[2023-11-13T07:57:14.514+0000] {processor.py:839} INFO - DAG(s) dict_keys(['example_branch_labels']) retrieved from /home/airflow/.local/lib/python3.8/site-packages/airflow/example_dags/example_branch_labels.py
[2023-11-13T07:57:14.531+0000] {logging_mixin.py:154} INFO - [2023-11-13T07:57:14.530+0000] {dag.py:2941} INFO - Sync 1 DAGs
[2023-11-13T07:57:14.547+0000] {logging_mixin.py:154} INFO - [2023-11-13T07:57:14.547+0000] {dag.py:3722} INFO - Setting next_dagrun for example_branch_labels to 2023-11-12T00:00:00+00:00, run_after=2023-11-13T00:00:00+00:00
[2023-11-13T07:57:14.573+0000] {processor.py:179} INFO - Processing /home/airflow/.local/lib/python3.8/site-packages/airflow/example_dags/example_branch_labels.py took 0.076 seconds
[2023-11-13T07:57:45.431+0000] {processor.py:157} INFO - Started process (PID=332) to work on /home/airflow/.local/lib/python3.8/site-packages/airflow/example_dags/example_branch_labels.py
[2023-11-13T07:57:45.432+0000] {processor.py:829} INFO - Processing file /home/airflow/.local/lib/python3.8/site-packages/airflow/example_dags/example_branch_labels.py for tasks to queue
[2023-11-13T07:57:45.434+0000] {logging_mixin.py:154} INFO - [2023-11-13T07:57:45.434+0000] {dagbag.py:536} INFO - Filling up the DagBag from /home/airflow/.local/lib/python3.8/site-packages/airflow/example_dags/example_branch_labels.py
[2023-11-13T07:57:45.439+0000] {processor.py:839} INFO - DAG(s) dict_keys(['example_branch_labels']) retrieved from /home/airflow/.local/lib/python3.8/site-packages/airflow/example_dags/example_branch_labels.py
[2023-11-13T07:57:45.455+0000] {logging_mixin.py:154} INFO - [2023-11-13T07:57:45.455+0000] {dag.py:2941} INFO - Sync 1 DAGs
[2023-11-13T07:57:45.472+0000] {logging_mixin.py:154} INFO - [2023-11-13T07:57:45.472+0000] {dag.py:3722} INFO - Setting next_dagrun for example_branch_labels to 2023-11-12T00:00:00+00:00, run_after=2023-11-13T00:00:00+00:00
[2023-11-13T07:57:45.506+0000] {processor.py:179} INFO - Processing /home/airflow/.local/lib/python3.8/site-packages/airflow/example_dags/example_branch_labels.py took 0.076 seconds
[2023-11-13T07:58:16.062+0000] {processor.py:157} INFO - Started process (PID=386) to work on /home/airflow/.local/lib/python3.8/site-packages/airflow/example_dags/example_branch_labels.py
[2023-11-13T07:58:16.081+0000] {processor.py:829} INFO - Processing file /home/airflow/.local/lib/python3.8/site-packages/airflow/example_dags/example_branch_labels.py for tasks to queue
[2023-11-13T07:58:16.083+0000] {logging_mixin.py:154} INFO - [2023-11-13T07:58:16.083+0000] {dagbag.py:536} INFO - Filling up the DagBag from /home/airflow/.local/lib/python3.8/site-packages/airflow/example_dags/example_branch_labels.py
[2023-11-13T07:58:16.089+0000] {processor.py:839} INFO - DAG(s) dict_keys(['example_branch_labels']) retrieved from /home/airflow/.local/lib/python3.8/site-packages/airflow/example_dags/example_branch_labels.py
[2023-11-13T07:58:16.103+0000] {logging_mixin.py:154} INFO - [2023-11-13T07:58:16.103+0000] {dag.py:2941} INFO - Sync 1 DAGs
[2023-11-13T07:58:16.119+0000] {logging_mixin.py:154} INFO - [2023-11-13T07:58:16.119+0000] {dag.py:3722} INFO - Setting next_dagrun for example_branch_labels to 2023-11-12T00:00:00+00:00, run_after=2023-11-13T00:00:00+00:00
[2023-11-13T07:58:16.155+0000] {processor.py:179} INFO - Processing /home/airflow/.local/lib/python3.8/site-packages/airflow/example_dags/example_branch_labels.py took 0.095 seconds
[2023-11-13T07:58:46.354+0000] {processor.py:157} INFO - Started process (PID=440) to work on /home/airflow/.local/lib/python3.8/site-packages/airflow/example_dags/example_branch_labels.py
[2023-11-13T07:58:46.355+0000] {processor.py:829} INFO - Processing file /home/airflow/.local/lib/python3.8/site-packages/airflow/example_dags/example_branch_labels.py for tasks to queue
[2023-11-13T07:58:46.357+0000] {logging_mixin.py:154} INFO - [2023-11-13T07:58:46.357+0000] {dagbag.py:536} INFO - Filling up the DagBag from /home/airflow/.local/lib/python3.8/site-packages/airflow/example_dags/example_branch_labels.py
[2023-11-13T07:58:46.362+0000] {processor.py:839} INFO - DAG(s) dict_keys(['example_branch_labels']) retrieved from /home/airflow/.local/lib/python3.8/site-packages/airflow/example_dags/example_branch_labels.py
[2023-11-13T07:58:46.379+0000] {logging_mixin.py:154} INFO - [2023-11-13T07:58:46.378+0000] {dag.py:2941} INFO - Sync 1 DAGs
[2023-11-13T07:58:46.396+0000] {logging_mixin.py:154} INFO - [2023-11-13T07:58:46.396+0000] {dag.py:3722} INFO - Setting next_dagrun for example_branch_labels to 2023-11-12T00:00:00+00:00, run_after=2023-11-13T00:00:00+00:00
[2023-11-13T07:58:46.426+0000] {processor.py:179} INFO - Processing /home/airflow/.local/lib/python3.8/site-packages/airflow/example_dags/example_branch_labels.py took 0.074 seconds
[2023-11-13T07:59:16.908+0000] {processor.py:157} INFO - Started process (PID=494) to work on /home/airflow/.local/lib/python3.8/site-packages/airflow/example_dags/example_branch_labels.py
[2023-11-13T07:59:16.909+0000] {processor.py:829} INFO - Processing file /home/airflow/.local/lib/python3.8/site-packages/airflow/example_dags/example_branch_labels.py for tasks to queue
[2023-11-13T07:59:16.910+0000] {logging_mixin.py:154} INFO - [2023-11-13T07:59:16.910+0000] {dagbag.py:536} INFO - Filling up the DagBag from /home/airflow/.local/lib/python3.8/site-packages/airflow/example_dags/example_branch_labels.py
[2023-11-13T07:59:16.915+0000] {processor.py:839} INFO - DAG(s) dict_keys(['example_branch_labels']) retrieved from /home/airflow/.local/lib/python3.8/site-packages/airflow/example_dags/example_branch_labels.py
[2023-11-13T07:59:16.930+0000] {logging_mixin.py:154} INFO - [2023-11-13T07:59:16.929+0000] {dag.py:2941} INFO - Sync 1 DAGs
[2023-11-13T07:59:16.945+0000] {logging_mixin.py:154} INFO - [2023-11-13T07:59:16.945+0000] {dag.py:3722} INFO - Setting next_dagrun for example_branch_labels to 2023-11-12T00:00:00+00:00, run_after=2023-11-13T00:00:00+00:00
[2023-11-13T07:59:17.371+0000] {processor.py:179} INFO - Processing /home/airflow/.local/lib/python3.8/site-packages/airflow/example_dags/example_branch_labels.py took 0.465 seconds
[2023-11-13T07:59:48.876+0000] {processor.py:157} INFO - Started process (PID=548) to work on /home/airflow/.local/lib/python3.8/site-packages/airflow/example_dags/example_branch_labels.py
[2023-11-13T07:59:48.894+0000] {processor.py:829} INFO - Processing file /home/airflow/.local/lib/python3.8/site-packages/airflow/example_dags/example_branch_labels.py for tasks to queue
[2023-11-13T07:59:48.895+0000] {logging_mixin.py:154} INFO - [2023-11-13T07:59:48.895+0000] {dagbag.py:536} INFO - Filling up the DagBag from /home/airflow/.local/lib/python3.8/site-packages/airflow/example_dags/example_branch_labels.py
[2023-11-13T07:59:48.901+0000] {processor.py:839} INFO - DAG(s) dict_keys(['example_branch_labels']) retrieved from /home/airflow/.local/lib/python3.8/site-packages/airflow/example_dags/example_branch_labels.py
[2023-11-13T07:59:48.916+0000] {logging_mixin.py:154} INFO - [2023-11-13T07:59:48.916+0000] {dag.py:2941} INFO - Sync 1 DAGs
[2023-11-13T07:59:48.933+0000] {logging_mixin.py:154} INFO - [2023-11-13T07:59:48.932+0000] {dag.py:3722} INFO - Setting next_dagrun for example_branch_labels to 2023-11-12T00:00:00+00:00, run_after=2023-11-13T00:00:00+00:00
[2023-11-13T07:59:48.961+0000] {processor.py:179} INFO - Processing /home/airflow/.local/lib/python3.8/site-packages/airflow/example_dags/example_branch_labels.py took 0.087 seconds
[2023-11-13T08:00:19.342+0000] {processor.py:157} INFO - Started process (PID=602) to work on /home/airflow/.local/lib/python3.8/site-packages/airflow/example_dags/example_branch_labels.py
[2023-11-13T08:00:19.343+0000] {processor.py:829} INFO - Processing file /home/airflow/.local/lib/python3.8/site-packages/airflow/example_dags/example_branch_labels.py for tasks to queue
[2023-11-13T08:00:19.345+0000] {logging_mixin.py:154} INFO - [2023-11-13T08:00:19.345+0000] {dagbag.py:536} INFO - Filling up the DagBag from /home/airflow/.local/lib/python3.8/site-packages/airflow/example_dags/example_branch_labels.py
[2023-11-13T08:00:19.352+0000] {processor.py:839} INFO - DAG(s) dict_keys(['example_branch_labels']) retrieved from /home/airflow/.local/lib/python3.8/site-packages/airflow/example_dags/example_branch_labels.py
[2023-11-13T08:00:19.369+0000] {logging_mixin.py:154} INFO - [2023-11-13T08:00:19.369+0000] {dag.py:2941} INFO - Sync 1 DAGs
[2023-11-13T08:00:19.386+0000] {logging_mixin.py:154} INFO - [2023-11-13T08:00:19.386+0000] {dag.py:3722} INFO - Setting next_dagrun for example_branch_labels to 2023-11-12T00:00:00+00:00, run_after=2023-11-13T00:00:00+00:00
[2023-11-13T08:00:19.411+0000] {processor.py:179} INFO - Processing /home/airflow/.local/lib/python3.8/site-packages/airflow/example_dags/example_branch_labels.py took 0.073 seconds
[2023-11-13T08:00:50.598+0000] {processor.py:157} INFO - Started process (PID=656) to work on /home/airflow/.local/lib/python3.8/site-packages/airflow/example_dags/example_branch_labels.py
[2023-11-13T08:00:50.724+0000] {processor.py:829} INFO - Processing file /home/airflow/.local/lib/python3.8/site-packages/airflow/example_dags/example_branch_labels.py for tasks to queue
[2023-11-13T08:00:50.730+0000] {logging_mixin.py:154} INFO - [2023-11-13T08:00:50.730+0000] {dagbag.py:536} INFO - Filling up the DagBag from /home/airflow/.local/lib/python3.8/site-packages/airflow/example_dags/example_branch_labels.py
[2023-11-13T08:00:50.756+0000] {processor.py:839} INFO - DAG(s) dict_keys(['example_branch_labels']) retrieved from /home/airflow/.local/lib/python3.8/site-packages/airflow/example_dags/example_branch_labels.py
[2023-11-13T08:00:50.783+0000] {logging_mixin.py:154} INFO - [2023-11-13T08:00:50.783+0000] {dag.py:2941} INFO - Sync 1 DAGs
[2023-11-13T08:00:50.800+0000] {logging_mixin.py:154} INFO - [2023-11-13T08:00:50.800+0000] {dag.py:3722} INFO - Setting next_dagrun for example_branch_labels to 2023-11-12T00:00:00+00:00, run_after=2023-11-13T00:00:00+00:00
[2023-11-13T08:00:51.042+0000] {processor.py:179} INFO - Processing /home/airflow/.local/lib/python3.8/site-packages/airflow/example_dags/example_branch_labels.py took 0.447 seconds
[2023-11-13T08:01:21.664+0000] {processor.py:157} INFO - Started process (PID=710) to work on /home/airflow/.local/lib/python3.8/site-packages/airflow/example_dags/example_branch_labels.py
[2023-11-13T08:01:21.665+0000] {processor.py:829} INFO - Processing file /home/airflow/.local/lib/python3.8/site-packages/airflow/example_dags/example_branch_labels.py for tasks to queue
[2023-11-13T08:01:21.666+0000] {logging_mixin.py:154} INFO - [2023-11-13T08:01:21.666+0000] {dagbag.py:536} INFO - Filling up the DagBag from /home/airflow/.local/lib/python3.8/site-packages/airflow/example_dags/example_branch_labels.py
[2023-11-13T08:01:21.671+0000] {processor.py:839} INFO - DAG(s) dict_keys(['example_branch_labels']) retrieved from /home/airflow/.local/lib/python3.8/site-packages/airflow/example_dags/example_branch_labels.py
[2023-11-13T08:01:21.687+0000] {logging_mixin.py:154} INFO - [2023-11-13T08:01:21.686+0000] {dag.py:2941} INFO - Sync 1 DAGs
[2023-11-13T08:01:21.703+0000] {logging_mixin.py:154} INFO - [2023-11-13T08:01:21.703+0000] {dag.py:3722} INFO - Setting next_dagrun for example_branch_labels to 2023-11-12T00:00:00+00:00, run_after=2023-11-13T00:00:00+00:00
[2023-11-13T08:01:21.754+0000] {processor.py:179} INFO - Processing /home/airflow/.local/lib/python3.8/site-packages/airflow/example_dags/example_branch_labels.py took 0.092 seconds
[2023-11-13T08:01:52.082+0000] {processor.py:157} INFO - Started process (PID=764) to work on /home/airflow/.local/lib/python3.8/site-packages/airflow/example_dags/example_branch_labels.py
[2023-11-13T08:01:52.094+0000] {processor.py:829} INFO - Processing file /home/airflow/.local/lib/python3.8/site-packages/airflow/example_dags/example_branch_labels.py for tasks to queue
[2023-11-13T08:01:52.095+0000] {logging_mixin.py:154} INFO - [2023-11-13T08:01:52.095+0000] {dagbag.py:536} INFO - Filling up the DagBag from /home/airflow/.local/lib/python3.8/site-packages/airflow/example_dags/example_branch_labels.py
[2023-11-13T08:01:52.101+0000] {processor.py:839} INFO - DAG(s) dict_keys(['example_branch_labels']) retrieved from /home/airflow/.local/lib/python3.8/site-packages/airflow/example_dags/example_branch_labels.py
[2023-11-13T08:01:52.117+0000] {logging_mixin.py:154} INFO - [2023-11-13T08:01:52.117+0000] {dag.py:2941} INFO - Sync 1 DAGs
[2023-11-13T08:01:52.134+0000] {logging_mixin.py:154} INFO - [2023-11-13T08:01:52.134+0000] {dag.py:3722} INFO - Setting next_dagrun for example_branch_labels to 2023-11-12T00:00:00+00:00, run_after=2023-11-13T00:00:00+00:00
[2023-11-13T08:01:52.268+0000] {processor.py:179} INFO - Processing /home/airflow/.local/lib/python3.8/site-packages/airflow/example_dags/example_branch_labels.py took 0.188 seconds
[2023-11-13T08:02:22.671+0000] {processor.py:157} INFO - Started process (PID=818) to work on /home/airflow/.local/lib/python3.8/site-packages/airflow/example_dags/example_branch_labels.py
[2023-11-13T08:02:22.671+0000] {processor.py:829} INFO - Processing file /home/airflow/.local/lib/python3.8/site-packages/airflow/example_dags/example_branch_labels.py for tasks to queue
[2023-11-13T08:02:22.674+0000] {logging_mixin.py:154} INFO - [2023-11-13T08:02:22.673+0000] {dagbag.py:536} INFO - Filling up the DagBag from /home/airflow/.local/lib/python3.8/site-packages/airflow/example_dags/example_branch_labels.py
[2023-11-13T08:02:22.682+0000] {processor.py:839} INFO - DAG(s) dict_keys(['example_branch_labels']) retrieved from /home/airflow/.local/lib/python3.8/site-packages/airflow/example_dags/example_branch_labels.py
[2023-11-13T08:02:22.704+0000] {logging_mixin.py:154} INFO - [2023-11-13T08:02:22.704+0000] {dag.py:2941} INFO - Sync 1 DAGs
[2023-11-13T08:02:22.722+0000] {logging_mixin.py:154} INFO - [2023-11-13T08:02:22.721+0000] {dag.py:3722} INFO - Setting next_dagrun for example_branch_labels to 2023-11-12T00:00:00+00:00, run_after=2023-11-13T00:00:00+00:00
[2023-11-13T08:02:22.762+0000] {processor.py:179} INFO - Processing /home/airflow/.local/lib/python3.8/site-packages/airflow/example_dags/example_branch_labels.py took 0.095 seconds
[2023-11-13T08:02:53.411+0000] {processor.py:157} INFO - Started process (PID=872) to work on /home/airflow/.local/lib/python3.8/site-packages/airflow/example_dags/example_branch_labels.py
[2023-11-13T08:02:53.412+0000] {processor.py:829} INFO - Processing file /home/airflow/.local/lib/python3.8/site-packages/airflow/example_dags/example_branch_labels.py for tasks to queue
[2023-11-13T08:02:53.415+0000] {logging_mixin.py:154} INFO - [2023-11-13T08:02:53.415+0000] {dagbag.py:536} INFO - Filling up the DagBag from /home/airflow/.local/lib/python3.8/site-packages/airflow/example_dags/example_branch_labels.py
[2023-11-13T08:02:53.426+0000] {processor.py:839} INFO - DAG(s) dict_keys(['example_branch_labels']) retrieved from /home/airflow/.local/lib/python3.8/site-packages/airflow/example_dags/example_branch_labels.py
[2023-11-13T08:02:53.450+0000] {logging_mixin.py:154} INFO - [2023-11-13T08:02:53.450+0000] {dag.py:2941} INFO - Sync 1 DAGs
[2023-11-13T08:02:53.468+0000] {logging_mixin.py:154} INFO - [2023-11-13T08:02:53.468+0000] {dag.py:3722} INFO - Setting next_dagrun for example_branch_labels to 2023-11-12T00:00:00+00:00, run_after=2023-11-13T00:00:00+00:00
[2023-11-13T08:02:53.492+0000] {processor.py:179} INFO - Processing /home/airflow/.local/lib/python3.8/site-packages/airflow/example_dags/example_branch_labels.py took 0.085 seconds
[2023-11-13T08:03:24.352+0000] {processor.py:157} INFO - Started process (PID=926) to work on /home/airflow/.local/lib/python3.8/site-packages/airflow/example_dags/example_branch_labels.py
[2023-11-13T08:03:24.353+0000] {processor.py:829} INFO - Processing file /home/airflow/.local/lib/python3.8/site-packages/airflow/example_dags/example_branch_labels.py for tasks to queue
[2023-11-13T08:03:24.354+0000] {logging_mixin.py:154} INFO - [2023-11-13T08:03:24.354+0000] {dagbag.py:536} INFO - Filling up the DagBag from /home/airflow/.local/lib/python3.8/site-packages/airflow/example_dags/example_branch_labels.py
[2023-11-13T08:03:24.360+0000] {processor.py:839} INFO - DAG(s) dict_keys(['example_branch_labels']) retrieved from /home/airflow/.local/lib/python3.8/site-packages/airflow/example_dags/example_branch_labels.py
[2023-11-13T08:03:24.375+0000] {logging_mixin.py:154} INFO - [2023-11-13T08:03:24.375+0000] {dag.py:2941} INFO - Sync 1 DAGs
[2023-11-13T08:03:24.494+0000] {logging_mixin.py:154} INFO - [2023-11-13T08:03:24.494+0000] {dag.py:3722} INFO - Setting next_dagrun for example_branch_labels to 2023-11-12T00:00:00+00:00, run_after=2023-11-13T00:00:00+00:00
[2023-11-13T08:03:24.519+0000] {processor.py:179} INFO - Processing /home/airflow/.local/lib/python3.8/site-packages/airflow/example_dags/example_branch_labels.py took 0.169 seconds
[2023-11-13T08:03:56.167+0000] {processor.py:157} INFO - Started process (PID=980) to work on /home/airflow/.local/lib/python3.8/site-packages/airflow/example_dags/example_branch_labels.py
[2023-11-13T08:03:56.609+0000] {processor.py:829} INFO - Processing file /home/airflow/.local/lib/python3.8/site-packages/airflow/example_dags/example_branch_labels.py for tasks to queue
[2023-11-13T08:03:56.614+0000] {logging_mixin.py:154} INFO - [2023-11-13T08:03:56.614+0000] {dagbag.py:536} INFO - Filling up the DagBag from /home/airflow/.local/lib/python3.8/site-packages/airflow/example_dags/example_branch_labels.py
[2023-11-13T08:03:56.620+0000] {processor.py:839} INFO - DAG(s) dict_keys(['example_branch_labels']) retrieved from /home/airflow/.local/lib/python3.8/site-packages/airflow/example_dags/example_branch_labels.py
[2023-11-13T08:03:56.634+0000] {logging_mixin.py:154} INFO - [2023-11-13T08:03:56.634+0000] {dag.py:2941} INFO - Sync 1 DAGs
[2023-11-13T08:03:56.651+0000] {logging_mixin.py:154} INFO - [2023-11-13T08:03:56.651+0000] {dag.py:3722} INFO - Setting next_dagrun for example_branch_labels to 2023-11-12T00:00:00+00:00, run_after=2023-11-13T00:00:00+00:00
[2023-11-13T08:03:56.739+0000] {processor.py:179} INFO - Processing /home/airflow/.local/lib/python3.8/site-packages/airflow/example_dags/example_branch_labels.py took 0.574 seconds
[2023-11-13T08:04:27.423+0000] {processor.py:157} INFO - Started process (PID=1034) to work on /home/airflow/.local/lib/python3.8/site-packages/airflow/example_dags/example_branch_labels.py
[2023-11-13T08:04:27.571+0000] {processor.py:829} INFO - Processing file /home/airflow/.local/lib/python3.8/site-packages/airflow/example_dags/example_branch_labels.py for tasks to queue
[2023-11-13T08:04:27.575+0000] {logging_mixin.py:154} INFO - [2023-11-13T08:04:27.575+0000] {dagbag.py:536} INFO - Filling up the DagBag from /home/airflow/.local/lib/python3.8/site-packages/airflow/example_dags/example_branch_labels.py
[2023-11-13T08:04:27.581+0000] {processor.py:839} INFO - DAG(s) dict_keys(['example_branch_labels']) retrieved from /home/airflow/.local/lib/python3.8/site-packages/airflow/example_dags/example_branch_labels.py
[2023-11-13T08:04:27.597+0000] {logging_mixin.py:154} INFO - [2023-11-13T08:04:27.597+0000] {dag.py:2941} INFO - Sync 1 DAGs
[2023-11-13T08:04:27.614+0000] {logging_mixin.py:154} INFO - [2023-11-13T08:04:27.614+0000] {dag.py:3722} INFO - Setting next_dagrun for example_branch_labels to 2023-11-12T00:00:00+00:00, run_after=2023-11-13T00:00:00+00:00
[2023-11-13T08:04:27.868+0000] {processor.py:179} INFO - Processing /home/airflow/.local/lib/python3.8/site-packages/airflow/example_dags/example_branch_labels.py took 0.447 seconds
[2023-11-13T08:04:58.994+0000] {processor.py:157} INFO - Started process (PID=1088) to work on /home/airflow/.local/lib/python3.8/site-packages/airflow/example_dags/example_branch_labels.py
[2023-11-13T08:04:59.131+0000] {processor.py:829} INFO - Processing file /home/airflow/.local/lib/python3.8/site-packages/airflow/example_dags/example_branch_labels.py for tasks to queue
[2023-11-13T08:04:59.134+0000] {logging_mixin.py:154} INFO - [2023-11-13T08:04:59.134+0000] {dagbag.py:536} INFO - Filling up the DagBag from /home/airflow/.local/lib/python3.8/site-packages/airflow/example_dags/example_branch_labels.py
[2023-11-13T08:04:59.144+0000] {processor.py:839} INFO - DAG(s) dict_keys(['example_branch_labels']) retrieved from /home/airflow/.local/lib/python3.8/site-packages/airflow/example_dags/example_branch_labels.py
[2023-11-13T08:04:59.162+0000] {logging_mixin.py:154} INFO - [2023-11-13T08:04:59.162+0000] {dag.py:2941} INFO - Sync 1 DAGs
[2023-11-13T08:04:59.179+0000] {logging_mixin.py:154} INFO - [2023-11-13T08:04:59.179+0000] {dag.py:3722} INFO - Setting next_dagrun for example_branch_labels to 2023-11-12T00:00:00+00:00, run_after=2023-11-13T00:00:00+00:00
[2023-11-13T08:04:59.281+0000] {processor.py:179} INFO - Processing /home/airflow/.local/lib/python3.8/site-packages/airflow/example_dags/example_branch_labels.py took 0.293 seconds
[2023-11-13T08:05:30.459+0000] {processor.py:157} INFO - Started process (PID=1142) to work on /home/airflow/.local/lib/python3.8/site-packages/airflow/example_dags/example_branch_labels.py
[2023-11-13T08:05:30.460+0000] {processor.py:829} INFO - Processing file /home/airflow/.local/lib/python3.8/site-packages/airflow/example_dags/example_branch_labels.py for tasks to queue
[2023-11-13T08:05:30.461+0000] {logging_mixin.py:154} INFO - [2023-11-13T08:05:30.461+0000] {dagbag.py:536} INFO - Filling up the DagBag from /home/airflow/.local/lib/python3.8/site-packages/airflow/example_dags/example_branch_labels.py
[2023-11-13T08:05:30.466+0000] {processor.py:839} INFO - DAG(s) dict_keys(['example_branch_labels']) retrieved from /home/airflow/.local/lib/python3.8/site-packages/airflow/example_dags/example_branch_labels.py
[2023-11-13T08:05:30.481+0000] {logging_mixin.py:154} INFO - [2023-11-13T08:05:30.481+0000] {dag.py:2941} INFO - Sync 1 DAGs
[2023-11-13T08:05:30.497+0000] {logging_mixin.py:154} INFO - [2023-11-13T08:05:30.496+0000] {dag.py:3722} INFO - Setting next_dagrun for example_branch_labels to 2023-11-12T00:00:00+00:00, run_after=2023-11-13T00:00:00+00:00
[2023-11-13T08:05:31.044+0000] {processor.py:179} INFO - Processing /home/airflow/.local/lib/python3.8/site-packages/airflow/example_dags/example_branch_labels.py took 0.586 seconds
[2023-11-13T08:06:01.260+0000] {processor.py:157} INFO - Started process (PID=1196) to work on /home/airflow/.local/lib/python3.8/site-packages/airflow/example_dags/example_branch_labels.py
[2023-11-13T08:06:01.261+0000] {processor.py:829} INFO - Processing file /home/airflow/.local/lib/python3.8/site-packages/airflow/example_dags/example_branch_labels.py for tasks to queue
[2023-11-13T08:06:01.263+0000] {logging_mixin.py:154} INFO - [2023-11-13T08:06:01.262+0000] {dagbag.py:536} INFO - Filling up the DagBag from /home/airflow/.local/lib/python3.8/site-packages/airflow/example_dags/example_branch_labels.py
[2023-11-13T08:06:01.268+0000] {processor.py:839} INFO - DAG(s) dict_keys(['example_branch_labels']) retrieved from /home/airflow/.local/lib/python3.8/site-packages/airflow/example_dags/example_branch_labels.py
[2023-11-13T08:06:01.283+0000] {logging_mixin.py:154} INFO - [2023-11-13T08:06:01.283+0000] {dag.py:2941} INFO - Sync 1 DAGs
[2023-11-13T08:06:01.301+0000] {logging_mixin.py:154} INFO - [2023-11-13T08:06:01.301+0000] {dag.py:3722} INFO - Setting next_dagrun for example_branch_labels to 2023-11-12T00:00:00+00:00, run_after=2023-11-13T00:00:00+00:00
[2023-11-13T08:06:01.331+0000] {processor.py:179} INFO - Processing /home/airflow/.local/lib/python3.8/site-packages/airflow/example_dags/example_branch_labels.py took 0.073 seconds
[2023-11-13T08:06:31.599+0000] {processor.py:157} INFO - Started process (PID=1250) to work on /home/airflow/.local/lib/python3.8/site-packages/airflow/example_dags/example_branch_labels.py
[2023-11-13T08:06:31.599+0000] {processor.py:829} INFO - Processing file /home/airflow/.local/lib/python3.8/site-packages/airflow/example_dags/example_branch_labels.py for tasks to queue
[2023-11-13T08:06:31.600+0000] {logging_mixin.py:154} INFO - [2023-11-13T08:06:31.600+0000] {dagbag.py:536} INFO - Filling up the DagBag from /home/airflow/.local/lib/python3.8/site-packages/airflow/example_dags/example_branch_labels.py
[2023-11-13T08:06:31.606+0000] {processor.py:839} INFO - DAG(s) dict_keys(['example_branch_labels']) retrieved from /home/airflow/.local/lib/python3.8/site-packages/airflow/example_dags/example_branch_labels.py
[2023-11-13T08:06:31.622+0000] {logging_mixin.py:154} INFO - [2023-11-13T08:06:31.622+0000] {dag.py:2941} INFO - Sync 1 DAGs
[2023-11-13T08:06:31.735+0000] {logging_mixin.py:154} INFO - [2023-11-13T08:06:31.734+0000] {dag.py:3722} INFO - Setting next_dagrun for example_branch_labels to 2023-11-12T00:00:00+00:00, run_after=2023-11-13T00:00:00+00:00
[2023-11-13T08:06:31.763+0000] {processor.py:179} INFO - Processing /home/airflow/.local/lib/python3.8/site-packages/airflow/example_dags/example_branch_labels.py took 0.167 seconds
[2023-11-13T08:07:02.239+0000] {processor.py:157} INFO - Started process (PID=1304) to work on /home/airflow/.local/lib/python3.8/site-packages/airflow/example_dags/example_branch_labels.py
[2023-11-13T08:07:02.247+0000] {processor.py:829} INFO - Processing file /home/airflow/.local/lib/python3.8/site-packages/airflow/example_dags/example_branch_labels.py for tasks to queue
[2023-11-13T08:07:02.248+0000] {logging_mixin.py:154} INFO - [2023-11-13T08:07:02.248+0000] {dagbag.py:536} INFO - Filling up the DagBag from /home/airflow/.local/lib/python3.8/site-packages/airflow/example_dags/example_branch_labels.py
[2023-11-13T08:07:02.254+0000] {processor.py:839} INFO - DAG(s) dict_keys(['example_branch_labels']) retrieved from /home/airflow/.local/lib/python3.8/site-packages/airflow/example_dags/example_branch_labels.py
[2023-11-13T08:07:02.269+0000] {logging_mixin.py:154} INFO - [2023-11-13T08:07:02.269+0000] {dag.py:2941} INFO - Sync 1 DAGs
[2023-11-13T08:07:02.286+0000] {logging_mixin.py:154} INFO - [2023-11-13T08:07:02.286+0000] {dag.py:3722} INFO - Setting next_dagrun for example_branch_labels to 2023-11-12T00:00:00+00:00, run_after=2023-11-13T00:00:00+00:00
[2023-11-13T08:07:02.985+0000] {processor.py:179} INFO - Processing /home/airflow/.local/lib/python3.8/site-packages/airflow/example_dags/example_branch_labels.py took 0.750 seconds
[2023-11-13T08:07:33.385+0000] {processor.py:157} INFO - Started process (PID=1358) to work on /home/airflow/.local/lib/python3.8/site-packages/airflow/example_dags/example_branch_labels.py
[2023-11-13T08:07:33.385+0000] {processor.py:829} INFO - Processing file /home/airflow/.local/lib/python3.8/site-packages/airflow/example_dags/example_branch_labels.py for tasks to queue
[2023-11-13T08:07:33.387+0000] {logging_mixin.py:154} INFO - [2023-11-13T08:07:33.387+0000] {dagbag.py:536} INFO - Filling up the DagBag from /home/airflow/.local/lib/python3.8/site-packages/airflow/example_dags/example_branch_labels.py
[2023-11-13T08:07:33.392+0000] {processor.py:839} INFO - DAG(s) dict_keys(['example_branch_labels']) retrieved from /home/airflow/.local/lib/python3.8/site-packages/airflow/example_dags/example_branch_labels.py
[2023-11-13T08:07:33.407+0000] {logging_mixin.py:154} INFO - [2023-11-13T08:07:33.407+0000] {dag.py:2941} INFO - Sync 1 DAGs
[2023-11-13T08:07:33.422+0000] {logging_mixin.py:154} INFO - [2023-11-13T08:07:33.422+0000] {dag.py:3722} INFO - Setting next_dagrun for example_branch_labels to 2023-11-12T00:00:00+00:00, run_after=2023-11-13T00:00:00+00:00
[2023-11-13T08:07:33.580+0000] {processor.py:179} INFO - Processing /home/airflow/.local/lib/python3.8/site-packages/airflow/example_dags/example_branch_labels.py took 0.197 seconds
[2023-11-13T08:08:03.983+0000] {processor.py:157} INFO - Started process (PID=1412) to work on /home/airflow/.local/lib/python3.8/site-packages/airflow/example_dags/example_branch_labels.py
[2023-11-13T08:08:03.991+0000] {processor.py:829} INFO - Processing file /home/airflow/.local/lib/python3.8/site-packages/airflow/example_dags/example_branch_labels.py for tasks to queue
[2023-11-13T08:08:03.992+0000] {logging_mixin.py:154} INFO - [2023-11-13T08:08:03.992+0000] {dagbag.py:536} INFO - Filling up the DagBag from /home/airflow/.local/lib/python3.8/site-packages/airflow/example_dags/example_branch_labels.py
[2023-11-13T08:08:03.998+0000] {processor.py:839} INFO - DAG(s) dict_keys(['example_branch_labels']) retrieved from /home/airflow/.local/lib/python3.8/site-packages/airflow/example_dags/example_branch_labels.py
[2023-11-13T08:08:04.015+0000] {logging_mixin.py:154} INFO - [2023-11-13T08:08:04.014+0000] {dag.py:2941} INFO - Sync 1 DAGs
[2023-11-13T08:08:04.130+0000] {logging_mixin.py:154} INFO - [2023-11-13T08:08:04.130+0000] {dag.py:3722} INFO - Setting next_dagrun for example_branch_labels to 2023-11-12T00:00:00+00:00, run_after=2023-11-13T00:00:00+00:00
[2023-11-13T08:08:04.175+0000] {processor.py:179} INFO - Processing /home/airflow/.local/lib/python3.8/site-packages/airflow/example_dags/example_branch_labels.py took 0.194 seconds
[2023-11-13T08:08:34.244+0000] {processor.py:157} INFO - Started process (PID=1466) to work on /home/airflow/.local/lib/python3.8/site-packages/airflow/example_dags/example_branch_labels.py
[2023-11-13T08:08:34.245+0000] {processor.py:829} INFO - Processing file /home/airflow/.local/lib/python3.8/site-packages/airflow/example_dags/example_branch_labels.py for tasks to queue
[2023-11-13T08:08:34.246+0000] {logging_mixin.py:154} INFO - [2023-11-13T08:08:34.246+0000] {dagbag.py:536} INFO - Filling up the DagBag from /home/airflow/.local/lib/python3.8/site-packages/airflow/example_dags/example_branch_labels.py
[2023-11-13T08:08:34.252+0000] {processor.py:839} INFO - DAG(s) dict_keys(['example_branch_labels']) retrieved from /home/airflow/.local/lib/python3.8/site-packages/airflow/example_dags/example_branch_labels.py
[2023-11-13T08:08:34.268+0000] {logging_mixin.py:154} INFO - [2023-11-13T08:08:34.268+0000] {dag.py:2941} INFO - Sync 1 DAGs
[2023-11-13T08:08:34.289+0000] {logging_mixin.py:154} INFO - [2023-11-13T08:08:34.289+0000] {dag.py:3722} INFO - Setting next_dagrun for example_branch_labels to 2023-11-12T00:00:00+00:00, run_after=2023-11-13T00:00:00+00:00
[2023-11-13T08:08:34.415+0000] {processor.py:179} INFO - Processing /home/airflow/.local/lib/python3.8/site-packages/airflow/example_dags/example_branch_labels.py took 0.173 seconds
[2023-11-13T08:09:04.945+0000] {processor.py:157} INFO - Started process (PID=1520) to work on /home/airflow/.local/lib/python3.8/site-packages/airflow/example_dags/example_branch_labels.py
[2023-11-13T08:09:04.980+0000] {processor.py:829} INFO - Processing file /home/airflow/.local/lib/python3.8/site-packages/airflow/example_dags/example_branch_labels.py for tasks to queue
[2023-11-13T08:09:04.981+0000] {logging_mixin.py:154} INFO - [2023-11-13T08:09:04.981+0000] {dagbag.py:536} INFO - Filling up the DagBag from /home/airflow/.local/lib/python3.8/site-packages/airflow/example_dags/example_branch_labels.py
[2023-11-13T08:09:04.987+0000] {processor.py:839} INFO - DAG(s) dict_keys(['example_branch_labels']) retrieved from /home/airflow/.local/lib/python3.8/site-packages/airflow/example_dags/example_branch_labels.py
[2023-11-13T08:09:05.094+0000] {logging_mixin.py:154} INFO - [2023-11-13T08:09:05.094+0000] {dag.py:2941} INFO - Sync 1 DAGs
[2023-11-13T08:09:05.108+0000] {logging_mixin.py:154} INFO - [2023-11-13T08:09:05.108+0000] {dag.py:3722} INFO - Setting next_dagrun for example_branch_labels to 2023-11-12T00:00:00+00:00, run_after=2023-11-13T00:00:00+00:00
[2023-11-13T08:09:05.326+0000] {processor.py:179} INFO - Processing /home/airflow/.local/lib/python3.8/site-packages/airflow/example_dags/example_branch_labels.py took 0.384 seconds
[2023-11-13T08:09:35.835+0000] {processor.py:157} INFO - Started process (PID=1574) to work on /home/airflow/.local/lib/python3.8/site-packages/airflow/example_dags/example_branch_labels.py
[2023-11-13T08:09:35.836+0000] {processor.py:829} INFO - Processing file /home/airflow/.local/lib/python3.8/site-packages/airflow/example_dags/example_branch_labels.py for tasks to queue
[2023-11-13T08:09:35.838+0000] {logging_mixin.py:154} INFO - [2023-11-13T08:09:35.837+0000] {dagbag.py:536} INFO - Filling up the DagBag from /home/airflow/.local/lib/python3.8/site-packages/airflow/example_dags/example_branch_labels.py
[2023-11-13T08:09:35.843+0000] {processor.py:839} INFO - DAG(s) dict_keys(['example_branch_labels']) retrieved from /home/airflow/.local/lib/python3.8/site-packages/airflow/example_dags/example_branch_labels.py
[2023-11-13T08:09:35.859+0000] {logging_mixin.py:154} INFO - [2023-11-13T08:09:35.858+0000] {dag.py:2941} INFO - Sync 1 DAGs
[2023-11-13T08:09:35.976+0000] {logging_mixin.py:154} INFO - [2023-11-13T08:09:35.976+0000] {dag.py:3722} INFO - Setting next_dagrun for example_branch_labels to 2023-11-12T00:00:00+00:00, run_after=2023-11-13T00:00:00+00:00
[2023-11-13T08:09:36.004+0000] {processor.py:179} INFO - Processing /home/airflow/.local/lib/python3.8/site-packages/airflow/example_dags/example_branch_labels.py took 0.172 seconds
[2023-11-13T08:10:06.718+0000] {processor.py:157} INFO - Started process (PID=1628) to work on /home/airflow/.local/lib/python3.8/site-packages/airflow/example_dags/example_branch_labels.py
[2023-11-13T08:10:06.724+0000] {processor.py:829} INFO - Processing file /home/airflow/.local/lib/python3.8/site-packages/airflow/example_dags/example_branch_labels.py for tasks to queue
[2023-11-13T08:10:06.726+0000] {logging_mixin.py:154} INFO - [2023-11-13T08:10:06.726+0000] {dagbag.py:536} INFO - Filling up the DagBag from /home/airflow/.local/lib/python3.8/site-packages/airflow/example_dags/example_branch_labels.py
[2023-11-13T08:10:06.731+0000] {processor.py:839} INFO - DAG(s) dict_keys(['example_branch_labels']) retrieved from /home/airflow/.local/lib/python3.8/site-packages/airflow/example_dags/example_branch_labels.py
[2023-11-13T08:10:06.746+0000] {logging_mixin.py:154} INFO - [2023-11-13T08:10:06.746+0000] {dag.py:2941} INFO - Sync 1 DAGs
[2023-11-13T08:10:06.763+0000] {logging_mixin.py:154} INFO - [2023-11-13T08:10:06.763+0000] {dag.py:3722} INFO - Setting next_dagrun for example_branch_labels to 2023-11-12T00:00:00+00:00, run_after=2023-11-13T00:00:00+00:00
[2023-11-13T08:10:06.791+0000] {processor.py:179} INFO - Processing /home/airflow/.local/lib/python3.8/site-packages/airflow/example_dags/example_branch_labels.py took 0.076 seconds
[2023-11-13T08:10:37.193+0000] {processor.py:157} INFO - Started process (PID=1682) to work on /home/airflow/.local/lib/python3.8/site-packages/airflow/example_dags/example_branch_labels.py
[2023-11-13T08:10:37.194+0000] {processor.py:829} INFO - Processing file /home/airflow/.local/lib/python3.8/site-packages/airflow/example_dags/example_branch_labels.py for tasks to queue
[2023-11-13T08:10:37.195+0000] {logging_mixin.py:154} INFO - [2023-11-13T08:10:37.195+0000] {dagbag.py:536} INFO - Filling up the DagBag from /home/airflow/.local/lib/python3.8/site-packages/airflow/example_dags/example_branch_labels.py
[2023-11-13T08:10:37.202+0000] {processor.py:839} INFO - DAG(s) dict_keys(['example_branch_labels']) retrieved from /home/airflow/.local/lib/python3.8/site-packages/airflow/example_dags/example_branch_labels.py
[2023-11-13T08:10:37.217+0000] {logging_mixin.py:154} INFO - [2023-11-13T08:10:37.217+0000] {dag.py:2941} INFO - Sync 1 DAGs
[2023-11-13T08:10:37.232+0000] {logging_mixin.py:154} INFO - [2023-11-13T08:10:37.232+0000] {dag.py:3722} INFO - Setting next_dagrun for example_branch_labels to 2023-11-12T00:00:00+00:00, run_after=2023-11-13T00:00:00+00:00
[2023-11-13T08:10:37.255+0000] {processor.py:179} INFO - Processing /home/airflow/.local/lib/python3.8/site-packages/airflow/example_dags/example_branch_labels.py took 0.066 seconds
[2023-11-13T08:11:10.113+0000] {processor.py:157} INFO - Started process (PID=1736) to work on /home/airflow/.local/lib/python3.8/site-packages/airflow/example_dags/example_branch_labels.py
[2023-11-13T08:11:10.114+0000] {processor.py:829} INFO - Processing file /home/airflow/.local/lib/python3.8/site-packages/airflow/example_dags/example_branch_labels.py for tasks to queue
[2023-11-13T08:11:10.116+0000] {logging_mixin.py:154} INFO - [2023-11-13T08:11:10.116+0000] {dagbag.py:536} INFO - Filling up the DagBag from /home/airflow/.local/lib/python3.8/site-packages/airflow/example_dags/example_branch_labels.py
[2023-11-13T08:11:10.121+0000] {processor.py:839} INFO - DAG(s) dict_keys(['example_branch_labels']) retrieved from /home/airflow/.local/lib/python3.8/site-packages/airflow/example_dags/example_branch_labels.py
[2023-11-13T08:11:10.137+0000] {logging_mixin.py:154} INFO - [2023-11-13T08:11:10.137+0000] {dag.py:2941} INFO - Sync 1 DAGs
[2023-11-13T08:11:10.154+0000] {logging_mixin.py:154} INFO - [2023-11-13T08:11:10.153+0000] {dag.py:3722} INFO - Setting next_dagrun for example_branch_labels to 2023-11-12T00:00:00+00:00, run_after=2023-11-13T00:00:00+00:00
[2023-11-13T08:11:10.182+0000] {processor.py:179} INFO - Processing /home/airflow/.local/lib/python3.8/site-packages/airflow/example_dags/example_branch_labels.py took 0.071 seconds
[2023-11-13T08:11:40.267+0000] {processor.py:157} INFO - Started process (PID=1790) to work on /home/airflow/.local/lib/python3.8/site-packages/airflow/example_dags/example_branch_labels.py
[2023-11-13T08:11:40.268+0000] {processor.py:829} INFO - Processing file /home/airflow/.local/lib/python3.8/site-packages/airflow/example_dags/example_branch_labels.py for tasks to queue
[2023-11-13T08:11:40.270+0000] {logging_mixin.py:154} INFO - [2023-11-13T08:11:40.270+0000] {dagbag.py:536} INFO - Filling up the DagBag from /home/airflow/.local/lib/python3.8/site-packages/airflow/example_dags/example_branch_labels.py
[2023-11-13T08:11:40.279+0000] {processor.py:839} INFO - DAG(s) dict_keys(['example_branch_labels']) retrieved from /home/airflow/.local/lib/python3.8/site-packages/airflow/example_dags/example_branch_labels.py
[2023-11-13T08:11:40.300+0000] {logging_mixin.py:154} INFO - [2023-11-13T08:11:40.300+0000] {dag.py:2941} INFO - Sync 1 DAGs
[2023-11-13T08:11:40.318+0000] {logging_mixin.py:154} INFO - [2023-11-13T08:11:40.317+0000] {dag.py:3722} INFO - Setting next_dagrun for example_branch_labels to 2023-11-12T00:00:00+00:00, run_after=2023-11-13T00:00:00+00:00
[2023-11-13T08:11:40.360+0000] {processor.py:179} INFO - Processing /home/airflow/.local/lib/python3.8/site-packages/airflow/example_dags/example_branch_labels.py took 0.097 seconds
[2023-11-13T08:12:12.087+0000] {processor.py:157} INFO - Started process (PID=1844) to work on /home/airflow/.local/lib/python3.8/site-packages/airflow/example_dags/example_branch_labels.py
[2023-11-13T08:12:12.102+0000] {processor.py:829} INFO - Processing file /home/airflow/.local/lib/python3.8/site-packages/airflow/example_dags/example_branch_labels.py for tasks to queue
[2023-11-13T08:12:12.104+0000] {logging_mixin.py:154} INFO - [2023-11-13T08:12:12.103+0000] {dagbag.py:536} INFO - Filling up the DagBag from /home/airflow/.local/lib/python3.8/site-packages/airflow/example_dags/example_branch_labels.py
[2023-11-13T08:12:12.109+0000] {processor.py:839} INFO - DAG(s) dict_keys(['example_branch_labels']) retrieved from /home/airflow/.local/lib/python3.8/site-packages/airflow/example_dags/example_branch_labels.py
[2023-11-13T08:12:12.124+0000] {logging_mixin.py:154} INFO - [2023-11-13T08:12:12.124+0000] {dag.py:2941} INFO - Sync 1 DAGs
[2023-11-13T08:12:12.140+0000] {logging_mixin.py:154} INFO - [2023-11-13T08:12:12.140+0000] {dag.py:3722} INFO - Setting next_dagrun for example_branch_labels to 2023-11-12T00:00:00+00:00, run_after=2023-11-13T00:00:00+00:00
[2023-11-13T08:12:12.169+0000] {processor.py:179} INFO - Processing /home/airflow/.local/lib/python3.8/site-packages/airflow/example_dags/example_branch_labels.py took 0.085 seconds
[2023-11-13T08:12:44.216+0000] {processor.py:157} INFO - Started process (PID=1898) to work on /home/airflow/.local/lib/python3.8/site-packages/airflow/example_dags/example_branch_labels.py
[2023-11-13T08:12:44.217+0000] {processor.py:829} INFO - Processing file /home/airflow/.local/lib/python3.8/site-packages/airflow/example_dags/example_branch_labels.py for tasks to queue
[2023-11-13T08:12:44.219+0000] {logging_mixin.py:154} INFO - [2023-11-13T08:12:44.218+0000] {dagbag.py:536} INFO - Filling up the DagBag from /home/airflow/.local/lib/python3.8/site-packages/airflow/example_dags/example_branch_labels.py
[2023-11-13T08:12:44.224+0000] {processor.py:839} INFO - DAG(s) dict_keys(['example_branch_labels']) retrieved from /home/airflow/.local/lib/python3.8/site-packages/airflow/example_dags/example_branch_labels.py
[2023-11-13T08:12:44.239+0000] {logging_mixin.py:154} INFO - [2023-11-13T08:12:44.239+0000] {dag.py:2941} INFO - Sync 1 DAGs
[2023-11-13T08:12:44.256+0000] {logging_mixin.py:154} INFO - [2023-11-13T08:12:44.256+0000] {dag.py:3722} INFO - Setting next_dagrun for example_branch_labels to 2023-11-12T00:00:00+00:00, run_after=2023-11-13T00:00:00+00:00
[2023-11-13T08:12:44.279+0000] {processor.py:179} INFO - Processing /home/airflow/.local/lib/python3.8/site-packages/airflow/example_dags/example_branch_labels.py took 0.065 seconds
[2023-11-13T08:13:16.595+0000] {processor.py:157} INFO - Started process (PID=1952) to work on /home/airflow/.local/lib/python3.8/site-packages/airflow/example_dags/example_branch_labels.py
[2023-11-13T08:13:16.615+0000] {processor.py:829} INFO - Processing file /home/airflow/.local/lib/python3.8/site-packages/airflow/example_dags/example_branch_labels.py for tasks to queue
[2023-11-13T08:13:16.617+0000] {logging_mixin.py:154} INFO - [2023-11-13T08:13:16.617+0000] {dagbag.py:536} INFO - Filling up the DagBag from /home/airflow/.local/lib/python3.8/site-packages/airflow/example_dags/example_branch_labels.py
[2023-11-13T08:13:16.625+0000] {processor.py:839} INFO - DAG(s) dict_keys(['example_branch_labels']) retrieved from /home/airflow/.local/lib/python3.8/site-packages/airflow/example_dags/example_branch_labels.py
[2023-11-13T08:13:16.641+0000] {logging_mixin.py:154} INFO - [2023-11-13T08:13:16.641+0000] {dag.py:2941} INFO - Sync 1 DAGs
[2023-11-13T08:13:16.657+0000] {logging_mixin.py:154} INFO - [2023-11-13T08:13:16.656+0000] {dag.py:3722} INFO - Setting next_dagrun for example_branch_labels to 2023-11-12T00:00:00+00:00, run_after=2023-11-13T00:00:00+00:00
[2023-11-13T08:13:16.704+0000] {processor.py:179} INFO - Processing /home/airflow/.local/lib/python3.8/site-packages/airflow/example_dags/example_branch_labels.py took 0.113 seconds
[2023-11-13T08:13:47.167+0000] {processor.py:157} INFO - Started process (PID=2006) to work on /home/airflow/.local/lib/python3.8/site-packages/airflow/example_dags/example_branch_labels.py
[2023-11-13T08:13:47.168+0000] {processor.py:829} INFO - Processing file /home/airflow/.local/lib/python3.8/site-packages/airflow/example_dags/example_branch_labels.py for tasks to queue
[2023-11-13T08:13:47.169+0000] {logging_mixin.py:154} INFO - [2023-11-13T08:13:47.169+0000] {dagbag.py:536} INFO - Filling up the DagBag from /home/airflow/.local/lib/python3.8/site-packages/airflow/example_dags/example_branch_labels.py
[2023-11-13T08:13:47.175+0000] {processor.py:839} INFO - DAG(s) dict_keys(['example_branch_labels']) retrieved from /home/airflow/.local/lib/python3.8/site-packages/airflow/example_dags/example_branch_labels.py
[2023-11-13T08:13:47.190+0000] {logging_mixin.py:154} INFO - [2023-11-13T08:13:47.190+0000] {dag.py:2941} INFO - Sync 1 DAGs
[2023-11-13T08:13:47.206+0000] {logging_mixin.py:154} INFO - [2023-11-13T08:13:47.206+0000] {dag.py:3722} INFO - Setting next_dagrun for example_branch_labels to 2023-11-12T00:00:00+00:00, run_after=2023-11-13T00:00:00+00:00
[2023-11-13T08:13:47.240+0000] {processor.py:179} INFO - Processing /home/airflow/.local/lib/python3.8/site-packages/airflow/example_dags/example_branch_labels.py took 0.075 seconds
[2023-11-13T08:14:17.876+0000] {processor.py:157} INFO - Started process (PID=2060) to work on /home/airflow/.local/lib/python3.8/site-packages/airflow/example_dags/example_branch_labels.py
[2023-11-13T08:14:17.898+0000] {processor.py:829} INFO - Processing file /home/airflow/.local/lib/python3.8/site-packages/airflow/example_dags/example_branch_labels.py for tasks to queue
[2023-11-13T08:14:17.900+0000] {logging_mixin.py:154} INFO - [2023-11-13T08:14:17.900+0000] {dagbag.py:536} INFO - Filling up the DagBag from /home/airflow/.local/lib/python3.8/site-packages/airflow/example_dags/example_branch_labels.py
[2023-11-13T08:14:17.908+0000] {processor.py:839} INFO - DAG(s) dict_keys(['example_branch_labels']) retrieved from /home/airflow/.local/lib/python3.8/site-packages/airflow/example_dags/example_branch_labels.py
[2023-11-13T08:14:17.931+0000] {logging_mixin.py:154} INFO - [2023-11-13T08:14:17.931+0000] {dag.py:2941} INFO - Sync 1 DAGs
[2023-11-13T08:14:17.952+0000] {logging_mixin.py:154} INFO - [2023-11-13T08:14:17.952+0000] {dag.py:3722} INFO - Setting next_dagrun for example_branch_labels to 2023-11-12T00:00:00+00:00, run_after=2023-11-13T00:00:00+00:00
[2023-11-13T08:14:17.981+0000] {processor.py:179} INFO - Processing /home/airflow/.local/lib/python3.8/site-packages/airflow/example_dags/example_branch_labels.py took 0.108 seconds
[2023-11-13T08:14:50.539+0000] {processor.py:157} INFO - Started process (PID=2114) to work on /home/airflow/.local/lib/python3.8/site-packages/airflow/example_dags/example_branch_labels.py
[2023-11-13T08:14:51.088+0000] {processor.py:829} INFO - Processing file /home/airflow/.local/lib/python3.8/site-packages/airflow/example_dags/example_branch_labels.py for tasks to queue
[2023-11-13T08:14:51.093+0000] {logging_mixin.py:154} INFO - [2023-11-13T08:14:51.093+0000] {dagbag.py:536} INFO - Filling up the DagBag from /home/airflow/.local/lib/python3.8/site-packages/airflow/example_dags/example_branch_labels.py
[2023-11-13T08:14:51.098+0000] {processor.py:839} INFO - DAG(s) dict_keys(['example_branch_labels']) retrieved from /home/airflow/.local/lib/python3.8/site-packages/airflow/example_dags/example_branch_labels.py
[2023-11-13T08:14:51.113+0000] {logging_mixin.py:154} INFO - [2023-11-13T08:14:51.113+0000] {dag.py:2941} INFO - Sync 1 DAGs
[2023-11-13T08:14:51.130+0000] {logging_mixin.py:154} INFO - [2023-11-13T08:14:51.130+0000] {dag.py:3722} INFO - Setting next_dagrun for example_branch_labels to 2023-11-12T00:00:00+00:00, run_after=2023-11-13T00:00:00+00:00
[2023-11-13T08:14:51.155+0000] {processor.py:179} INFO - Processing /home/airflow/.local/lib/python3.8/site-packages/airflow/example_dags/example_branch_labels.py took 0.618 seconds
[2023-11-13T08:15:21.825+0000] {processor.py:157} INFO - Started process (PID=2168) to work on /home/airflow/.local/lib/python3.8/site-packages/airflow/example_dags/example_branch_labels.py
[2023-11-13T08:15:21.828+0000] {processor.py:829} INFO - Processing file /home/airflow/.local/lib/python3.8/site-packages/airflow/example_dags/example_branch_labels.py for tasks to queue
[2023-11-13T08:15:21.829+0000] {logging_mixin.py:154} INFO - [2023-11-13T08:15:21.829+0000] {dagbag.py:536} INFO - Filling up the DagBag from /home/airflow/.local/lib/python3.8/site-packages/airflow/example_dags/example_branch_labels.py
[2023-11-13T08:15:21.835+0000] {processor.py:839} INFO - DAG(s) dict_keys(['example_branch_labels']) retrieved from /home/airflow/.local/lib/python3.8/site-packages/airflow/example_dags/example_branch_labels.py
[2023-11-13T08:15:21.850+0000] {logging_mixin.py:154} INFO - [2023-11-13T08:15:21.850+0000] {dag.py:2941} INFO - Sync 1 DAGs
[2023-11-13T08:15:21.866+0000] {logging_mixin.py:154} INFO - [2023-11-13T08:15:21.866+0000] {dag.py:3722} INFO - Setting next_dagrun for example_branch_labels to 2023-11-12T00:00:00+00:00, run_after=2023-11-13T00:00:00+00:00
[2023-11-13T08:15:21.946+0000] {processor.py:179} INFO - Processing /home/airflow/.local/lib/python3.8/site-packages/airflow/example_dags/example_branch_labels.py took 0.123 seconds
[2023-11-13T08:15:52.068+0000] {processor.py:157} INFO - Started process (PID=2222) to work on /home/airflow/.local/lib/python3.8/site-packages/airflow/example_dags/example_branch_labels.py
[2023-11-13T08:15:52.069+0000] {processor.py:829} INFO - Processing file /home/airflow/.local/lib/python3.8/site-packages/airflow/example_dags/example_branch_labels.py for tasks to queue
[2023-11-13T08:15:52.072+0000] {logging_mixin.py:154} INFO - [2023-11-13T08:15:52.071+0000] {dagbag.py:536} INFO - Filling up the DagBag from /home/airflow/.local/lib/python3.8/site-packages/airflow/example_dags/example_branch_labels.py
[2023-11-13T08:15:52.079+0000] {processor.py:839} INFO - DAG(s) dict_keys(['example_branch_labels']) retrieved from /home/airflow/.local/lib/python3.8/site-packages/airflow/example_dags/example_branch_labels.py
[2023-11-13T08:15:52.095+0000] {logging_mixin.py:154} INFO - [2023-11-13T08:15:52.095+0000] {dag.py:2941} INFO - Sync 1 DAGs
[2023-11-13T08:15:52.110+0000] {logging_mixin.py:154} INFO - [2023-11-13T08:15:52.110+0000] {dag.py:3722} INFO - Setting next_dagrun for example_branch_labels to 2023-11-12T00:00:00+00:00, run_after=2023-11-13T00:00:00+00:00
[2023-11-13T08:15:52.136+0000] {processor.py:179} INFO - Processing /home/airflow/.local/lib/python3.8/site-packages/airflow/example_dags/example_branch_labels.py took 0.072 seconds
[2023-11-13T08:16:23.156+0000] {processor.py:157} INFO - Started process (PID=2276) to work on /home/airflow/.local/lib/python3.8/site-packages/airflow/example_dags/example_branch_labels.py
[2023-11-13T08:16:23.170+0000] {processor.py:829} INFO - Processing file /home/airflow/.local/lib/python3.8/site-packages/airflow/example_dags/example_branch_labels.py for tasks to queue
[2023-11-13T08:16:23.172+0000] {logging_mixin.py:154} INFO - [2023-11-13T08:16:23.172+0000] {dagbag.py:536} INFO - Filling up the DagBag from /home/airflow/.local/lib/python3.8/site-packages/airflow/example_dags/example_branch_labels.py
[2023-11-13T08:16:23.178+0000] {processor.py:839} INFO - DAG(s) dict_keys(['example_branch_labels']) retrieved from /home/airflow/.local/lib/python3.8/site-packages/airflow/example_dags/example_branch_labels.py
[2023-11-13T08:16:23.193+0000] {logging_mixin.py:154} INFO - [2023-11-13T08:16:23.193+0000] {dag.py:2941} INFO - Sync 1 DAGs
[2023-11-13T08:16:23.209+0000] {logging_mixin.py:154} INFO - [2023-11-13T08:16:23.209+0000] {dag.py:3722} INFO - Setting next_dagrun for example_branch_labels to 2023-11-12T00:00:00+00:00, run_after=2023-11-13T00:00:00+00:00
[2023-11-13T08:16:23.240+0000] {processor.py:179} INFO - Processing /home/airflow/.local/lib/python3.8/site-packages/airflow/example_dags/example_branch_labels.py took 0.086 seconds
[2023-11-13T08:16:53.432+0000] {processor.py:157} INFO - Started process (PID=2330) to work on /home/airflow/.local/lib/python3.8/site-packages/airflow/example_dags/example_branch_labels.py
[2023-11-13T08:16:53.433+0000] {processor.py:829} INFO - Processing file /home/airflow/.local/lib/python3.8/site-packages/airflow/example_dags/example_branch_labels.py for tasks to queue
[2023-11-13T08:16:53.434+0000] {logging_mixin.py:154} INFO - [2023-11-13T08:16:53.434+0000] {dagbag.py:536} INFO - Filling up the DagBag from /home/airflow/.local/lib/python3.8/site-packages/airflow/example_dags/example_branch_labels.py
[2023-11-13T08:16:53.440+0000] {processor.py:839} INFO - DAG(s) dict_keys(['example_branch_labels']) retrieved from /home/airflow/.local/lib/python3.8/site-packages/airflow/example_dags/example_branch_labels.py
[2023-11-13T08:16:53.455+0000] {logging_mixin.py:154} INFO - [2023-11-13T08:16:53.455+0000] {dag.py:2941} INFO - Sync 1 DAGs
[2023-11-13T08:16:53.474+0000] {logging_mixin.py:154} INFO - [2023-11-13T08:16:53.474+0000] {dag.py:3722} INFO - Setting next_dagrun for example_branch_labels to 2023-11-12T00:00:00+00:00, run_after=2023-11-13T00:00:00+00:00
[2023-11-13T08:16:53.505+0000] {processor.py:179} INFO - Processing /home/airflow/.local/lib/python3.8/site-packages/airflow/example_dags/example_branch_labels.py took 0.075 seconds
[2023-11-13T08:17:26.975+0000] {processor.py:157} INFO - Started process (PID=2384) to work on /home/airflow/.local/lib/python3.8/site-packages/airflow/example_dags/example_branch_labels.py
[2023-11-13T08:17:27.382+0000] {processor.py:829} INFO - Processing file /home/airflow/.local/lib/python3.8/site-packages/airflow/example_dags/example_branch_labels.py for tasks to queue
[2023-11-13T08:17:27.394+0000] {logging_mixin.py:154} INFO - [2023-11-13T08:17:27.393+0000] {dagbag.py:536} INFO - Filling up the DagBag from /home/airflow/.local/lib/python3.8/site-packages/airflow/example_dags/example_branch_labels.py
[2023-11-13T08:17:27.419+0000] {processor.py:839} INFO - DAG(s) dict_keys(['example_branch_labels']) retrieved from /home/airflow/.local/lib/python3.8/site-packages/airflow/example_dags/example_branch_labels.py
[2023-11-13T08:17:27.444+0000] {logging_mixin.py:154} INFO - [2023-11-13T08:17:27.443+0000] {dag.py:2941} INFO - Sync 1 DAGs
[2023-11-13T08:17:27.462+0000] {logging_mixin.py:154} INFO - [2023-11-13T08:17:27.461+0000] {dag.py:3722} INFO - Setting next_dagrun for example_branch_labels to 2023-11-12T00:00:00+00:00, run_after=2023-11-13T00:00:00+00:00
[2023-11-13T08:17:27.553+0000] {processor.py:179} INFO - Processing /home/airflow/.local/lib/python3.8/site-packages/airflow/example_dags/example_branch_labels.py took 0.580 seconds
[2023-11-13T08:17:58.269+0000] {processor.py:157} INFO - Started process (PID=2438) to work on /home/airflow/.local/lib/python3.8/site-packages/airflow/example_dags/example_branch_labels.py
[2023-11-13T08:17:58.270+0000] {processor.py:829} INFO - Processing file /home/airflow/.local/lib/python3.8/site-packages/airflow/example_dags/example_branch_labels.py for tasks to queue
[2023-11-13T08:17:58.272+0000] {logging_mixin.py:154} INFO - [2023-11-13T08:17:58.272+0000] {dagbag.py:536} INFO - Filling up the DagBag from /home/airflow/.local/lib/python3.8/site-packages/airflow/example_dags/example_branch_labels.py
[2023-11-13T08:17:58.277+0000] {processor.py:839} INFO - DAG(s) dict_keys(['example_branch_labels']) retrieved from /home/airflow/.local/lib/python3.8/site-packages/airflow/example_dags/example_branch_labels.py
[2023-11-13T08:17:58.293+0000] {logging_mixin.py:154} INFO - [2023-11-13T08:17:58.292+0000] {dag.py:2941} INFO - Sync 1 DAGs
[2023-11-13T08:17:58.308+0000] {logging_mixin.py:154} INFO - [2023-11-13T08:17:58.308+0000] {dag.py:3722} INFO - Setting next_dagrun for example_branch_labels to 2023-11-12T00:00:00+00:00, run_after=2023-11-13T00:00:00+00:00
[2023-11-13T08:17:58.352+0000] {processor.py:179} INFO - Processing /home/airflow/.local/lib/python3.8/site-packages/airflow/example_dags/example_branch_labels.py took 0.085 seconds
[2023-11-13T08:18:29.362+0000] {processor.py:157} INFO - Started process (PID=2492) to work on /home/airflow/.local/lib/python3.8/site-packages/airflow/example_dags/example_branch_labels.py
[2023-11-13T08:18:29.369+0000] {processor.py:829} INFO - Processing file /home/airflow/.local/lib/python3.8/site-packages/airflow/example_dags/example_branch_labels.py for tasks to queue
[2023-11-13T08:18:29.372+0000] {logging_mixin.py:154} INFO - [2023-11-13T08:18:29.371+0000] {dagbag.py:536} INFO - Filling up the DagBag from /home/airflow/.local/lib/python3.8/site-packages/airflow/example_dags/example_branch_labels.py
[2023-11-13T08:18:29.383+0000] {processor.py:839} INFO - DAG(s) dict_keys(['example_branch_labels']) retrieved from /home/airflow/.local/lib/python3.8/site-packages/airflow/example_dags/example_branch_labels.py
[2023-11-13T08:18:29.411+0000] {logging_mixin.py:154} INFO - [2023-11-13T08:18:29.410+0000] {dag.py:2941} INFO - Sync 1 DAGs
[2023-11-13T08:18:29.430+0000] {logging_mixin.py:154} INFO - [2023-11-13T08:18:29.430+0000] {dag.py:3722} INFO - Setting next_dagrun for example_branch_labels to 2023-11-12T00:00:00+00:00, run_after=2023-11-13T00:00:00+00:00
[2023-11-13T08:18:29.462+0000] {processor.py:179} INFO - Processing /home/airflow/.local/lib/python3.8/site-packages/airflow/example_dags/example_branch_labels.py took 0.104 seconds
[2023-11-13T08:19:01.543+0000] {processor.py:157} INFO - Started process (PID=2546) to work on /home/airflow/.local/lib/python3.8/site-packages/airflow/example_dags/example_branch_labels.py
[2023-11-13T08:19:01.544+0000] {processor.py:829} INFO - Processing file /home/airflow/.local/lib/python3.8/site-packages/airflow/example_dags/example_branch_labels.py for tasks to queue
[2023-11-13T08:19:01.546+0000] {logging_mixin.py:154} INFO - [2023-11-13T08:19:01.546+0000] {dagbag.py:536} INFO - Filling up the DagBag from /home/airflow/.local/lib/python3.8/site-packages/airflow/example_dags/example_branch_labels.py
[2023-11-13T08:19:01.551+0000] {processor.py:839} INFO - DAG(s) dict_keys(['example_branch_labels']) retrieved from /home/airflow/.local/lib/python3.8/site-packages/airflow/example_dags/example_branch_labels.py
[2023-11-13T08:19:01.566+0000] {logging_mixin.py:154} INFO - [2023-11-13T08:19:01.566+0000] {dag.py:2941} INFO - Sync 1 DAGs
[2023-11-13T08:19:01.582+0000] {logging_mixin.py:154} INFO - [2023-11-13T08:19:01.582+0000] {dag.py:3722} INFO - Setting next_dagrun for example_branch_labels to 2023-11-12T00:00:00+00:00, run_after=2023-11-13T00:00:00+00:00
[2023-11-13T08:19:01.857+0000] {processor.py:179} INFO - Processing /home/airflow/.local/lib/python3.8/site-packages/airflow/example_dags/example_branch_labels.py took 0.316 seconds
[2023-11-13T08:19:35.794+0000] {processor.py:157} INFO - Started process (PID=2600) to work on /home/airflow/.local/lib/python3.8/site-packages/airflow/example_dags/example_branch_labels.py
[2023-11-13T08:19:35.830+0000] {processor.py:829} INFO - Processing file /home/airflow/.local/lib/python3.8/site-packages/airflow/example_dags/example_branch_labels.py for tasks to queue
[2023-11-13T08:19:35.832+0000] {logging_mixin.py:154} INFO - [2023-11-13T08:19:35.832+0000] {dagbag.py:536} INFO - Filling up the DagBag from /home/airflow/.local/lib/python3.8/site-packages/airflow/example_dags/example_branch_labels.py
[2023-11-13T08:19:35.841+0000] {processor.py:839} INFO - DAG(s) dict_keys(['example_branch_labels']) retrieved from /home/airflow/.local/lib/python3.8/site-packages/airflow/example_dags/example_branch_labels.py
[2023-11-13T08:19:35.864+0000] {logging_mixin.py:154} INFO - [2023-11-13T08:19:35.864+0000] {dag.py:2941} INFO - Sync 1 DAGs
[2023-11-13T08:19:35.886+0000] {logging_mixin.py:154} INFO - [2023-11-13T08:19:35.886+0000] {dag.py:3722} INFO - Setting next_dagrun for example_branch_labels to 2023-11-12T00:00:00+00:00, run_after=2023-11-13T00:00:00+00:00
[2023-11-13T08:19:35.952+0000] {processor.py:179} INFO - Processing /home/airflow/.local/lib/python3.8/site-packages/airflow/example_dags/example_branch_labels.py took 0.161 seconds
[2023-11-13T08:20:09.469+0000] {processor.py:157} INFO - Started process (PID=2654) to work on /home/airflow/.local/lib/python3.8/site-packages/airflow/example_dags/example_branch_labels.py
[2023-11-13T08:20:09.470+0000] {processor.py:829} INFO - Processing file /home/airflow/.local/lib/python3.8/site-packages/airflow/example_dags/example_branch_labels.py for tasks to queue
[2023-11-13T08:20:09.471+0000] {logging_mixin.py:154} INFO - [2023-11-13T08:20:09.471+0000] {dagbag.py:536} INFO - Filling up the DagBag from /home/airflow/.local/lib/python3.8/site-packages/airflow/example_dags/example_branch_labels.py
[2023-11-13T08:20:09.476+0000] {processor.py:839} INFO - DAG(s) dict_keys(['example_branch_labels']) retrieved from /home/airflow/.local/lib/python3.8/site-packages/airflow/example_dags/example_branch_labels.py
[2023-11-13T08:20:09.491+0000] {logging_mixin.py:154} INFO - [2023-11-13T08:20:09.491+0000] {dag.py:2941} INFO - Sync 1 DAGs
[2023-11-13T08:20:09.506+0000] {logging_mixin.py:154} INFO - [2023-11-13T08:20:09.506+0000] {dag.py:3722} INFO - Setting next_dagrun for example_branch_labels to 2023-11-12T00:00:00+00:00, run_after=2023-11-13T00:00:00+00:00
[2023-11-13T08:20:10.271+0000] {processor.py:179} INFO - Processing /home/airflow/.local/lib/python3.8/site-packages/airflow/example_dags/example_branch_labels.py took 0.804 seconds
[2023-11-13T08:20:40.833+0000] {processor.py:157} INFO - Started process (PID=2708) to work on /home/airflow/.local/lib/python3.8/site-packages/airflow/example_dags/example_branch_labels.py
[2023-11-13T08:20:40.833+0000] {processor.py:829} INFO - Processing file /home/airflow/.local/lib/python3.8/site-packages/airflow/example_dags/example_branch_labels.py for tasks to queue
[2023-11-13T08:20:40.835+0000] {logging_mixin.py:154} INFO - [2023-11-13T08:20:40.835+0000] {dagbag.py:536} INFO - Filling up the DagBag from /home/airflow/.local/lib/python3.8/site-packages/airflow/example_dags/example_branch_labels.py
[2023-11-13T08:20:40.840+0000] {processor.py:839} INFO - DAG(s) dict_keys(['example_branch_labels']) retrieved from /home/airflow/.local/lib/python3.8/site-packages/airflow/example_dags/example_branch_labels.py
[2023-11-13T08:20:40.855+0000] {logging_mixin.py:154} INFO - [2023-11-13T08:20:40.855+0000] {dag.py:2941} INFO - Sync 1 DAGs
[2023-11-13T08:20:40.871+0000] {logging_mixin.py:154} INFO - [2023-11-13T08:20:40.871+0000] {dag.py:3722} INFO - Setting next_dagrun for example_branch_labels to 2023-11-12T00:00:00+00:00, run_after=2023-11-13T00:00:00+00:00
[2023-11-13T08:20:40.905+0000] {processor.py:179} INFO - Processing /home/airflow/.local/lib/python3.8/site-packages/airflow/example_dags/example_branch_labels.py took 0.074 seconds
[2023-11-13T08:21:11.645+0000] {processor.py:157} INFO - Started process (PID=2762) to work on /home/airflow/.local/lib/python3.8/site-packages/airflow/example_dags/example_branch_labels.py
[2023-11-13T08:21:11.820+0000] {processor.py:829} INFO - Processing file /home/airflow/.local/lib/python3.8/site-packages/airflow/example_dags/example_branch_labels.py for tasks to queue
[2023-11-13T08:21:11.827+0000] {logging_mixin.py:154} INFO - [2023-11-13T08:21:11.826+0000] {dagbag.py:536} INFO - Filling up the DagBag from /home/airflow/.local/lib/python3.8/site-packages/airflow/example_dags/example_branch_labels.py
[2023-11-13T08:21:11.851+0000] {processor.py:839} INFO - DAG(s) dict_keys(['example_branch_labels']) retrieved from /home/airflow/.local/lib/python3.8/site-packages/airflow/example_dags/example_branch_labels.py
[2023-11-13T08:21:11.875+0000] {logging_mixin.py:154} INFO - [2023-11-13T08:21:11.874+0000] {dag.py:2941} INFO - Sync 1 DAGs
[2023-11-13T08:21:11.891+0000] {logging_mixin.py:154} INFO - [2023-11-13T08:21:11.891+0000] {dag.py:3722} INFO - Setting next_dagrun for example_branch_labels to 2023-11-12T00:00:00+00:00, run_after=2023-11-13T00:00:00+00:00
[2023-11-13T08:21:12.152+0000] {processor.py:179} INFO - Processing /home/airflow/.local/lib/python3.8/site-packages/airflow/example_dags/example_branch_labels.py took 0.510 seconds
[2023-11-13T08:21:42.341+0000] {processor.py:157} INFO - Started process (PID=2816) to work on /home/airflow/.local/lib/python3.8/site-packages/airflow/example_dags/example_branch_labels.py
[2023-11-13T08:21:42.342+0000] {processor.py:829} INFO - Processing file /home/airflow/.local/lib/python3.8/site-packages/airflow/example_dags/example_branch_labels.py for tasks to queue
[2023-11-13T08:21:42.343+0000] {logging_mixin.py:154} INFO - [2023-11-13T08:21:42.343+0000] {dagbag.py:536} INFO - Filling up the DagBag from /home/airflow/.local/lib/python3.8/site-packages/airflow/example_dags/example_branch_labels.py
[2023-11-13T08:21:42.349+0000] {processor.py:839} INFO - DAG(s) dict_keys(['example_branch_labels']) retrieved from /home/airflow/.local/lib/python3.8/site-packages/airflow/example_dags/example_branch_labels.py
[2023-11-13T08:21:42.365+0000] {logging_mixin.py:154} INFO - [2023-11-13T08:21:42.364+0000] {dag.py:2941} INFO - Sync 1 DAGs
[2023-11-13T08:21:42.381+0000] {logging_mixin.py:154} INFO - [2023-11-13T08:21:42.381+0000] {dag.py:3722} INFO - Setting next_dagrun for example_branch_labels to 2023-11-12T00:00:00+00:00, run_after=2023-11-13T00:00:00+00:00
[2023-11-13T08:21:42.567+0000] {processor.py:179} INFO - Processing /home/airflow/.local/lib/python3.8/site-packages/airflow/example_dags/example_branch_labels.py took 0.228 seconds
[2023-11-13T08:22:14.981+0000] {processor.py:157} INFO - Started process (PID=2870) to work on /home/airflow/.local/lib/python3.8/site-packages/airflow/example_dags/example_branch_labels.py
[2023-11-13T08:22:14.987+0000] {processor.py:829} INFO - Processing file /home/airflow/.local/lib/python3.8/site-packages/airflow/example_dags/example_branch_labels.py for tasks to queue
[2023-11-13T08:22:14.989+0000] {logging_mixin.py:154} INFO - [2023-11-13T08:22:14.989+0000] {dagbag.py:536} INFO - Filling up the DagBag from /home/airflow/.local/lib/python3.8/site-packages/airflow/example_dags/example_branch_labels.py
[2023-11-13T08:22:14.995+0000] {processor.py:839} INFO - DAG(s) dict_keys(['example_branch_labels']) retrieved from /home/airflow/.local/lib/python3.8/site-packages/airflow/example_dags/example_branch_labels.py
[2023-11-13T08:22:15.040+0000] {logging_mixin.py:154} INFO - [2023-11-13T08:22:15.040+0000] {dag.py:2941} INFO - Sync 1 DAGs
[2023-11-13T08:22:15.062+0000] {logging_mixin.py:154} INFO - [2023-11-13T08:22:15.062+0000] {dag.py:3722} INFO - Setting next_dagrun for example_branch_labels to 2023-11-12T00:00:00+00:00, run_after=2023-11-13T00:00:00+00:00
[2023-11-13T08:22:15.113+0000] {processor.py:179} INFO - Processing /home/airflow/.local/lib/python3.8/site-packages/airflow/example_dags/example_branch_labels.py took 0.134 seconds
[2023-11-13T08:22:46.548+0000] {processor.py:157} INFO - Started process (PID=2924) to work on /home/airflow/.local/lib/python3.8/site-packages/airflow/example_dags/example_branch_labels.py
[2023-11-13T08:22:46.704+0000] {processor.py:829} INFO - Processing file /home/airflow/.local/lib/python3.8/site-packages/airflow/example_dags/example_branch_labels.py for tasks to queue
[2023-11-13T08:22:46.710+0000] {logging_mixin.py:154} INFO - [2023-11-13T08:22:46.710+0000] {dagbag.py:536} INFO - Filling up the DagBag from /home/airflow/.local/lib/python3.8/site-packages/airflow/example_dags/example_branch_labels.py
[2023-11-13T08:22:46.716+0000] {processor.py:839} INFO - DAG(s) dict_keys(['example_branch_labels']) retrieved from /home/airflow/.local/lib/python3.8/site-packages/airflow/example_dags/example_branch_labels.py
[2023-11-13T08:22:46.732+0000] {logging_mixin.py:154} INFO - [2023-11-13T08:22:46.732+0000] {dag.py:2941} INFO - Sync 1 DAGs
[2023-11-13T08:22:46.749+0000] {logging_mixin.py:154} INFO - [2023-11-13T08:22:46.749+0000] {dag.py:3722} INFO - Setting next_dagrun for example_branch_labels to 2023-11-12T00:00:00+00:00, run_after=2023-11-13T00:00:00+00:00
[2023-11-13T08:22:46.778+0000] {processor.py:179} INFO - Processing /home/airflow/.local/lib/python3.8/site-packages/airflow/example_dags/example_branch_labels.py took 0.232 seconds
[2023-11-13T08:23:17.231+0000] {processor.py:157} INFO - Started process (PID=2978) to work on /home/airflow/.local/lib/python3.8/site-packages/airflow/example_dags/example_branch_labels.py
[2023-11-13T08:23:17.231+0000] {processor.py:829} INFO - Processing file /home/airflow/.local/lib/python3.8/site-packages/airflow/example_dags/example_branch_labels.py for tasks to queue
[2023-11-13T08:23:17.233+0000] {logging_mixin.py:154} INFO - [2023-11-13T08:23:17.233+0000] {dagbag.py:536} INFO - Filling up the DagBag from /home/airflow/.local/lib/python3.8/site-packages/airflow/example_dags/example_branch_labels.py
[2023-11-13T08:23:17.239+0000] {processor.py:839} INFO - DAG(s) dict_keys(['example_branch_labels']) retrieved from /home/airflow/.local/lib/python3.8/site-packages/airflow/example_dags/example_branch_labels.py
[2023-11-13T08:23:17.254+0000] {logging_mixin.py:154} INFO - [2023-11-13T08:23:17.253+0000] {dag.py:2941} INFO - Sync 1 DAGs
[2023-11-13T08:23:17.269+0000] {logging_mixin.py:154} INFO - [2023-11-13T08:23:17.269+0000] {dag.py:3722} INFO - Setting next_dagrun for example_branch_labels to 2023-11-12T00:00:00+00:00, run_after=2023-11-13T00:00:00+00:00
[2023-11-13T08:23:17.309+0000] {processor.py:179} INFO - Processing /home/airflow/.local/lib/python3.8/site-packages/airflow/example_dags/example_branch_labels.py took 0.080 seconds
[2023-11-13T08:23:48.069+0000] {processor.py:157} INFO - Started process (PID=3032) to work on /home/airflow/.local/lib/python3.8/site-packages/airflow/example_dags/example_branch_labels.py
[2023-11-13T08:23:48.077+0000] {processor.py:829} INFO - Processing file /home/airflow/.local/lib/python3.8/site-packages/airflow/example_dags/example_branch_labels.py for tasks to queue
[2023-11-13T08:23:48.079+0000] {logging_mixin.py:154} INFO - [2023-11-13T08:23:48.079+0000] {dagbag.py:536} INFO - Filling up the DagBag from /home/airflow/.local/lib/python3.8/site-packages/airflow/example_dags/example_branch_labels.py
[2023-11-13T08:23:48.085+0000] {processor.py:839} INFO - DAG(s) dict_keys(['example_branch_labels']) retrieved from /home/airflow/.local/lib/python3.8/site-packages/airflow/example_dags/example_branch_labels.py
[2023-11-13T08:23:48.101+0000] {logging_mixin.py:154} INFO - [2023-11-13T08:23:48.101+0000] {dag.py:2941} INFO - Sync 1 DAGs
[2023-11-13T08:23:48.118+0000] {logging_mixin.py:154} INFO - [2023-11-13T08:23:48.118+0000] {dag.py:3722} INFO - Setting next_dagrun for example_branch_labels to 2023-11-12T00:00:00+00:00, run_after=2023-11-13T00:00:00+00:00
[2023-11-13T08:23:48.235+0000] {processor.py:179} INFO - Processing /home/airflow/.local/lib/python3.8/site-packages/airflow/example_dags/example_branch_labels.py took 0.168 seconds
[2023-11-13T08:24:20.169+0000] {processor.py:157} INFO - Started process (PID=3086) to work on /home/airflow/.local/lib/python3.8/site-packages/airflow/example_dags/example_branch_labels.py
[2023-11-13T08:24:20.170+0000] {processor.py:829} INFO - Processing file /home/airflow/.local/lib/python3.8/site-packages/airflow/example_dags/example_branch_labels.py for tasks to queue
[2023-11-13T08:24:20.171+0000] {logging_mixin.py:154} INFO - [2023-11-13T08:24:20.171+0000] {dagbag.py:536} INFO - Filling up the DagBag from /home/airflow/.local/lib/python3.8/site-packages/airflow/example_dags/example_branch_labels.py
[2023-11-13T08:24:20.177+0000] {processor.py:839} INFO - DAG(s) dict_keys(['example_branch_labels']) retrieved from /home/airflow/.local/lib/python3.8/site-packages/airflow/example_dags/example_branch_labels.py
[2023-11-13T08:24:20.192+0000] {logging_mixin.py:154} INFO - [2023-11-13T08:24:20.192+0000] {dag.py:2941} INFO - Sync 1 DAGs
[2023-11-13T08:24:20.208+0000] {logging_mixin.py:154} INFO - [2023-11-13T08:24:20.208+0000] {dag.py:3722} INFO - Setting next_dagrun for example_branch_labels to 2023-11-12T00:00:00+00:00, run_after=2023-11-13T00:00:00+00:00
[2023-11-13T08:24:20.673+0000] {processor.py:179} INFO - Processing /home/airflow/.local/lib/python3.8/site-packages/airflow/example_dags/example_branch_labels.py took 0.506 seconds
[2023-11-13T08:24:51.048+0000] {processor.py:157} INFO - Started process (PID=3140) to work on /home/airflow/.local/lib/python3.8/site-packages/airflow/example_dags/example_branch_labels.py
[2023-11-13T08:24:51.088+0000] {processor.py:829} INFO - Processing file /home/airflow/.local/lib/python3.8/site-packages/airflow/example_dags/example_branch_labels.py for tasks to queue
[2023-11-13T08:24:51.090+0000] {logging_mixin.py:154} INFO - [2023-11-13T08:24:51.089+0000] {dagbag.py:536} INFO - Filling up the DagBag from /home/airflow/.local/lib/python3.8/site-packages/airflow/example_dags/example_branch_labels.py
[2023-11-13T08:24:51.095+0000] {processor.py:839} INFO - DAG(s) dict_keys(['example_branch_labels']) retrieved from /home/airflow/.local/lib/python3.8/site-packages/airflow/example_dags/example_branch_labels.py
[2023-11-13T08:24:51.110+0000] {logging_mixin.py:154} INFO - [2023-11-13T08:24:51.110+0000] {dag.py:2941} INFO - Sync 1 DAGs
[2023-11-13T08:24:51.127+0000] {logging_mixin.py:154} INFO - [2023-11-13T08:24:51.127+0000] {dag.py:3722} INFO - Setting next_dagrun for example_branch_labels to 2023-11-12T00:00:00+00:00, run_after=2023-11-13T00:00:00+00:00
[2023-11-13T08:24:51.208+0000] {processor.py:179} INFO - Processing /home/airflow/.local/lib/python3.8/site-packages/airflow/example_dags/example_branch_labels.py took 0.163 seconds
[2023-11-13T08:25:21.646+0000] {processor.py:157} INFO - Started process (PID=3194) to work on /home/airflow/.local/lib/python3.8/site-packages/airflow/example_dags/example_branch_labels.py
[2023-11-13T08:25:21.646+0000] {processor.py:829} INFO - Processing file /home/airflow/.local/lib/python3.8/site-packages/airflow/example_dags/example_branch_labels.py for tasks to queue
[2023-11-13T08:25:21.648+0000] {logging_mixin.py:154} INFO - [2023-11-13T08:25:21.648+0000] {dagbag.py:536} INFO - Filling up the DagBag from /home/airflow/.local/lib/python3.8/site-packages/airflow/example_dags/example_branch_labels.py
[2023-11-13T08:25:21.654+0000] {processor.py:839} INFO - DAG(s) dict_keys(['example_branch_labels']) retrieved from /home/airflow/.local/lib/python3.8/site-packages/airflow/example_dags/example_branch_labels.py
[2023-11-13T08:25:21.670+0000] {logging_mixin.py:154} INFO - [2023-11-13T08:25:21.670+0000] {dag.py:2941} INFO - Sync 1 DAGs
[2023-11-13T08:25:21.687+0000] {logging_mixin.py:154} INFO - [2023-11-13T08:25:21.687+0000] {dag.py:3722} INFO - Setting next_dagrun for example_branch_labels to 2023-11-12T00:00:00+00:00, run_after=2023-11-13T00:00:00+00:00
[2023-11-13T08:25:21.717+0000] {processor.py:179} INFO - Processing /home/airflow/.local/lib/python3.8/site-packages/airflow/example_dags/example_branch_labels.py took 0.074 seconds
[2023-11-13T08:25:52.602+0000] {processor.py:157} INFO - Started process (PID=3248) to work on /home/airflow/.local/lib/python3.8/site-packages/airflow/example_dags/example_branch_labels.py
[2023-11-13T08:25:52.608+0000] {processor.py:829} INFO - Processing file /home/airflow/.local/lib/python3.8/site-packages/airflow/example_dags/example_branch_labels.py for tasks to queue
[2023-11-13T08:25:52.610+0000] {logging_mixin.py:154} INFO - [2023-11-13T08:25:52.610+0000] {dagbag.py:536} INFO - Filling up the DagBag from /home/airflow/.local/lib/python3.8/site-packages/airflow/example_dags/example_branch_labels.py
[2023-11-13T08:25:52.616+0000] {processor.py:839} INFO - DAG(s) dict_keys(['example_branch_labels']) retrieved from /home/airflow/.local/lib/python3.8/site-packages/airflow/example_dags/example_branch_labels.py
[2023-11-13T08:25:52.631+0000] {logging_mixin.py:154} INFO - [2023-11-13T08:25:52.631+0000] {dag.py:2941} INFO - Sync 1 DAGs
[2023-11-13T08:25:52.648+0000] {logging_mixin.py:154} INFO - [2023-11-13T08:25:52.648+0000] {dag.py:3722} INFO - Setting next_dagrun for example_branch_labels to 2023-11-12T00:00:00+00:00, run_after=2023-11-13T00:00:00+00:00
[2023-11-13T08:25:52.674+0000] {processor.py:179} INFO - Processing /home/airflow/.local/lib/python3.8/site-packages/airflow/example_dags/example_branch_labels.py took 0.074 seconds
[2023-11-13T08:26:24.854+0000] {processor.py:157} INFO - Started process (PID=3302) to work on /home/airflow/.local/lib/python3.8/site-packages/airflow/example_dags/example_branch_labels.py
[2023-11-13T08:26:24.855+0000] {processor.py:829} INFO - Processing file /home/airflow/.local/lib/python3.8/site-packages/airflow/example_dags/example_branch_labels.py for tasks to queue
[2023-11-13T08:26:24.857+0000] {logging_mixin.py:154} INFO - [2023-11-13T08:26:24.857+0000] {dagbag.py:536} INFO - Filling up the DagBag from /home/airflow/.local/lib/python3.8/site-packages/airflow/example_dags/example_branch_labels.py
[2023-11-13T08:26:24.863+0000] {processor.py:839} INFO - DAG(s) dict_keys(['example_branch_labels']) retrieved from /home/airflow/.local/lib/python3.8/site-packages/airflow/example_dags/example_branch_labels.py
[2023-11-13T08:26:24.880+0000] {logging_mixin.py:154} INFO - [2023-11-13T08:26:24.880+0000] {dag.py:2941} INFO - Sync 1 DAGs
[2023-11-13T08:26:24.898+0000] {logging_mixin.py:154} INFO - [2023-11-13T08:26:24.898+0000] {dag.py:3722} INFO - Setting next_dagrun for example_branch_labels to 2023-11-12T00:00:00+00:00, run_after=2023-11-13T00:00:00+00:00
[2023-11-13T08:26:24.926+0000] {processor.py:179} INFO - Processing /home/airflow/.local/lib/python3.8/site-packages/airflow/example_dags/example_branch_labels.py took 0.074 seconds
[2023-11-13T08:26:55.263+0000] {processor.py:157} INFO - Started process (PID=3356) to work on /home/airflow/.local/lib/python3.8/site-packages/airflow/example_dags/example_branch_labels.py
[2023-11-13T08:26:55.264+0000] {processor.py:829} INFO - Processing file /home/airflow/.local/lib/python3.8/site-packages/airflow/example_dags/example_branch_labels.py for tasks to queue
[2023-11-13T08:26:55.266+0000] {logging_mixin.py:154} INFO - [2023-11-13T08:26:55.266+0000] {dagbag.py:536} INFO - Filling up the DagBag from /home/airflow/.local/lib/python3.8/site-packages/airflow/example_dags/example_branch_labels.py
[2023-11-13T08:26:55.274+0000] {processor.py:839} INFO - DAG(s) dict_keys(['example_branch_labels']) retrieved from /home/airflow/.local/lib/python3.8/site-packages/airflow/example_dags/example_branch_labels.py
[2023-11-13T08:26:55.294+0000] {logging_mixin.py:154} INFO - [2023-11-13T08:26:55.294+0000] {dag.py:2941} INFO - Sync 1 DAGs
[2023-11-13T08:26:55.312+0000] {logging_mixin.py:154} INFO - [2023-11-13T08:26:55.312+0000] {dag.py:3722} INFO - Setting next_dagrun for example_branch_labels to 2023-11-12T00:00:00+00:00, run_after=2023-11-13T00:00:00+00:00
[2023-11-13T08:26:55.346+0000] {processor.py:179} INFO - Processing /home/airflow/.local/lib/python3.8/site-packages/airflow/example_dags/example_branch_labels.py took 0.087 seconds
[2023-11-13T08:27:28.441+0000] {processor.py:157} INFO - Started process (PID=3410) to work on /home/airflow/.local/lib/python3.8/site-packages/airflow/example_dags/example_branch_labels.py
[2023-11-13T08:27:28.504+0000] {processor.py:829} INFO - Processing file /home/airflow/.local/lib/python3.8/site-packages/airflow/example_dags/example_branch_labels.py for tasks to queue
[2023-11-13T08:27:28.506+0000] {logging_mixin.py:154} INFO - [2023-11-13T08:27:28.505+0000] {dagbag.py:536} INFO - Filling up the DagBag from /home/airflow/.local/lib/python3.8/site-packages/airflow/example_dags/example_branch_labels.py
[2023-11-13T08:27:28.512+0000] {processor.py:839} INFO - DAG(s) dict_keys(['example_branch_labels']) retrieved from /home/airflow/.local/lib/python3.8/site-packages/airflow/example_dags/example_branch_labels.py
[2023-11-13T08:27:28.527+0000] {logging_mixin.py:154} INFO - [2023-11-13T08:27:28.527+0000] {dag.py:2941} INFO - Sync 1 DAGs
[2023-11-13T08:27:28.543+0000] {logging_mixin.py:154} INFO - [2023-11-13T08:27:28.543+0000] {dag.py:3722} INFO - Setting next_dagrun for example_branch_labels to 2023-11-12T00:00:00+00:00, run_after=2023-11-13T00:00:00+00:00
[2023-11-13T08:27:28.620+0000] {processor.py:179} INFO - Processing /home/airflow/.local/lib/python3.8/site-packages/airflow/example_dags/example_branch_labels.py took 0.182 seconds
[2023-11-13T08:27:59.324+0000] {processor.py:157} INFO - Started process (PID=3464) to work on /home/airflow/.local/lib/python3.8/site-packages/airflow/example_dags/example_branch_labels.py
[2023-11-13T08:27:59.325+0000] {processor.py:829} INFO - Processing file /home/airflow/.local/lib/python3.8/site-packages/airflow/example_dags/example_branch_labels.py for tasks to queue
[2023-11-13T08:27:59.326+0000] {logging_mixin.py:154} INFO - [2023-11-13T08:27:59.326+0000] {dagbag.py:536} INFO - Filling up the DagBag from /home/airflow/.local/lib/python3.8/site-packages/airflow/example_dags/example_branch_labels.py
[2023-11-13T08:27:59.332+0000] {processor.py:839} INFO - DAG(s) dict_keys(['example_branch_labels']) retrieved from /home/airflow/.local/lib/python3.8/site-packages/airflow/example_dags/example_branch_labels.py
[2023-11-13T08:27:59.348+0000] {logging_mixin.py:154} INFO - [2023-11-13T08:27:59.348+0000] {dag.py:2941} INFO - Sync 1 DAGs
[2023-11-13T08:27:59.364+0000] {logging_mixin.py:154} INFO - [2023-11-13T08:27:59.364+0000] {dag.py:3722} INFO - Setting next_dagrun for example_branch_labels to 2023-11-12T00:00:00+00:00, run_after=2023-11-13T00:00:00+00:00
[2023-11-13T08:27:59.398+0000] {processor.py:179} INFO - Processing /home/airflow/.local/lib/python3.8/site-packages/airflow/example_dags/example_branch_labels.py took 0.076 seconds
[2023-11-13T08:28:29.517+0000] {processor.py:157} INFO - Started process (PID=3518) to work on /home/airflow/.local/lib/python3.8/site-packages/airflow/example_dags/example_branch_labels.py
[2023-11-13T08:28:29.530+0000] {processor.py:829} INFO - Processing file /home/airflow/.local/lib/python3.8/site-packages/airflow/example_dags/example_branch_labels.py for tasks to queue
[2023-11-13T08:28:29.532+0000] {logging_mixin.py:154} INFO - [2023-11-13T08:28:29.532+0000] {dagbag.py:536} INFO - Filling up the DagBag from /home/airflow/.local/lib/python3.8/site-packages/airflow/example_dags/example_branch_labels.py
[2023-11-13T08:28:29.541+0000] {processor.py:839} INFO - DAG(s) dict_keys(['example_branch_labels']) retrieved from /home/airflow/.local/lib/python3.8/site-packages/airflow/example_dags/example_branch_labels.py
[2023-11-13T08:28:29.566+0000] {logging_mixin.py:154} INFO - [2023-11-13T08:28:29.565+0000] {dag.py:2941} INFO - Sync 1 DAGs
[2023-11-13T08:28:29.594+0000] {logging_mixin.py:154} INFO - [2023-11-13T08:28:29.593+0000] {dag.py:3722} INFO - Setting next_dagrun for example_branch_labels to 2023-11-12T00:00:00+00:00, run_after=2023-11-13T00:00:00+00:00
[2023-11-13T08:28:29.625+0000] {processor.py:179} INFO - Processing /home/airflow/.local/lib/python3.8/site-packages/airflow/example_dags/example_branch_labels.py took 0.111 seconds
[2023-11-13T08:44:46.313+0000] {processor.py:157} INFO - Started process (PID=55) to work on /home/airflow/.local/lib/python3.8/site-packages/airflow/example_dags/example_branch_labels.py
[2023-11-13T08:44:46.375+0000] {processor.py:829} INFO - Processing file /home/airflow/.local/lib/python3.8/site-packages/airflow/example_dags/example_branch_labels.py for tasks to queue
[2023-11-13T08:44:46.377+0000] {logging_mixin.py:154} INFO - [2023-11-13T08:44:46.377+0000] {dagbag.py:536} INFO - Filling up the DagBag from /home/airflow/.local/lib/python3.8/site-packages/airflow/example_dags/example_branch_labels.py
[2023-11-13T08:44:46.389+0000] {processor.py:839} INFO - DAG(s) dict_keys(['example_branch_labels']) retrieved from /home/airflow/.local/lib/python3.8/site-packages/airflow/example_dags/example_branch_labels.py
[2023-11-13T08:44:48.108+0000] {logging_mixin.py:154} INFO - [2023-11-13T08:44:48.108+0000] {manager.py:499} INFO - Created Permission View: %s
[2023-11-13T08:44:48.685+0000] {logging_mixin.py:154} INFO - [2023-11-13T08:44:48.685+0000] {manager.py:499} INFO - Created Permission View: %s
[2023-11-13T08:44:49.216+0000] {logging_mixin.py:154} INFO - [2023-11-13T08:44:49.215+0000] {manager.py:499} INFO - Created Permission View: %s
[2023-11-13T08:44:49.216+0000] {logging_mixin.py:154} INFO - [2023-11-13T08:44:49.216+0000] {dag.py:2941} INFO - Sync 1 DAGs
[2023-11-13T08:44:49.225+0000] {logging_mixin.py:154} INFO - [2023-11-13T08:44:49.225+0000] {dag.py:2963} INFO - Creating ORM DAG for example_branch_labels
[2023-11-13T08:44:49.252+0000] {logging_mixin.py:154} INFO - [2023-11-13T08:44:49.252+0000] {dag.py:3722} INFO - Setting next_dagrun for example_branch_labels to 2023-11-12T00:00:00+00:00, run_after=2023-11-13T00:00:00+00:00
[2023-11-13T08:44:49.861+0000] {processor.py:179} INFO - Processing /home/airflow/.local/lib/python3.8/site-packages/airflow/example_dags/example_branch_labels.py took 3.551 seconds
[2023-11-13T08:45:32.530+0000] {processor.py:157} INFO - Started process (PID=54) to work on /home/airflow/.local/lib/python3.8/site-packages/airflow/example_dags/example_branch_labels.py
[2023-11-13T08:45:32.552+0000] {processor.py:829} INFO - Processing file /home/airflow/.local/lib/python3.8/site-packages/airflow/example_dags/example_branch_labels.py for tasks to queue
[2023-11-13T08:45:32.554+0000] {logging_mixin.py:154} INFO - [2023-11-13T08:45:32.554+0000] {dagbag.py:536} INFO - Filling up the DagBag from /home/airflow/.local/lib/python3.8/site-packages/airflow/example_dags/example_branch_labels.py
[2023-11-13T08:45:32.563+0000] {processor.py:839} INFO - DAG(s) dict_keys(['example_branch_labels']) retrieved from /home/airflow/.local/lib/python3.8/site-packages/airflow/example_dags/example_branch_labels.py
[2023-11-13T08:45:32.584+0000] {logging_mixin.py:154} INFO - [2023-11-13T08:45:32.583+0000] {dag.py:2941} INFO - Sync 1 DAGs
[2023-11-13T08:45:32.604+0000] {logging_mixin.py:154} INFO - [2023-11-13T08:45:32.603+0000] {dag.py:3722} INFO - Setting next_dagrun for example_branch_labels to 2023-11-12T00:00:00+00:00, run_after=2023-11-13T00:00:00+00:00
[2023-11-13T08:45:32.637+0000] {processor.py:179} INFO - Processing /home/airflow/.local/lib/python3.8/site-packages/airflow/example_dags/example_branch_labels.py took 0.110 seconds
[2023-11-13T08:46:05.735+0000] {processor.py:157} INFO - Started process (PID=108) to work on /home/airflow/.local/lib/python3.8/site-packages/airflow/example_dags/example_branch_labels.py
[2023-11-13T08:46:05.742+0000] {processor.py:829} INFO - Processing file /home/airflow/.local/lib/python3.8/site-packages/airflow/example_dags/example_branch_labels.py for tasks to queue
[2023-11-13T08:46:05.747+0000] {logging_mixin.py:154} INFO - [2023-11-13T08:46:05.747+0000] {dagbag.py:536} INFO - Filling up the DagBag from /home/airflow/.local/lib/python3.8/site-packages/airflow/example_dags/example_branch_labels.py
[2023-11-13T08:46:05.753+0000] {processor.py:839} INFO - DAG(s) dict_keys(['example_branch_labels']) retrieved from /home/airflow/.local/lib/python3.8/site-packages/airflow/example_dags/example_branch_labels.py
[2023-11-13T08:46:05.768+0000] {logging_mixin.py:154} INFO - [2023-11-13T08:46:05.768+0000] {dag.py:2941} INFO - Sync 1 DAGs
[2023-11-13T08:46:05.784+0000] {logging_mixin.py:154} INFO - [2023-11-13T08:46:05.784+0000] {dag.py:3722} INFO - Setting next_dagrun for example_branch_labels to 2023-11-12T00:00:00+00:00, run_after=2023-11-13T00:00:00+00:00
[2023-11-13T08:46:05.838+0000] {processor.py:179} INFO - Processing /home/airflow/.local/lib/python3.8/site-packages/airflow/example_dags/example_branch_labels.py took 0.105 seconds
[2023-11-13T08:46:36.453+0000] {processor.py:157} INFO - Started process (PID=162) to work on /home/airflow/.local/lib/python3.8/site-packages/airflow/example_dags/example_branch_labels.py
[2023-11-13T08:46:36.478+0000] {processor.py:829} INFO - Processing file /home/airflow/.local/lib/python3.8/site-packages/airflow/example_dags/example_branch_labels.py for tasks to queue
[2023-11-13T08:46:36.479+0000] {logging_mixin.py:154} INFO - [2023-11-13T08:46:36.479+0000] {dagbag.py:536} INFO - Filling up the DagBag from /home/airflow/.local/lib/python3.8/site-packages/airflow/example_dags/example_branch_labels.py
[2023-11-13T08:46:36.486+0000] {processor.py:839} INFO - DAG(s) dict_keys(['example_branch_labels']) retrieved from /home/airflow/.local/lib/python3.8/site-packages/airflow/example_dags/example_branch_labels.py
[2023-11-13T08:46:36.503+0000] {logging_mixin.py:154} INFO - [2023-11-13T08:46:36.503+0000] {dag.py:2941} INFO - Sync 1 DAGs
[2023-11-13T08:46:36.523+0000] {logging_mixin.py:154} INFO - [2023-11-13T08:46:36.523+0000] {dag.py:3722} INFO - Setting next_dagrun for example_branch_labels to 2023-11-12T00:00:00+00:00, run_after=2023-11-13T00:00:00+00:00
[2023-11-13T08:46:36.551+0000] {processor.py:179} INFO - Processing /home/airflow/.local/lib/python3.8/site-packages/airflow/example_dags/example_branch_labels.py took 0.101 seconds
[2023-11-13T08:47:07.655+0000] {processor.py:157} INFO - Started process (PID=216) to work on /home/airflow/.local/lib/python3.8/site-packages/airflow/example_dags/example_branch_labels.py
[2023-11-13T08:47:07.825+0000] {processor.py:829} INFO - Processing file /home/airflow/.local/lib/python3.8/site-packages/airflow/example_dags/example_branch_labels.py for tasks to queue
[2023-11-13T08:47:07.827+0000] {logging_mixin.py:154} INFO - [2023-11-13T08:47:07.826+0000] {dagbag.py:536} INFO - Filling up the DagBag from /home/airflow/.local/lib/python3.8/site-packages/airflow/example_dags/example_branch_labels.py
[2023-11-13T08:47:07.832+0000] {processor.py:839} INFO - DAG(s) dict_keys(['example_branch_labels']) retrieved from /home/airflow/.local/lib/python3.8/site-packages/airflow/example_dags/example_branch_labels.py
[2023-11-13T08:47:07.850+0000] {logging_mixin.py:154} INFO - [2023-11-13T08:47:07.849+0000] {dag.py:2941} INFO - Sync 1 DAGs
[2023-11-13T08:47:07.867+0000] {logging_mixin.py:154} INFO - [2023-11-13T08:47:07.867+0000] {dag.py:3722} INFO - Setting next_dagrun for example_branch_labels to 2023-11-12T00:00:00+00:00, run_after=2023-11-13T00:00:00+00:00
[2023-11-13T08:47:08.121+0000] {processor.py:179} INFO - Processing /home/airflow/.local/lib/python3.8/site-packages/airflow/example_dags/example_branch_labels.py took 0.468 seconds
[2023-11-13T08:47:38.417+0000] {processor.py:157} INFO - Started process (PID=270) to work on /home/airflow/.local/lib/python3.8/site-packages/airflow/example_dags/example_branch_labels.py
[2023-11-13T08:47:38.417+0000] {processor.py:829} INFO - Processing file /home/airflow/.local/lib/python3.8/site-packages/airflow/example_dags/example_branch_labels.py for tasks to queue
[2023-11-13T08:47:38.419+0000] {logging_mixin.py:154} INFO - [2023-11-13T08:47:38.419+0000] {dagbag.py:536} INFO - Filling up the DagBag from /home/airflow/.local/lib/python3.8/site-packages/airflow/example_dags/example_branch_labels.py
[2023-11-13T08:47:38.425+0000] {processor.py:839} INFO - DAG(s) dict_keys(['example_branch_labels']) retrieved from /home/airflow/.local/lib/python3.8/site-packages/airflow/example_dags/example_branch_labels.py
[2023-11-13T08:47:38.441+0000] {logging_mixin.py:154} INFO - [2023-11-13T08:47:38.441+0000] {dag.py:2941} INFO - Sync 1 DAGs
[2023-11-13T08:47:38.458+0000] {logging_mixin.py:154} INFO - [2023-11-13T08:47:38.458+0000] {dag.py:3722} INFO - Setting next_dagrun for example_branch_labels to 2023-11-12T00:00:00+00:00, run_after=2023-11-13T00:00:00+00:00
[2023-11-13T08:47:38.488+0000] {processor.py:179} INFO - Processing /home/airflow/.local/lib/python3.8/site-packages/airflow/example_dags/example_branch_labels.py took 0.074 seconds
[2023-11-13T08:48:09.066+0000] {processor.py:157} INFO - Started process (PID=324) to work on /home/airflow/.local/lib/python3.8/site-packages/airflow/example_dags/example_branch_labels.py
[2023-11-13T08:48:09.074+0000] {processor.py:829} INFO - Processing file /home/airflow/.local/lib/python3.8/site-packages/airflow/example_dags/example_branch_labels.py for tasks to queue
[2023-11-13T08:48:09.076+0000] {logging_mixin.py:154} INFO - [2023-11-13T08:48:09.075+0000] {dagbag.py:536} INFO - Filling up the DagBag from /home/airflow/.local/lib/python3.8/site-packages/airflow/example_dags/example_branch_labels.py
[2023-11-13T08:48:09.081+0000] {processor.py:839} INFO - DAG(s) dict_keys(['example_branch_labels']) retrieved from /home/airflow/.local/lib/python3.8/site-packages/airflow/example_dags/example_branch_labels.py
[2023-11-13T08:48:09.097+0000] {logging_mixin.py:154} INFO - [2023-11-13T08:48:09.097+0000] {dag.py:2941} INFO - Sync 1 DAGs
[2023-11-13T08:48:09.115+0000] {logging_mixin.py:154} INFO - [2023-11-13T08:48:09.114+0000] {dag.py:3722} INFO - Setting next_dagrun for example_branch_labels to 2023-11-12T00:00:00+00:00, run_after=2023-11-13T00:00:00+00:00
[2023-11-13T08:48:09.149+0000] {processor.py:179} INFO - Processing /home/airflow/.local/lib/python3.8/site-packages/airflow/example_dags/example_branch_labels.py took 0.085 seconds
