[2023-11-13T07:55:18.737+0000] {processor.py:157} INFO - Started process (PID=75) to work on /home/airflow/.local/lib/python3.8/site-packages/airflow/example_dags/example_latest_only.py
[2023-11-13T07:55:18.737+0000] {processor.py:829} INFO - Processing file /home/airflow/.local/lib/python3.8/site-packages/airflow/example_dags/example_latest_only.py for tasks to queue
[2023-11-13T07:55:18.739+0000] {logging_mixin.py:154} INFO - [2023-11-13T07:55:18.739+0000] {dagbag.py:536} INFO - Filling up the DagBag from /home/airflow/.local/lib/python3.8/site-packages/airflow/example_dags/example_latest_only.py
[2023-11-13T07:55:18.745+0000] {processor.py:839} INFO - DAG(s) dict_keys(['latest_only']) retrieved from /home/airflow/.local/lib/python3.8/site-packages/airflow/example_dags/example_latest_only.py
[2023-11-13T07:55:18.886+0000] {logging_mixin.py:154} INFO - [2023-11-13T07:55:18.886+0000] {manager.py:499} INFO - Created Permission View: %s
[2023-11-13T07:55:18.920+0000] {logging_mixin.py:154} INFO - [2023-11-13T07:55:18.920+0000] {manager.py:499} INFO - Created Permission View: %s
[2023-11-13T07:55:18.955+0000] {logging_mixin.py:154} INFO - [2023-11-13T07:55:18.955+0000] {manager.py:499} INFO - Created Permission View: %s
[2023-11-13T07:55:18.955+0000] {logging_mixin.py:154} INFO - [2023-11-13T07:55:18.955+0000] {dag.py:2941} INFO - Sync 1 DAGs
[2023-11-13T07:55:18.964+0000] {logging_mixin.py:154} INFO - [2023-11-13T07:55:18.964+0000] {dag.py:2963} INFO - Creating ORM DAG for latest_only
[2023-11-13T07:55:18.971+0000] {logging_mixin.py:154} INFO - [2023-11-13T07:55:18.971+0000] {dag.py:3722} INFO - Setting next_dagrun for latest_only to 2023-11-13T03:55:18.971072+00:00, run_after=2023-11-13T07:55:18.971072+00:00
[2023-11-13T07:55:19.012+0000] {processor.py:179} INFO - Processing /home/airflow/.local/lib/python3.8/site-packages/airflow/example_dags/example_latest_only.py took 0.279 seconds
[2023-11-13T07:55:49.270+0000] {processor.py:157} INFO - Started process (PID=129) to work on /home/airflow/.local/lib/python3.8/site-packages/airflow/example_dags/example_latest_only.py
[2023-11-13T07:55:49.347+0000] {processor.py:829} INFO - Processing file /home/airflow/.local/lib/python3.8/site-packages/airflow/example_dags/example_latest_only.py for tasks to queue
[2023-11-13T07:55:49.349+0000] {logging_mixin.py:154} INFO - [2023-11-13T07:55:49.348+0000] {dagbag.py:536} INFO - Filling up the DagBag from /home/airflow/.local/lib/python3.8/site-packages/airflow/example_dags/example_latest_only.py
[2023-11-13T07:55:49.352+0000] {processor.py:839} INFO - DAG(s) dict_keys(['latest_only']) retrieved from /home/airflow/.local/lib/python3.8/site-packages/airflow/example_dags/example_latest_only.py
[2023-11-13T07:55:49.388+0000] {logging_mixin.py:154} INFO - [2023-11-13T07:55:49.388+0000] {dag.py:2941} INFO - Sync 1 DAGs
[2023-11-13T07:55:49.409+0000] {logging_mixin.py:154} INFO - [2023-11-13T07:55:49.409+0000] {dag.py:3722} INFO - Setting next_dagrun for latest_only to 2023-11-13T03:55:49.408939+00:00, run_after=2023-11-13T07:55:49.408939+00:00
[2023-11-13T07:55:49.990+0000] {processor.py:179} INFO - Processing /home/airflow/.local/lib/python3.8/site-packages/airflow/example_dags/example_latest_only.py took 0.722 seconds
[2023-11-13T07:56:20.976+0000] {processor.py:157} INFO - Started process (PID=183) to work on /home/airflow/.local/lib/python3.8/site-packages/airflow/example_dags/example_latest_only.py
[2023-11-13T07:56:20.977+0000] {processor.py:829} INFO - Processing file /home/airflow/.local/lib/python3.8/site-packages/airflow/example_dags/example_latest_only.py for tasks to queue
[2023-11-13T07:56:20.979+0000] {logging_mixin.py:154} INFO - [2023-11-13T07:56:20.979+0000] {dagbag.py:536} INFO - Filling up the DagBag from /home/airflow/.local/lib/python3.8/site-packages/airflow/example_dags/example_latest_only.py
[2023-11-13T07:56:20.983+0000] {processor.py:839} INFO - DAG(s) dict_keys(['latest_only']) retrieved from /home/airflow/.local/lib/python3.8/site-packages/airflow/example_dags/example_latest_only.py
[2023-11-13T07:56:21.000+0000] {logging_mixin.py:154} INFO - [2023-11-13T07:56:21.000+0000] {dag.py:2941} INFO - Sync 1 DAGs
[2023-11-13T07:56:21.016+0000] {logging_mixin.py:154} INFO - [2023-11-13T07:56:21.016+0000] {dag.py:3722} INFO - Setting next_dagrun for latest_only to 2023-11-13T03:56:21.016119+00:00, run_after=2023-11-13T07:56:21.016119+00:00
[2023-11-13T07:56:21.042+0000] {processor.py:179} INFO - Processing /home/airflow/.local/lib/python3.8/site-packages/airflow/example_dags/example_latest_only.py took 0.068 seconds
[2023-11-13T07:56:51.569+0000] {processor.py:157} INFO - Started process (PID=237) to work on /home/airflow/.local/lib/python3.8/site-packages/airflow/example_dags/example_latest_only.py
[2023-11-13T07:56:51.571+0000] {processor.py:829} INFO - Processing file /home/airflow/.local/lib/python3.8/site-packages/airflow/example_dags/example_latest_only.py for tasks to queue
[2023-11-13T07:56:51.573+0000] {logging_mixin.py:154} INFO - [2023-11-13T07:56:51.573+0000] {dagbag.py:536} INFO - Filling up the DagBag from /home/airflow/.local/lib/python3.8/site-packages/airflow/example_dags/example_latest_only.py
[2023-11-13T07:56:51.577+0000] {processor.py:839} INFO - DAG(s) dict_keys(['latest_only']) retrieved from /home/airflow/.local/lib/python3.8/site-packages/airflow/example_dags/example_latest_only.py
[2023-11-13T07:56:51.593+0000] {logging_mixin.py:154} INFO - [2023-11-13T07:56:51.593+0000] {dag.py:2941} INFO - Sync 1 DAGs
[2023-11-13T07:56:51.610+0000] {logging_mixin.py:154} INFO - [2023-11-13T07:56:51.610+0000] {dag.py:3722} INFO - Setting next_dagrun for latest_only to 2023-11-13T03:56:51.610141+00:00, run_after=2023-11-13T07:56:51.610141+00:00
[2023-11-13T07:56:51.713+0000] {processor.py:179} INFO - Processing /home/airflow/.local/lib/python3.8/site-packages/airflow/example_dags/example_latest_only.py took 0.147 seconds
[2023-11-13T07:57:21.866+0000] {processor.py:157} INFO - Started process (PID=290) to work on /home/airflow/.local/lib/python3.8/site-packages/airflow/example_dags/example_latest_only.py
[2023-11-13T07:57:21.867+0000] {processor.py:829} INFO - Processing file /home/airflow/.local/lib/python3.8/site-packages/airflow/example_dags/example_latest_only.py for tasks to queue
[2023-11-13T07:57:21.868+0000] {logging_mixin.py:154} INFO - [2023-11-13T07:57:21.868+0000] {dagbag.py:536} INFO - Filling up the DagBag from /home/airflow/.local/lib/python3.8/site-packages/airflow/example_dags/example_latest_only.py
[2023-11-13T07:57:21.872+0000] {processor.py:839} INFO - DAG(s) dict_keys(['latest_only']) retrieved from /home/airflow/.local/lib/python3.8/site-packages/airflow/example_dags/example_latest_only.py
[2023-11-13T07:57:21.886+0000] {logging_mixin.py:154} INFO - [2023-11-13T07:57:21.886+0000] {dag.py:2941} INFO - Sync 1 DAGs
[2023-11-13T07:57:21.901+0000] {logging_mixin.py:154} INFO - [2023-11-13T07:57:21.901+0000] {dag.py:3722} INFO - Setting next_dagrun for latest_only to 2023-11-13T03:57:21.901118+00:00, run_after=2023-11-13T07:57:21.901118+00:00
[2023-11-13T07:57:21.932+0000] {processor.py:179} INFO - Processing /home/airflow/.local/lib/python3.8/site-packages/airflow/example_dags/example_latest_only.py took 0.068 seconds
[2023-11-13T07:57:52.699+0000] {processor.py:157} INFO - Started process (PID=344) to work on /home/airflow/.local/lib/python3.8/site-packages/airflow/example_dags/example_latest_only.py
[2023-11-13T07:57:52.703+0000] {processor.py:829} INFO - Processing file /home/airflow/.local/lib/python3.8/site-packages/airflow/example_dags/example_latest_only.py for tasks to queue
[2023-11-13T07:57:52.706+0000] {logging_mixin.py:154} INFO - [2023-11-13T07:57:52.705+0000] {dagbag.py:536} INFO - Filling up the DagBag from /home/airflow/.local/lib/python3.8/site-packages/airflow/example_dags/example_latest_only.py
[2023-11-13T07:57:52.711+0000] {processor.py:839} INFO - DAG(s) dict_keys(['latest_only']) retrieved from /home/airflow/.local/lib/python3.8/site-packages/airflow/example_dags/example_latest_only.py
[2023-11-13T07:57:52.732+0000] {logging_mixin.py:154} INFO - [2023-11-13T07:57:52.732+0000] {dag.py:2941} INFO - Sync 1 DAGs
[2023-11-13T07:57:52.749+0000] {logging_mixin.py:154} INFO - [2023-11-13T07:57:52.748+0000] {dag.py:3722} INFO - Setting next_dagrun for latest_only to 2023-11-13T03:57:52.748798+00:00, run_after=2023-11-13T07:57:52.748798+00:00
[2023-11-13T07:57:52.788+0000] {processor.py:179} INFO - Processing /home/airflow/.local/lib/python3.8/site-packages/airflow/example_dags/example_latest_only.py took 0.092 seconds
[2023-11-13T07:58:23.690+0000] {processor.py:157} INFO - Started process (PID=398) to work on /home/airflow/.local/lib/python3.8/site-packages/airflow/example_dags/example_latest_only.py
[2023-11-13T07:58:23.691+0000] {processor.py:829} INFO - Processing file /home/airflow/.local/lib/python3.8/site-packages/airflow/example_dags/example_latest_only.py for tasks to queue
[2023-11-13T07:58:23.692+0000] {logging_mixin.py:154} INFO - [2023-11-13T07:58:23.692+0000] {dagbag.py:536} INFO - Filling up the DagBag from /home/airflow/.local/lib/python3.8/site-packages/airflow/example_dags/example_latest_only.py
[2023-11-13T07:58:23.696+0000] {processor.py:839} INFO - DAG(s) dict_keys(['latest_only']) retrieved from /home/airflow/.local/lib/python3.8/site-packages/airflow/example_dags/example_latest_only.py
[2023-11-13T07:58:23.710+0000] {logging_mixin.py:154} INFO - [2023-11-13T07:58:23.710+0000] {dag.py:2941} INFO - Sync 1 DAGs
[2023-11-13T07:58:23.725+0000] {logging_mixin.py:154} INFO - [2023-11-13T07:58:23.725+0000] {dag.py:3722} INFO - Setting next_dagrun for latest_only to 2023-11-13T03:58:23.724988+00:00, run_after=2023-11-13T07:58:23.724988+00:00
[2023-11-13T07:58:23.762+0000] {processor.py:179} INFO - Processing /home/airflow/.local/lib/python3.8/site-packages/airflow/example_dags/example_latest_only.py took 0.074 seconds
[2023-11-13T07:58:55.489+0000] {processor.py:157} INFO - Started process (PID=452) to work on /home/airflow/.local/lib/python3.8/site-packages/airflow/example_dags/example_latest_only.py
[2023-11-13T07:58:55.507+0000] {processor.py:829} INFO - Processing file /home/airflow/.local/lib/python3.8/site-packages/airflow/example_dags/example_latest_only.py for tasks to queue
[2023-11-13T07:58:55.508+0000] {logging_mixin.py:154} INFO - [2023-11-13T07:58:55.508+0000] {dagbag.py:536} INFO - Filling up the DagBag from /home/airflow/.local/lib/python3.8/site-packages/airflow/example_dags/example_latest_only.py
[2023-11-13T07:58:55.512+0000] {processor.py:839} INFO - DAG(s) dict_keys(['latest_only']) retrieved from /home/airflow/.local/lib/python3.8/site-packages/airflow/example_dags/example_latest_only.py
[2023-11-13T07:58:55.527+0000] {logging_mixin.py:154} INFO - [2023-11-13T07:58:55.527+0000] {dag.py:2941} INFO - Sync 1 DAGs
[2023-11-13T07:58:55.542+0000] {logging_mixin.py:154} INFO - [2023-11-13T07:58:55.542+0000] {dag.py:3722} INFO - Setting next_dagrun for latest_only to 2023-11-13T03:58:55.542219+00:00, run_after=2023-11-13T07:58:55.542219+00:00
[2023-11-13T07:58:55.593+0000] {processor.py:179} INFO - Processing /home/airflow/.local/lib/python3.8/site-packages/airflow/example_dags/example_latest_only.py took 0.107 seconds
[2023-11-13T07:59:26.941+0000] {processor.py:157} INFO - Started process (PID=507) to work on /home/airflow/.local/lib/python3.8/site-packages/airflow/example_dags/example_latest_only.py
[2023-11-13T07:59:26.961+0000] {processor.py:829} INFO - Processing file /home/airflow/.local/lib/python3.8/site-packages/airflow/example_dags/example_latest_only.py for tasks to queue
[2023-11-13T07:59:26.962+0000] {logging_mixin.py:154} INFO - [2023-11-13T07:59:26.962+0000] {dagbag.py:536} INFO - Filling up the DagBag from /home/airflow/.local/lib/python3.8/site-packages/airflow/example_dags/example_latest_only.py
[2023-11-13T07:59:26.965+0000] {processor.py:839} INFO - DAG(s) dict_keys(['latest_only']) retrieved from /home/airflow/.local/lib/python3.8/site-packages/airflow/example_dags/example_latest_only.py
[2023-11-13T07:59:26.979+0000] {logging_mixin.py:154} INFO - [2023-11-13T07:59:26.979+0000] {dag.py:2941} INFO - Sync 1 DAGs
[2023-11-13T07:59:26.994+0000] {logging_mixin.py:154} INFO - [2023-11-13T07:59:26.994+0000] {dag.py:3722} INFO - Setting next_dagrun for latest_only to 2023-11-13T03:59:26.994181+00:00, run_after=2023-11-13T07:59:26.994181+00:00
[2023-11-13T07:59:27.093+0000] {processor.py:179} INFO - Processing /home/airflow/.local/lib/python3.8/site-packages/airflow/example_dags/example_latest_only.py took 0.155 seconds
[2023-11-13T07:59:58.090+0000] {processor.py:157} INFO - Started process (PID=561) to work on /home/airflow/.local/lib/python3.8/site-packages/airflow/example_dags/example_latest_only.py
[2023-11-13T07:59:58.091+0000] {processor.py:829} INFO - Processing file /home/airflow/.local/lib/python3.8/site-packages/airflow/example_dags/example_latest_only.py for tasks to queue
[2023-11-13T07:59:58.092+0000] {logging_mixin.py:154} INFO - [2023-11-13T07:59:58.092+0000] {dagbag.py:536} INFO - Filling up the DagBag from /home/airflow/.local/lib/python3.8/site-packages/airflow/example_dags/example_latest_only.py
[2023-11-13T07:59:58.095+0000] {processor.py:839} INFO - DAG(s) dict_keys(['latest_only']) retrieved from /home/airflow/.local/lib/python3.8/site-packages/airflow/example_dags/example_latest_only.py
[2023-11-13T07:59:58.109+0000] {logging_mixin.py:154} INFO - [2023-11-13T07:59:58.109+0000] {dag.py:2941} INFO - Sync 1 DAGs
[2023-11-13T07:59:58.124+0000] {logging_mixin.py:154} INFO - [2023-11-13T07:59:58.124+0000] {dag.py:3722} INFO - Setting next_dagrun for latest_only to 2023-11-13T03:59:58.124096+00:00, run_after=2023-11-13T07:59:58.124096+00:00
[2023-11-13T07:59:58.383+0000] {processor.py:179} INFO - Processing /home/airflow/.local/lib/python3.8/site-packages/airflow/example_dags/example_latest_only.py took 0.296 seconds
[2023-11-13T08:00:28.587+0000] {processor.py:157} INFO - Started process (PID=615) to work on /home/airflow/.local/lib/python3.8/site-packages/airflow/example_dags/example_latest_only.py
[2023-11-13T08:00:28.594+0000] {processor.py:829} INFO - Processing file /home/airflow/.local/lib/python3.8/site-packages/airflow/example_dags/example_latest_only.py for tasks to queue
[2023-11-13T08:00:28.595+0000] {logging_mixin.py:154} INFO - [2023-11-13T08:00:28.595+0000] {dagbag.py:536} INFO - Filling up the DagBag from /home/airflow/.local/lib/python3.8/site-packages/airflow/example_dags/example_latest_only.py
[2023-11-13T08:00:28.599+0000] {processor.py:839} INFO - DAG(s) dict_keys(['latest_only']) retrieved from /home/airflow/.local/lib/python3.8/site-packages/airflow/example_dags/example_latest_only.py
[2023-11-13T08:00:28.613+0000] {logging_mixin.py:154} INFO - [2023-11-13T08:00:28.613+0000] {dag.py:2941} INFO - Sync 1 DAGs
[2023-11-13T08:00:28.629+0000] {logging_mixin.py:154} INFO - [2023-11-13T08:00:28.629+0000] {dag.py:3722} INFO - Setting next_dagrun for latest_only to 2023-11-13T04:00:28.629070+00:00, run_after=2023-11-13T08:00:28.629070+00:00
[2023-11-13T08:00:28.664+0000] {processor.py:179} INFO - Processing /home/airflow/.local/lib/python3.8/site-packages/airflow/example_dags/example_latest_only.py took 0.079 seconds
[2023-11-13T08:01:00.868+0000] {processor.py:157} INFO - Started process (PID=669) to work on /home/airflow/.local/lib/python3.8/site-packages/airflow/example_dags/example_latest_only.py
[2023-11-13T08:01:00.869+0000] {processor.py:829} INFO - Processing file /home/airflow/.local/lib/python3.8/site-packages/airflow/example_dags/example_latest_only.py for tasks to queue
[2023-11-13T08:01:00.870+0000] {logging_mixin.py:154} INFO - [2023-11-13T08:01:00.870+0000] {dagbag.py:536} INFO - Filling up the DagBag from /home/airflow/.local/lib/python3.8/site-packages/airflow/example_dags/example_latest_only.py
[2023-11-13T08:01:00.874+0000] {processor.py:839} INFO - DAG(s) dict_keys(['latest_only']) retrieved from /home/airflow/.local/lib/python3.8/site-packages/airflow/example_dags/example_latest_only.py
[2023-11-13T08:01:00.889+0000] {logging_mixin.py:154} INFO - [2023-11-13T08:01:00.889+0000] {dag.py:2941} INFO - Sync 1 DAGs
[2023-11-13T08:01:00.905+0000] {logging_mixin.py:154} INFO - [2023-11-13T08:01:00.905+0000] {dag.py:3722} INFO - Setting next_dagrun for latest_only to 2023-11-13T04:01:00.904924+00:00, run_after=2023-11-13T08:01:00.904924+00:00
[2023-11-13T08:01:00.933+0000] {processor.py:179} INFO - Processing /home/airflow/.local/lib/python3.8/site-packages/airflow/example_dags/example_latest_only.py took 0.067 seconds
[2023-11-13T08:01:32.437+0000] {processor.py:157} INFO - Started process (PID=723) to work on /home/airflow/.local/lib/python3.8/site-packages/airflow/example_dags/example_latest_only.py
[2023-11-13T08:01:32.437+0000] {processor.py:829} INFO - Processing file /home/airflow/.local/lib/python3.8/site-packages/airflow/example_dags/example_latest_only.py for tasks to queue
[2023-11-13T08:01:32.439+0000] {logging_mixin.py:154} INFO - [2023-11-13T08:01:32.439+0000] {dagbag.py:536} INFO - Filling up the DagBag from /home/airflow/.local/lib/python3.8/site-packages/airflow/example_dags/example_latest_only.py
[2023-11-13T08:01:32.443+0000] {processor.py:839} INFO - DAG(s) dict_keys(['latest_only']) retrieved from /home/airflow/.local/lib/python3.8/site-packages/airflow/example_dags/example_latest_only.py
[2023-11-13T08:01:32.459+0000] {logging_mixin.py:154} INFO - [2023-11-13T08:01:32.459+0000] {dag.py:2941} INFO - Sync 1 DAGs
[2023-11-13T08:01:32.477+0000] {logging_mixin.py:154} INFO - [2023-11-13T08:01:32.477+0000] {dag.py:3722} INFO - Setting next_dagrun for latest_only to 2023-11-13T04:01:32.476808+00:00, run_after=2023-11-13T08:01:32.476808+00:00
[2023-11-13T08:01:32.522+0000] {processor.py:179} INFO - Processing /home/airflow/.local/lib/python3.8/site-packages/airflow/example_dags/example_latest_only.py took 0.088 seconds
[2023-11-13T08:02:04.658+0000] {processor.py:157} INFO - Started process (PID=777) to work on /home/airflow/.local/lib/python3.8/site-packages/airflow/example_dags/example_latest_only.py
[2023-11-13T08:02:04.670+0000] {processor.py:829} INFO - Processing file /home/airflow/.local/lib/python3.8/site-packages/airflow/example_dags/example_latest_only.py for tasks to queue
[2023-11-13T08:02:04.671+0000] {logging_mixin.py:154} INFO - [2023-11-13T08:02:04.671+0000] {dagbag.py:536} INFO - Filling up the DagBag from /home/airflow/.local/lib/python3.8/site-packages/airflow/example_dags/example_latest_only.py
[2023-11-13T08:02:04.675+0000] {processor.py:839} INFO - DAG(s) dict_keys(['latest_only']) retrieved from /home/airflow/.local/lib/python3.8/site-packages/airflow/example_dags/example_latest_only.py
[2023-11-13T08:02:04.691+0000] {logging_mixin.py:154} INFO - [2023-11-13T08:02:04.691+0000] {dag.py:2941} INFO - Sync 1 DAGs
[2023-11-13T08:02:04.708+0000] {logging_mixin.py:154} INFO - [2023-11-13T08:02:04.708+0000] {dag.py:3722} INFO - Setting next_dagrun for latest_only to 2023-11-13T04:02:04.708234+00:00, run_after=2023-11-13T08:02:04.708234+00:00
[2023-11-13T08:02:04.735+0000] {processor.py:179} INFO - Processing /home/airflow/.local/lib/python3.8/site-packages/airflow/example_dags/example_latest_only.py took 0.081 seconds
[2023-11-13T08:02:35.902+0000] {processor.py:157} INFO - Started process (PID=830) to work on /home/airflow/.local/lib/python3.8/site-packages/airflow/example_dags/example_latest_only.py
[2023-11-13T08:02:36.153+0000] {processor.py:829} INFO - Processing file /home/airflow/.local/lib/python3.8/site-packages/airflow/example_dags/example_latest_only.py for tasks to queue
[2023-11-13T08:02:36.154+0000] {logging_mixin.py:154} INFO - [2023-11-13T08:02:36.154+0000] {dagbag.py:536} INFO - Filling up the DagBag from /home/airflow/.local/lib/python3.8/site-packages/airflow/example_dags/example_latest_only.py
[2023-11-13T08:02:36.158+0000] {processor.py:839} INFO - DAG(s) dict_keys(['latest_only']) retrieved from /home/airflow/.local/lib/python3.8/site-packages/airflow/example_dags/example_latest_only.py
[2023-11-13T08:02:36.172+0000] {logging_mixin.py:154} INFO - [2023-11-13T08:02:36.172+0000] {dag.py:2941} INFO - Sync 1 DAGs
[2023-11-13T08:02:36.187+0000] {logging_mixin.py:154} INFO - [2023-11-13T08:02:36.187+0000] {dag.py:3722} INFO - Setting next_dagrun for latest_only to 2023-11-13T04:02:36.187616+00:00, run_after=2023-11-13T08:02:36.187616+00:00
[2023-11-13T08:02:37.193+0000] {processor.py:179} INFO - Processing /home/airflow/.local/lib/python3.8/site-packages/airflow/example_dags/example_latest_only.py took 1.296 seconds
[2023-11-13T08:03:07.794+0000] {processor.py:157} INFO - Started process (PID=885) to work on /home/airflow/.local/lib/python3.8/site-packages/airflow/example_dags/example_latest_only.py
[2023-11-13T08:03:07.810+0000] {processor.py:829} INFO - Processing file /home/airflow/.local/lib/python3.8/site-packages/airflow/example_dags/example_latest_only.py for tasks to queue
[2023-11-13T08:03:07.812+0000] {logging_mixin.py:154} INFO - [2023-11-13T08:03:07.812+0000] {dagbag.py:536} INFO - Filling up the DagBag from /home/airflow/.local/lib/python3.8/site-packages/airflow/example_dags/example_latest_only.py
[2023-11-13T08:03:07.816+0000] {processor.py:839} INFO - DAG(s) dict_keys(['latest_only']) retrieved from /home/airflow/.local/lib/python3.8/site-packages/airflow/example_dags/example_latest_only.py
[2023-11-13T08:03:07.831+0000] {logging_mixin.py:154} INFO - [2023-11-13T08:03:07.831+0000] {dag.py:2941} INFO - Sync 1 DAGs
[2023-11-13T08:03:07.848+0000] {logging_mixin.py:154} INFO - [2023-11-13T08:03:07.848+0000] {dag.py:3722} INFO - Setting next_dagrun for latest_only to 2023-11-13T04:03:07.848026+00:00, run_after=2023-11-13T08:03:07.848026+00:00
[2023-11-13T08:03:07.878+0000] {processor.py:179} INFO - Processing /home/airflow/.local/lib/python3.8/site-packages/airflow/example_dags/example_latest_only.py took 0.086 seconds
[2023-11-13T08:03:38.281+0000] {processor.py:157} INFO - Started process (PID=938) to work on /home/airflow/.local/lib/python3.8/site-packages/airflow/example_dags/example_latest_only.py
[2023-11-13T08:03:38.282+0000] {processor.py:829} INFO - Processing file /home/airflow/.local/lib/python3.8/site-packages/airflow/example_dags/example_latest_only.py for tasks to queue
[2023-11-13T08:03:38.283+0000] {logging_mixin.py:154} INFO - [2023-11-13T08:03:38.283+0000] {dagbag.py:536} INFO - Filling up the DagBag from /home/airflow/.local/lib/python3.8/site-packages/airflow/example_dags/example_latest_only.py
[2023-11-13T08:03:38.287+0000] {processor.py:839} INFO - DAG(s) dict_keys(['latest_only']) retrieved from /home/airflow/.local/lib/python3.8/site-packages/airflow/example_dags/example_latest_only.py
[2023-11-13T08:03:38.301+0000] {logging_mixin.py:154} INFO - [2023-11-13T08:03:38.301+0000] {dag.py:2941} INFO - Sync 1 DAGs
[2023-11-13T08:03:38.316+0000] {logging_mixin.py:154} INFO - [2023-11-13T08:03:38.316+0000] {dag.py:3722} INFO - Setting next_dagrun for latest_only to 2023-11-13T04:03:38.316115+00:00, run_after=2023-11-13T08:03:38.316115+00:00
[2023-11-13T08:03:38.337+0000] {processor.py:179} INFO - Processing /home/airflow/.local/lib/python3.8/site-packages/airflow/example_dags/example_latest_only.py took 0.059 seconds
[2023-11-13T08:04:10.581+0000] {processor.py:157} INFO - Started process (PID=993) to work on /home/airflow/.local/lib/python3.8/site-packages/airflow/example_dags/example_latest_only.py
[2023-11-13T08:04:10.607+0000] {processor.py:829} INFO - Processing file /home/airflow/.local/lib/python3.8/site-packages/airflow/example_dags/example_latest_only.py for tasks to queue
[2023-11-13T08:04:10.608+0000] {logging_mixin.py:154} INFO - [2023-11-13T08:04:10.608+0000] {dagbag.py:536} INFO - Filling up the DagBag from /home/airflow/.local/lib/python3.8/site-packages/airflow/example_dags/example_latest_only.py
[2023-11-13T08:04:10.612+0000] {processor.py:839} INFO - DAG(s) dict_keys(['latest_only']) retrieved from /home/airflow/.local/lib/python3.8/site-packages/airflow/example_dags/example_latest_only.py
[2023-11-13T08:04:10.629+0000] {logging_mixin.py:154} INFO - [2023-11-13T08:04:10.629+0000] {dag.py:2941} INFO - Sync 1 DAGs
[2023-11-13T08:04:10.740+0000] {logging_mixin.py:154} INFO - [2023-11-13T08:04:10.740+0000] {dag.py:3722} INFO - Setting next_dagrun for latest_only to 2023-11-13T04:04:10.740713+00:00, run_after=2023-11-13T08:04:10.740713+00:00
[2023-11-13T08:04:10.911+0000] {processor.py:179} INFO - Processing /home/airflow/.local/lib/python3.8/site-packages/airflow/example_dags/example_latest_only.py took 0.333 seconds
[2023-11-13T08:04:41.256+0000] {processor.py:157} INFO - Started process (PID=1047) to work on /home/airflow/.local/lib/python3.8/site-packages/airflow/example_dags/example_latest_only.py
[2023-11-13T08:04:41.362+0000] {processor.py:829} INFO - Processing file /home/airflow/.local/lib/python3.8/site-packages/airflow/example_dags/example_latest_only.py for tasks to queue
[2023-11-13T08:04:41.365+0000] {logging_mixin.py:154} INFO - [2023-11-13T08:04:41.364+0000] {dagbag.py:536} INFO - Filling up the DagBag from /home/airflow/.local/lib/python3.8/site-packages/airflow/example_dags/example_latest_only.py
[2023-11-13T08:04:41.372+0000] {processor.py:839} INFO - DAG(s) dict_keys(['latest_only']) retrieved from /home/airflow/.local/lib/python3.8/site-packages/airflow/example_dags/example_latest_only.py
[2023-11-13T08:04:41.400+0000] {logging_mixin.py:154} INFO - [2023-11-13T08:04:41.399+0000] {dag.py:2941} INFO - Sync 1 DAGs
[2023-11-13T08:04:41.423+0000] {logging_mixin.py:154} INFO - [2023-11-13T08:04:41.422+0000] {dag.py:3722} INFO - Setting next_dagrun for latest_only to 2023-11-13T04:04:41.422657+00:00, run_after=2023-11-13T08:04:41.422657+00:00
[2023-11-13T08:04:41.669+0000] {processor.py:179} INFO - Processing /home/airflow/.local/lib/python3.8/site-packages/airflow/example_dags/example_latest_only.py took 0.418 seconds
[2023-11-13T08:05:11.698+0000] {processor.py:157} INFO - Started process (PID=1101) to work on /home/airflow/.local/lib/python3.8/site-packages/airflow/example_dags/example_latest_only.py
[2023-11-13T08:05:11.705+0000] {processor.py:829} INFO - Processing file /home/airflow/.local/lib/python3.8/site-packages/airflow/example_dags/example_latest_only.py for tasks to queue
[2023-11-13T08:05:11.706+0000] {logging_mixin.py:154} INFO - [2023-11-13T08:05:11.706+0000] {dagbag.py:536} INFO - Filling up the DagBag from /home/airflow/.local/lib/python3.8/site-packages/airflow/example_dags/example_latest_only.py
[2023-11-13T08:05:11.710+0000] {processor.py:839} INFO - DAG(s) dict_keys(['latest_only']) retrieved from /home/airflow/.local/lib/python3.8/site-packages/airflow/example_dags/example_latest_only.py
[2023-11-13T08:05:11.725+0000] {logging_mixin.py:154} INFO - [2023-11-13T08:05:11.725+0000] {dag.py:2941} INFO - Sync 1 DAGs
[2023-11-13T08:05:11.742+0000] {logging_mixin.py:154} INFO - [2023-11-13T08:05:11.742+0000] {dag.py:3722} INFO - Setting next_dagrun for latest_only to 2023-11-13T04:05:11.741958+00:00, run_after=2023-11-13T08:05:11.741958+00:00
[2023-11-13T08:05:11.776+0000] {processor.py:179} INFO - Processing /home/airflow/.local/lib/python3.8/site-packages/airflow/example_dags/example_latest_only.py took 0.080 seconds
[2023-11-13T08:05:42.148+0000] {processor.py:157} INFO - Started process (PID=1155) to work on /home/airflow/.local/lib/python3.8/site-packages/airflow/example_dags/example_latest_only.py
[2023-11-13T08:05:42.148+0000] {processor.py:829} INFO - Processing file /home/airflow/.local/lib/python3.8/site-packages/airflow/example_dags/example_latest_only.py for tasks to queue
[2023-11-13T08:05:42.150+0000] {logging_mixin.py:154} INFO - [2023-11-13T08:05:42.149+0000] {dagbag.py:536} INFO - Filling up the DagBag from /home/airflow/.local/lib/python3.8/site-packages/airflow/example_dags/example_latest_only.py
[2023-11-13T08:05:42.153+0000] {processor.py:839} INFO - DAG(s) dict_keys(['latest_only']) retrieved from /home/airflow/.local/lib/python3.8/site-packages/airflow/example_dags/example_latest_only.py
[2023-11-13T08:05:42.168+0000] {logging_mixin.py:154} INFO - [2023-11-13T08:05:42.168+0000] {dag.py:2941} INFO - Sync 1 DAGs
[2023-11-13T08:05:42.290+0000] {logging_mixin.py:154} INFO - [2023-11-13T08:05:42.290+0000] {dag.py:3722} INFO - Setting next_dagrun for latest_only to 2023-11-13T04:05:42.290316+00:00, run_after=2023-11-13T08:05:42.290316+00:00
[2023-11-13T08:05:42.322+0000] {processor.py:179} INFO - Processing /home/airflow/.local/lib/python3.8/site-packages/airflow/example_dags/example_latest_only.py took 0.176 seconds
[2023-11-13T08:06:12.487+0000] {processor.py:157} INFO - Started process (PID=1209) to work on /home/airflow/.local/lib/python3.8/site-packages/airflow/example_dags/example_latest_only.py
[2023-11-13T08:06:12.488+0000] {processor.py:829} INFO - Processing file /home/airflow/.local/lib/python3.8/site-packages/airflow/example_dags/example_latest_only.py for tasks to queue
[2023-11-13T08:06:12.490+0000] {logging_mixin.py:154} INFO - [2023-11-13T08:06:12.490+0000] {dagbag.py:536} INFO - Filling up the DagBag from /home/airflow/.local/lib/python3.8/site-packages/airflow/example_dags/example_latest_only.py
[2023-11-13T08:06:12.494+0000] {processor.py:839} INFO - DAG(s) dict_keys(['latest_only']) retrieved from /home/airflow/.local/lib/python3.8/site-packages/airflow/example_dags/example_latest_only.py
[2023-11-13T08:06:12.509+0000] {logging_mixin.py:154} INFO - [2023-11-13T08:06:12.509+0000] {dag.py:2941} INFO - Sync 1 DAGs
[2023-11-13T08:06:12.526+0000] {logging_mixin.py:154} INFO - [2023-11-13T08:06:12.525+0000] {dag.py:3722} INFO - Setting next_dagrun for latest_only to 2023-11-13T04:06:12.525764+00:00, run_after=2023-11-13T08:06:12.525764+00:00
[2023-11-13T08:06:12.553+0000] {processor.py:179} INFO - Processing /home/airflow/.local/lib/python3.8/site-packages/airflow/example_dags/example_latest_only.py took 0.069 seconds
[2023-11-13T08:06:42.619+0000] {processor.py:157} INFO - Started process (PID=1262) to work on /home/airflow/.local/lib/python3.8/site-packages/airflow/example_dags/example_latest_only.py
[2023-11-13T08:06:42.620+0000] {processor.py:829} INFO - Processing file /home/airflow/.local/lib/python3.8/site-packages/airflow/example_dags/example_latest_only.py for tasks to queue
[2023-11-13T08:06:42.621+0000] {logging_mixin.py:154} INFO - [2023-11-13T08:06:42.621+0000] {dagbag.py:536} INFO - Filling up the DagBag from /home/airflow/.local/lib/python3.8/site-packages/airflow/example_dags/example_latest_only.py
[2023-11-13T08:06:42.625+0000] {processor.py:839} INFO - DAG(s) dict_keys(['latest_only']) retrieved from /home/airflow/.local/lib/python3.8/site-packages/airflow/example_dags/example_latest_only.py
[2023-11-13T08:06:42.639+0000] {logging_mixin.py:154} INFO - [2023-11-13T08:06:42.639+0000] {dag.py:2941} INFO - Sync 1 DAGs
[2023-11-13T08:06:42.653+0000] {logging_mixin.py:154} INFO - [2023-11-13T08:06:42.653+0000] {dag.py:3722} INFO - Setting next_dagrun for latest_only to 2023-11-13T04:06:42.653471+00:00, run_after=2023-11-13T08:06:42.653471+00:00
[2023-11-13T08:06:42.686+0000] {processor.py:179} INFO - Processing /home/airflow/.local/lib/python3.8/site-packages/airflow/example_dags/example_latest_only.py took 0.069 seconds
[2023-11-13T08:07:14.185+0000] {processor.py:157} INFO - Started process (PID=1317) to work on /home/airflow/.local/lib/python3.8/site-packages/airflow/example_dags/example_latest_only.py
[2023-11-13T08:07:14.342+0000] {processor.py:829} INFO - Processing file /home/airflow/.local/lib/python3.8/site-packages/airflow/example_dags/example_latest_only.py for tasks to queue
[2023-11-13T08:07:14.343+0000] {logging_mixin.py:154} INFO - [2023-11-13T08:07:14.343+0000] {dagbag.py:536} INFO - Filling up the DagBag from /home/airflow/.local/lib/python3.8/site-packages/airflow/example_dags/example_latest_only.py
[2023-11-13T08:07:14.347+0000] {processor.py:839} INFO - DAG(s) dict_keys(['latest_only']) retrieved from /home/airflow/.local/lib/python3.8/site-packages/airflow/example_dags/example_latest_only.py
[2023-11-13T08:07:14.362+0000] {logging_mixin.py:154} INFO - [2023-11-13T08:07:14.362+0000] {dag.py:2941} INFO - Sync 1 DAGs
[2023-11-13T08:07:14.475+0000] {logging_mixin.py:154} INFO - [2023-11-13T08:07:14.475+0000] {dag.py:3722} INFO - Setting next_dagrun for latest_only to 2023-11-13T04:07:14.474998+00:00, run_after=2023-11-13T08:07:14.474998+00:00
[2023-11-13T08:07:14.659+0000] {processor.py:179} INFO - Processing /home/airflow/.local/lib/python3.8/site-packages/airflow/example_dags/example_latest_only.py took 0.477 seconds
[2023-11-13T08:07:45.684+0000] {processor.py:157} INFO - Started process (PID=1371) to work on /home/airflow/.local/lib/python3.8/site-packages/airflow/example_dags/example_latest_only.py
[2023-11-13T08:07:45.685+0000] {processor.py:829} INFO - Processing file /home/airflow/.local/lib/python3.8/site-packages/airflow/example_dags/example_latest_only.py for tasks to queue
[2023-11-13T08:07:45.686+0000] {logging_mixin.py:154} INFO - [2023-11-13T08:07:45.686+0000] {dagbag.py:536} INFO - Filling up the DagBag from /home/airflow/.local/lib/python3.8/site-packages/airflow/example_dags/example_latest_only.py
[2023-11-13T08:07:45.690+0000] {processor.py:839} INFO - DAG(s) dict_keys(['latest_only']) retrieved from /home/airflow/.local/lib/python3.8/site-packages/airflow/example_dags/example_latest_only.py
[2023-11-13T08:07:45.704+0000] {logging_mixin.py:154} INFO - [2023-11-13T08:07:45.703+0000] {dag.py:2941} INFO - Sync 1 DAGs
[2023-11-13T08:07:45.718+0000] {logging_mixin.py:154} INFO - [2023-11-13T08:07:45.718+0000] {dag.py:3722} INFO - Setting next_dagrun for latest_only to 2023-11-13T04:07:45.718161+00:00, run_after=2023-11-13T08:07:45.718161+00:00
[2023-11-13T08:07:45.843+0000] {processor.py:179} INFO - Processing /home/airflow/.local/lib/python3.8/site-packages/airflow/example_dags/example_latest_only.py took 0.160 seconds
[2023-11-13T08:08:17.408+0000] {processor.py:157} INFO - Started process (PID=1425) to work on /home/airflow/.local/lib/python3.8/site-packages/airflow/example_dags/example_latest_only.py
[2023-11-13T08:08:17.546+0000] {processor.py:829} INFO - Processing file /home/airflow/.local/lib/python3.8/site-packages/airflow/example_dags/example_latest_only.py for tasks to queue
[2023-11-13T08:08:17.552+0000] {logging_mixin.py:154} INFO - [2023-11-13T08:08:17.551+0000] {dagbag.py:536} INFO - Filling up the DagBag from /home/airflow/.local/lib/python3.8/site-packages/airflow/example_dags/example_latest_only.py
[2023-11-13T08:08:17.568+0000] {processor.py:839} INFO - DAG(s) dict_keys(['latest_only']) retrieved from /home/airflow/.local/lib/python3.8/site-packages/airflow/example_dags/example_latest_only.py
[2023-11-13T08:08:17.617+0000] {logging_mixin.py:154} INFO - [2023-11-13T08:08:17.617+0000] {dag.py:2941} INFO - Sync 1 DAGs
[2023-11-13T08:08:17.644+0000] {logging_mixin.py:154} INFO - [2023-11-13T08:08:17.644+0000] {dag.py:3722} INFO - Setting next_dagrun for latest_only to 2023-11-13T04:08:17.644564+00:00, run_after=2023-11-13T08:08:17.644564+00:00
[2023-11-13T08:08:17.680+0000] {processor.py:179} INFO - Processing /home/airflow/.local/lib/python3.8/site-packages/airflow/example_dags/example_latest_only.py took 0.274 seconds
[2023-11-13T08:08:49.298+0000] {processor.py:157} INFO - Started process (PID=1479) to work on /home/airflow/.local/lib/python3.8/site-packages/airflow/example_dags/example_latest_only.py
[2023-11-13T08:08:49.299+0000] {processor.py:829} INFO - Processing file /home/airflow/.local/lib/python3.8/site-packages/airflow/example_dags/example_latest_only.py for tasks to queue
[2023-11-13T08:08:49.300+0000] {logging_mixin.py:154} INFO - [2023-11-13T08:08:49.300+0000] {dagbag.py:536} INFO - Filling up the DagBag from /home/airflow/.local/lib/python3.8/site-packages/airflow/example_dags/example_latest_only.py
[2023-11-13T08:08:49.303+0000] {processor.py:839} INFO - DAG(s) dict_keys(['latest_only']) retrieved from /home/airflow/.local/lib/python3.8/site-packages/airflow/example_dags/example_latest_only.py
[2023-11-13T08:08:49.317+0000] {logging_mixin.py:154} INFO - [2023-11-13T08:08:49.317+0000] {dag.py:2941} INFO - Sync 1 DAGs
[2023-11-13T08:08:49.432+0000] {logging_mixin.py:154} INFO - [2023-11-13T08:08:49.432+0000] {dag.py:3722} INFO - Setting next_dagrun for latest_only to 2023-11-13T04:08:49.432284+00:00, run_after=2023-11-13T08:08:49.432284+00:00
[2023-11-13T08:08:49.685+0000] {processor.py:179} INFO - Processing /home/airflow/.local/lib/python3.8/site-packages/airflow/example_dags/example_latest_only.py took 0.389 seconds
[2023-11-13T08:09:20.171+0000] {processor.py:157} INFO - Started process (PID=1533) to work on /home/airflow/.local/lib/python3.8/site-packages/airflow/example_dags/example_latest_only.py
[2023-11-13T08:09:20.171+0000] {processor.py:829} INFO - Processing file /home/airflow/.local/lib/python3.8/site-packages/airflow/example_dags/example_latest_only.py for tasks to queue
[2023-11-13T08:09:20.173+0000] {logging_mixin.py:154} INFO - [2023-11-13T08:09:20.173+0000] {dagbag.py:536} INFO - Filling up the DagBag from /home/airflow/.local/lib/python3.8/site-packages/airflow/example_dags/example_latest_only.py
[2023-11-13T08:09:20.176+0000] {processor.py:839} INFO - DAG(s) dict_keys(['latest_only']) retrieved from /home/airflow/.local/lib/python3.8/site-packages/airflow/example_dags/example_latest_only.py
[2023-11-13T08:09:20.190+0000] {logging_mixin.py:154} INFO - [2023-11-13T08:09:20.190+0000] {dag.py:2941} INFO - Sync 1 DAGs
[2023-11-13T08:09:20.204+0000] {logging_mixin.py:154} INFO - [2023-11-13T08:09:20.204+0000] {dag.py:3722} INFO - Setting next_dagrun for latest_only to 2023-11-13T04:09:20.204017+00:00, run_after=2023-11-13T08:09:20.204017+00:00
[2023-11-13T08:09:20.659+0000] {processor.py:179} INFO - Processing /home/airflow/.local/lib/python3.8/site-packages/airflow/example_dags/example_latest_only.py took 0.490 seconds
[2023-11-13T08:09:50.950+0000] {processor.py:157} INFO - Started process (PID=1587) to work on /home/airflow/.local/lib/python3.8/site-packages/airflow/example_dags/example_latest_only.py
[2023-11-13T08:09:50.951+0000] {processor.py:829} INFO - Processing file /home/airflow/.local/lib/python3.8/site-packages/airflow/example_dags/example_latest_only.py for tasks to queue
[2023-11-13T08:09:50.952+0000] {logging_mixin.py:154} INFO - [2023-11-13T08:09:50.952+0000] {dagbag.py:536} INFO - Filling up the DagBag from /home/airflow/.local/lib/python3.8/site-packages/airflow/example_dags/example_latest_only.py
[2023-11-13T08:09:50.956+0000] {processor.py:839} INFO - DAG(s) dict_keys(['latest_only']) retrieved from /home/airflow/.local/lib/python3.8/site-packages/airflow/example_dags/example_latest_only.py
[2023-11-13T08:09:51.079+0000] {logging_mixin.py:154} INFO - [2023-11-13T08:09:51.079+0000] {dag.py:2941} INFO - Sync 1 DAGs
[2023-11-13T08:09:51.093+0000] {logging_mixin.py:154} INFO - [2023-11-13T08:09:51.093+0000] {dag.py:3722} INFO - Setting next_dagrun for latest_only to 2023-11-13T04:09:51.093570+00:00, run_after=2023-11-13T08:09:51.093570+00:00
[2023-11-13T08:09:51.348+0000] {processor.py:179} INFO - Processing /home/airflow/.local/lib/python3.8/site-packages/airflow/example_dags/example_latest_only.py took 0.401 seconds
[2023-11-13T08:10:21.461+0000] {processor.py:157} INFO - Started process (PID=1641) to work on /home/airflow/.local/lib/python3.8/site-packages/airflow/example_dags/example_latest_only.py
[2023-11-13T08:10:21.461+0000] {processor.py:829} INFO - Processing file /home/airflow/.local/lib/python3.8/site-packages/airflow/example_dags/example_latest_only.py for tasks to queue
[2023-11-13T08:10:21.463+0000] {logging_mixin.py:154} INFO - [2023-11-13T08:10:21.462+0000] {dagbag.py:536} INFO - Filling up the DagBag from /home/airflow/.local/lib/python3.8/site-packages/airflow/example_dags/example_latest_only.py
[2023-11-13T08:10:21.466+0000] {processor.py:839} INFO - DAG(s) dict_keys(['latest_only']) retrieved from /home/airflow/.local/lib/python3.8/site-packages/airflow/example_dags/example_latest_only.py
[2023-11-13T08:10:21.480+0000] {logging_mixin.py:154} INFO - [2023-11-13T08:10:21.480+0000] {dag.py:2941} INFO - Sync 1 DAGs
[2023-11-13T08:10:21.494+0000] {logging_mixin.py:154} INFO - [2023-11-13T08:10:21.494+0000] {dag.py:3722} INFO - Setting next_dagrun for latest_only to 2023-11-13T04:10:21.493974+00:00, run_after=2023-11-13T08:10:21.493974+00:00
[2023-11-13T08:10:21.517+0000] {processor.py:179} INFO - Processing /home/airflow/.local/lib/python3.8/site-packages/airflow/example_dags/example_latest_only.py took 0.058 seconds
[2023-11-13T08:10:53.270+0000] {processor.py:157} INFO - Started process (PID=1695) to work on /home/airflow/.local/lib/python3.8/site-packages/airflow/example_dags/example_latest_only.py
[2023-11-13T08:10:53.295+0000] {processor.py:829} INFO - Processing file /home/airflow/.local/lib/python3.8/site-packages/airflow/example_dags/example_latest_only.py for tasks to queue
[2023-11-13T08:10:53.297+0000] {logging_mixin.py:154} INFO - [2023-11-13T08:10:53.296+0000] {dagbag.py:536} INFO - Filling up the DagBag from /home/airflow/.local/lib/python3.8/site-packages/airflow/example_dags/example_latest_only.py
[2023-11-13T08:10:53.300+0000] {processor.py:839} INFO - DAG(s) dict_keys(['latest_only']) retrieved from /home/airflow/.local/lib/python3.8/site-packages/airflow/example_dags/example_latest_only.py
[2023-11-13T08:10:53.315+0000] {logging_mixin.py:154} INFO - [2023-11-13T08:10:53.314+0000] {dag.py:2941} INFO - Sync 1 DAGs
[2023-11-13T08:10:53.330+0000] {logging_mixin.py:154} INFO - [2023-11-13T08:10:53.329+0000] {dag.py:3722} INFO - Setting next_dagrun for latest_only to 2023-11-13T04:10:53.329379+00:00, run_after=2023-11-13T08:10:53.329379+00:00
[2023-11-13T08:10:53.584+0000] {processor.py:179} INFO - Processing /home/airflow/.local/lib/python3.8/site-packages/airflow/example_dags/example_latest_only.py took 0.316 seconds
[2023-11-13T08:11:23.762+0000] {processor.py:157} INFO - Started process (PID=1749) to work on /home/airflow/.local/lib/python3.8/site-packages/airflow/example_dags/example_latest_only.py
[2023-11-13T08:11:23.762+0000] {processor.py:829} INFO - Processing file /home/airflow/.local/lib/python3.8/site-packages/airflow/example_dags/example_latest_only.py for tasks to queue
[2023-11-13T08:11:23.764+0000] {logging_mixin.py:154} INFO - [2023-11-13T08:11:23.764+0000] {dagbag.py:536} INFO - Filling up the DagBag from /home/airflow/.local/lib/python3.8/site-packages/airflow/example_dags/example_latest_only.py
[2023-11-13T08:11:23.767+0000] {processor.py:839} INFO - DAG(s) dict_keys(['latest_only']) retrieved from /home/airflow/.local/lib/python3.8/site-packages/airflow/example_dags/example_latest_only.py
[2023-11-13T08:11:23.782+0000] {logging_mixin.py:154} INFO - [2023-11-13T08:11:23.781+0000] {dag.py:2941} INFO - Sync 1 DAGs
[2023-11-13T08:11:23.797+0000] {logging_mixin.py:154} INFO - [2023-11-13T08:11:23.797+0000] {dag.py:3722} INFO - Setting next_dagrun for latest_only to 2023-11-13T04:11:23.796912+00:00, run_after=2023-11-13T08:11:23.796912+00:00
[2023-11-13T08:11:23.828+0000] {processor.py:179} INFO - Processing /home/airflow/.local/lib/python3.8/site-packages/airflow/example_dags/example_latest_only.py took 0.068 seconds
[2023-11-13T08:11:54.821+0000] {processor.py:157} INFO - Started process (PID=1803) to work on /home/airflow/.local/lib/python3.8/site-packages/airflow/example_dags/example_latest_only.py
[2023-11-13T08:11:54.833+0000] {processor.py:829} INFO - Processing file /home/airflow/.local/lib/python3.8/site-packages/airflow/example_dags/example_latest_only.py for tasks to queue
[2023-11-13T08:11:54.835+0000] {logging_mixin.py:154} INFO - [2023-11-13T08:11:54.835+0000] {dagbag.py:536} INFO - Filling up the DagBag from /home/airflow/.local/lib/python3.8/site-packages/airflow/example_dags/example_latest_only.py
[2023-11-13T08:11:54.838+0000] {processor.py:839} INFO - DAG(s) dict_keys(['latest_only']) retrieved from /home/airflow/.local/lib/python3.8/site-packages/airflow/example_dags/example_latest_only.py
[2023-11-13T08:11:54.852+0000] {logging_mixin.py:154} INFO - [2023-11-13T08:11:54.852+0000] {dag.py:2941} INFO - Sync 1 DAGs
[2023-11-13T08:11:54.867+0000] {logging_mixin.py:154} INFO - [2023-11-13T08:11:54.867+0000] {dag.py:3722} INFO - Setting next_dagrun for latest_only to 2023-11-13T04:11:54.867470+00:00, run_after=2023-11-13T08:11:54.867470+00:00
[2023-11-13T08:11:54.894+0000] {processor.py:179} INFO - Processing /home/airflow/.local/lib/python3.8/site-packages/airflow/example_dags/example_latest_only.py took 0.076 seconds
[2023-11-13T08:12:26.590+0000] {processor.py:157} INFO - Started process (PID=1857) to work on /home/airflow/.local/lib/python3.8/site-packages/airflow/example_dags/example_latest_only.py
[2023-11-13T08:12:26.591+0000] {processor.py:829} INFO - Processing file /home/airflow/.local/lib/python3.8/site-packages/airflow/example_dags/example_latest_only.py for tasks to queue
[2023-11-13T08:12:26.592+0000] {logging_mixin.py:154} INFO - [2023-11-13T08:12:26.592+0000] {dagbag.py:536} INFO - Filling up the DagBag from /home/airflow/.local/lib/python3.8/site-packages/airflow/example_dags/example_latest_only.py
[2023-11-13T08:12:26.596+0000] {processor.py:839} INFO - DAG(s) dict_keys(['latest_only']) retrieved from /home/airflow/.local/lib/python3.8/site-packages/airflow/example_dags/example_latest_only.py
[2023-11-13T08:12:26.610+0000] {logging_mixin.py:154} INFO - [2023-11-13T08:12:26.610+0000] {dag.py:2941} INFO - Sync 1 DAGs
[2023-11-13T08:12:26.626+0000] {logging_mixin.py:154} INFO - [2023-11-13T08:12:26.626+0000] {dag.py:3722} INFO - Setting next_dagrun for latest_only to 2023-11-13T04:12:26.626603+00:00, run_after=2023-11-13T08:12:26.626603+00:00
[2023-11-13T08:12:26.656+0000] {processor.py:179} INFO - Processing /home/airflow/.local/lib/python3.8/site-packages/airflow/example_dags/example_latest_only.py took 0.068 seconds
[2023-11-13T08:12:58.208+0000] {processor.py:157} INFO - Started process (PID=1911) to work on /home/airflow/.local/lib/python3.8/site-packages/airflow/example_dags/example_latest_only.py
[2023-11-13T08:12:58.217+0000] {processor.py:829} INFO - Processing file /home/airflow/.local/lib/python3.8/site-packages/airflow/example_dags/example_latest_only.py for tasks to queue
[2023-11-13T08:12:58.219+0000] {logging_mixin.py:154} INFO - [2023-11-13T08:12:58.219+0000] {dagbag.py:536} INFO - Filling up the DagBag from /home/airflow/.local/lib/python3.8/site-packages/airflow/example_dags/example_latest_only.py
[2023-11-13T08:12:58.222+0000] {processor.py:839} INFO - DAG(s) dict_keys(['latest_only']) retrieved from /home/airflow/.local/lib/python3.8/site-packages/airflow/example_dags/example_latest_only.py
[2023-11-13T08:12:58.237+0000] {logging_mixin.py:154} INFO - [2023-11-13T08:12:58.237+0000] {dag.py:2941} INFO - Sync 1 DAGs
[2023-11-13T08:12:58.252+0000] {logging_mixin.py:154} INFO - [2023-11-13T08:12:58.252+0000] {dag.py:3722} INFO - Setting next_dagrun for latest_only to 2023-11-13T04:12:58.252149+00:00, run_after=2023-11-13T08:12:58.252149+00:00
[2023-11-13T08:12:58.284+0000] {processor.py:179} INFO - Processing /home/airflow/.local/lib/python3.8/site-packages/airflow/example_dags/example_latest_only.py took 0.079 seconds
[2023-11-13T08:13:29.247+0000] {processor.py:157} INFO - Started process (PID=1965) to work on /home/airflow/.local/lib/python3.8/site-packages/airflow/example_dags/example_latest_only.py
[2023-11-13T08:13:29.248+0000] {processor.py:829} INFO - Processing file /home/airflow/.local/lib/python3.8/site-packages/airflow/example_dags/example_latest_only.py for tasks to queue
[2023-11-13T08:13:29.250+0000] {logging_mixin.py:154} INFO - [2023-11-13T08:13:29.249+0000] {dagbag.py:536} INFO - Filling up the DagBag from /home/airflow/.local/lib/python3.8/site-packages/airflow/example_dags/example_latest_only.py
[2023-11-13T08:13:29.253+0000] {processor.py:839} INFO - DAG(s) dict_keys(['latest_only']) retrieved from /home/airflow/.local/lib/python3.8/site-packages/airflow/example_dags/example_latest_only.py
[2023-11-13T08:13:29.269+0000] {logging_mixin.py:154} INFO - [2023-11-13T08:13:29.268+0000] {dag.py:2941} INFO - Sync 1 DAGs
[2023-11-13T08:13:29.285+0000] {logging_mixin.py:154} INFO - [2023-11-13T08:13:29.285+0000] {dag.py:3722} INFO - Setting next_dagrun for latest_only to 2023-11-13T04:13:29.284957+00:00, run_after=2023-11-13T08:13:29.284957+00:00
[2023-11-13T08:13:29.312+0000] {processor.py:179} INFO - Processing /home/airflow/.local/lib/python3.8/site-packages/airflow/example_dags/example_latest_only.py took 0.067 seconds
[2023-11-13T08:13:59.435+0000] {processor.py:157} INFO - Started process (PID=2018) to work on /home/airflow/.local/lib/python3.8/site-packages/airflow/example_dags/example_latest_only.py
[2023-11-13T08:13:59.458+0000] {processor.py:829} INFO - Processing file /home/airflow/.local/lib/python3.8/site-packages/airflow/example_dags/example_latest_only.py for tasks to queue
[2023-11-13T08:13:59.459+0000] {logging_mixin.py:154} INFO - [2023-11-13T08:13:59.459+0000] {dagbag.py:536} INFO - Filling up the DagBag from /home/airflow/.local/lib/python3.8/site-packages/airflow/example_dags/example_latest_only.py
[2023-11-13T08:13:59.463+0000] {processor.py:839} INFO - DAG(s) dict_keys(['latest_only']) retrieved from /home/airflow/.local/lib/python3.8/site-packages/airflow/example_dags/example_latest_only.py
[2023-11-13T08:13:59.478+0000] {logging_mixin.py:154} INFO - [2023-11-13T08:13:59.477+0000] {dag.py:2941} INFO - Sync 1 DAGs
[2023-11-13T08:13:59.493+0000] {logging_mixin.py:154} INFO - [2023-11-13T08:13:59.493+0000] {dag.py:3722} INFO - Setting next_dagrun for latest_only to 2023-11-13T04:13:59.493387+00:00, run_after=2023-11-13T08:13:59.493387+00:00
[2023-11-13T08:13:59.526+0000] {processor.py:179} INFO - Processing /home/airflow/.local/lib/python3.8/site-packages/airflow/example_dags/example_latest_only.py took 0.093 seconds
[2023-11-13T08:14:32.471+0000] {processor.py:157} INFO - Started process (PID=2073) to work on /home/airflow/.local/lib/python3.8/site-packages/airflow/example_dags/example_latest_only.py
[2023-11-13T08:14:32.471+0000] {processor.py:829} INFO - Processing file /home/airflow/.local/lib/python3.8/site-packages/airflow/example_dags/example_latest_only.py for tasks to queue
[2023-11-13T08:14:32.473+0000] {logging_mixin.py:154} INFO - [2023-11-13T08:14:32.472+0000] {dagbag.py:536} INFO - Filling up the DagBag from /home/airflow/.local/lib/python3.8/site-packages/airflow/example_dags/example_latest_only.py
[2023-11-13T08:14:32.476+0000] {processor.py:839} INFO - DAG(s) dict_keys(['latest_only']) retrieved from /home/airflow/.local/lib/python3.8/site-packages/airflow/example_dags/example_latest_only.py
[2023-11-13T08:14:32.490+0000] {logging_mixin.py:154} INFO - [2023-11-13T08:14:32.490+0000] {dag.py:2941} INFO - Sync 1 DAGs
[2023-11-13T08:14:32.505+0000] {logging_mixin.py:154} INFO - [2023-11-13T08:14:32.505+0000] {dag.py:3722} INFO - Setting next_dagrun for latest_only to 2023-11-13T04:14:32.505108+00:00, run_after=2023-11-13T08:14:32.505108+00:00
[2023-11-13T08:14:32.654+0000] {processor.py:179} INFO - Processing /home/airflow/.local/lib/python3.8/site-packages/airflow/example_dags/example_latest_only.py took 0.185 seconds
[2023-11-13T08:15:03.383+0000] {processor.py:157} INFO - Started process (PID=2127) to work on /home/airflow/.local/lib/python3.8/site-packages/airflow/example_dags/example_latest_only.py
[2023-11-13T08:15:03.388+0000] {processor.py:829} INFO - Processing file /home/airflow/.local/lib/python3.8/site-packages/airflow/example_dags/example_latest_only.py for tasks to queue
[2023-11-13T08:15:03.389+0000] {logging_mixin.py:154} INFO - [2023-11-13T08:15:03.389+0000] {dagbag.py:536} INFO - Filling up the DagBag from /home/airflow/.local/lib/python3.8/site-packages/airflow/example_dags/example_latest_only.py
[2023-11-13T08:15:03.392+0000] {processor.py:839} INFO - DAG(s) dict_keys(['latest_only']) retrieved from /home/airflow/.local/lib/python3.8/site-packages/airflow/example_dags/example_latest_only.py
[2023-11-13T08:15:03.407+0000] {logging_mixin.py:154} INFO - [2023-11-13T08:15:03.406+0000] {dag.py:2941} INFO - Sync 1 DAGs
[2023-11-13T08:15:03.421+0000] {logging_mixin.py:154} INFO - [2023-11-13T08:15:03.421+0000] {dag.py:3722} INFO - Setting next_dagrun for latest_only to 2023-11-13T04:15:03.421538+00:00, run_after=2023-11-13T08:15:03.421538+00:00
[2023-11-13T08:15:03.448+0000] {processor.py:179} INFO - Processing /home/airflow/.local/lib/python3.8/site-packages/airflow/example_dags/example_latest_only.py took 0.068 seconds
[2023-11-13T08:15:34.992+0000] {processor.py:157} INFO - Started process (PID=2181) to work on /home/airflow/.local/lib/python3.8/site-packages/airflow/example_dags/example_latest_only.py
[2023-11-13T08:15:34.999+0000] {processor.py:829} INFO - Processing file /home/airflow/.local/lib/python3.8/site-packages/airflow/example_dags/example_latest_only.py for tasks to queue
[2023-11-13T08:15:35.000+0000] {logging_mixin.py:154} INFO - [2023-11-13T08:15:35.000+0000] {dagbag.py:536} INFO - Filling up the DagBag from /home/airflow/.local/lib/python3.8/site-packages/airflow/example_dags/example_latest_only.py
[2023-11-13T08:15:35.004+0000] {processor.py:839} INFO - DAG(s) dict_keys(['latest_only']) retrieved from /home/airflow/.local/lib/python3.8/site-packages/airflow/example_dags/example_latest_only.py
[2023-11-13T08:15:35.019+0000] {logging_mixin.py:154} INFO - [2023-11-13T08:15:35.019+0000] {dag.py:2941} INFO - Sync 1 DAGs
[2023-11-13T08:15:35.033+0000] {logging_mixin.py:154} INFO - [2023-11-13T08:15:35.033+0000] {dag.py:3722} INFO - Setting next_dagrun for latest_only to 2023-11-13T04:15:35.033669+00:00, run_after=2023-11-13T08:15:35.033669+00:00
[2023-11-13T08:15:35.068+0000] {processor.py:179} INFO - Processing /home/airflow/.local/lib/python3.8/site-packages/airflow/example_dags/example_latest_only.py took 0.078 seconds
[2023-11-13T08:16:05.933+0000] {processor.py:157} INFO - Started process (PID=2235) to work on /home/airflow/.local/lib/python3.8/site-packages/airflow/example_dags/example_latest_only.py
[2023-11-13T08:16:05.933+0000] {processor.py:829} INFO - Processing file /home/airflow/.local/lib/python3.8/site-packages/airflow/example_dags/example_latest_only.py for tasks to queue
[2023-11-13T08:16:05.935+0000] {logging_mixin.py:154} INFO - [2023-11-13T08:16:05.934+0000] {dagbag.py:536} INFO - Filling up the DagBag from /home/airflow/.local/lib/python3.8/site-packages/airflow/example_dags/example_latest_only.py
[2023-11-13T08:16:05.938+0000] {processor.py:839} INFO - DAG(s) dict_keys(['latest_only']) retrieved from /home/airflow/.local/lib/python3.8/site-packages/airflow/example_dags/example_latest_only.py
[2023-11-13T08:16:05.952+0000] {logging_mixin.py:154} INFO - [2023-11-13T08:16:05.952+0000] {dag.py:2941} INFO - Sync 1 DAGs
[2023-11-13T08:16:05.967+0000] {logging_mixin.py:154} INFO - [2023-11-13T08:16:05.967+0000] {dag.py:3722} INFO - Setting next_dagrun for latest_only to 2023-11-13T04:16:05.967383+00:00, run_after=2023-11-13T08:16:05.967383+00:00
[2023-11-13T08:16:06.622+0000] {processor.py:179} INFO - Processing /home/airflow/.local/lib/python3.8/site-packages/airflow/example_dags/example_latest_only.py took 0.692 seconds
[2023-11-13T08:16:37.436+0000] {processor.py:157} INFO - Started process (PID=2289) to work on /home/airflow/.local/lib/python3.8/site-packages/airflow/example_dags/example_latest_only.py
[2023-11-13T08:16:37.450+0000] {processor.py:829} INFO - Processing file /home/airflow/.local/lib/python3.8/site-packages/airflow/example_dags/example_latest_only.py for tasks to queue
[2023-11-13T08:16:37.452+0000] {logging_mixin.py:154} INFO - [2023-11-13T08:16:37.451+0000] {dagbag.py:536} INFO - Filling up the DagBag from /home/airflow/.local/lib/python3.8/site-packages/airflow/example_dags/example_latest_only.py
[2023-11-13T08:16:37.455+0000] {processor.py:839} INFO - DAG(s) dict_keys(['latest_only']) retrieved from /home/airflow/.local/lib/python3.8/site-packages/airflow/example_dags/example_latest_only.py
[2023-11-13T08:16:37.471+0000] {logging_mixin.py:154} INFO - [2023-11-13T08:16:37.471+0000] {dag.py:2941} INFO - Sync 1 DAGs
[2023-11-13T08:16:37.485+0000] {logging_mixin.py:154} INFO - [2023-11-13T08:16:37.485+0000] {dag.py:3722} INFO - Setting next_dagrun for latest_only to 2023-11-13T04:16:37.485403+00:00, run_after=2023-11-13T08:16:37.485403+00:00
[2023-11-13T08:16:37.515+0000] {processor.py:179} INFO - Processing /home/airflow/.local/lib/python3.8/site-packages/airflow/example_dags/example_latest_only.py took 0.082 seconds
[2023-11-13T08:17:08.059+0000] {processor.py:157} INFO - Started process (PID=2343) to work on /home/airflow/.local/lib/python3.8/site-packages/airflow/example_dags/example_latest_only.py
[2023-11-13T08:17:08.059+0000] {processor.py:829} INFO - Processing file /home/airflow/.local/lib/python3.8/site-packages/airflow/example_dags/example_latest_only.py for tasks to queue
[2023-11-13T08:17:08.061+0000] {logging_mixin.py:154} INFO - [2023-11-13T08:17:08.060+0000] {dagbag.py:536} INFO - Filling up the DagBag from /home/airflow/.local/lib/python3.8/site-packages/airflow/example_dags/example_latest_only.py
[2023-11-13T08:17:08.064+0000] {processor.py:839} INFO - DAG(s) dict_keys(['latest_only']) retrieved from /home/airflow/.local/lib/python3.8/site-packages/airflow/example_dags/example_latest_only.py
[2023-11-13T08:17:08.079+0000] {logging_mixin.py:154} INFO - [2023-11-13T08:17:08.078+0000] {dag.py:2941} INFO - Sync 1 DAGs
[2023-11-13T08:17:08.093+0000] {logging_mixin.py:154} INFO - [2023-11-13T08:17:08.092+0000] {dag.py:3722} INFO - Setting next_dagrun for latest_only to 2023-11-13T04:17:08.092825+00:00, run_after=2023-11-13T08:17:08.092825+00:00
[2023-11-13T08:17:08.216+0000] {processor.py:179} INFO - Processing /home/airflow/.local/lib/python3.8/site-packages/airflow/example_dags/example_latest_only.py took 0.160 seconds
[2023-11-13T08:17:39.779+0000] {processor.py:157} INFO - Started process (PID=2397) to work on /home/airflow/.local/lib/python3.8/site-packages/airflow/example_dags/example_latest_only.py
[2023-11-13T08:17:39.788+0000] {processor.py:829} INFO - Processing file /home/airflow/.local/lib/python3.8/site-packages/airflow/example_dags/example_latest_only.py for tasks to queue
[2023-11-13T08:17:39.789+0000] {logging_mixin.py:154} INFO - [2023-11-13T08:17:39.789+0000] {dagbag.py:536} INFO - Filling up the DagBag from /home/airflow/.local/lib/python3.8/site-packages/airflow/example_dags/example_latest_only.py
[2023-11-13T08:17:39.793+0000] {processor.py:839} INFO - DAG(s) dict_keys(['latest_only']) retrieved from /home/airflow/.local/lib/python3.8/site-packages/airflow/example_dags/example_latest_only.py
[2023-11-13T08:17:39.807+0000] {logging_mixin.py:154} INFO - [2023-11-13T08:17:39.807+0000] {dag.py:2941} INFO - Sync 1 DAGs
[2023-11-13T08:17:39.822+0000] {logging_mixin.py:154} INFO - [2023-11-13T08:17:39.822+0000] {dag.py:3722} INFO - Setting next_dagrun for latest_only to 2023-11-13T04:17:39.822165+00:00, run_after=2023-11-13T08:17:39.822165+00:00
[2023-11-13T08:17:39.856+0000] {processor.py:179} INFO - Processing /home/airflow/.local/lib/python3.8/site-packages/airflow/example_dags/example_latest_only.py took 0.079 seconds
[2023-11-13T08:18:11.107+0000] {processor.py:157} INFO - Started process (PID=2451) to work on /home/airflow/.local/lib/python3.8/site-packages/airflow/example_dags/example_latest_only.py
[2023-11-13T08:18:11.108+0000] {processor.py:829} INFO - Processing file /home/airflow/.local/lib/python3.8/site-packages/airflow/example_dags/example_latest_only.py for tasks to queue
[2023-11-13T08:18:11.109+0000] {logging_mixin.py:154} INFO - [2023-11-13T08:18:11.109+0000] {dagbag.py:536} INFO - Filling up the DagBag from /home/airflow/.local/lib/python3.8/site-packages/airflow/example_dags/example_latest_only.py
[2023-11-13T08:18:11.112+0000] {processor.py:839} INFO - DAG(s) dict_keys(['latest_only']) retrieved from /home/airflow/.local/lib/python3.8/site-packages/airflow/example_dags/example_latest_only.py
[2023-11-13T08:18:11.127+0000] {logging_mixin.py:154} INFO - [2023-11-13T08:18:11.127+0000] {dag.py:2941} INFO - Sync 1 DAGs
[2023-11-13T08:18:11.142+0000] {logging_mixin.py:154} INFO - [2023-11-13T08:18:11.142+0000] {dag.py:3722} INFO - Setting next_dagrun for latest_only to 2023-11-13T04:18:11.142268+00:00, run_after=2023-11-13T08:18:11.142268+00:00
[2023-11-13T08:18:11.173+0000] {processor.py:179} INFO - Processing /home/airflow/.local/lib/python3.8/site-packages/airflow/example_dags/example_latest_only.py took 0.069 seconds
[2023-11-13T08:18:42.803+0000] {processor.py:157} INFO - Started process (PID=2505) to work on /home/airflow/.local/lib/python3.8/site-packages/airflow/example_dags/example_latest_only.py
[2023-11-13T08:18:42.832+0000] {processor.py:829} INFO - Processing file /home/airflow/.local/lib/python3.8/site-packages/airflow/example_dags/example_latest_only.py for tasks to queue
[2023-11-13T08:18:42.834+0000] {logging_mixin.py:154} INFO - [2023-11-13T08:18:42.833+0000] {dagbag.py:536} INFO - Filling up the DagBag from /home/airflow/.local/lib/python3.8/site-packages/airflow/example_dags/example_latest_only.py
[2023-11-13T08:18:42.837+0000] {processor.py:839} INFO - DAG(s) dict_keys(['latest_only']) retrieved from /home/airflow/.local/lib/python3.8/site-packages/airflow/example_dags/example_latest_only.py
[2023-11-13T08:18:42.852+0000] {logging_mixin.py:154} INFO - [2023-11-13T08:18:42.852+0000] {dag.py:2941} INFO - Sync 1 DAGs
[2023-11-13T08:18:42.867+0000] {logging_mixin.py:154} INFO - [2023-11-13T08:18:42.867+0000] {dag.py:3722} INFO - Setting next_dagrun for latest_only to 2023-11-13T04:18:42.866955+00:00, run_after=2023-11-13T08:18:42.866955+00:00
[2023-11-13T08:18:42.896+0000] {processor.py:179} INFO - Processing /home/airflow/.local/lib/python3.8/site-packages/airflow/example_dags/example_latest_only.py took 0.095 seconds
[2023-11-13T08:19:13.681+0000] {processor.py:157} INFO - Started process (PID=2559) to work on /home/airflow/.local/lib/python3.8/site-packages/airflow/example_dags/example_latest_only.py
[2023-11-13T08:19:13.682+0000] {processor.py:829} INFO - Processing file /home/airflow/.local/lib/python3.8/site-packages/airflow/example_dags/example_latest_only.py for tasks to queue
[2023-11-13T08:19:13.683+0000] {logging_mixin.py:154} INFO - [2023-11-13T08:19:13.683+0000] {dagbag.py:536} INFO - Filling up the DagBag from /home/airflow/.local/lib/python3.8/site-packages/airflow/example_dags/example_latest_only.py
[2023-11-13T08:19:13.687+0000] {processor.py:839} INFO - DAG(s) dict_keys(['latest_only']) retrieved from /home/airflow/.local/lib/python3.8/site-packages/airflow/example_dags/example_latest_only.py
[2023-11-13T08:19:13.701+0000] {logging_mixin.py:154} INFO - [2023-11-13T08:19:13.701+0000] {dag.py:2941} INFO - Sync 1 DAGs
[2023-11-13T08:19:13.717+0000] {logging_mixin.py:154} INFO - [2023-11-13T08:19:13.717+0000] {dag.py:3722} INFO - Setting next_dagrun for latest_only to 2023-11-13T04:19:13.716871+00:00, run_after=2023-11-13T08:19:13.716871+00:00
[2023-11-13T08:19:13.747+0000] {processor.py:179} INFO - Processing /home/airflow/.local/lib/python3.8/site-packages/airflow/example_dags/example_latest_only.py took 0.068 seconds
[2023-11-13T08:19:43.902+0000] {processor.py:157} INFO - Started process (PID=2613) to work on /home/airflow/.local/lib/python3.8/site-packages/airflow/example_dags/example_latest_only.py
[2023-11-13T08:19:43.903+0000] {processor.py:829} INFO - Processing file /home/airflow/.local/lib/python3.8/site-packages/airflow/example_dags/example_latest_only.py for tasks to queue
[2023-11-13T08:19:43.904+0000] {logging_mixin.py:154} INFO - [2023-11-13T08:19:43.904+0000] {dagbag.py:536} INFO - Filling up the DagBag from /home/airflow/.local/lib/python3.8/site-packages/airflow/example_dags/example_latest_only.py
[2023-11-13T08:19:43.908+0000] {processor.py:839} INFO - DAG(s) dict_keys(['latest_only']) retrieved from /home/airflow/.local/lib/python3.8/site-packages/airflow/example_dags/example_latest_only.py
[2023-11-13T08:19:43.922+0000] {logging_mixin.py:154} INFO - [2023-11-13T08:19:43.922+0000] {dag.py:2941} INFO - Sync 1 DAGs
[2023-11-13T08:19:43.937+0000] {logging_mixin.py:154} INFO - [2023-11-13T08:19:43.937+0000] {dag.py:3722} INFO - Setting next_dagrun for latest_only to 2023-11-13T04:19:43.937192+00:00, run_after=2023-11-13T08:19:43.937192+00:00
[2023-11-13T08:19:43.963+0000] {processor.py:179} INFO - Processing /home/airflow/.local/lib/python3.8/site-packages/airflow/example_dags/example_latest_only.py took 0.063 seconds
[2023-11-13T08:20:14.895+0000] {processor.py:157} INFO - Started process (PID=2667) to work on /home/airflow/.local/lib/python3.8/site-packages/airflow/example_dags/example_latest_only.py
[2023-11-13T08:20:14.911+0000] {processor.py:829} INFO - Processing file /home/airflow/.local/lib/python3.8/site-packages/airflow/example_dags/example_latest_only.py for tasks to queue
[2023-11-13T08:20:14.912+0000] {logging_mixin.py:154} INFO - [2023-11-13T08:20:14.912+0000] {dagbag.py:536} INFO - Filling up the DagBag from /home/airflow/.local/lib/python3.8/site-packages/airflow/example_dags/example_latest_only.py
[2023-11-13T08:20:14.916+0000] {processor.py:839} INFO - DAG(s) dict_keys(['latest_only']) retrieved from /home/airflow/.local/lib/python3.8/site-packages/airflow/example_dags/example_latest_only.py
[2023-11-13T08:20:14.930+0000] {logging_mixin.py:154} INFO - [2023-11-13T08:20:14.930+0000] {dag.py:2941} INFO - Sync 1 DAGs
[2023-11-13T08:20:14.945+0000] {logging_mixin.py:154} INFO - [2023-11-13T08:20:14.945+0000] {dag.py:3722} INFO - Setting next_dagrun for latest_only to 2023-11-13T04:20:14.945205+00:00, run_after=2023-11-13T08:20:14.945205+00:00
[2023-11-13T08:20:14.999+0000] {processor.py:179} INFO - Processing /home/airflow/.local/lib/python3.8/site-packages/airflow/example_dags/example_latest_only.py took 0.106 seconds
[2023-11-13T08:20:46.434+0000] {processor.py:157} INFO - Started process (PID=2721) to work on /home/airflow/.local/lib/python3.8/site-packages/airflow/example_dags/example_latest_only.py
[2023-11-13T08:20:46.435+0000] {processor.py:829} INFO - Processing file /home/airflow/.local/lib/python3.8/site-packages/airflow/example_dags/example_latest_only.py for tasks to queue
[2023-11-13T08:20:46.436+0000] {logging_mixin.py:154} INFO - [2023-11-13T08:20:46.436+0000] {dagbag.py:536} INFO - Filling up the DagBag from /home/airflow/.local/lib/python3.8/site-packages/airflow/example_dags/example_latest_only.py
[2023-11-13T08:20:46.440+0000] {processor.py:839} INFO - DAG(s) dict_keys(['latest_only']) retrieved from /home/airflow/.local/lib/python3.8/site-packages/airflow/example_dags/example_latest_only.py
[2023-11-13T08:20:46.454+0000] {logging_mixin.py:154} INFO - [2023-11-13T08:20:46.454+0000] {dag.py:2941} INFO - Sync 1 DAGs
[2023-11-13T08:20:46.469+0000] {logging_mixin.py:154} INFO - [2023-11-13T08:20:46.469+0000] {dag.py:3722} INFO - Setting next_dagrun for latest_only to 2023-11-13T04:20:46.469100+00:00, run_after=2023-11-13T08:20:46.469100+00:00
[2023-11-13T08:20:46.501+0000] {processor.py:179} INFO - Processing /home/airflow/.local/lib/python3.8/site-packages/airflow/example_dags/example_latest_only.py took 0.069 seconds
[2023-11-13T08:21:18.268+0000] {processor.py:157} INFO - Started process (PID=2775) to work on /home/airflow/.local/lib/python3.8/site-packages/airflow/example_dags/example_latest_only.py
[2023-11-13T08:21:18.269+0000] {processor.py:829} INFO - Processing file /home/airflow/.local/lib/python3.8/site-packages/airflow/example_dags/example_latest_only.py for tasks to queue
[2023-11-13T08:21:18.271+0000] {logging_mixin.py:154} INFO - [2023-11-13T08:21:18.270+0000] {dagbag.py:536} INFO - Filling up the DagBag from /home/airflow/.local/lib/python3.8/site-packages/airflow/example_dags/example_latest_only.py
[2023-11-13T08:21:18.274+0000] {processor.py:839} INFO - DAG(s) dict_keys(['latest_only']) retrieved from /home/airflow/.local/lib/python3.8/site-packages/airflow/example_dags/example_latest_only.py
[2023-11-13T08:21:18.288+0000] {logging_mixin.py:154} INFO - [2023-11-13T08:21:18.288+0000] {dag.py:2941} INFO - Sync 1 DAGs
[2023-11-13T08:21:18.303+0000] {logging_mixin.py:154} INFO - [2023-11-13T08:21:18.303+0000] {dag.py:3722} INFO - Setting next_dagrun for latest_only to 2023-11-13T04:21:18.303325+00:00, run_after=2023-11-13T08:21:18.303325+00:00
[2023-11-13T08:21:18.334+0000] {processor.py:179} INFO - Processing /home/airflow/.local/lib/python3.8/site-packages/airflow/example_dags/example_latest_only.py took 0.068 seconds
[2023-11-13T08:21:49.818+0000] {processor.py:157} INFO - Started process (PID=2829) to work on /home/airflow/.local/lib/python3.8/site-packages/airflow/example_dags/example_latest_only.py
[2023-11-13T08:21:49.821+0000] {processor.py:829} INFO - Processing file /home/airflow/.local/lib/python3.8/site-packages/airflow/example_dags/example_latest_only.py for tasks to queue
[2023-11-13T08:21:49.827+0000] {logging_mixin.py:154} INFO - [2023-11-13T08:21:49.826+0000] {dagbag.py:536} INFO - Filling up the DagBag from /home/airflow/.local/lib/python3.8/site-packages/airflow/example_dags/example_latest_only.py
[2023-11-13T08:21:49.841+0000] {processor.py:839} INFO - DAG(s) dict_keys(['latest_only']) retrieved from /home/airflow/.local/lib/python3.8/site-packages/airflow/example_dags/example_latest_only.py
[2023-11-13T08:21:49.883+0000] {logging_mixin.py:154} INFO - [2023-11-13T08:21:49.883+0000] {dag.py:2941} INFO - Sync 1 DAGs
[2023-11-13T08:21:49.904+0000] {logging_mixin.py:154} INFO - [2023-11-13T08:21:49.904+0000] {dag.py:3722} INFO - Setting next_dagrun for latest_only to 2023-11-13T04:21:49.904512+00:00, run_after=2023-11-13T08:21:49.904512+00:00
[2023-11-13T08:21:49.928+0000] {processor.py:179} INFO - Processing /home/airflow/.local/lib/python3.8/site-packages/airflow/example_dags/example_latest_only.py took 0.119 seconds
[2023-11-13T08:22:22.274+0000] {processor.py:157} INFO - Started process (PID=2890) to work on /home/airflow/.local/lib/python3.8/site-packages/airflow/example_dags/example_latest_only.py
[2023-11-13T08:22:22.283+0000] {processor.py:829} INFO - Processing file /home/airflow/.local/lib/python3.8/site-packages/airflow/example_dags/example_latest_only.py for tasks to queue
[2023-11-13T08:22:22.285+0000] {logging_mixin.py:154} INFO - [2023-11-13T08:22:22.285+0000] {dagbag.py:536} INFO - Filling up the DagBag from /home/airflow/.local/lib/python3.8/site-packages/airflow/example_dags/example_latest_only.py
[2023-11-13T08:22:22.288+0000] {processor.py:839} INFO - DAG(s) dict_keys(['latest_only']) retrieved from /home/airflow/.local/lib/python3.8/site-packages/airflow/example_dags/example_latest_only.py
[2023-11-13T08:22:22.304+0000] {logging_mixin.py:154} INFO - [2023-11-13T08:22:22.304+0000] {dag.py:2941} INFO - Sync 1 DAGs
[2023-11-13T08:22:22.319+0000] {logging_mixin.py:154} INFO - [2023-11-13T08:22:22.319+0000] {dag.py:3722} INFO - Setting next_dagrun for latest_only to 2023-11-13T04:22:22.319543+00:00, run_after=2023-11-13T08:22:22.319543+00:00
[2023-11-13T08:22:22.346+0000] {processor.py:179} INFO - Processing /home/airflow/.local/lib/python3.8/site-packages/airflow/example_dags/example_latest_only.py took 0.074 seconds
[2023-11-13T08:22:53.720+0000] {processor.py:157} INFO - Started process (PID=2944) to work on /home/airflow/.local/lib/python3.8/site-packages/airflow/example_dags/example_latest_only.py
[2023-11-13T08:22:53.721+0000] {processor.py:829} INFO - Processing file /home/airflow/.local/lib/python3.8/site-packages/airflow/example_dags/example_latest_only.py for tasks to queue
[2023-11-13T08:22:53.722+0000] {logging_mixin.py:154} INFO - [2023-11-13T08:22:53.722+0000] {dagbag.py:536} INFO - Filling up the DagBag from /home/airflow/.local/lib/python3.8/site-packages/airflow/example_dags/example_latest_only.py
[2023-11-13T08:22:53.726+0000] {processor.py:839} INFO - DAG(s) dict_keys(['latest_only']) retrieved from /home/airflow/.local/lib/python3.8/site-packages/airflow/example_dags/example_latest_only.py
[2023-11-13T08:22:53.740+0000] {logging_mixin.py:154} INFO - [2023-11-13T08:22:53.740+0000] {dag.py:2941} INFO - Sync 1 DAGs
[2023-11-13T08:22:53.756+0000] {logging_mixin.py:154} INFO - [2023-11-13T08:22:53.756+0000] {dag.py:3722} INFO - Setting next_dagrun for latest_only to 2023-11-13T04:22:53.756074+00:00, run_after=2023-11-13T08:22:53.756074+00:00
[2023-11-13T08:22:54.197+0000] {processor.py:179} INFO - Processing /home/airflow/.local/lib/python3.8/site-packages/airflow/example_dags/example_latest_only.py took 0.479 seconds
[2023-11-13T08:23:25.626+0000] {processor.py:157} INFO - Started process (PID=2998) to work on /home/airflow/.local/lib/python3.8/site-packages/airflow/example_dags/example_latest_only.py
[2023-11-13T08:23:25.637+0000] {processor.py:829} INFO - Processing file /home/airflow/.local/lib/python3.8/site-packages/airflow/example_dags/example_latest_only.py for tasks to queue
[2023-11-13T08:23:25.638+0000] {logging_mixin.py:154} INFO - [2023-11-13T08:23:25.638+0000] {dagbag.py:536} INFO - Filling up the DagBag from /home/airflow/.local/lib/python3.8/site-packages/airflow/example_dags/example_latest_only.py
[2023-11-13T08:23:25.642+0000] {processor.py:839} INFO - DAG(s) dict_keys(['latest_only']) retrieved from /home/airflow/.local/lib/python3.8/site-packages/airflow/example_dags/example_latest_only.py
[2023-11-13T08:23:25.656+0000] {logging_mixin.py:154} INFO - [2023-11-13T08:23:25.656+0000] {dag.py:2941} INFO - Sync 1 DAGs
[2023-11-13T08:23:25.671+0000] {logging_mixin.py:154} INFO - [2023-11-13T08:23:25.671+0000] {dag.py:3722} INFO - Setting next_dagrun for latest_only to 2023-11-13T04:23:25.671120+00:00, run_after=2023-11-13T08:23:25.671120+00:00
[2023-11-13T08:23:25.698+0000] {processor.py:179} INFO - Processing /home/airflow/.local/lib/python3.8/site-packages/airflow/example_dags/example_latest_only.py took 0.074 seconds
[2023-11-13T08:23:56.479+0000] {processor.py:157} INFO - Started process (PID=3052) to work on /home/airflow/.local/lib/python3.8/site-packages/airflow/example_dags/example_latest_only.py
[2023-11-13T08:23:56.480+0000] {processor.py:829} INFO - Processing file /home/airflow/.local/lib/python3.8/site-packages/airflow/example_dags/example_latest_only.py for tasks to queue
[2023-11-13T08:23:56.482+0000] {logging_mixin.py:154} INFO - [2023-11-13T08:23:56.481+0000] {dagbag.py:536} INFO - Filling up the DagBag from /home/airflow/.local/lib/python3.8/site-packages/airflow/example_dags/example_latest_only.py
[2023-11-13T08:23:56.485+0000] {processor.py:839} INFO - DAG(s) dict_keys(['latest_only']) retrieved from /home/airflow/.local/lib/python3.8/site-packages/airflow/example_dags/example_latest_only.py
[2023-11-13T08:23:56.500+0000] {logging_mixin.py:154} INFO - [2023-11-13T08:23:56.499+0000] {dag.py:2941} INFO - Sync 1 DAGs
[2023-11-13T08:23:56.516+0000] {logging_mixin.py:154} INFO - [2023-11-13T08:23:56.516+0000] {dag.py:3722} INFO - Setting next_dagrun for latest_only to 2023-11-13T04:23:56.516055+00:00, run_after=2023-11-13T08:23:56.516055+00:00
[2023-11-13T08:23:56.541+0000] {processor.py:179} INFO - Processing /home/airflow/.local/lib/python3.8/site-packages/airflow/example_dags/example_latest_only.py took 0.064 seconds
[2023-11-13T08:24:27.911+0000] {processor.py:157} INFO - Started process (PID=3106) to work on /home/airflow/.local/lib/python3.8/site-packages/airflow/example_dags/example_latest_only.py
[2023-11-13T08:24:27.924+0000] {processor.py:829} INFO - Processing file /home/airflow/.local/lib/python3.8/site-packages/airflow/example_dags/example_latest_only.py for tasks to queue
[2023-11-13T08:24:27.926+0000] {logging_mixin.py:154} INFO - [2023-11-13T08:24:27.926+0000] {dagbag.py:536} INFO - Filling up the DagBag from /home/airflow/.local/lib/python3.8/site-packages/airflow/example_dags/example_latest_only.py
[2023-11-13T08:24:27.929+0000] {processor.py:839} INFO - DAG(s) dict_keys(['latest_only']) retrieved from /home/airflow/.local/lib/python3.8/site-packages/airflow/example_dags/example_latest_only.py
[2023-11-13T08:24:27.945+0000] {logging_mixin.py:154} INFO - [2023-11-13T08:24:27.945+0000] {dag.py:2941} INFO - Sync 1 DAGs
[2023-11-13T08:24:27.960+0000] {logging_mixin.py:154} INFO - [2023-11-13T08:24:27.960+0000] {dag.py:3722} INFO - Setting next_dagrun for latest_only to 2023-11-13T04:24:27.960232+00:00, run_after=2023-11-13T08:24:27.960232+00:00
[2023-11-13T08:24:27.986+0000] {processor.py:179} INFO - Processing /home/airflow/.local/lib/python3.8/site-packages/airflow/example_dags/example_latest_only.py took 0.079 seconds
[2023-11-13T08:24:58.175+0000] {processor.py:157} INFO - Started process (PID=3159) to work on /home/airflow/.local/lib/python3.8/site-packages/airflow/example_dags/example_latest_only.py
[2023-11-13T08:24:58.175+0000] {processor.py:829} INFO - Processing file /home/airflow/.local/lib/python3.8/site-packages/airflow/example_dags/example_latest_only.py for tasks to queue
[2023-11-13T08:24:58.177+0000] {logging_mixin.py:154} INFO - [2023-11-13T08:24:58.177+0000] {dagbag.py:536} INFO - Filling up the DagBag from /home/airflow/.local/lib/python3.8/site-packages/airflow/example_dags/example_latest_only.py
[2023-11-13T08:24:58.181+0000] {processor.py:839} INFO - DAG(s) dict_keys(['latest_only']) retrieved from /home/airflow/.local/lib/python3.8/site-packages/airflow/example_dags/example_latest_only.py
[2023-11-13T08:24:58.196+0000] {logging_mixin.py:154} INFO - [2023-11-13T08:24:58.196+0000] {dag.py:2941} INFO - Sync 1 DAGs
[2023-11-13T08:24:58.213+0000] {logging_mixin.py:154} INFO - [2023-11-13T08:24:58.212+0000] {dag.py:3722} INFO - Setting next_dagrun for latest_only to 2023-11-13T04:24:58.212795+00:00, run_after=2023-11-13T08:24:58.212795+00:00
[2023-11-13T08:24:58.246+0000] {processor.py:179} INFO - Processing /home/airflow/.local/lib/python3.8/site-packages/airflow/example_dags/example_latest_only.py took 0.074 seconds
[2023-11-13T08:25:29.007+0000] {processor.py:157} INFO - Started process (PID=3214) to work on /home/airflow/.local/lib/python3.8/site-packages/airflow/example_dags/example_latest_only.py
[2023-11-13T08:25:29.015+0000] {processor.py:829} INFO - Processing file /home/airflow/.local/lib/python3.8/site-packages/airflow/example_dags/example_latest_only.py for tasks to queue
[2023-11-13T08:25:29.017+0000] {logging_mixin.py:154} INFO - [2023-11-13T08:25:29.017+0000] {dagbag.py:536} INFO - Filling up the DagBag from /home/airflow/.local/lib/python3.8/site-packages/airflow/example_dags/example_latest_only.py
[2023-11-13T08:25:29.020+0000] {processor.py:839} INFO - DAG(s) dict_keys(['latest_only']) retrieved from /home/airflow/.local/lib/python3.8/site-packages/airflow/example_dags/example_latest_only.py
[2023-11-13T08:25:29.037+0000] {logging_mixin.py:154} INFO - [2023-11-13T08:25:29.037+0000] {dag.py:2941} INFO - Sync 1 DAGs
[2023-11-13T08:25:29.053+0000] {logging_mixin.py:154} INFO - [2023-11-13T08:25:29.053+0000] {dag.py:3722} INFO - Setting next_dagrun for latest_only to 2023-11-13T04:25:29.053402+00:00, run_after=2023-11-13T08:25:29.053402+00:00
[2023-11-13T08:25:29.083+0000] {processor.py:179} INFO - Processing /home/airflow/.local/lib/python3.8/site-packages/airflow/example_dags/example_latest_only.py took 0.078 seconds
[2023-11-13T08:25:59.789+0000] {processor.py:157} INFO - Started process (PID=3268) to work on /home/airflow/.local/lib/python3.8/site-packages/airflow/example_dags/example_latest_only.py
[2023-11-13T08:25:59.790+0000] {processor.py:829} INFO - Processing file /home/airflow/.local/lib/python3.8/site-packages/airflow/example_dags/example_latest_only.py for tasks to queue
[2023-11-13T08:25:59.791+0000] {logging_mixin.py:154} INFO - [2023-11-13T08:25:59.791+0000] {dagbag.py:536} INFO - Filling up the DagBag from /home/airflow/.local/lib/python3.8/site-packages/airflow/example_dags/example_latest_only.py
[2023-11-13T08:25:59.794+0000] {processor.py:839} INFO - DAG(s) dict_keys(['latest_only']) retrieved from /home/airflow/.local/lib/python3.8/site-packages/airflow/example_dags/example_latest_only.py
[2023-11-13T08:25:59.808+0000] {logging_mixin.py:154} INFO - [2023-11-13T08:25:59.808+0000] {dag.py:2941} INFO - Sync 1 DAGs
[2023-11-13T08:25:59.823+0000] {logging_mixin.py:154} INFO - [2023-11-13T08:25:59.823+0000] {dag.py:3722} INFO - Setting next_dagrun for latest_only to 2023-11-13T04:25:59.823033+00:00, run_after=2023-11-13T08:25:59.823033+00:00
[2023-11-13T08:25:59.851+0000] {processor.py:179} INFO - Processing /home/airflow/.local/lib/python3.8/site-packages/airflow/example_dags/example_latest_only.py took 0.064 seconds
[2023-11-13T08:26:31.486+0000] {processor.py:157} INFO - Started process (PID=3322) to work on /home/airflow/.local/lib/python3.8/site-packages/airflow/example_dags/example_latest_only.py
[2023-11-13T08:26:31.501+0000] {processor.py:829} INFO - Processing file /home/airflow/.local/lib/python3.8/site-packages/airflow/example_dags/example_latest_only.py for tasks to queue
[2023-11-13T08:26:31.503+0000] {logging_mixin.py:154} INFO - [2023-11-13T08:26:31.503+0000] {dagbag.py:536} INFO - Filling up the DagBag from /home/airflow/.local/lib/python3.8/site-packages/airflow/example_dags/example_latest_only.py
[2023-11-13T08:26:31.507+0000] {processor.py:839} INFO - DAG(s) dict_keys(['latest_only']) retrieved from /home/airflow/.local/lib/python3.8/site-packages/airflow/example_dags/example_latest_only.py
[2023-11-13T08:26:31.523+0000] {logging_mixin.py:154} INFO - [2023-11-13T08:26:31.522+0000] {dag.py:2941} INFO - Sync 1 DAGs
[2023-11-13T08:26:31.539+0000] {logging_mixin.py:154} INFO - [2023-11-13T08:26:31.539+0000] {dag.py:3722} INFO - Setting next_dagrun for latest_only to 2023-11-13T04:26:31.539226+00:00, run_after=2023-11-13T08:26:31.539226+00:00
[2023-11-13T08:26:31.572+0000] {processor.py:179} INFO - Processing /home/airflow/.local/lib/python3.8/site-packages/airflow/example_dags/example_latest_only.py took 0.089 seconds
[2023-11-13T08:27:01.647+0000] {processor.py:157} INFO - Started process (PID=3376) to work on /home/airflow/.local/lib/python3.8/site-packages/airflow/example_dags/example_latest_only.py
[2023-11-13T08:27:01.647+0000] {processor.py:829} INFO - Processing file /home/airflow/.local/lib/python3.8/site-packages/airflow/example_dags/example_latest_only.py for tasks to queue
[2023-11-13T08:27:01.650+0000] {logging_mixin.py:154} INFO - [2023-11-13T08:27:01.649+0000] {dagbag.py:536} INFO - Filling up the DagBag from /home/airflow/.local/lib/python3.8/site-packages/airflow/example_dags/example_latest_only.py
[2023-11-13T08:27:01.654+0000] {processor.py:839} INFO - DAG(s) dict_keys(['latest_only']) retrieved from /home/airflow/.local/lib/python3.8/site-packages/airflow/example_dags/example_latest_only.py
[2023-11-13T08:27:01.670+0000] {logging_mixin.py:154} INFO - [2023-11-13T08:27:01.670+0000] {dag.py:2941} INFO - Sync 1 DAGs
[2023-11-13T08:27:01.685+0000] {logging_mixin.py:154} INFO - [2023-11-13T08:27:01.685+0000] {dag.py:3722} INFO - Setting next_dagrun for latest_only to 2023-11-13T04:27:01.685460+00:00, run_after=2023-11-13T08:27:01.685460+00:00
[2023-11-13T08:27:01.720+0000] {processor.py:179} INFO - Processing /home/airflow/.local/lib/python3.8/site-packages/airflow/example_dags/example_latest_only.py took 0.077 seconds
[2023-11-13T08:27:31.868+0000] {processor.py:157} INFO - Started process (PID=3429) to work on /home/airflow/.local/lib/python3.8/site-packages/airflow/example_dags/example_latest_only.py
[2023-11-13T08:27:31.901+0000] {processor.py:829} INFO - Processing file /home/airflow/.local/lib/python3.8/site-packages/airflow/example_dags/example_latest_only.py for tasks to queue
[2023-11-13T08:27:31.903+0000] {logging_mixin.py:154} INFO - [2023-11-13T08:27:31.903+0000] {dagbag.py:536} INFO - Filling up the DagBag from /home/airflow/.local/lib/python3.8/site-packages/airflow/example_dags/example_latest_only.py
[2023-11-13T08:27:31.907+0000] {processor.py:839} INFO - DAG(s) dict_keys(['latest_only']) retrieved from /home/airflow/.local/lib/python3.8/site-packages/airflow/example_dags/example_latest_only.py
[2023-11-13T08:27:31.921+0000] {logging_mixin.py:154} INFO - [2023-11-13T08:27:31.921+0000] {dag.py:2941} INFO - Sync 1 DAGs
[2023-11-13T08:27:31.937+0000] {logging_mixin.py:154} INFO - [2023-11-13T08:27:31.937+0000] {dag.py:3722} INFO - Setting next_dagrun for latest_only to 2023-11-13T04:27:31.937276+00:00, run_after=2023-11-13T08:27:31.937276+00:00
[2023-11-13T08:27:31.968+0000] {processor.py:179} INFO - Processing /home/airflow/.local/lib/python3.8/site-packages/airflow/example_dags/example_latest_only.py took 0.103 seconds
[2023-11-13T08:28:04.407+0000] {processor.py:157} INFO - Started process (PID=3484) to work on /home/airflow/.local/lib/python3.8/site-packages/airflow/example_dags/example_latest_only.py
[2023-11-13T08:28:04.408+0000] {processor.py:829} INFO - Processing file /home/airflow/.local/lib/python3.8/site-packages/airflow/example_dags/example_latest_only.py for tasks to queue
[2023-11-13T08:28:04.409+0000] {logging_mixin.py:154} INFO - [2023-11-13T08:28:04.409+0000] {dagbag.py:536} INFO - Filling up the DagBag from /home/airflow/.local/lib/python3.8/site-packages/airflow/example_dags/example_latest_only.py
[2023-11-13T08:28:04.413+0000] {processor.py:839} INFO - DAG(s) dict_keys(['latest_only']) retrieved from /home/airflow/.local/lib/python3.8/site-packages/airflow/example_dags/example_latest_only.py
[2023-11-13T08:28:04.430+0000] {logging_mixin.py:154} INFO - [2023-11-13T08:28:04.430+0000] {dag.py:2941} INFO - Sync 1 DAGs
[2023-11-13T08:28:04.448+0000] {logging_mixin.py:154} INFO - [2023-11-13T08:28:04.448+0000] {dag.py:3722} INFO - Setting next_dagrun for latest_only to 2023-11-13T04:28:04.448034+00:00, run_after=2023-11-13T08:28:04.448034+00:00
[2023-11-13T08:28:04.476+0000] {processor.py:179} INFO - Processing /home/airflow/.local/lib/python3.8/site-packages/airflow/example_dags/example_latest_only.py took 0.072 seconds
[2023-11-13T08:45:35.296+0000] {processor.py:157} INFO - Started process (PID=67) to work on /home/airflow/.local/lib/python3.8/site-packages/airflow/example_dags/example_latest_only.py
[2023-11-13T08:45:35.322+0000] {processor.py:829} INFO - Processing file /home/airflow/.local/lib/python3.8/site-packages/airflow/example_dags/example_latest_only.py for tasks to queue
[2023-11-13T08:45:35.327+0000] {logging_mixin.py:154} INFO - [2023-11-13T08:45:35.327+0000] {dagbag.py:536} INFO - Filling up the DagBag from /home/airflow/.local/lib/python3.8/site-packages/airflow/example_dags/example_latest_only.py
[2023-11-13T08:45:35.348+0000] {processor.py:839} INFO - DAG(s) dict_keys(['latest_only']) retrieved from /home/airflow/.local/lib/python3.8/site-packages/airflow/example_dags/example_latest_only.py
[2023-11-13T08:45:35.520+0000] {logging_mixin.py:154} INFO - [2023-11-13T08:45:35.520+0000] {manager.py:499} INFO - Created Permission View: %s
[2023-11-13T08:45:35.645+0000] {logging_mixin.py:154} INFO - [2023-11-13T08:45:35.644+0000] {manager.py:499} INFO - Created Permission View: %s
[2023-11-13T08:45:35.790+0000] {logging_mixin.py:154} INFO - [2023-11-13T08:45:35.790+0000] {manager.py:499} INFO - Created Permission View: %s
[2023-11-13T08:45:35.790+0000] {logging_mixin.py:154} INFO - [2023-11-13T08:45:35.790+0000] {dag.py:2941} INFO - Sync 1 DAGs
[2023-11-13T08:45:35.799+0000] {logging_mixin.py:154} INFO - [2023-11-13T08:45:35.799+0000] {dag.py:2963} INFO - Creating ORM DAG for latest_only
[2023-11-13T08:45:35.808+0000] {logging_mixin.py:154} INFO - [2023-11-13T08:45:35.807+0000] {dag.py:3722} INFO - Setting next_dagrun for latest_only to 2023-11-13T04:45:35.807699+00:00, run_after=2023-11-13T08:45:35.807699+00:00
[2023-11-13T08:45:35.847+0000] {processor.py:179} INFO - Processing /home/airflow/.local/lib/python3.8/site-packages/airflow/example_dags/example_latest_only.py took 0.554 seconds
[2023-11-13T08:46:07.389+0000] {processor.py:157} INFO - Started process (PID=121) to work on /home/airflow/.local/lib/python3.8/site-packages/airflow/example_dags/example_latest_only.py
[2023-11-13T08:46:07.389+0000] {processor.py:829} INFO - Processing file /home/airflow/.local/lib/python3.8/site-packages/airflow/example_dags/example_latest_only.py for tasks to queue
[2023-11-13T08:46:07.390+0000] {logging_mixin.py:154} INFO - [2023-11-13T08:46:07.390+0000] {dagbag.py:536} INFO - Filling up the DagBag from /home/airflow/.local/lib/python3.8/site-packages/airflow/example_dags/example_latest_only.py
[2023-11-13T08:46:07.394+0000] {processor.py:839} INFO - DAG(s) dict_keys(['latest_only']) retrieved from /home/airflow/.local/lib/python3.8/site-packages/airflow/example_dags/example_latest_only.py
[2023-11-13T08:46:07.410+0000] {logging_mixin.py:154} INFO - [2023-11-13T08:46:07.410+0000] {dag.py:2941} INFO - Sync 1 DAGs
[2023-11-13T08:46:07.427+0000] {logging_mixin.py:154} INFO - [2023-11-13T08:46:07.427+0000] {dag.py:3722} INFO - Setting next_dagrun for latest_only to 2023-11-13T04:46:07.427233+00:00, run_after=2023-11-13T08:46:07.427233+00:00
[2023-11-13T08:46:07.498+0000] {processor.py:179} INFO - Processing /home/airflow/.local/lib/python3.8/site-packages/airflow/example_dags/example_latest_only.py took 0.112 seconds
[2023-11-13T08:46:38.313+0000] {processor.py:157} INFO - Started process (PID=175) to work on /home/airflow/.local/lib/python3.8/site-packages/airflow/example_dags/example_latest_only.py
[2023-11-13T08:46:38.319+0000] {processor.py:829} INFO - Processing file /home/airflow/.local/lib/python3.8/site-packages/airflow/example_dags/example_latest_only.py for tasks to queue
[2023-11-13T08:46:38.321+0000] {logging_mixin.py:154} INFO - [2023-11-13T08:46:38.321+0000] {dagbag.py:536} INFO - Filling up the DagBag from /home/airflow/.local/lib/python3.8/site-packages/airflow/example_dags/example_latest_only.py
[2023-11-13T08:46:38.325+0000] {processor.py:839} INFO - DAG(s) dict_keys(['latest_only']) retrieved from /home/airflow/.local/lib/python3.8/site-packages/airflow/example_dags/example_latest_only.py
[2023-11-13T08:46:38.344+0000] {logging_mixin.py:154} INFO - [2023-11-13T08:46:38.344+0000] {dag.py:2941} INFO - Sync 1 DAGs
[2023-11-13T08:46:38.368+0000] {logging_mixin.py:154} INFO - [2023-11-13T08:46:38.368+0000] {dag.py:3722} INFO - Setting next_dagrun for latest_only to 2023-11-13T04:46:38.367981+00:00, run_after=2023-11-13T08:46:38.367981+00:00
[2023-11-13T08:46:38.445+0000] {processor.py:179} INFO - Processing /home/airflow/.local/lib/python3.8/site-packages/airflow/example_dags/example_latest_only.py took 0.134 seconds
[2023-11-13T08:47:08.951+0000] {processor.py:157} INFO - Started process (PID=229) to work on /home/airflow/.local/lib/python3.8/site-packages/airflow/example_dags/example_latest_only.py
[2023-11-13T08:47:08.957+0000] {processor.py:829} INFO - Processing file /home/airflow/.local/lib/python3.8/site-packages/airflow/example_dags/example_latest_only.py for tasks to queue
[2023-11-13T08:47:08.958+0000] {logging_mixin.py:154} INFO - [2023-11-13T08:47:08.958+0000] {dagbag.py:536} INFO - Filling up the DagBag from /home/airflow/.local/lib/python3.8/site-packages/airflow/example_dags/example_latest_only.py
[2023-11-13T08:47:08.962+0000] {processor.py:839} INFO - DAG(s) dict_keys(['latest_only']) retrieved from /home/airflow/.local/lib/python3.8/site-packages/airflow/example_dags/example_latest_only.py
[2023-11-13T08:47:08.977+0000] {logging_mixin.py:154} INFO - [2023-11-13T08:47:08.977+0000] {dag.py:2941} INFO - Sync 1 DAGs
[2023-11-13T08:47:08.994+0000] {logging_mixin.py:154} INFO - [2023-11-13T08:47:08.994+0000] {dag.py:3722} INFO - Setting next_dagrun for latest_only to 2023-11-13T04:47:08.994417+00:00, run_after=2023-11-13T08:47:08.994417+00:00
[2023-11-13T08:47:09.032+0000] {processor.py:179} INFO - Processing /home/airflow/.local/lib/python3.8/site-packages/airflow/example_dags/example_latest_only.py took 0.084 seconds
[2023-11-13T08:47:39.886+0000] {processor.py:157} INFO - Started process (PID=283) to work on /home/airflow/.local/lib/python3.8/site-packages/airflow/example_dags/example_latest_only.py
[2023-11-13T08:47:39.886+0000] {processor.py:829} INFO - Processing file /home/airflow/.local/lib/python3.8/site-packages/airflow/example_dags/example_latest_only.py for tasks to queue
[2023-11-13T08:47:39.888+0000] {logging_mixin.py:154} INFO - [2023-11-13T08:47:39.887+0000] {dagbag.py:536} INFO - Filling up the DagBag from /home/airflow/.local/lib/python3.8/site-packages/airflow/example_dags/example_latest_only.py
[2023-11-13T08:47:39.891+0000] {processor.py:839} INFO - DAG(s) dict_keys(['latest_only']) retrieved from /home/airflow/.local/lib/python3.8/site-packages/airflow/example_dags/example_latest_only.py
[2023-11-13T08:47:39.907+0000] {logging_mixin.py:154} INFO - [2023-11-13T08:47:39.907+0000] {dag.py:2941} INFO - Sync 1 DAGs
[2023-11-13T08:47:39.923+0000] {logging_mixin.py:154} INFO - [2023-11-13T08:47:39.923+0000] {dag.py:3722} INFO - Setting next_dagrun for latest_only to 2023-11-13T04:47:39.923543+00:00, run_after=2023-11-13T08:47:39.923543+00:00
[2023-11-13T08:47:40.118+0000] {processor.py:179} INFO - Processing /home/airflow/.local/lib/python3.8/site-packages/airflow/example_dags/example_latest_only.py took 0.235 seconds
[2023-11-13T08:48:10.775+0000] {processor.py:157} INFO - Started process (PID=336) to work on /home/airflow/.local/lib/python3.8/site-packages/airflow/example_dags/example_latest_only.py
[2023-11-13T08:48:10.790+0000] {processor.py:829} INFO - Processing file /home/airflow/.local/lib/python3.8/site-packages/airflow/example_dags/example_latest_only.py for tasks to queue
[2023-11-13T08:48:10.791+0000] {logging_mixin.py:154} INFO - [2023-11-13T08:48:10.791+0000] {dagbag.py:536} INFO - Filling up the DagBag from /home/airflow/.local/lib/python3.8/site-packages/airflow/example_dags/example_latest_only.py
[2023-11-13T08:48:10.795+0000] {processor.py:839} INFO - DAG(s) dict_keys(['latest_only']) retrieved from /home/airflow/.local/lib/python3.8/site-packages/airflow/example_dags/example_latest_only.py
[2023-11-13T08:48:10.809+0000] {logging_mixin.py:154} INFO - [2023-11-13T08:48:10.809+0000] {dag.py:2941} INFO - Sync 1 DAGs
[2023-11-13T08:48:10.825+0000] {logging_mixin.py:154} INFO - [2023-11-13T08:48:10.825+0000] {dag.py:3722} INFO - Setting next_dagrun for latest_only to 2023-11-13T04:48:10.825051+00:00, run_after=2023-11-13T08:48:10.825051+00:00
[2023-11-13T08:48:10.874+0000] {processor.py:179} INFO - Processing /home/airflow/.local/lib/python3.8/site-packages/airflow/example_dags/example_latest_only.py took 0.101 seconds
