[2023-11-13T07:55:26.854+0000] {processor.py:157} INFO - Started process (PID=87) to work on /home/airflow/.local/lib/python3.8/site-packages/airflow/example_dags/example_params_ui_tutorial.py
[2023-11-13T07:55:26.854+0000] {processor.py:829} INFO - Processing file /home/airflow/.local/lib/python3.8/site-packages/airflow/example_dags/example_params_ui_tutorial.py for tasks to queue
[2023-11-13T07:55:26.856+0000] {logging_mixin.py:154} INFO - [2023-11-13T07:55:26.856+0000] {dagbag.py:536} INFO - Filling up the DagBag from /home/airflow/.local/lib/python3.8/site-packages/airflow/example_dags/example_params_ui_tutorial.py
[2023-11-13T07:55:26.898+0000] {processor.py:839} INFO - DAG(s) dict_keys(['example_params_ui_tutorial']) retrieved from /home/airflow/.local/lib/python3.8/site-packages/airflow/example_dags/example_params_ui_tutorial.py
[2023-11-13T07:55:27.078+0000] {logging_mixin.py:154} INFO - [2023-11-13T07:55:27.078+0000] {manager.py:499} INFO - Created Permission View: %s
[2023-11-13T07:55:27.113+0000] {logging_mixin.py:154} INFO - [2023-11-13T07:55:27.113+0000] {manager.py:499} INFO - Created Permission View: %s
[2023-11-13T07:55:27.159+0000] {logging_mixin.py:154} INFO - [2023-11-13T07:55:27.159+0000] {manager.py:499} INFO - Created Permission View: %s
[2023-11-13T07:55:27.159+0000] {logging_mixin.py:154} INFO - [2023-11-13T07:55:27.159+0000] {dag.py:2941} INFO - Sync 1 DAGs
[2023-11-13T07:55:27.167+0000] {logging_mixin.py:154} INFO - [2023-11-13T07:55:27.167+0000] {dag.py:2963} INFO - Creating ORM DAG for example_params_ui_tutorial
[2023-11-13T07:55:27.168+0000] {logging_mixin.py:154} INFO - [2023-11-13T07:55:27.168+0000] {dag.py:3722} INFO - Setting next_dagrun for example_params_ui_tutorial to None, run_after=None
[2023-11-13T07:55:27.255+0000] {processor.py:179} INFO - Processing /home/airflow/.local/lib/python3.8/site-packages/airflow/example_dags/example_params_ui_tutorial.py took 0.404 seconds
[2023-11-13T07:55:57.518+0000] {processor.py:157} INFO - Started process (PID=141) to work on /home/airflow/.local/lib/python3.8/site-packages/airflow/example_dags/example_params_ui_tutorial.py
[2023-11-13T07:55:57.519+0000] {processor.py:829} INFO - Processing file /home/airflow/.local/lib/python3.8/site-packages/airflow/example_dags/example_params_ui_tutorial.py for tasks to queue
[2023-11-13T07:55:57.520+0000] {logging_mixin.py:154} INFO - [2023-11-13T07:55:57.520+0000] {dagbag.py:536} INFO - Filling up the DagBag from /home/airflow/.local/lib/python3.8/site-packages/airflow/example_dags/example_params_ui_tutorial.py
[2023-11-13T07:55:57.547+0000] {processor.py:839} INFO - DAG(s) dict_keys(['example_params_ui_tutorial']) retrieved from /home/airflow/.local/lib/python3.8/site-packages/airflow/example_dags/example_params_ui_tutorial.py
[2023-11-13T07:55:57.592+0000] {logging_mixin.py:154} INFO - [2023-11-13T07:55:57.592+0000] {dag.py:2941} INFO - Sync 1 DAGs
[2023-11-13T07:55:57.603+0000] {logging_mixin.py:154} INFO - [2023-11-13T07:55:57.603+0000] {dag.py:3722} INFO - Setting next_dagrun for example_params_ui_tutorial to None, run_after=None
[2023-11-13T07:55:57.627+0000] {processor.py:179} INFO - Processing /home/airflow/.local/lib/python3.8/site-packages/airflow/example_dags/example_params_ui_tutorial.py took 0.112 seconds
[2023-11-13T07:56:29.803+0000] {processor.py:157} INFO - Started process (PID=195) to work on /home/airflow/.local/lib/python3.8/site-packages/airflow/example_dags/example_params_ui_tutorial.py
[2023-11-13T07:56:29.826+0000] {processor.py:829} INFO - Processing file /home/airflow/.local/lib/python3.8/site-packages/airflow/example_dags/example_params_ui_tutorial.py for tasks to queue
[2023-11-13T07:56:29.827+0000] {logging_mixin.py:154} INFO - [2023-11-13T07:56:29.827+0000] {dagbag.py:536} INFO - Filling up the DagBag from /home/airflow/.local/lib/python3.8/site-packages/airflow/example_dags/example_params_ui_tutorial.py
[2023-11-13T07:56:29.854+0000] {processor.py:839} INFO - DAG(s) dict_keys(['example_params_ui_tutorial']) retrieved from /home/airflow/.local/lib/python3.8/site-packages/airflow/example_dags/example_params_ui_tutorial.py
[2023-11-13T07:56:29.895+0000] {logging_mixin.py:154} INFO - [2023-11-13T07:56:29.895+0000] {dag.py:2941} INFO - Sync 1 DAGs
[2023-11-13T07:56:29.904+0000] {logging_mixin.py:154} INFO - [2023-11-13T07:56:29.904+0000] {dag.py:3722} INFO - Setting next_dagrun for example_params_ui_tutorial to None, run_after=None
[2023-11-13T07:56:29.981+0000] {processor.py:179} INFO - Processing /home/airflow/.local/lib/python3.8/site-packages/airflow/example_dags/example_params_ui_tutorial.py took 0.180 seconds
[2023-11-13T07:57:01.358+0000] {processor.py:157} INFO - Started process (PID=249) to work on /home/airflow/.local/lib/python3.8/site-packages/airflow/example_dags/example_params_ui_tutorial.py
[2023-11-13T07:57:01.364+0000] {processor.py:829} INFO - Processing file /home/airflow/.local/lib/python3.8/site-packages/airflow/example_dags/example_params_ui_tutorial.py for tasks to queue
[2023-11-13T07:57:01.366+0000] {logging_mixin.py:154} INFO - [2023-11-13T07:57:01.366+0000] {dagbag.py:536} INFO - Filling up the DagBag from /home/airflow/.local/lib/python3.8/site-packages/airflow/example_dags/example_params_ui_tutorial.py
[2023-11-13T07:57:01.392+0000] {processor.py:839} INFO - DAG(s) dict_keys(['example_params_ui_tutorial']) retrieved from /home/airflow/.local/lib/python3.8/site-packages/airflow/example_dags/example_params_ui_tutorial.py
[2023-11-13T07:57:01.433+0000] {logging_mixin.py:154} INFO - [2023-11-13T07:57:01.433+0000] {dag.py:2941} INFO - Sync 1 DAGs
[2023-11-13T07:57:01.447+0000] {logging_mixin.py:154} INFO - [2023-11-13T07:57:01.446+0000] {dag.py:3722} INFO - Setting next_dagrun for example_params_ui_tutorial to None, run_after=None
[2023-11-13T07:57:01.482+0000] {processor.py:179} INFO - Processing /home/airflow/.local/lib/python3.8/site-packages/airflow/example_dags/example_params_ui_tutorial.py took 0.127 seconds
[2023-11-13T07:57:31.646+0000] {processor.py:157} INFO - Started process (PID=303) to work on /home/airflow/.local/lib/python3.8/site-packages/airflow/example_dags/example_params_ui_tutorial.py
[2023-11-13T07:57:31.652+0000] {processor.py:829} INFO - Processing file /home/airflow/.local/lib/python3.8/site-packages/airflow/example_dags/example_params_ui_tutorial.py for tasks to queue
[2023-11-13T07:57:31.654+0000] {logging_mixin.py:154} INFO - [2023-11-13T07:57:31.653+0000] {dagbag.py:536} INFO - Filling up the DagBag from /home/airflow/.local/lib/python3.8/site-packages/airflow/example_dags/example_params_ui_tutorial.py
[2023-11-13T07:57:31.680+0000] {processor.py:839} INFO - DAG(s) dict_keys(['example_params_ui_tutorial']) retrieved from /home/airflow/.local/lib/python3.8/site-packages/airflow/example_dags/example_params_ui_tutorial.py
[2023-11-13T07:57:31.722+0000] {logging_mixin.py:154} INFO - [2023-11-13T07:57:31.721+0000] {dag.py:2941} INFO - Sync 1 DAGs
[2023-11-13T07:57:31.731+0000] {logging_mixin.py:154} INFO - [2023-11-13T07:57:31.730+0000] {dag.py:3722} INFO - Setting next_dagrun for example_params_ui_tutorial to None, run_after=None
[2023-11-13T07:57:31.761+0000] {processor.py:179} INFO - Processing /home/airflow/.local/lib/python3.8/site-packages/airflow/example_dags/example_params_ui_tutorial.py took 0.118 seconds
[2023-11-13T07:58:02.266+0000] {processor.py:157} INFO - Started process (PID=357) to work on /home/airflow/.local/lib/python3.8/site-packages/airflow/example_dags/example_params_ui_tutorial.py
[2023-11-13T07:58:02.275+0000] {processor.py:829} INFO - Processing file /home/airflow/.local/lib/python3.8/site-packages/airflow/example_dags/example_params_ui_tutorial.py for tasks to queue
[2023-11-13T07:58:02.277+0000] {logging_mixin.py:154} INFO - [2023-11-13T07:58:02.277+0000] {dagbag.py:536} INFO - Filling up the DagBag from /home/airflow/.local/lib/python3.8/site-packages/airflow/example_dags/example_params_ui_tutorial.py
[2023-11-13T07:58:02.306+0000] {processor.py:839} INFO - DAG(s) dict_keys(['example_params_ui_tutorial']) retrieved from /home/airflow/.local/lib/python3.8/site-packages/airflow/example_dags/example_params_ui_tutorial.py
[2023-11-13T07:58:02.351+0000] {logging_mixin.py:154} INFO - [2023-11-13T07:58:02.350+0000] {dag.py:2941} INFO - Sync 1 DAGs
[2023-11-13T07:58:02.360+0000] {logging_mixin.py:154} INFO - [2023-11-13T07:58:02.360+0000] {dag.py:3722} INFO - Setting next_dagrun for example_params_ui_tutorial to None, run_after=None
[2023-11-13T07:58:02.391+0000] {processor.py:179} INFO - Processing /home/airflow/.local/lib/python3.8/site-packages/airflow/example_dags/example_params_ui_tutorial.py took 0.128 seconds
[2023-11-13T07:58:33.356+0000] {processor.py:157} INFO - Started process (PID=411) to work on /home/airflow/.local/lib/python3.8/site-packages/airflow/example_dags/example_params_ui_tutorial.py
[2023-11-13T07:58:33.383+0000] {processor.py:829} INFO - Processing file /home/airflow/.local/lib/python3.8/site-packages/airflow/example_dags/example_params_ui_tutorial.py for tasks to queue
[2023-11-13T07:58:33.384+0000] {logging_mixin.py:154} INFO - [2023-11-13T07:58:33.384+0000] {dagbag.py:536} INFO - Filling up the DagBag from /home/airflow/.local/lib/python3.8/site-packages/airflow/example_dags/example_params_ui_tutorial.py
[2023-11-13T07:58:33.411+0000] {processor.py:839} INFO - DAG(s) dict_keys(['example_params_ui_tutorial']) retrieved from /home/airflow/.local/lib/python3.8/site-packages/airflow/example_dags/example_params_ui_tutorial.py
[2023-11-13T07:58:33.455+0000] {logging_mixin.py:154} INFO - [2023-11-13T07:58:33.455+0000] {dag.py:2941} INFO - Sync 1 DAGs
[2023-11-13T07:58:33.463+0000] {logging_mixin.py:154} INFO - [2023-11-13T07:58:33.463+0000] {dag.py:3722} INFO - Setting next_dagrun for example_params_ui_tutorial to None, run_after=None
[2023-11-13T07:58:34.092+0000] {processor.py:179} INFO - Processing /home/airflow/.local/lib/python3.8/site-packages/airflow/example_dags/example_params_ui_tutorial.py took 0.738 seconds
[2023-11-13T07:59:05.590+0000] {processor.py:157} INFO - Started process (PID=465) to work on /home/airflow/.local/lib/python3.8/site-packages/airflow/example_dags/example_params_ui_tutorial.py
[2023-11-13T07:59:05.761+0000] {processor.py:829} INFO - Processing file /home/airflow/.local/lib/python3.8/site-packages/airflow/example_dags/example_params_ui_tutorial.py for tasks to queue
[2023-11-13T07:59:05.763+0000] {logging_mixin.py:154} INFO - [2023-11-13T07:59:05.763+0000] {dagbag.py:536} INFO - Filling up the DagBag from /home/airflow/.local/lib/python3.8/site-packages/airflow/example_dags/example_params_ui_tutorial.py
[2023-11-13T07:59:05.794+0000] {processor.py:839} INFO - DAG(s) dict_keys(['example_params_ui_tutorial']) retrieved from /home/airflow/.local/lib/python3.8/site-packages/airflow/example_dags/example_params_ui_tutorial.py
[2023-11-13T07:59:05.834+0000] {logging_mixin.py:154} INFO - [2023-11-13T07:59:05.834+0000] {dag.py:2941} INFO - Sync 1 DAGs
[2023-11-13T07:59:05.843+0000] {logging_mixin.py:154} INFO - [2023-11-13T07:59:05.842+0000] {dag.py:3722} INFO - Setting next_dagrun for example_params_ui_tutorial to None, run_after=None
[2023-11-13T07:59:06.420+0000] {processor.py:179} INFO - Processing /home/airflow/.local/lib/python3.8/site-packages/airflow/example_dags/example_params_ui_tutorial.py took 0.833 seconds
[2023-11-13T07:59:37.166+0000] {processor.py:157} INFO - Started process (PID=519) to work on /home/airflow/.local/lib/python3.8/site-packages/airflow/example_dags/example_params_ui_tutorial.py
[2023-11-13T07:59:38.265+0000] {processor.py:829} INFO - Processing file /home/airflow/.local/lib/python3.8/site-packages/airflow/example_dags/example_params_ui_tutorial.py for tasks to queue
[2023-11-13T07:59:38.269+0000] {logging_mixin.py:154} INFO - [2023-11-13T07:59:38.269+0000] {dagbag.py:536} INFO - Filling up the DagBag from /home/airflow/.local/lib/python3.8/site-packages/airflow/example_dags/example_params_ui_tutorial.py
[2023-11-13T07:59:38.304+0000] {processor.py:839} INFO - DAG(s) dict_keys(['example_params_ui_tutorial']) retrieved from /home/airflow/.local/lib/python3.8/site-packages/airflow/example_dags/example_params_ui_tutorial.py
[2023-11-13T07:59:38.378+0000] {logging_mixin.py:154} INFO - [2023-11-13T07:59:38.378+0000] {dag.py:2941} INFO - Sync 1 DAGs
[2023-11-13T07:59:38.388+0000] {logging_mixin.py:154} INFO - [2023-11-13T07:59:38.388+0000] {dag.py:3722} INFO - Setting next_dagrun for example_params_ui_tutorial to None, run_after=None
[2023-11-13T07:59:38.435+0000] {processor.py:179} INFO - Processing /home/airflow/.local/lib/python3.8/site-packages/airflow/example_dags/example_params_ui_tutorial.py took 1.271 seconds
[2023-11-13T08:00:09.310+0000] {processor.py:157} INFO - Started process (PID=573) to work on /home/airflow/.local/lib/python3.8/site-packages/airflow/example_dags/example_params_ui_tutorial.py
[2023-11-13T08:00:09.310+0000] {processor.py:829} INFO - Processing file /home/airflow/.local/lib/python3.8/site-packages/airflow/example_dags/example_params_ui_tutorial.py for tasks to queue
[2023-11-13T08:00:09.312+0000] {logging_mixin.py:154} INFO - [2023-11-13T08:00:09.311+0000] {dagbag.py:536} INFO - Filling up the DagBag from /home/airflow/.local/lib/python3.8/site-packages/airflow/example_dags/example_params_ui_tutorial.py
[2023-11-13T08:00:09.338+0000] {processor.py:839} INFO - DAG(s) dict_keys(['example_params_ui_tutorial']) retrieved from /home/airflow/.local/lib/python3.8/site-packages/airflow/example_dags/example_params_ui_tutorial.py
[2023-11-13T08:00:09.379+0000] {logging_mixin.py:154} INFO - [2023-11-13T08:00:09.379+0000] {dag.py:2941} INFO - Sync 1 DAGs
[2023-11-13T08:00:09.388+0000] {logging_mixin.py:154} INFO - [2023-11-13T08:00:09.388+0000] {dag.py:3722} INFO - Setting next_dagrun for example_params_ui_tutorial to None, run_after=None
[2023-11-13T08:00:10.498+0000] {processor.py:179} INFO - Processing /home/airflow/.local/lib/python3.8/site-packages/airflow/example_dags/example_params_ui_tutorial.py took 1.191 seconds
[2023-11-13T08:00:41.254+0000] {processor.py:157} INFO - Started process (PID=627) to work on /home/airflow/.local/lib/python3.8/site-packages/airflow/example_dags/example_params_ui_tutorial.py
[2023-11-13T08:00:41.321+0000] {processor.py:829} INFO - Processing file /home/airflow/.local/lib/python3.8/site-packages/airflow/example_dags/example_params_ui_tutorial.py for tasks to queue
[2023-11-13T08:00:41.323+0000] {logging_mixin.py:154} INFO - [2023-11-13T08:00:41.323+0000] {dagbag.py:536} INFO - Filling up the DagBag from /home/airflow/.local/lib/python3.8/site-packages/airflow/example_dags/example_params_ui_tutorial.py
[2023-11-13T08:00:41.349+0000] {processor.py:839} INFO - DAG(s) dict_keys(['example_params_ui_tutorial']) retrieved from /home/airflow/.local/lib/python3.8/site-packages/airflow/example_dags/example_params_ui_tutorial.py
[2023-11-13T08:00:41.390+0000] {logging_mixin.py:154} INFO - [2023-11-13T08:00:41.390+0000] {dag.py:2941} INFO - Sync 1 DAGs
[2023-11-13T08:00:41.399+0000] {logging_mixin.py:154} INFO - [2023-11-13T08:00:41.399+0000] {dag.py:3722} INFO - Setting next_dagrun for example_params_ui_tutorial to None, run_after=None
[2023-11-13T08:00:41.435+0000] {processor.py:179} INFO - Processing /home/airflow/.local/lib/python3.8/site-packages/airflow/example_dags/example_params_ui_tutorial.py took 0.183 seconds
[2023-11-13T08:01:11.541+0000] {processor.py:157} INFO - Started process (PID=681) to work on /home/airflow/.local/lib/python3.8/site-packages/airflow/example_dags/example_params_ui_tutorial.py
[2023-11-13T08:01:11.541+0000] {processor.py:829} INFO - Processing file /home/airflow/.local/lib/python3.8/site-packages/airflow/example_dags/example_params_ui_tutorial.py for tasks to queue
[2023-11-13T08:01:11.543+0000] {logging_mixin.py:154} INFO - [2023-11-13T08:01:11.542+0000] {dagbag.py:536} INFO - Filling up the DagBag from /home/airflow/.local/lib/python3.8/site-packages/airflow/example_dags/example_params_ui_tutorial.py
[2023-11-13T08:01:11.570+0000] {processor.py:839} INFO - DAG(s) dict_keys(['example_params_ui_tutorial']) retrieved from /home/airflow/.local/lib/python3.8/site-packages/airflow/example_dags/example_params_ui_tutorial.py
[2023-11-13T08:01:11.614+0000] {logging_mixin.py:154} INFO - [2023-11-13T08:01:11.614+0000] {dag.py:2941} INFO - Sync 1 DAGs
[2023-11-13T08:01:11.623+0000] {logging_mixin.py:154} INFO - [2023-11-13T08:01:11.623+0000] {dag.py:3722} INFO - Setting next_dagrun for example_params_ui_tutorial to None, run_after=None
[2023-11-13T08:01:11.659+0000] {processor.py:179} INFO - Processing /home/airflow/.local/lib/python3.8/site-packages/airflow/example_dags/example_params_ui_tutorial.py took 0.122 seconds
[2023-11-13T08:01:41.932+0000] {processor.py:157} INFO - Started process (PID=735) to work on /home/airflow/.local/lib/python3.8/site-packages/airflow/example_dags/example_params_ui_tutorial.py
[2023-11-13T08:01:42.083+0000] {processor.py:829} INFO - Processing file /home/airflow/.local/lib/python3.8/site-packages/airflow/example_dags/example_params_ui_tutorial.py for tasks to queue
[2023-11-13T08:01:42.084+0000] {logging_mixin.py:154} INFO - [2023-11-13T08:01:42.084+0000] {dagbag.py:536} INFO - Filling up the DagBag from /home/airflow/.local/lib/python3.8/site-packages/airflow/example_dags/example_params_ui_tutorial.py
[2023-11-13T08:01:42.111+0000] {processor.py:839} INFO - DAG(s) dict_keys(['example_params_ui_tutorial']) retrieved from /home/airflow/.local/lib/python3.8/site-packages/airflow/example_dags/example_params_ui_tutorial.py
[2023-11-13T08:01:42.151+0000] {logging_mixin.py:154} INFO - [2023-11-13T08:01:42.151+0000] {dag.py:2941} INFO - Sync 1 DAGs
[2023-11-13T08:01:42.159+0000] {logging_mixin.py:154} INFO - [2023-11-13T08:01:42.159+0000] {dag.py:3722} INFO - Setting next_dagrun for example_params_ui_tutorial to None, run_after=None
[2023-11-13T08:01:42.255+0000] {processor.py:179} INFO - Processing /home/airflow/.local/lib/python3.8/site-packages/airflow/example_dags/example_params_ui_tutorial.py took 0.326 seconds
[2023-11-13T08:02:12.955+0000] {processor.py:157} INFO - Started process (PID=789) to work on /home/airflow/.local/lib/python3.8/site-packages/airflow/example_dags/example_params_ui_tutorial.py
[2023-11-13T08:02:12.956+0000] {processor.py:829} INFO - Processing file /home/airflow/.local/lib/python3.8/site-packages/airflow/example_dags/example_params_ui_tutorial.py for tasks to queue
[2023-11-13T08:02:12.957+0000] {logging_mixin.py:154} INFO - [2023-11-13T08:02:12.957+0000] {dagbag.py:536} INFO - Filling up the DagBag from /home/airflow/.local/lib/python3.8/site-packages/airflow/example_dags/example_params_ui_tutorial.py
[2023-11-13T08:02:12.984+0000] {processor.py:839} INFO - DAG(s) dict_keys(['example_params_ui_tutorial']) retrieved from /home/airflow/.local/lib/python3.8/site-packages/airflow/example_dags/example_params_ui_tutorial.py
[2023-11-13T08:02:13.026+0000] {logging_mixin.py:154} INFO - [2023-11-13T08:02:13.025+0000] {dag.py:2941} INFO - Sync 1 DAGs
[2023-11-13T08:02:13.034+0000] {logging_mixin.py:154} INFO - [2023-11-13T08:02:13.034+0000] {dag.py:3722} INFO - Setting next_dagrun for example_params_ui_tutorial to None, run_after=None
[2023-11-13T08:02:13.565+0000] {processor.py:179} INFO - Processing /home/airflow/.local/lib/python3.8/site-packages/airflow/example_dags/example_params_ui_tutorial.py took 0.612 seconds
[2023-11-13T08:02:44.584+0000] {processor.py:157} INFO - Started process (PID=843) to work on /home/airflow/.local/lib/python3.8/site-packages/airflow/example_dags/example_params_ui_tutorial.py
[2023-11-13T08:02:44.607+0000] {processor.py:829} INFO - Processing file /home/airflow/.local/lib/python3.8/site-packages/airflow/example_dags/example_params_ui_tutorial.py for tasks to queue
[2023-11-13T08:02:44.609+0000] {logging_mixin.py:154} INFO - [2023-11-13T08:02:44.609+0000] {dagbag.py:536} INFO - Filling up the DagBag from /home/airflow/.local/lib/python3.8/site-packages/airflow/example_dags/example_params_ui_tutorial.py
[2023-11-13T08:02:44.635+0000] {processor.py:839} INFO - DAG(s) dict_keys(['example_params_ui_tutorial']) retrieved from /home/airflow/.local/lib/python3.8/site-packages/airflow/example_dags/example_params_ui_tutorial.py
[2023-11-13T08:02:44.678+0000] {logging_mixin.py:154} INFO - [2023-11-13T08:02:44.677+0000] {dag.py:2941} INFO - Sync 1 DAGs
[2023-11-13T08:02:44.687+0000] {logging_mixin.py:154} INFO - [2023-11-13T08:02:44.687+0000] {dag.py:3722} INFO - Setting next_dagrun for example_params_ui_tutorial to None, run_after=None
[2023-11-13T08:02:46.235+0000] {processor.py:179} INFO - Processing /home/airflow/.local/lib/python3.8/site-packages/airflow/example_dags/example_params_ui_tutorial.py took 1.654 seconds
[2023-11-13T08:03:16.409+0000] {processor.py:157} INFO - Started process (PID=897) to work on /home/airflow/.local/lib/python3.8/site-packages/airflow/example_dags/example_params_ui_tutorial.py
[2023-11-13T08:03:16.410+0000] {processor.py:829} INFO - Processing file /home/airflow/.local/lib/python3.8/site-packages/airflow/example_dags/example_params_ui_tutorial.py for tasks to queue
[2023-11-13T08:03:16.411+0000] {logging_mixin.py:154} INFO - [2023-11-13T08:03:16.411+0000] {dagbag.py:536} INFO - Filling up the DagBag from /home/airflow/.local/lib/python3.8/site-packages/airflow/example_dags/example_params_ui_tutorial.py
[2023-11-13T08:03:16.439+0000] {processor.py:839} INFO - DAG(s) dict_keys(['example_params_ui_tutorial']) retrieved from /home/airflow/.local/lib/python3.8/site-packages/airflow/example_dags/example_params_ui_tutorial.py
[2023-11-13T08:03:16.481+0000] {logging_mixin.py:154} INFO - [2023-11-13T08:03:16.481+0000] {dag.py:2941} INFO - Sync 1 DAGs
[2023-11-13T08:03:16.490+0000] {logging_mixin.py:154} INFO - [2023-11-13T08:03:16.489+0000] {dag.py:3722} INFO - Setting next_dagrun for example_params_ui_tutorial to None, run_after=None
[2023-11-13T08:03:17.832+0000] {processor.py:179} INFO - Processing /home/airflow/.local/lib/python3.8/site-packages/airflow/example_dags/example_params_ui_tutorial.py took 1.425 seconds
[2023-11-13T08:03:48.901+0000] {processor.py:157} INFO - Started process (PID=954) to work on /home/airflow/.local/lib/python3.8/site-packages/airflow/example_dags/example_params_ui_tutorial.py
[2023-11-13T08:03:48.905+0000] {processor.py:829} INFO - Processing file /home/airflow/.local/lib/python3.8/site-packages/airflow/example_dags/example_params_ui_tutorial.py for tasks to queue
[2023-11-13T08:03:48.906+0000] {logging_mixin.py:154} INFO - [2023-11-13T08:03:48.906+0000] {dagbag.py:536} INFO - Filling up the DagBag from /home/airflow/.local/lib/python3.8/site-packages/airflow/example_dags/example_params_ui_tutorial.py
[2023-11-13T08:03:48.936+0000] {processor.py:839} INFO - DAG(s) dict_keys(['example_params_ui_tutorial']) retrieved from /home/airflow/.local/lib/python3.8/site-packages/airflow/example_dags/example_params_ui_tutorial.py
[2023-11-13T08:03:48.983+0000] {logging_mixin.py:154} INFO - [2023-11-13T08:03:48.983+0000] {dag.py:2941} INFO - Sync 1 DAGs
[2023-11-13T08:03:48.992+0000] {logging_mixin.py:154} INFO - [2023-11-13T08:03:48.991+0000] {dag.py:3722} INFO - Setting next_dagrun for example_params_ui_tutorial to None, run_after=None
[2023-11-13T08:03:49.028+0000] {processor.py:179} INFO - Processing /home/airflow/.local/lib/python3.8/site-packages/airflow/example_dags/example_params_ui_tutorial.py took 0.129 seconds
[2023-11-13T08:04:20.475+0000] {processor.py:157} INFO - Started process (PID=1008) to work on /home/airflow/.local/lib/python3.8/site-packages/airflow/example_dags/example_params_ui_tutorial.py
[2023-11-13T08:04:20.651+0000] {processor.py:829} INFO - Processing file /home/airflow/.local/lib/python3.8/site-packages/airflow/example_dags/example_params_ui_tutorial.py for tasks to queue
[2023-11-13T08:04:20.652+0000] {logging_mixin.py:154} INFO - [2023-11-13T08:04:20.652+0000] {dagbag.py:536} INFO - Filling up the DagBag from /home/airflow/.local/lib/python3.8/site-packages/airflow/example_dags/example_params_ui_tutorial.py
[2023-11-13T08:04:20.679+0000] {processor.py:839} INFO - DAG(s) dict_keys(['example_params_ui_tutorial']) retrieved from /home/airflow/.local/lib/python3.8/site-packages/airflow/example_dags/example_params_ui_tutorial.py
[2023-11-13T08:04:20.892+0000] {logging_mixin.py:154} INFO - [2023-11-13T08:04:20.892+0000] {dag.py:2941} INFO - Sync 1 DAGs
[2023-11-13T08:04:20.901+0000] {logging_mixin.py:154} INFO - [2023-11-13T08:04:20.900+0000] {dag.py:3722} INFO - Setting next_dagrun for example_params_ui_tutorial to None, run_after=None
[2023-11-13T08:04:21.087+0000] {processor.py:179} INFO - Processing /home/airflow/.local/lib/python3.8/site-packages/airflow/example_dags/example_params_ui_tutorial.py took 0.616 seconds
[2023-11-13T08:04:51.875+0000] {processor.py:157} INFO - Started process (PID=1062) to work on /home/airflow/.local/lib/python3.8/site-packages/airflow/example_dags/example_params_ui_tutorial.py
[2023-11-13T08:04:51.924+0000] {processor.py:829} INFO - Processing file /home/airflow/.local/lib/python3.8/site-packages/airflow/example_dags/example_params_ui_tutorial.py for tasks to queue
[2023-11-13T08:04:51.926+0000] {logging_mixin.py:154} INFO - [2023-11-13T08:04:51.925+0000] {dagbag.py:536} INFO - Filling up the DagBag from /home/airflow/.local/lib/python3.8/site-packages/airflow/example_dags/example_params_ui_tutorial.py
[2023-11-13T08:04:51.953+0000] {processor.py:839} INFO - DAG(s) dict_keys(['example_params_ui_tutorial']) retrieved from /home/airflow/.local/lib/python3.8/site-packages/airflow/example_dags/example_params_ui_tutorial.py
[2023-11-13T08:04:51.997+0000] {logging_mixin.py:154} INFO - [2023-11-13T08:04:51.997+0000] {dag.py:2941} INFO - Sync 1 DAGs
[2023-11-13T08:04:52.007+0000] {logging_mixin.py:154} INFO - [2023-11-13T08:04:52.007+0000] {dag.py:3722} INFO - Setting next_dagrun for example_params_ui_tutorial to None, run_after=None
[2023-11-13T08:04:52.175+0000] {processor.py:179} INFO - Processing /home/airflow/.local/lib/python3.8/site-packages/airflow/example_dags/example_params_ui_tutorial.py took 0.303 seconds
[2023-11-13T08:05:22.849+0000] {processor.py:157} INFO - Started process (PID=1116) to work on /home/airflow/.local/lib/python3.8/site-packages/airflow/example_dags/example_params_ui_tutorial.py
[2023-11-13T08:05:22.858+0000] {processor.py:829} INFO - Processing file /home/airflow/.local/lib/python3.8/site-packages/airflow/example_dags/example_params_ui_tutorial.py for tasks to queue
[2023-11-13T08:05:22.859+0000] {logging_mixin.py:154} INFO - [2023-11-13T08:05:22.859+0000] {dagbag.py:536} INFO - Filling up the DagBag from /home/airflow/.local/lib/python3.8/site-packages/airflow/example_dags/example_params_ui_tutorial.py
[2023-11-13T08:05:22.887+0000] {processor.py:839} INFO - DAG(s) dict_keys(['example_params_ui_tutorial']) retrieved from /home/airflow/.local/lib/python3.8/site-packages/airflow/example_dags/example_params_ui_tutorial.py
[2023-11-13T08:05:22.932+0000] {logging_mixin.py:154} INFO - [2023-11-13T08:05:22.932+0000] {dag.py:2941} INFO - Sync 1 DAGs
[2023-11-13T08:05:22.941+0000] {logging_mixin.py:154} INFO - [2023-11-13T08:05:22.941+0000] {dag.py:3722} INFO - Setting next_dagrun for example_params_ui_tutorial to None, run_after=None
[2023-11-13T08:05:22.996+0000] {processor.py:179} INFO - Processing /home/airflow/.local/lib/python3.8/site-packages/airflow/example_dags/example_params_ui_tutorial.py took 0.149 seconds
[2023-11-13T08:05:53.230+0000] {processor.py:157} INFO - Started process (PID=1170) to work on /home/airflow/.local/lib/python3.8/site-packages/airflow/example_dags/example_params_ui_tutorial.py
[2023-11-13T08:05:53.232+0000] {processor.py:829} INFO - Processing file /home/airflow/.local/lib/python3.8/site-packages/airflow/example_dags/example_params_ui_tutorial.py for tasks to queue
[2023-11-13T08:05:53.236+0000] {logging_mixin.py:154} INFO - [2023-11-13T08:05:53.235+0000] {dagbag.py:536} INFO - Filling up the DagBag from /home/airflow/.local/lib/python3.8/site-packages/airflow/example_dags/example_params_ui_tutorial.py
[2023-11-13T08:05:53.279+0000] {processor.py:839} INFO - DAG(s) dict_keys(['example_params_ui_tutorial']) retrieved from /home/airflow/.local/lib/python3.8/site-packages/airflow/example_dags/example_params_ui_tutorial.py
[2023-11-13T08:05:53.322+0000] {logging_mixin.py:154} INFO - [2023-11-13T08:05:53.321+0000] {dag.py:2941} INFO - Sync 1 DAGs
[2023-11-13T08:05:53.330+0000] {logging_mixin.py:154} INFO - [2023-11-13T08:05:53.330+0000] {dag.py:3722} INFO - Setting next_dagrun for example_params_ui_tutorial to None, run_after=None
[2023-11-13T08:05:53.731+0000] {processor.py:179} INFO - Processing /home/airflow/.local/lib/python3.8/site-packages/airflow/example_dags/example_params_ui_tutorial.py took 0.508 seconds
[2023-11-13T08:06:23.856+0000] {processor.py:157} INFO - Started process (PID=1225) to work on /home/airflow/.local/lib/python3.8/site-packages/airflow/example_dags/example_params_ui_tutorial.py
[2023-11-13T08:06:23.856+0000] {processor.py:829} INFO - Processing file /home/airflow/.local/lib/python3.8/site-packages/airflow/example_dags/example_params_ui_tutorial.py for tasks to queue
[2023-11-13T08:06:23.858+0000] {logging_mixin.py:154} INFO - [2023-11-13T08:06:23.857+0000] {dagbag.py:536} INFO - Filling up the DagBag from /home/airflow/.local/lib/python3.8/site-packages/airflow/example_dags/example_params_ui_tutorial.py
[2023-11-13T08:06:23.883+0000] {processor.py:839} INFO - DAG(s) dict_keys(['example_params_ui_tutorial']) retrieved from /home/airflow/.local/lib/python3.8/site-packages/airflow/example_dags/example_params_ui_tutorial.py
[2023-11-13T08:06:23.922+0000] {logging_mixin.py:154} INFO - [2023-11-13T08:06:23.922+0000] {dag.py:2941} INFO - Sync 1 DAGs
[2023-11-13T08:06:24.023+0000] {logging_mixin.py:154} INFO - [2023-11-13T08:06:24.023+0000] {dag.py:3722} INFO - Setting next_dagrun for example_params_ui_tutorial to None, run_after=None
[2023-11-13T08:06:24.054+0000] {processor.py:179} INFO - Processing /home/airflow/.local/lib/python3.8/site-packages/airflow/example_dags/example_params_ui_tutorial.py took 0.201 seconds
[2023-11-13T08:06:54.202+0000] {processor.py:157} INFO - Started process (PID=1279) to work on /home/airflow/.local/lib/python3.8/site-packages/airflow/example_dags/example_params_ui_tutorial.py
[2023-11-13T08:06:54.229+0000] {processor.py:829} INFO - Processing file /home/airflow/.local/lib/python3.8/site-packages/airflow/example_dags/example_params_ui_tutorial.py for tasks to queue
[2023-11-13T08:06:54.230+0000] {logging_mixin.py:154} INFO - [2023-11-13T08:06:54.230+0000] {dagbag.py:536} INFO - Filling up the DagBag from /home/airflow/.local/lib/python3.8/site-packages/airflow/example_dags/example_params_ui_tutorial.py
[2023-11-13T08:06:54.257+0000] {processor.py:839} INFO - DAG(s) dict_keys(['example_params_ui_tutorial']) retrieved from /home/airflow/.local/lib/python3.8/site-packages/airflow/example_dags/example_params_ui_tutorial.py
[2023-11-13T08:06:54.296+0000] {logging_mixin.py:154} INFO - [2023-11-13T08:06:54.296+0000] {dag.py:2941} INFO - Sync 1 DAGs
[2023-11-13T08:06:54.304+0000] {logging_mixin.py:154} INFO - [2023-11-13T08:06:54.304+0000] {dag.py:3722} INFO - Setting next_dagrun for example_params_ui_tutorial to None, run_after=None
[2023-11-13T08:06:54.530+0000] {processor.py:179} INFO - Processing /home/airflow/.local/lib/python3.8/site-packages/airflow/example_dags/example_params_ui_tutorial.py took 0.330 seconds
[2023-11-13T08:07:24.744+0000] {processor.py:157} INFO - Started process (PID=1333) to work on /home/airflow/.local/lib/python3.8/site-packages/airflow/example_dags/example_params_ui_tutorial.py
[2023-11-13T08:07:24.744+0000] {processor.py:829} INFO - Processing file /home/airflow/.local/lib/python3.8/site-packages/airflow/example_dags/example_params_ui_tutorial.py for tasks to queue
[2023-11-13T08:07:24.746+0000] {logging_mixin.py:154} INFO - [2023-11-13T08:07:24.746+0000] {dagbag.py:536} INFO - Filling up the DagBag from /home/airflow/.local/lib/python3.8/site-packages/airflow/example_dags/example_params_ui_tutorial.py
[2023-11-13T08:07:24.772+0000] {processor.py:839} INFO - DAG(s) dict_keys(['example_params_ui_tutorial']) retrieved from /home/airflow/.local/lib/python3.8/site-packages/airflow/example_dags/example_params_ui_tutorial.py
[2023-11-13T08:07:24.816+0000] {logging_mixin.py:154} INFO - [2023-11-13T08:07:24.816+0000] {dag.py:2941} INFO - Sync 1 DAGs
[2023-11-13T08:07:24.825+0000] {logging_mixin.py:154} INFO - [2023-11-13T08:07:24.825+0000] {dag.py:3722} INFO - Setting next_dagrun for example_params_ui_tutorial to None, run_after=None
[2023-11-13T08:07:24.936+0000] {processor.py:179} INFO - Processing /home/airflow/.local/lib/python3.8/site-packages/airflow/example_dags/example_params_ui_tutorial.py took 0.194 seconds
[2023-11-13T08:07:55.594+0000] {processor.py:157} INFO - Started process (PID=1387) to work on /home/airflow/.local/lib/python3.8/site-packages/airflow/example_dags/example_params_ui_tutorial.py
[2023-11-13T08:07:55.606+0000] {processor.py:829} INFO - Processing file /home/airflow/.local/lib/python3.8/site-packages/airflow/example_dags/example_params_ui_tutorial.py for tasks to queue
[2023-11-13T08:07:55.607+0000] {logging_mixin.py:154} INFO - [2023-11-13T08:07:55.607+0000] {dagbag.py:536} INFO - Filling up the DagBag from /home/airflow/.local/lib/python3.8/site-packages/airflow/example_dags/example_params_ui_tutorial.py
[2023-11-13T08:07:55.634+0000] {processor.py:839} INFO - DAG(s) dict_keys(['example_params_ui_tutorial']) retrieved from /home/airflow/.local/lib/python3.8/site-packages/airflow/example_dags/example_params_ui_tutorial.py
[2023-11-13T08:07:55.676+0000] {logging_mixin.py:154} INFO - [2023-11-13T08:07:55.676+0000] {dag.py:2941} INFO - Sync 1 DAGs
[2023-11-13T08:07:55.784+0000] {logging_mixin.py:154} INFO - [2023-11-13T08:07:55.784+0000] {dag.py:3722} INFO - Setting next_dagrun for example_params_ui_tutorial to None, run_after=None
[2023-11-13T08:07:55.809+0000] {processor.py:179} INFO - Processing /home/airflow/.local/lib/python3.8/site-packages/airflow/example_dags/example_params_ui_tutorial.py took 0.218 seconds
[2023-11-13T08:08:26.409+0000] {processor.py:157} INFO - Started process (PID=1441) to work on /home/airflow/.local/lib/python3.8/site-packages/airflow/example_dags/example_params_ui_tutorial.py
[2023-11-13T08:08:26.410+0000] {processor.py:829} INFO - Processing file /home/airflow/.local/lib/python3.8/site-packages/airflow/example_dags/example_params_ui_tutorial.py for tasks to queue
[2023-11-13T08:08:26.411+0000] {logging_mixin.py:154} INFO - [2023-11-13T08:08:26.411+0000] {dagbag.py:536} INFO - Filling up the DagBag from /home/airflow/.local/lib/python3.8/site-packages/airflow/example_dags/example_params_ui_tutorial.py
[2023-11-13T08:08:26.438+0000] {processor.py:839} INFO - DAG(s) dict_keys(['example_params_ui_tutorial']) retrieved from /home/airflow/.local/lib/python3.8/site-packages/airflow/example_dags/example_params_ui_tutorial.py
[2023-11-13T08:08:26.479+0000] {logging_mixin.py:154} INFO - [2023-11-13T08:08:26.479+0000] {dag.py:2941} INFO - Sync 1 DAGs
[2023-11-13T08:08:26.488+0000] {logging_mixin.py:154} INFO - [2023-11-13T08:08:26.488+0000] {dag.py:3722} INFO - Setting next_dagrun for example_params_ui_tutorial to None, run_after=None
[2023-11-13T08:08:26.560+0000] {processor.py:179} INFO - Processing /home/airflow/.local/lib/python3.8/site-packages/airflow/example_dags/example_params_ui_tutorial.py took 0.154 seconds
[2023-11-13T08:08:57.185+0000] {processor.py:157} INFO - Started process (PID=1495) to work on /home/airflow/.local/lib/python3.8/site-packages/airflow/example_dags/example_params_ui_tutorial.py
[2023-11-13T08:08:57.193+0000] {processor.py:829} INFO - Processing file /home/airflow/.local/lib/python3.8/site-packages/airflow/example_dags/example_params_ui_tutorial.py for tasks to queue
[2023-11-13T08:08:57.194+0000] {logging_mixin.py:154} INFO - [2023-11-13T08:08:57.194+0000] {dagbag.py:536} INFO - Filling up the DagBag from /home/airflow/.local/lib/python3.8/site-packages/airflow/example_dags/example_params_ui_tutorial.py
[2023-11-13T08:08:57.222+0000] {processor.py:839} INFO - DAG(s) dict_keys(['example_params_ui_tutorial']) retrieved from /home/airflow/.local/lib/python3.8/site-packages/airflow/example_dags/example_params_ui_tutorial.py
[2023-11-13T08:08:57.363+0000] {logging_mixin.py:154} INFO - [2023-11-13T08:08:57.363+0000] {dag.py:2941} INFO - Sync 1 DAGs
[2023-11-13T08:08:57.371+0000] {logging_mixin.py:154} INFO - [2023-11-13T08:08:57.371+0000] {dag.py:3722} INFO - Setting next_dagrun for example_params_ui_tutorial to None, run_after=None
[2023-11-13T08:08:57.470+0000] {processor.py:179} INFO - Processing /home/airflow/.local/lib/python3.8/site-packages/airflow/example_dags/example_params_ui_tutorial.py took 0.288 seconds
[2023-11-13T08:09:29.665+0000] {processor.py:157} INFO - Started process (PID=1549) to work on /home/airflow/.local/lib/python3.8/site-packages/airflow/example_dags/example_params_ui_tutorial.py
[2023-11-13T08:09:29.667+0000] {processor.py:829} INFO - Processing file /home/airflow/.local/lib/python3.8/site-packages/airflow/example_dags/example_params_ui_tutorial.py for tasks to queue
[2023-11-13T08:09:29.674+0000] {logging_mixin.py:154} INFO - [2023-11-13T08:09:29.673+0000] {dagbag.py:536} INFO - Filling up the DagBag from /home/airflow/.local/lib/python3.8/site-packages/airflow/example_dags/example_params_ui_tutorial.py
[2023-11-13T08:09:29.723+0000] {processor.py:839} INFO - DAG(s) dict_keys(['example_params_ui_tutorial']) retrieved from /home/airflow/.local/lib/python3.8/site-packages/airflow/example_dags/example_params_ui_tutorial.py
[2023-11-13T08:09:29.767+0000] {logging_mixin.py:154} INFO - [2023-11-13T08:09:29.767+0000] {dag.py:2941} INFO - Sync 1 DAGs
[2023-11-13T08:09:29.775+0000] {logging_mixin.py:154} INFO - [2023-11-13T08:09:29.775+0000] {dag.py:3722} INFO - Setting next_dagrun for example_params_ui_tutorial to None, run_after=None
[2023-11-13T08:09:30.426+0000] {processor.py:179} INFO - Processing /home/airflow/.local/lib/python3.8/site-packages/airflow/example_dags/example_params_ui_tutorial.py took 0.772 seconds
[2023-11-13T08:10:00.566+0000] {processor.py:157} INFO - Started process (PID=1607) to work on /home/airflow/.local/lib/python3.8/site-packages/airflow/example_dags/example_params_ui_tutorial.py
[2023-11-13T08:10:00.578+0000] {processor.py:829} INFO - Processing file /home/airflow/.local/lib/python3.8/site-packages/airflow/example_dags/example_params_ui_tutorial.py for tasks to queue
[2023-11-13T08:10:00.580+0000] {logging_mixin.py:154} INFO - [2023-11-13T08:10:00.580+0000] {dagbag.py:536} INFO - Filling up the DagBag from /home/airflow/.local/lib/python3.8/site-packages/airflow/example_dags/example_params_ui_tutorial.py
[2023-11-13T08:10:00.607+0000] {processor.py:839} INFO - DAG(s) dict_keys(['example_params_ui_tutorial']) retrieved from /home/airflow/.local/lib/python3.8/site-packages/airflow/example_dags/example_params_ui_tutorial.py
[2023-11-13T08:10:00.649+0000] {logging_mixin.py:154} INFO - [2023-11-13T08:10:00.649+0000] {dag.py:2941} INFO - Sync 1 DAGs
[2023-11-13T08:10:00.658+0000] {logging_mixin.py:154} INFO - [2023-11-13T08:10:00.657+0000] {dag.py:3722} INFO - Setting next_dagrun for example_params_ui_tutorial to None, run_after=None
[2023-11-13T08:10:00.695+0000] {processor.py:179} INFO - Processing /home/airflow/.local/lib/python3.8/site-packages/airflow/example_dags/example_params_ui_tutorial.py took 0.131 seconds
[2023-11-13T08:10:31.293+0000] {processor.py:157} INFO - Started process (PID=1657) to work on /home/airflow/.local/lib/python3.8/site-packages/airflow/example_dags/example_params_ui_tutorial.py
[2023-11-13T08:10:31.293+0000] {processor.py:829} INFO - Processing file /home/airflow/.local/lib/python3.8/site-packages/airflow/example_dags/example_params_ui_tutorial.py for tasks to queue
[2023-11-13T08:10:31.294+0000] {logging_mixin.py:154} INFO - [2023-11-13T08:10:31.294+0000] {dagbag.py:536} INFO - Filling up the DagBag from /home/airflow/.local/lib/python3.8/site-packages/airflow/example_dags/example_params_ui_tutorial.py
[2023-11-13T08:10:31.320+0000] {processor.py:839} INFO - DAG(s) dict_keys(['example_params_ui_tutorial']) retrieved from /home/airflow/.local/lib/python3.8/site-packages/airflow/example_dags/example_params_ui_tutorial.py
[2023-11-13T08:10:31.361+0000] {logging_mixin.py:154} INFO - [2023-11-13T08:10:31.361+0000] {dag.py:2941} INFO - Sync 1 DAGs
[2023-11-13T08:10:31.370+0000] {logging_mixin.py:154} INFO - [2023-11-13T08:10:31.370+0000] {dag.py:3722} INFO - Setting next_dagrun for example_params_ui_tutorial to None, run_after=None
[2023-11-13T08:10:31.416+0000] {processor.py:179} INFO - Processing /home/airflow/.local/lib/python3.8/site-packages/airflow/example_dags/example_params_ui_tutorial.py took 0.126 seconds
[2023-11-13T08:11:03.089+0000] {processor.py:157} INFO - Started process (PID=1718) to work on /home/airflow/.local/lib/python3.8/site-packages/airflow/example_dags/example_params_ui_tutorial.py
[2023-11-13T08:11:03.267+0000] {processor.py:829} INFO - Processing file /home/airflow/.local/lib/python3.8/site-packages/airflow/example_dags/example_params_ui_tutorial.py for tasks to queue
[2023-11-13T08:11:03.269+0000] {logging_mixin.py:154} INFO - [2023-11-13T08:11:03.269+0000] {dagbag.py:536} INFO - Filling up the DagBag from /home/airflow/.local/lib/python3.8/site-packages/airflow/example_dags/example_params_ui_tutorial.py
[2023-11-13T08:11:03.298+0000] {processor.py:839} INFO - DAG(s) dict_keys(['example_params_ui_tutorial']) retrieved from /home/airflow/.local/lib/python3.8/site-packages/airflow/example_dags/example_params_ui_tutorial.py
[2023-11-13T08:11:03.337+0000] {logging_mixin.py:154} INFO - [2023-11-13T08:11:03.337+0000] {dag.py:2941} INFO - Sync 1 DAGs
[2023-11-13T08:11:03.346+0000] {logging_mixin.py:154} INFO - [2023-11-13T08:11:03.345+0000] {dag.py:3722} INFO - Setting next_dagrun for example_params_ui_tutorial to None, run_after=None
[2023-11-13T08:11:03.395+0000] {processor.py:179} INFO - Processing /home/airflow/.local/lib/python3.8/site-packages/airflow/example_dags/example_params_ui_tutorial.py took 0.309 seconds
[2023-11-13T08:11:33.874+0000] {processor.py:157} INFO - Started process (PID=1773) to work on /home/airflow/.local/lib/python3.8/site-packages/airflow/example_dags/example_params_ui_tutorial.py
[2023-11-13T08:11:33.874+0000] {processor.py:829} INFO - Processing file /home/airflow/.local/lib/python3.8/site-packages/airflow/example_dags/example_params_ui_tutorial.py for tasks to queue
[2023-11-13T08:11:33.876+0000] {logging_mixin.py:154} INFO - [2023-11-13T08:11:33.876+0000] {dagbag.py:536} INFO - Filling up the DagBag from /home/airflow/.local/lib/python3.8/site-packages/airflow/example_dags/example_params_ui_tutorial.py
[2023-11-13T08:11:33.903+0000] {processor.py:839} INFO - DAG(s) dict_keys(['example_params_ui_tutorial']) retrieved from /home/airflow/.local/lib/python3.8/site-packages/airflow/example_dags/example_params_ui_tutorial.py
[2023-11-13T08:11:33.944+0000] {logging_mixin.py:154} INFO - [2023-11-13T08:11:33.944+0000] {dag.py:2941} INFO - Sync 1 DAGs
[2023-11-13T08:11:33.953+0000] {logging_mixin.py:154} INFO - [2023-11-13T08:11:33.953+0000] {dag.py:3722} INFO - Setting next_dagrun for example_params_ui_tutorial to None, run_after=None
[2023-11-13T08:11:33.979+0000] {processor.py:179} INFO - Processing /home/airflow/.local/lib/python3.8/site-packages/airflow/example_dags/example_params_ui_tutorial.py took 0.107 seconds
[2023-11-13T08:12:04.659+0000] {processor.py:157} INFO - Started process (PID=1828) to work on /home/airflow/.local/lib/python3.8/site-packages/airflow/example_dags/example_params_ui_tutorial.py
[2023-11-13T08:12:04.661+0000] {processor.py:829} INFO - Processing file /home/airflow/.local/lib/python3.8/site-packages/airflow/example_dags/example_params_ui_tutorial.py for tasks to queue
[2023-11-13T08:12:04.663+0000] {logging_mixin.py:154} INFO - [2023-11-13T08:12:04.663+0000] {dagbag.py:536} INFO - Filling up the DagBag from /home/airflow/.local/lib/python3.8/site-packages/airflow/example_dags/example_params_ui_tutorial.py
[2023-11-13T08:12:04.689+0000] {processor.py:839} INFO - DAG(s) dict_keys(['example_params_ui_tutorial']) retrieved from /home/airflow/.local/lib/python3.8/site-packages/airflow/example_dags/example_params_ui_tutorial.py
[2023-11-13T08:12:04.729+0000] {logging_mixin.py:154} INFO - [2023-11-13T08:12:04.729+0000] {dag.py:2941} INFO - Sync 1 DAGs
[2023-11-13T08:12:04.738+0000] {logging_mixin.py:154} INFO - [2023-11-13T08:12:04.738+0000] {dag.py:3722} INFO - Setting next_dagrun for example_params_ui_tutorial to None, run_after=None
[2023-11-13T08:12:04.765+0000] {processor.py:179} INFO - Processing /home/airflow/.local/lib/python3.8/site-packages/airflow/example_dags/example_params_ui_tutorial.py took 0.108 seconds
[2023-11-13T08:12:35.377+0000] {processor.py:157} INFO - Started process (PID=1882) to work on /home/airflow/.local/lib/python3.8/site-packages/airflow/example_dags/example_params_ui_tutorial.py
[2023-11-13T08:12:35.377+0000] {processor.py:829} INFO - Processing file /home/airflow/.local/lib/python3.8/site-packages/airflow/example_dags/example_params_ui_tutorial.py for tasks to queue
[2023-11-13T08:12:35.378+0000] {logging_mixin.py:154} INFO - [2023-11-13T08:12:35.378+0000] {dagbag.py:536} INFO - Filling up the DagBag from /home/airflow/.local/lib/python3.8/site-packages/airflow/example_dags/example_params_ui_tutorial.py
[2023-11-13T08:12:35.405+0000] {processor.py:839} INFO - DAG(s) dict_keys(['example_params_ui_tutorial']) retrieved from /home/airflow/.local/lib/python3.8/site-packages/airflow/example_dags/example_params_ui_tutorial.py
[2023-11-13T08:12:35.446+0000] {logging_mixin.py:154} INFO - [2023-11-13T08:12:35.446+0000] {dag.py:2941} INFO - Sync 1 DAGs
[2023-11-13T08:12:35.454+0000] {logging_mixin.py:154} INFO - [2023-11-13T08:12:35.454+0000] {dag.py:3722} INFO - Setting next_dagrun for example_params_ui_tutorial to None, run_after=None
[2023-11-13T08:12:35.484+0000] {processor.py:179} INFO - Processing /home/airflow/.local/lib/python3.8/site-packages/airflow/example_dags/example_params_ui_tutorial.py took 0.109 seconds
[2023-11-13T08:13:09.733+0000] {processor.py:157} INFO - Started process (PID=1936) to work on /home/airflow/.local/lib/python3.8/site-packages/airflow/example_dags/example_params_ui_tutorial.py
[2023-11-13T08:13:09.755+0000] {processor.py:829} INFO - Processing file /home/airflow/.local/lib/python3.8/site-packages/airflow/example_dags/example_params_ui_tutorial.py for tasks to queue
[2023-11-13T08:13:09.762+0000] {logging_mixin.py:154} INFO - [2023-11-13T08:13:09.761+0000] {dagbag.py:536} INFO - Filling up the DagBag from /home/airflow/.local/lib/python3.8/site-packages/airflow/example_dags/example_params_ui_tutorial.py
[2023-11-13T08:13:09.817+0000] {processor.py:839} INFO - DAG(s) dict_keys(['example_params_ui_tutorial']) retrieved from /home/airflow/.local/lib/python3.8/site-packages/airflow/example_dags/example_params_ui_tutorial.py
[2023-11-13T08:13:09.859+0000] {logging_mixin.py:154} INFO - [2023-11-13T08:13:09.858+0000] {dag.py:2941} INFO - Sync 1 DAGs
[2023-11-13T08:13:09.868+0000] {logging_mixin.py:154} INFO - [2023-11-13T08:13:09.868+0000] {dag.py:3722} INFO - Setting next_dagrun for example_params_ui_tutorial to None, run_after=None
[2023-11-13T08:13:09.901+0000] {processor.py:179} INFO - Processing /home/airflow/.local/lib/python3.8/site-packages/airflow/example_dags/example_params_ui_tutorial.py took 0.170 seconds
[2023-11-13T08:13:40.575+0000] {processor.py:157} INFO - Started process (PID=1990) to work on /home/airflow/.local/lib/python3.8/site-packages/airflow/example_dags/example_params_ui_tutorial.py
[2023-11-13T08:13:40.576+0000] {processor.py:829} INFO - Processing file /home/airflow/.local/lib/python3.8/site-packages/airflow/example_dags/example_params_ui_tutorial.py for tasks to queue
[2023-11-13T08:13:40.577+0000] {logging_mixin.py:154} INFO - [2023-11-13T08:13:40.577+0000] {dagbag.py:536} INFO - Filling up the DagBag from /home/airflow/.local/lib/python3.8/site-packages/airflow/example_dags/example_params_ui_tutorial.py
[2023-11-13T08:13:40.605+0000] {processor.py:839} INFO - DAG(s) dict_keys(['example_params_ui_tutorial']) retrieved from /home/airflow/.local/lib/python3.8/site-packages/airflow/example_dags/example_params_ui_tutorial.py
[2023-11-13T08:13:40.647+0000] {logging_mixin.py:154} INFO - [2023-11-13T08:13:40.647+0000] {dag.py:2941} INFO - Sync 1 DAGs
[2023-11-13T08:13:40.655+0000] {logging_mixin.py:154} INFO - [2023-11-13T08:13:40.655+0000] {dag.py:3722} INFO - Setting next_dagrun for example_params_ui_tutorial to None, run_after=None
[2023-11-13T08:13:40.681+0000] {processor.py:179} INFO - Processing /home/airflow/.local/lib/python3.8/site-packages/airflow/example_dags/example_params_ui_tutorial.py took 0.107 seconds
[2023-11-13T08:14:11.795+0000] {processor.py:157} INFO - Started process (PID=2044) to work on /home/airflow/.local/lib/python3.8/site-packages/airflow/example_dags/example_params_ui_tutorial.py
[2023-11-13T08:14:12.561+0000] {processor.py:829} INFO - Processing file /home/airflow/.local/lib/python3.8/site-packages/airflow/example_dags/example_params_ui_tutorial.py for tasks to queue
[2023-11-13T08:14:12.564+0000] {logging_mixin.py:154} INFO - [2023-11-13T08:14:12.563+0000] {dagbag.py:536} INFO - Filling up the DagBag from /home/airflow/.local/lib/python3.8/site-packages/airflow/example_dags/example_params_ui_tutorial.py
[2023-11-13T08:14:12.592+0000] {processor.py:839} INFO - DAG(s) dict_keys(['example_params_ui_tutorial']) retrieved from /home/airflow/.local/lib/python3.8/site-packages/airflow/example_dags/example_params_ui_tutorial.py
[2023-11-13T08:14:12.633+0000] {logging_mixin.py:154} INFO - [2023-11-13T08:14:12.633+0000] {dag.py:2941} INFO - Sync 1 DAGs
[2023-11-13T08:14:12.642+0000] {logging_mixin.py:154} INFO - [2023-11-13T08:14:12.642+0000] {dag.py:3722} INFO - Setting next_dagrun for example_params_ui_tutorial to None, run_after=None
[2023-11-13T08:14:12.694+0000] {processor.py:179} INFO - Processing /home/airflow/.local/lib/python3.8/site-packages/airflow/example_dags/example_params_ui_tutorial.py took 0.901 seconds
[2023-11-13T08:14:42.829+0000] {processor.py:157} INFO - Started process (PID=2098) to work on /home/airflow/.local/lib/python3.8/site-packages/airflow/example_dags/example_params_ui_tutorial.py
[2023-11-13T08:14:42.829+0000] {processor.py:829} INFO - Processing file /home/airflow/.local/lib/python3.8/site-packages/airflow/example_dags/example_params_ui_tutorial.py for tasks to queue
[2023-11-13T08:14:42.831+0000] {logging_mixin.py:154} INFO - [2023-11-13T08:14:42.831+0000] {dagbag.py:536} INFO - Filling up the DagBag from /home/airflow/.local/lib/python3.8/site-packages/airflow/example_dags/example_params_ui_tutorial.py
[2023-11-13T08:14:42.856+0000] {processor.py:839} INFO - DAG(s) dict_keys(['example_params_ui_tutorial']) retrieved from /home/airflow/.local/lib/python3.8/site-packages/airflow/example_dags/example_params_ui_tutorial.py
[2023-11-13T08:14:42.897+0000] {logging_mixin.py:154} INFO - [2023-11-13T08:14:42.897+0000] {dag.py:2941} INFO - Sync 1 DAGs
[2023-11-13T08:14:42.906+0000] {logging_mixin.py:154} INFO - [2023-11-13T08:14:42.905+0000] {dag.py:3722} INFO - Setting next_dagrun for example_params_ui_tutorial to None, run_after=None
[2023-11-13T08:14:42.936+0000] {processor.py:179} INFO - Processing /home/airflow/.local/lib/python3.8/site-packages/airflow/example_dags/example_params_ui_tutorial.py took 0.109 seconds
[2023-11-13T08:15:14.701+0000] {processor.py:157} INFO - Started process (PID=2152) to work on /home/airflow/.local/lib/python3.8/site-packages/airflow/example_dags/example_params_ui_tutorial.py
[2023-11-13T08:15:14.715+0000] {processor.py:829} INFO - Processing file /home/airflow/.local/lib/python3.8/site-packages/airflow/example_dags/example_params_ui_tutorial.py for tasks to queue
[2023-11-13T08:15:14.716+0000] {logging_mixin.py:154} INFO - [2023-11-13T08:15:14.716+0000] {dagbag.py:536} INFO - Filling up the DagBag from /home/airflow/.local/lib/python3.8/site-packages/airflow/example_dags/example_params_ui_tutorial.py
[2023-11-13T08:15:14.743+0000] {processor.py:839} INFO - DAG(s) dict_keys(['example_params_ui_tutorial']) retrieved from /home/airflow/.local/lib/python3.8/site-packages/airflow/example_dags/example_params_ui_tutorial.py
[2023-11-13T08:15:14.782+0000] {logging_mixin.py:154} INFO - [2023-11-13T08:15:14.782+0000] {dag.py:2941} INFO - Sync 1 DAGs
[2023-11-13T08:15:14.791+0000] {logging_mixin.py:154} INFO - [2023-11-13T08:15:14.791+0000] {dag.py:3722} INFO - Setting next_dagrun for example_params_ui_tutorial to None, run_after=None
[2023-11-13T08:15:14.854+0000] {processor.py:179} INFO - Processing /home/airflow/.local/lib/python3.8/site-packages/airflow/example_dags/example_params_ui_tutorial.py took 0.155 seconds
[2023-11-13T08:15:46.197+0000] {processor.py:157} INFO - Started process (PID=2206) to work on /home/airflow/.local/lib/python3.8/site-packages/airflow/example_dags/example_params_ui_tutorial.py
[2023-11-13T08:15:46.198+0000] {processor.py:829} INFO - Processing file /home/airflow/.local/lib/python3.8/site-packages/airflow/example_dags/example_params_ui_tutorial.py for tasks to queue
[2023-11-13T08:15:46.200+0000] {logging_mixin.py:154} INFO - [2023-11-13T08:15:46.199+0000] {dagbag.py:536} INFO - Filling up the DagBag from /home/airflow/.local/lib/python3.8/site-packages/airflow/example_dags/example_params_ui_tutorial.py
[2023-11-13T08:15:46.226+0000] {processor.py:839} INFO - DAG(s) dict_keys(['example_params_ui_tutorial']) retrieved from /home/airflow/.local/lib/python3.8/site-packages/airflow/example_dags/example_params_ui_tutorial.py
[2023-11-13T08:15:46.267+0000] {logging_mixin.py:154} INFO - [2023-11-13T08:15:46.267+0000] {dag.py:2941} INFO - Sync 1 DAGs
[2023-11-13T08:15:46.276+0000] {logging_mixin.py:154} INFO - [2023-11-13T08:15:46.276+0000] {dag.py:3722} INFO - Setting next_dagrun for example_params_ui_tutorial to None, run_after=None
[2023-11-13T08:15:46.303+0000] {processor.py:179} INFO - Processing /home/airflow/.local/lib/python3.8/site-packages/airflow/example_dags/example_params_ui_tutorial.py took 0.107 seconds
[2023-11-13T08:16:18.410+0000] {processor.py:157} INFO - Started process (PID=2260) to work on /home/airflow/.local/lib/python3.8/site-packages/airflow/example_dags/example_params_ui_tutorial.py
[2023-11-13T08:16:18.436+0000] {processor.py:829} INFO - Processing file /home/airflow/.local/lib/python3.8/site-packages/airflow/example_dags/example_params_ui_tutorial.py for tasks to queue
[2023-11-13T08:16:18.437+0000] {logging_mixin.py:154} INFO - [2023-11-13T08:16:18.437+0000] {dagbag.py:536} INFO - Filling up the DagBag from /home/airflow/.local/lib/python3.8/site-packages/airflow/example_dags/example_params_ui_tutorial.py
[2023-11-13T08:16:18.464+0000] {processor.py:839} INFO - DAG(s) dict_keys(['example_params_ui_tutorial']) retrieved from /home/airflow/.local/lib/python3.8/site-packages/airflow/example_dags/example_params_ui_tutorial.py
[2023-11-13T08:16:18.505+0000] {logging_mixin.py:154} INFO - [2023-11-13T08:16:18.504+0000] {dag.py:2941} INFO - Sync 1 DAGs
[2023-11-13T08:16:18.513+0000] {logging_mixin.py:154} INFO - [2023-11-13T08:16:18.513+0000] {dag.py:3722} INFO - Setting next_dagrun for example_params_ui_tutorial to None, run_after=None
[2023-11-13T08:16:18.549+0000] {processor.py:179} INFO - Processing /home/airflow/.local/lib/python3.8/site-packages/airflow/example_dags/example_params_ui_tutorial.py took 0.141 seconds
[2023-11-13T08:16:50.006+0000] {processor.py:157} INFO - Started process (PID=2316) to work on /home/airflow/.local/lib/python3.8/site-packages/airflow/example_dags/example_params_ui_tutorial.py
[2023-11-13T08:16:50.007+0000] {processor.py:829} INFO - Processing file /home/airflow/.local/lib/python3.8/site-packages/airflow/example_dags/example_params_ui_tutorial.py for tasks to queue
[2023-11-13T08:16:50.008+0000] {logging_mixin.py:154} INFO - [2023-11-13T08:16:50.008+0000] {dagbag.py:536} INFO - Filling up the DagBag from /home/airflow/.local/lib/python3.8/site-packages/airflow/example_dags/example_params_ui_tutorial.py
[2023-11-13T08:16:50.035+0000] {processor.py:839} INFO - DAG(s) dict_keys(['example_params_ui_tutorial']) retrieved from /home/airflow/.local/lib/python3.8/site-packages/airflow/example_dags/example_params_ui_tutorial.py
[2023-11-13T08:16:50.076+0000] {logging_mixin.py:154} INFO - [2023-11-13T08:16:50.076+0000] {dag.py:2941} INFO - Sync 1 DAGs
[2023-11-13T08:16:50.085+0000] {logging_mixin.py:154} INFO - [2023-11-13T08:16:50.085+0000] {dag.py:3722} INFO - Setting next_dagrun for example_params_ui_tutorial to None, run_after=None
[2023-11-13T08:16:50.111+0000] {processor.py:179} INFO - Processing /home/airflow/.local/lib/python3.8/site-packages/airflow/example_dags/example_params_ui_tutorial.py took 0.107 seconds
[2023-11-13T08:17:20.676+0000] {processor.py:157} INFO - Started process (PID=2370) to work on /home/airflow/.local/lib/python3.8/site-packages/airflow/example_dags/example_params_ui_tutorial.py
[2023-11-13T08:17:20.685+0000] {processor.py:829} INFO - Processing file /home/airflow/.local/lib/python3.8/site-packages/airflow/example_dags/example_params_ui_tutorial.py for tasks to queue
[2023-11-13T08:17:20.686+0000] {logging_mixin.py:154} INFO - [2023-11-13T08:17:20.686+0000] {dagbag.py:536} INFO - Filling up the DagBag from /home/airflow/.local/lib/python3.8/site-packages/airflow/example_dags/example_params_ui_tutorial.py
[2023-11-13T08:17:20.712+0000] {processor.py:839} INFO - DAG(s) dict_keys(['example_params_ui_tutorial']) retrieved from /home/airflow/.local/lib/python3.8/site-packages/airflow/example_dags/example_params_ui_tutorial.py
[2023-11-13T08:17:20.754+0000] {logging_mixin.py:154} INFO - [2023-11-13T08:17:20.754+0000] {dag.py:2941} INFO - Sync 1 DAGs
[2023-11-13T08:17:20.762+0000] {logging_mixin.py:154} INFO - [2023-11-13T08:17:20.762+0000] {dag.py:3722} INFO - Setting next_dagrun for example_params_ui_tutorial to None, run_after=None
[2023-11-13T08:17:20.784+0000] {processor.py:179} INFO - Processing /home/airflow/.local/lib/python3.8/site-packages/airflow/example_dags/example_params_ui_tutorial.py took 0.110 seconds
[2023-11-13T08:17:51.891+0000] {processor.py:157} INFO - Started process (PID=2424) to work on /home/airflow/.local/lib/python3.8/site-packages/airflow/example_dags/example_params_ui_tutorial.py
[2023-11-13T08:17:51.893+0000] {processor.py:829} INFO - Processing file /home/airflow/.local/lib/python3.8/site-packages/airflow/example_dags/example_params_ui_tutorial.py for tasks to queue
[2023-11-13T08:17:51.897+0000] {logging_mixin.py:154} INFO - [2023-11-13T08:17:51.896+0000] {dagbag.py:536} INFO - Filling up the DagBag from /home/airflow/.local/lib/python3.8/site-packages/airflow/example_dags/example_params_ui_tutorial.py
[2023-11-13T08:17:51.938+0000] {processor.py:839} INFO - DAG(s) dict_keys(['example_params_ui_tutorial']) retrieved from /home/airflow/.local/lib/python3.8/site-packages/airflow/example_dags/example_params_ui_tutorial.py
[2023-11-13T08:17:51.978+0000] {logging_mixin.py:154} INFO - [2023-11-13T08:17:51.978+0000] {dag.py:2941} INFO - Sync 1 DAGs
[2023-11-13T08:17:51.986+0000] {logging_mixin.py:154} INFO - [2023-11-13T08:17:51.986+0000] {dag.py:3722} INFO - Setting next_dagrun for example_params_ui_tutorial to None, run_after=None
[2023-11-13T08:17:52.015+0000] {processor.py:179} INFO - Processing /home/airflow/.local/lib/python3.8/site-packages/airflow/example_dags/example_params_ui_tutorial.py took 0.130 seconds
[2023-11-13T08:18:23.112+0000] {processor.py:157} INFO - Started process (PID=2478) to work on /home/airflow/.local/lib/python3.8/site-packages/airflow/example_dags/example_params_ui_tutorial.py
[2023-11-13T08:18:23.116+0000] {processor.py:829} INFO - Processing file /home/airflow/.local/lib/python3.8/site-packages/airflow/example_dags/example_params_ui_tutorial.py for tasks to queue
[2023-11-13T08:18:23.118+0000] {logging_mixin.py:154} INFO - [2023-11-13T08:18:23.118+0000] {dagbag.py:536} INFO - Filling up the DagBag from /home/airflow/.local/lib/python3.8/site-packages/airflow/example_dags/example_params_ui_tutorial.py
[2023-11-13T08:18:23.175+0000] {processor.py:839} INFO - DAG(s) dict_keys(['example_params_ui_tutorial']) retrieved from /home/airflow/.local/lib/python3.8/site-packages/airflow/example_dags/example_params_ui_tutorial.py
[2023-11-13T08:18:23.245+0000] {logging_mixin.py:154} INFO - [2023-11-13T08:18:23.244+0000] {dag.py:2941} INFO - Sync 1 DAGs
[2023-11-13T08:18:23.255+0000] {logging_mixin.py:154} INFO - [2023-11-13T08:18:23.255+0000] {dag.py:3722} INFO - Setting next_dagrun for example_params_ui_tutorial to None, run_after=None
[2023-11-13T08:18:23.283+0000] {processor.py:179} INFO - Processing /home/airflow/.local/lib/python3.8/site-packages/airflow/example_dags/example_params_ui_tutorial.py took 0.175 seconds
[2023-11-13T08:18:55.226+0000] {processor.py:157} INFO - Started process (PID=2532) to work on /home/airflow/.local/lib/python3.8/site-packages/airflow/example_dags/example_params_ui_tutorial.py
[2023-11-13T08:18:55.227+0000] {processor.py:829} INFO - Processing file /home/airflow/.local/lib/python3.8/site-packages/airflow/example_dags/example_params_ui_tutorial.py for tasks to queue
[2023-11-13T08:18:55.229+0000] {logging_mixin.py:154} INFO - [2023-11-13T08:18:55.228+0000] {dagbag.py:536} INFO - Filling up the DagBag from /home/airflow/.local/lib/python3.8/site-packages/airflow/example_dags/example_params_ui_tutorial.py
[2023-11-13T08:18:55.255+0000] {processor.py:839} INFO - DAG(s) dict_keys(['example_params_ui_tutorial']) retrieved from /home/airflow/.local/lib/python3.8/site-packages/airflow/example_dags/example_params_ui_tutorial.py
[2023-11-13T08:18:55.296+0000] {logging_mixin.py:154} INFO - [2023-11-13T08:18:55.296+0000] {dag.py:2941} INFO - Sync 1 DAGs
[2023-11-13T08:18:55.305+0000] {logging_mixin.py:154} INFO - [2023-11-13T08:18:55.304+0000] {dag.py:3722} INFO - Setting next_dagrun for example_params_ui_tutorial to None, run_after=None
[2023-11-13T08:18:55.338+0000] {processor.py:179} INFO - Processing /home/airflow/.local/lib/python3.8/site-packages/airflow/example_dags/example_params_ui_tutorial.py took 0.114 seconds
[2023-11-13T08:19:25.434+0000] {processor.py:157} INFO - Started process (PID=2586) to work on /home/airflow/.local/lib/python3.8/site-packages/airflow/example_dags/example_params_ui_tutorial.py
[2023-11-13T08:19:25.448+0000] {processor.py:829} INFO - Processing file /home/airflow/.local/lib/python3.8/site-packages/airflow/example_dags/example_params_ui_tutorial.py for tasks to queue
[2023-11-13T08:19:25.450+0000] {logging_mixin.py:154} INFO - [2023-11-13T08:19:25.450+0000] {dagbag.py:536} INFO - Filling up the DagBag from /home/airflow/.local/lib/python3.8/site-packages/airflow/example_dags/example_params_ui_tutorial.py
[2023-11-13T08:19:25.478+0000] {processor.py:839} INFO - DAG(s) dict_keys(['example_params_ui_tutorial']) retrieved from /home/airflow/.local/lib/python3.8/site-packages/airflow/example_dags/example_params_ui_tutorial.py
[2023-11-13T08:19:25.522+0000] {logging_mixin.py:154} INFO - [2023-11-13T08:19:25.521+0000] {dag.py:2941} INFO - Sync 1 DAGs
[2023-11-13T08:19:25.530+0000] {logging_mixin.py:154} INFO - [2023-11-13T08:19:25.530+0000] {dag.py:3722} INFO - Setting next_dagrun for example_params_ui_tutorial to None, run_after=None
[2023-11-13T08:19:25.567+0000] {processor.py:179} INFO - Processing /home/airflow/.local/lib/python3.8/site-packages/airflow/example_dags/example_params_ui_tutorial.py took 0.136 seconds
[2023-11-13T08:19:57.147+0000] {processor.py:157} INFO - Started process (PID=2642) to work on /home/airflow/.local/lib/python3.8/site-packages/airflow/example_dags/example_params_ui_tutorial.py
[2023-11-13T08:19:57.147+0000] {processor.py:829} INFO - Processing file /home/airflow/.local/lib/python3.8/site-packages/airflow/example_dags/example_params_ui_tutorial.py for tasks to queue
[2023-11-13T08:19:57.149+0000] {logging_mixin.py:154} INFO - [2023-11-13T08:19:57.149+0000] {dagbag.py:536} INFO - Filling up the DagBag from /home/airflow/.local/lib/python3.8/site-packages/airflow/example_dags/example_params_ui_tutorial.py
[2023-11-13T08:19:57.176+0000] {processor.py:839} INFO - DAG(s) dict_keys(['example_params_ui_tutorial']) retrieved from /home/airflow/.local/lib/python3.8/site-packages/airflow/example_dags/example_params_ui_tutorial.py
[2023-11-13T08:19:57.218+0000] {logging_mixin.py:154} INFO - [2023-11-13T08:19:57.218+0000] {dag.py:2941} INFO - Sync 1 DAGs
[2023-11-13T08:19:57.227+0000] {logging_mixin.py:154} INFO - [2023-11-13T08:19:57.227+0000] {dag.py:3722} INFO - Setting next_dagrun for example_params_ui_tutorial to None, run_after=None
[2023-11-13T08:19:57.256+0000] {processor.py:179} INFO - Processing /home/airflow/.local/lib/python3.8/site-packages/airflow/example_dags/example_params_ui_tutorial.py took 0.112 seconds
[2023-11-13T08:20:27.433+0000] {processor.py:157} INFO - Started process (PID=2695) to work on /home/airflow/.local/lib/python3.8/site-packages/airflow/example_dags/example_params_ui_tutorial.py
[2023-11-13T08:20:27.440+0000] {processor.py:829} INFO - Processing file /home/airflow/.local/lib/python3.8/site-packages/airflow/example_dags/example_params_ui_tutorial.py for tasks to queue
[2023-11-13T08:20:27.442+0000] {logging_mixin.py:154} INFO - [2023-11-13T08:20:27.442+0000] {dagbag.py:536} INFO - Filling up the DagBag from /home/airflow/.local/lib/python3.8/site-packages/airflow/example_dags/example_params_ui_tutorial.py
[2023-11-13T08:20:27.469+0000] {processor.py:839} INFO - DAG(s) dict_keys(['example_params_ui_tutorial']) retrieved from /home/airflow/.local/lib/python3.8/site-packages/airflow/example_dags/example_params_ui_tutorial.py
[2023-11-13T08:20:27.509+0000] {logging_mixin.py:154} INFO - [2023-11-13T08:20:27.509+0000] {dag.py:2941} INFO - Sync 1 DAGs
[2023-11-13T08:20:27.518+0000] {logging_mixin.py:154} INFO - [2023-11-13T08:20:27.518+0000] {dag.py:3722} INFO - Setting next_dagrun for example_params_ui_tutorial to None, run_after=None
[2023-11-13T08:20:27.553+0000] {processor.py:179} INFO - Processing /home/airflow/.local/lib/python3.8/site-packages/airflow/example_dags/example_params_ui_tutorial.py took 0.122 seconds
[2023-11-13T08:20:59.239+0000] {processor.py:157} INFO - Started process (PID=2748) to work on /home/airflow/.local/lib/python3.8/site-packages/airflow/example_dags/example_params_ui_tutorial.py
[2023-11-13T08:20:59.240+0000] {processor.py:829} INFO - Processing file /home/airflow/.local/lib/python3.8/site-packages/airflow/example_dags/example_params_ui_tutorial.py for tasks to queue
[2023-11-13T08:20:59.241+0000] {logging_mixin.py:154} INFO - [2023-11-13T08:20:59.241+0000] {dagbag.py:536} INFO - Filling up the DagBag from /home/airflow/.local/lib/python3.8/site-packages/airflow/example_dags/example_params_ui_tutorial.py
[2023-11-13T08:20:59.267+0000] {processor.py:839} INFO - DAG(s) dict_keys(['example_params_ui_tutorial']) retrieved from /home/airflow/.local/lib/python3.8/site-packages/airflow/example_dags/example_params_ui_tutorial.py
[2023-11-13T08:20:59.307+0000] {logging_mixin.py:154} INFO - [2023-11-13T08:20:59.307+0000] {dag.py:2941} INFO - Sync 1 DAGs
[2023-11-13T08:20:59.316+0000] {logging_mixin.py:154} INFO - [2023-11-13T08:20:59.316+0000] {dag.py:3722} INFO - Setting next_dagrun for example_params_ui_tutorial to None, run_after=None
[2023-11-13T08:20:59.349+0000] {processor.py:179} INFO - Processing /home/airflow/.local/lib/python3.8/site-packages/airflow/example_dags/example_params_ui_tutorial.py took 0.113 seconds
[2023-11-13T08:21:30.486+0000] {processor.py:157} INFO - Started process (PID=2802) to work on /home/airflow/.local/lib/python3.8/site-packages/airflow/example_dags/example_params_ui_tutorial.py
[2023-11-13T08:21:30.491+0000] {processor.py:829} INFO - Processing file /home/airflow/.local/lib/python3.8/site-packages/airflow/example_dags/example_params_ui_tutorial.py for tasks to queue
[2023-11-13T08:21:30.493+0000] {logging_mixin.py:154} INFO - [2023-11-13T08:21:30.492+0000] {dagbag.py:536} INFO - Filling up the DagBag from /home/airflow/.local/lib/python3.8/site-packages/airflow/example_dags/example_params_ui_tutorial.py
[2023-11-13T08:21:30.520+0000] {processor.py:839} INFO - DAG(s) dict_keys(['example_params_ui_tutorial']) retrieved from /home/airflow/.local/lib/python3.8/site-packages/airflow/example_dags/example_params_ui_tutorial.py
[2023-11-13T08:21:30.561+0000] {logging_mixin.py:154} INFO - [2023-11-13T08:21:30.561+0000] {dag.py:2941} INFO - Sync 1 DAGs
[2023-11-13T08:21:30.572+0000] {logging_mixin.py:154} INFO - [2023-11-13T08:21:30.571+0000] {dag.py:3722} INFO - Setting next_dagrun for example_params_ui_tutorial to None, run_after=None
[2023-11-13T08:21:30.607+0000] {processor.py:179} INFO - Processing /home/airflow/.local/lib/python3.8/site-packages/airflow/example_dags/example_params_ui_tutorial.py took 0.124 seconds
[2023-11-13T08:22:04.275+0000] {processor.py:157} INFO - Started process (PID=2856) to work on /home/airflow/.local/lib/python3.8/site-packages/airflow/example_dags/example_params_ui_tutorial.py
[2023-11-13T08:22:04.442+0000] {processor.py:829} INFO - Processing file /home/airflow/.local/lib/python3.8/site-packages/airflow/example_dags/example_params_ui_tutorial.py for tasks to queue
[2023-11-13T08:22:04.449+0000] {logging_mixin.py:154} INFO - [2023-11-13T08:22:04.448+0000] {dagbag.py:536} INFO - Filling up the DagBag from /home/airflow/.local/lib/python3.8/site-packages/airflow/example_dags/example_params_ui_tutorial.py
[2023-11-13T08:22:04.508+0000] {processor.py:839} INFO - DAG(s) dict_keys(['example_params_ui_tutorial']) retrieved from /home/airflow/.local/lib/python3.8/site-packages/airflow/example_dags/example_params_ui_tutorial.py
[2023-11-13T08:22:04.547+0000] {logging_mixin.py:154} INFO - [2023-11-13T08:22:04.547+0000] {dag.py:2941} INFO - Sync 1 DAGs
[2023-11-13T08:22:04.555+0000] {logging_mixin.py:154} INFO - [2023-11-13T08:22:04.555+0000] {dag.py:3722} INFO - Setting next_dagrun for example_params_ui_tutorial to None, run_after=None
[2023-11-13T08:22:04.778+0000] {processor.py:179} INFO - Processing /home/airflow/.local/lib/python3.8/site-packages/airflow/example_dags/example_params_ui_tutorial.py took 0.506 seconds
[2023-11-13T08:22:36.772+0000] {processor.py:157} INFO - Started process (PID=2910) to work on /home/airflow/.local/lib/python3.8/site-packages/airflow/example_dags/example_params_ui_tutorial.py
[2023-11-13T08:22:36.833+0000] {processor.py:829} INFO - Processing file /home/airflow/.local/lib/python3.8/site-packages/airflow/example_dags/example_params_ui_tutorial.py for tasks to queue
[2023-11-13T08:22:36.839+0000] {logging_mixin.py:154} INFO - [2023-11-13T08:22:36.839+0000] {dagbag.py:536} INFO - Filling up the DagBag from /home/airflow/.local/lib/python3.8/site-packages/airflow/example_dags/example_params_ui_tutorial.py
[2023-11-13T08:22:36.866+0000] {processor.py:839} INFO - DAG(s) dict_keys(['example_params_ui_tutorial']) retrieved from /home/airflow/.local/lib/python3.8/site-packages/airflow/example_dags/example_params_ui_tutorial.py
[2023-11-13T08:22:36.905+0000] {logging_mixin.py:154} INFO - [2023-11-13T08:22:36.905+0000] {dag.py:2941} INFO - Sync 1 DAGs
[2023-11-13T08:22:36.914+0000] {logging_mixin.py:154} INFO - [2023-11-13T08:22:36.914+0000] {dag.py:3722} INFO - Setting next_dagrun for example_params_ui_tutorial to None, run_after=None
[2023-11-13T08:22:36.977+0000] {processor.py:179} INFO - Processing /home/airflow/.local/lib/python3.8/site-packages/airflow/example_dags/example_params_ui_tutorial.py took 0.215 seconds
[2023-11-13T08:23:08.673+0000] {processor.py:157} INFO - Started process (PID=2965) to work on /home/airflow/.local/lib/python3.8/site-packages/airflow/example_dags/example_params_ui_tutorial.py
[2023-11-13T08:23:08.674+0000] {processor.py:829} INFO - Processing file /home/airflow/.local/lib/python3.8/site-packages/airflow/example_dags/example_params_ui_tutorial.py for tasks to queue
[2023-11-13T08:23:08.675+0000] {logging_mixin.py:154} INFO - [2023-11-13T08:23:08.675+0000] {dagbag.py:536} INFO - Filling up the DagBag from /home/airflow/.local/lib/python3.8/site-packages/airflow/example_dags/example_params_ui_tutorial.py
[2023-11-13T08:23:08.701+0000] {processor.py:839} INFO - DAG(s) dict_keys(['example_params_ui_tutorial']) retrieved from /home/airflow/.local/lib/python3.8/site-packages/airflow/example_dags/example_params_ui_tutorial.py
[2023-11-13T08:23:08.742+0000] {logging_mixin.py:154} INFO - [2023-11-13T08:23:08.742+0000] {dag.py:2941} INFO - Sync 1 DAGs
[2023-11-13T08:23:08.751+0000] {logging_mixin.py:154} INFO - [2023-11-13T08:23:08.751+0000] {dag.py:3722} INFO - Setting next_dagrun for example_params_ui_tutorial to None, run_after=None
[2023-11-13T08:23:08.778+0000] {processor.py:179} INFO - Processing /home/airflow/.local/lib/python3.8/site-packages/airflow/example_dags/example_params_ui_tutorial.py took 0.108 seconds
[2023-11-13T08:23:38.833+0000] {processor.py:157} INFO - Started process (PID=3019) to work on /home/airflow/.local/lib/python3.8/site-packages/airflow/example_dags/example_params_ui_tutorial.py
[2023-11-13T08:23:38.846+0000] {processor.py:829} INFO - Processing file /home/airflow/.local/lib/python3.8/site-packages/airflow/example_dags/example_params_ui_tutorial.py for tasks to queue
[2023-11-13T08:23:38.848+0000] {logging_mixin.py:154} INFO - [2023-11-13T08:23:38.848+0000] {dagbag.py:536} INFO - Filling up the DagBag from /home/airflow/.local/lib/python3.8/site-packages/airflow/example_dags/example_params_ui_tutorial.py
[2023-11-13T08:23:38.875+0000] {processor.py:839} INFO - DAG(s) dict_keys(['example_params_ui_tutorial']) retrieved from /home/airflow/.local/lib/python3.8/site-packages/airflow/example_dags/example_params_ui_tutorial.py
[2023-11-13T08:23:38.916+0000] {logging_mixin.py:154} INFO - [2023-11-13T08:23:38.916+0000] {dag.py:2941} INFO - Sync 1 DAGs
[2023-11-13T08:23:38.925+0000] {logging_mixin.py:154} INFO - [2023-11-13T08:23:38.925+0000] {dag.py:3722} INFO - Setting next_dagrun for example_params_ui_tutorial to None, run_after=None
[2023-11-13T08:23:38.970+0000] {processor.py:179} INFO - Processing /home/airflow/.local/lib/python3.8/site-packages/airflow/example_dags/example_params_ui_tutorial.py took 0.139 seconds
[2023-11-13T08:24:11.092+0000] {processor.py:157} INFO - Started process (PID=3073) to work on /home/airflow/.local/lib/python3.8/site-packages/airflow/example_dags/example_params_ui_tutorial.py
[2023-11-13T08:24:11.093+0000] {processor.py:829} INFO - Processing file /home/airflow/.local/lib/python3.8/site-packages/airflow/example_dags/example_params_ui_tutorial.py for tasks to queue
[2023-11-13T08:24:11.094+0000] {logging_mixin.py:154} INFO - [2023-11-13T08:24:11.094+0000] {dagbag.py:536} INFO - Filling up the DagBag from /home/airflow/.local/lib/python3.8/site-packages/airflow/example_dags/example_params_ui_tutorial.py
[2023-11-13T08:24:11.121+0000] {processor.py:839} INFO - DAG(s) dict_keys(['example_params_ui_tutorial']) retrieved from /home/airflow/.local/lib/python3.8/site-packages/airflow/example_dags/example_params_ui_tutorial.py
[2023-11-13T08:24:11.163+0000] {logging_mixin.py:154} INFO - [2023-11-13T08:24:11.162+0000] {dag.py:2941} INFO - Sync 1 DAGs
[2023-11-13T08:24:11.171+0000] {logging_mixin.py:154} INFO - [2023-11-13T08:24:11.171+0000] {dag.py:3722} INFO - Setting next_dagrun for example_params_ui_tutorial to None, run_after=None
[2023-11-13T08:24:11.201+0000] {processor.py:179} INFO - Processing /home/airflow/.local/lib/python3.8/site-packages/airflow/example_dags/example_params_ui_tutorial.py took 0.112 seconds
[2023-11-13T08:24:41.887+0000] {processor.py:157} INFO - Started process (PID=3127) to work on /home/airflow/.local/lib/python3.8/site-packages/airflow/example_dags/example_params_ui_tutorial.py
[2023-11-13T08:24:41.902+0000] {processor.py:829} INFO - Processing file /home/airflow/.local/lib/python3.8/site-packages/airflow/example_dags/example_params_ui_tutorial.py for tasks to queue
[2023-11-13T08:24:41.904+0000] {logging_mixin.py:154} INFO - [2023-11-13T08:24:41.903+0000] {dagbag.py:536} INFO - Filling up the DagBag from /home/airflow/.local/lib/python3.8/site-packages/airflow/example_dags/example_params_ui_tutorial.py
[2023-11-13T08:24:41.929+0000] {processor.py:839} INFO - DAG(s) dict_keys(['example_params_ui_tutorial']) retrieved from /home/airflow/.local/lib/python3.8/site-packages/airflow/example_dags/example_params_ui_tutorial.py
[2023-11-13T08:24:41.969+0000] {logging_mixin.py:154} INFO - [2023-11-13T08:24:41.969+0000] {dag.py:2941} INFO - Sync 1 DAGs
[2023-11-13T08:24:41.978+0000] {logging_mixin.py:154} INFO - [2023-11-13T08:24:41.977+0000] {dag.py:3722} INFO - Setting next_dagrun for example_params_ui_tutorial to None, run_after=None
[2023-11-13T08:24:42.001+0000] {processor.py:179} INFO - Processing /home/airflow/.local/lib/python3.8/site-packages/airflow/example_dags/example_params_ui_tutorial.py took 0.117 seconds
[2023-11-13T08:25:12.978+0000] {processor.py:157} INFO - Started process (PID=3181) to work on /home/airflow/.local/lib/python3.8/site-packages/airflow/example_dags/example_params_ui_tutorial.py
[2023-11-13T08:25:12.979+0000] {processor.py:829} INFO - Processing file /home/airflow/.local/lib/python3.8/site-packages/airflow/example_dags/example_params_ui_tutorial.py for tasks to queue
[2023-11-13T08:25:12.982+0000] {logging_mixin.py:154} INFO - [2023-11-13T08:25:12.982+0000] {dagbag.py:536} INFO - Filling up the DagBag from /home/airflow/.local/lib/python3.8/site-packages/airflow/example_dags/example_params_ui_tutorial.py
[2023-11-13T08:25:13.019+0000] {processor.py:839} INFO - DAG(s) dict_keys(['example_params_ui_tutorial']) retrieved from /home/airflow/.local/lib/python3.8/site-packages/airflow/example_dags/example_params_ui_tutorial.py
[2023-11-13T08:25:13.061+0000] {logging_mixin.py:154} INFO - [2023-11-13T08:25:13.061+0000] {dag.py:2941} INFO - Sync 1 DAGs
[2023-11-13T08:25:13.069+0000] {logging_mixin.py:154} INFO - [2023-11-13T08:25:13.069+0000] {dag.py:3722} INFO - Setting next_dagrun for example_params_ui_tutorial to None, run_after=None
[2023-11-13T08:25:13.686+0000] {processor.py:179} INFO - Processing /home/airflow/.local/lib/python3.8/site-packages/airflow/example_dags/example_params_ui_tutorial.py took 0.713 seconds
[2023-11-13T08:25:44.498+0000] {processor.py:157} INFO - Started process (PID=3235) to work on /home/airflow/.local/lib/python3.8/site-packages/airflow/example_dags/example_params_ui_tutorial.py
[2023-11-13T08:25:44.845+0000] {processor.py:829} INFO - Processing file /home/airflow/.local/lib/python3.8/site-packages/airflow/example_dags/example_params_ui_tutorial.py for tasks to queue
[2023-11-13T08:25:44.850+0000] {logging_mixin.py:154} INFO - [2023-11-13T08:25:44.850+0000] {dagbag.py:536} INFO - Filling up the DagBag from /home/airflow/.local/lib/python3.8/site-packages/airflow/example_dags/example_params_ui_tutorial.py
[2023-11-13T08:25:44.877+0000] {processor.py:839} INFO - DAG(s) dict_keys(['example_params_ui_tutorial']) retrieved from /home/airflow/.local/lib/python3.8/site-packages/airflow/example_dags/example_params_ui_tutorial.py
[2023-11-13T08:25:44.918+0000] {logging_mixin.py:154} INFO - [2023-11-13T08:25:44.918+0000] {dag.py:2941} INFO - Sync 1 DAGs
[2023-11-13T08:25:44.927+0000] {logging_mixin.py:154} INFO - [2023-11-13T08:25:44.927+0000] {dag.py:3722} INFO - Setting next_dagrun for example_params_ui_tutorial to None, run_after=None
[2023-11-13T08:25:45.380+0000] {processor.py:179} INFO - Processing /home/airflow/.local/lib/python3.8/site-packages/airflow/example_dags/example_params_ui_tutorial.py took 0.884 seconds
[2023-11-13T08:26:15.417+0000] {processor.py:157} INFO - Started process (PID=3289) to work on /home/airflow/.local/lib/python3.8/site-packages/airflow/example_dags/example_params_ui_tutorial.py
[2023-11-13T08:26:15.432+0000] {processor.py:829} INFO - Processing file /home/airflow/.local/lib/python3.8/site-packages/airflow/example_dags/example_params_ui_tutorial.py for tasks to queue
[2023-11-13T08:26:15.442+0000] {logging_mixin.py:154} INFO - [2023-11-13T08:26:15.441+0000] {dagbag.py:536} INFO - Filling up the DagBag from /home/airflow/.local/lib/python3.8/site-packages/airflow/example_dags/example_params_ui_tutorial.py
[2023-11-13T08:26:15.492+0000] {processor.py:839} INFO - DAG(s) dict_keys(['example_params_ui_tutorial']) retrieved from /home/airflow/.local/lib/python3.8/site-packages/airflow/example_dags/example_params_ui_tutorial.py
[2023-11-13T08:26:15.540+0000] {logging_mixin.py:154} INFO - [2023-11-13T08:26:15.540+0000] {dag.py:2941} INFO - Sync 1 DAGs
[2023-11-13T08:26:15.548+0000] {logging_mixin.py:154} INFO - [2023-11-13T08:26:15.548+0000] {dag.py:3722} INFO - Setting next_dagrun for example_params_ui_tutorial to None, run_after=None
[2023-11-13T08:26:15.577+0000] {processor.py:179} INFO - Processing /home/airflow/.local/lib/python3.8/site-packages/airflow/example_dags/example_params_ui_tutorial.py took 0.163 seconds
[2023-11-13T08:26:46.841+0000] {processor.py:157} INFO - Started process (PID=3343) to work on /home/airflow/.local/lib/python3.8/site-packages/airflow/example_dags/example_params_ui_tutorial.py
[2023-11-13T08:26:46.842+0000] {processor.py:829} INFO - Processing file /home/airflow/.local/lib/python3.8/site-packages/airflow/example_dags/example_params_ui_tutorial.py for tasks to queue
[2023-11-13T08:26:46.843+0000] {logging_mixin.py:154} INFO - [2023-11-13T08:26:46.843+0000] {dagbag.py:536} INFO - Filling up the DagBag from /home/airflow/.local/lib/python3.8/site-packages/airflow/example_dags/example_params_ui_tutorial.py
[2023-11-13T08:26:46.869+0000] {processor.py:839} INFO - DAG(s) dict_keys(['example_params_ui_tutorial']) retrieved from /home/airflow/.local/lib/python3.8/site-packages/airflow/example_dags/example_params_ui_tutorial.py
[2023-11-13T08:26:46.909+0000] {logging_mixin.py:154} INFO - [2023-11-13T08:26:46.909+0000] {dag.py:2941} INFO - Sync 1 DAGs
[2023-11-13T08:26:46.918+0000] {logging_mixin.py:154} INFO - [2023-11-13T08:26:46.918+0000] {dag.py:3722} INFO - Setting next_dagrun for example_params_ui_tutorial to None, run_after=None
[2023-11-13T08:26:46.949+0000] {processor.py:179} INFO - Processing /home/airflow/.local/lib/python3.8/site-packages/airflow/example_dags/example_params_ui_tutorial.py took 0.110 seconds
[2023-11-13T08:27:17.804+0000] {processor.py:157} INFO - Started process (PID=3397) to work on /home/airflow/.local/lib/python3.8/site-packages/airflow/example_dags/example_params_ui_tutorial.py
[2023-11-13T08:27:17.833+0000] {processor.py:829} INFO - Processing file /home/airflow/.local/lib/python3.8/site-packages/airflow/example_dags/example_params_ui_tutorial.py for tasks to queue
[2023-11-13T08:27:17.841+0000] {logging_mixin.py:154} INFO - [2023-11-13T08:27:17.839+0000] {dagbag.py:536} INFO - Filling up the DagBag from /home/airflow/.local/lib/python3.8/site-packages/airflow/example_dags/example_params_ui_tutorial.py
[2023-11-13T08:27:17.892+0000] {processor.py:839} INFO - DAG(s) dict_keys(['example_params_ui_tutorial']) retrieved from /home/airflow/.local/lib/python3.8/site-packages/airflow/example_dags/example_params_ui_tutorial.py
[2023-11-13T08:27:17.935+0000] {logging_mixin.py:154} INFO - [2023-11-13T08:27:17.934+0000] {dag.py:2941} INFO - Sync 1 DAGs
[2023-11-13T08:27:17.944+0000] {logging_mixin.py:154} INFO - [2023-11-13T08:27:17.944+0000] {dag.py:3722} INFO - Setting next_dagrun for example_params_ui_tutorial to None, run_after=None
[2023-11-13T08:27:18.502+0000] {processor.py:179} INFO - Processing /home/airflow/.local/lib/python3.8/site-packages/airflow/example_dags/example_params_ui_tutorial.py took 0.700 seconds
[2023-11-13T08:27:49.450+0000] {processor.py:157} INFO - Started process (PID=3451) to work on /home/airflow/.local/lib/python3.8/site-packages/airflow/example_dags/example_params_ui_tutorial.py
[2023-11-13T08:27:49.451+0000] {processor.py:829} INFO - Processing file /home/airflow/.local/lib/python3.8/site-packages/airflow/example_dags/example_params_ui_tutorial.py for tasks to queue
[2023-11-13T08:27:49.454+0000] {logging_mixin.py:154} INFO - [2023-11-13T08:27:49.453+0000] {dagbag.py:536} INFO - Filling up the DagBag from /home/airflow/.local/lib/python3.8/site-packages/airflow/example_dags/example_params_ui_tutorial.py
[2023-11-13T08:27:49.494+0000] {processor.py:839} INFO - DAG(s) dict_keys(['example_params_ui_tutorial']) retrieved from /home/airflow/.local/lib/python3.8/site-packages/airflow/example_dags/example_params_ui_tutorial.py
[2023-11-13T08:27:49.537+0000] {logging_mixin.py:154} INFO - [2023-11-13T08:27:49.536+0000] {dag.py:2941} INFO - Sync 1 DAGs
[2023-11-13T08:27:49.545+0000] {logging_mixin.py:154} INFO - [2023-11-13T08:27:49.545+0000] {dag.py:3722} INFO - Setting next_dagrun for example_params_ui_tutorial to None, run_after=None
[2023-11-13T08:27:50.099+0000] {processor.py:179} INFO - Processing /home/airflow/.local/lib/python3.8/site-packages/airflow/example_dags/example_params_ui_tutorial.py took 0.654 seconds
[2023-11-13T08:28:20.484+0000] {processor.py:157} INFO - Started process (PID=3505) to work on /home/airflow/.local/lib/python3.8/site-packages/airflow/example_dags/example_params_ui_tutorial.py
[2023-11-13T08:28:20.485+0000] {processor.py:829} INFO - Processing file /home/airflow/.local/lib/python3.8/site-packages/airflow/example_dags/example_params_ui_tutorial.py for tasks to queue
[2023-11-13T08:28:20.488+0000] {logging_mixin.py:154} INFO - [2023-11-13T08:28:20.487+0000] {dagbag.py:536} INFO - Filling up the DagBag from /home/airflow/.local/lib/python3.8/site-packages/airflow/example_dags/example_params_ui_tutorial.py
[2023-11-13T08:28:20.520+0000] {processor.py:839} INFO - DAG(s) dict_keys(['example_params_ui_tutorial']) retrieved from /home/airflow/.local/lib/python3.8/site-packages/airflow/example_dags/example_params_ui_tutorial.py
[2023-11-13T08:28:20.562+0000] {logging_mixin.py:154} INFO - [2023-11-13T08:28:20.562+0000] {dag.py:2941} INFO - Sync 1 DAGs
[2023-11-13T08:28:20.570+0000] {logging_mixin.py:154} INFO - [2023-11-13T08:28:20.570+0000] {dag.py:3722} INFO - Setting next_dagrun for example_params_ui_tutorial to None, run_after=None
[2023-11-13T08:28:20.731+0000] {processor.py:179} INFO - Processing /home/airflow/.local/lib/python3.8/site-packages/airflow/example_dags/example_params_ui_tutorial.py took 0.252 seconds
[2023-11-13T08:45:38.389+0000] {processor.py:157} INFO - Started process (PID=79) to work on /home/airflow/.local/lib/python3.8/site-packages/airflow/example_dags/example_params_ui_tutorial.py
[2023-11-13T08:45:38.403+0000] {processor.py:829} INFO - Processing file /home/airflow/.local/lib/python3.8/site-packages/airflow/example_dags/example_params_ui_tutorial.py for tasks to queue
[2023-11-13T08:45:38.404+0000] {logging_mixin.py:154} INFO - [2023-11-13T08:45:38.404+0000] {dagbag.py:536} INFO - Filling up the DagBag from /home/airflow/.local/lib/python3.8/site-packages/airflow/example_dags/example_params_ui_tutorial.py
[2023-11-13T08:45:38.432+0000] {processor.py:839} INFO - DAG(s) dict_keys(['example_params_ui_tutorial']) retrieved from /home/airflow/.local/lib/python3.8/site-packages/airflow/example_dags/example_params_ui_tutorial.py
[2023-11-13T08:45:38.583+0000] {logging_mixin.py:154} INFO - [2023-11-13T08:45:38.583+0000] {manager.py:499} INFO - Created Permission View: %s
[2023-11-13T08:45:38.618+0000] {logging_mixin.py:154} INFO - [2023-11-13T08:45:38.617+0000] {manager.py:499} INFO - Created Permission View: %s
[2023-11-13T08:45:38.646+0000] {logging_mixin.py:154} INFO - [2023-11-13T08:45:38.646+0000] {manager.py:499} INFO - Created Permission View: %s
[2023-11-13T08:45:38.646+0000] {logging_mixin.py:154} INFO - [2023-11-13T08:45:38.646+0000] {dag.py:2941} INFO - Sync 1 DAGs
[2023-11-13T08:45:38.657+0000] {logging_mixin.py:154} INFO - [2023-11-13T08:45:38.657+0000] {dag.py:2963} INFO - Creating ORM DAG for example_params_ui_tutorial
[2023-11-13T08:45:38.658+0000] {logging_mixin.py:154} INFO - [2023-11-13T08:45:38.658+0000] {dag.py:3722} INFO - Setting next_dagrun for example_params_ui_tutorial to None, run_after=None
[2023-11-13T08:45:38.704+0000] {processor.py:179} INFO - Processing /home/airflow/.local/lib/python3.8/site-packages/airflow/example_dags/example_params_ui_tutorial.py took 0.317 seconds
[2023-11-13T08:46:09.017+0000] {processor.py:157} INFO - Started process (PID=133) to work on /home/airflow/.local/lib/python3.8/site-packages/airflow/example_dags/example_params_ui_tutorial.py
[2023-11-13T08:46:09.018+0000] {processor.py:829} INFO - Processing file /home/airflow/.local/lib/python3.8/site-packages/airflow/example_dags/example_params_ui_tutorial.py for tasks to queue
[2023-11-13T08:46:09.019+0000] {logging_mixin.py:154} INFO - [2023-11-13T08:46:09.019+0000] {dagbag.py:536} INFO - Filling up the DagBag from /home/airflow/.local/lib/python3.8/site-packages/airflow/example_dags/example_params_ui_tutorial.py
[2023-11-13T08:46:09.047+0000] {processor.py:839} INFO - DAG(s) dict_keys(['example_params_ui_tutorial']) retrieved from /home/airflow/.local/lib/python3.8/site-packages/airflow/example_dags/example_params_ui_tutorial.py
[2023-11-13T08:46:09.092+0000] {logging_mixin.py:154} INFO - [2023-11-13T08:46:09.092+0000] {dag.py:2941} INFO - Sync 1 DAGs
[2023-11-13T08:46:09.102+0000] {logging_mixin.py:154} INFO - [2023-11-13T08:46:09.102+0000] {dag.py:3722} INFO - Setting next_dagrun for example_params_ui_tutorial to None, run_after=None
[2023-11-13T08:46:09.129+0000] {processor.py:179} INFO - Processing /home/airflow/.local/lib/python3.8/site-packages/airflow/example_dags/example_params_ui_tutorial.py took 0.114 seconds
[2023-11-13T08:46:39.835+0000] {processor.py:157} INFO - Started process (PID=187) to work on /home/airflow/.local/lib/python3.8/site-packages/airflow/example_dags/example_params_ui_tutorial.py
[2023-11-13T08:46:39.869+0000] {processor.py:829} INFO - Processing file /home/airflow/.local/lib/python3.8/site-packages/airflow/example_dags/example_params_ui_tutorial.py for tasks to queue
[2023-11-13T08:46:39.873+0000] {logging_mixin.py:154} INFO - [2023-11-13T08:46:39.872+0000] {dagbag.py:536} INFO - Filling up the DagBag from /home/airflow/.local/lib/python3.8/site-packages/airflow/example_dags/example_params_ui_tutorial.py
[2023-11-13T08:46:39.924+0000] {processor.py:839} INFO - DAG(s) dict_keys(['example_params_ui_tutorial']) retrieved from /home/airflow/.local/lib/python3.8/site-packages/airflow/example_dags/example_params_ui_tutorial.py
[2023-11-13T08:46:39.967+0000] {logging_mixin.py:154} INFO - [2023-11-13T08:46:39.967+0000] {dag.py:2941} INFO - Sync 1 DAGs
[2023-11-13T08:46:39.976+0000] {logging_mixin.py:154} INFO - [2023-11-13T08:46:39.976+0000] {dag.py:3722} INFO - Setting next_dagrun for example_params_ui_tutorial to None, run_after=None
[2023-11-13T08:46:40.378+0000] {processor.py:179} INFO - Processing /home/airflow/.local/lib/python3.8/site-packages/airflow/example_dags/example_params_ui_tutorial.py took 0.546 seconds
[2023-11-13T08:47:10.645+0000] {processor.py:157} INFO - Started process (PID=241) to work on /home/airflow/.local/lib/python3.8/site-packages/airflow/example_dags/example_params_ui_tutorial.py
[2023-11-13T08:47:10.646+0000] {processor.py:829} INFO - Processing file /home/airflow/.local/lib/python3.8/site-packages/airflow/example_dags/example_params_ui_tutorial.py for tasks to queue
[2023-11-13T08:47:10.647+0000] {logging_mixin.py:154} INFO - [2023-11-13T08:47:10.647+0000] {dagbag.py:536} INFO - Filling up the DagBag from /home/airflow/.local/lib/python3.8/site-packages/airflow/example_dags/example_params_ui_tutorial.py
[2023-11-13T08:47:10.675+0000] {processor.py:839} INFO - DAG(s) dict_keys(['example_params_ui_tutorial']) retrieved from /home/airflow/.local/lib/python3.8/site-packages/airflow/example_dags/example_params_ui_tutorial.py
[2023-11-13T08:47:10.720+0000] {logging_mixin.py:154} INFO - [2023-11-13T08:47:10.719+0000] {dag.py:2941} INFO - Sync 1 DAGs
[2023-11-13T08:47:10.729+0000] {logging_mixin.py:154} INFO - [2023-11-13T08:47:10.729+0000] {dag.py:3722} INFO - Setting next_dagrun for example_params_ui_tutorial to None, run_after=None
[2023-11-13T08:47:10.779+0000] {processor.py:179} INFO - Processing /home/airflow/.local/lib/python3.8/site-packages/airflow/example_dags/example_params_ui_tutorial.py took 0.136 seconds
[2023-11-13T08:47:42.065+0000] {processor.py:157} INFO - Started process (PID=295) to work on /home/airflow/.local/lib/python3.8/site-packages/airflow/example_dags/example_params_ui_tutorial.py
[2023-11-13T08:47:42.068+0000] {processor.py:829} INFO - Processing file /home/airflow/.local/lib/python3.8/site-packages/airflow/example_dags/example_params_ui_tutorial.py for tasks to queue
[2023-11-13T08:47:42.069+0000] {logging_mixin.py:154} INFO - [2023-11-13T08:47:42.069+0000] {dagbag.py:536} INFO - Filling up the DagBag from /home/airflow/.local/lib/python3.8/site-packages/airflow/example_dags/example_params_ui_tutorial.py
[2023-11-13T08:47:42.098+0000] {processor.py:839} INFO - DAG(s) dict_keys(['example_params_ui_tutorial']) retrieved from /home/airflow/.local/lib/python3.8/site-packages/airflow/example_dags/example_params_ui_tutorial.py
[2023-11-13T08:47:42.142+0000] {logging_mixin.py:154} INFO - [2023-11-13T08:47:42.142+0000] {dag.py:2941} INFO - Sync 1 DAGs
[2023-11-13T08:47:42.151+0000] {logging_mixin.py:154} INFO - [2023-11-13T08:47:42.151+0000] {dag.py:3722} INFO - Setting next_dagrun for example_params_ui_tutorial to None, run_after=None
[2023-11-13T08:47:42.238+0000] {processor.py:179} INFO - Processing /home/airflow/.local/lib/python3.8/site-packages/airflow/example_dags/example_params_ui_tutorial.py took 0.175 seconds
[2023-11-13T08:48:12.616+0000] {processor.py:157} INFO - Started process (PID=350) to work on /home/airflow/.local/lib/python3.8/site-packages/airflow/example_dags/example_params_ui_tutorial.py
[2023-11-13T08:48:12.624+0000] {processor.py:829} INFO - Processing file /home/airflow/.local/lib/python3.8/site-packages/airflow/example_dags/example_params_ui_tutorial.py for tasks to queue
[2023-11-13T08:48:12.626+0000] {logging_mixin.py:154} INFO - [2023-11-13T08:48:12.626+0000] {dagbag.py:536} INFO - Filling up the DagBag from /home/airflow/.local/lib/python3.8/site-packages/airflow/example_dags/example_params_ui_tutorial.py
[2023-11-13T08:48:12.656+0000] {processor.py:839} INFO - DAG(s) dict_keys(['example_params_ui_tutorial']) retrieved from /home/airflow/.local/lib/python3.8/site-packages/airflow/example_dags/example_params_ui_tutorial.py
[2023-11-13T08:48:12.704+0000] {logging_mixin.py:154} INFO - [2023-11-13T08:48:12.704+0000] {dag.py:2941} INFO - Sync 1 DAGs
[2023-11-13T08:48:12.715+0000] {logging_mixin.py:154} INFO - [2023-11-13T08:48:12.715+0000] {dag.py:3722} INFO - Setting next_dagrun for example_params_ui_tutorial to None, run_after=None
[2023-11-13T08:48:12.750+0000] {processor.py:179} INFO - Processing /home/airflow/.local/lib/python3.8/site-packages/airflow/example_dags/example_params_ui_tutorial.py took 0.136 seconds
