[2023-11-13T07:55:06.343+0000] {processor.py:157} INFO - Started process (PID=54) to work on /home/airflow/.local/lib/python3.8/site-packages/airflow/example_dags/example_params_trigger_ui.py
[2023-11-13T07:55:06.344+0000] {processor.py:829} INFO - Processing file /home/airflow/.local/lib/python3.8/site-packages/airflow/example_dags/example_params_trigger_ui.py for tasks to queue
[2023-11-13T07:55:06.345+0000] {logging_mixin.py:154} INFO - [2023-11-13T07:55:06.345+0000] {dagbag.py:536} INFO - Filling up the DagBag from /home/airflow/.local/lib/python3.8/site-packages/airflow/example_dags/example_params_trigger_ui.py
[2023-11-13T07:55:06.363+0000] {processor.py:839} INFO - DAG(s) dict_keys(['example_params_trigger_ui']) retrieved from /home/airflow/.local/lib/python3.8/site-packages/airflow/example_dags/example_params_trigger_ui.py
[2023-11-13T07:55:06.810+0000] {logging_mixin.py:154} INFO - [2023-11-13T07:55:06.810+0000] {manager.py:499} INFO - Created Permission View: %s
[2023-11-13T07:55:06.978+0000] {logging_mixin.py:154} INFO - [2023-11-13T07:55:06.977+0000] {manager.py:499} INFO - Created Permission View: %s
[2023-11-13T07:55:07.120+0000] {logging_mixin.py:154} INFO - [2023-11-13T07:55:07.119+0000] {manager.py:499} INFO - Created Permission View: %s
[2023-11-13T07:55:07.121+0000] {logging_mixin.py:154} INFO - [2023-11-13T07:55:07.120+0000] {dag.py:2941} INFO - Sync 1 DAGs
[2023-11-13T07:55:07.141+0000] {logging_mixin.py:154} INFO - [2023-11-13T07:55:07.141+0000] {dag.py:2963} INFO - Creating ORM DAG for example_params_trigger_ui
[2023-11-13T07:55:07.141+0000] {logging_mixin.py:154} INFO - [2023-11-13T07:55:07.141+0000] {dag.py:3722} INFO - Setting next_dagrun for example_params_trigger_ui to None, run_after=None
[2023-11-13T07:55:07.230+0000] {processor.py:179} INFO - Processing /home/airflow/.local/lib/python3.8/site-packages/airflow/example_dags/example_params_trigger_ui.py took 0.890 seconds
[2023-11-13T07:55:37.692+0000] {processor.py:157} INFO - Started process (PID=108) to work on /home/airflow/.local/lib/python3.8/site-packages/airflow/example_dags/example_params_trigger_ui.py
[2023-11-13T07:55:37.800+0000] {processor.py:829} INFO - Processing file /home/airflow/.local/lib/python3.8/site-packages/airflow/example_dags/example_params_trigger_ui.py for tasks to queue
[2023-11-13T07:55:37.801+0000] {logging_mixin.py:154} INFO - [2023-11-13T07:55:37.801+0000] {dagbag.py:536} INFO - Filling up the DagBag from /home/airflow/.local/lib/python3.8/site-packages/airflow/example_dags/example_params_trigger_ui.py
[2023-11-13T07:55:37.813+0000] {processor.py:839} INFO - DAG(s) dict_keys(['example_params_trigger_ui']) retrieved from /home/airflow/.local/lib/python3.8/site-packages/airflow/example_dags/example_params_trigger_ui.py
[2023-11-13T07:55:37.853+0000] {logging_mixin.py:154} INFO - [2023-11-13T07:55:37.853+0000] {dag.py:2941} INFO - Sync 1 DAGs
[2023-11-13T07:55:37.861+0000] {logging_mixin.py:154} INFO - [2023-11-13T07:55:37.861+0000] {dag.py:3722} INFO - Setting next_dagrun for example_params_trigger_ui to None, run_after=None
[2023-11-13T07:55:38.505+0000] {processor.py:179} INFO - Processing /home/airflow/.local/lib/python3.8/site-packages/airflow/example_dags/example_params_trigger_ui.py took 0.814 seconds
[2023-11-13T07:56:09.046+0000] {processor.py:157} INFO - Started process (PID=155) to work on /home/airflow/.local/lib/python3.8/site-packages/airflow/example_dags/example_params_trigger_ui.py
[2023-11-13T07:56:09.062+0000] {processor.py:829} INFO - Processing file /home/airflow/.local/lib/python3.8/site-packages/airflow/example_dags/example_params_trigger_ui.py for tasks to queue
[2023-11-13T07:56:09.064+0000] {logging_mixin.py:154} INFO - [2023-11-13T07:56:09.063+0000] {dagbag.py:536} INFO - Filling up the DagBag from /home/airflow/.local/lib/python3.8/site-packages/airflow/example_dags/example_params_trigger_ui.py
[2023-11-13T07:56:09.075+0000] {processor.py:839} INFO - DAG(s) dict_keys(['example_params_trigger_ui']) retrieved from /home/airflow/.local/lib/python3.8/site-packages/airflow/example_dags/example_params_trigger_ui.py
[2023-11-13T07:56:09.141+0000] {logging_mixin.py:154} INFO - [2023-11-13T07:56:09.141+0000] {dag.py:2941} INFO - Sync 1 DAGs
[2023-11-13T07:56:09.150+0000] {logging_mixin.py:154} INFO - [2023-11-13T07:56:09.150+0000] {dag.py:3722} INFO - Setting next_dagrun for example_params_trigger_ui to None, run_after=None
[2023-11-13T07:56:09.207+0000] {processor.py:179} INFO - Processing /home/airflow/.local/lib/python3.8/site-packages/airflow/example_dags/example_params_trigger_ui.py took 0.164 seconds
[2023-11-13T07:56:39.872+0000] {processor.py:157} INFO - Started process (PID=216) to work on /home/airflow/.local/lib/python3.8/site-packages/airflow/example_dags/example_params_trigger_ui.py
[2023-11-13T07:56:39.873+0000] {processor.py:829} INFO - Processing file /home/airflow/.local/lib/python3.8/site-packages/airflow/example_dags/example_params_trigger_ui.py for tasks to queue
[2023-11-13T07:56:39.874+0000] {logging_mixin.py:154} INFO - [2023-11-13T07:56:39.874+0000] {dagbag.py:536} INFO - Filling up the DagBag from /home/airflow/.local/lib/python3.8/site-packages/airflow/example_dags/example_params_trigger_ui.py
[2023-11-13T07:56:39.886+0000] {processor.py:839} INFO - DAG(s) dict_keys(['example_params_trigger_ui']) retrieved from /home/airflow/.local/lib/python3.8/site-packages/airflow/example_dags/example_params_trigger_ui.py
[2023-11-13T07:56:39.925+0000] {logging_mixin.py:154} INFO - [2023-11-13T07:56:39.925+0000] {dag.py:2941} INFO - Sync 1 DAGs
[2023-11-13T07:56:39.934+0000] {logging_mixin.py:154} INFO - [2023-11-13T07:56:39.934+0000] {dag.py:3722} INFO - Setting next_dagrun for example_params_trigger_ui to None, run_after=None
[2023-11-13T07:56:39.964+0000] {processor.py:179} INFO - Processing /home/airflow/.local/lib/python3.8/site-packages/airflow/example_dags/example_params_trigger_ui.py took 0.094 seconds
[2023-11-13T07:57:10.059+0000] {processor.py:157} INFO - Started process (PID=270) to work on /home/airflow/.local/lib/python3.8/site-packages/airflow/example_dags/example_params_trigger_ui.py
[2023-11-13T07:57:10.069+0000] {processor.py:829} INFO - Processing file /home/airflow/.local/lib/python3.8/site-packages/airflow/example_dags/example_params_trigger_ui.py for tasks to queue
[2023-11-13T07:57:10.071+0000] {logging_mixin.py:154} INFO - [2023-11-13T07:57:10.071+0000] {dagbag.py:536} INFO - Filling up the DagBag from /home/airflow/.local/lib/python3.8/site-packages/airflow/example_dags/example_params_trigger_ui.py
[2023-11-13T07:57:10.082+0000] {processor.py:839} INFO - DAG(s) dict_keys(['example_params_trigger_ui']) retrieved from /home/airflow/.local/lib/python3.8/site-packages/airflow/example_dags/example_params_trigger_ui.py
[2023-11-13T07:57:10.120+0000] {logging_mixin.py:154} INFO - [2023-11-13T07:57:10.119+0000] {dag.py:2941} INFO - Sync 1 DAGs
[2023-11-13T07:57:10.128+0000] {logging_mixin.py:154} INFO - [2023-11-13T07:57:10.128+0000] {dag.py:3722} INFO - Setting next_dagrun for example_params_trigger_ui to None, run_after=None
[2023-11-13T07:57:10.239+0000] {processor.py:179} INFO - Processing /home/airflow/.local/lib/python3.8/site-packages/airflow/example_dags/example_params_trigger_ui.py took 0.187 seconds
[2023-11-13T07:57:41.082+0000] {processor.py:157} INFO - Started process (PID=324) to work on /home/airflow/.local/lib/python3.8/site-packages/airflow/example_dags/example_params_trigger_ui.py
[2023-11-13T07:57:41.083+0000] {processor.py:829} INFO - Processing file /home/airflow/.local/lib/python3.8/site-packages/airflow/example_dags/example_params_trigger_ui.py for tasks to queue
[2023-11-13T07:57:41.084+0000] {logging_mixin.py:154} INFO - [2023-11-13T07:57:41.084+0000] {dagbag.py:536} INFO - Filling up the DagBag from /home/airflow/.local/lib/python3.8/site-packages/airflow/example_dags/example_params_trigger_ui.py
[2023-11-13T07:57:41.098+0000] {processor.py:839} INFO - DAG(s) dict_keys(['example_params_trigger_ui']) retrieved from /home/airflow/.local/lib/python3.8/site-packages/airflow/example_dags/example_params_trigger_ui.py
[2023-11-13T07:57:41.140+0000] {logging_mixin.py:154} INFO - [2023-11-13T07:57:41.140+0000] {dag.py:2941} INFO - Sync 1 DAGs
[2023-11-13T07:57:41.150+0000] {logging_mixin.py:154} INFO - [2023-11-13T07:57:41.150+0000] {dag.py:3722} INFO - Setting next_dagrun for example_params_trigger_ui to None, run_after=None
[2023-11-13T07:57:41.188+0000] {processor.py:179} INFO - Processing /home/airflow/.local/lib/python3.8/site-packages/airflow/example_dags/example_params_trigger_ui.py took 0.108 seconds
[2023-11-13T07:58:11.819+0000] {processor.py:157} INFO - Started process (PID=378) to work on /home/airflow/.local/lib/python3.8/site-packages/airflow/example_dags/example_params_trigger_ui.py
[2023-11-13T07:58:11.966+0000] {processor.py:829} INFO - Processing file /home/airflow/.local/lib/python3.8/site-packages/airflow/example_dags/example_params_trigger_ui.py for tasks to queue
[2023-11-13T07:58:11.972+0000] {logging_mixin.py:154} INFO - [2023-11-13T07:58:11.971+0000] {dagbag.py:536} INFO - Filling up the DagBag from /home/airflow/.local/lib/python3.8/site-packages/airflow/example_dags/example_params_trigger_ui.py
[2023-11-13T07:58:12.013+0000] {processor.py:839} INFO - DAG(s) dict_keys(['example_params_trigger_ui']) retrieved from /home/airflow/.local/lib/python3.8/site-packages/airflow/example_dags/example_params_trigger_ui.py
[2023-11-13T07:58:12.055+0000] {logging_mixin.py:154} INFO - [2023-11-13T07:58:12.055+0000] {dag.py:2941} INFO - Sync 1 DAGs
[2023-11-13T07:58:12.063+0000] {logging_mixin.py:154} INFO - [2023-11-13T07:58:12.063+0000] {dag.py:3722} INFO - Setting next_dagrun for example_params_trigger_ui to None, run_after=None
[2023-11-13T07:58:12.324+0000] {processor.py:179} INFO - Processing /home/airflow/.local/lib/python3.8/site-packages/airflow/example_dags/example_params_trigger_ui.py took 0.508 seconds
[2023-11-13T07:58:42.778+0000] {processor.py:157} INFO - Started process (PID=432) to work on /home/airflow/.local/lib/python3.8/site-packages/airflow/example_dags/example_params_trigger_ui.py
[2023-11-13T07:58:42.784+0000] {processor.py:829} INFO - Processing file /home/airflow/.local/lib/python3.8/site-packages/airflow/example_dags/example_params_trigger_ui.py for tasks to queue
[2023-11-13T07:58:42.785+0000] {logging_mixin.py:154} INFO - [2023-11-13T07:58:42.785+0000] {dagbag.py:536} INFO - Filling up the DagBag from /home/airflow/.local/lib/python3.8/site-packages/airflow/example_dags/example_params_trigger_ui.py
[2023-11-13T07:58:42.796+0000] {processor.py:839} INFO - DAG(s) dict_keys(['example_params_trigger_ui']) retrieved from /home/airflow/.local/lib/python3.8/site-packages/airflow/example_dags/example_params_trigger_ui.py
[2023-11-13T07:58:42.834+0000] {logging_mixin.py:154} INFO - [2023-11-13T07:58:42.834+0000] {dag.py:2941} INFO - Sync 1 DAGs
[2023-11-13T07:58:42.843+0000] {logging_mixin.py:154} INFO - [2023-11-13T07:58:42.842+0000] {dag.py:3722} INFO - Setting next_dagrun for example_params_trigger_ui to None, run_after=None
[2023-11-13T07:58:42.876+0000] {processor.py:179} INFO - Processing /home/airflow/.local/lib/python3.8/site-packages/airflow/example_dags/example_params_trigger_ui.py took 0.101 seconds
[2023-11-13T07:59:13.049+0000] {processor.py:157} INFO - Started process (PID=486) to work on /home/airflow/.local/lib/python3.8/site-packages/airflow/example_dags/example_params_trigger_ui.py
[2023-11-13T07:59:13.049+0000] {processor.py:829} INFO - Processing file /home/airflow/.local/lib/python3.8/site-packages/airflow/example_dags/example_params_trigger_ui.py for tasks to queue
[2023-11-13T07:59:13.051+0000] {logging_mixin.py:154} INFO - [2023-11-13T07:59:13.051+0000] {dagbag.py:536} INFO - Filling up the DagBag from /home/airflow/.local/lib/python3.8/site-packages/airflow/example_dags/example_params_trigger_ui.py
[2023-11-13T07:59:13.062+0000] {processor.py:839} INFO - DAG(s) dict_keys(['example_params_trigger_ui']) retrieved from /home/airflow/.local/lib/python3.8/site-packages/airflow/example_dags/example_params_trigger_ui.py
[2023-11-13T07:59:13.099+0000] {logging_mixin.py:154} INFO - [2023-11-13T07:59:13.099+0000] {dag.py:2941} INFO - Sync 1 DAGs
[2023-11-13T07:59:13.108+0000] {logging_mixin.py:154} INFO - [2023-11-13T07:59:13.108+0000] {dag.py:3722} INFO - Setting next_dagrun for example_params_trigger_ui to None, run_after=None
[2023-11-13T07:59:13.204+0000] {processor.py:179} INFO - Processing /home/airflow/.local/lib/python3.8/site-packages/airflow/example_dags/example_params_trigger_ui.py took 0.157 seconds
[2023-11-13T07:59:44.786+0000] {processor.py:157} INFO - Started process (PID=540) to work on /home/airflow/.local/lib/python3.8/site-packages/airflow/example_dags/example_params_trigger_ui.py
[2023-11-13T07:59:44.787+0000] {processor.py:829} INFO - Processing file /home/airflow/.local/lib/python3.8/site-packages/airflow/example_dags/example_params_trigger_ui.py for tasks to queue
[2023-11-13T07:59:44.788+0000] {logging_mixin.py:154} INFO - [2023-11-13T07:59:44.788+0000] {dagbag.py:536} INFO - Filling up the DagBag from /home/airflow/.local/lib/python3.8/site-packages/airflow/example_dags/example_params_trigger_ui.py
[2023-11-13T07:59:44.800+0000] {processor.py:839} INFO - DAG(s) dict_keys(['example_params_trigger_ui']) retrieved from /home/airflow/.local/lib/python3.8/site-packages/airflow/example_dags/example_params_trigger_ui.py
[2023-11-13T07:59:44.838+0000] {logging_mixin.py:154} INFO - [2023-11-13T07:59:44.838+0000] {dag.py:2941} INFO - Sync 1 DAGs
[2023-11-13T07:59:44.847+0000] {logging_mixin.py:154} INFO - [2023-11-13T07:59:44.847+0000] {dag.py:3722} INFO - Setting next_dagrun for example_params_trigger_ui to None, run_after=None
[2023-11-13T07:59:44.900+0000] {processor.py:179} INFO - Processing /home/airflow/.local/lib/python3.8/site-packages/airflow/example_dags/example_params_trigger_ui.py took 0.116 seconds
[2023-11-13T08:00:14.988+0000] {processor.py:157} INFO - Started process (PID=595) to work on /home/airflow/.local/lib/python3.8/site-packages/airflow/example_dags/example_params_trigger_ui.py
[2023-11-13T08:00:14.989+0000] {processor.py:829} INFO - Processing file /home/airflow/.local/lib/python3.8/site-packages/airflow/example_dags/example_params_trigger_ui.py for tasks to queue
[2023-11-13T08:00:14.990+0000] {logging_mixin.py:154} INFO - [2023-11-13T08:00:14.990+0000] {dagbag.py:536} INFO - Filling up the DagBag from /home/airflow/.local/lib/python3.8/site-packages/airflow/example_dags/example_params_trigger_ui.py
[2023-11-13T08:00:15.002+0000] {processor.py:839} INFO - DAG(s) dict_keys(['example_params_trigger_ui']) retrieved from /home/airflow/.local/lib/python3.8/site-packages/airflow/example_dags/example_params_trigger_ui.py
[2023-11-13T08:00:15.040+0000] {logging_mixin.py:154} INFO - [2023-11-13T08:00:15.039+0000] {dag.py:2941} INFO - Sync 1 DAGs
[2023-11-13T08:00:15.048+0000] {logging_mixin.py:154} INFO - [2023-11-13T08:00:15.048+0000] {dag.py:3722} INFO - Setting next_dagrun for example_params_trigger_ui to None, run_after=None
[2023-11-13T08:00:15.079+0000] {processor.py:179} INFO - Processing /home/airflow/.local/lib/python3.8/site-packages/airflow/example_dags/example_params_trigger_ui.py took 0.094 seconds
[2023-11-13T08:00:46.827+0000] {processor.py:157} INFO - Started process (PID=648) to work on /home/airflow/.local/lib/python3.8/site-packages/airflow/example_dags/example_params_trigger_ui.py
[2023-11-13T08:00:46.828+0000] {processor.py:829} INFO - Processing file /home/airflow/.local/lib/python3.8/site-packages/airflow/example_dags/example_params_trigger_ui.py for tasks to queue
[2023-11-13T08:00:46.830+0000] {logging_mixin.py:154} INFO - [2023-11-13T08:00:46.829+0000] {dagbag.py:536} INFO - Filling up the DagBag from /home/airflow/.local/lib/python3.8/site-packages/airflow/example_dags/example_params_trigger_ui.py
[2023-11-13T08:00:46.841+0000] {processor.py:839} INFO - DAG(s) dict_keys(['example_params_trigger_ui']) retrieved from /home/airflow/.local/lib/python3.8/site-packages/airflow/example_dags/example_params_trigger_ui.py
[2023-11-13T08:00:46.880+0000] {logging_mixin.py:154} INFO - [2023-11-13T08:00:46.879+0000] {dag.py:2941} INFO - Sync 1 DAGs
[2023-11-13T08:00:46.888+0000] {logging_mixin.py:154} INFO - [2023-11-13T08:00:46.888+0000] {dag.py:3722} INFO - Setting next_dagrun for example_params_trigger_ui to None, run_after=None
[2023-11-13T08:00:47.824+0000] {processor.py:179} INFO - Processing /home/airflow/.local/lib/python3.8/site-packages/airflow/example_dags/example_params_trigger_ui.py took 0.999 seconds
[2023-11-13T08:01:18.084+0000] {processor.py:157} INFO - Started process (PID=702) to work on /home/airflow/.local/lib/python3.8/site-packages/airflow/example_dags/example_params_trigger_ui.py
[2023-11-13T08:01:18.085+0000] {processor.py:829} INFO - Processing file /home/airflow/.local/lib/python3.8/site-packages/airflow/example_dags/example_params_trigger_ui.py for tasks to queue
[2023-11-13T08:01:18.086+0000] {logging_mixin.py:154} INFO - [2023-11-13T08:01:18.086+0000] {dagbag.py:536} INFO - Filling up the DagBag from /home/airflow/.local/lib/python3.8/site-packages/airflow/example_dags/example_params_trigger_ui.py
[2023-11-13T08:01:18.098+0000] {processor.py:839} INFO - DAG(s) dict_keys(['example_params_trigger_ui']) retrieved from /home/airflow/.local/lib/python3.8/site-packages/airflow/example_dags/example_params_trigger_ui.py
[2023-11-13T08:01:18.138+0000] {logging_mixin.py:154} INFO - [2023-11-13T08:01:18.138+0000] {dag.py:2941} INFO - Sync 1 DAGs
[2023-11-13T08:01:18.147+0000] {logging_mixin.py:154} INFO - [2023-11-13T08:01:18.147+0000] {dag.py:3722} INFO - Setting next_dagrun for example_params_trigger_ui to None, run_after=None
[2023-11-13T08:01:18.273+0000] {processor.py:179} INFO - Processing /home/airflow/.local/lib/python3.8/site-packages/airflow/example_dags/example_params_trigger_ui.py took 0.191 seconds
[2023-11-13T08:01:48.760+0000] {processor.py:157} INFO - Started process (PID=756) to work on /home/airflow/.local/lib/python3.8/site-packages/airflow/example_dags/example_params_trigger_ui.py
[2023-11-13T08:01:48.766+0000] {processor.py:829} INFO - Processing file /home/airflow/.local/lib/python3.8/site-packages/airflow/example_dags/example_params_trigger_ui.py for tasks to queue
[2023-11-13T08:01:48.767+0000] {logging_mixin.py:154} INFO - [2023-11-13T08:01:48.767+0000] {dagbag.py:536} INFO - Filling up the DagBag from /home/airflow/.local/lib/python3.8/site-packages/airflow/example_dags/example_params_trigger_ui.py
[2023-11-13T08:01:48.779+0000] {processor.py:839} INFO - DAG(s) dict_keys(['example_params_trigger_ui']) retrieved from /home/airflow/.local/lib/python3.8/site-packages/airflow/example_dags/example_params_trigger_ui.py
[2023-11-13T08:01:48.817+0000] {logging_mixin.py:154} INFO - [2023-11-13T08:01:48.817+0000] {dag.py:2941} INFO - Sync 1 DAGs
[2023-11-13T08:01:48.825+0000] {logging_mixin.py:154} INFO - [2023-11-13T08:01:48.825+0000] {dag.py:3722} INFO - Setting next_dagrun for example_params_trigger_ui to None, run_after=None
[2023-11-13T08:01:48.853+0000] {processor.py:179} INFO - Processing /home/airflow/.local/lib/python3.8/site-packages/airflow/example_dags/example_params_trigger_ui.py took 0.095 seconds
[2023-11-13T08:02:19.346+0000] {processor.py:157} INFO - Started process (PID=810) to work on /home/airflow/.local/lib/python3.8/site-packages/airflow/example_dags/example_params_trigger_ui.py
[2023-11-13T08:02:19.347+0000] {processor.py:829} INFO - Processing file /home/airflow/.local/lib/python3.8/site-packages/airflow/example_dags/example_params_trigger_ui.py for tasks to queue
[2023-11-13T08:02:19.349+0000] {logging_mixin.py:154} INFO - [2023-11-13T08:02:19.348+0000] {dagbag.py:536} INFO - Filling up the DagBag from /home/airflow/.local/lib/python3.8/site-packages/airflow/example_dags/example_params_trigger_ui.py
[2023-11-13T08:02:19.366+0000] {processor.py:839} INFO - DAG(s) dict_keys(['example_params_trigger_ui']) retrieved from /home/airflow/.local/lib/python3.8/site-packages/airflow/example_dags/example_params_trigger_ui.py
[2023-11-13T08:02:19.406+0000] {logging_mixin.py:154} INFO - [2023-11-13T08:02:19.406+0000] {dag.py:2941} INFO - Sync 1 DAGs
[2023-11-13T08:02:19.415+0000] {logging_mixin.py:154} INFO - [2023-11-13T08:02:19.415+0000] {dag.py:3722} INFO - Setting next_dagrun for example_params_trigger_ui to None, run_after=None
[2023-11-13T08:02:19.691+0000] {processor.py:179} INFO - Processing /home/airflow/.local/lib/python3.8/site-packages/airflow/example_dags/example_params_trigger_ui.py took 0.349 seconds
[2023-11-13T08:02:50.755+0000] {processor.py:157} INFO - Started process (PID=864) to work on /home/airflow/.local/lib/python3.8/site-packages/airflow/example_dags/example_params_trigger_ui.py
[2023-11-13T08:02:50.888+0000] {processor.py:829} INFO - Processing file /home/airflow/.local/lib/python3.8/site-packages/airflow/example_dags/example_params_trigger_ui.py for tasks to queue
[2023-11-13T08:02:50.894+0000] {logging_mixin.py:154} INFO - [2023-11-13T08:02:50.893+0000] {dagbag.py:536} INFO - Filling up the DagBag from /home/airflow/.local/lib/python3.8/site-packages/airflow/example_dags/example_params_trigger_ui.py
[2023-11-13T08:02:50.934+0000] {processor.py:839} INFO - DAG(s) dict_keys(['example_params_trigger_ui']) retrieved from /home/airflow/.local/lib/python3.8/site-packages/airflow/example_dags/example_params_trigger_ui.py
[2023-11-13T08:02:50.978+0000] {logging_mixin.py:154} INFO - [2023-11-13T08:02:50.977+0000] {dag.py:2941} INFO - Sync 1 DAGs
[2023-11-13T08:02:50.987+0000] {logging_mixin.py:154} INFO - [2023-11-13T08:02:50.987+0000] {dag.py:3722} INFO - Setting next_dagrun for example_params_trigger_ui to None, run_after=None
[2023-11-13T08:02:51.011+0000] {processor.py:179} INFO - Processing /home/airflow/.local/lib/python3.8/site-packages/airflow/example_dags/example_params_trigger_ui.py took 0.258 seconds
[2023-11-13T08:03:22.024+0000] {processor.py:157} INFO - Started process (PID=918) to work on /home/airflow/.local/lib/python3.8/site-packages/airflow/example_dags/example_params_trigger_ui.py
[2023-11-13T08:03:22.213+0000] {processor.py:829} INFO - Processing file /home/airflow/.local/lib/python3.8/site-packages/airflow/example_dags/example_params_trigger_ui.py for tasks to queue
[2023-11-13T08:03:22.219+0000] {logging_mixin.py:154} INFO - [2023-11-13T08:03:22.218+0000] {dagbag.py:536} INFO - Filling up the DagBag from /home/airflow/.local/lib/python3.8/site-packages/airflow/example_dags/example_params_trigger_ui.py
[2023-11-13T08:03:22.261+0000] {processor.py:839} INFO - DAG(s) dict_keys(['example_params_trigger_ui']) retrieved from /home/airflow/.local/lib/python3.8/site-packages/airflow/example_dags/example_params_trigger_ui.py
[2023-11-13T08:03:22.304+0000] {logging_mixin.py:154} INFO - [2023-11-13T08:03:22.304+0000] {dag.py:2941} INFO - Sync 1 DAGs
[2023-11-13T08:03:22.419+0000] {logging_mixin.py:154} INFO - [2023-11-13T08:03:22.419+0000] {dag.py:3722} INFO - Setting next_dagrun for example_params_trigger_ui to None, run_after=None
[2023-11-13T08:03:22.628+0000] {processor.py:179} INFO - Processing /home/airflow/.local/lib/python3.8/site-packages/airflow/example_dags/example_params_trigger_ui.py took 0.606 seconds
[2023-11-13T08:03:53.537+0000] {processor.py:157} INFO - Started process (PID=972) to work on /home/airflow/.local/lib/python3.8/site-packages/airflow/example_dags/example_params_trigger_ui.py
[2023-11-13T08:03:53.538+0000] {processor.py:829} INFO - Processing file /home/airflow/.local/lib/python3.8/site-packages/airflow/example_dags/example_params_trigger_ui.py for tasks to queue
[2023-11-13T08:03:53.540+0000] {logging_mixin.py:154} INFO - [2023-11-13T08:03:53.539+0000] {dagbag.py:536} INFO - Filling up the DagBag from /home/airflow/.local/lib/python3.8/site-packages/airflow/example_dags/example_params_trigger_ui.py
[2023-11-13T08:03:53.553+0000] {processor.py:839} INFO - DAG(s) dict_keys(['example_params_trigger_ui']) retrieved from /home/airflow/.local/lib/python3.8/site-packages/airflow/example_dags/example_params_trigger_ui.py
[2023-11-13T08:03:53.596+0000] {logging_mixin.py:154} INFO - [2023-11-13T08:03:53.596+0000] {dag.py:2941} INFO - Sync 1 DAGs
[2023-11-13T08:03:53.605+0000] {logging_mixin.py:154} INFO - [2023-11-13T08:03:53.605+0000] {dag.py:3722} INFO - Setting next_dagrun for example_params_trigger_ui to None, run_after=None
[2023-11-13T08:03:53.637+0000] {processor.py:179} INFO - Processing /home/airflow/.local/lib/python3.8/site-packages/airflow/example_dags/example_params_trigger_ui.py took 0.102 seconds
[2023-11-13T08:04:23.995+0000] {processor.py:157} INFO - Started process (PID=1026) to work on /home/airflow/.local/lib/python3.8/site-packages/airflow/example_dags/example_params_trigger_ui.py
[2023-11-13T08:04:24.171+0000] {processor.py:829} INFO - Processing file /home/airflow/.local/lib/python3.8/site-packages/airflow/example_dags/example_params_trigger_ui.py for tasks to queue
[2023-11-13T08:04:24.177+0000] {logging_mixin.py:154} INFO - [2023-11-13T08:04:24.176+0000] {dagbag.py:536} INFO - Filling up the DagBag from /home/airflow/.local/lib/python3.8/site-packages/airflow/example_dags/example_params_trigger_ui.py
[2023-11-13T08:04:24.192+0000] {processor.py:839} INFO - DAG(s) dict_keys(['example_params_trigger_ui']) retrieved from /home/airflow/.local/lib/python3.8/site-packages/airflow/example_dags/example_params_trigger_ui.py
[2023-11-13T08:04:24.229+0000] {logging_mixin.py:154} INFO - [2023-11-13T08:04:24.229+0000] {dag.py:2941} INFO - Sync 1 DAGs
[2023-11-13T08:04:24.237+0000] {logging_mixin.py:154} INFO - [2023-11-13T08:04:24.237+0000] {dag.py:3722} INFO - Setting next_dagrun for example_params_trigger_ui to None, run_after=None
[2023-11-13T08:04:24.505+0000] {processor.py:179} INFO - Processing /home/airflow/.local/lib/python3.8/site-packages/airflow/example_dags/example_params_trigger_ui.py took 0.512 seconds
[2023-11-13T08:04:54.597+0000] {processor.py:157} INFO - Started process (PID=1080) to work on /home/airflow/.local/lib/python3.8/site-packages/airflow/example_dags/example_params_trigger_ui.py
[2023-11-13T08:04:54.748+0000] {processor.py:829} INFO - Processing file /home/airflow/.local/lib/python3.8/site-packages/airflow/example_dags/example_params_trigger_ui.py for tasks to queue
[2023-11-13T08:04:54.754+0000] {logging_mixin.py:154} INFO - [2023-11-13T08:04:54.754+0000] {dagbag.py:536} INFO - Filling up the DagBag from /home/airflow/.local/lib/python3.8/site-packages/airflow/example_dags/example_params_trigger_ui.py
[2023-11-13T08:04:54.793+0000] {processor.py:839} INFO - DAG(s) dict_keys(['example_params_trigger_ui']) retrieved from /home/airflow/.local/lib/python3.8/site-packages/airflow/example_dags/example_params_trigger_ui.py
[2023-11-13T08:04:54.833+0000] {logging_mixin.py:154} INFO - [2023-11-13T08:04:54.833+0000] {dag.py:2941} INFO - Sync 1 DAGs
[2023-11-13T08:04:54.842+0000] {logging_mixin.py:154} INFO - [2023-11-13T08:04:54.842+0000] {dag.py:3722} INFO - Setting next_dagrun for example_params_trigger_ui to None, run_after=None
[2023-11-13T08:04:55.188+0000] {processor.py:179} INFO - Processing /home/airflow/.local/lib/python3.8/site-packages/airflow/example_dags/example_params_trigger_ui.py took 0.594 seconds
[2023-11-13T08:05:25.361+0000] {processor.py:157} INFO - Started process (PID=1127) to work on /home/airflow/.local/lib/python3.8/site-packages/airflow/example_dags/example_params_trigger_ui.py
[2023-11-13T08:05:25.361+0000] {processor.py:829} INFO - Processing file /home/airflow/.local/lib/python3.8/site-packages/airflow/example_dags/example_params_trigger_ui.py for tasks to queue
[2023-11-13T08:05:25.363+0000] {logging_mixin.py:154} INFO - [2023-11-13T08:05:25.363+0000] {dagbag.py:536} INFO - Filling up the DagBag from /home/airflow/.local/lib/python3.8/site-packages/airflow/example_dags/example_params_trigger_ui.py
[2023-11-13T08:05:25.376+0000] {processor.py:839} INFO - DAG(s) dict_keys(['example_params_trigger_ui']) retrieved from /home/airflow/.local/lib/python3.8/site-packages/airflow/example_dags/example_params_trigger_ui.py
[2023-11-13T08:05:25.414+0000] {logging_mixin.py:154} INFO - [2023-11-13T08:05:25.414+0000] {dag.py:2941} INFO - Sync 1 DAGs
[2023-11-13T08:05:25.423+0000] {logging_mixin.py:154} INFO - [2023-11-13T08:05:25.423+0000] {dag.py:3722} INFO - Setting next_dagrun for example_params_trigger_ui to None, run_after=None
[2023-11-13T08:05:25.454+0000] {processor.py:179} INFO - Processing /home/airflow/.local/lib/python3.8/site-packages/airflow/example_dags/example_params_trigger_ui.py took 0.096 seconds
[2023-11-13T08:05:55.793+0000] {processor.py:157} INFO - Started process (PID=1181) to work on /home/airflow/.local/lib/python3.8/site-packages/airflow/example_dags/example_params_trigger_ui.py
[2023-11-13T08:05:55.794+0000] {processor.py:829} INFO - Processing file /home/airflow/.local/lib/python3.8/site-packages/airflow/example_dags/example_params_trigger_ui.py for tasks to queue
[2023-11-13T08:05:55.796+0000] {logging_mixin.py:154} INFO - [2023-11-13T08:05:55.796+0000] {dagbag.py:536} INFO - Filling up the DagBag from /home/airflow/.local/lib/python3.8/site-packages/airflow/example_dags/example_params_trigger_ui.py
[2023-11-13T08:05:55.809+0000] {processor.py:839} INFO - DAG(s) dict_keys(['example_params_trigger_ui']) retrieved from /home/airflow/.local/lib/python3.8/site-packages/airflow/example_dags/example_params_trigger_ui.py
[2023-11-13T08:05:55.855+0000] {logging_mixin.py:154} INFO - [2023-11-13T08:05:55.855+0000] {dag.py:2941} INFO - Sync 1 DAGs
[2023-11-13T08:05:55.864+0000] {logging_mixin.py:154} INFO - [2023-11-13T08:05:55.864+0000] {dag.py:3722} INFO - Setting next_dagrun for example_params_trigger_ui to None, run_after=None
[2023-11-13T08:05:55.898+0000] {processor.py:179} INFO - Processing /home/airflow/.local/lib/python3.8/site-packages/airflow/example_dags/example_params_trigger_ui.py took 0.108 seconds
[2023-11-13T08:06:26.933+0000] {processor.py:157} INFO - Started process (PID=1242) to work on /home/airflow/.local/lib/python3.8/site-packages/airflow/example_dags/example_params_trigger_ui.py
[2023-11-13T08:06:26.942+0000] {processor.py:829} INFO - Processing file /home/airflow/.local/lib/python3.8/site-packages/airflow/example_dags/example_params_trigger_ui.py for tasks to queue
[2023-11-13T08:06:26.944+0000] {logging_mixin.py:154} INFO - [2023-11-13T08:06:26.943+0000] {dagbag.py:536} INFO - Filling up the DagBag from /home/airflow/.local/lib/python3.8/site-packages/airflow/example_dags/example_params_trigger_ui.py
[2023-11-13T08:06:26.955+0000] {processor.py:839} INFO - DAG(s) dict_keys(['example_params_trigger_ui']) retrieved from /home/airflow/.local/lib/python3.8/site-packages/airflow/example_dags/example_params_trigger_ui.py
[2023-11-13T08:06:27.084+0000] {logging_mixin.py:154} INFO - [2023-11-13T08:06:27.084+0000] {dag.py:2941} INFO - Sync 1 DAGs
[2023-11-13T08:06:27.091+0000] {logging_mixin.py:154} INFO - [2023-11-13T08:06:27.091+0000] {dag.py:3722} INFO - Setting next_dagrun for example_params_trigger_ui to None, run_after=None
[2023-11-13T08:06:27.119+0000] {processor.py:179} INFO - Processing /home/airflow/.local/lib/python3.8/site-packages/airflow/example_dags/example_params_trigger_ui.py took 0.188 seconds
[2023-11-13T08:06:58.255+0000] {processor.py:157} INFO - Started process (PID=1296) to work on /home/airflow/.local/lib/python3.8/site-packages/airflow/example_dags/example_params_trigger_ui.py
[2023-11-13T08:06:58.255+0000] {processor.py:829} INFO - Processing file /home/airflow/.local/lib/python3.8/site-packages/airflow/example_dags/example_params_trigger_ui.py for tasks to queue
[2023-11-13T08:06:58.257+0000] {logging_mixin.py:154} INFO - [2023-11-13T08:06:58.257+0000] {dagbag.py:536} INFO - Filling up the DagBag from /home/airflow/.local/lib/python3.8/site-packages/airflow/example_dags/example_params_trigger_ui.py
[2023-11-13T08:06:58.270+0000] {processor.py:839} INFO - DAG(s) dict_keys(['example_params_trigger_ui']) retrieved from /home/airflow/.local/lib/python3.8/site-packages/airflow/example_dags/example_params_trigger_ui.py
[2023-11-13T08:06:58.311+0000] {logging_mixin.py:154} INFO - [2023-11-13T08:06:58.311+0000] {dag.py:2941} INFO - Sync 1 DAGs
[2023-11-13T08:06:58.320+0000] {logging_mixin.py:154} INFO - [2023-11-13T08:06:58.320+0000] {dag.py:3722} INFO - Setting next_dagrun for example_params_trigger_ui to None, run_after=None
[2023-11-13T08:06:58.719+0000] {processor.py:179} INFO - Processing /home/airflow/.local/lib/python3.8/site-packages/airflow/example_dags/example_params_trigger_ui.py took 0.467 seconds
[2023-11-13T08:07:29.389+0000] {processor.py:157} INFO - Started process (PID=1350) to work on /home/airflow/.local/lib/python3.8/site-packages/airflow/example_dags/example_params_trigger_ui.py
[2023-11-13T08:07:29.421+0000] {processor.py:829} INFO - Processing file /home/airflow/.local/lib/python3.8/site-packages/airflow/example_dags/example_params_trigger_ui.py for tasks to queue
[2023-11-13T08:07:29.423+0000] {logging_mixin.py:154} INFO - [2023-11-13T08:07:29.423+0000] {dagbag.py:536} INFO - Filling up the DagBag from /home/airflow/.local/lib/python3.8/site-packages/airflow/example_dags/example_params_trigger_ui.py
[2023-11-13T08:07:29.436+0000] {processor.py:839} INFO - DAG(s) dict_keys(['example_params_trigger_ui']) retrieved from /home/airflow/.local/lib/python3.8/site-packages/airflow/example_dags/example_params_trigger_ui.py
[2023-11-13T08:07:29.480+0000] {logging_mixin.py:154} INFO - [2023-11-13T08:07:29.480+0000] {dag.py:2941} INFO - Sync 1 DAGs
[2023-11-13T08:07:29.491+0000] {logging_mixin.py:154} INFO - [2023-11-13T08:07:29.491+0000] {dag.py:3722} INFO - Setting next_dagrun for example_params_trigger_ui to None, run_after=None
[2023-11-13T08:07:29.709+0000] {processor.py:179} INFO - Processing /home/airflow/.local/lib/python3.8/site-packages/airflow/example_dags/example_params_trigger_ui.py took 0.323 seconds
[2023-11-13T08:08:00.315+0000] {processor.py:157} INFO - Started process (PID=1404) to work on /home/airflow/.local/lib/python3.8/site-packages/airflow/example_dags/example_params_trigger_ui.py
[2023-11-13T08:08:00.315+0000] {processor.py:829} INFO - Processing file /home/airflow/.local/lib/python3.8/site-packages/airflow/example_dags/example_params_trigger_ui.py for tasks to queue
[2023-11-13T08:08:00.317+0000] {logging_mixin.py:154} INFO - [2023-11-13T08:08:00.316+0000] {dagbag.py:536} INFO - Filling up the DagBag from /home/airflow/.local/lib/python3.8/site-packages/airflow/example_dags/example_params_trigger_ui.py
[2023-11-13T08:08:00.330+0000] {processor.py:839} INFO - DAG(s) dict_keys(['example_params_trigger_ui']) retrieved from /home/airflow/.local/lib/python3.8/site-packages/airflow/example_dags/example_params_trigger_ui.py
[2023-11-13T08:08:00.462+0000] {logging_mixin.py:154} INFO - [2023-11-13T08:08:00.462+0000] {dag.py:2941} INFO - Sync 1 DAGs
[2023-11-13T08:08:00.469+0000] {logging_mixin.py:154} INFO - [2023-11-13T08:08:00.469+0000] {dag.py:3722} INFO - Setting next_dagrun for example_params_trigger_ui to None, run_after=None
[2023-11-13T08:08:00.494+0000] {processor.py:179} INFO - Processing /home/airflow/.local/lib/python3.8/site-packages/airflow/example_dags/example_params_trigger_ui.py took 0.182 seconds
[2023-11-13T08:08:32.529+0000] {processor.py:157} INFO - Started process (PID=1458) to work on /home/airflow/.local/lib/python3.8/site-packages/airflow/example_dags/example_params_trigger_ui.py
[2023-11-13T08:08:32.647+0000] {processor.py:829} INFO - Processing file /home/airflow/.local/lib/python3.8/site-packages/airflow/example_dags/example_params_trigger_ui.py for tasks to queue
[2023-11-13T08:08:32.651+0000] {logging_mixin.py:154} INFO - [2023-11-13T08:08:32.651+0000] {dagbag.py:536} INFO - Filling up the DagBag from /home/airflow/.local/lib/python3.8/site-packages/airflow/example_dags/example_params_trigger_ui.py
[2023-11-13T08:08:32.662+0000] {processor.py:839} INFO - DAG(s) dict_keys(['example_params_trigger_ui']) retrieved from /home/airflow/.local/lib/python3.8/site-packages/airflow/example_dags/example_params_trigger_ui.py
[2023-11-13T08:08:32.698+0000] {logging_mixin.py:154} INFO - [2023-11-13T08:08:32.698+0000] {dag.py:2941} INFO - Sync 1 DAGs
[2023-11-13T08:08:32.706+0000] {logging_mixin.py:154} INFO - [2023-11-13T08:08:32.706+0000] {dag.py:3722} INFO - Setting next_dagrun for example_params_trigger_ui to None, run_after=None
[2023-11-13T08:08:32.938+0000] {processor.py:179} INFO - Processing /home/airflow/.local/lib/python3.8/site-packages/airflow/example_dags/example_params_trigger_ui.py took 0.412 seconds
[2023-11-13T08:09:03.101+0000] {processor.py:157} INFO - Started process (PID=1512) to work on /home/airflow/.local/lib/python3.8/site-packages/airflow/example_dags/example_params_trigger_ui.py
[2023-11-13T08:09:03.102+0000] {processor.py:829} INFO - Processing file /home/airflow/.local/lib/python3.8/site-packages/airflow/example_dags/example_params_trigger_ui.py for tasks to queue
[2023-11-13T08:09:03.103+0000] {logging_mixin.py:154} INFO - [2023-11-13T08:09:03.103+0000] {dagbag.py:536} INFO - Filling up the DagBag from /home/airflow/.local/lib/python3.8/site-packages/airflow/example_dags/example_params_trigger_ui.py
[2023-11-13T08:09:03.216+0000] {processor.py:839} INFO - DAG(s) dict_keys(['example_params_trigger_ui']) retrieved from /home/airflow/.local/lib/python3.8/site-packages/airflow/example_dags/example_params_trigger_ui.py
[2023-11-13T08:09:03.251+0000] {logging_mixin.py:154} INFO - [2023-11-13T08:09:03.251+0000] {dag.py:2941} INFO - Sync 1 DAGs
[2023-11-13T08:09:03.259+0000] {logging_mixin.py:154} INFO - [2023-11-13T08:09:03.259+0000] {dag.py:3722} INFO - Setting next_dagrun for example_params_trigger_ui to None, run_after=None
[2023-11-13T08:09:03.291+0000] {processor.py:179} INFO - Processing /home/airflow/.local/lib/python3.8/site-packages/airflow/example_dags/example_params_trigger_ui.py took 0.192 seconds
[2023-11-13T08:09:34.170+0000] {processor.py:157} INFO - Started process (PID=1566) to work on /home/airflow/.local/lib/python3.8/site-packages/airflow/example_dags/example_params_trigger_ui.py
[2023-11-13T08:09:34.171+0000] {processor.py:829} INFO - Processing file /home/airflow/.local/lib/python3.8/site-packages/airflow/example_dags/example_params_trigger_ui.py for tasks to queue
[2023-11-13T08:09:34.172+0000] {logging_mixin.py:154} INFO - [2023-11-13T08:09:34.172+0000] {dagbag.py:536} INFO - Filling up the DagBag from /home/airflow/.local/lib/python3.8/site-packages/airflow/example_dags/example_params_trigger_ui.py
[2023-11-13T08:09:34.184+0000] {processor.py:839} INFO - DAG(s) dict_keys(['example_params_trigger_ui']) retrieved from /home/airflow/.local/lib/python3.8/site-packages/airflow/example_dags/example_params_trigger_ui.py
[2023-11-13T08:09:34.222+0000] {logging_mixin.py:154} INFO - [2023-11-13T08:09:34.222+0000] {dag.py:2941} INFO - Sync 1 DAGs
[2023-11-13T08:09:34.324+0000] {logging_mixin.py:154} INFO - [2023-11-13T08:09:34.323+0000] {dag.py:3722} INFO - Setting next_dagrun for example_params_trigger_ui to None, run_after=None
[2023-11-13T08:09:34.352+0000] {processor.py:179} INFO - Processing /home/airflow/.local/lib/python3.8/site-packages/airflow/example_dags/example_params_trigger_ui.py took 0.185 seconds
[2023-11-13T08:10:04.888+0000] {processor.py:157} INFO - Started process (PID=1620) to work on /home/airflow/.local/lib/python3.8/site-packages/airflow/example_dags/example_params_trigger_ui.py
[2023-11-13T08:10:04.889+0000] {processor.py:829} INFO - Processing file /home/airflow/.local/lib/python3.8/site-packages/airflow/example_dags/example_params_trigger_ui.py for tasks to queue
[2023-11-13T08:10:04.890+0000] {logging_mixin.py:154} INFO - [2023-11-13T08:10:04.890+0000] {dagbag.py:536} INFO - Filling up the DagBag from /home/airflow/.local/lib/python3.8/site-packages/airflow/example_dags/example_params_trigger_ui.py
[2023-11-13T08:10:04.902+0000] {processor.py:839} INFO - DAG(s) dict_keys(['example_params_trigger_ui']) retrieved from /home/airflow/.local/lib/python3.8/site-packages/airflow/example_dags/example_params_trigger_ui.py
[2023-11-13T08:10:04.939+0000] {logging_mixin.py:154} INFO - [2023-11-13T08:10:04.939+0000] {dag.py:2941} INFO - Sync 1 DAGs
[2023-11-13T08:10:04.947+0000] {logging_mixin.py:154} INFO - [2023-11-13T08:10:04.947+0000] {dag.py:3722} INFO - Setting next_dagrun for example_params_trigger_ui to None, run_after=None
[2023-11-13T08:10:04.985+0000] {processor.py:179} INFO - Processing /home/airflow/.local/lib/python3.8/site-packages/airflow/example_dags/example_params_trigger_ui.py took 0.099 seconds
[2023-11-13T08:10:35.838+0000] {processor.py:157} INFO - Started process (PID=1674) to work on /home/airflow/.local/lib/python3.8/site-packages/airflow/example_dags/example_params_trigger_ui.py
[2023-11-13T08:10:35.851+0000] {processor.py:829} INFO - Processing file /home/airflow/.local/lib/python3.8/site-packages/airflow/example_dags/example_params_trigger_ui.py for tasks to queue
[2023-11-13T08:10:35.853+0000] {logging_mixin.py:154} INFO - [2023-11-13T08:10:35.852+0000] {dagbag.py:536} INFO - Filling up the DagBag from /home/airflow/.local/lib/python3.8/site-packages/airflow/example_dags/example_params_trigger_ui.py
[2023-11-13T08:10:35.867+0000] {processor.py:839} INFO - DAG(s) dict_keys(['example_params_trigger_ui']) retrieved from /home/airflow/.local/lib/python3.8/site-packages/airflow/example_dags/example_params_trigger_ui.py
[2023-11-13T08:10:35.905+0000] {logging_mixin.py:154} INFO - [2023-11-13T08:10:35.905+0000] {dag.py:2941} INFO - Sync 1 DAGs
[2023-11-13T08:10:35.913+0000] {logging_mixin.py:154} INFO - [2023-11-13T08:10:35.913+0000] {dag.py:3722} INFO - Setting next_dagrun for example_params_trigger_ui to None, run_after=None
[2023-11-13T08:10:35.953+0000] {processor.py:179} INFO - Processing /home/airflow/.local/lib/python3.8/site-packages/airflow/example_dags/example_params_trigger_ui.py took 0.118 seconds
[2023-11-13T08:11:08.015+0000] {processor.py:157} INFO - Started process (PID=1728) to work on /home/airflow/.local/lib/python3.8/site-packages/airflow/example_dags/example_params_trigger_ui.py
[2023-11-13T08:11:08.016+0000] {processor.py:829} INFO - Processing file /home/airflow/.local/lib/python3.8/site-packages/airflow/example_dags/example_params_trigger_ui.py for tasks to queue
[2023-11-13T08:11:08.018+0000] {logging_mixin.py:154} INFO - [2023-11-13T08:11:08.017+0000] {dagbag.py:536} INFO - Filling up the DagBag from /home/airflow/.local/lib/python3.8/site-packages/airflow/example_dags/example_params_trigger_ui.py
[2023-11-13T08:11:08.030+0000] {processor.py:839} INFO - DAG(s) dict_keys(['example_params_trigger_ui']) retrieved from /home/airflow/.local/lib/python3.8/site-packages/airflow/example_dags/example_params_trigger_ui.py
[2023-11-13T08:11:08.068+0000] {logging_mixin.py:154} INFO - [2023-11-13T08:11:08.068+0000] {dag.py:2941} INFO - Sync 1 DAGs
[2023-11-13T08:11:08.076+0000] {logging_mixin.py:154} INFO - [2023-11-13T08:11:08.076+0000] {dag.py:3722} INFO - Setting next_dagrun for example_params_trigger_ui to None, run_after=None
[2023-11-13T08:11:08.604+0000] {processor.py:179} INFO - Processing /home/airflow/.local/lib/python3.8/site-packages/airflow/example_dags/example_params_trigger_ui.py took 0.594 seconds
[2023-11-13T08:11:39.227+0000] {processor.py:157} INFO - Started process (PID=1782) to work on /home/airflow/.local/lib/python3.8/site-packages/airflow/example_dags/example_params_trigger_ui.py
[2023-11-13T08:11:39.227+0000] {processor.py:829} INFO - Processing file /home/airflow/.local/lib/python3.8/site-packages/airflow/example_dags/example_params_trigger_ui.py for tasks to queue
[2023-11-13T08:11:39.229+0000] {logging_mixin.py:154} INFO - [2023-11-13T08:11:39.229+0000] {dagbag.py:536} INFO - Filling up the DagBag from /home/airflow/.local/lib/python3.8/site-packages/airflow/example_dags/example_params_trigger_ui.py
[2023-11-13T08:11:39.241+0000] {processor.py:839} INFO - DAG(s) dict_keys(['example_params_trigger_ui']) retrieved from /home/airflow/.local/lib/python3.8/site-packages/airflow/example_dags/example_params_trigger_ui.py
[2023-11-13T08:11:39.279+0000] {logging_mixin.py:154} INFO - [2023-11-13T08:11:39.279+0000] {dag.py:2941} INFO - Sync 1 DAGs
[2023-11-13T08:11:39.287+0000] {logging_mixin.py:154} INFO - [2023-11-13T08:11:39.287+0000] {dag.py:3722} INFO - Setting next_dagrun for example_params_trigger_ui to None, run_after=None
[2023-11-13T08:11:39.800+0000] {processor.py:179} INFO - Processing /home/airflow/.local/lib/python3.8/site-packages/airflow/example_dags/example_params_trigger_ui.py took 0.575 seconds
[2023-11-13T08:12:10.029+0000] {processor.py:157} INFO - Started process (PID=1836) to work on /home/airflow/.local/lib/python3.8/site-packages/airflow/example_dags/example_params_trigger_ui.py
[2023-11-13T08:12:10.052+0000] {processor.py:829} INFO - Processing file /home/airflow/.local/lib/python3.8/site-packages/airflow/example_dags/example_params_trigger_ui.py for tasks to queue
[2023-11-13T08:12:10.054+0000] {logging_mixin.py:154} INFO - [2023-11-13T08:12:10.053+0000] {dagbag.py:536} INFO - Filling up the DagBag from /home/airflow/.local/lib/python3.8/site-packages/airflow/example_dags/example_params_trigger_ui.py
[2023-11-13T08:12:10.068+0000] {processor.py:839} INFO - DAG(s) dict_keys(['example_params_trigger_ui']) retrieved from /home/airflow/.local/lib/python3.8/site-packages/airflow/example_dags/example_params_trigger_ui.py
[2023-11-13T08:12:10.110+0000] {logging_mixin.py:154} INFO - [2023-11-13T08:12:10.110+0000] {dag.py:2941} INFO - Sync 1 DAGs
[2023-11-13T08:12:10.118+0000] {logging_mixin.py:154} INFO - [2023-11-13T08:12:10.118+0000] {dag.py:3722} INFO - Setting next_dagrun for example_params_trigger_ui to None, run_after=None
[2023-11-13T08:12:10.990+0000] {processor.py:179} INFO - Processing /home/airflow/.local/lib/python3.8/site-packages/airflow/example_dags/example_params_trigger_ui.py took 0.963 seconds
[2023-11-13T08:12:41.193+0000] {processor.py:157} INFO - Started process (PID=1890) to work on /home/airflow/.local/lib/python3.8/site-packages/airflow/example_dags/example_params_trigger_ui.py
[2023-11-13T08:12:41.306+0000] {processor.py:829} INFO - Processing file /home/airflow/.local/lib/python3.8/site-packages/airflow/example_dags/example_params_trigger_ui.py for tasks to queue
[2023-11-13T08:12:41.313+0000] {logging_mixin.py:154} INFO - [2023-11-13T08:12:41.312+0000] {dagbag.py:536} INFO - Filling up the DagBag from /home/airflow/.local/lib/python3.8/site-packages/airflow/example_dags/example_params_trigger_ui.py
[2023-11-13T08:12:41.355+0000] {processor.py:839} INFO - DAG(s) dict_keys(['example_params_trigger_ui']) retrieved from /home/airflow/.local/lib/python3.8/site-packages/airflow/example_dags/example_params_trigger_ui.py
[2023-11-13T08:12:41.396+0000] {logging_mixin.py:154} INFO - [2023-11-13T08:12:41.396+0000] {dag.py:2941} INFO - Sync 1 DAGs
[2023-11-13T08:12:41.404+0000] {logging_mixin.py:154} INFO - [2023-11-13T08:12:41.404+0000] {dag.py:3722} INFO - Setting next_dagrun for example_params_trigger_ui to None, run_after=None
[2023-11-13T08:12:41.480+0000] {processor.py:179} INFO - Processing /home/airflow/.local/lib/python3.8/site-packages/airflow/example_dags/example_params_trigger_ui.py took 0.289 seconds
[2023-11-13T08:13:13.508+0000] {processor.py:157} INFO - Started process (PID=1944) to work on /home/airflow/.local/lib/python3.8/site-packages/airflow/example_dags/example_params_trigger_ui.py
[2023-11-13T08:13:13.509+0000] {processor.py:829} INFO - Processing file /home/airflow/.local/lib/python3.8/site-packages/airflow/example_dags/example_params_trigger_ui.py for tasks to queue
[2023-11-13T08:13:13.511+0000] {logging_mixin.py:154} INFO - [2023-11-13T08:13:13.511+0000] {dagbag.py:536} INFO - Filling up the DagBag from /home/airflow/.local/lib/python3.8/site-packages/airflow/example_dags/example_params_trigger_ui.py
[2023-11-13T08:13:13.523+0000] {processor.py:839} INFO - DAG(s) dict_keys(['example_params_trigger_ui']) retrieved from /home/airflow/.local/lib/python3.8/site-packages/airflow/example_dags/example_params_trigger_ui.py
[2023-11-13T08:13:13.561+0000] {logging_mixin.py:154} INFO - [2023-11-13T08:13:13.561+0000] {dag.py:2941} INFO - Sync 1 DAGs
[2023-11-13T08:13:13.569+0000] {logging_mixin.py:154} INFO - [2023-11-13T08:13:13.569+0000] {dag.py:3722} INFO - Setting next_dagrun for example_params_trigger_ui to None, run_after=None
[2023-11-13T08:13:13.621+0000] {processor.py:179} INFO - Processing /home/airflow/.local/lib/python3.8/site-packages/airflow/example_dags/example_params_trigger_ui.py took 0.116 seconds
[2023-11-13T08:13:45.333+0000] {processor.py:157} INFO - Started process (PID=1998) to work on /home/airflow/.local/lib/python3.8/site-packages/airflow/example_dags/example_params_trigger_ui.py
[2023-11-13T08:13:45.334+0000] {processor.py:829} INFO - Processing file /home/airflow/.local/lib/python3.8/site-packages/airflow/example_dags/example_params_trigger_ui.py for tasks to queue
[2023-11-13T08:13:45.336+0000] {logging_mixin.py:154} INFO - [2023-11-13T08:13:45.336+0000] {dagbag.py:536} INFO - Filling up the DagBag from /home/airflow/.local/lib/python3.8/site-packages/airflow/example_dags/example_params_trigger_ui.py
[2023-11-13T08:13:45.358+0000] {processor.py:839} INFO - DAG(s) dict_keys(['example_params_trigger_ui']) retrieved from /home/airflow/.local/lib/python3.8/site-packages/airflow/example_dags/example_params_trigger_ui.py
[2023-11-13T08:13:45.399+0000] {logging_mixin.py:154} INFO - [2023-11-13T08:13:45.399+0000] {dag.py:2941} INFO - Sync 1 DAGs
[2023-11-13T08:13:45.407+0000] {logging_mixin.py:154} INFO - [2023-11-13T08:13:45.407+0000] {dag.py:3722} INFO - Setting next_dagrun for example_params_trigger_ui to None, run_after=None
[2023-11-13T08:13:45.457+0000] {processor.py:179} INFO - Processing /home/airflow/.local/lib/python3.8/site-packages/airflow/example_dags/example_params_trigger_ui.py took 0.128 seconds
[2023-11-13T08:14:16.860+0000] {processor.py:157} INFO - Started process (PID=2052) to work on /home/airflow/.local/lib/python3.8/site-packages/airflow/example_dags/example_params_trigger_ui.py
[2023-11-13T08:14:17.168+0000] {processor.py:829} INFO - Processing file /home/airflow/.local/lib/python3.8/site-packages/airflow/example_dags/example_params_trigger_ui.py for tasks to queue
[2023-11-13T08:14:17.173+0000] {logging_mixin.py:154} INFO - [2023-11-13T08:14:17.173+0000] {dagbag.py:536} INFO - Filling up the DagBag from /home/airflow/.local/lib/python3.8/site-packages/airflow/example_dags/example_params_trigger_ui.py
[2023-11-13T08:14:17.186+0000] {processor.py:839} INFO - DAG(s) dict_keys(['example_params_trigger_ui']) retrieved from /home/airflow/.local/lib/python3.8/site-packages/airflow/example_dags/example_params_trigger_ui.py
[2023-11-13T08:14:17.223+0000] {logging_mixin.py:154} INFO - [2023-11-13T08:14:17.223+0000] {dag.py:2941} INFO - Sync 1 DAGs
[2023-11-13T08:14:17.232+0000] {logging_mixin.py:154} INFO - [2023-11-13T08:14:17.232+0000] {dag.py:3722} INFO - Setting next_dagrun for example_params_trigger_ui to None, run_after=None
[2023-11-13T08:14:17.311+0000] {processor.py:179} INFO - Processing /home/airflow/.local/lib/python3.8/site-packages/airflow/example_dags/example_params_trigger_ui.py took 0.454 seconds
[2023-11-13T08:14:47.780+0000] {processor.py:157} INFO - Started process (PID=2106) to work on /home/airflow/.local/lib/python3.8/site-packages/airflow/example_dags/example_params_trigger_ui.py
[2023-11-13T08:14:47.781+0000] {processor.py:829} INFO - Processing file /home/airflow/.local/lib/python3.8/site-packages/airflow/example_dags/example_params_trigger_ui.py for tasks to queue
[2023-11-13T08:14:47.782+0000] {logging_mixin.py:154} INFO - [2023-11-13T08:14:47.782+0000] {dagbag.py:536} INFO - Filling up the DagBag from /home/airflow/.local/lib/python3.8/site-packages/airflow/example_dags/example_params_trigger_ui.py
[2023-11-13T08:14:47.793+0000] {processor.py:839} INFO - DAG(s) dict_keys(['example_params_trigger_ui']) retrieved from /home/airflow/.local/lib/python3.8/site-packages/airflow/example_dags/example_params_trigger_ui.py
[2023-11-13T08:14:47.829+0000] {logging_mixin.py:154} INFO - [2023-11-13T08:14:47.829+0000] {dag.py:2941} INFO - Sync 1 DAGs
[2023-11-13T08:14:47.837+0000] {logging_mixin.py:154} INFO - [2023-11-13T08:14:47.837+0000] {dag.py:3722} INFO - Setting next_dagrun for example_params_trigger_ui to None, run_after=None
[2023-11-13T08:14:48.158+0000] {processor.py:179} INFO - Processing /home/airflow/.local/lib/python3.8/site-packages/airflow/example_dags/example_params_trigger_ui.py took 0.380 seconds
[2023-11-13T08:15:19.078+0000] {processor.py:157} INFO - Started process (PID=2160) to work on /home/airflow/.local/lib/python3.8/site-packages/airflow/example_dags/example_params_trigger_ui.py
[2023-11-13T08:15:19.152+0000] {processor.py:829} INFO - Processing file /home/airflow/.local/lib/python3.8/site-packages/airflow/example_dags/example_params_trigger_ui.py for tasks to queue
[2023-11-13T08:15:19.154+0000] {logging_mixin.py:154} INFO - [2023-11-13T08:15:19.154+0000] {dagbag.py:536} INFO - Filling up the DagBag from /home/airflow/.local/lib/python3.8/site-packages/airflow/example_dags/example_params_trigger_ui.py
[2023-11-13T08:15:19.165+0000] {processor.py:839} INFO - DAG(s) dict_keys(['example_params_trigger_ui']) retrieved from /home/airflow/.local/lib/python3.8/site-packages/airflow/example_dags/example_params_trigger_ui.py
[2023-11-13T08:15:19.201+0000] {logging_mixin.py:154} INFO - [2023-11-13T08:15:19.201+0000] {dag.py:2941} INFO - Sync 1 DAGs
[2023-11-13T08:15:19.210+0000] {logging_mixin.py:154} INFO - [2023-11-13T08:15:19.210+0000] {dag.py:3722} INFO - Setting next_dagrun for example_params_trigger_ui to None, run_after=None
[2023-11-13T08:15:19.361+0000] {processor.py:179} INFO - Processing /home/airflow/.local/lib/python3.8/site-packages/airflow/example_dags/example_params_trigger_ui.py took 0.285 seconds
[2023-11-13T08:15:49.521+0000] {processor.py:157} INFO - Started process (PID=2214) to work on /home/airflow/.local/lib/python3.8/site-packages/airflow/example_dags/example_params_trigger_ui.py
[2023-11-13T08:15:49.522+0000] {processor.py:829} INFO - Processing file /home/airflow/.local/lib/python3.8/site-packages/airflow/example_dags/example_params_trigger_ui.py for tasks to queue
[2023-11-13T08:15:49.523+0000] {logging_mixin.py:154} INFO - [2023-11-13T08:15:49.523+0000] {dagbag.py:536} INFO - Filling up the DagBag from /home/airflow/.local/lib/python3.8/site-packages/airflow/example_dags/example_params_trigger_ui.py
[2023-11-13T08:15:49.536+0000] {processor.py:839} INFO - DAG(s) dict_keys(['example_params_trigger_ui']) retrieved from /home/airflow/.local/lib/python3.8/site-packages/airflow/example_dags/example_params_trigger_ui.py
[2023-11-13T08:15:49.573+0000] {logging_mixin.py:154} INFO - [2023-11-13T08:15:49.572+0000] {dag.py:2941} INFO - Sync 1 DAGs
[2023-11-13T08:15:49.581+0000] {logging_mixin.py:154} INFO - [2023-11-13T08:15:49.580+0000] {dag.py:3722} INFO - Setting next_dagrun for example_params_trigger_ui to None, run_after=None
[2023-11-13T08:15:50.267+0000] {processor.py:179} INFO - Processing /home/airflow/.local/lib/python3.8/site-packages/airflow/example_dags/example_params_trigger_ui.py took 0.749 seconds
[2023-11-13T08:16:20.833+0000] {processor.py:157} INFO - Started process (PID=2268) to work on /home/airflow/.local/lib/python3.8/site-packages/airflow/example_dags/example_params_trigger_ui.py
[2023-11-13T08:16:20.903+0000] {processor.py:829} INFO - Processing file /home/airflow/.local/lib/python3.8/site-packages/airflow/example_dags/example_params_trigger_ui.py for tasks to queue
[2023-11-13T08:16:20.904+0000] {logging_mixin.py:154} INFO - [2023-11-13T08:16:20.904+0000] {dagbag.py:536} INFO - Filling up the DagBag from /home/airflow/.local/lib/python3.8/site-packages/airflow/example_dags/example_params_trigger_ui.py
[2023-11-13T08:16:20.921+0000] {processor.py:839} INFO - DAG(s) dict_keys(['example_params_trigger_ui']) retrieved from /home/airflow/.local/lib/python3.8/site-packages/airflow/example_dags/example_params_trigger_ui.py
[2023-11-13T08:16:20.981+0000] {logging_mixin.py:154} INFO - [2023-11-13T08:16:20.980+0000] {dag.py:2941} INFO - Sync 1 DAGs
[2023-11-13T08:16:20.989+0000] {logging_mixin.py:154} INFO - [2023-11-13T08:16:20.989+0000] {dag.py:3722} INFO - Setting next_dagrun for example_params_trigger_ui to None, run_after=None
[2023-11-13T08:16:21.690+0000] {processor.py:179} INFO - Processing /home/airflow/.local/lib/python3.8/site-packages/airflow/example_dags/example_params_trigger_ui.py took 0.860 seconds
[2023-11-13T08:16:52.233+0000] {processor.py:157} INFO - Started process (PID=2322) to work on /home/airflow/.local/lib/python3.8/site-packages/airflow/example_dags/example_params_trigger_ui.py
[2023-11-13T08:16:52.234+0000] {processor.py:829} INFO - Processing file /home/airflow/.local/lib/python3.8/site-packages/airflow/example_dags/example_params_trigger_ui.py for tasks to queue
[2023-11-13T08:16:52.235+0000] {logging_mixin.py:154} INFO - [2023-11-13T08:16:52.235+0000] {dagbag.py:536} INFO - Filling up the DagBag from /home/airflow/.local/lib/python3.8/site-packages/airflow/example_dags/example_params_trigger_ui.py
[2023-11-13T08:16:52.248+0000] {processor.py:839} INFO - DAG(s) dict_keys(['example_params_trigger_ui']) retrieved from /home/airflow/.local/lib/python3.8/site-packages/airflow/example_dags/example_params_trigger_ui.py
[2023-11-13T08:16:52.286+0000] {logging_mixin.py:154} INFO - [2023-11-13T08:16:52.286+0000] {dag.py:2941} INFO - Sync 1 DAGs
[2023-11-13T08:16:52.294+0000] {logging_mixin.py:154} INFO - [2023-11-13T08:16:52.294+0000] {dag.py:3722} INFO - Setting next_dagrun for example_params_trigger_ui to None, run_after=None
[2023-11-13T08:16:53.064+0000] {processor.py:179} INFO - Processing /home/airflow/.local/lib/python3.8/site-packages/airflow/example_dags/example_params_trigger_ui.py took 0.833 seconds
[2023-11-13T08:17:23.946+0000] {processor.py:157} INFO - Started process (PID=2376) to work on /home/airflow/.local/lib/python3.8/site-packages/airflow/example_dags/example_params_trigger_ui.py
[2023-11-13T08:17:24.193+0000] {processor.py:829} INFO - Processing file /home/airflow/.local/lib/python3.8/site-packages/airflow/example_dags/example_params_trigger_ui.py for tasks to queue
[2023-11-13T08:17:24.198+0000] {logging_mixin.py:154} INFO - [2023-11-13T08:17:24.198+0000] {dagbag.py:536} INFO - Filling up the DagBag from /home/airflow/.local/lib/python3.8/site-packages/airflow/example_dags/example_params_trigger_ui.py
[2023-11-13T08:17:24.209+0000] {processor.py:839} INFO - DAG(s) dict_keys(['example_params_trigger_ui']) retrieved from /home/airflow/.local/lib/python3.8/site-packages/airflow/example_dags/example_params_trigger_ui.py
[2023-11-13T08:17:24.245+0000] {logging_mixin.py:154} INFO - [2023-11-13T08:17:24.245+0000] {dag.py:2941} INFO - Sync 1 DAGs
[2023-11-13T08:17:24.253+0000] {logging_mixin.py:154} INFO - [2023-11-13T08:17:24.253+0000] {dag.py:3722} INFO - Setting next_dagrun for example_params_trigger_ui to None, run_after=None
[2023-11-13T08:17:24.874+0000] {processor.py:179} INFO - Processing /home/airflow/.local/lib/python3.8/site-packages/airflow/example_dags/example_params_trigger_ui.py took 0.939 seconds
[2023-11-13T08:17:55.147+0000] {processor.py:157} INFO - Started process (PID=2430) to work on /home/airflow/.local/lib/python3.8/site-packages/airflow/example_dags/example_params_trigger_ui.py
[2023-11-13T08:17:55.148+0000] {processor.py:829} INFO - Processing file /home/airflow/.local/lib/python3.8/site-packages/airflow/example_dags/example_params_trigger_ui.py for tasks to queue
[2023-11-13T08:17:55.150+0000] {logging_mixin.py:154} INFO - [2023-11-13T08:17:55.149+0000] {dagbag.py:536} INFO - Filling up the DagBag from /home/airflow/.local/lib/python3.8/site-packages/airflow/example_dags/example_params_trigger_ui.py
[2023-11-13T08:17:55.162+0000] {processor.py:839} INFO - DAG(s) dict_keys(['example_params_trigger_ui']) retrieved from /home/airflow/.local/lib/python3.8/site-packages/airflow/example_dags/example_params_trigger_ui.py
[2023-11-13T08:17:55.200+0000] {logging_mixin.py:154} INFO - [2023-11-13T08:17:55.200+0000] {dag.py:2941} INFO - Sync 1 DAGs
[2023-11-13T08:17:55.208+0000] {logging_mixin.py:154} INFO - [2023-11-13T08:17:55.208+0000] {dag.py:3722} INFO - Setting next_dagrun for example_params_trigger_ui to None, run_after=None
[2023-11-13T08:17:56.849+0000] {processor.py:179} INFO - Processing /home/airflow/.local/lib/python3.8/site-packages/airflow/example_dags/example_params_trigger_ui.py took 1.704 seconds
[2023-11-13T08:18:27.423+0000] {processor.py:157} INFO - Started process (PID=2484) to work on /home/airflow/.local/lib/python3.8/site-packages/airflow/example_dags/example_params_trigger_ui.py
[2023-11-13T08:18:28.566+0000] {processor.py:829} INFO - Processing file /home/airflow/.local/lib/python3.8/site-packages/airflow/example_dags/example_params_trigger_ui.py for tasks to queue
[2023-11-13T08:18:28.570+0000] {logging_mixin.py:154} INFO - [2023-11-13T08:18:28.570+0000] {dagbag.py:536} INFO - Filling up the DagBag from /home/airflow/.local/lib/python3.8/site-packages/airflow/example_dags/example_params_trigger_ui.py
[2023-11-13T08:18:28.582+0000] {processor.py:839} INFO - DAG(s) dict_keys(['example_params_trigger_ui']) retrieved from /home/airflow/.local/lib/python3.8/site-packages/airflow/example_dags/example_params_trigger_ui.py
[2023-11-13T08:18:28.620+0000] {logging_mixin.py:154} INFO - [2023-11-13T08:18:28.620+0000] {dag.py:2941} INFO - Sync 1 DAGs
[2023-11-13T08:18:28.629+0000] {logging_mixin.py:154} INFO - [2023-11-13T08:18:28.628+0000] {dag.py:3722} INFO - Setting next_dagrun for example_params_trigger_ui to None, run_after=None
[2023-11-13T08:18:28.869+0000] {processor.py:179} INFO - Processing /home/airflow/.local/lib/python3.8/site-packages/airflow/example_dags/example_params_trigger_ui.py took 1.448 seconds
[2023-11-13T08:18:59.472+0000] {processor.py:157} INFO - Started process (PID=2538) to work on /home/airflow/.local/lib/python3.8/site-packages/airflow/example_dags/example_params_trigger_ui.py
[2023-11-13T08:19:01.046+0000] {processor.py:829} INFO - Processing file /home/airflow/.local/lib/python3.8/site-packages/airflow/example_dags/example_params_trigger_ui.py for tasks to queue
[2023-11-13T08:19:01.049+0000] {logging_mixin.py:154} INFO - [2023-11-13T08:19:01.049+0000] {dagbag.py:536} INFO - Filling up the DagBag from /home/airflow/.local/lib/python3.8/site-packages/airflow/example_dags/example_params_trigger_ui.py
[2023-11-13T08:19:01.062+0000] {processor.py:839} INFO - DAG(s) dict_keys(['example_params_trigger_ui']) retrieved from /home/airflow/.local/lib/python3.8/site-packages/airflow/example_dags/example_params_trigger_ui.py
[2023-11-13T08:19:01.099+0000] {logging_mixin.py:154} INFO - [2023-11-13T08:19:01.099+0000] {dag.py:2941} INFO - Sync 1 DAGs
[2023-11-13T08:19:01.107+0000] {logging_mixin.py:154} INFO - [2023-11-13T08:19:01.107+0000] {dag.py:3722} INFO - Setting next_dagrun for example_params_trigger_ui to None, run_after=None
[2023-11-13T08:19:01.157+0000] {processor.py:179} INFO - Processing /home/airflow/.local/lib/python3.8/site-packages/airflow/example_dags/example_params_trigger_ui.py took 1.687 seconds
[2023-11-13T08:19:31.639+0000] {processor.py:157} INFO - Started process (PID=2592) to work on /home/airflow/.local/lib/python3.8/site-packages/airflow/example_dags/example_params_trigger_ui.py
[2023-11-13T08:19:31.640+0000] {processor.py:829} INFO - Processing file /home/airflow/.local/lib/python3.8/site-packages/airflow/example_dags/example_params_trigger_ui.py for tasks to queue
[2023-11-13T08:19:31.641+0000] {logging_mixin.py:154} INFO - [2023-11-13T08:19:31.641+0000] {dagbag.py:536} INFO - Filling up the DagBag from /home/airflow/.local/lib/python3.8/site-packages/airflow/example_dags/example_params_trigger_ui.py
[2023-11-13T08:19:31.654+0000] {processor.py:839} INFO - DAG(s) dict_keys(['example_params_trigger_ui']) retrieved from /home/airflow/.local/lib/python3.8/site-packages/airflow/example_dags/example_params_trigger_ui.py
[2023-11-13T08:19:31.691+0000] {logging_mixin.py:154} INFO - [2023-11-13T08:19:31.691+0000] {dag.py:2941} INFO - Sync 1 DAGs
[2023-11-13T08:19:31.699+0000] {logging_mixin.py:154} INFO - [2023-11-13T08:19:31.699+0000] {dag.py:3722} INFO - Setting next_dagrun for example_params_trigger_ui to None, run_after=None
[2023-11-13T08:19:33.776+0000] {processor.py:179} INFO - Processing /home/airflow/.local/lib/python3.8/site-packages/airflow/example_dags/example_params_trigger_ui.py took 2.139 seconds
[2023-11-13T08:20:04.471+0000] {processor.py:157} INFO - Started process (PID=2646) to work on /home/airflow/.local/lib/python3.8/site-packages/airflow/example_dags/example_params_trigger_ui.py
[2023-11-13T08:20:04.499+0000] {processor.py:829} INFO - Processing file /home/airflow/.local/lib/python3.8/site-packages/airflow/example_dags/example_params_trigger_ui.py for tasks to queue
[2023-11-13T08:20:04.500+0000] {logging_mixin.py:154} INFO - [2023-11-13T08:20:04.500+0000] {dagbag.py:536} INFO - Filling up the DagBag from /home/airflow/.local/lib/python3.8/site-packages/airflow/example_dags/example_params_trigger_ui.py
[2023-11-13T08:20:04.512+0000] {processor.py:839} INFO - DAG(s) dict_keys(['example_params_trigger_ui']) retrieved from /home/airflow/.local/lib/python3.8/site-packages/airflow/example_dags/example_params_trigger_ui.py
[2023-11-13T08:20:04.550+0000] {logging_mixin.py:154} INFO - [2023-11-13T08:20:04.549+0000] {dag.py:2941} INFO - Sync 1 DAGs
[2023-11-13T08:20:04.558+0000] {logging_mixin.py:154} INFO - [2023-11-13T08:20:04.558+0000] {dag.py:3722} INFO - Setting next_dagrun for example_params_trigger_ui to None, run_after=None
[2023-11-13T08:20:06.287+0000] {processor.py:179} INFO - Processing /home/airflow/.local/lib/python3.8/site-packages/airflow/example_dags/example_params_trigger_ui.py took 1.819 seconds
[2023-11-13T08:20:36.746+0000] {processor.py:157} INFO - Started process (PID=2700) to work on /home/airflow/.local/lib/python3.8/site-packages/airflow/example_dags/example_params_trigger_ui.py
[2023-11-13T08:20:36.747+0000] {processor.py:829} INFO - Processing file /home/airflow/.local/lib/python3.8/site-packages/airflow/example_dags/example_params_trigger_ui.py for tasks to queue
[2023-11-13T08:20:36.749+0000] {logging_mixin.py:154} INFO - [2023-11-13T08:20:36.748+0000] {dagbag.py:536} INFO - Filling up the DagBag from /home/airflow/.local/lib/python3.8/site-packages/airflow/example_dags/example_params_trigger_ui.py
[2023-11-13T08:20:36.761+0000] {processor.py:839} INFO - DAG(s) dict_keys(['example_params_trigger_ui']) retrieved from /home/airflow/.local/lib/python3.8/site-packages/airflow/example_dags/example_params_trigger_ui.py
[2023-11-13T08:20:36.799+0000] {logging_mixin.py:154} INFO - [2023-11-13T08:20:36.799+0000] {dag.py:2941} INFO - Sync 1 DAGs
[2023-11-13T08:20:36.808+0000] {logging_mixin.py:154} INFO - [2023-11-13T08:20:36.808+0000] {dag.py:3722} INFO - Setting next_dagrun for example_params_trigger_ui to None, run_after=None
[2023-11-13T08:20:36.955+0000] {processor.py:179} INFO - Processing /home/airflow/.local/lib/python3.8/site-packages/airflow/example_dags/example_params_trigger_ui.py took 0.211 seconds
[2023-11-13T08:21:07.602+0000] {processor.py:157} INFO - Started process (PID=2754) to work on /home/airflow/.local/lib/python3.8/site-packages/airflow/example_dags/example_params_trigger_ui.py
[2023-11-13T08:21:07.603+0000] {processor.py:829} INFO - Processing file /home/airflow/.local/lib/python3.8/site-packages/airflow/example_dags/example_params_trigger_ui.py for tasks to queue
[2023-11-13T08:21:07.604+0000] {logging_mixin.py:154} INFO - [2023-11-13T08:21:07.604+0000] {dagbag.py:536} INFO - Filling up the DagBag from /home/airflow/.local/lib/python3.8/site-packages/airflow/example_dags/example_params_trigger_ui.py
[2023-11-13T08:21:07.622+0000] {processor.py:839} INFO - DAG(s) dict_keys(['example_params_trigger_ui']) retrieved from /home/airflow/.local/lib/python3.8/site-packages/airflow/example_dags/example_params_trigger_ui.py
[2023-11-13T08:21:07.660+0000] {logging_mixin.py:154} INFO - [2023-11-13T08:21:07.659+0000] {dag.py:2941} INFO - Sync 1 DAGs
[2023-11-13T08:21:07.668+0000] {logging_mixin.py:154} INFO - [2023-11-13T08:21:07.668+0000] {dag.py:3722} INFO - Setting next_dagrun for example_params_trigger_ui to None, run_after=None
[2023-11-13T08:21:08.664+0000] {processor.py:179} INFO - Processing /home/airflow/.local/lib/python3.8/site-packages/airflow/example_dags/example_params_trigger_ui.py took 1.064 seconds
[2023-11-13T08:21:38.885+0000] {processor.py:157} INFO - Started process (PID=2808) to work on /home/airflow/.local/lib/python3.8/site-packages/airflow/example_dags/example_params_trigger_ui.py
[2023-11-13T08:21:38.894+0000] {processor.py:829} INFO - Processing file /home/airflow/.local/lib/python3.8/site-packages/airflow/example_dags/example_params_trigger_ui.py for tasks to queue
[2023-11-13T08:21:38.896+0000] {logging_mixin.py:154} INFO - [2023-11-13T08:21:38.896+0000] {dagbag.py:536} INFO - Filling up the DagBag from /home/airflow/.local/lib/python3.8/site-packages/airflow/example_dags/example_params_trigger_ui.py
[2023-11-13T08:21:38.911+0000] {processor.py:839} INFO - DAG(s) dict_keys(['example_params_trigger_ui']) retrieved from /home/airflow/.local/lib/python3.8/site-packages/airflow/example_dags/example_params_trigger_ui.py
[2023-11-13T08:21:38.955+0000] {logging_mixin.py:154} INFO - [2023-11-13T08:21:38.955+0000] {dag.py:2941} INFO - Sync 1 DAGs
[2023-11-13T08:21:38.963+0000] {logging_mixin.py:154} INFO - [2023-11-13T08:21:38.963+0000] {dag.py:3722} INFO - Setting next_dagrun for example_params_trigger_ui to None, run_after=None
[2023-11-13T08:21:40.602+0000] {processor.py:179} INFO - Processing /home/airflow/.local/lib/python3.8/site-packages/airflow/example_dags/example_params_trigger_ui.py took 1.719 seconds
[2023-11-13T08:22:11.269+0000] {processor.py:157} INFO - Started process (PID=2862) to work on /home/airflow/.local/lib/python3.8/site-packages/airflow/example_dags/example_params_trigger_ui.py
[2023-11-13T08:22:11.270+0000] {processor.py:829} INFO - Processing file /home/airflow/.local/lib/python3.8/site-packages/airflow/example_dags/example_params_trigger_ui.py for tasks to queue
[2023-11-13T08:22:11.272+0000] {logging_mixin.py:154} INFO - [2023-11-13T08:22:11.272+0000] {dagbag.py:536} INFO - Filling up the DagBag from /home/airflow/.local/lib/python3.8/site-packages/airflow/example_dags/example_params_trigger_ui.py
[2023-11-13T08:22:11.286+0000] {processor.py:839} INFO - DAG(s) dict_keys(['example_params_trigger_ui']) retrieved from /home/airflow/.local/lib/python3.8/site-packages/airflow/example_dags/example_params_trigger_ui.py
[2023-11-13T08:22:11.331+0000] {logging_mixin.py:154} INFO - [2023-11-13T08:22:11.331+0000] {dag.py:2941} INFO - Sync 1 DAGs
[2023-11-13T08:22:11.340+0000] {logging_mixin.py:154} INFO - [2023-11-13T08:22:11.340+0000] {dag.py:3722} INFO - Setting next_dagrun for example_params_trigger_ui to None, run_after=None
[2023-11-13T08:22:13.042+0000] {processor.py:179} INFO - Processing /home/airflow/.local/lib/python3.8/site-packages/airflow/example_dags/example_params_trigger_ui.py took 1.775 seconds
[2023-11-13T08:22:43.253+0000] {processor.py:157} INFO - Started process (PID=2916) to work on /home/airflow/.local/lib/python3.8/site-packages/airflow/example_dags/example_params_trigger_ui.py
[2023-11-13T08:22:43.265+0000] {processor.py:829} INFO - Processing file /home/airflow/.local/lib/python3.8/site-packages/airflow/example_dags/example_params_trigger_ui.py for tasks to queue
[2023-11-13T08:22:43.267+0000] {logging_mixin.py:154} INFO - [2023-11-13T08:22:43.266+0000] {dagbag.py:536} INFO - Filling up the DagBag from /home/airflow/.local/lib/python3.8/site-packages/airflow/example_dags/example_params_trigger_ui.py
[2023-11-13T08:22:43.279+0000] {processor.py:839} INFO - DAG(s) dict_keys(['example_params_trigger_ui']) retrieved from /home/airflow/.local/lib/python3.8/site-packages/airflow/example_dags/example_params_trigger_ui.py
[2023-11-13T08:22:43.317+0000] {logging_mixin.py:154} INFO - [2023-11-13T08:22:43.317+0000] {dag.py:2941} INFO - Sync 1 DAGs
[2023-11-13T08:22:43.327+0000] {logging_mixin.py:154} INFO - [2023-11-13T08:22:43.327+0000] {dag.py:3722} INFO - Setting next_dagrun for example_params_trigger_ui to None, run_after=None
[2023-11-13T08:22:43.350+0000] {processor.py:179} INFO - Processing /home/airflow/.local/lib/python3.8/site-packages/airflow/example_dags/example_params_trigger_ui.py took 0.099 seconds
[2023-11-13T08:23:13.897+0000] {processor.py:157} INFO - Started process (PID=2970) to work on /home/airflow/.local/lib/python3.8/site-packages/airflow/example_dags/example_params_trigger_ui.py
[2023-11-13T08:23:13.898+0000] {processor.py:829} INFO - Processing file /home/airflow/.local/lib/python3.8/site-packages/airflow/example_dags/example_params_trigger_ui.py for tasks to queue
[2023-11-13T08:23:13.899+0000] {logging_mixin.py:154} INFO - [2023-11-13T08:23:13.899+0000] {dagbag.py:536} INFO - Filling up the DagBag from /home/airflow/.local/lib/python3.8/site-packages/airflow/example_dags/example_params_trigger_ui.py
[2023-11-13T08:23:13.911+0000] {processor.py:839} INFO - DAG(s) dict_keys(['example_params_trigger_ui']) retrieved from /home/airflow/.local/lib/python3.8/site-packages/airflow/example_dags/example_params_trigger_ui.py
[2023-11-13T08:23:13.950+0000] {logging_mixin.py:154} INFO - [2023-11-13T08:23:13.950+0000] {dag.py:2941} INFO - Sync 1 DAGs
[2023-11-13T08:23:13.960+0000] {logging_mixin.py:154} INFO - [2023-11-13T08:23:13.960+0000] {dag.py:3722} INFO - Setting next_dagrun for example_params_trigger_ui to None, run_after=None
[2023-11-13T08:23:15.202+0000] {processor.py:179} INFO - Processing /home/airflow/.local/lib/python3.8/site-packages/airflow/example_dags/example_params_trigger_ui.py took 1.307 seconds
[2023-11-13T08:23:45.279+0000] {processor.py:157} INFO - Started process (PID=3024) to work on /home/airflow/.local/lib/python3.8/site-packages/airflow/example_dags/example_params_trigger_ui.py
[2023-11-13T08:23:45.283+0000] {processor.py:829} INFO - Processing file /home/airflow/.local/lib/python3.8/site-packages/airflow/example_dags/example_params_trigger_ui.py for tasks to queue
[2023-11-13T08:23:45.285+0000] {logging_mixin.py:154} INFO - [2023-11-13T08:23:45.284+0000] {dagbag.py:536} INFO - Filling up the DagBag from /home/airflow/.local/lib/python3.8/site-packages/airflow/example_dags/example_params_trigger_ui.py
[2023-11-13T08:23:45.298+0000] {processor.py:839} INFO - DAG(s) dict_keys(['example_params_trigger_ui']) retrieved from /home/airflow/.local/lib/python3.8/site-packages/airflow/example_dags/example_params_trigger_ui.py
[2023-11-13T08:23:45.339+0000] {logging_mixin.py:154} INFO - [2023-11-13T08:23:45.339+0000] {dag.py:2941} INFO - Sync 1 DAGs
[2023-11-13T08:23:45.348+0000] {logging_mixin.py:154} INFO - [2023-11-13T08:23:45.347+0000] {dag.py:3722} INFO - Setting next_dagrun for example_params_trigger_ui to None, run_after=None
[2023-11-13T08:23:46.405+0000] {processor.py:179} INFO - Processing /home/airflow/.local/lib/python3.8/site-packages/airflow/example_dags/example_params_trigger_ui.py took 1.128 seconds
[2023-11-13T08:24:16.507+0000] {processor.py:157} INFO - Started process (PID=3078) to work on /home/airflow/.local/lib/python3.8/site-packages/airflow/example_dags/example_params_trigger_ui.py
[2023-11-13T08:24:16.507+0000] {processor.py:829} INFO - Processing file /home/airflow/.local/lib/python3.8/site-packages/airflow/example_dags/example_params_trigger_ui.py for tasks to queue
[2023-11-13T08:24:16.509+0000] {logging_mixin.py:154} INFO - [2023-11-13T08:24:16.509+0000] {dagbag.py:536} INFO - Filling up the DagBag from /home/airflow/.local/lib/python3.8/site-packages/airflow/example_dags/example_params_trigger_ui.py
[2023-11-13T08:24:16.521+0000] {processor.py:839} INFO - DAG(s) dict_keys(['example_params_trigger_ui']) retrieved from /home/airflow/.local/lib/python3.8/site-packages/airflow/example_dags/example_params_trigger_ui.py
[2023-11-13T08:24:16.560+0000] {logging_mixin.py:154} INFO - [2023-11-13T08:24:16.560+0000] {dag.py:2941} INFO - Sync 1 DAGs
[2023-11-13T08:24:16.569+0000] {logging_mixin.py:154} INFO - [2023-11-13T08:24:16.569+0000] {dag.py:3722} INFO - Setting next_dagrun for example_params_trigger_ui to None, run_after=None
[2023-11-13T08:24:16.621+0000] {processor.py:179} INFO - Processing /home/airflow/.local/lib/python3.8/site-packages/airflow/example_dags/example_params_trigger_ui.py took 0.116 seconds
[2023-11-13T08:24:47.123+0000] {processor.py:157} INFO - Started process (PID=3132) to work on /home/airflow/.local/lib/python3.8/site-packages/airflow/example_dags/example_params_trigger_ui.py
[2023-11-13T08:24:48.408+0000] {processor.py:829} INFO - Processing file /home/airflow/.local/lib/python3.8/site-packages/airflow/example_dags/example_params_trigger_ui.py for tasks to queue
[2023-11-13T08:24:48.414+0000] {logging_mixin.py:154} INFO - [2023-11-13T08:24:48.414+0000] {dagbag.py:536} INFO - Filling up the DagBag from /home/airflow/.local/lib/python3.8/site-packages/airflow/example_dags/example_params_trigger_ui.py
[2023-11-13T08:24:48.456+0000] {processor.py:839} INFO - DAG(s) dict_keys(['example_params_trigger_ui']) retrieved from /home/airflow/.local/lib/python3.8/site-packages/airflow/example_dags/example_params_trigger_ui.py
[2023-11-13T08:24:48.497+0000] {logging_mixin.py:154} INFO - [2023-11-13T08:24:48.497+0000] {dag.py:2941} INFO - Sync 1 DAGs
[2023-11-13T08:24:48.505+0000] {logging_mixin.py:154} INFO - [2023-11-13T08:24:48.505+0000] {dag.py:3722} INFO - Setting next_dagrun for example_params_trigger_ui to None, run_after=None
[2023-11-13T08:24:49.599+0000] {processor.py:179} INFO - Processing /home/airflow/.local/lib/python3.8/site-packages/airflow/example_dags/example_params_trigger_ui.py took 2.479 seconds
[2023-11-13T08:25:19.856+0000] {processor.py:157} INFO - Started process (PID=3186) to work on /home/airflow/.local/lib/python3.8/site-packages/airflow/example_dags/example_params_trigger_ui.py
[2023-11-13T08:25:20.296+0000] {processor.py:829} INFO - Processing file /home/airflow/.local/lib/python3.8/site-packages/airflow/example_dags/example_params_trigger_ui.py for tasks to queue
[2023-11-13T08:25:20.298+0000] {logging_mixin.py:154} INFO - [2023-11-13T08:25:20.298+0000] {dagbag.py:536} INFO - Filling up the DagBag from /home/airflow/.local/lib/python3.8/site-packages/airflow/example_dags/example_params_trigger_ui.py
[2023-11-13T08:25:20.311+0000] {processor.py:839} INFO - DAG(s) dict_keys(['example_params_trigger_ui']) retrieved from /home/airflow/.local/lib/python3.8/site-packages/airflow/example_dags/example_params_trigger_ui.py
[2023-11-13T08:25:20.355+0000] {logging_mixin.py:154} INFO - [2023-11-13T08:25:20.354+0000] {dag.py:2941} INFO - Sync 1 DAGs
[2023-11-13T08:25:20.364+0000] {logging_mixin.py:154} INFO - [2023-11-13T08:25:20.363+0000] {dag.py:3722} INFO - Setting next_dagrun for example_params_trigger_ui to None, run_after=None
[2023-11-13T08:25:20.440+0000] {processor.py:179} INFO - Processing /home/airflow/.local/lib/python3.8/site-packages/airflow/example_dags/example_params_trigger_ui.py took 0.586 seconds
[2023-11-13T08:25:50.468+0000] {processor.py:157} INFO - Started process (PID=3240) to work on /home/airflow/.local/lib/python3.8/site-packages/airflow/example_dags/example_params_trigger_ui.py
[2023-11-13T08:25:50.469+0000] {processor.py:829} INFO - Processing file /home/airflow/.local/lib/python3.8/site-packages/airflow/example_dags/example_params_trigger_ui.py for tasks to queue
[2023-11-13T08:25:50.470+0000] {logging_mixin.py:154} INFO - [2023-11-13T08:25:50.470+0000] {dagbag.py:536} INFO - Filling up the DagBag from /home/airflow/.local/lib/python3.8/site-packages/airflow/example_dags/example_params_trigger_ui.py
[2023-11-13T08:25:50.482+0000] {processor.py:839} INFO - DAG(s) dict_keys(['example_params_trigger_ui']) retrieved from /home/airflow/.local/lib/python3.8/site-packages/airflow/example_dags/example_params_trigger_ui.py
[2023-11-13T08:25:50.521+0000] {logging_mixin.py:154} INFO - [2023-11-13T08:25:50.521+0000] {dag.py:2941} INFO - Sync 1 DAGs
[2023-11-13T08:25:50.529+0000] {logging_mixin.py:154} INFO - [2023-11-13T08:25:50.529+0000] {dag.py:3722} INFO - Setting next_dagrun for example_params_trigger_ui to None, run_after=None
[2023-11-13T08:25:52.293+0000] {processor.py:179} INFO - Processing /home/airflow/.local/lib/python3.8/site-packages/airflow/example_dags/example_params_trigger_ui.py took 1.827 seconds
[2023-11-13T08:26:23.044+0000] {processor.py:157} INFO - Started process (PID=3295) to work on /home/airflow/.local/lib/python3.8/site-packages/airflow/example_dags/example_params_trigger_ui.py
[2023-11-13T08:26:23.171+0000] {processor.py:829} INFO - Processing file /home/airflow/.local/lib/python3.8/site-packages/airflow/example_dags/example_params_trigger_ui.py for tasks to queue
[2023-11-13T08:26:23.174+0000] {logging_mixin.py:154} INFO - [2023-11-13T08:26:23.174+0000] {dagbag.py:536} INFO - Filling up the DagBag from /home/airflow/.local/lib/python3.8/site-packages/airflow/example_dags/example_params_trigger_ui.py
[2023-11-13T08:26:23.193+0000] {processor.py:839} INFO - DAG(s) dict_keys(['example_params_trigger_ui']) retrieved from /home/airflow/.local/lib/python3.8/site-packages/airflow/example_dags/example_params_trigger_ui.py
[2023-11-13T08:26:23.237+0000] {logging_mixin.py:154} INFO - [2023-11-13T08:26:23.237+0000] {dag.py:2941} INFO - Sync 1 DAGs
[2023-11-13T08:26:23.246+0000] {logging_mixin.py:154} INFO - [2023-11-13T08:26:23.246+0000] {dag.py:3722} INFO - Setting next_dagrun for example_params_trigger_ui to None, run_after=None
[2023-11-13T08:26:24.543+0000] {processor.py:179} INFO - Processing /home/airflow/.local/lib/python3.8/site-packages/airflow/example_dags/example_params_trigger_ui.py took 1.505 seconds
[2023-11-13T08:26:54.620+0000] {processor.py:157} INFO - Started process (PID=3349) to work on /home/airflow/.local/lib/python3.8/site-packages/airflow/example_dags/example_params_trigger_ui.py
[2023-11-13T08:26:54.621+0000] {processor.py:829} INFO - Processing file /home/airflow/.local/lib/python3.8/site-packages/airflow/example_dags/example_params_trigger_ui.py for tasks to queue
[2023-11-13T08:26:54.622+0000] {logging_mixin.py:154} INFO - [2023-11-13T08:26:54.622+0000] {dagbag.py:536} INFO - Filling up the DagBag from /home/airflow/.local/lib/python3.8/site-packages/airflow/example_dags/example_params_trigger_ui.py
[2023-11-13T08:26:54.634+0000] {processor.py:839} INFO - DAG(s) dict_keys(['example_params_trigger_ui']) retrieved from /home/airflow/.local/lib/python3.8/site-packages/airflow/example_dags/example_params_trigger_ui.py
[2023-11-13T08:26:54.670+0000] {logging_mixin.py:154} INFO - [2023-11-13T08:26:54.670+0000] {dag.py:2941} INFO - Sync 1 DAGs
[2023-11-13T08:26:54.678+0000] {logging_mixin.py:154} INFO - [2023-11-13T08:26:54.678+0000] {dag.py:3722} INFO - Setting next_dagrun for example_params_trigger_ui to None, run_after=None
[2023-11-13T08:26:54.943+0000] {processor.py:179} INFO - Processing /home/airflow/.local/lib/python3.8/site-packages/airflow/example_dags/example_params_trigger_ui.py took 0.325 seconds
[2023-11-13T08:27:25.660+0000] {processor.py:157} INFO - Started process (PID=3403) to work on /home/airflow/.local/lib/python3.8/site-packages/airflow/example_dags/example_params_trigger_ui.py
[2023-11-13T08:27:25.665+0000] {processor.py:829} INFO - Processing file /home/airflow/.local/lib/python3.8/site-packages/airflow/example_dags/example_params_trigger_ui.py for tasks to queue
[2023-11-13T08:27:25.666+0000] {logging_mixin.py:154} INFO - [2023-11-13T08:27:25.666+0000] {dagbag.py:536} INFO - Filling up the DagBag from /home/airflow/.local/lib/python3.8/site-packages/airflow/example_dags/example_params_trigger_ui.py
[2023-11-13T08:27:25.679+0000] {processor.py:839} INFO - DAG(s) dict_keys(['example_params_trigger_ui']) retrieved from /home/airflow/.local/lib/python3.8/site-packages/airflow/example_dags/example_params_trigger_ui.py
[2023-11-13T08:27:25.722+0000] {logging_mixin.py:154} INFO - [2023-11-13T08:27:25.721+0000] {dag.py:2941} INFO - Sync 1 DAGs
[2023-11-13T08:27:25.733+0000] {logging_mixin.py:154} INFO - [2023-11-13T08:27:25.732+0000] {dag.py:3722} INFO - Setting next_dagrun for example_params_trigger_ui to None, run_after=None
[2023-11-13T08:27:27.357+0000] {processor.py:179} INFO - Processing /home/airflow/.local/lib/python3.8/site-packages/airflow/example_dags/example_params_trigger_ui.py took 1.700 seconds
[2023-11-13T08:27:57.512+0000] {processor.py:157} INFO - Started process (PID=3457) to work on /home/airflow/.local/lib/python3.8/site-packages/airflow/example_dags/example_params_trigger_ui.py
[2023-11-13T08:27:57.513+0000] {processor.py:829} INFO - Processing file /home/airflow/.local/lib/python3.8/site-packages/airflow/example_dags/example_params_trigger_ui.py for tasks to queue
[2023-11-13T08:27:57.514+0000] {logging_mixin.py:154} INFO - [2023-11-13T08:27:57.514+0000] {dagbag.py:536} INFO - Filling up the DagBag from /home/airflow/.local/lib/python3.8/site-packages/airflow/example_dags/example_params_trigger_ui.py
[2023-11-13T08:27:57.527+0000] {processor.py:839} INFO - DAG(s) dict_keys(['example_params_trigger_ui']) retrieved from /home/airflow/.local/lib/python3.8/site-packages/airflow/example_dags/example_params_trigger_ui.py
[2023-11-13T08:27:57.566+0000] {logging_mixin.py:154} INFO - [2023-11-13T08:27:57.566+0000] {dag.py:2941} INFO - Sync 1 DAGs
[2023-11-13T08:27:57.574+0000] {logging_mixin.py:154} INFO - [2023-11-13T08:27:57.574+0000] {dag.py:3722} INFO - Setting next_dagrun for example_params_trigger_ui to None, run_after=None
[2023-11-13T08:27:59.028+0000] {processor.py:179} INFO - Processing /home/airflow/.local/lib/python3.8/site-packages/airflow/example_dags/example_params_trigger_ui.py took 1.518 seconds
[2023-11-13T08:28:29.066+0000] {processor.py:157} INFO - Started process (PID=3511) to work on /home/airflow/.local/lib/python3.8/site-packages/airflow/example_dags/example_params_trigger_ui.py
[2023-11-13T08:28:29.083+0000] {processor.py:829} INFO - Processing file /home/airflow/.local/lib/python3.8/site-packages/airflow/example_dags/example_params_trigger_ui.py for tasks to queue
[2023-11-13T08:28:29.085+0000] {logging_mixin.py:154} INFO - [2023-11-13T08:28:29.085+0000] {dagbag.py:536} INFO - Filling up the DagBag from /home/airflow/.local/lib/python3.8/site-packages/airflow/example_dags/example_params_trigger_ui.py
[2023-11-13T08:28:29.099+0000] {processor.py:839} INFO - DAG(s) dict_keys(['example_params_trigger_ui']) retrieved from /home/airflow/.local/lib/python3.8/site-packages/airflow/example_dags/example_params_trigger_ui.py
[2023-11-13T08:28:29.142+0000] {logging_mixin.py:154} INFO - [2023-11-13T08:28:29.142+0000] {dag.py:2941} INFO - Sync 1 DAGs
[2023-11-13T08:28:29.150+0000] {logging_mixin.py:154} INFO - [2023-11-13T08:28:29.150+0000] {dag.py:3722} INFO - Setting next_dagrun for example_params_trigger_ui to None, run_after=None
[2023-11-13T08:28:29.176+0000] {processor.py:179} INFO - Processing /home/airflow/.local/lib/python3.8/site-packages/airflow/example_dags/example_params_trigger_ui.py took 0.113 seconds
[2023-11-13T08:44:44.564+0000] {processor.py:157} INFO - Started process (PID=47) to work on /home/airflow/.local/lib/python3.8/site-packages/airflow/example_dags/example_params_trigger_ui.py
[2023-11-13T08:44:44.575+0000] {processor.py:829} INFO - Processing file /home/airflow/.local/lib/python3.8/site-packages/airflow/example_dags/example_params_trigger_ui.py for tasks to queue
[2023-11-13T08:44:44.577+0000] {logging_mixin.py:154} INFO - [2023-11-13T08:44:44.577+0000] {dagbag.py:536} INFO - Filling up the DagBag from /home/airflow/.local/lib/python3.8/site-packages/airflow/example_dags/example_params_trigger_ui.py
[2023-11-13T08:44:44.596+0000] {processor.py:839} INFO - DAG(s) dict_keys(['example_params_trigger_ui']) retrieved from /home/airflow/.local/lib/python3.8/site-packages/airflow/example_dags/example_params_trigger_ui.py
[2023-11-13T08:44:44.747+0000] {logging_mixin.py:154} INFO - [2023-11-13T08:44:44.746+0000] {manager.py:499} INFO - Created Permission View: %s
[2023-11-13T08:44:44.781+0000] {logging_mixin.py:154} INFO - [2023-11-13T08:44:44.781+0000] {manager.py:499} INFO - Created Permission View: %s
[2023-11-13T08:44:44.816+0000] {logging_mixin.py:154} INFO - [2023-11-13T08:44:44.816+0000] {manager.py:499} INFO - Created Permission View: %s
[2023-11-13T08:44:44.816+0000] {logging_mixin.py:154} INFO - [2023-11-13T08:44:44.816+0000] {dag.py:2941} INFO - Sync 1 DAGs
[2023-11-13T08:44:44.824+0000] {logging_mixin.py:154} INFO - [2023-11-13T08:44:44.824+0000] {dag.py:2963} INFO - Creating ORM DAG for example_params_trigger_ui
[2023-11-13T08:44:44.825+0000] {logging_mixin.py:154} INFO - [2023-11-13T08:44:44.825+0000] {dag.py:3722} INFO - Setting next_dagrun for example_params_trigger_ui to None, run_after=None
[2023-11-13T08:44:44.856+0000] {processor.py:179} INFO - Processing /home/airflow/.local/lib/python3.8/site-packages/airflow/example_dags/example_params_trigger_ui.py took 0.294 seconds
[2023-11-13T08:45:32.035+0000] {processor.py:157} INFO - Started process (PID=46) to work on /home/airflow/.local/lib/python3.8/site-packages/airflow/example_dags/example_params_trigger_ui.py
[2023-11-13T08:45:32.058+0000] {processor.py:829} INFO - Processing file /home/airflow/.local/lib/python3.8/site-packages/airflow/example_dags/example_params_trigger_ui.py for tasks to queue
[2023-11-13T08:45:32.060+0000] {logging_mixin.py:154} INFO - [2023-11-13T08:45:32.059+0000] {dagbag.py:536} INFO - Filling up the DagBag from /home/airflow/.local/lib/python3.8/site-packages/airflow/example_dags/example_params_trigger_ui.py
[2023-11-13T08:45:32.072+0000] {processor.py:839} INFO - DAG(s) dict_keys(['example_params_trigger_ui']) retrieved from /home/airflow/.local/lib/python3.8/site-packages/airflow/example_dags/example_params_trigger_ui.py
[2023-11-13T08:45:32.114+0000] {logging_mixin.py:154} INFO - [2023-11-13T08:45:32.114+0000] {dag.py:2941} INFO - Sync 1 DAGs
[2023-11-13T08:45:32.123+0000] {logging_mixin.py:154} INFO - [2023-11-13T08:45:32.123+0000] {dag.py:3722} INFO - Setting next_dagrun for example_params_trigger_ui to None, run_after=None
[2023-11-13T08:45:32.170+0000] {processor.py:179} INFO - Processing /home/airflow/.local/lib/python3.8/site-packages/airflow/example_dags/example_params_trigger_ui.py took 0.138 seconds
[2023-11-13T08:46:03.020+0000] {processor.py:157} INFO - Started process (PID=100) to work on /home/airflow/.local/lib/python3.8/site-packages/airflow/example_dags/example_params_trigger_ui.py
[2023-11-13T08:46:03.020+0000] {processor.py:829} INFO - Processing file /home/airflow/.local/lib/python3.8/site-packages/airflow/example_dags/example_params_trigger_ui.py for tasks to queue
[2023-11-13T08:46:03.022+0000] {logging_mixin.py:154} INFO - [2023-11-13T08:46:03.022+0000] {dagbag.py:536} INFO - Filling up the DagBag from /home/airflow/.local/lib/python3.8/site-packages/airflow/example_dags/example_params_trigger_ui.py
[2023-11-13T08:46:03.034+0000] {processor.py:839} INFO - DAG(s) dict_keys(['example_params_trigger_ui']) retrieved from /home/airflow/.local/lib/python3.8/site-packages/airflow/example_dags/example_params_trigger_ui.py
[2023-11-13T08:46:03.076+0000] {logging_mixin.py:154} INFO - [2023-11-13T08:46:03.075+0000] {dag.py:2941} INFO - Sync 1 DAGs
[2023-11-13T08:46:03.084+0000] {logging_mixin.py:154} INFO - [2023-11-13T08:46:03.084+0000] {dag.py:3722} INFO - Setting next_dagrun for example_params_trigger_ui to None, run_after=None
[2023-11-13T08:46:03.933+0000] {processor.py:179} INFO - Processing /home/airflow/.local/lib/python3.8/site-packages/airflow/example_dags/example_params_trigger_ui.py took 0.916 seconds
[2023-11-13T08:46:34.221+0000] {processor.py:157} INFO - Started process (PID=154) to work on /home/airflow/.local/lib/python3.8/site-packages/airflow/example_dags/example_params_trigger_ui.py
[2023-11-13T08:46:34.343+0000] {processor.py:829} INFO - Processing file /home/airflow/.local/lib/python3.8/site-packages/airflow/example_dags/example_params_trigger_ui.py for tasks to queue
[2023-11-13T08:46:34.350+0000] {logging_mixin.py:154} INFO - [2023-11-13T08:46:34.349+0000] {dagbag.py:536} INFO - Filling up the DagBag from /home/airflow/.local/lib/python3.8/site-packages/airflow/example_dags/example_params_trigger_ui.py
[2023-11-13T08:46:34.387+0000] {processor.py:839} INFO - DAG(s) dict_keys(['example_params_trigger_ui']) retrieved from /home/airflow/.local/lib/python3.8/site-packages/airflow/example_dags/example_params_trigger_ui.py
[2023-11-13T08:46:34.430+0000] {logging_mixin.py:154} INFO - [2023-11-13T08:46:34.430+0000] {dag.py:2941} INFO - Sync 1 DAGs
[2023-11-13T08:46:34.440+0000] {logging_mixin.py:154} INFO - [2023-11-13T08:46:34.439+0000] {dag.py:3722} INFO - Setting next_dagrun for example_params_trigger_ui to None, run_after=None
[2023-11-13T08:46:34.665+0000] {processor.py:179} INFO - Processing /home/airflow/.local/lib/python3.8/site-packages/airflow/example_dags/example_params_trigger_ui.py took 0.448 seconds
[2023-11-13T08:47:05.079+0000] {processor.py:157} INFO - Started process (PID=208) to work on /home/airflow/.local/lib/python3.8/site-packages/airflow/example_dags/example_params_trigger_ui.py
[2023-11-13T08:47:05.089+0000] {processor.py:829} INFO - Processing file /home/airflow/.local/lib/python3.8/site-packages/airflow/example_dags/example_params_trigger_ui.py for tasks to queue
[2023-11-13T08:47:05.090+0000] {logging_mixin.py:154} INFO - [2023-11-13T08:47:05.090+0000] {dagbag.py:536} INFO - Filling up the DagBag from /home/airflow/.local/lib/python3.8/site-packages/airflow/example_dags/example_params_trigger_ui.py
[2023-11-13T08:47:05.103+0000] {processor.py:839} INFO - DAG(s) dict_keys(['example_params_trigger_ui']) retrieved from /home/airflow/.local/lib/python3.8/site-packages/airflow/example_dags/example_params_trigger_ui.py
[2023-11-13T08:47:05.143+0000] {logging_mixin.py:154} INFO - [2023-11-13T08:47:05.142+0000] {dag.py:2941} INFO - Sync 1 DAGs
[2023-11-13T08:47:05.152+0000] {logging_mixin.py:154} INFO - [2023-11-13T08:47:05.151+0000] {dag.py:3722} INFO - Setting next_dagrun for example_params_trigger_ui to None, run_after=None
[2023-11-13T08:47:05.203+0000] {processor.py:179} INFO - Processing /home/airflow/.local/lib/python3.8/site-packages/airflow/example_dags/example_params_trigger_ui.py took 0.127 seconds
[2023-11-13T08:47:35.999+0000] {processor.py:157} INFO - Started process (PID=262) to work on /home/airflow/.local/lib/python3.8/site-packages/airflow/example_dags/example_params_trigger_ui.py
[2023-11-13T08:47:36.000+0000] {processor.py:829} INFO - Processing file /home/airflow/.local/lib/python3.8/site-packages/airflow/example_dags/example_params_trigger_ui.py for tasks to queue
[2023-11-13T08:47:36.001+0000] {logging_mixin.py:154} INFO - [2023-11-13T08:47:36.001+0000] {dagbag.py:536} INFO - Filling up the DagBag from /home/airflow/.local/lib/python3.8/site-packages/airflow/example_dags/example_params_trigger_ui.py
[2023-11-13T08:47:36.014+0000] {processor.py:839} INFO - DAG(s) dict_keys(['example_params_trigger_ui']) retrieved from /home/airflow/.local/lib/python3.8/site-packages/airflow/example_dags/example_params_trigger_ui.py
[2023-11-13T08:47:36.054+0000] {logging_mixin.py:154} INFO - [2023-11-13T08:47:36.054+0000] {dag.py:2941} INFO - Sync 1 DAGs
[2023-11-13T08:47:36.063+0000] {logging_mixin.py:154} INFO - [2023-11-13T08:47:36.063+0000] {dag.py:3722} INFO - Setting next_dagrun for example_params_trigger_ui to None, run_after=None
[2023-11-13T08:47:36.092+0000] {processor.py:179} INFO - Processing /home/airflow/.local/lib/python3.8/site-packages/airflow/example_dags/example_params_trigger_ui.py took 0.096 seconds
[2023-11-13T08:48:07.948+0000] {processor.py:157} INFO - Started process (PID=316) to work on /home/airflow/.local/lib/python3.8/site-packages/airflow/example_dags/example_params_trigger_ui.py
[2023-11-13T08:48:07.956+0000] {processor.py:829} INFO - Processing file /home/airflow/.local/lib/python3.8/site-packages/airflow/example_dags/example_params_trigger_ui.py for tasks to queue
[2023-11-13T08:48:07.959+0000] {logging_mixin.py:154} INFO - [2023-11-13T08:48:07.959+0000] {dagbag.py:536} INFO - Filling up the DagBag from /home/airflow/.local/lib/python3.8/site-packages/airflow/example_dags/example_params_trigger_ui.py
[2023-11-13T08:48:07.979+0000] {processor.py:839} INFO - DAG(s) dict_keys(['example_params_trigger_ui']) retrieved from /home/airflow/.local/lib/python3.8/site-packages/airflow/example_dags/example_params_trigger_ui.py
[2023-11-13T08:48:08.024+0000] {logging_mixin.py:154} INFO - [2023-11-13T08:48:08.024+0000] {dag.py:2941} INFO - Sync 1 DAGs
[2023-11-13T08:48:08.033+0000] {logging_mixin.py:154} INFO - [2023-11-13T08:48:08.033+0000] {dag.py:3722} INFO - Setting next_dagrun for example_params_trigger_ui to None, run_after=None
[2023-11-13T08:48:08.247+0000] {processor.py:179} INFO - Processing /home/airflow/.local/lib/python3.8/site-packages/airflow/example_dags/example_params_trigger_ui.py took 0.302 seconds
