[2023-11-13T07:55:11.520+0000] {processor.py:157} INFO - Started process (PID=67) to work on /home/airflow/.local/lib/python3.8/site-packages/airflow/example_dags/example_time_delta_sensor_async.py
[2023-11-13T07:55:11.520+0000] {processor.py:829} INFO - Processing file /home/airflow/.local/lib/python3.8/site-packages/airflow/example_dags/example_time_delta_sensor_async.py for tasks to queue
[2023-11-13T07:55:11.522+0000] {logging_mixin.py:154} INFO - [2023-11-13T07:55:11.522+0000] {dagbag.py:536} INFO - Filling up the DagBag from /home/airflow/.local/lib/python3.8/site-packages/airflow/example_dags/example_time_delta_sensor_async.py
[2023-11-13T07:55:11.527+0000] {processor.py:839} INFO - DAG(s) dict_keys(['example_time_delta_sensor_async']) retrieved from /home/airflow/.local/lib/python3.8/site-packages/airflow/example_dags/example_time_delta_sensor_async.py
[2023-11-13T07:55:13.539+0000] {logging_mixin.py:154} INFO - [2023-11-13T07:55:13.539+0000] {manager.py:499} INFO - Created Permission View: %s
[2023-11-13T07:55:14.215+0000] {logging_mixin.py:154} INFO - [2023-11-13T07:55:14.214+0000] {manager.py:499} INFO - Created Permission View: %s
[2023-11-13T07:55:14.937+0000] {logging_mixin.py:154} INFO - [2023-11-13T07:55:14.937+0000] {manager.py:499} INFO - Created Permission View: %s
[2023-11-13T07:55:14.963+0000] {logging_mixin.py:154} INFO - [2023-11-13T07:55:14.962+0000] {dag.py:2941} INFO - Sync 1 DAGs
[2023-11-13T07:55:14.977+0000] {logging_mixin.py:154} INFO - [2023-11-13T07:55:14.977+0000] {dag.py:2963} INFO - Creating ORM DAG for example_time_delta_sensor_async
[2023-11-13T07:55:14.977+0000] {logging_mixin.py:154} INFO - [2023-11-13T07:55:14.977+0000] {dag.py:3722} INFO - Setting next_dagrun for example_time_delta_sensor_async to None, run_after=None
[2023-11-13T07:55:15.583+0000] {processor.py:179} INFO - Processing /home/airflow/.local/lib/python3.8/site-packages/airflow/example_dags/example_time_delta_sensor_async.py took 4.066 seconds
[2023-11-13T07:55:46.458+0000] {processor.py:157} INFO - Started process (PID=121) to work on /home/airflow/.local/lib/python3.8/site-packages/airflow/example_dags/example_time_delta_sensor_async.py
[2023-11-13T07:55:46.844+0000] {processor.py:829} INFO - Processing file /home/airflow/.local/lib/python3.8/site-packages/airflow/example_dags/example_time_delta_sensor_async.py for tasks to queue
[2023-11-13T07:55:46.849+0000] {logging_mixin.py:154} INFO - [2023-11-13T07:55:46.848+0000] {dagbag.py:536} INFO - Filling up the DagBag from /home/airflow/.local/lib/python3.8/site-packages/airflow/example_dags/example_time_delta_sensor_async.py
[2023-11-13T07:55:46.852+0000] {processor.py:839} INFO - DAG(s) dict_keys(['example_time_delta_sensor_async']) retrieved from /home/airflow/.local/lib/python3.8/site-packages/airflow/example_dags/example_time_delta_sensor_async.py
[2023-11-13T07:55:46.867+0000] {logging_mixin.py:154} INFO - [2023-11-13T07:55:46.867+0000] {dag.py:2941} INFO - Sync 1 DAGs
[2023-11-13T07:55:46.877+0000] {logging_mixin.py:154} INFO - [2023-11-13T07:55:46.877+0000] {dag.py:3722} INFO - Setting next_dagrun for example_time_delta_sensor_async to None, run_after=None
[2023-11-13T07:55:47.001+0000] {processor.py:179} INFO - Processing /home/airflow/.local/lib/python3.8/site-packages/airflow/example_dags/example_time_delta_sensor_async.py took 0.545 seconds
[2023-11-13T07:56:17.053+0000] {processor.py:157} INFO - Started process (PID=175) to work on /home/airflow/.local/lib/python3.8/site-packages/airflow/example_dags/example_time_delta_sensor_async.py
[2023-11-13T07:56:17.500+0000] {processor.py:829} INFO - Processing file /home/airflow/.local/lib/python3.8/site-packages/airflow/example_dags/example_time_delta_sensor_async.py for tasks to queue
[2023-11-13T07:56:17.505+0000] {logging_mixin.py:154} INFO - [2023-11-13T07:56:17.505+0000] {dagbag.py:536} INFO - Filling up the DagBag from /home/airflow/.local/lib/python3.8/site-packages/airflow/example_dags/example_time_delta_sensor_async.py
[2023-11-13T07:56:17.509+0000] {processor.py:839} INFO - DAG(s) dict_keys(['example_time_delta_sensor_async']) retrieved from /home/airflow/.local/lib/python3.8/site-packages/airflow/example_dags/example_time_delta_sensor_async.py
[2023-11-13T07:56:17.526+0000] {logging_mixin.py:154} INFO - [2023-11-13T07:56:17.526+0000] {dag.py:2941} INFO - Sync 1 DAGs
[2023-11-13T07:56:17.536+0000] {logging_mixin.py:154} INFO - [2023-11-13T07:56:17.536+0000] {dag.py:3722} INFO - Setting next_dagrun for example_time_delta_sensor_async to None, run_after=None
[2023-11-13T07:56:17.610+0000] {processor.py:179} INFO - Processing /home/airflow/.local/lib/python3.8/site-packages/airflow/example_dags/example_time_delta_sensor_async.py took 0.559 seconds
[2023-11-13T07:56:48.166+0000] {processor.py:157} INFO - Started process (PID=229) to work on /home/airflow/.local/lib/python3.8/site-packages/airflow/example_dags/example_time_delta_sensor_async.py
[2023-11-13T07:56:48.179+0000] {processor.py:829} INFO - Processing file /home/airflow/.local/lib/python3.8/site-packages/airflow/example_dags/example_time_delta_sensor_async.py for tasks to queue
[2023-11-13T07:56:48.181+0000] {logging_mixin.py:154} INFO - [2023-11-13T07:56:48.181+0000] {dagbag.py:536} INFO - Filling up the DagBag from /home/airflow/.local/lib/python3.8/site-packages/airflow/example_dags/example_time_delta_sensor_async.py
[2023-11-13T07:56:48.184+0000] {processor.py:839} INFO - DAG(s) dict_keys(['example_time_delta_sensor_async']) retrieved from /home/airflow/.local/lib/python3.8/site-packages/airflow/example_dags/example_time_delta_sensor_async.py
[2023-11-13T07:56:48.200+0000] {logging_mixin.py:154} INFO - [2023-11-13T07:56:48.200+0000] {dag.py:2941} INFO - Sync 1 DAGs
[2023-11-13T07:56:48.209+0000] {logging_mixin.py:154} INFO - [2023-11-13T07:56:48.209+0000] {dag.py:3722} INFO - Setting next_dagrun for example_time_delta_sensor_async to None, run_after=None
[2023-11-13T07:56:48.238+0000] {processor.py:179} INFO - Processing /home/airflow/.local/lib/python3.8/site-packages/airflow/example_dags/example_time_delta_sensor_async.py took 0.074 seconds
[2023-11-13T07:57:18.790+0000] {processor.py:157} INFO - Started process (PID=283) to work on /home/airflow/.local/lib/python3.8/site-packages/airflow/example_dags/example_time_delta_sensor_async.py
[2023-11-13T07:57:19.285+0000] {processor.py:829} INFO - Processing file /home/airflow/.local/lib/python3.8/site-packages/airflow/example_dags/example_time_delta_sensor_async.py for tasks to queue
[2023-11-13T07:57:19.290+0000] {logging_mixin.py:154} INFO - [2023-11-13T07:57:19.290+0000] {dagbag.py:536} INFO - Filling up the DagBag from /home/airflow/.local/lib/python3.8/site-packages/airflow/example_dags/example_time_delta_sensor_async.py
[2023-11-13T07:57:19.293+0000] {processor.py:839} INFO - DAG(s) dict_keys(['example_time_delta_sensor_async']) retrieved from /home/airflow/.local/lib/python3.8/site-packages/airflow/example_dags/example_time_delta_sensor_async.py
[2023-11-13T07:57:19.308+0000] {logging_mixin.py:154} INFO - [2023-11-13T07:57:19.308+0000] {dag.py:2941} INFO - Sync 1 DAGs
[2023-11-13T07:57:19.318+0000] {logging_mixin.py:154} INFO - [2023-11-13T07:57:19.318+0000] {dag.py:3722} INFO - Setting next_dagrun for example_time_delta_sensor_async to None, run_after=None
[2023-11-13T07:57:19.359+0000] {processor.py:179} INFO - Processing /home/airflow/.local/lib/python3.8/site-packages/airflow/example_dags/example_time_delta_sensor_async.py took 0.571 seconds
[2023-11-13T07:57:49.970+0000] {processor.py:157} INFO - Started process (PID=337) to work on /home/airflow/.local/lib/python3.8/site-packages/airflow/example_dags/example_time_delta_sensor_async.py
[2023-11-13T07:57:49.981+0000] {processor.py:829} INFO - Processing file /home/airflow/.local/lib/python3.8/site-packages/airflow/example_dags/example_time_delta_sensor_async.py for tasks to queue
[2023-11-13T07:57:49.983+0000] {logging_mixin.py:154} INFO - [2023-11-13T07:57:49.983+0000] {dagbag.py:536} INFO - Filling up the DagBag from /home/airflow/.local/lib/python3.8/site-packages/airflow/example_dags/example_time_delta_sensor_async.py
[2023-11-13T07:57:49.987+0000] {processor.py:839} INFO - DAG(s) dict_keys(['example_time_delta_sensor_async']) retrieved from /home/airflow/.local/lib/python3.8/site-packages/airflow/example_dags/example_time_delta_sensor_async.py
[2023-11-13T07:57:50.003+0000] {logging_mixin.py:154} INFO - [2023-11-13T07:57:50.003+0000] {dag.py:2941} INFO - Sync 1 DAGs
[2023-11-13T07:57:50.123+0000] {logging_mixin.py:154} INFO - [2023-11-13T07:57:50.123+0000] {dag.py:3722} INFO - Setting next_dagrun for example_time_delta_sensor_async to None, run_after=None
[2023-11-13T07:57:51.735+0000] {processor.py:179} INFO - Processing /home/airflow/.local/lib/python3.8/site-packages/airflow/example_dags/example_time_delta_sensor_async.py took 1.768 seconds
[2023-11-13T07:58:22.386+0000] {processor.py:157} INFO - Started process (PID=391) to work on /home/airflow/.local/lib/python3.8/site-packages/airflow/example_dags/example_time_delta_sensor_async.py
[2023-11-13T07:58:22.400+0000] {processor.py:829} INFO - Processing file /home/airflow/.local/lib/python3.8/site-packages/airflow/example_dags/example_time_delta_sensor_async.py for tasks to queue
[2023-11-13T07:58:22.401+0000] {logging_mixin.py:154} INFO - [2023-11-13T07:58:22.401+0000] {dagbag.py:536} INFO - Filling up the DagBag from /home/airflow/.local/lib/python3.8/site-packages/airflow/example_dags/example_time_delta_sensor_async.py
[2023-11-13T07:58:22.404+0000] {processor.py:839} INFO - DAG(s) dict_keys(['example_time_delta_sensor_async']) retrieved from /home/airflow/.local/lib/python3.8/site-packages/airflow/example_dags/example_time_delta_sensor_async.py
[2023-11-13T07:58:22.419+0000] {logging_mixin.py:154} INFO - [2023-11-13T07:58:22.419+0000] {dag.py:2941} INFO - Sync 1 DAGs
[2023-11-13T07:58:22.428+0000] {logging_mixin.py:154} INFO - [2023-11-13T07:58:22.428+0000] {dag.py:3722} INFO - Setting next_dagrun for example_time_delta_sensor_async to None, run_after=None
[2023-11-13T07:58:22.458+0000] {processor.py:179} INFO - Processing /home/airflow/.local/lib/python3.8/site-packages/airflow/example_dags/example_time_delta_sensor_async.py took 0.074 seconds
[2023-11-13T07:58:52.615+0000] {processor.py:157} INFO - Started process (PID=445) to work on /home/airflow/.local/lib/python3.8/site-packages/airflow/example_dags/example_time_delta_sensor_async.py
[2023-11-13T07:58:52.644+0000] {processor.py:829} INFO - Processing file /home/airflow/.local/lib/python3.8/site-packages/airflow/example_dags/example_time_delta_sensor_async.py for tasks to queue
[2023-11-13T07:58:52.646+0000] {logging_mixin.py:154} INFO - [2023-11-13T07:58:52.646+0000] {dagbag.py:536} INFO - Filling up the DagBag from /home/airflow/.local/lib/python3.8/site-packages/airflow/example_dags/example_time_delta_sensor_async.py
[2023-11-13T07:58:52.650+0000] {processor.py:839} INFO - DAG(s) dict_keys(['example_time_delta_sensor_async']) retrieved from /home/airflow/.local/lib/python3.8/site-packages/airflow/example_dags/example_time_delta_sensor_async.py
[2023-11-13T07:58:52.666+0000] {logging_mixin.py:154} INFO - [2023-11-13T07:58:52.666+0000] {dag.py:2941} INFO - Sync 1 DAGs
[2023-11-13T07:58:52.676+0000] {logging_mixin.py:154} INFO - [2023-11-13T07:58:52.676+0000] {dag.py:3722} INFO - Setting next_dagrun for example_time_delta_sensor_async to None, run_after=None
[2023-11-13T07:58:52.814+0000] {processor.py:179} INFO - Processing /home/airflow/.local/lib/python3.8/site-packages/airflow/example_dags/example_time_delta_sensor_async.py took 0.201 seconds
[2023-11-13T07:59:22.867+0000] {processor.py:157} INFO - Started process (PID=499) to work on /home/airflow/.local/lib/python3.8/site-packages/airflow/example_dags/example_time_delta_sensor_async.py
[2023-11-13T07:59:22.867+0000] {processor.py:829} INFO - Processing file /home/airflow/.local/lib/python3.8/site-packages/airflow/example_dags/example_time_delta_sensor_async.py for tasks to queue
[2023-11-13T07:59:22.869+0000] {logging_mixin.py:154} INFO - [2023-11-13T07:59:22.869+0000] {dagbag.py:536} INFO - Filling up the DagBag from /home/airflow/.local/lib/python3.8/site-packages/airflow/example_dags/example_time_delta_sensor_async.py
[2023-11-13T07:59:22.872+0000] {processor.py:839} INFO - DAG(s) dict_keys(['example_time_delta_sensor_async']) retrieved from /home/airflow/.local/lib/python3.8/site-packages/airflow/example_dags/example_time_delta_sensor_async.py
[2023-11-13T07:59:22.886+0000] {logging_mixin.py:154} INFO - [2023-11-13T07:59:22.885+0000] {dag.py:2941} INFO - Sync 1 DAGs
[2023-11-13T07:59:22.894+0000] {logging_mixin.py:154} INFO - [2023-11-13T07:59:22.894+0000] {dag.py:3722} INFO - Setting next_dagrun for example_time_delta_sensor_async to None, run_after=None
[2023-11-13T07:59:22.927+0000] {processor.py:179} INFO - Processing /home/airflow/.local/lib/python3.8/site-packages/airflow/example_dags/example_time_delta_sensor_async.py took 0.062 seconds
[2023-11-13T07:59:53.155+0000] {processor.py:157} INFO - Started process (PID=553) to work on /home/airflow/.local/lib/python3.8/site-packages/airflow/example_dags/example_time_delta_sensor_async.py
[2023-11-13T07:59:53.904+0000] {processor.py:829} INFO - Processing file /home/airflow/.local/lib/python3.8/site-packages/airflow/example_dags/example_time_delta_sensor_async.py for tasks to queue
[2023-11-13T07:59:53.906+0000] {logging_mixin.py:154} INFO - [2023-11-13T07:59:53.906+0000] {dagbag.py:536} INFO - Filling up the DagBag from /home/airflow/.local/lib/python3.8/site-packages/airflow/example_dags/example_time_delta_sensor_async.py
[2023-11-13T07:59:53.910+0000] {processor.py:839} INFO - DAG(s) dict_keys(['example_time_delta_sensor_async']) retrieved from /home/airflow/.local/lib/python3.8/site-packages/airflow/example_dags/example_time_delta_sensor_async.py
[2023-11-13T07:59:53.925+0000] {logging_mixin.py:154} INFO - [2023-11-13T07:59:53.925+0000] {dag.py:2941} INFO - Sync 1 DAGs
[2023-11-13T07:59:53.934+0000] {logging_mixin.py:154} INFO - [2023-11-13T07:59:53.934+0000] {dag.py:3722} INFO - Setting next_dagrun for example_time_delta_sensor_async to None, run_after=None
[2023-11-13T07:59:54.695+0000] {processor.py:179} INFO - Processing /home/airflow/.local/lib/python3.8/site-packages/airflow/example_dags/example_time_delta_sensor_async.py took 1.542 seconds
[2023-11-13T08:00:24.753+0000] {processor.py:157} INFO - Started process (PID=607) to work on /home/airflow/.local/lib/python3.8/site-packages/airflow/example_dags/example_time_delta_sensor_async.py
[2023-11-13T08:00:24.753+0000] {processor.py:829} INFO - Processing file /home/airflow/.local/lib/python3.8/site-packages/airflow/example_dags/example_time_delta_sensor_async.py for tasks to queue
[2023-11-13T08:00:24.755+0000] {logging_mixin.py:154} INFO - [2023-11-13T08:00:24.755+0000] {dagbag.py:536} INFO - Filling up the DagBag from /home/airflow/.local/lib/python3.8/site-packages/airflow/example_dags/example_time_delta_sensor_async.py
[2023-11-13T08:00:24.759+0000] {processor.py:839} INFO - DAG(s) dict_keys(['example_time_delta_sensor_async']) retrieved from /home/airflow/.local/lib/python3.8/site-packages/airflow/example_dags/example_time_delta_sensor_async.py
[2023-11-13T08:00:24.773+0000] {logging_mixin.py:154} INFO - [2023-11-13T08:00:24.773+0000] {dag.py:2941} INFO - Sync 1 DAGs
[2023-11-13T08:00:24.782+0000] {logging_mixin.py:154} INFO - [2023-11-13T08:00:24.782+0000] {dag.py:3722} INFO - Setting next_dagrun for example_time_delta_sensor_async to None, run_after=None
[2023-11-13T08:00:25.223+0000] {processor.py:179} INFO - Processing /home/airflow/.local/lib/python3.8/site-packages/airflow/example_dags/example_time_delta_sensor_async.py took 0.473 seconds
[2023-11-13T08:00:55.538+0000] {processor.py:157} INFO - Started process (PID=661) to work on /home/airflow/.local/lib/python3.8/site-packages/airflow/example_dags/example_time_delta_sensor_async.py
[2023-11-13T08:00:55.538+0000] {processor.py:829} INFO - Processing file /home/airflow/.local/lib/python3.8/site-packages/airflow/example_dags/example_time_delta_sensor_async.py for tasks to queue
[2023-11-13T08:00:55.540+0000] {logging_mixin.py:154} INFO - [2023-11-13T08:00:55.540+0000] {dagbag.py:536} INFO - Filling up the DagBag from /home/airflow/.local/lib/python3.8/site-packages/airflow/example_dags/example_time_delta_sensor_async.py
[2023-11-13T08:00:55.543+0000] {processor.py:839} INFO - DAG(s) dict_keys(['example_time_delta_sensor_async']) retrieved from /home/airflow/.local/lib/python3.8/site-packages/airflow/example_dags/example_time_delta_sensor_async.py
[2023-11-13T08:00:55.560+0000] {logging_mixin.py:154} INFO - [2023-11-13T08:00:55.560+0000] {dag.py:2941} INFO - Sync 1 DAGs
[2023-11-13T08:00:55.569+0000] {logging_mixin.py:154} INFO - [2023-11-13T08:00:55.569+0000] {dag.py:3722} INFO - Setting next_dagrun for example_time_delta_sensor_async to None, run_after=None
[2023-11-13T08:00:56.931+0000] {processor.py:179} INFO - Processing /home/airflow/.local/lib/python3.8/site-packages/airflow/example_dags/example_time_delta_sensor_async.py took 1.395 seconds
[2023-11-13T08:01:26.988+0000] {processor.py:157} INFO - Started process (PID=715) to work on /home/airflow/.local/lib/python3.8/site-packages/airflow/example_dags/example_time_delta_sensor_async.py
[2023-11-13T08:01:26.995+0000] {processor.py:829} INFO - Processing file /home/airflow/.local/lib/python3.8/site-packages/airflow/example_dags/example_time_delta_sensor_async.py for tasks to queue
[2023-11-13T08:01:26.997+0000] {logging_mixin.py:154} INFO - [2023-11-13T08:01:26.997+0000] {dagbag.py:536} INFO - Filling up the DagBag from /home/airflow/.local/lib/python3.8/site-packages/airflow/example_dags/example_time_delta_sensor_async.py
[2023-11-13T08:01:27.000+0000] {processor.py:839} INFO - DAG(s) dict_keys(['example_time_delta_sensor_async']) retrieved from /home/airflow/.local/lib/python3.8/site-packages/airflow/example_dags/example_time_delta_sensor_async.py
[2023-11-13T08:01:27.014+0000] {logging_mixin.py:154} INFO - [2023-11-13T08:01:27.014+0000] {dag.py:2941} INFO - Sync 1 DAGs
[2023-11-13T08:01:27.024+0000] {logging_mixin.py:154} INFO - [2023-11-13T08:01:27.024+0000] {dag.py:3722} INFO - Setting next_dagrun for example_time_delta_sensor_async to None, run_after=None
[2023-11-13T08:01:27.058+0000] {processor.py:179} INFO - Processing /home/airflow/.local/lib/python3.8/site-packages/airflow/example_dags/example_time_delta_sensor_async.py took 0.072 seconds
[2023-11-13T08:01:57.611+0000] {processor.py:157} INFO - Started process (PID=769) to work on /home/airflow/.local/lib/python3.8/site-packages/airflow/example_dags/example_time_delta_sensor_async.py
[2023-11-13T08:01:57.612+0000] {processor.py:829} INFO - Processing file /home/airflow/.local/lib/python3.8/site-packages/airflow/example_dags/example_time_delta_sensor_async.py for tasks to queue
[2023-11-13T08:01:57.613+0000] {logging_mixin.py:154} INFO - [2023-11-13T08:01:57.613+0000] {dagbag.py:536} INFO - Filling up the DagBag from /home/airflow/.local/lib/python3.8/site-packages/airflow/example_dags/example_time_delta_sensor_async.py
[2023-11-13T08:01:57.616+0000] {processor.py:839} INFO - DAG(s) dict_keys(['example_time_delta_sensor_async']) retrieved from /home/airflow/.local/lib/python3.8/site-packages/airflow/example_dags/example_time_delta_sensor_async.py
[2023-11-13T08:01:57.631+0000] {logging_mixin.py:154} INFO - [2023-11-13T08:01:57.631+0000] {dag.py:2941} INFO - Sync 1 DAGs
[2023-11-13T08:01:57.640+0000] {logging_mixin.py:154} INFO - [2023-11-13T08:01:57.639+0000] {dag.py:3722} INFO - Setting next_dagrun for example_time_delta_sensor_async to None, run_after=None
[2023-11-13T08:01:58.051+0000] {processor.py:179} INFO - Processing /home/airflow/.local/lib/python3.8/site-packages/airflow/example_dags/example_time_delta_sensor_async.py took 0.442 seconds
[2023-11-13T08:02:28.982+0000] {processor.py:157} INFO - Started process (PID=823) to work on /home/airflow/.local/lib/python3.8/site-packages/airflow/example_dags/example_time_delta_sensor_async.py
[2023-11-13T08:02:30.051+0000] {processor.py:829} INFO - Processing file /home/airflow/.local/lib/python3.8/site-packages/airflow/example_dags/example_time_delta_sensor_async.py for tasks to queue
[2023-11-13T08:02:30.053+0000] {logging_mixin.py:154} INFO - [2023-11-13T08:02:30.052+0000] {dagbag.py:536} INFO - Filling up the DagBag from /home/airflow/.local/lib/python3.8/site-packages/airflow/example_dags/example_time_delta_sensor_async.py
[2023-11-13T08:02:30.056+0000] {processor.py:839} INFO - DAG(s) dict_keys(['example_time_delta_sensor_async']) retrieved from /home/airflow/.local/lib/python3.8/site-packages/airflow/example_dags/example_time_delta_sensor_async.py
[2023-11-13T08:02:30.071+0000] {logging_mixin.py:154} INFO - [2023-11-13T08:02:30.071+0000] {dag.py:2941} INFO - Sync 1 DAGs
[2023-11-13T08:02:30.080+0000] {logging_mixin.py:154} INFO - [2023-11-13T08:02:30.079+0000] {dag.py:3722} INFO - Setting next_dagrun for example_time_delta_sensor_async to None, run_after=None
[2023-11-13T08:02:30.344+0000] {processor.py:179} INFO - Processing /home/airflow/.local/lib/python3.8/site-packages/airflow/example_dags/example_time_delta_sensor_async.py took 1.365 seconds
[2023-11-13T08:03:00.752+0000] {processor.py:157} INFO - Started process (PID=877) to work on /home/airflow/.local/lib/python3.8/site-packages/airflow/example_dags/example_time_delta_sensor_async.py
[2023-11-13T08:03:00.753+0000] {processor.py:829} INFO - Processing file /home/airflow/.local/lib/python3.8/site-packages/airflow/example_dags/example_time_delta_sensor_async.py for tasks to queue
[2023-11-13T08:03:00.754+0000] {logging_mixin.py:154} INFO - [2023-11-13T08:03:00.754+0000] {dagbag.py:536} INFO - Filling up the DagBag from /home/airflow/.local/lib/python3.8/site-packages/airflow/example_dags/example_time_delta_sensor_async.py
[2023-11-13T08:03:00.758+0000] {processor.py:839} INFO - DAG(s) dict_keys(['example_time_delta_sensor_async']) retrieved from /home/airflow/.local/lib/python3.8/site-packages/airflow/example_dags/example_time_delta_sensor_async.py
[2023-11-13T08:03:00.773+0000] {logging_mixin.py:154} INFO - [2023-11-13T08:03:00.773+0000] {dag.py:2941} INFO - Sync 1 DAGs
[2023-11-13T08:03:00.782+0000] {logging_mixin.py:154} INFO - [2023-11-13T08:03:00.782+0000] {dag.py:3722} INFO - Setting next_dagrun for example_time_delta_sensor_async to None, run_after=None
[2023-11-13T08:03:01.041+0000] {processor.py:179} INFO - Processing /home/airflow/.local/lib/python3.8/site-packages/airflow/example_dags/example_time_delta_sensor_async.py took 0.291 seconds
[2023-11-13T08:03:31.704+0000] {processor.py:157} INFO - Started process (PID=931) to work on /home/airflow/.local/lib/python3.8/site-packages/airflow/example_dags/example_time_delta_sensor_async.py
[2023-11-13T08:03:31.705+0000] {processor.py:829} INFO - Processing file /home/airflow/.local/lib/python3.8/site-packages/airflow/example_dags/example_time_delta_sensor_async.py for tasks to queue
[2023-11-13T08:03:31.707+0000] {logging_mixin.py:154} INFO - [2023-11-13T08:03:31.707+0000] {dagbag.py:536} INFO - Filling up the DagBag from /home/airflow/.local/lib/python3.8/site-packages/airflow/example_dags/example_time_delta_sensor_async.py
[2023-11-13T08:03:31.714+0000] {processor.py:839} INFO - DAG(s) dict_keys(['example_time_delta_sensor_async']) retrieved from /home/airflow/.local/lib/python3.8/site-packages/airflow/example_dags/example_time_delta_sensor_async.py
[2023-11-13T08:03:31.739+0000] {logging_mixin.py:154} INFO - [2023-11-13T08:03:31.739+0000] {dag.py:2941} INFO - Sync 1 DAGs
[2023-11-13T08:03:31.750+0000] {logging_mixin.py:154} INFO - [2023-11-13T08:03:31.750+0000] {dag.py:3722} INFO - Setting next_dagrun for example_time_delta_sensor_async to None, run_after=None
[2023-11-13T08:03:31.778+0000] {processor.py:179} INFO - Processing /home/airflow/.local/lib/python3.8/site-packages/airflow/example_dags/example_time_delta_sensor_async.py took 0.079 seconds
[2023-11-13T08:04:02.042+0000] {processor.py:157} INFO - Started process (PID=985) to work on /home/airflow/.local/lib/python3.8/site-packages/airflow/example_dags/example_time_delta_sensor_async.py
[2023-11-13T08:04:02.048+0000] {processor.py:829} INFO - Processing file /home/airflow/.local/lib/python3.8/site-packages/airflow/example_dags/example_time_delta_sensor_async.py for tasks to queue
[2023-11-13T08:04:02.049+0000] {logging_mixin.py:154} INFO - [2023-11-13T08:04:02.049+0000] {dagbag.py:536} INFO - Filling up the DagBag from /home/airflow/.local/lib/python3.8/site-packages/airflow/example_dags/example_time_delta_sensor_async.py
[2023-11-13T08:04:02.053+0000] {processor.py:839} INFO - DAG(s) dict_keys(['example_time_delta_sensor_async']) retrieved from /home/airflow/.local/lib/python3.8/site-packages/airflow/example_dags/example_time_delta_sensor_async.py
[2023-11-13T08:04:02.068+0000] {logging_mixin.py:154} INFO - [2023-11-13T08:04:02.068+0000] {dag.py:2941} INFO - Sync 1 DAGs
[2023-11-13T08:04:02.078+0000] {logging_mixin.py:154} INFO - [2023-11-13T08:04:02.078+0000] {dag.py:3722} INFO - Setting next_dagrun for example_time_delta_sensor_async to None, run_after=None
[2023-11-13T08:04:03.665+0000] {processor.py:179} INFO - Processing /home/airflow/.local/lib/python3.8/site-packages/airflow/example_dags/example_time_delta_sensor_async.py took 1.626 seconds
[2023-11-13T08:04:33.982+0000] {processor.py:157} INFO - Started process (PID=1039) to work on /home/airflow/.local/lib/python3.8/site-packages/airflow/example_dags/example_time_delta_sensor_async.py
[2023-11-13T08:04:34.006+0000] {processor.py:829} INFO - Processing file /home/airflow/.local/lib/python3.8/site-packages/airflow/example_dags/example_time_delta_sensor_async.py for tasks to queue
[2023-11-13T08:04:34.012+0000] {logging_mixin.py:154} INFO - [2023-11-13T08:04:34.011+0000] {dagbag.py:536} INFO - Filling up the DagBag from /home/airflow/.local/lib/python3.8/site-packages/airflow/example_dags/example_time_delta_sensor_async.py
[2023-11-13T08:04:34.026+0000] {processor.py:839} INFO - DAG(s) dict_keys(['example_time_delta_sensor_async']) retrieved from /home/airflow/.local/lib/python3.8/site-packages/airflow/example_dags/example_time_delta_sensor_async.py
[2023-11-13T08:04:34.057+0000] {logging_mixin.py:154} INFO - [2023-11-13T08:04:34.057+0000] {dag.py:2941} INFO - Sync 1 DAGs
[2023-11-13T08:04:34.066+0000] {logging_mixin.py:154} INFO - [2023-11-13T08:04:34.065+0000] {dag.py:3722} INFO - Setting next_dagrun for example_time_delta_sensor_async to None, run_after=None
[2023-11-13T08:04:34.208+0000] {processor.py:179} INFO - Processing /home/airflow/.local/lib/python3.8/site-packages/airflow/example_dags/example_time_delta_sensor_async.py took 0.228 seconds
[2023-11-13T08:05:04.358+0000] {processor.py:157} INFO - Started process (PID=1093) to work on /home/airflow/.local/lib/python3.8/site-packages/airflow/example_dags/example_time_delta_sensor_async.py
[2023-11-13T08:05:04.519+0000] {processor.py:829} INFO - Processing file /home/airflow/.local/lib/python3.8/site-packages/airflow/example_dags/example_time_delta_sensor_async.py for tasks to queue
[2023-11-13T08:05:04.524+0000] {logging_mixin.py:154} INFO - [2023-11-13T08:05:04.523+0000] {dagbag.py:536} INFO - Filling up the DagBag from /home/airflow/.local/lib/python3.8/site-packages/airflow/example_dags/example_time_delta_sensor_async.py
[2023-11-13T08:05:04.526+0000] {processor.py:839} INFO - DAG(s) dict_keys(['example_time_delta_sensor_async']) retrieved from /home/airflow/.local/lib/python3.8/site-packages/airflow/example_dags/example_time_delta_sensor_async.py
[2023-11-13T08:05:04.540+0000] {logging_mixin.py:154} INFO - [2023-11-13T08:05:04.540+0000] {dag.py:2941} INFO - Sync 1 DAGs
[2023-11-13T08:05:04.549+0000] {logging_mixin.py:154} INFO - [2023-11-13T08:05:04.549+0000] {dag.py:3722} INFO - Setting next_dagrun for example_time_delta_sensor_async to None, run_after=None
[2023-11-13T08:05:05.109+0000] {processor.py:179} INFO - Processing /home/airflow/.local/lib/python3.8/site-packages/airflow/example_dags/example_time_delta_sensor_async.py took 0.753 seconds
[2023-11-13T08:05:35.315+0000] {processor.py:157} INFO - Started process (PID=1147) to work on /home/airflow/.local/lib/python3.8/site-packages/airflow/example_dags/example_time_delta_sensor_async.py
[2023-11-13T08:05:35.316+0000] {processor.py:829} INFO - Processing file /home/airflow/.local/lib/python3.8/site-packages/airflow/example_dags/example_time_delta_sensor_async.py for tasks to queue
[2023-11-13T08:05:35.318+0000] {logging_mixin.py:154} INFO - [2023-11-13T08:05:35.317+0000] {dagbag.py:536} INFO - Filling up the DagBag from /home/airflow/.local/lib/python3.8/site-packages/airflow/example_dags/example_time_delta_sensor_async.py
[2023-11-13T08:05:35.321+0000] {processor.py:839} INFO - DAG(s) dict_keys(['example_time_delta_sensor_async']) retrieved from /home/airflow/.local/lib/python3.8/site-packages/airflow/example_dags/example_time_delta_sensor_async.py
[2023-11-13T08:05:35.335+0000] {logging_mixin.py:154} INFO - [2023-11-13T08:05:35.335+0000] {dag.py:2941} INFO - Sync 1 DAGs
[2023-11-13T08:05:35.344+0000] {logging_mixin.py:154} INFO - [2023-11-13T08:05:35.344+0000] {dag.py:3722} INFO - Setting next_dagrun for example_time_delta_sensor_async to None, run_after=None
[2023-11-13T08:05:35.380+0000] {processor.py:179} INFO - Processing /home/airflow/.local/lib/python3.8/site-packages/airflow/example_dags/example_time_delta_sensor_async.py took 0.067 seconds
[2023-11-13T08:06:05.847+0000] {processor.py:157} INFO - Started process (PID=1201) to work on /home/airflow/.local/lib/python3.8/site-packages/airflow/example_dags/example_time_delta_sensor_async.py
[2023-11-13T08:06:05.857+0000] {processor.py:829} INFO - Processing file /home/airflow/.local/lib/python3.8/site-packages/airflow/example_dags/example_time_delta_sensor_async.py for tasks to queue
[2023-11-13T08:06:05.859+0000] {logging_mixin.py:154} INFO - [2023-11-13T08:06:05.859+0000] {dagbag.py:536} INFO - Filling up the DagBag from /home/airflow/.local/lib/python3.8/site-packages/airflow/example_dags/example_time_delta_sensor_async.py
[2023-11-13T08:06:05.862+0000] {processor.py:839} INFO - DAG(s) dict_keys(['example_time_delta_sensor_async']) retrieved from /home/airflow/.local/lib/python3.8/site-packages/airflow/example_dags/example_time_delta_sensor_async.py
[2023-11-13T08:06:05.876+0000] {logging_mixin.py:154} INFO - [2023-11-13T08:06:05.876+0000] {dag.py:2941} INFO - Sync 1 DAGs
[2023-11-13T08:06:05.884+0000] {logging_mixin.py:154} INFO - [2023-11-13T08:06:05.884+0000] {dag.py:3722} INFO - Setting next_dagrun for example_time_delta_sensor_async to None, run_after=None
[2023-11-13T08:06:07.514+0000] {processor.py:179} INFO - Processing /home/airflow/.local/lib/python3.8/site-packages/airflow/example_dags/example_time_delta_sensor_async.py took 1.669 seconds
[2023-11-13T08:06:38.205+0000] {processor.py:157} INFO - Started process (PID=1255) to work on /home/airflow/.local/lib/python3.8/site-packages/airflow/example_dags/example_time_delta_sensor_async.py
[2023-11-13T08:06:38.205+0000] {processor.py:829} INFO - Processing file /home/airflow/.local/lib/python3.8/site-packages/airflow/example_dags/example_time_delta_sensor_async.py for tasks to queue
[2023-11-13T08:06:38.207+0000] {logging_mixin.py:154} INFO - [2023-11-13T08:06:38.207+0000] {dagbag.py:536} INFO - Filling up the DagBag from /home/airflow/.local/lib/python3.8/site-packages/airflow/example_dags/example_time_delta_sensor_async.py
[2023-11-13T08:06:38.210+0000] {processor.py:839} INFO - DAG(s) dict_keys(['example_time_delta_sensor_async']) retrieved from /home/airflow/.local/lib/python3.8/site-packages/airflow/example_dags/example_time_delta_sensor_async.py
[2023-11-13T08:06:38.224+0000] {logging_mixin.py:154} INFO - [2023-11-13T08:06:38.224+0000] {dag.py:2941} INFO - Sync 1 DAGs
[2023-11-13T08:06:38.233+0000] {logging_mixin.py:154} INFO - [2023-11-13T08:06:38.233+0000] {dag.py:3722} INFO - Setting next_dagrun for example_time_delta_sensor_async to None, run_after=None
[2023-11-13T08:06:39.221+0000] {processor.py:179} INFO - Processing /home/airflow/.local/lib/python3.8/site-packages/airflow/example_dags/example_time_delta_sensor_async.py took 1.018 seconds
[2023-11-13T08:07:09.550+0000] {processor.py:157} INFO - Started process (PID=1309) to work on /home/airflow/.local/lib/python3.8/site-packages/airflow/example_dags/example_time_delta_sensor_async.py
[2023-11-13T08:07:09.588+0000] {processor.py:829} INFO - Processing file /home/airflow/.local/lib/python3.8/site-packages/airflow/example_dags/example_time_delta_sensor_async.py for tasks to queue
[2023-11-13T08:07:09.596+0000] {logging_mixin.py:154} INFO - [2023-11-13T08:07:09.595+0000] {dagbag.py:536} INFO - Filling up the DagBag from /home/airflow/.local/lib/python3.8/site-packages/airflow/example_dags/example_time_delta_sensor_async.py
[2023-11-13T08:07:09.609+0000] {processor.py:839} INFO - DAG(s) dict_keys(['example_time_delta_sensor_async']) retrieved from /home/airflow/.local/lib/python3.8/site-packages/airflow/example_dags/example_time_delta_sensor_async.py
[2023-11-13T08:07:09.646+0000] {logging_mixin.py:154} INFO - [2023-11-13T08:07:09.646+0000] {dag.py:2941} INFO - Sync 1 DAGs
[2023-11-13T08:07:09.657+0000] {logging_mixin.py:154} INFO - [2023-11-13T08:07:09.657+0000] {dag.py:3722} INFO - Setting next_dagrun for example_time_delta_sensor_async to None, run_after=None
[2023-11-13T08:07:09.698+0000] {processor.py:179} INFO - Processing /home/airflow/.local/lib/python3.8/site-packages/airflow/example_dags/example_time_delta_sensor_async.py took 0.151 seconds
[2023-11-13T08:07:40.032+0000] {processor.py:157} INFO - Started process (PID=1363) to work on /home/airflow/.local/lib/python3.8/site-packages/airflow/example_dags/example_time_delta_sensor_async.py
[2023-11-13T08:07:40.034+0000] {processor.py:829} INFO - Processing file /home/airflow/.local/lib/python3.8/site-packages/airflow/example_dags/example_time_delta_sensor_async.py for tasks to queue
[2023-11-13T08:07:40.042+0000] {logging_mixin.py:154} INFO - [2023-11-13T08:07:40.041+0000] {dagbag.py:536} INFO - Filling up the DagBag from /home/airflow/.local/lib/python3.8/site-packages/airflow/example_dags/example_time_delta_sensor_async.py
[2023-11-13T08:07:40.054+0000] {processor.py:839} INFO - DAG(s) dict_keys(['example_time_delta_sensor_async']) retrieved from /home/airflow/.local/lib/python3.8/site-packages/airflow/example_dags/example_time_delta_sensor_async.py
[2023-11-13T08:07:40.078+0000] {logging_mixin.py:154} INFO - [2023-11-13T08:07:40.078+0000] {dag.py:2941} INFO - Sync 1 DAGs
[2023-11-13T08:07:40.088+0000] {logging_mixin.py:154} INFO - [2023-11-13T08:07:40.088+0000] {dag.py:3722} INFO - Setting next_dagrun for example_time_delta_sensor_async to None, run_after=None
[2023-11-13T08:07:40.119+0000] {processor.py:179} INFO - Processing /home/airflow/.local/lib/python3.8/site-packages/airflow/example_dags/example_time_delta_sensor_async.py took 0.097 seconds
[2023-11-13T08:08:10.653+0000] {processor.py:157} INFO - Started process (PID=1417) to work on /home/airflow/.local/lib/python3.8/site-packages/airflow/example_dags/example_time_delta_sensor_async.py
[2023-11-13T08:08:10.658+0000] {processor.py:829} INFO - Processing file /home/airflow/.local/lib/python3.8/site-packages/airflow/example_dags/example_time_delta_sensor_async.py for tasks to queue
[2023-11-13T08:08:10.660+0000] {logging_mixin.py:154} INFO - [2023-11-13T08:08:10.660+0000] {dagbag.py:536} INFO - Filling up the DagBag from /home/airflow/.local/lib/python3.8/site-packages/airflow/example_dags/example_time_delta_sensor_async.py
[2023-11-13T08:08:10.663+0000] {processor.py:839} INFO - DAG(s) dict_keys(['example_time_delta_sensor_async']) retrieved from /home/airflow/.local/lib/python3.8/site-packages/airflow/example_dags/example_time_delta_sensor_async.py
[2023-11-13T08:08:10.677+0000] {logging_mixin.py:154} INFO - [2023-11-13T08:08:10.677+0000] {dag.py:2941} INFO - Sync 1 DAGs
[2023-11-13T08:08:10.779+0000] {logging_mixin.py:154} INFO - [2023-11-13T08:08:10.779+0000] {dag.py:3722} INFO - Setting next_dagrun for example_time_delta_sensor_async to None, run_after=None
[2023-11-13T08:08:12.212+0000] {processor.py:179} INFO - Processing /home/airflow/.local/lib/python3.8/site-packages/airflow/example_dags/example_time_delta_sensor_async.py took 1.560 seconds
[2023-11-13T08:08:43.018+0000] {processor.py:157} INFO - Started process (PID=1471) to work on /home/airflow/.local/lib/python3.8/site-packages/airflow/example_dags/example_time_delta_sensor_async.py
[2023-11-13T08:08:43.018+0000] {processor.py:829} INFO - Processing file /home/airflow/.local/lib/python3.8/site-packages/airflow/example_dags/example_time_delta_sensor_async.py for tasks to queue
[2023-11-13T08:08:43.020+0000] {logging_mixin.py:154} INFO - [2023-11-13T08:08:43.019+0000] {dagbag.py:536} INFO - Filling up the DagBag from /home/airflow/.local/lib/python3.8/site-packages/airflow/example_dags/example_time_delta_sensor_async.py
[2023-11-13T08:08:43.023+0000] {processor.py:839} INFO - DAG(s) dict_keys(['example_time_delta_sensor_async']) retrieved from /home/airflow/.local/lib/python3.8/site-packages/airflow/example_dags/example_time_delta_sensor_async.py
[2023-11-13T08:08:43.038+0000] {logging_mixin.py:154} INFO - [2023-11-13T08:08:43.038+0000] {dag.py:2941} INFO - Sync 1 DAGs
[2023-11-13T08:08:43.046+0000] {logging_mixin.py:154} INFO - [2023-11-13T08:08:43.046+0000] {dag.py:3722} INFO - Setting next_dagrun for example_time_delta_sensor_async to None, run_after=None
[2023-11-13T08:08:44.477+0000] {processor.py:179} INFO - Processing /home/airflow/.local/lib/python3.8/site-packages/airflow/example_dags/example_time_delta_sensor_async.py took 1.461 seconds
[2023-11-13T08:09:14.792+0000] {processor.py:157} INFO - Started process (PID=1525) to work on /home/airflow/.local/lib/python3.8/site-packages/airflow/example_dags/example_time_delta_sensor_async.py
[2023-11-13T08:09:14.793+0000] {processor.py:829} INFO - Processing file /home/airflow/.local/lib/python3.8/site-packages/airflow/example_dags/example_time_delta_sensor_async.py for tasks to queue
[2023-11-13T08:09:14.794+0000] {logging_mixin.py:154} INFO - [2023-11-13T08:09:14.794+0000] {dagbag.py:536} INFO - Filling up the DagBag from /home/airflow/.local/lib/python3.8/site-packages/airflow/example_dags/example_time_delta_sensor_async.py
[2023-11-13T08:09:14.798+0000] {processor.py:839} INFO - DAG(s) dict_keys(['example_time_delta_sensor_async']) retrieved from /home/airflow/.local/lib/python3.8/site-packages/airflow/example_dags/example_time_delta_sensor_async.py
[2023-11-13T08:09:14.812+0000] {logging_mixin.py:154} INFO - [2023-11-13T08:09:14.812+0000] {dag.py:2941} INFO - Sync 1 DAGs
[2023-11-13T08:09:14.821+0000] {logging_mixin.py:154} INFO - [2023-11-13T08:09:14.821+0000] {dag.py:3722} INFO - Setting next_dagrun for example_time_delta_sensor_async to None, run_after=None
[2023-11-13T08:09:15.937+0000] {processor.py:179} INFO - Processing /home/airflow/.local/lib/python3.8/site-packages/airflow/example_dags/example_time_delta_sensor_async.py took 1.147 seconds
[2023-11-13T08:09:46.453+0000] {processor.py:157} INFO - Started process (PID=1579) to work on /home/airflow/.local/lib/python3.8/site-packages/airflow/example_dags/example_time_delta_sensor_async.py
[2023-11-13T08:09:46.454+0000] {processor.py:829} INFO - Processing file /home/airflow/.local/lib/python3.8/site-packages/airflow/example_dags/example_time_delta_sensor_async.py for tasks to queue
[2023-11-13T08:09:46.455+0000] {logging_mixin.py:154} INFO - [2023-11-13T08:09:46.455+0000] {dagbag.py:536} INFO - Filling up the DagBag from /home/airflow/.local/lib/python3.8/site-packages/airflow/example_dags/example_time_delta_sensor_async.py
[2023-11-13T08:09:46.459+0000] {processor.py:839} INFO - DAG(s) dict_keys(['example_time_delta_sensor_async']) retrieved from /home/airflow/.local/lib/python3.8/site-packages/airflow/example_dags/example_time_delta_sensor_async.py
[2023-11-13T08:09:46.473+0000] {logging_mixin.py:154} INFO - [2023-11-13T08:09:46.473+0000] {dag.py:2941} INFO - Sync 1 DAGs
[2023-11-13T08:09:46.579+0000] {logging_mixin.py:154} INFO - [2023-11-13T08:09:46.578+0000] {dag.py:3722} INFO - Setting next_dagrun for example_time_delta_sensor_async to None, run_after=None
[2023-11-13T08:09:47.186+0000] {processor.py:179} INFO - Processing /home/airflow/.local/lib/python3.8/site-packages/airflow/example_dags/example_time_delta_sensor_async.py took 0.735 seconds
[2023-11-13T08:10:17.997+0000] {processor.py:157} INFO - Started process (PID=1633) to work on /home/airflow/.local/lib/python3.8/site-packages/airflow/example_dags/example_time_delta_sensor_async.py
[2023-11-13T08:10:18.006+0000] {processor.py:829} INFO - Processing file /home/airflow/.local/lib/python3.8/site-packages/airflow/example_dags/example_time_delta_sensor_async.py for tasks to queue
[2023-11-13T08:10:18.008+0000] {logging_mixin.py:154} INFO - [2023-11-13T08:10:18.008+0000] {dagbag.py:536} INFO - Filling up the DagBag from /home/airflow/.local/lib/python3.8/site-packages/airflow/example_dags/example_time_delta_sensor_async.py
[2023-11-13T08:10:18.011+0000] {processor.py:839} INFO - DAG(s) dict_keys(['example_time_delta_sensor_async']) retrieved from /home/airflow/.local/lib/python3.8/site-packages/airflow/example_dags/example_time_delta_sensor_async.py
[2023-11-13T08:10:18.027+0000] {logging_mixin.py:154} INFO - [2023-11-13T08:10:18.027+0000] {dag.py:2941} INFO - Sync 1 DAGs
[2023-11-13T08:10:18.037+0000] {logging_mixin.py:154} INFO - [2023-11-13T08:10:18.036+0000] {dag.py:3722} INFO - Setting next_dagrun for example_time_delta_sensor_async to None, run_after=None
[2023-11-13T08:10:19.528+0000] {processor.py:179} INFO - Processing /home/airflow/.local/lib/python3.8/site-packages/airflow/example_dags/example_time_delta_sensor_async.py took 1.533 seconds
[2023-11-13T08:10:50.409+0000] {processor.py:157} INFO - Started process (PID=1687) to work on /home/airflow/.local/lib/python3.8/site-packages/airflow/example_dags/example_time_delta_sensor_async.py
[2023-11-13T08:10:50.409+0000] {processor.py:829} INFO - Processing file /home/airflow/.local/lib/python3.8/site-packages/airflow/example_dags/example_time_delta_sensor_async.py for tasks to queue
[2023-11-13T08:10:50.411+0000] {logging_mixin.py:154} INFO - [2023-11-13T08:10:50.411+0000] {dagbag.py:536} INFO - Filling up the DagBag from /home/airflow/.local/lib/python3.8/site-packages/airflow/example_dags/example_time_delta_sensor_async.py
[2023-11-13T08:10:50.414+0000] {processor.py:839} INFO - DAG(s) dict_keys(['example_time_delta_sensor_async']) retrieved from /home/airflow/.local/lib/python3.8/site-packages/airflow/example_dags/example_time_delta_sensor_async.py
[2023-11-13T08:10:50.429+0000] {logging_mixin.py:154} INFO - [2023-11-13T08:10:50.429+0000] {dag.py:2941} INFO - Sync 1 DAGs
[2023-11-13T08:10:50.437+0000] {logging_mixin.py:154} INFO - [2023-11-13T08:10:50.437+0000] {dag.py:3722} INFO - Setting next_dagrun for example_time_delta_sensor_async to None, run_after=None
[2023-11-13T08:10:52.104+0000] {processor.py:179} INFO - Processing /home/airflow/.local/lib/python3.8/site-packages/airflow/example_dags/example_time_delta_sensor_async.py took 1.697 seconds
[2023-11-13T08:11:22.439+0000] {processor.py:157} INFO - Started process (PID=1741) to work on /home/airflow/.local/lib/python3.8/site-packages/airflow/example_dags/example_time_delta_sensor_async.py
[2023-11-13T08:11:22.452+0000] {processor.py:829} INFO - Processing file /home/airflow/.local/lib/python3.8/site-packages/airflow/example_dags/example_time_delta_sensor_async.py for tasks to queue
[2023-11-13T08:11:22.454+0000] {logging_mixin.py:154} INFO - [2023-11-13T08:11:22.454+0000] {dagbag.py:536} INFO - Filling up the DagBag from /home/airflow/.local/lib/python3.8/site-packages/airflow/example_dags/example_time_delta_sensor_async.py
[2023-11-13T08:11:22.457+0000] {processor.py:839} INFO - DAG(s) dict_keys(['example_time_delta_sensor_async']) retrieved from /home/airflow/.local/lib/python3.8/site-packages/airflow/example_dags/example_time_delta_sensor_async.py
[2023-11-13T08:11:22.471+0000] {logging_mixin.py:154} INFO - [2023-11-13T08:11:22.471+0000] {dag.py:2941} INFO - Sync 1 DAGs
[2023-11-13T08:11:22.481+0000] {logging_mixin.py:154} INFO - [2023-11-13T08:11:22.481+0000] {dag.py:3722} INFO - Setting next_dagrun for example_time_delta_sensor_async to None, run_after=None
[2023-11-13T08:11:22.515+0000] {processor.py:179} INFO - Processing /home/airflow/.local/lib/python3.8/site-packages/airflow/example_dags/example_time_delta_sensor_async.py took 0.078 seconds
[2023-11-13T08:11:52.583+0000] {processor.py:157} INFO - Started process (PID=1795) to work on /home/airflow/.local/lib/python3.8/site-packages/airflow/example_dags/example_time_delta_sensor_async.py
[2023-11-13T08:11:52.583+0000] {processor.py:829} INFO - Processing file /home/airflow/.local/lib/python3.8/site-packages/airflow/example_dags/example_time_delta_sensor_async.py for tasks to queue
[2023-11-13T08:11:52.585+0000] {logging_mixin.py:154} INFO - [2023-11-13T08:11:52.584+0000] {dagbag.py:536} INFO - Filling up the DagBag from /home/airflow/.local/lib/python3.8/site-packages/airflow/example_dags/example_time_delta_sensor_async.py
[2023-11-13T08:11:52.588+0000] {processor.py:839} INFO - DAG(s) dict_keys(['example_time_delta_sensor_async']) retrieved from /home/airflow/.local/lib/python3.8/site-packages/airflow/example_dags/example_time_delta_sensor_async.py
[2023-11-13T08:11:52.604+0000] {logging_mixin.py:154} INFO - [2023-11-13T08:11:52.603+0000] {dag.py:2941} INFO - Sync 1 DAGs
[2023-11-13T08:11:52.618+0000] {logging_mixin.py:154} INFO - [2023-11-13T08:11:52.618+0000] {dag.py:3722} INFO - Setting next_dagrun for example_time_delta_sensor_async to None, run_after=None
[2023-11-13T08:11:52.749+0000] {processor.py:179} INFO - Processing /home/airflow/.local/lib/python3.8/site-packages/airflow/example_dags/example_time_delta_sensor_async.py took 0.169 seconds
[2023-11-13T08:12:23.428+0000] {processor.py:157} INFO - Started process (PID=1849) to work on /home/airflow/.local/lib/python3.8/site-packages/airflow/example_dags/example_time_delta_sensor_async.py
[2023-11-13T08:12:24.428+0000] {processor.py:829} INFO - Processing file /home/airflow/.local/lib/python3.8/site-packages/airflow/example_dags/example_time_delta_sensor_async.py for tasks to queue
[2023-11-13T08:12:24.612+0000] {logging_mixin.py:154} INFO - [2023-11-13T08:12:24.611+0000] {dagbag.py:536} INFO - Filling up the DagBag from /home/airflow/.local/lib/python3.8/site-packages/airflow/example_dags/example_time_delta_sensor_async.py
[2023-11-13T08:12:24.615+0000] {processor.py:839} INFO - DAG(s) dict_keys(['example_time_delta_sensor_async']) retrieved from /home/airflow/.local/lib/python3.8/site-packages/airflow/example_dags/example_time_delta_sensor_async.py
[2023-11-13T08:12:24.631+0000] {logging_mixin.py:154} INFO - [2023-11-13T08:12:24.630+0000] {dag.py:2941} INFO - Sync 1 DAGs
[2023-11-13T08:12:24.640+0000] {logging_mixin.py:154} INFO - [2023-11-13T08:12:24.640+0000] {dag.py:3722} INFO - Setting next_dagrun for example_time_delta_sensor_async to None, run_after=None
[2023-11-13T08:12:25.495+0000] {processor.py:179} INFO - Processing /home/airflow/.local/lib/python3.8/site-packages/airflow/example_dags/example_time_delta_sensor_async.py took 2.070 seconds
[2023-11-13T08:12:55.571+0000] {processor.py:157} INFO - Started process (PID=1903) to work on /home/airflow/.local/lib/python3.8/site-packages/airflow/example_dags/example_time_delta_sensor_async.py
[2023-11-13T08:12:55.571+0000] {processor.py:829} INFO - Processing file /home/airflow/.local/lib/python3.8/site-packages/airflow/example_dags/example_time_delta_sensor_async.py for tasks to queue
[2023-11-13T08:12:55.573+0000] {logging_mixin.py:154} INFO - [2023-11-13T08:12:55.572+0000] {dagbag.py:536} INFO - Filling up the DagBag from /home/airflow/.local/lib/python3.8/site-packages/airflow/example_dags/example_time_delta_sensor_async.py
[2023-11-13T08:12:55.576+0000] {processor.py:839} INFO - DAG(s) dict_keys(['example_time_delta_sensor_async']) retrieved from /home/airflow/.local/lib/python3.8/site-packages/airflow/example_dags/example_time_delta_sensor_async.py
[2023-11-13T08:12:55.591+0000] {logging_mixin.py:154} INFO - [2023-11-13T08:12:55.591+0000] {dag.py:2941} INFO - Sync 1 DAGs
[2023-11-13T08:12:55.600+0000] {logging_mixin.py:154} INFO - [2023-11-13T08:12:55.600+0000] {dag.py:3722} INFO - Setting next_dagrun for example_time_delta_sensor_async to None, run_after=None
[2023-11-13T08:12:57.088+0000] {processor.py:179} INFO - Processing /home/airflow/.local/lib/python3.8/site-packages/airflow/example_dags/example_time_delta_sensor_async.py took 1.520 seconds
[2023-11-13T08:13:27.987+0000] {processor.py:157} INFO - Started process (PID=1957) to work on /home/airflow/.local/lib/python3.8/site-packages/airflow/example_dags/example_time_delta_sensor_async.py
[2023-11-13T08:13:28.148+0000] {processor.py:829} INFO - Processing file /home/airflow/.local/lib/python3.8/site-packages/airflow/example_dags/example_time_delta_sensor_async.py for tasks to queue
[2023-11-13T08:13:28.150+0000] {logging_mixin.py:154} INFO - [2023-11-13T08:13:28.150+0000] {dagbag.py:536} INFO - Filling up the DagBag from /home/airflow/.local/lib/python3.8/site-packages/airflow/example_dags/example_time_delta_sensor_async.py
[2023-11-13T08:13:28.153+0000] {processor.py:839} INFO - DAG(s) dict_keys(['example_time_delta_sensor_async']) retrieved from /home/airflow/.local/lib/python3.8/site-packages/airflow/example_dags/example_time_delta_sensor_async.py
[2023-11-13T08:13:28.167+0000] {logging_mixin.py:154} INFO - [2023-11-13T08:13:28.167+0000] {dag.py:2941} INFO - Sync 1 DAGs
[2023-11-13T08:13:28.176+0000] {logging_mixin.py:154} INFO - [2023-11-13T08:13:28.175+0000] {dag.py:3722} INFO - Setting next_dagrun for example_time_delta_sensor_async to None, run_after=None
[2023-11-13T08:13:28.454+0000] {processor.py:179} INFO - Processing /home/airflow/.local/lib/python3.8/site-packages/airflow/example_dags/example_time_delta_sensor_async.py took 0.469 seconds
[2023-11-13T08:13:58.495+0000] {processor.py:157} INFO - Started process (PID=2011) to work on /home/airflow/.local/lib/python3.8/site-packages/airflow/example_dags/example_time_delta_sensor_async.py
[2023-11-13T08:13:58.496+0000] {processor.py:829} INFO - Processing file /home/airflow/.local/lib/python3.8/site-packages/airflow/example_dags/example_time_delta_sensor_async.py for tasks to queue
[2023-11-13T08:13:58.497+0000] {logging_mixin.py:154} INFO - [2023-11-13T08:13:58.497+0000] {dagbag.py:536} INFO - Filling up the DagBag from /home/airflow/.local/lib/python3.8/site-packages/airflow/example_dags/example_time_delta_sensor_async.py
[2023-11-13T08:13:58.501+0000] {processor.py:839} INFO - DAG(s) dict_keys(['example_time_delta_sensor_async']) retrieved from /home/airflow/.local/lib/python3.8/site-packages/airflow/example_dags/example_time_delta_sensor_async.py
[2023-11-13T08:13:58.515+0000] {logging_mixin.py:154} INFO - [2023-11-13T08:13:58.515+0000] {dag.py:2941} INFO - Sync 1 DAGs
[2023-11-13T08:13:58.523+0000] {logging_mixin.py:154} INFO - [2023-11-13T08:13:58.523+0000] {dag.py:3722} INFO - Setting next_dagrun for example_time_delta_sensor_async to None, run_after=None
[2023-11-13T08:13:58.781+0000] {processor.py:179} INFO - Processing /home/airflow/.local/lib/python3.8/site-packages/airflow/example_dags/example_time_delta_sensor_async.py took 0.288 seconds
[2023-11-13T08:14:29.290+0000] {processor.py:157} INFO - Started process (PID=2065) to work on /home/airflow/.local/lib/python3.8/site-packages/airflow/example_dags/example_time_delta_sensor_async.py
[2023-11-13T08:14:29.291+0000] {processor.py:829} INFO - Processing file /home/airflow/.local/lib/python3.8/site-packages/airflow/example_dags/example_time_delta_sensor_async.py for tasks to queue
[2023-11-13T08:14:29.292+0000] {logging_mixin.py:154} INFO - [2023-11-13T08:14:29.292+0000] {dagbag.py:536} INFO - Filling up the DagBag from /home/airflow/.local/lib/python3.8/site-packages/airflow/example_dags/example_time_delta_sensor_async.py
[2023-11-13T08:14:29.296+0000] {processor.py:839} INFO - DAG(s) dict_keys(['example_time_delta_sensor_async']) retrieved from /home/airflow/.local/lib/python3.8/site-packages/airflow/example_dags/example_time_delta_sensor_async.py
[2023-11-13T08:14:29.310+0000] {logging_mixin.py:154} INFO - [2023-11-13T08:14:29.310+0000] {dag.py:2941} INFO - Sync 1 DAGs
[2023-11-13T08:14:29.319+0000] {logging_mixin.py:154} INFO - [2023-11-13T08:14:29.319+0000] {dag.py:3722} INFO - Setting next_dagrun for example_time_delta_sensor_async to None, run_after=None
[2023-11-13T08:14:30.316+0000] {processor.py:179} INFO - Processing /home/airflow/.local/lib/python3.8/site-packages/airflow/example_dags/example_time_delta_sensor_async.py took 1.028 seconds
[2023-11-13T08:15:00.433+0000] {processor.py:157} INFO - Started process (PID=2119) to work on /home/airflow/.local/lib/python3.8/site-packages/airflow/example_dags/example_time_delta_sensor_async.py
[2023-11-13T08:15:00.830+0000] {processor.py:829} INFO - Processing file /home/airflow/.local/lib/python3.8/site-packages/airflow/example_dags/example_time_delta_sensor_async.py for tasks to queue
[2023-11-13T08:15:00.970+0000] {logging_mixin.py:154} INFO - [2023-11-13T08:15:00.969+0000] {dagbag.py:536} INFO - Filling up the DagBag from /home/airflow/.local/lib/python3.8/site-packages/airflow/example_dags/example_time_delta_sensor_async.py
[2023-11-13T08:15:00.983+0000] {processor.py:839} INFO - DAG(s) dict_keys(['example_time_delta_sensor_async']) retrieved from /home/airflow/.local/lib/python3.8/site-packages/airflow/example_dags/example_time_delta_sensor_async.py
[2023-11-13T08:15:01.036+0000] {logging_mixin.py:154} INFO - [2023-11-13T08:15:01.036+0000] {dag.py:2941} INFO - Sync 1 DAGs
[2023-11-13T08:15:01.050+0000] {logging_mixin.py:154} INFO - [2023-11-13T08:15:01.050+0000] {dag.py:3722} INFO - Setting next_dagrun for example_time_delta_sensor_async to None, run_after=None
[2023-11-13T08:15:01.172+0000] {processor.py:179} INFO - Processing /home/airflow/.local/lib/python3.8/site-packages/airflow/example_dags/example_time_delta_sensor_async.py took 0.741 seconds
[2023-11-13T08:15:31.223+0000] {processor.py:157} INFO - Started process (PID=2173) to work on /home/airflow/.local/lib/python3.8/site-packages/airflow/example_dags/example_time_delta_sensor_async.py
[2023-11-13T08:15:31.249+0000] {processor.py:829} INFO - Processing file /home/airflow/.local/lib/python3.8/site-packages/airflow/example_dags/example_time_delta_sensor_async.py for tasks to queue
[2023-11-13T08:15:31.251+0000] {logging_mixin.py:154} INFO - [2023-11-13T08:15:31.251+0000] {dagbag.py:536} INFO - Filling up the DagBag from /home/airflow/.local/lib/python3.8/site-packages/airflow/example_dags/example_time_delta_sensor_async.py
[2023-11-13T08:15:31.255+0000] {processor.py:839} INFO - DAG(s) dict_keys(['example_time_delta_sensor_async']) retrieved from /home/airflow/.local/lib/python3.8/site-packages/airflow/example_dags/example_time_delta_sensor_async.py
[2023-11-13T08:15:31.269+0000] {logging_mixin.py:154} INFO - [2023-11-13T08:15:31.269+0000] {dag.py:2941} INFO - Sync 1 DAGs
[2023-11-13T08:15:31.278+0000] {logging_mixin.py:154} INFO - [2023-11-13T08:15:31.278+0000] {dag.py:3722} INFO - Setting next_dagrun for example_time_delta_sensor_async to None, run_after=None
[2023-11-13T08:15:32.635+0000] {processor.py:179} INFO - Processing /home/airflow/.local/lib/python3.8/site-packages/airflow/example_dags/example_time_delta_sensor_async.py took 1.415 seconds
[2023-11-13T08:16:03.499+0000] {processor.py:157} INFO - Started process (PID=2227) to work on /home/airflow/.local/lib/python3.8/site-packages/airflow/example_dags/example_time_delta_sensor_async.py
[2023-11-13T08:16:03.518+0000] {processor.py:829} INFO - Processing file /home/airflow/.local/lib/python3.8/site-packages/airflow/example_dags/example_time_delta_sensor_async.py for tasks to queue
[2023-11-13T08:16:03.520+0000] {logging_mixin.py:154} INFO - [2023-11-13T08:16:03.520+0000] {dagbag.py:536} INFO - Filling up the DagBag from /home/airflow/.local/lib/python3.8/site-packages/airflow/example_dags/example_time_delta_sensor_async.py
[2023-11-13T08:16:03.523+0000] {processor.py:839} INFO - DAG(s) dict_keys(['example_time_delta_sensor_async']) retrieved from /home/airflow/.local/lib/python3.8/site-packages/airflow/example_dags/example_time_delta_sensor_async.py
[2023-11-13T08:16:03.536+0000] {logging_mixin.py:154} INFO - [2023-11-13T08:16:03.536+0000] {dag.py:2941} INFO - Sync 1 DAGs
[2023-11-13T08:16:03.544+0000] {logging_mixin.py:154} INFO - [2023-11-13T08:16:03.544+0000] {dag.py:3722} INFO - Setting next_dagrun for example_time_delta_sensor_async to None, run_after=None
[2023-11-13T08:16:04.623+0000] {processor.py:179} INFO - Processing /home/airflow/.local/lib/python3.8/site-packages/airflow/example_dags/example_time_delta_sensor_async.py took 1.126 seconds
[2023-11-13T08:16:35.521+0000] {processor.py:157} INFO - Started process (PID=2281) to work on /home/airflow/.local/lib/python3.8/site-packages/airflow/example_dags/example_time_delta_sensor_async.py
[2023-11-13T08:16:35.702+0000] {processor.py:829} INFO - Processing file /home/airflow/.local/lib/python3.8/site-packages/airflow/example_dags/example_time_delta_sensor_async.py for tasks to queue
[2023-11-13T08:16:35.708+0000] {logging_mixin.py:154} INFO - [2023-11-13T08:16:35.707+0000] {dagbag.py:536} INFO - Filling up the DagBag from /home/airflow/.local/lib/python3.8/site-packages/airflow/example_dags/example_time_delta_sensor_async.py
[2023-11-13T08:16:35.711+0000] {processor.py:839} INFO - DAG(s) dict_keys(['example_time_delta_sensor_async']) retrieved from /home/airflow/.local/lib/python3.8/site-packages/airflow/example_dags/example_time_delta_sensor_async.py
[2023-11-13T08:16:35.724+0000] {logging_mixin.py:154} INFO - [2023-11-13T08:16:35.724+0000] {dag.py:2941} INFO - Sync 1 DAGs
[2023-11-13T08:16:35.733+0000] {logging_mixin.py:154} INFO - [2023-11-13T08:16:35.733+0000] {dag.py:3722} INFO - Setting next_dagrun for example_time_delta_sensor_async to None, run_after=None
[2023-11-13T08:16:36.535+0000] {processor.py:179} INFO - Processing /home/airflow/.local/lib/python3.8/site-packages/airflow/example_dags/example_time_delta_sensor_async.py took 1.016 seconds
[2023-11-13T08:17:06.755+0000] {processor.py:157} INFO - Started process (PID=2335) to work on /home/airflow/.local/lib/python3.8/site-packages/airflow/example_dags/example_time_delta_sensor_async.py
[2023-11-13T08:17:06.755+0000] {processor.py:829} INFO - Processing file /home/airflow/.local/lib/python3.8/site-packages/airflow/example_dags/example_time_delta_sensor_async.py for tasks to queue
[2023-11-13T08:17:06.757+0000] {logging_mixin.py:154} INFO - [2023-11-13T08:17:06.757+0000] {dagbag.py:536} INFO - Filling up the DagBag from /home/airflow/.local/lib/python3.8/site-packages/airflow/example_dags/example_time_delta_sensor_async.py
[2023-11-13T08:17:06.760+0000] {processor.py:839} INFO - DAG(s) dict_keys(['example_time_delta_sensor_async']) retrieved from /home/airflow/.local/lib/python3.8/site-packages/airflow/example_dags/example_time_delta_sensor_async.py
[2023-11-13T08:17:06.775+0000] {logging_mixin.py:154} INFO - [2023-11-13T08:17:06.775+0000] {dag.py:2941} INFO - Sync 1 DAGs
[2023-11-13T08:17:06.783+0000] {logging_mixin.py:154} INFO - [2023-11-13T08:17:06.783+0000] {dag.py:3722} INFO - Setting next_dagrun for example_time_delta_sensor_async to None, run_after=None
[2023-11-13T08:17:07.415+0000] {processor.py:179} INFO - Processing /home/airflow/.local/lib/python3.8/site-packages/airflow/example_dags/example_time_delta_sensor_async.py took 0.662 seconds
[2023-11-13T08:17:37.832+0000] {processor.py:157} INFO - Started process (PID=2389) to work on /home/airflow/.local/lib/python3.8/site-packages/airflow/example_dags/example_time_delta_sensor_async.py
[2023-11-13T08:17:37.990+0000] {processor.py:829} INFO - Processing file /home/airflow/.local/lib/python3.8/site-packages/airflow/example_dags/example_time_delta_sensor_async.py for tasks to queue
[2023-11-13T08:17:37.997+0000] {logging_mixin.py:154} INFO - [2023-11-13T08:17:37.996+0000] {dagbag.py:536} INFO - Filling up the DagBag from /home/airflow/.local/lib/python3.8/site-packages/airflow/example_dags/example_time_delta_sensor_async.py
[2023-11-13T08:17:38.012+0000] {processor.py:839} INFO - DAG(s) dict_keys(['example_time_delta_sensor_async']) retrieved from /home/airflow/.local/lib/python3.8/site-packages/airflow/example_dags/example_time_delta_sensor_async.py
[2023-11-13T08:17:38.049+0000] {logging_mixin.py:154} INFO - [2023-11-13T08:17:38.049+0000] {dag.py:2941} INFO - Sync 1 DAGs
[2023-11-13T08:17:38.060+0000] {logging_mixin.py:154} INFO - [2023-11-13T08:17:38.060+0000] {dag.py:3722} INFO - Setting next_dagrun for example_time_delta_sensor_async to None, run_after=None
[2023-11-13T08:17:39.255+0000] {processor.py:179} INFO - Processing /home/airflow/.local/lib/python3.8/site-packages/airflow/example_dags/example_time_delta_sensor_async.py took 1.426 seconds
[2023-11-13T08:18:09.626+0000] {processor.py:157} INFO - Started process (PID=2443) to work on /home/airflow/.local/lib/python3.8/site-packages/airflow/example_dags/example_time_delta_sensor_async.py
[2023-11-13T08:18:09.626+0000] {processor.py:829} INFO - Processing file /home/airflow/.local/lib/python3.8/site-packages/airflow/example_dags/example_time_delta_sensor_async.py for tasks to queue
[2023-11-13T08:18:09.628+0000] {logging_mixin.py:154} INFO - [2023-11-13T08:18:09.628+0000] {dagbag.py:536} INFO - Filling up the DagBag from /home/airflow/.local/lib/python3.8/site-packages/airflow/example_dags/example_time_delta_sensor_async.py
[2023-11-13T08:18:09.631+0000] {processor.py:839} INFO - DAG(s) dict_keys(['example_time_delta_sensor_async']) retrieved from /home/airflow/.local/lib/python3.8/site-packages/airflow/example_dags/example_time_delta_sensor_async.py
[2023-11-13T08:18:09.646+0000] {logging_mixin.py:154} INFO - [2023-11-13T08:18:09.646+0000] {dag.py:2941} INFO - Sync 1 DAGs
[2023-11-13T08:18:09.655+0000] {logging_mixin.py:154} INFO - [2023-11-13T08:18:09.654+0000] {dag.py:3722} INFO - Setting next_dagrun for example_time_delta_sensor_async to None, run_after=None
[2023-11-13T08:18:10.746+0000] {processor.py:179} INFO - Processing /home/airflow/.local/lib/python3.8/site-packages/airflow/example_dags/example_time_delta_sensor_async.py took 1.123 seconds
[2023-11-13T08:18:41.782+0000] {processor.py:157} INFO - Started process (PID=2497) to work on /home/airflow/.local/lib/python3.8/site-packages/airflow/example_dags/example_time_delta_sensor_async.py
[2023-11-13T08:18:41.792+0000] {processor.py:829} INFO - Processing file /home/airflow/.local/lib/python3.8/site-packages/airflow/example_dags/example_time_delta_sensor_async.py for tasks to queue
[2023-11-13T08:18:41.794+0000] {logging_mixin.py:154} INFO - [2023-11-13T08:18:41.793+0000] {dagbag.py:536} INFO - Filling up the DagBag from /home/airflow/.local/lib/python3.8/site-packages/airflow/example_dags/example_time_delta_sensor_async.py
[2023-11-13T08:18:41.797+0000] {processor.py:839} INFO - DAG(s) dict_keys(['example_time_delta_sensor_async']) retrieved from /home/airflow/.local/lib/python3.8/site-packages/airflow/example_dags/example_time_delta_sensor_async.py
[2023-11-13T08:18:41.811+0000] {logging_mixin.py:154} INFO - [2023-11-13T08:18:41.811+0000] {dag.py:2941} INFO - Sync 1 DAGs
[2023-11-13T08:18:41.820+0000] {logging_mixin.py:154} INFO - [2023-11-13T08:18:41.820+0000] {dag.py:3722} INFO - Setting next_dagrun for example_time_delta_sensor_async to None, run_after=None
[2023-11-13T08:18:41.987+0000] {processor.py:179} INFO - Processing /home/airflow/.local/lib/python3.8/site-packages/airflow/example_dags/example_time_delta_sensor_async.py took 0.207 seconds
[2023-11-13T08:19:12.341+0000] {processor.py:157} INFO - Started process (PID=2551) to work on /home/airflow/.local/lib/python3.8/site-packages/airflow/example_dags/example_time_delta_sensor_async.py
[2023-11-13T08:19:12.343+0000] {processor.py:829} INFO - Processing file /home/airflow/.local/lib/python3.8/site-packages/airflow/example_dags/example_time_delta_sensor_async.py for tasks to queue
[2023-11-13T08:19:12.346+0000] {logging_mixin.py:154} INFO - [2023-11-13T08:19:12.346+0000] {dagbag.py:536} INFO - Filling up the DagBag from /home/airflow/.local/lib/python3.8/site-packages/airflow/example_dags/example_time_delta_sensor_async.py
[2023-11-13T08:19:12.349+0000] {processor.py:839} INFO - DAG(s) dict_keys(['example_time_delta_sensor_async']) retrieved from /home/airflow/.local/lib/python3.8/site-packages/airflow/example_dags/example_time_delta_sensor_async.py
[2023-11-13T08:19:12.364+0000] {logging_mixin.py:154} INFO - [2023-11-13T08:19:12.364+0000] {dag.py:2941} INFO - Sync 1 DAGs
[2023-11-13T08:19:12.372+0000] {logging_mixin.py:154} INFO - [2023-11-13T08:19:12.372+0000] {dag.py:3722} INFO - Setting next_dagrun for example_time_delta_sensor_async to None, run_after=None
[2023-11-13T08:19:12.395+0000] {processor.py:179} INFO - Processing /home/airflow/.local/lib/python3.8/site-packages/airflow/example_dags/example_time_delta_sensor_async.py took 0.063 seconds
[2023-11-13T08:19:43.151+0000] {processor.py:157} INFO - Started process (PID=2605) to work on /home/airflow/.local/lib/python3.8/site-packages/airflow/example_dags/example_time_delta_sensor_async.py
[2023-11-13T08:19:43.164+0000] {processor.py:829} INFO - Processing file /home/airflow/.local/lib/python3.8/site-packages/airflow/example_dags/example_time_delta_sensor_async.py for tasks to queue
[2023-11-13T08:19:43.166+0000] {logging_mixin.py:154} INFO - [2023-11-13T08:19:43.166+0000] {dagbag.py:536} INFO - Filling up the DagBag from /home/airflow/.local/lib/python3.8/site-packages/airflow/example_dags/example_time_delta_sensor_async.py
[2023-11-13T08:19:43.169+0000] {processor.py:839} INFO - DAG(s) dict_keys(['example_time_delta_sensor_async']) retrieved from /home/airflow/.local/lib/python3.8/site-packages/airflow/example_dags/example_time_delta_sensor_async.py
[2023-11-13T08:19:43.183+0000] {logging_mixin.py:154} INFO - [2023-11-13T08:19:43.183+0000] {dag.py:2941} INFO - Sync 1 DAGs
[2023-11-13T08:19:43.192+0000] {logging_mixin.py:154} INFO - [2023-11-13T08:19:43.192+0000] {dag.py:3722} INFO - Setting next_dagrun for example_time_delta_sensor_async to None, run_after=None
[2023-11-13T08:19:43.506+0000] {processor.py:179} INFO - Processing /home/airflow/.local/lib/python3.8/site-packages/airflow/example_dags/example_time_delta_sensor_async.py took 0.357 seconds
[2023-11-13T08:20:13.568+0000] {processor.py:157} INFO - Started process (PID=2659) to work on /home/airflow/.local/lib/python3.8/site-packages/airflow/example_dags/example_time_delta_sensor_async.py
[2023-11-13T08:20:13.569+0000] {processor.py:829} INFO - Processing file /home/airflow/.local/lib/python3.8/site-packages/airflow/example_dags/example_time_delta_sensor_async.py for tasks to queue
[2023-11-13T08:20:13.570+0000] {logging_mixin.py:154} INFO - [2023-11-13T08:20:13.570+0000] {dagbag.py:536} INFO - Filling up the DagBag from /home/airflow/.local/lib/python3.8/site-packages/airflow/example_dags/example_time_delta_sensor_async.py
[2023-11-13T08:20:13.574+0000] {processor.py:839} INFO - DAG(s) dict_keys(['example_time_delta_sensor_async']) retrieved from /home/airflow/.local/lib/python3.8/site-packages/airflow/example_dags/example_time_delta_sensor_async.py
[2023-11-13T08:20:13.589+0000] {logging_mixin.py:154} INFO - [2023-11-13T08:20:13.589+0000] {dag.py:2941} INFO - Sync 1 DAGs
[2023-11-13T08:20:13.598+0000] {logging_mixin.py:154} INFO - [2023-11-13T08:20:13.598+0000] {dag.py:3722} INFO - Setting next_dagrun for example_time_delta_sensor_async to None, run_after=None
[2023-11-13T08:20:14.046+0000] {processor.py:179} INFO - Processing /home/airflow/.local/lib/python3.8/site-packages/airflow/example_dags/example_time_delta_sensor_async.py took 0.480 seconds
[2023-11-13T08:20:44.126+0000] {processor.py:157} INFO - Started process (PID=2713) to work on /home/airflow/.local/lib/python3.8/site-packages/airflow/example_dags/example_time_delta_sensor_async.py
[2023-11-13T08:20:44.130+0000] {processor.py:829} INFO - Processing file /home/airflow/.local/lib/python3.8/site-packages/airflow/example_dags/example_time_delta_sensor_async.py for tasks to queue
[2023-11-13T08:20:44.131+0000] {logging_mixin.py:154} INFO - [2023-11-13T08:20:44.131+0000] {dagbag.py:536} INFO - Filling up the DagBag from /home/airflow/.local/lib/python3.8/site-packages/airflow/example_dags/example_time_delta_sensor_async.py
[2023-11-13T08:20:44.134+0000] {processor.py:839} INFO - DAG(s) dict_keys(['example_time_delta_sensor_async']) retrieved from /home/airflow/.local/lib/python3.8/site-packages/airflow/example_dags/example_time_delta_sensor_async.py
[2023-11-13T08:20:44.148+0000] {logging_mixin.py:154} INFO - [2023-11-13T08:20:44.148+0000] {dag.py:2941} INFO - Sync 1 DAGs
[2023-11-13T08:20:44.156+0000] {logging_mixin.py:154} INFO - [2023-11-13T08:20:44.156+0000] {dag.py:3722} INFO - Setting next_dagrun for example_time_delta_sensor_async to None, run_after=None
[2023-11-13T08:20:45.885+0000] {processor.py:179} INFO - Processing /home/airflow/.local/lib/python3.8/site-packages/airflow/example_dags/example_time_delta_sensor_async.py took 1.761 seconds
[2023-11-13T08:21:16.406+0000] {processor.py:157} INFO - Started process (PID=2767) to work on /home/airflow/.local/lib/python3.8/site-packages/airflow/example_dags/example_time_delta_sensor_async.py
[2023-11-13T08:21:16.407+0000] {processor.py:829} INFO - Processing file /home/airflow/.local/lib/python3.8/site-packages/airflow/example_dags/example_time_delta_sensor_async.py for tasks to queue
[2023-11-13T08:21:16.409+0000] {logging_mixin.py:154} INFO - [2023-11-13T08:21:16.409+0000] {dagbag.py:536} INFO - Filling up the DagBag from /home/airflow/.local/lib/python3.8/site-packages/airflow/example_dags/example_time_delta_sensor_async.py
[2023-11-13T08:21:16.412+0000] {processor.py:839} INFO - DAG(s) dict_keys(['example_time_delta_sensor_async']) retrieved from /home/airflow/.local/lib/python3.8/site-packages/airflow/example_dags/example_time_delta_sensor_async.py
[2023-11-13T08:21:16.427+0000] {logging_mixin.py:154} INFO - [2023-11-13T08:21:16.427+0000] {dag.py:2941} INFO - Sync 1 DAGs
[2023-11-13T08:21:16.436+0000] {logging_mixin.py:154} INFO - [2023-11-13T08:21:16.436+0000] {dag.py:3722} INFO - Setting next_dagrun for example_time_delta_sensor_async to None, run_after=None
[2023-11-13T08:21:17.084+0000] {processor.py:179} INFO - Processing /home/airflow/.local/lib/python3.8/site-packages/airflow/example_dags/example_time_delta_sensor_async.py took 0.679 seconds
[2023-11-13T08:21:47.781+0000] {processor.py:157} INFO - Started process (PID=2821) to work on /home/airflow/.local/lib/python3.8/site-packages/airflow/example_dags/example_time_delta_sensor_async.py
[2023-11-13T08:21:47.782+0000] {processor.py:829} INFO - Processing file /home/airflow/.local/lib/python3.8/site-packages/airflow/example_dags/example_time_delta_sensor_async.py for tasks to queue
[2023-11-13T08:21:47.783+0000] {logging_mixin.py:154} INFO - [2023-11-13T08:21:47.783+0000] {dagbag.py:536} INFO - Filling up the DagBag from /home/airflow/.local/lib/python3.8/site-packages/airflow/example_dags/example_time_delta_sensor_async.py
[2023-11-13T08:21:47.786+0000] {processor.py:839} INFO - DAG(s) dict_keys(['example_time_delta_sensor_async']) retrieved from /home/airflow/.local/lib/python3.8/site-packages/airflow/example_dags/example_time_delta_sensor_async.py
[2023-11-13T08:21:47.802+0000] {logging_mixin.py:154} INFO - [2023-11-13T08:21:47.802+0000] {dag.py:2941} INFO - Sync 1 DAGs
[2023-11-13T08:21:47.810+0000] {logging_mixin.py:154} INFO - [2023-11-13T08:21:47.810+0000] {dag.py:3722} INFO - Setting next_dagrun for example_time_delta_sensor_async to None, run_after=None
[2023-11-13T08:21:49.019+0000] {processor.py:179} INFO - Processing /home/airflow/.local/lib/python3.8/site-packages/airflow/example_dags/example_time_delta_sensor_async.py took 1.241 seconds
[2023-11-13T08:22:19.265+0000] {processor.py:157} INFO - Started process (PID=2875) to work on /home/airflow/.local/lib/python3.8/site-packages/airflow/example_dags/example_time_delta_sensor_async.py
[2023-11-13T08:22:19.266+0000] {processor.py:829} INFO - Processing file /home/airflow/.local/lib/python3.8/site-packages/airflow/example_dags/example_time_delta_sensor_async.py for tasks to queue
[2023-11-13T08:22:19.268+0000] {logging_mixin.py:154} INFO - [2023-11-13T08:22:19.268+0000] {dagbag.py:536} INFO - Filling up the DagBag from /home/airflow/.local/lib/python3.8/site-packages/airflow/example_dags/example_time_delta_sensor_async.py
[2023-11-13T08:22:19.271+0000] {processor.py:839} INFO - DAG(s) dict_keys(['example_time_delta_sensor_async']) retrieved from /home/airflow/.local/lib/python3.8/site-packages/airflow/example_dags/example_time_delta_sensor_async.py
[2023-11-13T08:22:19.289+0000] {logging_mixin.py:154} INFO - [2023-11-13T08:22:19.289+0000] {dag.py:2941} INFO - Sync 1 DAGs
[2023-11-13T08:22:19.299+0000] {logging_mixin.py:154} INFO - [2023-11-13T08:22:19.299+0000] {dag.py:3722} INFO - Setting next_dagrun for example_time_delta_sensor_async to None, run_after=None
[2023-11-13T08:22:19.333+0000] {processor.py:179} INFO - Processing /home/airflow/.local/lib/python3.8/site-packages/airflow/example_dags/example_time_delta_sensor_async.py took 0.071 seconds
[2023-11-13T08:22:49.924+0000] {processor.py:157} INFO - Started process (PID=2929) to work on /home/airflow/.local/lib/python3.8/site-packages/airflow/example_dags/example_time_delta_sensor_async.py
[2023-11-13T08:22:49.925+0000] {processor.py:829} INFO - Processing file /home/airflow/.local/lib/python3.8/site-packages/airflow/example_dags/example_time_delta_sensor_async.py for tasks to queue
[2023-11-13T08:22:49.926+0000] {logging_mixin.py:154} INFO - [2023-11-13T08:22:49.926+0000] {dagbag.py:536} INFO - Filling up the DagBag from /home/airflow/.local/lib/python3.8/site-packages/airflow/example_dags/example_time_delta_sensor_async.py
[2023-11-13T08:22:49.929+0000] {processor.py:839} INFO - DAG(s) dict_keys(['example_time_delta_sensor_async']) retrieved from /home/airflow/.local/lib/python3.8/site-packages/airflow/example_dags/example_time_delta_sensor_async.py
[2023-11-13T08:22:49.944+0000] {logging_mixin.py:154} INFO - [2023-11-13T08:22:49.944+0000] {dag.py:2941} INFO - Sync 1 DAGs
[2023-11-13T08:22:49.954+0000] {logging_mixin.py:154} INFO - [2023-11-13T08:22:49.954+0000] {dag.py:3722} INFO - Setting next_dagrun for example_time_delta_sensor_async to None, run_after=None
[2023-11-13T08:22:50.938+0000] {processor.py:179} INFO - Processing /home/airflow/.local/lib/python3.8/site-packages/airflow/example_dags/example_time_delta_sensor_async.py took 1.016 seconds
[2023-11-13T08:23:21.559+0000] {processor.py:157} INFO - Started process (PID=2983) to work on /home/airflow/.local/lib/python3.8/site-packages/airflow/example_dags/example_time_delta_sensor_async.py
[2023-11-13T08:23:21.560+0000] {processor.py:829} INFO - Processing file /home/airflow/.local/lib/python3.8/site-packages/airflow/example_dags/example_time_delta_sensor_async.py for tasks to queue
[2023-11-13T08:23:21.562+0000] {logging_mixin.py:154} INFO - [2023-11-13T08:23:21.562+0000] {dagbag.py:536} INFO - Filling up the DagBag from /home/airflow/.local/lib/python3.8/site-packages/airflow/example_dags/example_time_delta_sensor_async.py
[2023-11-13T08:23:21.565+0000] {processor.py:839} INFO - DAG(s) dict_keys(['example_time_delta_sensor_async']) retrieved from /home/airflow/.local/lib/python3.8/site-packages/airflow/example_dags/example_time_delta_sensor_async.py
[2023-11-13T08:23:21.580+0000] {logging_mixin.py:154} INFO - [2023-11-13T08:23:21.579+0000] {dag.py:2941} INFO - Sync 1 DAGs
[2023-11-13T08:23:21.589+0000] {logging_mixin.py:154} INFO - [2023-11-13T08:23:21.589+0000] {dag.py:3722} INFO - Setting next_dagrun for example_time_delta_sensor_async to None, run_after=None
[2023-11-13T08:23:22.766+0000] {processor.py:179} INFO - Processing /home/airflow/.local/lib/python3.8/site-packages/airflow/example_dags/example_time_delta_sensor_async.py took 1.209 seconds
[2023-11-13T08:23:53.018+0000] {processor.py:157} INFO - Started process (PID=3037) to work on /home/airflow/.local/lib/python3.8/site-packages/airflow/example_dags/example_time_delta_sensor_async.py
[2023-11-13T08:23:53.019+0000] {processor.py:829} INFO - Processing file /home/airflow/.local/lib/python3.8/site-packages/airflow/example_dags/example_time_delta_sensor_async.py for tasks to queue
[2023-11-13T08:23:53.021+0000] {logging_mixin.py:154} INFO - [2023-11-13T08:23:53.021+0000] {dagbag.py:536} INFO - Filling up the DagBag from /home/airflow/.local/lib/python3.8/site-packages/airflow/example_dags/example_time_delta_sensor_async.py
[2023-11-13T08:23:53.024+0000] {processor.py:839} INFO - DAG(s) dict_keys(['example_time_delta_sensor_async']) retrieved from /home/airflow/.local/lib/python3.8/site-packages/airflow/example_dags/example_time_delta_sensor_async.py
[2023-11-13T08:23:53.065+0000] {logging_mixin.py:154} INFO - [2023-11-13T08:23:53.065+0000] {dag.py:2941} INFO - Sync 1 DAGs
[2023-11-13T08:23:53.080+0000] {logging_mixin.py:154} INFO - [2023-11-13T08:23:53.080+0000] {dag.py:3722} INFO - Setting next_dagrun for example_time_delta_sensor_async to None, run_after=None
[2023-11-13T08:23:53.110+0000] {processor.py:179} INFO - Processing /home/airflow/.local/lib/python3.8/site-packages/airflow/example_dags/example_time_delta_sensor_async.py took 0.095 seconds
[2023-11-13T08:24:23.329+0000] {processor.py:157} INFO - Started process (PID=3091) to work on /home/airflow/.local/lib/python3.8/site-packages/airflow/example_dags/example_time_delta_sensor_async.py
[2023-11-13T08:24:23.330+0000] {processor.py:829} INFO - Processing file /home/airflow/.local/lib/python3.8/site-packages/airflow/example_dags/example_time_delta_sensor_async.py for tasks to queue
[2023-11-13T08:24:23.334+0000] {logging_mixin.py:154} INFO - [2023-11-13T08:24:23.333+0000] {dagbag.py:536} INFO - Filling up the DagBag from /home/airflow/.local/lib/python3.8/site-packages/airflow/example_dags/example_time_delta_sensor_async.py
[2023-11-13T08:24:23.338+0000] {processor.py:839} INFO - DAG(s) dict_keys(['example_time_delta_sensor_async']) retrieved from /home/airflow/.local/lib/python3.8/site-packages/airflow/example_dags/example_time_delta_sensor_async.py
[2023-11-13T08:24:23.358+0000] {logging_mixin.py:154} INFO - [2023-11-13T08:24:23.358+0000] {dag.py:2941} INFO - Sync 1 DAGs
[2023-11-13T08:24:23.369+0000] {logging_mixin.py:154} INFO - [2023-11-13T08:24:23.369+0000] {dag.py:3722} INFO - Setting next_dagrun for example_time_delta_sensor_async to None, run_after=None
[2023-11-13T08:24:23.410+0000] {processor.py:179} INFO - Processing /home/airflow/.local/lib/python3.8/site-packages/airflow/example_dags/example_time_delta_sensor_async.py took 0.087 seconds
[2023-11-13T08:24:54.310+0000] {processor.py:157} INFO - Started process (PID=3145) to work on /home/airflow/.local/lib/python3.8/site-packages/airflow/example_dags/example_time_delta_sensor_async.py
[2023-11-13T08:24:54.368+0000] {processor.py:829} INFO - Processing file /home/airflow/.local/lib/python3.8/site-packages/airflow/example_dags/example_time_delta_sensor_async.py for tasks to queue
[2023-11-13T08:24:54.372+0000] {logging_mixin.py:154} INFO - [2023-11-13T08:24:54.372+0000] {dagbag.py:536} INFO - Filling up the DagBag from /home/airflow/.local/lib/python3.8/site-packages/airflow/example_dags/example_time_delta_sensor_async.py
[2023-11-13T08:24:54.376+0000] {processor.py:839} INFO - DAG(s) dict_keys(['example_time_delta_sensor_async']) retrieved from /home/airflow/.local/lib/python3.8/site-packages/airflow/example_dags/example_time_delta_sensor_async.py
[2023-11-13T08:24:54.393+0000] {logging_mixin.py:154} INFO - [2023-11-13T08:24:54.392+0000] {dag.py:2941} INFO - Sync 1 DAGs
[2023-11-13T08:24:54.402+0000] {logging_mixin.py:154} INFO - [2023-11-13T08:24:54.401+0000] {dag.py:3722} INFO - Setting next_dagrun for example_time_delta_sensor_async to None, run_after=None
[2023-11-13T08:24:54.855+0000] {processor.py:179} INFO - Processing /home/airflow/.local/lib/python3.8/site-packages/airflow/example_dags/example_time_delta_sensor_async.py took 0.547 seconds
[2023-11-13T08:25:25.312+0000] {processor.py:157} INFO - Started process (PID=3199) to work on /home/airflow/.local/lib/python3.8/site-packages/airflow/example_dags/example_time_delta_sensor_async.py
[2023-11-13T08:25:25.313+0000] {processor.py:829} INFO - Processing file /home/airflow/.local/lib/python3.8/site-packages/airflow/example_dags/example_time_delta_sensor_async.py for tasks to queue
[2023-11-13T08:25:25.315+0000] {logging_mixin.py:154} INFO - [2023-11-13T08:25:25.315+0000] {dagbag.py:536} INFO - Filling up the DagBag from /home/airflow/.local/lib/python3.8/site-packages/airflow/example_dags/example_time_delta_sensor_async.py
[2023-11-13T08:25:25.318+0000] {processor.py:839} INFO - DAG(s) dict_keys(['example_time_delta_sensor_async']) retrieved from /home/airflow/.local/lib/python3.8/site-packages/airflow/example_dags/example_time_delta_sensor_async.py
[2023-11-13T08:25:25.331+0000] {logging_mixin.py:154} INFO - [2023-11-13T08:25:25.331+0000] {dag.py:2941} INFO - Sync 1 DAGs
[2023-11-13T08:25:25.340+0000] {logging_mixin.py:154} INFO - [2023-11-13T08:25:25.340+0000] {dag.py:3722} INFO - Setting next_dagrun for example_time_delta_sensor_async to None, run_after=None
[2023-11-13T08:25:25.672+0000] {processor.py:179} INFO - Processing /home/airflow/.local/lib/python3.8/site-packages/airflow/example_dags/example_time_delta_sensor_async.py took 0.362 seconds
[2023-11-13T08:25:55.893+0000] {processor.py:157} INFO - Started process (PID=3253) to work on /home/airflow/.local/lib/python3.8/site-packages/airflow/example_dags/example_time_delta_sensor_async.py
[2023-11-13T08:25:55.894+0000] {processor.py:829} INFO - Processing file /home/airflow/.local/lib/python3.8/site-packages/airflow/example_dags/example_time_delta_sensor_async.py for tasks to queue
[2023-11-13T08:25:55.895+0000] {logging_mixin.py:154} INFO - [2023-11-13T08:25:55.895+0000] {dagbag.py:536} INFO - Filling up the DagBag from /home/airflow/.local/lib/python3.8/site-packages/airflow/example_dags/example_time_delta_sensor_async.py
[2023-11-13T08:25:55.898+0000] {processor.py:839} INFO - DAG(s) dict_keys(['example_time_delta_sensor_async']) retrieved from /home/airflow/.local/lib/python3.8/site-packages/airflow/example_dags/example_time_delta_sensor_async.py
[2023-11-13T08:25:55.913+0000] {logging_mixin.py:154} INFO - [2023-11-13T08:25:55.913+0000] {dag.py:2941} INFO - Sync 1 DAGs
[2023-11-13T08:25:55.922+0000] {logging_mixin.py:154} INFO - [2023-11-13T08:25:55.922+0000] {dag.py:3722} INFO - Setting next_dagrun for example_time_delta_sensor_async to None, run_after=None
[2023-11-13T08:25:57.239+0000] {processor.py:179} INFO - Processing /home/airflow/.local/lib/python3.8/site-packages/airflow/example_dags/example_time_delta_sensor_async.py took 1.348 seconds
[2023-11-13T08:26:28.188+0000] {processor.py:157} INFO - Started process (PID=3307) to work on /home/airflow/.local/lib/python3.8/site-packages/airflow/example_dags/example_time_delta_sensor_async.py
[2023-11-13T08:26:28.195+0000] {processor.py:829} INFO - Processing file /home/airflow/.local/lib/python3.8/site-packages/airflow/example_dags/example_time_delta_sensor_async.py for tasks to queue
[2023-11-13T08:26:28.198+0000] {logging_mixin.py:154} INFO - [2023-11-13T08:26:28.198+0000] {dagbag.py:536} INFO - Filling up the DagBag from /home/airflow/.local/lib/python3.8/site-packages/airflow/example_dags/example_time_delta_sensor_async.py
[2023-11-13T08:26:28.201+0000] {processor.py:839} INFO - DAG(s) dict_keys(['example_time_delta_sensor_async']) retrieved from /home/airflow/.local/lib/python3.8/site-packages/airflow/example_dags/example_time_delta_sensor_async.py
[2023-11-13T08:26:28.216+0000] {logging_mixin.py:154} INFO - [2023-11-13T08:26:28.216+0000] {dag.py:2941} INFO - Sync 1 DAGs
[2023-11-13T08:26:28.225+0000] {logging_mixin.py:154} INFO - [2023-11-13T08:26:28.224+0000] {dag.py:3722} INFO - Setting next_dagrun for example_time_delta_sensor_async to None, run_after=None
[2023-11-13T08:26:28.606+0000] {processor.py:179} INFO - Processing /home/airflow/.local/lib/python3.8/site-packages/airflow/example_dags/example_time_delta_sensor_async.py took 0.425 seconds
[2023-11-13T08:26:59.931+0000] {processor.py:157} INFO - Started process (PID=3368) to work on /home/airflow/.local/lib/python3.8/site-packages/airflow/example_dags/example_time_delta_sensor_async.py
[2023-11-13T08:26:59.988+0000] {processor.py:829} INFO - Processing file /home/airflow/.local/lib/python3.8/site-packages/airflow/example_dags/example_time_delta_sensor_async.py for tasks to queue
[2023-11-13T08:26:59.996+0000] {logging_mixin.py:154} INFO - [2023-11-13T08:26:59.996+0000] {dagbag.py:536} INFO - Filling up the DagBag from /home/airflow/.local/lib/python3.8/site-packages/airflow/example_dags/example_time_delta_sensor_async.py
[2023-11-13T08:27:00.010+0000] {processor.py:839} INFO - DAG(s) dict_keys(['example_time_delta_sensor_async']) retrieved from /home/airflow/.local/lib/python3.8/site-packages/airflow/example_dags/example_time_delta_sensor_async.py
[2023-11-13T08:27:00.043+0000] {logging_mixin.py:154} INFO - [2023-11-13T08:27:00.043+0000] {dag.py:2941} INFO - Sync 1 DAGs
[2023-11-13T08:27:00.051+0000] {logging_mixin.py:154} INFO - [2023-11-13T08:27:00.051+0000] {dag.py:3722} INFO - Setting next_dagrun for example_time_delta_sensor_async to None, run_after=None
[2023-11-13T08:27:00.174+0000] {processor.py:179} INFO - Processing /home/airflow/.local/lib/python3.8/site-packages/airflow/example_dags/example_time_delta_sensor_async.py took 0.248 seconds
[2023-11-13T08:27:30.931+0000] {processor.py:157} INFO - Started process (PID=3422) to work on /home/airflow/.local/lib/python3.8/site-packages/airflow/example_dags/example_time_delta_sensor_async.py
[2023-11-13T08:27:31.398+0000] {processor.py:829} INFO - Processing file /home/airflow/.local/lib/python3.8/site-packages/airflow/example_dags/example_time_delta_sensor_async.py for tasks to queue
[2023-11-13T08:27:31.408+0000] {logging_mixin.py:154} INFO - [2023-11-13T08:27:31.407+0000] {dagbag.py:536} INFO - Filling up the DagBag from /home/airflow/.local/lib/python3.8/site-packages/airflow/example_dags/example_time_delta_sensor_async.py
[2023-11-13T08:27:31.416+0000] {processor.py:839} INFO - DAG(s) dict_keys(['example_time_delta_sensor_async']) retrieved from /home/airflow/.local/lib/python3.8/site-packages/airflow/example_dags/example_time_delta_sensor_async.py
[2023-11-13T08:27:31.431+0000] {logging_mixin.py:154} INFO - [2023-11-13T08:27:31.431+0000] {dag.py:2941} INFO - Sync 1 DAGs
[2023-11-13T08:27:31.441+0000] {logging_mixin.py:154} INFO - [2023-11-13T08:27:31.441+0000] {dag.py:3722} INFO - Setting next_dagrun for example_time_delta_sensor_async to None, run_after=None
[2023-11-13T08:27:31.540+0000] {processor.py:179} INFO - Processing /home/airflow/.local/lib/python3.8/site-packages/airflow/example_dags/example_time_delta_sensor_async.py took 0.611 seconds
[2023-11-13T08:28:01.608+0000] {processor.py:157} INFO - Started process (PID=3476) to work on /home/airflow/.local/lib/python3.8/site-packages/airflow/example_dags/example_time_delta_sensor_async.py
[2023-11-13T08:28:01.609+0000] {processor.py:829} INFO - Processing file /home/airflow/.local/lib/python3.8/site-packages/airflow/example_dags/example_time_delta_sensor_async.py for tasks to queue
[2023-11-13T08:28:01.611+0000] {logging_mixin.py:154} INFO - [2023-11-13T08:28:01.611+0000] {dagbag.py:536} INFO - Filling up the DagBag from /home/airflow/.local/lib/python3.8/site-packages/airflow/example_dags/example_time_delta_sensor_async.py
[2023-11-13T08:28:01.614+0000] {processor.py:839} INFO - DAG(s) dict_keys(['example_time_delta_sensor_async']) retrieved from /home/airflow/.local/lib/python3.8/site-packages/airflow/example_dags/example_time_delta_sensor_async.py
[2023-11-13T08:28:01.634+0000] {logging_mixin.py:154} INFO - [2023-11-13T08:28:01.634+0000] {dag.py:2941} INFO - Sync 1 DAGs
[2023-11-13T08:28:01.647+0000] {logging_mixin.py:154} INFO - [2023-11-13T08:28:01.647+0000] {dag.py:3722} INFO - Setting next_dagrun for example_time_delta_sensor_async to None, run_after=None
[2023-11-13T08:28:03.944+0000] {processor.py:179} INFO - Processing /home/airflow/.local/lib/python3.8/site-packages/airflow/example_dags/example_time_delta_sensor_async.py took 2.338 seconds
[2023-11-13T08:44:56.987+0000] {processor.py:157} INFO - Started process (PID=67) to work on /home/airflow/.local/lib/python3.8/site-packages/airflow/example_dags/example_time_delta_sensor_async.py
[2023-11-13T08:44:57.283+0000] {processor.py:829} INFO - Processing file /home/airflow/.local/lib/python3.8/site-packages/airflow/example_dags/example_time_delta_sensor_async.py for tasks to queue
[2023-11-13T08:44:57.292+0000] {logging_mixin.py:154} INFO - [2023-11-13T08:44:57.291+0000] {dagbag.py:536} INFO - Filling up the DagBag from /home/airflow/.local/lib/python3.8/site-packages/airflow/example_dags/example_time_delta_sensor_async.py
[2023-11-13T08:44:57.312+0000] {processor.py:839} INFO - DAG(s) dict_keys(['example_time_delta_sensor_async']) retrieved from /home/airflow/.local/lib/python3.8/site-packages/airflow/example_dags/example_time_delta_sensor_async.py
[2023-11-13T08:44:58.648+0000] {logging_mixin.py:154} INFO - [2023-11-13T08:44:58.648+0000] {process_utils.py:259} INFO - Waiting up to 5 seconds for processes to exit...
[2023-11-13T08:45:32.797+0000] {processor.py:157} INFO - Started process (PID=59) to work on /home/airflow/.local/lib/python3.8/site-packages/airflow/example_dags/example_time_delta_sensor_async.py
[2023-11-13T08:45:32.821+0000] {processor.py:829} INFO - Processing file /home/airflow/.local/lib/python3.8/site-packages/airflow/example_dags/example_time_delta_sensor_async.py for tasks to queue
[2023-11-13T08:45:32.822+0000] {logging_mixin.py:154} INFO - [2023-11-13T08:45:32.822+0000] {dagbag.py:536} INFO - Filling up the DagBag from /home/airflow/.local/lib/python3.8/site-packages/airflow/example_dags/example_time_delta_sensor_async.py
[2023-11-13T08:45:32.827+0000] {processor.py:839} INFO - DAG(s) dict_keys(['example_time_delta_sensor_async']) retrieved from /home/airflow/.local/lib/python3.8/site-packages/airflow/example_dags/example_time_delta_sensor_async.py
[2023-11-13T08:45:32.845+0000] {logging_mixin.py:154} INFO - [2023-11-13T08:45:32.845+0000] {dag.py:2941} INFO - Sync 1 DAGs
[2023-11-13T08:45:32.855+0000] {logging_mixin.py:154} INFO - [2023-11-13T08:45:32.855+0000] {dag.py:2963} INFO - Creating ORM DAG for example_time_delta_sensor_async
[2023-11-13T08:45:32.855+0000] {logging_mixin.py:154} INFO - [2023-11-13T08:45:32.855+0000] {dag.py:3722} INFO - Setting next_dagrun for example_time_delta_sensor_async to None, run_after=None
[2023-11-13T08:45:32.894+0000] {processor.py:179} INFO - Processing /home/airflow/.local/lib/python3.8/site-packages/airflow/example_dags/example_time_delta_sensor_async.py took 0.099 seconds
[2023-11-13T08:46:06.986+0000] {processor.py:157} INFO - Started process (PID=113) to work on /home/airflow/.local/lib/python3.8/site-packages/airflow/example_dags/example_time_delta_sensor_async.py
[2023-11-13T08:46:06.990+0000] {processor.py:829} INFO - Processing file /home/airflow/.local/lib/python3.8/site-packages/airflow/example_dags/example_time_delta_sensor_async.py for tasks to queue
[2023-11-13T08:46:06.998+0000] {logging_mixin.py:154} INFO - [2023-11-13T08:46:06.997+0000] {dagbag.py:536} INFO - Filling up the DagBag from /home/airflow/.local/lib/python3.8/site-packages/airflow/example_dags/example_time_delta_sensor_async.py
[2023-11-13T08:46:07.010+0000] {processor.py:839} INFO - DAG(s) dict_keys(['example_time_delta_sensor_async']) retrieved from /home/airflow/.local/lib/python3.8/site-packages/airflow/example_dags/example_time_delta_sensor_async.py
[2023-11-13T08:46:07.036+0000] {logging_mixin.py:154} INFO - [2023-11-13T08:46:07.036+0000] {dag.py:2941} INFO - Sync 1 DAGs
[2023-11-13T08:46:07.046+0000] {logging_mixin.py:154} INFO - [2023-11-13T08:46:07.046+0000] {dag.py:3722} INFO - Setting next_dagrun for example_time_delta_sensor_async to None, run_after=None
[2023-11-13T08:46:07.074+0000] {processor.py:179} INFO - Processing /home/airflow/.local/lib/python3.8/site-packages/airflow/example_dags/example_time_delta_sensor_async.py took 0.090 seconds
[2023-11-13T08:46:37.703+0000] {processor.py:157} INFO - Started process (PID=167) to work on /home/airflow/.local/lib/python3.8/site-packages/airflow/example_dags/example_time_delta_sensor_async.py
[2023-11-13T08:46:37.711+0000] {processor.py:829} INFO - Processing file /home/airflow/.local/lib/python3.8/site-packages/airflow/example_dags/example_time_delta_sensor_async.py for tasks to queue
[2023-11-13T08:46:37.713+0000] {logging_mixin.py:154} INFO - [2023-11-13T08:46:37.713+0000] {dagbag.py:536} INFO - Filling up the DagBag from /home/airflow/.local/lib/python3.8/site-packages/airflow/example_dags/example_time_delta_sensor_async.py
[2023-11-13T08:46:37.717+0000] {processor.py:839} INFO - DAG(s) dict_keys(['example_time_delta_sensor_async']) retrieved from /home/airflow/.local/lib/python3.8/site-packages/airflow/example_dags/example_time_delta_sensor_async.py
[2023-11-13T08:46:37.733+0000] {logging_mixin.py:154} INFO - [2023-11-13T08:46:37.733+0000] {dag.py:2941} INFO - Sync 1 DAGs
[2023-11-13T08:46:37.743+0000] {logging_mixin.py:154} INFO - [2023-11-13T08:46:37.743+0000] {dag.py:3722} INFO - Setting next_dagrun for example_time_delta_sensor_async to None, run_after=None
[2023-11-13T08:46:37.778+0000] {processor.py:179} INFO - Processing /home/airflow/.local/lib/python3.8/site-packages/airflow/example_dags/example_time_delta_sensor_async.py took 0.078 seconds
[2023-11-13T08:47:08.494+0000] {processor.py:157} INFO - Started process (PID=221) to work on /home/airflow/.local/lib/python3.8/site-packages/airflow/example_dags/example_time_delta_sensor_async.py
[2023-11-13T08:47:08.514+0000] {processor.py:829} INFO - Processing file /home/airflow/.local/lib/python3.8/site-packages/airflow/example_dags/example_time_delta_sensor_async.py for tasks to queue
[2023-11-13T08:47:08.517+0000] {logging_mixin.py:154} INFO - [2023-11-13T08:47:08.516+0000] {dagbag.py:536} INFO - Filling up the DagBag from /home/airflow/.local/lib/python3.8/site-packages/airflow/example_dags/example_time_delta_sensor_async.py
[2023-11-13T08:47:08.520+0000] {processor.py:839} INFO - DAG(s) dict_keys(['example_time_delta_sensor_async']) retrieved from /home/airflow/.local/lib/python3.8/site-packages/airflow/example_dags/example_time_delta_sensor_async.py
[2023-11-13T08:47:08.539+0000] {logging_mixin.py:154} INFO - [2023-11-13T08:47:08.539+0000] {dag.py:2941} INFO - Sync 1 DAGs
[2023-11-13T08:47:08.549+0000] {logging_mixin.py:154} INFO - [2023-11-13T08:47:08.549+0000] {dag.py:3722} INFO - Setting next_dagrun for example_time_delta_sensor_async to None, run_after=None
[2023-11-13T08:47:08.600+0000] {processor.py:179} INFO - Processing /home/airflow/.local/lib/python3.8/site-packages/airflow/example_dags/example_time_delta_sensor_async.py took 0.109 seconds
[2023-11-13T08:47:38.933+0000] {processor.py:157} INFO - Started process (PID=275) to work on /home/airflow/.local/lib/python3.8/site-packages/airflow/example_dags/example_time_delta_sensor_async.py
[2023-11-13T08:47:38.933+0000] {processor.py:829} INFO - Processing file /home/airflow/.local/lib/python3.8/site-packages/airflow/example_dags/example_time_delta_sensor_async.py for tasks to queue
[2023-11-13T08:47:38.936+0000] {logging_mixin.py:154} INFO - [2023-11-13T08:47:38.936+0000] {dagbag.py:536} INFO - Filling up the DagBag from /home/airflow/.local/lib/python3.8/site-packages/airflow/example_dags/example_time_delta_sensor_async.py
[2023-11-13T08:47:38.940+0000] {processor.py:839} INFO - DAG(s) dict_keys(['example_time_delta_sensor_async']) retrieved from /home/airflow/.local/lib/python3.8/site-packages/airflow/example_dags/example_time_delta_sensor_async.py
[2023-11-13T08:47:38.956+0000] {logging_mixin.py:154} INFO - [2023-11-13T08:47:38.955+0000] {dag.py:2941} INFO - Sync 1 DAGs
[2023-11-13T08:47:38.965+0000] {logging_mixin.py:154} INFO - [2023-11-13T08:47:38.965+0000] {dag.py:3722} INFO - Setting next_dagrun for example_time_delta_sensor_async to None, run_after=None
[2023-11-13T08:47:39.221+0000] {processor.py:179} INFO - Processing /home/airflow/.local/lib/python3.8/site-packages/airflow/example_dags/example_time_delta_sensor_async.py took 0.292 seconds
[2023-11-13T08:48:09.256+0000] {processor.py:157} INFO - Started process (PID=328) to work on /home/airflow/.local/lib/python3.8/site-packages/airflow/example_dags/example_time_delta_sensor_async.py
[2023-11-13T08:48:09.272+0000] {processor.py:829} INFO - Processing file /home/airflow/.local/lib/python3.8/site-packages/airflow/example_dags/example_time_delta_sensor_async.py for tasks to queue
[2023-11-13T08:48:09.275+0000] {logging_mixin.py:154} INFO - [2023-11-13T08:48:09.274+0000] {dagbag.py:536} INFO - Filling up the DagBag from /home/airflow/.local/lib/python3.8/site-packages/airflow/example_dags/example_time_delta_sensor_async.py
[2023-11-13T08:48:09.278+0000] {processor.py:839} INFO - DAG(s) dict_keys(['example_time_delta_sensor_async']) retrieved from /home/airflow/.local/lib/python3.8/site-packages/airflow/example_dags/example_time_delta_sensor_async.py
[2023-11-13T08:48:09.292+0000] {logging_mixin.py:154} INFO - [2023-11-13T08:48:09.291+0000] {dag.py:2941} INFO - Sync 1 DAGs
[2023-11-13T08:48:09.301+0000] {logging_mixin.py:154} INFO - [2023-11-13T08:48:09.301+0000] {dag.py:3722} INFO - Setting next_dagrun for example_time_delta_sensor_async to None, run_after=None
[2023-11-13T08:48:09.335+0000] {processor.py:179} INFO - Processing /home/airflow/.local/lib/python3.8/site-packages/airflow/example_dags/example_time_delta_sensor_async.py took 0.081 seconds
