[2023-11-13T07:55:16.862+0000] {processor.py:157} INFO - Started process (PID=71) to work on /home/airflow/.local/lib/python3.8/site-packages/airflow/example_dags/example_kubernetes_executor.py
[2023-11-13T07:55:16.863+0000] {processor.py:829} INFO - Processing file /home/airflow/.local/lib/python3.8/site-packages/airflow/example_dags/example_kubernetes_executor.py for tasks to queue
[2023-11-13T07:55:16.864+0000] {logging_mixin.py:154} INFO - [2023-11-13T07:55:16.864+0000] {dagbag.py:536} INFO - Filling up the DagBag from /home/airflow/.local/lib/python3.8/site-packages/airflow/example_dags/example_kubernetes_executor.py
[2023-11-13T07:55:16.876+0000] {processor.py:839} INFO - DAG(s) dict_keys(['example_kubernetes_executor']) retrieved from /home/airflow/.local/lib/python3.8/site-packages/airflow/example_dags/example_kubernetes_executor.py
[2023-11-13T07:55:17.015+0000] {logging_mixin.py:154} INFO - [2023-11-13T07:55:17.014+0000] {manager.py:499} INFO - Created Permission View: %s
[2023-11-13T07:55:17.049+0000] {logging_mixin.py:154} INFO - [2023-11-13T07:55:17.049+0000] {manager.py:499} INFO - Created Permission View: %s
[2023-11-13T07:55:17.084+0000] {logging_mixin.py:154} INFO - [2023-11-13T07:55:17.083+0000] {manager.py:499} INFO - Created Permission View: %s
[2023-11-13T07:55:17.084+0000] {logging_mixin.py:154} INFO - [2023-11-13T07:55:17.084+0000] {dag.py:2941} INFO - Sync 1 DAGs
[2023-11-13T07:55:17.092+0000] {logging_mixin.py:154} INFO - [2023-11-13T07:55:17.092+0000] {dag.py:2963} INFO - Creating ORM DAG for example_kubernetes_executor
[2023-11-13T07:55:17.092+0000] {logging_mixin.py:154} INFO - [2023-11-13T07:55:17.092+0000] {dag.py:3722} INFO - Setting next_dagrun for example_kubernetes_executor to None, run_after=None
[2023-11-13T07:55:17.125+0000] {processor.py:179} INFO - Processing /home/airflow/.local/lib/python3.8/site-packages/airflow/example_dags/example_kubernetes_executor.py took 0.265 seconds
[2023-11-13T07:55:48.033+0000] {processor.py:157} INFO - Started process (PID=125) to work on /home/airflow/.local/lib/python3.8/site-packages/airflow/example_dags/example_kubernetes_executor.py
[2023-11-13T07:55:48.193+0000] {processor.py:829} INFO - Processing file /home/airflow/.local/lib/python3.8/site-packages/airflow/example_dags/example_kubernetes_executor.py for tasks to queue
[2023-11-13T07:55:48.195+0000] {logging_mixin.py:154} INFO - [2023-11-13T07:55:48.195+0000] {dagbag.py:536} INFO - Filling up the DagBag from /home/airflow/.local/lib/python3.8/site-packages/airflow/example_dags/example_kubernetes_executor.py
[2023-11-13T07:55:48.206+0000] {processor.py:839} INFO - DAG(s) dict_keys(['example_kubernetes_executor']) retrieved from /home/airflow/.local/lib/python3.8/site-packages/airflow/example_dags/example_kubernetes_executor.py
[2023-11-13T07:55:48.233+0000] {logging_mixin.py:154} INFO - [2023-11-13T07:55:48.232+0000] {dag.py:2941} INFO - Sync 1 DAGs
[2023-11-13T07:55:48.241+0000] {logging_mixin.py:154} INFO - [2023-11-13T07:55:48.241+0000] {dag.py:3722} INFO - Setting next_dagrun for example_kubernetes_executor to None, run_after=None
[2023-11-13T07:55:48.736+0000] {processor.py:179} INFO - Processing /home/airflow/.local/lib/python3.8/site-packages/airflow/example_dags/example_kubernetes_executor.py took 0.707 seconds
[2023-11-13T07:56:18.865+0000] {processor.py:157} INFO - Started process (PID=179) to work on /home/airflow/.local/lib/python3.8/site-packages/airflow/example_dags/example_kubernetes_executor.py
[2023-11-13T07:56:18.866+0000] {processor.py:829} INFO - Processing file /home/airflow/.local/lib/python3.8/site-packages/airflow/example_dags/example_kubernetes_executor.py for tasks to queue
[2023-11-13T07:56:18.867+0000] {logging_mixin.py:154} INFO - [2023-11-13T07:56:18.867+0000] {dagbag.py:536} INFO - Filling up the DagBag from /home/airflow/.local/lib/python3.8/site-packages/airflow/example_dags/example_kubernetes_executor.py
[2023-11-13T07:56:18.876+0000] {processor.py:839} INFO - DAG(s) dict_keys(['example_kubernetes_executor']) retrieved from /home/airflow/.local/lib/python3.8/site-packages/airflow/example_dags/example_kubernetes_executor.py
[2023-11-13T07:56:18.905+0000] {logging_mixin.py:154} INFO - [2023-11-13T07:56:18.905+0000] {dag.py:2941} INFO - Sync 1 DAGs
[2023-11-13T07:56:18.914+0000] {logging_mixin.py:154} INFO - [2023-11-13T07:56:18.914+0000] {dag.py:3722} INFO - Setting next_dagrun for example_kubernetes_executor to None, run_after=None
[2023-11-13T07:56:18.938+0000] {processor.py:179} INFO - Processing /home/airflow/.local/lib/python3.8/site-packages/airflow/example_dags/example_kubernetes_executor.py took 0.075 seconds
[2023-11-13T07:56:49.222+0000] {processor.py:157} INFO - Started process (PID=233) to work on /home/airflow/.local/lib/python3.8/site-packages/airflow/example_dags/example_kubernetes_executor.py
[2023-11-13T07:56:49.254+0000] {processor.py:829} INFO - Processing file /home/airflow/.local/lib/python3.8/site-packages/airflow/example_dags/example_kubernetes_executor.py for tasks to queue
[2023-11-13T07:56:49.256+0000] {logging_mixin.py:154} INFO - [2023-11-13T07:56:49.256+0000] {dagbag.py:536} INFO - Filling up the DagBag from /home/airflow/.local/lib/python3.8/site-packages/airflow/example_dags/example_kubernetes_executor.py
[2023-11-13T07:56:49.265+0000] {processor.py:839} INFO - DAG(s) dict_keys(['example_kubernetes_executor']) retrieved from /home/airflow/.local/lib/python3.8/site-packages/airflow/example_dags/example_kubernetes_executor.py
[2023-11-13T07:56:49.300+0000] {logging_mixin.py:154} INFO - [2023-11-13T07:56:49.300+0000] {dag.py:2941} INFO - Sync 1 DAGs
[2023-11-13T07:56:49.311+0000] {logging_mixin.py:154} INFO - [2023-11-13T07:56:49.311+0000] {dag.py:3722} INFO - Setting next_dagrun for example_kubernetes_executor to None, run_after=None
[2023-11-13T07:56:49.390+0000] {processor.py:179} INFO - Processing /home/airflow/.local/lib/python3.8/site-packages/airflow/example_dags/example_kubernetes_executor.py took 0.170 seconds
[2023-11-13T07:57:19.637+0000] {processor.py:157} INFO - Started process (PID=287) to work on /home/airflow/.local/lib/python3.8/site-packages/airflow/example_dags/example_kubernetes_executor.py
[2023-11-13T07:57:19.805+0000] {processor.py:829} INFO - Processing file /home/airflow/.local/lib/python3.8/site-packages/airflow/example_dags/example_kubernetes_executor.py for tasks to queue
[2023-11-13T07:57:19.812+0000] {logging_mixin.py:154} INFO - [2023-11-13T07:57:19.811+0000] {dagbag.py:536} INFO - Filling up the DagBag from /home/airflow/.local/lib/python3.8/site-packages/airflow/example_dags/example_kubernetes_executor.py
[2023-11-13T07:57:19.833+0000] {processor.py:839} INFO - DAG(s) dict_keys(['example_kubernetes_executor']) retrieved from /home/airflow/.local/lib/python3.8/site-packages/airflow/example_dags/example_kubernetes_executor.py
[2023-11-13T07:57:19.866+0000] {logging_mixin.py:154} INFO - [2023-11-13T07:57:19.866+0000] {dag.py:2941} INFO - Sync 1 DAGs
[2023-11-13T07:57:19.875+0000] {logging_mixin.py:154} INFO - [2023-11-13T07:57:19.875+0000] {dag.py:3722} INFO - Setting next_dagrun for example_kubernetes_executor to None, run_after=None
[2023-11-13T07:57:20.209+0000] {processor.py:179} INFO - Processing /home/airflow/.local/lib/python3.8/site-packages/airflow/example_dags/example_kubernetes_executor.py took 0.574 seconds
[2023-11-13T07:57:52.343+0000] {processor.py:157} INFO - Started process (PID=341) to work on /home/airflow/.local/lib/python3.8/site-packages/airflow/example_dags/example_kubernetes_executor.py
[2023-11-13T07:57:52.511+0000] {processor.py:829} INFO - Processing file /home/airflow/.local/lib/python3.8/site-packages/airflow/example_dags/example_kubernetes_executor.py for tasks to queue
[2023-11-13T07:57:52.513+0000] {logging_mixin.py:154} INFO - [2023-11-13T07:57:52.513+0000] {dagbag.py:536} INFO - Filling up the DagBag from /home/airflow/.local/lib/python3.8/site-packages/airflow/example_dags/example_kubernetes_executor.py
[2023-11-13T07:57:52.527+0000] {processor.py:839} INFO - DAG(s) dict_keys(['example_kubernetes_executor']) retrieved from /home/airflow/.local/lib/python3.8/site-packages/airflow/example_dags/example_kubernetes_executor.py
[2023-11-13T07:57:52.564+0000] {logging_mixin.py:154} INFO - [2023-11-13T07:57:52.564+0000] {dag.py:2941} INFO - Sync 1 DAGs
[2023-11-13T07:57:52.573+0000] {logging_mixin.py:154} INFO - [2023-11-13T07:57:52.573+0000] {dag.py:3722} INFO - Setting next_dagrun for example_kubernetes_executor to None, run_after=None
[2023-11-13T07:57:52.654+0000] {processor.py:179} INFO - Processing /home/airflow/.local/lib/python3.8/site-packages/airflow/example_dags/example_kubernetes_executor.py took 0.313 seconds
[2023-11-13T07:58:23.579+0000] {processor.py:157} INFO - Started process (PID=395) to work on /home/airflow/.local/lib/python3.8/site-packages/airflow/example_dags/example_kubernetes_executor.py
[2023-11-13T07:58:23.580+0000] {processor.py:829} INFO - Processing file /home/airflow/.local/lib/python3.8/site-packages/airflow/example_dags/example_kubernetes_executor.py for tasks to queue
[2023-11-13T07:58:23.581+0000] {logging_mixin.py:154} INFO - [2023-11-13T07:58:23.581+0000] {dagbag.py:536} INFO - Filling up the DagBag from /home/airflow/.local/lib/python3.8/site-packages/airflow/example_dags/example_kubernetes_executor.py
[2023-11-13T07:58:23.592+0000] {processor.py:839} INFO - DAG(s) dict_keys(['example_kubernetes_executor']) retrieved from /home/airflow/.local/lib/python3.8/site-packages/airflow/example_dags/example_kubernetes_executor.py
[2023-11-13T07:58:23.620+0000] {logging_mixin.py:154} INFO - [2023-11-13T07:58:23.619+0000] {dag.py:2941} INFO - Sync 1 DAGs
[2023-11-13T07:58:23.628+0000] {logging_mixin.py:154} INFO - [2023-11-13T07:58:23.628+0000] {dag.py:3722} INFO - Setting next_dagrun for example_kubernetes_executor to None, run_after=None
[2023-11-13T07:58:23.672+0000] {processor.py:179} INFO - Processing /home/airflow/.local/lib/python3.8/site-packages/airflow/example_dags/example_kubernetes_executor.py took 0.095 seconds
[2023-11-13T07:58:53.997+0000] {processor.py:157} INFO - Started process (PID=449) to work on /home/airflow/.local/lib/python3.8/site-packages/airflow/example_dags/example_kubernetes_executor.py
[2023-11-13T07:58:53.998+0000] {processor.py:829} INFO - Processing file /home/airflow/.local/lib/python3.8/site-packages/airflow/example_dags/example_kubernetes_executor.py for tasks to queue
[2023-11-13T07:58:53.999+0000] {logging_mixin.py:154} INFO - [2023-11-13T07:58:53.999+0000] {dagbag.py:536} INFO - Filling up the DagBag from /home/airflow/.local/lib/python3.8/site-packages/airflow/example_dags/example_kubernetes_executor.py
[2023-11-13T07:58:54.008+0000] {processor.py:839} INFO - DAG(s) dict_keys(['example_kubernetes_executor']) retrieved from /home/airflow/.local/lib/python3.8/site-packages/airflow/example_dags/example_kubernetes_executor.py
[2023-11-13T07:58:54.035+0000] {logging_mixin.py:154} INFO - [2023-11-13T07:58:54.035+0000] {dag.py:2941} INFO - Sync 1 DAGs
[2023-11-13T07:58:54.043+0000] {logging_mixin.py:154} INFO - [2023-11-13T07:58:54.043+0000] {dag.py:3722} INFO - Setting next_dagrun for example_kubernetes_executor to None, run_after=None
[2023-11-13T07:58:55.446+0000] {processor.py:179} INFO - Processing /home/airflow/.local/lib/python3.8/site-packages/airflow/example_dags/example_kubernetes_executor.py took 1.451 seconds
[2023-11-13T07:59:26.184+0000] {processor.py:157} INFO - Started process (PID=503) to work on /home/airflow/.local/lib/python3.8/site-packages/airflow/example_dags/example_kubernetes_executor.py
[2023-11-13T07:59:26.185+0000] {processor.py:829} INFO - Processing file /home/airflow/.local/lib/python3.8/site-packages/airflow/example_dags/example_kubernetes_executor.py for tasks to queue
[2023-11-13T07:59:26.186+0000] {logging_mixin.py:154} INFO - [2023-11-13T07:59:26.186+0000] {dagbag.py:536} INFO - Filling up the DagBag from /home/airflow/.local/lib/python3.8/site-packages/airflow/example_dags/example_kubernetes_executor.py
[2023-11-13T07:59:26.195+0000] {processor.py:839} INFO - DAG(s) dict_keys(['example_kubernetes_executor']) retrieved from /home/airflow/.local/lib/python3.8/site-packages/airflow/example_dags/example_kubernetes_executor.py
[2023-11-13T07:59:26.224+0000] {logging_mixin.py:154} INFO - [2023-11-13T07:59:26.224+0000] {dag.py:2941} INFO - Sync 1 DAGs
[2023-11-13T07:59:26.233+0000] {logging_mixin.py:154} INFO - [2023-11-13T07:59:26.232+0000] {dag.py:3722} INFO - Setting next_dagrun for example_kubernetes_executor to None, run_after=None
[2023-11-13T07:59:26.552+0000] {processor.py:179} INFO - Processing /home/airflow/.local/lib/python3.8/site-packages/airflow/example_dags/example_kubernetes_executor.py took 0.370 seconds
[2023-11-13T07:59:57.244+0000] {processor.py:157} INFO - Started process (PID=557) to work on /home/airflow/.local/lib/python3.8/site-packages/airflow/example_dags/example_kubernetes_executor.py
[2023-11-13T07:59:57.247+0000] {processor.py:829} INFO - Processing file /home/airflow/.local/lib/python3.8/site-packages/airflow/example_dags/example_kubernetes_executor.py for tasks to queue
[2023-11-13T07:59:57.249+0000] {logging_mixin.py:154} INFO - [2023-11-13T07:59:57.249+0000] {dagbag.py:536} INFO - Filling up the DagBag from /home/airflow/.local/lib/python3.8/site-packages/airflow/example_dags/example_kubernetes_executor.py
[2023-11-13T07:59:57.258+0000] {processor.py:839} INFO - DAG(s) dict_keys(['example_kubernetes_executor']) retrieved from /home/airflow/.local/lib/python3.8/site-packages/airflow/example_dags/example_kubernetes_executor.py
[2023-11-13T07:59:57.285+0000] {logging_mixin.py:154} INFO - [2023-11-13T07:59:57.285+0000] {dag.py:2941} INFO - Sync 1 DAGs
[2023-11-13T07:59:57.294+0000] {logging_mixin.py:154} INFO - [2023-11-13T07:59:57.294+0000] {dag.py:3722} INFO - Setting next_dagrun for example_kubernetes_executor to None, run_after=None
[2023-11-13T07:59:57.837+0000] {processor.py:179} INFO - Processing /home/airflow/.local/lib/python3.8/site-packages/airflow/example_dags/example_kubernetes_executor.py took 0.594 seconds
[2023-11-13T08:00:28.407+0000] {processor.py:157} INFO - Started process (PID=611) to work on /home/airflow/.local/lib/python3.8/site-packages/airflow/example_dags/example_kubernetes_executor.py
[2023-11-13T08:00:28.407+0000] {processor.py:829} INFO - Processing file /home/airflow/.local/lib/python3.8/site-packages/airflow/example_dags/example_kubernetes_executor.py for tasks to queue
[2023-11-13T08:00:28.409+0000] {logging_mixin.py:154} INFO - [2023-11-13T08:00:28.409+0000] {dagbag.py:536} INFO - Filling up the DagBag from /home/airflow/.local/lib/python3.8/site-packages/airflow/example_dags/example_kubernetes_executor.py
[2023-11-13T08:00:28.418+0000] {processor.py:839} INFO - DAG(s) dict_keys(['example_kubernetes_executor']) retrieved from /home/airflow/.local/lib/python3.8/site-packages/airflow/example_dags/example_kubernetes_executor.py
[2023-11-13T08:00:28.445+0000] {logging_mixin.py:154} INFO - [2023-11-13T08:00:28.445+0000] {dag.py:2941} INFO - Sync 1 DAGs
[2023-11-13T08:00:28.455+0000] {logging_mixin.py:154} INFO - [2023-11-13T08:00:28.455+0000] {dag.py:3722} INFO - Setting next_dagrun for example_kubernetes_executor to None, run_after=None
[2023-11-13T08:00:28.501+0000] {processor.py:179} INFO - Processing /home/airflow/.local/lib/python3.8/site-packages/airflow/example_dags/example_kubernetes_executor.py took 0.097 seconds
[2023-11-13T08:00:59.293+0000] {processor.py:157} INFO - Started process (PID=665) to work on /home/airflow/.local/lib/python3.8/site-packages/airflow/example_dags/example_kubernetes_executor.py
[2023-11-13T08:00:59.294+0000] {processor.py:829} INFO - Processing file /home/airflow/.local/lib/python3.8/site-packages/airflow/example_dags/example_kubernetes_executor.py for tasks to queue
[2023-11-13T08:00:59.295+0000] {logging_mixin.py:154} INFO - [2023-11-13T08:00:59.295+0000] {dagbag.py:536} INFO - Filling up the DagBag from /home/airflow/.local/lib/python3.8/site-packages/airflow/example_dags/example_kubernetes_executor.py
[2023-11-13T08:00:59.305+0000] {processor.py:839} INFO - DAG(s) dict_keys(['example_kubernetes_executor']) retrieved from /home/airflow/.local/lib/python3.8/site-packages/airflow/example_dags/example_kubernetes_executor.py
[2023-11-13T08:00:59.332+0000] {logging_mixin.py:154} INFO - [2023-11-13T08:00:59.332+0000] {dag.py:2941} INFO - Sync 1 DAGs
[2023-11-13T08:00:59.341+0000] {logging_mixin.py:154} INFO - [2023-11-13T08:00:59.341+0000] {dag.py:3722} INFO - Setting next_dagrun for example_kubernetes_executor to None, run_after=None
[2023-11-13T08:01:00.763+0000] {processor.py:179} INFO - Processing /home/airflow/.local/lib/python3.8/site-packages/airflow/example_dags/example_kubernetes_executor.py took 1.472 seconds
[2023-11-13T08:01:31.185+0000] {processor.py:157} INFO - Started process (PID=719) to work on /home/airflow/.local/lib/python3.8/site-packages/airflow/example_dags/example_kubernetes_executor.py
[2023-11-13T08:01:31.201+0000] {processor.py:829} INFO - Processing file /home/airflow/.local/lib/python3.8/site-packages/airflow/example_dags/example_kubernetes_executor.py for tasks to queue
[2023-11-13T08:01:31.203+0000] {logging_mixin.py:154} INFO - [2023-11-13T08:01:31.203+0000] {dagbag.py:536} INFO - Filling up the DagBag from /home/airflow/.local/lib/python3.8/site-packages/airflow/example_dags/example_kubernetes_executor.py
[2023-11-13T08:01:31.212+0000] {processor.py:839} INFO - DAG(s) dict_keys(['example_kubernetes_executor']) retrieved from /home/airflow/.local/lib/python3.8/site-packages/airflow/example_dags/example_kubernetes_executor.py
[2023-11-13T08:01:31.241+0000] {logging_mixin.py:154} INFO - [2023-11-13T08:01:31.240+0000] {dag.py:2941} INFO - Sync 1 DAGs
[2023-11-13T08:01:31.250+0000] {logging_mixin.py:154} INFO - [2023-11-13T08:01:31.250+0000] {dag.py:3722} INFO - Setting next_dagrun for example_kubernetes_executor to None, run_after=None
[2023-11-13T08:01:32.315+0000] {processor.py:179} INFO - Processing /home/airflow/.local/lib/python3.8/site-packages/airflow/example_dags/example_kubernetes_executor.py took 1.133 seconds
[2023-11-13T08:02:02.782+0000] {processor.py:157} INFO - Started process (PID=773) to work on /home/airflow/.local/lib/python3.8/site-packages/airflow/example_dags/example_kubernetes_executor.py
[2023-11-13T08:02:03.941+0000] {processor.py:829} INFO - Processing file /home/airflow/.local/lib/python3.8/site-packages/airflow/example_dags/example_kubernetes_executor.py for tasks to queue
[2023-11-13T08:02:03.946+0000] {logging_mixin.py:154} INFO - [2023-11-13T08:02:03.946+0000] {dagbag.py:536} INFO - Filling up the DagBag from /home/airflow/.local/lib/python3.8/site-packages/airflow/example_dags/example_kubernetes_executor.py
[2023-11-13T08:02:03.956+0000] {processor.py:839} INFO - DAG(s) dict_keys(['example_kubernetes_executor']) retrieved from /home/airflow/.local/lib/python3.8/site-packages/airflow/example_dags/example_kubernetes_executor.py
[2023-11-13T08:02:03.983+0000] {logging_mixin.py:154} INFO - [2023-11-13T08:02:03.983+0000] {dag.py:2941} INFO - Sync 1 DAGs
[2023-11-13T08:02:03.992+0000] {logging_mixin.py:154} INFO - [2023-11-13T08:02:03.992+0000] {dag.py:3722} INFO - Setting next_dagrun for example_kubernetes_executor to None, run_after=None
[2023-11-13T08:02:04.291+0000] {processor.py:179} INFO - Processing /home/airflow/.local/lib/python3.8/site-packages/airflow/example_dags/example_kubernetes_executor.py took 1.511 seconds
[2023-11-13T08:02:34.776+0000] {processor.py:157} INFO - Started process (PID=827) to work on /home/airflow/.local/lib/python3.8/site-packages/airflow/example_dags/example_kubernetes_executor.py
[2023-11-13T08:02:34.781+0000] {processor.py:829} INFO - Processing file /home/airflow/.local/lib/python3.8/site-packages/airflow/example_dags/example_kubernetes_executor.py for tasks to queue
[2023-11-13T08:02:34.783+0000] {logging_mixin.py:154} INFO - [2023-11-13T08:02:34.782+0000] {dagbag.py:536} INFO - Filling up the DagBag from /home/airflow/.local/lib/python3.8/site-packages/airflow/example_dags/example_kubernetes_executor.py
[2023-11-13T08:02:34.791+0000] {processor.py:839} INFO - DAG(s) dict_keys(['example_kubernetes_executor']) retrieved from /home/airflow/.local/lib/python3.8/site-packages/airflow/example_dags/example_kubernetes_executor.py
[2023-11-13T08:02:34.817+0000] {logging_mixin.py:154} INFO - [2023-11-13T08:02:34.816+0000] {dag.py:2941} INFO - Sync 1 DAGs
[2023-11-13T08:02:34.826+0000] {logging_mixin.py:154} INFO - [2023-11-13T08:02:34.825+0000] {dag.py:3722} INFO - Setting next_dagrun for example_kubernetes_executor to None, run_after=None
[2023-11-13T08:02:35.720+0000] {processor.py:179} INFO - Processing /home/airflow/.local/lib/python3.8/site-packages/airflow/example_dags/example_kubernetes_executor.py took 0.947 seconds
[2023-11-13T08:03:06.438+0000] {processor.py:157} INFO - Started process (PID=881) to work on /home/airflow/.local/lib/python3.8/site-packages/airflow/example_dags/example_kubernetes_executor.py
[2023-11-13T08:03:06.439+0000] {processor.py:829} INFO - Processing file /home/airflow/.local/lib/python3.8/site-packages/airflow/example_dags/example_kubernetes_executor.py for tasks to queue
[2023-11-13T08:03:06.440+0000] {logging_mixin.py:154} INFO - [2023-11-13T08:03:06.440+0000] {dagbag.py:536} INFO - Filling up the DagBag from /home/airflow/.local/lib/python3.8/site-packages/airflow/example_dags/example_kubernetes_executor.py
[2023-11-13T08:03:06.449+0000] {processor.py:839} INFO - DAG(s) dict_keys(['example_kubernetes_executor']) retrieved from /home/airflow/.local/lib/python3.8/site-packages/airflow/example_dags/example_kubernetes_executor.py
[2023-11-13T08:03:06.477+0000] {logging_mixin.py:154} INFO - [2023-11-13T08:03:06.477+0000] {dag.py:2941} INFO - Sync 1 DAGs
[2023-11-13T08:03:06.485+0000] {logging_mixin.py:154} INFO - [2023-11-13T08:03:06.485+0000] {dag.py:3722} INFO - Setting next_dagrun for example_kubernetes_executor to None, run_after=None
[2023-11-13T08:03:06.690+0000] {processor.py:179} INFO - Processing /home/airflow/.local/lib/python3.8/site-packages/airflow/example_dags/example_kubernetes_executor.py took 0.254 seconds
[2023-11-13T08:03:36.956+0000] {processor.py:157} INFO - Started process (PID=935) to work on /home/airflow/.local/lib/python3.8/site-packages/airflow/example_dags/example_kubernetes_executor.py
[2023-11-13T08:03:36.956+0000] {processor.py:829} INFO - Processing file /home/airflow/.local/lib/python3.8/site-packages/airflow/example_dags/example_kubernetes_executor.py for tasks to queue
[2023-11-13T08:03:36.958+0000] {logging_mixin.py:154} INFO - [2023-11-13T08:03:36.957+0000] {dagbag.py:536} INFO - Filling up the DagBag from /home/airflow/.local/lib/python3.8/site-packages/airflow/example_dags/example_kubernetes_executor.py
[2023-11-13T08:03:36.967+0000] {processor.py:839} INFO - DAG(s) dict_keys(['example_kubernetes_executor']) retrieved from /home/airflow/.local/lib/python3.8/site-packages/airflow/example_dags/example_kubernetes_executor.py
[2023-11-13T08:03:36.995+0000] {logging_mixin.py:154} INFO - [2023-11-13T08:03:36.994+0000] {dag.py:2941} INFO - Sync 1 DAGs
[2023-11-13T08:03:37.004+0000] {logging_mixin.py:154} INFO - [2023-11-13T08:03:37.003+0000] {dag.py:3722} INFO - Setting next_dagrun for example_kubernetes_executor to None, run_after=None
[2023-11-13T08:03:38.190+0000] {processor.py:179} INFO - Processing /home/airflow/.local/lib/python3.8/site-packages/airflow/example_dags/example_kubernetes_executor.py took 1.236 seconds
[2023-11-13T08:04:09.075+0000] {processor.py:157} INFO - Started process (PID=989) to work on /home/airflow/.local/lib/python3.8/site-packages/airflow/example_dags/example_kubernetes_executor.py
[2023-11-13T08:04:09.076+0000] {processor.py:829} INFO - Processing file /home/airflow/.local/lib/python3.8/site-packages/airflow/example_dags/example_kubernetes_executor.py for tasks to queue
[2023-11-13T08:04:09.077+0000] {logging_mixin.py:154} INFO - [2023-11-13T08:04:09.077+0000] {dagbag.py:536} INFO - Filling up the DagBag from /home/airflow/.local/lib/python3.8/site-packages/airflow/example_dags/example_kubernetes_executor.py
[2023-11-13T08:04:09.086+0000] {processor.py:839} INFO - DAG(s) dict_keys(['example_kubernetes_executor']) retrieved from /home/airflow/.local/lib/python3.8/site-packages/airflow/example_dags/example_kubernetes_executor.py
[2023-11-13T08:04:09.217+0000] {logging_mixin.py:154} INFO - [2023-11-13T08:04:09.217+0000] {dag.py:2941} INFO - Sync 1 DAGs
[2023-11-13T08:04:09.225+0000] {logging_mixin.py:154} INFO - [2023-11-13T08:04:09.225+0000] {dag.py:3722} INFO - Setting next_dagrun for example_kubernetes_executor to None, run_after=None
[2023-11-13T08:04:09.549+0000] {processor.py:179} INFO - Processing /home/airflow/.local/lib/python3.8/site-packages/airflow/example_dags/example_kubernetes_executor.py took 0.476 seconds
[2023-11-13T08:04:39.705+0000] {processor.py:157} INFO - Started process (PID=1043) to work on /home/airflow/.local/lib/python3.8/site-packages/airflow/example_dags/example_kubernetes_executor.py
[2023-11-13T08:04:39.713+0000] {processor.py:829} INFO - Processing file /home/airflow/.local/lib/python3.8/site-packages/airflow/example_dags/example_kubernetes_executor.py for tasks to queue
[2023-11-13T08:04:39.715+0000] {logging_mixin.py:154} INFO - [2023-11-13T08:04:39.715+0000] {dagbag.py:536} INFO - Filling up the DagBag from /home/airflow/.local/lib/python3.8/site-packages/airflow/example_dags/example_kubernetes_executor.py
[2023-11-13T08:04:39.725+0000] {processor.py:839} INFO - DAG(s) dict_keys(['example_kubernetes_executor']) retrieved from /home/airflow/.local/lib/python3.8/site-packages/airflow/example_dags/example_kubernetes_executor.py
[2023-11-13T08:04:39.753+0000] {logging_mixin.py:154} INFO - [2023-11-13T08:04:39.753+0000] {dag.py:2941} INFO - Sync 1 DAGs
[2023-11-13T08:04:39.761+0000] {logging_mixin.py:154} INFO - [2023-11-13T08:04:39.761+0000] {dag.py:3722} INFO - Setting next_dagrun for example_kubernetes_executor to None, run_after=None
[2023-11-13T08:04:39.796+0000] {processor.py:179} INFO - Processing /home/airflow/.local/lib/python3.8/site-packages/airflow/example_dags/example_kubernetes_executor.py took 0.094 seconds
[2023-11-13T08:05:10.542+0000] {processor.py:157} INFO - Started process (PID=1097) to work on /home/airflow/.local/lib/python3.8/site-packages/airflow/example_dags/example_kubernetes_executor.py
[2023-11-13T08:05:10.551+0000] {processor.py:829} INFO - Processing file /home/airflow/.local/lib/python3.8/site-packages/airflow/example_dags/example_kubernetes_executor.py for tasks to queue
[2023-11-13T08:05:10.554+0000] {logging_mixin.py:154} INFO - [2023-11-13T08:05:10.553+0000] {dagbag.py:536} INFO - Filling up the DagBag from /home/airflow/.local/lib/python3.8/site-packages/airflow/example_dags/example_kubernetes_executor.py
[2023-11-13T08:05:10.572+0000] {processor.py:839} INFO - DAG(s) dict_keys(['example_kubernetes_executor']) retrieved from /home/airflow/.local/lib/python3.8/site-packages/airflow/example_dags/example_kubernetes_executor.py
[2023-11-13T08:05:10.605+0000] {logging_mixin.py:154} INFO - [2023-11-13T08:05:10.605+0000] {dag.py:2941} INFO - Sync 1 DAGs
[2023-11-13T08:05:10.614+0000] {logging_mixin.py:154} INFO - [2023-11-13T08:05:10.614+0000] {dag.py:3722} INFO - Setting next_dagrun for example_kubernetes_executor to None, run_after=None
[2023-11-13T08:05:10.646+0000] {processor.py:179} INFO - Processing /home/airflow/.local/lib/python3.8/site-packages/airflow/example_dags/example_kubernetes_executor.py took 0.111 seconds
[2023-11-13T08:05:40.751+0000] {processor.py:157} INFO - Started process (PID=1151) to work on /home/airflow/.local/lib/python3.8/site-packages/airflow/example_dags/example_kubernetes_executor.py
[2023-11-13T08:05:40.752+0000] {processor.py:829} INFO - Processing file /home/airflow/.local/lib/python3.8/site-packages/airflow/example_dags/example_kubernetes_executor.py for tasks to queue
[2023-11-13T08:05:40.753+0000] {logging_mixin.py:154} INFO - [2023-11-13T08:05:40.753+0000] {dagbag.py:536} INFO - Filling up the DagBag from /home/airflow/.local/lib/python3.8/site-packages/airflow/example_dags/example_kubernetes_executor.py
[2023-11-13T08:05:40.763+0000] {processor.py:839} INFO - DAG(s) dict_keys(['example_kubernetes_executor']) retrieved from /home/airflow/.local/lib/python3.8/site-packages/airflow/example_dags/example_kubernetes_executor.py
[2023-11-13T08:05:40.892+0000] {logging_mixin.py:154} INFO - [2023-11-13T08:05:40.892+0000] {dag.py:2941} INFO - Sync 1 DAGs
[2023-11-13T08:05:40.900+0000] {logging_mixin.py:154} INFO - [2023-11-13T08:05:40.900+0000] {dag.py:3722} INFO - Setting next_dagrun for example_kubernetes_executor to None, run_after=None
[2023-11-13T08:05:40.948+0000] {processor.py:179} INFO - Processing /home/airflow/.local/lib/python3.8/site-packages/airflow/example_dags/example_kubernetes_executor.py took 0.200 seconds
[2023-11-13T08:06:11.245+0000] {processor.py:157} INFO - Started process (PID=1205) to work on /home/airflow/.local/lib/python3.8/site-packages/airflow/example_dags/example_kubernetes_executor.py
[2023-11-13T08:06:11.258+0000] {processor.py:829} INFO - Processing file /home/airflow/.local/lib/python3.8/site-packages/airflow/example_dags/example_kubernetes_executor.py for tasks to queue
[2023-11-13T08:06:11.260+0000] {logging_mixin.py:154} INFO - [2023-11-13T08:06:11.260+0000] {dagbag.py:536} INFO - Filling up the DagBag from /home/airflow/.local/lib/python3.8/site-packages/airflow/example_dags/example_kubernetes_executor.py
[2023-11-13T08:06:11.269+0000] {processor.py:839} INFO - DAG(s) dict_keys(['example_kubernetes_executor']) retrieved from /home/airflow/.local/lib/python3.8/site-packages/airflow/example_dags/example_kubernetes_executor.py
[2023-11-13T08:06:11.296+0000] {logging_mixin.py:154} INFO - [2023-11-13T08:06:11.296+0000] {dag.py:2941} INFO - Sync 1 DAGs
[2023-11-13T08:06:11.306+0000] {logging_mixin.py:154} INFO - [2023-11-13T08:06:11.306+0000] {dag.py:3722} INFO - Setting next_dagrun for example_kubernetes_executor to None, run_after=None
[2023-11-13T08:06:11.433+0000] {processor.py:179} INFO - Processing /home/airflow/.local/lib/python3.8/site-packages/airflow/example_dags/example_kubernetes_executor.py took 0.194 seconds
[2023-11-13T08:06:41.521+0000] {processor.py:157} INFO - Started process (PID=1260) to work on /home/airflow/.local/lib/python3.8/site-packages/airflow/example_dags/example_kubernetes_executor.py
[2023-11-13T08:06:41.521+0000] {processor.py:829} INFO - Processing file /home/airflow/.local/lib/python3.8/site-packages/airflow/example_dags/example_kubernetes_executor.py for tasks to queue
[2023-11-13T08:06:41.523+0000] {logging_mixin.py:154} INFO - [2023-11-13T08:06:41.523+0000] {dagbag.py:536} INFO - Filling up the DagBag from /home/airflow/.local/lib/python3.8/site-packages/airflow/example_dags/example_kubernetes_executor.py
[2023-11-13T08:06:41.532+0000] {processor.py:839} INFO - DAG(s) dict_keys(['example_kubernetes_executor']) retrieved from /home/airflow/.local/lib/python3.8/site-packages/airflow/example_dags/example_kubernetes_executor.py
[2023-11-13T08:06:41.564+0000] {logging_mixin.py:154} INFO - [2023-11-13T08:06:41.564+0000] {dag.py:2941} INFO - Sync 1 DAGs
[2023-11-13T08:06:41.572+0000] {logging_mixin.py:154} INFO - [2023-11-13T08:06:41.572+0000] {dag.py:3722} INFO - Setting next_dagrun for example_kubernetes_executor to None, run_after=None
[2023-11-13T08:06:41.598+0000] {processor.py:179} INFO - Processing /home/airflow/.local/lib/python3.8/site-packages/airflow/example_dags/example_kubernetes_executor.py took 0.080 seconds
[2023-11-13T08:07:11.824+0000] {processor.py:157} INFO - Started process (PID=1313) to work on /home/airflow/.local/lib/python3.8/site-packages/airflow/example_dags/example_kubernetes_executor.py
[2023-11-13T08:07:11.841+0000] {processor.py:829} INFO - Processing file /home/airflow/.local/lib/python3.8/site-packages/airflow/example_dags/example_kubernetes_executor.py for tasks to queue
[2023-11-13T08:07:11.843+0000] {logging_mixin.py:154} INFO - [2023-11-13T08:07:11.843+0000] {dagbag.py:536} INFO - Filling up the DagBag from /home/airflow/.local/lib/python3.8/site-packages/airflow/example_dags/example_kubernetes_executor.py
[2023-11-13T08:07:11.852+0000] {processor.py:839} INFO - DAG(s) dict_keys(['example_kubernetes_executor']) retrieved from /home/airflow/.local/lib/python3.8/site-packages/airflow/example_dags/example_kubernetes_executor.py
[2023-11-13T08:07:11.977+0000] {logging_mixin.py:154} INFO - [2023-11-13T08:07:11.976+0000] {dag.py:2941} INFO - Sync 1 DAGs
[2023-11-13T08:07:11.984+0000] {logging_mixin.py:154} INFO - [2023-11-13T08:07:11.984+0000] {dag.py:3722} INFO - Setting next_dagrun for example_kubernetes_executor to None, run_after=None
[2023-11-13T08:07:12.191+0000] {processor.py:179} INFO - Processing /home/airflow/.local/lib/python3.8/site-packages/airflow/example_dags/example_kubernetes_executor.py took 0.369 seconds
[2023-11-13T08:07:42.370+0000] {processor.py:157} INFO - Started process (PID=1367) to work on /home/airflow/.local/lib/python3.8/site-packages/airflow/example_dags/example_kubernetes_executor.py
[2023-11-13T08:07:42.371+0000] {processor.py:829} INFO - Processing file /home/airflow/.local/lib/python3.8/site-packages/airflow/example_dags/example_kubernetes_executor.py for tasks to queue
[2023-11-13T08:07:42.372+0000] {logging_mixin.py:154} INFO - [2023-11-13T08:07:42.372+0000] {dagbag.py:536} INFO - Filling up the DagBag from /home/airflow/.local/lib/python3.8/site-packages/airflow/example_dags/example_kubernetes_executor.py
[2023-11-13T08:07:42.381+0000] {processor.py:839} INFO - DAG(s) dict_keys(['example_kubernetes_executor']) retrieved from /home/airflow/.local/lib/python3.8/site-packages/airflow/example_dags/example_kubernetes_executor.py
[2023-11-13T08:07:42.408+0000] {logging_mixin.py:154} INFO - [2023-11-13T08:07:42.408+0000] {dag.py:2941} INFO - Sync 1 DAGs
[2023-11-13T08:07:42.418+0000] {logging_mixin.py:154} INFO - [2023-11-13T08:07:42.418+0000] {dag.py:3722} INFO - Setting next_dagrun for example_kubernetes_executor to None, run_after=None
[2023-11-13T08:07:42.548+0000] {processor.py:179} INFO - Processing /home/airflow/.local/lib/python3.8/site-packages/airflow/example_dags/example_kubernetes_executor.py took 0.180 seconds
[2023-11-13T08:08:13.269+0000] {processor.py:157} INFO - Started process (PID=1421) to work on /home/airflow/.local/lib/python3.8/site-packages/airflow/example_dags/example_kubernetes_executor.py
[2023-11-13T08:08:13.346+0000] {processor.py:829} INFO - Processing file /home/airflow/.local/lib/python3.8/site-packages/airflow/example_dags/example_kubernetes_executor.py for tasks to queue
[2023-11-13T08:08:13.353+0000] {logging_mixin.py:154} INFO - [2023-11-13T08:08:13.352+0000] {dagbag.py:536} INFO - Filling up the DagBag from /home/airflow/.local/lib/python3.8/site-packages/airflow/example_dags/example_kubernetes_executor.py
[2023-11-13T08:08:13.388+0000] {processor.py:839} INFO - DAG(s) dict_keys(['example_kubernetes_executor']) retrieved from /home/airflow/.local/lib/python3.8/site-packages/airflow/example_dags/example_kubernetes_executor.py
[2023-11-13T08:08:13.421+0000] {logging_mixin.py:154} INFO - [2023-11-13T08:08:13.421+0000] {dag.py:2941} INFO - Sync 1 DAGs
[2023-11-13T08:08:13.429+0000] {logging_mixin.py:154} INFO - [2023-11-13T08:08:13.429+0000] {dag.py:3722} INFO - Setting next_dagrun for example_kubernetes_executor to None, run_after=None
[2023-11-13T08:08:14.032+0000] {processor.py:179} INFO - Processing /home/airflow/.local/lib/python3.8/site-packages/airflow/example_dags/example_kubernetes_executor.py took 0.766 seconds
[2023-11-13T08:08:44.800+0000] {processor.py:157} INFO - Started process (PID=1475) to work on /home/airflow/.local/lib/python3.8/site-packages/airflow/example_dags/example_kubernetes_executor.py
[2023-11-13T08:08:44.823+0000] {processor.py:829} INFO - Processing file /home/airflow/.local/lib/python3.8/site-packages/airflow/example_dags/example_kubernetes_executor.py for tasks to queue
[2023-11-13T08:08:44.825+0000] {logging_mixin.py:154} INFO - [2023-11-13T08:08:44.824+0000] {dagbag.py:536} INFO - Filling up the DagBag from /home/airflow/.local/lib/python3.8/site-packages/airflow/example_dags/example_kubernetes_executor.py
[2023-11-13T08:08:45.002+0000] {processor.py:839} INFO - DAG(s) dict_keys(['example_kubernetes_executor']) retrieved from /home/airflow/.local/lib/python3.8/site-packages/airflow/example_dags/example_kubernetes_executor.py
[2023-11-13T08:08:45.127+0000] {logging_mixin.py:154} INFO - [2023-11-13T08:08:45.127+0000] {dag.py:2941} INFO - Sync 1 DAGs
[2023-11-13T08:08:45.135+0000] {logging_mixin.py:154} INFO - [2023-11-13T08:08:45.135+0000] {dag.py:3722} INFO - Setting next_dagrun for example_kubernetes_executor to None, run_after=None
[2023-11-13T08:08:45.772+0000] {processor.py:179} INFO - Processing /home/airflow/.local/lib/python3.8/site-packages/airflow/example_dags/example_kubernetes_executor.py took 0.975 seconds
[2023-11-13T08:09:16.302+0000] {processor.py:157} INFO - Started process (PID=1529) to work on /home/airflow/.local/lib/python3.8/site-packages/airflow/example_dags/example_kubernetes_executor.py
[2023-11-13T08:09:16.303+0000] {processor.py:829} INFO - Processing file /home/airflow/.local/lib/python3.8/site-packages/airflow/example_dags/example_kubernetes_executor.py for tasks to queue
[2023-11-13T08:09:16.305+0000] {logging_mixin.py:154} INFO - [2023-11-13T08:09:16.304+0000] {dagbag.py:536} INFO - Filling up the DagBag from /home/airflow/.local/lib/python3.8/site-packages/airflow/example_dags/example_kubernetes_executor.py
[2023-11-13T08:09:16.313+0000] {processor.py:839} INFO - DAG(s) dict_keys(['example_kubernetes_executor']) retrieved from /home/airflow/.local/lib/python3.8/site-packages/airflow/example_dags/example_kubernetes_executor.py
[2023-11-13T08:09:16.340+0000] {logging_mixin.py:154} INFO - [2023-11-13T08:09:16.339+0000] {dag.py:2941} INFO - Sync 1 DAGs
[2023-11-13T08:09:16.348+0000] {logging_mixin.py:154} INFO - [2023-11-13T08:09:16.348+0000] {dag.py:3722} INFO - Setting next_dagrun for example_kubernetes_executor to None, run_after=None
[2023-11-13T08:09:16.632+0000] {processor.py:179} INFO - Processing /home/airflow/.local/lib/python3.8/site-packages/airflow/example_dags/example_kubernetes_executor.py took 0.332 seconds
[2023-11-13T08:09:47.532+0000] {processor.py:157} INFO - Started process (PID=1583) to work on /home/airflow/.local/lib/python3.8/site-packages/airflow/example_dags/example_kubernetes_executor.py
[2023-11-13T08:09:47.533+0000] {processor.py:829} INFO - Processing file /home/airflow/.local/lib/python3.8/site-packages/airflow/example_dags/example_kubernetes_executor.py for tasks to queue
[2023-11-13T08:09:47.534+0000] {logging_mixin.py:154} INFO - [2023-11-13T08:09:47.534+0000] {dagbag.py:536} INFO - Filling up the DagBag from /home/airflow/.local/lib/python3.8/site-packages/airflow/example_dags/example_kubernetes_executor.py
[2023-11-13T08:09:47.543+0000] {processor.py:839} INFO - DAG(s) dict_keys(['example_kubernetes_executor']) retrieved from /home/airflow/.local/lib/python3.8/site-packages/airflow/example_dags/example_kubernetes_executor.py
[2023-11-13T08:09:47.662+0000] {logging_mixin.py:154} INFO - [2023-11-13T08:09:47.661+0000] {dag.py:2941} INFO - Sync 1 DAGs
[2023-11-13T08:09:47.669+0000] {logging_mixin.py:154} INFO - [2023-11-13T08:09:47.669+0000] {dag.py:3722} INFO - Setting next_dagrun for example_kubernetes_executor to None, run_after=None
[2023-11-13T08:09:47.700+0000] {processor.py:179} INFO - Processing /home/airflow/.local/lib/python3.8/site-packages/airflow/example_dags/example_kubernetes_executor.py took 0.170 seconds
[2023-11-13T08:10:19.637+0000] {processor.py:157} INFO - Started process (PID=1637) to work on /home/airflow/.local/lib/python3.8/site-packages/airflow/example_dags/example_kubernetes_executor.py
[2023-11-13T08:10:19.638+0000] {processor.py:829} INFO - Processing file /home/airflow/.local/lib/python3.8/site-packages/airflow/example_dags/example_kubernetes_executor.py for tasks to queue
[2023-11-13T08:10:19.639+0000] {logging_mixin.py:154} INFO - [2023-11-13T08:10:19.639+0000] {dagbag.py:536} INFO - Filling up the DagBag from /home/airflow/.local/lib/python3.8/site-packages/airflow/example_dags/example_kubernetes_executor.py
[2023-11-13T08:10:19.649+0000] {processor.py:839} INFO - DAG(s) dict_keys(['example_kubernetes_executor']) retrieved from /home/airflow/.local/lib/python3.8/site-packages/airflow/example_dags/example_kubernetes_executor.py
[2023-11-13T08:10:19.676+0000] {logging_mixin.py:154} INFO - [2023-11-13T08:10:19.676+0000] {dag.py:2941} INFO - Sync 1 DAGs
[2023-11-13T08:10:19.684+0000] {logging_mixin.py:154} INFO - [2023-11-13T08:10:19.684+0000] {dag.py:3722} INFO - Setting next_dagrun for example_kubernetes_executor to None, run_after=None
[2023-11-13T08:10:20.795+0000] {processor.py:179} INFO - Processing /home/airflow/.local/lib/python3.8/site-packages/airflow/example_dags/example_kubernetes_executor.py took 1.161 seconds
[2023-11-13T08:10:52.484+0000] {processor.py:157} INFO - Started process (PID=1691) to work on /home/airflow/.local/lib/python3.8/site-packages/airflow/example_dags/example_kubernetes_executor.py
[2023-11-13T08:10:52.485+0000] {processor.py:829} INFO - Processing file /home/airflow/.local/lib/python3.8/site-packages/airflow/example_dags/example_kubernetes_executor.py for tasks to queue
[2023-11-13T08:10:52.486+0000] {logging_mixin.py:154} INFO - [2023-11-13T08:10:52.486+0000] {dagbag.py:536} INFO - Filling up the DagBag from /home/airflow/.local/lib/python3.8/site-packages/airflow/example_dags/example_kubernetes_executor.py
[2023-11-13T08:10:52.495+0000] {processor.py:839} INFO - DAG(s) dict_keys(['example_kubernetes_executor']) retrieved from /home/airflow/.local/lib/python3.8/site-packages/airflow/example_dags/example_kubernetes_executor.py
[2023-11-13T08:10:52.521+0000] {logging_mixin.py:154} INFO - [2023-11-13T08:10:52.521+0000] {dag.py:2941} INFO - Sync 1 DAGs
[2023-11-13T08:10:52.530+0000] {logging_mixin.py:154} INFO - [2023-11-13T08:10:52.530+0000] {dag.py:3722} INFO - Setting next_dagrun for example_kubernetes_executor to None, run_after=None
[2023-11-13T08:10:52.830+0000] {processor.py:179} INFO - Processing /home/airflow/.local/lib/python3.8/site-packages/airflow/example_dags/example_kubernetes_executor.py took 0.348 seconds
[2023-11-13T08:11:23.570+0000] {processor.py:157} INFO - Started process (PID=1745) to work on /home/airflow/.local/lib/python3.8/site-packages/airflow/example_dags/example_kubernetes_executor.py
[2023-11-13T08:11:23.570+0000] {processor.py:829} INFO - Processing file /home/airflow/.local/lib/python3.8/site-packages/airflow/example_dags/example_kubernetes_executor.py for tasks to queue
[2023-11-13T08:11:23.572+0000] {logging_mixin.py:154} INFO - [2023-11-13T08:11:23.571+0000] {dagbag.py:536} INFO - Filling up the DagBag from /home/airflow/.local/lib/python3.8/site-packages/airflow/example_dags/example_kubernetes_executor.py
[2023-11-13T08:11:23.582+0000] {processor.py:839} INFO - DAG(s) dict_keys(['example_kubernetes_executor']) retrieved from /home/airflow/.local/lib/python3.8/site-packages/airflow/example_dags/example_kubernetes_executor.py
[2023-11-13T08:11:23.610+0000] {logging_mixin.py:154} INFO - [2023-11-13T08:11:23.610+0000] {dag.py:2941} INFO - Sync 1 DAGs
[2023-11-13T08:11:23.619+0000] {logging_mixin.py:154} INFO - [2023-11-13T08:11:23.618+0000] {dag.py:3722} INFO - Setting next_dagrun for example_kubernetes_executor to None, run_after=None
[2023-11-13T08:11:23.654+0000] {processor.py:179} INFO - Processing /home/airflow/.local/lib/python3.8/site-packages/airflow/example_dags/example_kubernetes_executor.py took 0.087 seconds
[2023-11-13T08:11:53.788+0000] {processor.py:157} INFO - Started process (PID=1799) to work on /home/airflow/.local/lib/python3.8/site-packages/airflow/example_dags/example_kubernetes_executor.py
[2023-11-13T08:11:53.805+0000] {processor.py:829} INFO - Processing file /home/airflow/.local/lib/python3.8/site-packages/airflow/example_dags/example_kubernetes_executor.py for tasks to queue
[2023-11-13T08:11:53.807+0000] {logging_mixin.py:154} INFO - [2023-11-13T08:11:53.806+0000] {dagbag.py:536} INFO - Filling up the DagBag from /home/airflow/.local/lib/python3.8/site-packages/airflow/example_dags/example_kubernetes_executor.py
[2023-11-13T08:11:53.816+0000] {processor.py:839} INFO - DAG(s) dict_keys(['example_kubernetes_executor']) retrieved from /home/airflow/.local/lib/python3.8/site-packages/airflow/example_dags/example_kubernetes_executor.py
[2023-11-13T08:11:53.843+0000] {logging_mixin.py:154} INFO - [2023-11-13T08:11:53.843+0000] {dag.py:2941} INFO - Sync 1 DAGs
[2023-11-13T08:11:53.852+0000] {logging_mixin.py:154} INFO - [2023-11-13T08:11:53.851+0000] {dag.py:3722} INFO - Setting next_dagrun for example_kubernetes_executor to None, run_after=None
[2023-11-13T08:11:54.132+0000] {processor.py:179} INFO - Processing /home/airflow/.local/lib/python3.8/site-packages/airflow/example_dags/example_kubernetes_executor.py took 0.346 seconds
[2023-11-13T08:12:26.028+0000] {processor.py:157} INFO - Started process (PID=1853) to work on /home/airflow/.local/lib/python3.8/site-packages/airflow/example_dags/example_kubernetes_executor.py
[2023-11-13T08:12:26.195+0000] {processor.py:829} INFO - Processing file /home/airflow/.local/lib/python3.8/site-packages/airflow/example_dags/example_kubernetes_executor.py for tasks to queue
[2023-11-13T08:12:26.199+0000] {logging_mixin.py:154} INFO - [2023-11-13T08:12:26.199+0000] {dagbag.py:536} INFO - Filling up the DagBag from /home/airflow/.local/lib/python3.8/site-packages/airflow/example_dags/example_kubernetes_executor.py
[2023-11-13T08:12:26.209+0000] {processor.py:839} INFO - DAG(s) dict_keys(['example_kubernetes_executor']) retrieved from /home/airflow/.local/lib/python3.8/site-packages/airflow/example_dags/example_kubernetes_executor.py
[2023-11-13T08:12:26.237+0000] {logging_mixin.py:154} INFO - [2023-11-13T08:12:26.237+0000] {dag.py:2941} INFO - Sync 1 DAGs
[2023-11-13T08:12:26.245+0000] {logging_mixin.py:154} INFO - [2023-11-13T08:12:26.245+0000] {dag.py:3722} INFO - Setting next_dagrun for example_kubernetes_executor to None, run_after=None
[2023-11-13T08:12:26.410+0000] {processor.py:179} INFO - Processing /home/airflow/.local/lib/python3.8/site-packages/airflow/example_dags/example_kubernetes_executor.py took 0.384 seconds
[2023-11-13T08:12:57.980+0000] {processor.py:157} INFO - Started process (PID=1907) to work on /home/airflow/.local/lib/python3.8/site-packages/airflow/example_dags/example_kubernetes_executor.py
[2023-11-13T08:12:57.981+0000] {processor.py:829} INFO - Processing file /home/airflow/.local/lib/python3.8/site-packages/airflow/example_dags/example_kubernetes_executor.py for tasks to queue
[2023-11-13T08:12:57.983+0000] {logging_mixin.py:154} INFO - [2023-11-13T08:12:57.982+0000] {dagbag.py:536} INFO - Filling up the DagBag from /home/airflow/.local/lib/python3.8/site-packages/airflow/example_dags/example_kubernetes_executor.py
[2023-11-13T08:12:57.995+0000] {processor.py:839} INFO - DAG(s) dict_keys(['example_kubernetes_executor']) retrieved from /home/airflow/.local/lib/python3.8/site-packages/airflow/example_dags/example_kubernetes_executor.py
[2023-11-13T08:12:58.027+0000] {logging_mixin.py:154} INFO - [2023-11-13T08:12:58.027+0000] {dag.py:2941} INFO - Sync 1 DAGs
[2023-11-13T08:12:58.036+0000] {logging_mixin.py:154} INFO - [2023-11-13T08:12:58.036+0000] {dag.py:3722} INFO - Setting next_dagrun for example_kubernetes_executor to None, run_after=None
[2023-11-13T08:12:58.081+0000] {processor.py:179} INFO - Processing /home/airflow/.local/lib/python3.8/site-packages/airflow/example_dags/example_kubernetes_executor.py took 0.104 seconds
[2023-11-13T08:13:28.831+0000] {processor.py:157} INFO - Started process (PID=1961) to work on /home/airflow/.local/lib/python3.8/site-packages/airflow/example_dags/example_kubernetes_executor.py
[2023-11-13T08:13:28.831+0000] {processor.py:829} INFO - Processing file /home/airflow/.local/lib/python3.8/site-packages/airflow/example_dags/example_kubernetes_executor.py for tasks to queue
[2023-11-13T08:13:28.833+0000] {logging_mixin.py:154} INFO - [2023-11-13T08:13:28.833+0000] {dagbag.py:536} INFO - Filling up the DagBag from /home/airflow/.local/lib/python3.8/site-packages/airflow/example_dags/example_kubernetes_executor.py
[2023-11-13T08:13:28.842+0000] {processor.py:839} INFO - DAG(s) dict_keys(['example_kubernetes_executor']) retrieved from /home/airflow/.local/lib/python3.8/site-packages/airflow/example_dags/example_kubernetes_executor.py
[2023-11-13T08:13:28.869+0000] {logging_mixin.py:154} INFO - [2023-11-13T08:13:28.869+0000] {dag.py:2941} INFO - Sync 1 DAGs
[2023-11-13T08:13:28.878+0000] {logging_mixin.py:154} INFO - [2023-11-13T08:13:28.878+0000] {dag.py:3722} INFO - Setting next_dagrun for example_kubernetes_executor to None, run_after=None
[2023-11-13T08:13:29.143+0000] {processor.py:179} INFO - Processing /home/airflow/.local/lib/python3.8/site-packages/airflow/example_dags/example_kubernetes_executor.py took 0.315 seconds
[2023-11-13T08:13:59.179+0000] {processor.py:157} INFO - Started process (PID=2015) to work on /home/airflow/.local/lib/python3.8/site-packages/airflow/example_dags/example_kubernetes_executor.py
[2023-11-13T08:13:59.226+0000] {processor.py:829} INFO - Processing file /home/airflow/.local/lib/python3.8/site-packages/airflow/example_dags/example_kubernetes_executor.py for tasks to queue
[2023-11-13T08:13:59.227+0000] {logging_mixin.py:154} INFO - [2023-11-13T08:13:59.227+0000] {dagbag.py:536} INFO - Filling up the DagBag from /home/airflow/.local/lib/python3.8/site-packages/airflow/example_dags/example_kubernetes_executor.py
[2023-11-13T08:13:59.236+0000] {processor.py:839} INFO - DAG(s) dict_keys(['example_kubernetes_executor']) retrieved from /home/airflow/.local/lib/python3.8/site-packages/airflow/example_dags/example_kubernetes_executor.py
[2023-11-13T08:13:59.263+0000] {logging_mixin.py:154} INFO - [2023-11-13T08:13:59.262+0000] {dag.py:2941} INFO - Sync 1 DAGs
[2023-11-13T08:13:59.271+0000] {logging_mixin.py:154} INFO - [2023-11-13T08:13:59.270+0000] {dag.py:3722} INFO - Setting next_dagrun for example_kubernetes_executor to None, run_after=None
[2023-11-13T08:13:59.321+0000] {processor.py:179} INFO - Processing /home/airflow/.local/lib/python3.8/site-packages/airflow/example_dags/example_kubernetes_executor.py took 0.144 seconds
[2023-11-13T08:14:31.826+0000] {processor.py:157} INFO - Started process (PID=2069) to work on /home/airflow/.local/lib/python3.8/site-packages/airflow/example_dags/example_kubernetes_executor.py
[2023-11-13T08:14:31.827+0000] {processor.py:829} INFO - Processing file /home/airflow/.local/lib/python3.8/site-packages/airflow/example_dags/example_kubernetes_executor.py for tasks to queue
[2023-11-13T08:14:31.828+0000] {logging_mixin.py:154} INFO - [2023-11-13T08:14:31.828+0000] {dagbag.py:536} INFO - Filling up the DagBag from /home/airflow/.local/lib/python3.8/site-packages/airflow/example_dags/example_kubernetes_executor.py
[2023-11-13T08:14:31.837+0000] {processor.py:839} INFO - DAG(s) dict_keys(['example_kubernetes_executor']) retrieved from /home/airflow/.local/lib/python3.8/site-packages/airflow/example_dags/example_kubernetes_executor.py
[2023-11-13T08:14:31.929+0000] {logging_mixin.py:154} INFO - [2023-11-13T08:14:31.929+0000] {dag.py:2941} INFO - Sync 1 DAGs
[2023-11-13T08:14:31.940+0000] {logging_mixin.py:154} INFO - [2023-11-13T08:14:31.939+0000] {dag.py:3722} INFO - Setting next_dagrun for example_kubernetes_executor to None, run_after=None
[2023-11-13T08:14:32.119+0000] {processor.py:179} INFO - Processing /home/airflow/.local/lib/python3.8/site-packages/airflow/example_dags/example_kubernetes_executor.py took 0.296 seconds
[2023-11-13T08:15:03.171+0000] {processor.py:157} INFO - Started process (PID=2123) to work on /home/airflow/.local/lib/python3.8/site-packages/airflow/example_dags/example_kubernetes_executor.py
[2023-11-13T08:15:03.186+0000] {processor.py:829} INFO - Processing file /home/airflow/.local/lib/python3.8/site-packages/airflow/example_dags/example_kubernetes_executor.py for tasks to queue
[2023-11-13T08:15:03.187+0000] {logging_mixin.py:154} INFO - [2023-11-13T08:15:03.187+0000] {dagbag.py:536} INFO - Filling up the DagBag from /home/airflow/.local/lib/python3.8/site-packages/airflow/example_dags/example_kubernetes_executor.py
[2023-11-13T08:15:03.197+0000] {processor.py:839} INFO - DAG(s) dict_keys(['example_kubernetes_executor']) retrieved from /home/airflow/.local/lib/python3.8/site-packages/airflow/example_dags/example_kubernetes_executor.py
[2023-11-13T08:15:03.224+0000] {logging_mixin.py:154} INFO - [2023-11-13T08:15:03.224+0000] {dag.py:2941} INFO - Sync 1 DAGs
[2023-11-13T08:15:03.232+0000] {logging_mixin.py:154} INFO - [2023-11-13T08:15:03.232+0000] {dag.py:3722} INFO - Setting next_dagrun for example_kubernetes_executor to None, run_after=None
[2023-11-13T08:15:03.257+0000] {processor.py:179} INFO - Processing /home/airflow/.local/lib/python3.8/site-packages/airflow/example_dags/example_kubernetes_executor.py took 0.089 seconds
[2023-11-13T08:15:34.146+0000] {processor.py:157} INFO - Started process (PID=2177) to work on /home/airflow/.local/lib/python3.8/site-packages/airflow/example_dags/example_kubernetes_executor.py
[2023-11-13T08:15:34.280+0000] {processor.py:829} INFO - Processing file /home/airflow/.local/lib/python3.8/site-packages/airflow/example_dags/example_kubernetes_executor.py for tasks to queue
[2023-11-13T08:15:34.288+0000] {logging_mixin.py:154} INFO - [2023-11-13T08:15:34.287+0000] {dagbag.py:536} INFO - Filling up the DagBag from /home/airflow/.local/lib/python3.8/site-packages/airflow/example_dags/example_kubernetes_executor.py
[2023-11-13T08:15:34.324+0000] {processor.py:839} INFO - DAG(s) dict_keys(['example_kubernetes_executor']) retrieved from /home/airflow/.local/lib/python3.8/site-packages/airflow/example_dags/example_kubernetes_executor.py
[2023-11-13T08:15:34.364+0000] {logging_mixin.py:154} INFO - [2023-11-13T08:15:34.364+0000] {dag.py:2941} INFO - Sync 1 DAGs
[2023-11-13T08:15:34.375+0000] {logging_mixin.py:154} INFO - [2023-11-13T08:15:34.375+0000] {dag.py:3722} INFO - Setting next_dagrun for example_kubernetes_executor to None, run_after=None
[2023-11-13T08:15:34.593+0000] {processor.py:179} INFO - Processing /home/airflow/.local/lib/python3.8/site-packages/airflow/example_dags/example_kubernetes_executor.py took 0.449 seconds
[2023-11-13T08:16:04.727+0000] {processor.py:157} INFO - Started process (PID=2231) to work on /home/airflow/.local/lib/python3.8/site-packages/airflow/example_dags/example_kubernetes_executor.py
[2023-11-13T08:16:04.728+0000] {processor.py:829} INFO - Processing file /home/airflow/.local/lib/python3.8/site-packages/airflow/example_dags/example_kubernetes_executor.py for tasks to queue
[2023-11-13T08:16:04.729+0000] {logging_mixin.py:154} INFO - [2023-11-13T08:16:04.729+0000] {dagbag.py:536} INFO - Filling up the DagBag from /home/airflow/.local/lib/python3.8/site-packages/airflow/example_dags/example_kubernetes_executor.py
[2023-11-13T08:16:04.739+0000] {processor.py:839} INFO - DAG(s) dict_keys(['example_kubernetes_executor']) retrieved from /home/airflow/.local/lib/python3.8/site-packages/airflow/example_dags/example_kubernetes_executor.py
[2023-11-13T08:16:04.768+0000] {logging_mixin.py:154} INFO - [2023-11-13T08:16:04.768+0000] {dag.py:2941} INFO - Sync 1 DAGs
[2023-11-13T08:16:04.777+0000] {logging_mixin.py:154} INFO - [2023-11-13T08:16:04.777+0000] {dag.py:3722} INFO - Setting next_dagrun for example_kubernetes_executor to None, run_after=None
[2023-11-13T08:16:04.817+0000] {processor.py:179} INFO - Processing /home/airflow/.local/lib/python3.8/site-packages/airflow/example_dags/example_kubernetes_executor.py took 0.092 seconds
[2023-11-13T08:16:36.916+0000] {processor.py:157} INFO - Started process (PID=2285) to work on /home/airflow/.local/lib/python3.8/site-packages/airflow/example_dags/example_kubernetes_executor.py
[2023-11-13T08:16:37.073+0000] {processor.py:829} INFO - Processing file /home/airflow/.local/lib/python3.8/site-packages/airflow/example_dags/example_kubernetes_executor.py for tasks to queue
[2023-11-13T08:16:37.075+0000] {logging_mixin.py:154} INFO - [2023-11-13T08:16:37.075+0000] {dagbag.py:536} INFO - Filling up the DagBag from /home/airflow/.local/lib/python3.8/site-packages/airflow/example_dags/example_kubernetes_executor.py
[2023-11-13T08:16:37.084+0000] {processor.py:839} INFO - DAG(s) dict_keys(['example_kubernetes_executor']) retrieved from /home/airflow/.local/lib/python3.8/site-packages/airflow/example_dags/example_kubernetes_executor.py
[2023-11-13T08:16:37.111+0000] {logging_mixin.py:154} INFO - [2023-11-13T08:16:37.110+0000] {dag.py:2941} INFO - Sync 1 DAGs
[2023-11-13T08:16:37.119+0000] {logging_mixin.py:154} INFO - [2023-11-13T08:16:37.119+0000] {dag.py:3722} INFO - Setting next_dagrun for example_kubernetes_executor to None, run_after=None
[2023-11-13T08:16:37.183+0000] {processor.py:179} INFO - Processing /home/airflow/.local/lib/python3.8/site-packages/airflow/example_dags/example_kubernetes_executor.py took 0.269 seconds
[2023-11-13T08:17:07.523+0000] {processor.py:157} INFO - Started process (PID=2339) to work on /home/airflow/.local/lib/python3.8/site-packages/airflow/example_dags/example_kubernetes_executor.py
[2023-11-13T08:17:07.524+0000] {processor.py:829} INFO - Processing file /home/airflow/.local/lib/python3.8/site-packages/airflow/example_dags/example_kubernetes_executor.py for tasks to queue
[2023-11-13T08:17:07.526+0000] {logging_mixin.py:154} INFO - [2023-11-13T08:17:07.525+0000] {dagbag.py:536} INFO - Filling up the DagBag from /home/airflow/.local/lib/python3.8/site-packages/airflow/example_dags/example_kubernetes_executor.py
[2023-11-13T08:17:07.535+0000] {processor.py:839} INFO - DAG(s) dict_keys(['example_kubernetes_executor']) retrieved from /home/airflow/.local/lib/python3.8/site-packages/airflow/example_dags/example_kubernetes_executor.py
[2023-11-13T08:17:07.562+0000] {logging_mixin.py:154} INFO - [2023-11-13T08:17:07.561+0000] {dag.py:2941} INFO - Sync 1 DAGs
[2023-11-13T08:17:07.570+0000] {logging_mixin.py:154} INFO - [2023-11-13T08:17:07.570+0000] {dag.py:3722} INFO - Setting next_dagrun for example_kubernetes_executor to None, run_after=None
[2023-11-13T08:17:07.752+0000] {processor.py:179} INFO - Processing /home/airflow/.local/lib/python3.8/site-packages/airflow/example_dags/example_kubernetes_executor.py took 0.231 seconds
[2023-11-13T08:17:39.378+0000] {processor.py:157} INFO - Started process (PID=2393) to work on /home/airflow/.local/lib/python3.8/site-packages/airflow/example_dags/example_kubernetes_executor.py
[2023-11-13T08:17:39.405+0000] {processor.py:829} INFO - Processing file /home/airflow/.local/lib/python3.8/site-packages/airflow/example_dags/example_kubernetes_executor.py for tasks to queue
[2023-11-13T08:17:39.407+0000] {logging_mixin.py:154} INFO - [2023-11-13T08:17:39.407+0000] {dagbag.py:536} INFO - Filling up the DagBag from /home/airflow/.local/lib/python3.8/site-packages/airflow/example_dags/example_kubernetes_executor.py
[2023-11-13T08:17:39.422+0000] {processor.py:839} INFO - DAG(s) dict_keys(['example_kubernetes_executor']) retrieved from /home/airflow/.local/lib/python3.8/site-packages/airflow/example_dags/example_kubernetes_executor.py
[2023-11-13T08:17:39.461+0000] {logging_mixin.py:154} INFO - [2023-11-13T08:17:39.461+0000] {dag.py:2941} INFO - Sync 1 DAGs
[2023-11-13T08:17:39.469+0000] {logging_mixin.py:154} INFO - [2023-11-13T08:17:39.469+0000] {dag.py:3722} INFO - Setting next_dagrun for example_kubernetes_executor to None, run_after=None
[2023-11-13T08:17:39.516+0000] {processor.py:179} INFO - Processing /home/airflow/.local/lib/python3.8/site-packages/airflow/example_dags/example_kubernetes_executor.py took 0.140 seconds
[2023-11-13T08:18:10.894+0000] {processor.py:157} INFO - Started process (PID=2447) to work on /home/airflow/.local/lib/python3.8/site-packages/airflow/example_dags/example_kubernetes_executor.py
[2023-11-13T08:18:10.894+0000] {processor.py:829} INFO - Processing file /home/airflow/.local/lib/python3.8/site-packages/airflow/example_dags/example_kubernetes_executor.py for tasks to queue
[2023-11-13T08:18:10.896+0000] {logging_mixin.py:154} INFO - [2023-11-13T08:18:10.896+0000] {dagbag.py:536} INFO - Filling up the DagBag from /home/airflow/.local/lib/python3.8/site-packages/airflow/example_dags/example_kubernetes_executor.py
[2023-11-13T08:18:10.907+0000] {processor.py:839} INFO - DAG(s) dict_keys(['example_kubernetes_executor']) retrieved from /home/airflow/.local/lib/python3.8/site-packages/airflow/example_dags/example_kubernetes_executor.py
[2023-11-13T08:18:10.951+0000] {logging_mixin.py:154} INFO - [2023-11-13T08:18:10.951+0000] {dag.py:2941} INFO - Sync 1 DAGs
[2023-11-13T08:18:10.962+0000] {logging_mixin.py:154} INFO - [2023-11-13T08:18:10.962+0000] {dag.py:3722} INFO - Setting next_dagrun for example_kubernetes_executor to None, run_after=None
[2023-11-13T08:18:11.010+0000] {processor.py:179} INFO - Processing /home/airflow/.local/lib/python3.8/site-packages/airflow/example_dags/example_kubernetes_executor.py took 0.118 seconds
[2023-11-13T08:18:42.586+0000] {processor.py:157} INFO - Started process (PID=2501) to work on /home/airflow/.local/lib/python3.8/site-packages/airflow/example_dags/example_kubernetes_executor.py
[2023-11-13T08:18:42.608+0000] {processor.py:829} INFO - Processing file /home/airflow/.local/lib/python3.8/site-packages/airflow/example_dags/example_kubernetes_executor.py for tasks to queue
[2023-11-13T08:18:42.609+0000] {logging_mixin.py:154} INFO - [2023-11-13T08:18:42.609+0000] {dagbag.py:536} INFO - Filling up the DagBag from /home/airflow/.local/lib/python3.8/site-packages/airflow/example_dags/example_kubernetes_executor.py
[2023-11-13T08:18:42.620+0000] {processor.py:839} INFO - DAG(s) dict_keys(['example_kubernetes_executor']) retrieved from /home/airflow/.local/lib/python3.8/site-packages/airflow/example_dags/example_kubernetes_executor.py
[2023-11-13T08:18:42.651+0000] {logging_mixin.py:154} INFO - [2023-11-13T08:18:42.650+0000] {dag.py:2941} INFO - Sync 1 DAGs
[2023-11-13T08:18:42.659+0000] {logging_mixin.py:154} INFO - [2023-11-13T08:18:42.659+0000] {dag.py:3722} INFO - Setting next_dagrun for example_kubernetes_executor to None, run_after=None
[2023-11-13T08:18:42.683+0000] {processor.py:179} INFO - Processing /home/airflow/.local/lib/python3.8/site-packages/airflow/example_dags/example_kubernetes_executor.py took 0.099 seconds
[2023-11-13T08:19:13.506+0000] {processor.py:157} INFO - Started process (PID=2555) to work on /home/airflow/.local/lib/python3.8/site-packages/airflow/example_dags/example_kubernetes_executor.py
[2023-11-13T08:19:13.506+0000] {processor.py:829} INFO - Processing file /home/airflow/.local/lib/python3.8/site-packages/airflow/example_dags/example_kubernetes_executor.py for tasks to queue
[2023-11-13T08:19:13.508+0000] {logging_mixin.py:154} INFO - [2023-11-13T08:19:13.507+0000] {dagbag.py:536} INFO - Filling up the DagBag from /home/airflow/.local/lib/python3.8/site-packages/airflow/example_dags/example_kubernetes_executor.py
[2023-11-13T08:19:13.517+0000] {processor.py:839} INFO - DAG(s) dict_keys(['example_kubernetes_executor']) retrieved from /home/airflow/.local/lib/python3.8/site-packages/airflow/example_dags/example_kubernetes_executor.py
[2023-11-13T08:19:13.545+0000] {logging_mixin.py:154} INFO - [2023-11-13T08:19:13.545+0000] {dag.py:2941} INFO - Sync 1 DAGs
[2023-11-13T08:19:13.554+0000] {logging_mixin.py:154} INFO - [2023-11-13T08:19:13.553+0000] {dag.py:3722} INFO - Setting next_dagrun for example_kubernetes_executor to None, run_after=None
[2023-11-13T08:19:13.579+0000] {processor.py:179} INFO - Processing /home/airflow/.local/lib/python3.8/site-packages/airflow/example_dags/example_kubernetes_executor.py took 0.075 seconds
[2023-11-13T08:19:43.711+0000] {processor.py:157} INFO - Started process (PID=2609) to work on /home/airflow/.local/lib/python3.8/site-packages/airflow/example_dags/example_kubernetes_executor.py
[2023-11-13T08:19:43.727+0000] {processor.py:829} INFO - Processing file /home/airflow/.local/lib/python3.8/site-packages/airflow/example_dags/example_kubernetes_executor.py for tasks to queue
[2023-11-13T08:19:43.729+0000] {logging_mixin.py:154} INFO - [2023-11-13T08:19:43.729+0000] {dagbag.py:536} INFO - Filling up the DagBag from /home/airflow/.local/lib/python3.8/site-packages/airflow/example_dags/example_kubernetes_executor.py
[2023-11-13T08:19:43.739+0000] {processor.py:839} INFO - DAG(s) dict_keys(['example_kubernetes_executor']) retrieved from /home/airflow/.local/lib/python3.8/site-packages/airflow/example_dags/example_kubernetes_executor.py
[2023-11-13T08:19:43.766+0000] {logging_mixin.py:154} INFO - [2023-11-13T08:19:43.766+0000] {dag.py:2941} INFO - Sync 1 DAGs
[2023-11-13T08:19:43.775+0000] {logging_mixin.py:154} INFO - [2023-11-13T08:19:43.775+0000] {dag.py:3722} INFO - Setting next_dagrun for example_kubernetes_executor to None, run_after=None
[2023-11-13T08:19:43.817+0000] {processor.py:179} INFO - Processing /home/airflow/.local/lib/python3.8/site-packages/airflow/example_dags/example_kubernetes_executor.py took 0.108 seconds
[2023-11-13T08:20:14.151+0000] {processor.py:157} INFO - Started process (PID=2663) to work on /home/airflow/.local/lib/python3.8/site-packages/airflow/example_dags/example_kubernetes_executor.py
[2023-11-13T08:20:14.151+0000] {processor.py:829} INFO - Processing file /home/airflow/.local/lib/python3.8/site-packages/airflow/example_dags/example_kubernetes_executor.py for tasks to queue
[2023-11-13T08:20:14.153+0000] {logging_mixin.py:154} INFO - [2023-11-13T08:20:14.153+0000] {dagbag.py:536} INFO - Filling up the DagBag from /home/airflow/.local/lib/python3.8/site-packages/airflow/example_dags/example_kubernetes_executor.py
[2023-11-13T08:20:14.162+0000] {processor.py:839} INFO - DAG(s) dict_keys(['example_kubernetes_executor']) retrieved from /home/airflow/.local/lib/python3.8/site-packages/airflow/example_dags/example_kubernetes_executor.py
[2023-11-13T08:20:14.189+0000] {logging_mixin.py:154} INFO - [2023-11-13T08:20:14.189+0000] {dag.py:2941} INFO - Sync 1 DAGs
[2023-11-13T08:20:14.197+0000] {logging_mixin.py:154} INFO - [2023-11-13T08:20:14.197+0000] {dag.py:3722} INFO - Setting next_dagrun for example_kubernetes_executor to None, run_after=None
[2023-11-13T08:20:14.531+0000] {processor.py:179} INFO - Processing /home/airflow/.local/lib/python3.8/site-packages/airflow/example_dags/example_kubernetes_executor.py took 0.383 seconds
[2023-11-13T08:20:46.231+0000] {processor.py:157} INFO - Started process (PID=2717) to work on /home/airflow/.local/lib/python3.8/site-packages/airflow/example_dags/example_kubernetes_executor.py
[2023-11-13T08:20:46.241+0000] {processor.py:829} INFO - Processing file /home/airflow/.local/lib/python3.8/site-packages/airflow/example_dags/example_kubernetes_executor.py for tasks to queue
[2023-11-13T08:20:46.244+0000] {logging_mixin.py:154} INFO - [2023-11-13T08:20:46.244+0000] {dagbag.py:536} INFO - Filling up the DagBag from /home/airflow/.local/lib/python3.8/site-packages/airflow/example_dags/example_kubernetes_executor.py
[2023-11-13T08:20:46.262+0000] {processor.py:839} INFO - DAG(s) dict_keys(['example_kubernetes_executor']) retrieved from /home/airflow/.local/lib/python3.8/site-packages/airflow/example_dags/example_kubernetes_executor.py
[2023-11-13T08:20:46.294+0000] {logging_mixin.py:154} INFO - [2023-11-13T08:20:46.294+0000] {dag.py:2941} INFO - Sync 1 DAGs
[2023-11-13T08:20:46.303+0000] {logging_mixin.py:154} INFO - [2023-11-13T08:20:46.302+0000] {dag.py:3722} INFO - Setting next_dagrun for example_kubernetes_executor to None, run_after=None
[2023-11-13T08:20:46.338+0000] {processor.py:179} INFO - Processing /home/airflow/.local/lib/python3.8/site-packages/airflow/example_dags/example_kubernetes_executor.py took 0.112 seconds
[2023-11-13T08:21:18.020+0000] {processor.py:157} INFO - Started process (PID=2771) to work on /home/airflow/.local/lib/python3.8/site-packages/airflow/example_dags/example_kubernetes_executor.py
[2023-11-13T08:21:18.045+0000] {processor.py:829} INFO - Processing file /home/airflow/.local/lib/python3.8/site-packages/airflow/example_dags/example_kubernetes_executor.py for tasks to queue
[2023-11-13T08:21:18.047+0000] {logging_mixin.py:154} INFO - [2023-11-13T08:21:18.047+0000] {dagbag.py:536} INFO - Filling up the DagBag from /home/airflow/.local/lib/python3.8/site-packages/airflow/example_dags/example_kubernetes_executor.py
[2023-11-13T08:21:18.060+0000] {processor.py:839} INFO - DAG(s) dict_keys(['example_kubernetes_executor']) retrieved from /home/airflow/.local/lib/python3.8/site-packages/airflow/example_dags/example_kubernetes_executor.py
[2023-11-13T08:21:18.088+0000] {logging_mixin.py:154} INFO - [2023-11-13T08:21:18.088+0000] {dag.py:2941} INFO - Sync 1 DAGs
[2023-11-13T08:21:18.098+0000] {logging_mixin.py:154} INFO - [2023-11-13T08:21:18.098+0000] {dag.py:3722} INFO - Setting next_dagrun for example_kubernetes_executor to None, run_after=None
[2023-11-13T08:21:18.162+0000] {processor.py:179} INFO - Processing /home/airflow/.local/lib/python3.8/site-packages/airflow/example_dags/example_kubernetes_executor.py took 0.144 seconds
[2023-11-13T08:21:49.439+0000] {processor.py:157} INFO - Started process (PID=2825) to work on /home/airflow/.local/lib/python3.8/site-packages/airflow/example_dags/example_kubernetes_executor.py
[2023-11-13T08:21:49.440+0000] {processor.py:829} INFO - Processing file /home/airflow/.local/lib/python3.8/site-packages/airflow/example_dags/example_kubernetes_executor.py for tasks to queue
[2023-11-13T08:21:49.442+0000] {logging_mixin.py:154} INFO - [2023-11-13T08:21:49.442+0000] {dagbag.py:536} INFO - Filling up the DagBag from /home/airflow/.local/lib/python3.8/site-packages/airflow/example_dags/example_kubernetes_executor.py
[2023-11-13T08:21:49.461+0000] {processor.py:839} INFO - DAG(s) dict_keys(['example_kubernetes_executor']) retrieved from /home/airflow/.local/lib/python3.8/site-packages/airflow/example_dags/example_kubernetes_executor.py
[2023-11-13T08:21:49.513+0000] {logging_mixin.py:154} INFO - [2023-11-13T08:21:49.513+0000] {dag.py:2941} INFO - Sync 1 DAGs
[2023-11-13T08:21:49.528+0000] {logging_mixin.py:154} INFO - [2023-11-13T08:21:49.528+0000] {dag.py:3722} INFO - Setting next_dagrun for example_kubernetes_executor to None, run_after=None
[2023-11-13T08:21:49.561+0000] {processor.py:179} INFO - Processing /home/airflow/.local/lib/python3.8/site-packages/airflow/example_dags/example_kubernetes_executor.py took 0.126 seconds
[2023-11-13T08:22:22.017+0000] {processor.py:157} INFO - Started process (PID=2886) to work on /home/airflow/.local/lib/python3.8/site-packages/airflow/example_dags/example_kubernetes_executor.py
[2023-11-13T08:22:22.051+0000] {processor.py:829} INFO - Processing file /home/airflow/.local/lib/python3.8/site-packages/airflow/example_dags/example_kubernetes_executor.py for tasks to queue
[2023-11-13T08:22:22.053+0000] {logging_mixin.py:154} INFO - [2023-11-13T08:22:22.053+0000] {dagbag.py:536} INFO - Filling up the DagBag from /home/airflow/.local/lib/python3.8/site-packages/airflow/example_dags/example_kubernetes_executor.py
[2023-11-13T08:22:22.065+0000] {processor.py:839} INFO - DAG(s) dict_keys(['example_kubernetes_executor']) retrieved from /home/airflow/.local/lib/python3.8/site-packages/airflow/example_dags/example_kubernetes_executor.py
[2023-11-13T08:22:22.098+0000] {logging_mixin.py:154} INFO - [2023-11-13T08:22:22.098+0000] {dag.py:2941} INFO - Sync 1 DAGs
[2023-11-13T08:22:22.107+0000] {logging_mixin.py:154} INFO - [2023-11-13T08:22:22.107+0000] {dag.py:3722} INFO - Setting next_dagrun for example_kubernetes_executor to None, run_after=None
[2023-11-13T08:22:22.133+0000] {processor.py:179} INFO - Processing /home/airflow/.local/lib/python3.8/site-packages/airflow/example_dags/example_kubernetes_executor.py took 0.118 seconds
[2023-11-13T08:22:53.451+0000] {processor.py:157} INFO - Started process (PID=2940) to work on /home/airflow/.local/lib/python3.8/site-packages/airflow/example_dags/example_kubernetes_executor.py
[2023-11-13T08:22:53.451+0000] {processor.py:829} INFO - Processing file /home/airflow/.local/lib/python3.8/site-packages/airflow/example_dags/example_kubernetes_executor.py for tasks to queue
[2023-11-13T08:22:53.453+0000] {logging_mixin.py:154} INFO - [2023-11-13T08:22:53.453+0000] {dagbag.py:536} INFO - Filling up the DagBag from /home/airflow/.local/lib/python3.8/site-packages/airflow/example_dags/example_kubernetes_executor.py
[2023-11-13T08:22:53.462+0000] {processor.py:839} INFO - DAG(s) dict_keys(['example_kubernetes_executor']) retrieved from /home/airflow/.local/lib/python3.8/site-packages/airflow/example_dags/example_kubernetes_executor.py
[2023-11-13T08:22:53.489+0000] {logging_mixin.py:154} INFO - [2023-11-13T08:22:53.489+0000] {dag.py:2941} INFO - Sync 1 DAGs
[2023-11-13T08:22:53.497+0000] {logging_mixin.py:154} INFO - [2023-11-13T08:22:53.497+0000] {dag.py:3722} INFO - Setting next_dagrun for example_kubernetes_executor to None, run_after=None
[2023-11-13T08:22:53.601+0000] {processor.py:179} INFO - Processing /home/airflow/.local/lib/python3.8/site-packages/airflow/example_dags/example_kubernetes_executor.py took 0.152 seconds
[2023-11-13T08:23:25.383+0000] {processor.py:157} INFO - Started process (PID=2994) to work on /home/airflow/.local/lib/python3.8/site-packages/airflow/example_dags/example_kubernetes_executor.py
[2023-11-13T08:23:25.407+0000] {processor.py:829} INFO - Processing file /home/airflow/.local/lib/python3.8/site-packages/airflow/example_dags/example_kubernetes_executor.py for tasks to queue
[2023-11-13T08:23:25.409+0000] {logging_mixin.py:154} INFO - [2023-11-13T08:23:25.408+0000] {dagbag.py:536} INFO - Filling up the DagBag from /home/airflow/.local/lib/python3.8/site-packages/airflow/example_dags/example_kubernetes_executor.py
[2023-11-13T08:23:25.418+0000] {processor.py:839} INFO - DAG(s) dict_keys(['example_kubernetes_executor']) retrieved from /home/airflow/.local/lib/python3.8/site-packages/airflow/example_dags/example_kubernetes_executor.py
[2023-11-13T08:23:25.445+0000] {logging_mixin.py:154} INFO - [2023-11-13T08:23:25.445+0000] {dag.py:2941} INFO - Sync 1 DAGs
[2023-11-13T08:23:25.454+0000] {logging_mixin.py:154} INFO - [2023-11-13T08:23:25.454+0000] {dag.py:3722} INFO - Setting next_dagrun for example_kubernetes_executor to None, run_after=None
[2023-11-13T08:23:25.485+0000] {processor.py:179} INFO - Processing /home/airflow/.local/lib/python3.8/site-packages/airflow/example_dags/example_kubernetes_executor.py took 0.104 seconds
[2023-11-13T08:23:56.257+0000] {processor.py:157} INFO - Started process (PID=3048) to work on /home/airflow/.local/lib/python3.8/site-packages/airflow/example_dags/example_kubernetes_executor.py
[2023-11-13T08:23:56.257+0000] {processor.py:829} INFO - Processing file /home/airflow/.local/lib/python3.8/site-packages/airflow/example_dags/example_kubernetes_executor.py for tasks to queue
[2023-11-13T08:23:56.259+0000] {logging_mixin.py:154} INFO - [2023-11-13T08:23:56.259+0000] {dagbag.py:536} INFO - Filling up the DagBag from /home/airflow/.local/lib/python3.8/site-packages/airflow/example_dags/example_kubernetes_executor.py
[2023-11-13T08:23:56.269+0000] {processor.py:839} INFO - DAG(s) dict_keys(['example_kubernetes_executor']) retrieved from /home/airflow/.local/lib/python3.8/site-packages/airflow/example_dags/example_kubernetes_executor.py
[2023-11-13T08:23:56.299+0000] {logging_mixin.py:154} INFO - [2023-11-13T08:23:56.299+0000] {dag.py:2941} INFO - Sync 1 DAGs
[2023-11-13T08:23:56.308+0000] {logging_mixin.py:154} INFO - [2023-11-13T08:23:56.308+0000] {dag.py:3722} INFO - Setting next_dagrun for example_kubernetes_executor to None, run_after=None
[2023-11-13T08:23:56.352+0000] {processor.py:179} INFO - Processing /home/airflow/.local/lib/python3.8/site-packages/airflow/example_dags/example_kubernetes_executor.py took 0.098 seconds
[2023-11-13T08:24:26.558+0000] {processor.py:157} INFO - Started process (PID=3102) to work on /home/airflow/.local/lib/python3.8/site-packages/airflow/example_dags/example_kubernetes_executor.py
[2023-11-13T08:24:26.600+0000] {processor.py:829} INFO - Processing file /home/airflow/.local/lib/python3.8/site-packages/airflow/example_dags/example_kubernetes_executor.py for tasks to queue
[2023-11-13T08:24:26.601+0000] {logging_mixin.py:154} INFO - [2023-11-13T08:24:26.601+0000] {dagbag.py:536} INFO - Filling up the DagBag from /home/airflow/.local/lib/python3.8/site-packages/airflow/example_dags/example_kubernetes_executor.py
[2023-11-13T08:24:26.611+0000] {processor.py:839} INFO - DAG(s) dict_keys(['example_kubernetes_executor']) retrieved from /home/airflow/.local/lib/python3.8/site-packages/airflow/example_dags/example_kubernetes_executor.py
[2023-11-13T08:24:26.639+0000] {logging_mixin.py:154} INFO - [2023-11-13T08:24:26.639+0000] {dag.py:2941} INFO - Sync 1 DAGs
[2023-11-13T08:24:26.649+0000] {logging_mixin.py:154} INFO - [2023-11-13T08:24:26.648+0000] {dag.py:3722} INFO - Setting next_dagrun for example_kubernetes_executor to None, run_after=None
[2023-11-13T08:24:27.243+0000] {processor.py:179} INFO - Processing /home/airflow/.local/lib/python3.8/site-packages/airflow/example_dags/example_kubernetes_executor.py took 0.688 seconds
[2023-11-13T08:24:58.050+0000] {processor.py:157} INFO - Started process (PID=3156) to work on /home/airflow/.local/lib/python3.8/site-packages/airflow/example_dags/example_kubernetes_executor.py
[2023-11-13T08:24:58.051+0000] {processor.py:829} INFO - Processing file /home/airflow/.local/lib/python3.8/site-packages/airflow/example_dags/example_kubernetes_executor.py for tasks to queue
[2023-11-13T08:24:58.053+0000] {logging_mixin.py:154} INFO - [2023-11-13T08:24:58.053+0000] {dagbag.py:536} INFO - Filling up the DagBag from /home/airflow/.local/lib/python3.8/site-packages/airflow/example_dags/example_kubernetes_executor.py
[2023-11-13T08:24:58.063+0000] {processor.py:839} INFO - DAG(s) dict_keys(['example_kubernetes_executor']) retrieved from /home/airflow/.local/lib/python3.8/site-packages/airflow/example_dags/example_kubernetes_executor.py
[2023-11-13T08:24:58.097+0000] {logging_mixin.py:154} INFO - [2023-11-13T08:24:58.097+0000] {dag.py:2941} INFO - Sync 1 DAGs
[2023-11-13T08:24:58.107+0000] {logging_mixin.py:154} INFO - [2023-11-13T08:24:58.107+0000] {dag.py:3722} INFO - Setting next_dagrun for example_kubernetes_executor to None, run_after=None
[2023-11-13T08:24:58.155+0000] {processor.py:179} INFO - Processing /home/airflow/.local/lib/python3.8/site-packages/airflow/example_dags/example_kubernetes_executor.py took 0.108 seconds
[2023-11-13T08:25:28.803+0000] {processor.py:157} INFO - Started process (PID=3210) to work on /home/airflow/.local/lib/python3.8/site-packages/airflow/example_dags/example_kubernetes_executor.py
[2023-11-13T08:25:28.808+0000] {processor.py:829} INFO - Processing file /home/airflow/.local/lib/python3.8/site-packages/airflow/example_dags/example_kubernetes_executor.py for tasks to queue
[2023-11-13T08:25:28.810+0000] {logging_mixin.py:154} INFO - [2023-11-13T08:25:28.809+0000] {dagbag.py:536} INFO - Filling up the DagBag from /home/airflow/.local/lib/python3.8/site-packages/airflow/example_dags/example_kubernetes_executor.py
[2023-11-13T08:25:28.818+0000] {processor.py:839} INFO - DAG(s) dict_keys(['example_kubernetes_executor']) retrieved from /home/airflow/.local/lib/python3.8/site-packages/airflow/example_dags/example_kubernetes_executor.py
[2023-11-13T08:25:28.845+0000] {logging_mixin.py:154} INFO - [2023-11-13T08:25:28.845+0000] {dag.py:2941} INFO - Sync 1 DAGs
[2023-11-13T08:25:28.854+0000] {logging_mixin.py:154} INFO - [2023-11-13T08:25:28.854+0000] {dag.py:3722} INFO - Setting next_dagrun for example_kubernetes_executor to None, run_after=None
[2023-11-13T08:25:28.881+0000] {processor.py:179} INFO - Processing /home/airflow/.local/lib/python3.8/site-packages/airflow/example_dags/example_kubernetes_executor.py took 0.080 seconds
[2023-11-13T08:25:58.926+0000] {processor.py:157} INFO - Started process (PID=3264) to work on /home/airflow/.local/lib/python3.8/site-packages/airflow/example_dags/example_kubernetes_executor.py
[2023-11-13T08:25:58.926+0000] {processor.py:829} INFO - Processing file /home/airflow/.local/lib/python3.8/site-packages/airflow/example_dags/example_kubernetes_executor.py for tasks to queue
[2023-11-13T08:25:58.928+0000] {logging_mixin.py:154} INFO - [2023-11-13T08:25:58.927+0000] {dagbag.py:536} INFO - Filling up the DagBag from /home/airflow/.local/lib/python3.8/site-packages/airflow/example_dags/example_kubernetes_executor.py
[2023-11-13T08:25:58.938+0000] {processor.py:839} INFO - DAG(s) dict_keys(['example_kubernetes_executor']) retrieved from /home/airflow/.local/lib/python3.8/site-packages/airflow/example_dags/example_kubernetes_executor.py
[2023-11-13T08:25:58.968+0000] {logging_mixin.py:154} INFO - [2023-11-13T08:25:58.968+0000] {dag.py:2941} INFO - Sync 1 DAGs
[2023-11-13T08:25:58.978+0000] {logging_mixin.py:154} INFO - [2023-11-13T08:25:58.977+0000] {dag.py:3722} INFO - Setting next_dagrun for example_kubernetes_executor to None, run_after=None
[2023-11-13T08:25:59.678+0000] {processor.py:179} INFO - Processing /home/airflow/.local/lib/python3.8/site-packages/airflow/example_dags/example_kubernetes_executor.py took 0.755 seconds
[2023-11-13T08:26:29.735+0000] {processor.py:157} INFO - Started process (PID=3318) to work on /home/airflow/.local/lib/python3.8/site-packages/airflow/example_dags/example_kubernetes_executor.py
[2023-11-13T08:26:31.261+0000] {processor.py:829} INFO - Processing file /home/airflow/.local/lib/python3.8/site-packages/airflow/example_dags/example_kubernetes_executor.py for tasks to queue
[2023-11-13T08:26:31.263+0000] {logging_mixin.py:154} INFO - [2023-11-13T08:26:31.263+0000] {dagbag.py:536} INFO - Filling up the DagBag from /home/airflow/.local/lib/python3.8/site-packages/airflow/example_dags/example_kubernetes_executor.py
[2023-11-13T08:26:31.273+0000] {processor.py:839} INFO - DAG(s) dict_keys(['example_kubernetes_executor']) retrieved from /home/airflow/.local/lib/python3.8/site-packages/airflow/example_dags/example_kubernetes_executor.py
[2023-11-13T08:26:31.302+0000] {logging_mixin.py:154} INFO - [2023-11-13T08:26:31.302+0000] {dag.py:2941} INFO - Sync 1 DAGs
[2023-11-13T08:26:31.311+0000] {logging_mixin.py:154} INFO - [2023-11-13T08:26:31.311+0000] {dag.py:3722} INFO - Setting next_dagrun for example_kubernetes_executor to None, run_after=None
[2023-11-13T08:26:31.347+0000] {processor.py:179} INFO - Processing /home/airflow/.local/lib/python3.8/site-packages/airflow/example_dags/example_kubernetes_executor.py took 1.615 seconds
[2023-11-13T08:27:01.411+0000] {processor.py:157} INFO - Started process (PID=3372) to work on /home/airflow/.local/lib/python3.8/site-packages/airflow/example_dags/example_kubernetes_executor.py
[2023-11-13T08:27:01.411+0000] {processor.py:829} INFO - Processing file /home/airflow/.local/lib/python3.8/site-packages/airflow/example_dags/example_kubernetes_executor.py for tasks to queue
[2023-11-13T08:27:01.413+0000] {logging_mixin.py:154} INFO - [2023-11-13T08:27:01.413+0000] {dagbag.py:536} INFO - Filling up the DagBag from /home/airflow/.local/lib/python3.8/site-packages/airflow/example_dags/example_kubernetes_executor.py
[2023-11-13T08:27:01.424+0000] {processor.py:839} INFO - DAG(s) dict_keys(['example_kubernetes_executor']) retrieved from /home/airflow/.local/lib/python3.8/site-packages/airflow/example_dags/example_kubernetes_executor.py
[2023-11-13T08:27:01.454+0000] {logging_mixin.py:154} INFO - [2023-11-13T08:27:01.454+0000] {dag.py:2941} INFO - Sync 1 DAGs
[2023-11-13T08:27:01.463+0000] {logging_mixin.py:154} INFO - [2023-11-13T08:27:01.463+0000] {dag.py:3722} INFO - Setting next_dagrun for example_kubernetes_executor to None, run_after=None
[2023-11-13T08:27:01.502+0000] {processor.py:179} INFO - Processing /home/airflow/.local/lib/python3.8/site-packages/airflow/example_dags/example_kubernetes_executor.py took 0.094 seconds
[2023-11-13T08:27:31.700+0000] {processor.py:157} INFO - Started process (PID=3426) to work on /home/airflow/.local/lib/python3.8/site-packages/airflow/example_dags/example_kubernetes_executor.py
[2023-11-13T08:27:31.717+0000] {processor.py:829} INFO - Processing file /home/airflow/.local/lib/python3.8/site-packages/airflow/example_dags/example_kubernetes_executor.py for tasks to queue
[2023-11-13T08:27:31.719+0000] {logging_mixin.py:154} INFO - [2023-11-13T08:27:31.719+0000] {dagbag.py:536} INFO - Filling up the DagBag from /home/airflow/.local/lib/python3.8/site-packages/airflow/example_dags/example_kubernetes_executor.py
[2023-11-13T08:27:31.734+0000] {processor.py:839} INFO - DAG(s) dict_keys(['example_kubernetes_executor']) retrieved from /home/airflow/.local/lib/python3.8/site-packages/airflow/example_dags/example_kubernetes_executor.py
[2023-11-13T08:27:31.762+0000] {logging_mixin.py:154} INFO - [2023-11-13T08:27:31.762+0000] {dag.py:2941} INFO - Sync 1 DAGs
[2023-11-13T08:27:31.771+0000] {logging_mixin.py:154} INFO - [2023-11-13T08:27:31.771+0000] {dag.py:3722} INFO - Setting next_dagrun for example_kubernetes_executor to None, run_after=None
[2023-11-13T08:27:31.831+0000] {processor.py:179} INFO - Processing /home/airflow/.local/lib/python3.8/site-packages/airflow/example_dags/example_kubernetes_executor.py took 0.133 seconds
[2023-11-13T08:28:04.203+0000] {processor.py:157} INFO - Started process (PID=3480) to work on /home/airflow/.local/lib/python3.8/site-packages/airflow/example_dags/example_kubernetes_executor.py
[2023-11-13T08:28:04.204+0000] {processor.py:829} INFO - Processing file /home/airflow/.local/lib/python3.8/site-packages/airflow/example_dags/example_kubernetes_executor.py for tasks to queue
[2023-11-13T08:28:04.206+0000] {logging_mixin.py:154} INFO - [2023-11-13T08:28:04.206+0000] {dagbag.py:536} INFO - Filling up the DagBag from /home/airflow/.local/lib/python3.8/site-packages/airflow/example_dags/example_kubernetes_executor.py
[2023-11-13T08:28:04.217+0000] {processor.py:839} INFO - DAG(s) dict_keys(['example_kubernetes_executor']) retrieved from /home/airflow/.local/lib/python3.8/site-packages/airflow/example_dags/example_kubernetes_executor.py
[2023-11-13T08:28:04.251+0000] {logging_mixin.py:154} INFO - [2023-11-13T08:28:04.250+0000] {dag.py:2941} INFO - Sync 1 DAGs
[2023-11-13T08:28:04.265+0000] {logging_mixin.py:154} INFO - [2023-11-13T08:28:04.265+0000] {dag.py:3722} INFO - Setting next_dagrun for example_kubernetes_executor to None, run_after=None
[2023-11-13T08:28:04.295+0000] {processor.py:179} INFO - Processing /home/airflow/.local/lib/python3.8/site-packages/airflow/example_dags/example_kubernetes_executor.py took 0.096 seconds
[2023-11-13T08:45:34.436+0000] {processor.py:157} INFO - Started process (PID=63) to work on /home/airflow/.local/lib/python3.8/site-packages/airflow/example_dags/example_kubernetes_executor.py
[2023-11-13T08:45:34.464+0000] {processor.py:829} INFO - Processing file /home/airflow/.local/lib/python3.8/site-packages/airflow/example_dags/example_kubernetes_executor.py for tasks to queue
[2023-11-13T08:45:34.466+0000] {logging_mixin.py:154} INFO - [2023-11-13T08:45:34.466+0000] {dagbag.py:536} INFO - Filling up the DagBag from /home/airflow/.local/lib/python3.8/site-packages/airflow/example_dags/example_kubernetes_executor.py
[2023-11-13T08:45:34.483+0000] {processor.py:839} INFO - DAG(s) dict_keys(['example_kubernetes_executor']) retrieved from /home/airflow/.local/lib/python3.8/site-packages/airflow/example_dags/example_kubernetes_executor.py
[2023-11-13T08:45:34.653+0000] {logging_mixin.py:154} INFO - [2023-11-13T08:45:34.653+0000] {manager.py:499} INFO - Created Permission View: %s
[2023-11-13T08:45:34.687+0000] {logging_mixin.py:154} INFO - [2023-11-13T08:45:34.687+0000] {manager.py:499} INFO - Created Permission View: %s
[2023-11-13T08:45:34.723+0000] {logging_mixin.py:154} INFO - [2023-11-13T08:45:34.722+0000] {manager.py:499} INFO - Created Permission View: %s
[2023-11-13T08:45:34.724+0000] {logging_mixin.py:154} INFO - [2023-11-13T08:45:34.724+0000] {dag.py:2941} INFO - Sync 1 DAGs
[2023-11-13T08:45:34.757+0000] {logging_mixin.py:154} INFO - [2023-11-13T08:45:34.757+0000] {dag.py:2963} INFO - Creating ORM DAG for example_kubernetes_executor
[2023-11-13T08:45:34.758+0000] {logging_mixin.py:154} INFO - [2023-11-13T08:45:34.758+0000] {dag.py:3722} INFO - Setting next_dagrun for example_kubernetes_executor to None, run_after=None
[2023-11-13T08:45:34.812+0000] {processor.py:179} INFO - Processing /home/airflow/.local/lib/python3.8/site-packages/airflow/example_dags/example_kubernetes_executor.py took 0.378 seconds
[2023-11-13T08:46:07.199+0000] {processor.py:157} INFO - Started process (PID=117) to work on /home/airflow/.local/lib/python3.8/site-packages/airflow/example_dags/example_kubernetes_executor.py
[2023-11-13T08:46:07.199+0000] {processor.py:829} INFO - Processing file /home/airflow/.local/lib/python3.8/site-packages/airflow/example_dags/example_kubernetes_executor.py for tasks to queue
[2023-11-13T08:46:07.201+0000] {logging_mixin.py:154} INFO - [2023-11-13T08:46:07.200+0000] {dagbag.py:536} INFO - Filling up the DagBag from /home/airflow/.local/lib/python3.8/site-packages/airflow/example_dags/example_kubernetes_executor.py
[2023-11-13T08:46:07.211+0000] {processor.py:839} INFO - DAG(s) dict_keys(['example_kubernetes_executor']) retrieved from /home/airflow/.local/lib/python3.8/site-packages/airflow/example_dags/example_kubernetes_executor.py
[2023-11-13T08:46:07.240+0000] {logging_mixin.py:154} INFO - [2023-11-13T08:46:07.240+0000] {dag.py:2941} INFO - Sync 1 DAGs
[2023-11-13T08:46:07.249+0000] {logging_mixin.py:154} INFO - [2023-11-13T08:46:07.249+0000] {dag.py:3722} INFO - Setting next_dagrun for example_kubernetes_executor to None, run_after=None
[2023-11-13T08:46:07.280+0000] {processor.py:179} INFO - Processing /home/airflow/.local/lib/python3.8/site-packages/airflow/example_dags/example_kubernetes_executor.py took 0.084 seconds
[2023-11-13T08:46:38.106+0000] {processor.py:157} INFO - Started process (PID=171) to work on /home/airflow/.local/lib/python3.8/site-packages/airflow/example_dags/example_kubernetes_executor.py
[2023-11-13T08:46:38.113+0000] {processor.py:829} INFO - Processing file /home/airflow/.local/lib/python3.8/site-packages/airflow/example_dags/example_kubernetes_executor.py for tasks to queue
[2023-11-13T08:46:38.115+0000] {logging_mixin.py:154} INFO - [2023-11-13T08:46:38.115+0000] {dagbag.py:536} INFO - Filling up the DagBag from /home/airflow/.local/lib/python3.8/site-packages/airflow/example_dags/example_kubernetes_executor.py
[2023-11-13T08:46:38.125+0000] {processor.py:839} INFO - DAG(s) dict_keys(['example_kubernetes_executor']) retrieved from /home/airflow/.local/lib/python3.8/site-packages/airflow/example_dags/example_kubernetes_executor.py
[2023-11-13T08:46:38.158+0000] {logging_mixin.py:154} INFO - [2023-11-13T08:46:38.158+0000] {dag.py:2941} INFO - Sync 1 DAGs
[2023-11-13T08:46:38.167+0000] {logging_mixin.py:154} INFO - [2023-11-13T08:46:38.166+0000] {dag.py:3722} INFO - Setting next_dagrun for example_kubernetes_executor to None, run_after=None
[2023-11-13T08:46:38.208+0000] {processor.py:179} INFO - Processing /home/airflow/.local/lib/python3.8/site-packages/airflow/example_dags/example_kubernetes_executor.py took 0.104 seconds
[2023-11-13T08:47:08.734+0000] {processor.py:157} INFO - Started process (PID=225) to work on /home/airflow/.local/lib/python3.8/site-packages/airflow/example_dags/example_kubernetes_executor.py
[2023-11-13T08:47:08.743+0000] {processor.py:829} INFO - Processing file /home/airflow/.local/lib/python3.8/site-packages/airflow/example_dags/example_kubernetes_executor.py for tasks to queue
[2023-11-13T08:47:08.745+0000] {logging_mixin.py:154} INFO - [2023-11-13T08:47:08.745+0000] {dagbag.py:536} INFO - Filling up the DagBag from /home/airflow/.local/lib/python3.8/site-packages/airflow/example_dags/example_kubernetes_executor.py
[2023-11-13T08:47:08.755+0000] {processor.py:839} INFO - DAG(s) dict_keys(['example_kubernetes_executor']) retrieved from /home/airflow/.local/lib/python3.8/site-packages/airflow/example_dags/example_kubernetes_executor.py
[2023-11-13T08:47:08.784+0000] {logging_mixin.py:154} INFO - [2023-11-13T08:47:08.784+0000] {dag.py:2941} INFO - Sync 1 DAGs
[2023-11-13T08:47:08.795+0000] {logging_mixin.py:154} INFO - [2023-11-13T08:47:08.794+0000] {dag.py:3722} INFO - Setting next_dagrun for example_kubernetes_executor to None, run_after=None
[2023-11-13T08:47:08.828+0000] {processor.py:179} INFO - Processing /home/airflow/.local/lib/python3.8/site-packages/airflow/example_dags/example_kubernetes_executor.py took 0.098 seconds
[2023-11-13T08:47:39.700+0000] {processor.py:157} INFO - Started process (PID=279) to work on /home/airflow/.local/lib/python3.8/site-packages/airflow/example_dags/example_kubernetes_executor.py
[2023-11-13T08:47:39.700+0000] {processor.py:829} INFO - Processing file /home/airflow/.local/lib/python3.8/site-packages/airflow/example_dags/example_kubernetes_executor.py for tasks to queue
[2023-11-13T08:47:39.702+0000] {logging_mixin.py:154} INFO - [2023-11-13T08:47:39.701+0000] {dagbag.py:536} INFO - Filling up the DagBag from /home/airflow/.local/lib/python3.8/site-packages/airflow/example_dags/example_kubernetes_executor.py
[2023-11-13T08:47:39.712+0000] {processor.py:839} INFO - DAG(s) dict_keys(['example_kubernetes_executor']) retrieved from /home/airflow/.local/lib/python3.8/site-packages/airflow/example_dags/example_kubernetes_executor.py
[2023-11-13T08:47:39.740+0000] {logging_mixin.py:154} INFO - [2023-11-13T08:47:39.740+0000] {dag.py:2941} INFO - Sync 1 DAGs
[2023-11-13T08:47:39.749+0000] {logging_mixin.py:154} INFO - [2023-11-13T08:47:39.749+0000] {dag.py:3722} INFO - Setting next_dagrun for example_kubernetes_executor to None, run_after=None
[2023-11-13T08:47:39.779+0000] {processor.py:179} INFO - Processing /home/airflow/.local/lib/python3.8/site-packages/airflow/example_dags/example_kubernetes_executor.py took 0.082 seconds
[2023-11-13T08:48:10.513+0000] {processor.py:157} INFO - Started process (PID=333) to work on /home/airflow/.local/lib/python3.8/site-packages/airflow/example_dags/example_kubernetes_executor.py
[2023-11-13T08:48:10.526+0000] {processor.py:829} INFO - Processing file /home/airflow/.local/lib/python3.8/site-packages/airflow/example_dags/example_kubernetes_executor.py for tasks to queue
[2023-11-13T08:48:10.528+0000] {logging_mixin.py:154} INFO - [2023-11-13T08:48:10.528+0000] {dagbag.py:536} INFO - Filling up the DagBag from /home/airflow/.local/lib/python3.8/site-packages/airflow/example_dags/example_kubernetes_executor.py
[2023-11-13T08:48:10.537+0000] {processor.py:839} INFO - DAG(s) dict_keys(['example_kubernetes_executor']) retrieved from /home/airflow/.local/lib/python3.8/site-packages/airflow/example_dags/example_kubernetes_executor.py
[2023-11-13T08:48:10.567+0000] {logging_mixin.py:154} INFO - [2023-11-13T08:48:10.567+0000] {dag.py:2941} INFO - Sync 1 DAGs
[2023-11-13T08:48:10.576+0000] {logging_mixin.py:154} INFO - [2023-11-13T08:48:10.576+0000] {dag.py:3722} INFO - Setting next_dagrun for example_kubernetes_executor to None, run_after=None
[2023-11-13T08:48:10.620+0000] {processor.py:179} INFO - Processing /home/airflow/.local/lib/python3.8/site-packages/airflow/example_dags/example_kubernetes_executor.py took 0.109 seconds
