[2023-11-13T07:54:56.020+0000] {processor.py:157} INFO - Started process (PID=39) to work on /home/airflow/.local/lib/python3.8/site-packages/airflow/example_dags/example_skip_dag.py
[2023-11-13T07:54:56.020+0000] {processor.py:829} INFO - Processing file /home/airflow/.local/lib/python3.8/site-packages/airflow/example_dags/example_skip_dag.py for tasks to queue
[2023-11-13T07:54:56.022+0000] {logging_mixin.py:154} INFO - [2023-11-13T07:54:56.022+0000] {dagbag.py:536} INFO - Filling up the DagBag from /home/airflow/.local/lib/python3.8/site-packages/airflow/example_dags/example_skip_dag.py
[2023-11-13T07:54:56.033+0000] {processor.py:839} INFO - DAG(s) dict_keys(['example_skip_dag']) retrieved from /home/airflow/.local/lib/python3.8/site-packages/airflow/example_dags/example_skip_dag.py
[2023-11-13T07:55:01.611+0000] {logging_mixin.py:154} INFO - [2023-11-13T07:55:01.610+0000] {manager.py:499} INFO - Created Permission View: %s
[2023-11-13T07:55:01.798+0000] {logging_mixin.py:154} INFO - [2023-11-13T07:55:01.798+0000] {manager.py:499} INFO - Created Permission View: %s
[2023-11-13T07:55:02.437+0000] {logging_mixin.py:154} INFO - [2023-11-13T07:55:02.437+0000] {manager.py:499} INFO - Created Permission View: %s
[2023-11-13T07:55:02.438+0000] {logging_mixin.py:154} INFO - [2023-11-13T07:55:02.438+0000] {dag.py:2941} INFO - Sync 1 DAGs
[2023-11-13T07:55:02.474+0000] {logging_mixin.py:154} INFO - [2023-11-13T07:55:02.473+0000] {dag.py:2963} INFO - Creating ORM DAG for example_skip_dag
[2023-11-13T07:55:02.493+0000] {logging_mixin.py:154} INFO - [2023-11-13T07:55:02.493+0000] {dag.py:3722} INFO - Setting next_dagrun for example_skip_dag to 2023-11-12T07:55:02.492792+00:00, run_after=2023-11-13T07:55:02.492792+00:00
[2023-11-13T07:55:02.554+0000] {processor.py:179} INFO - Processing /home/airflow/.local/lib/python3.8/site-packages/airflow/example_dags/example_skip_dag.py took 6.536 seconds
[2023-11-13T07:55:32.736+0000] {processor.py:157} INFO - Started process (PID=93) to work on /home/airflow/.local/lib/python3.8/site-packages/airflow/example_dags/example_skip_dag.py
[2023-11-13T07:55:32.965+0000] {processor.py:829} INFO - Processing file /home/airflow/.local/lib/python3.8/site-packages/airflow/example_dags/example_skip_dag.py for tasks to queue
[2023-11-13T07:55:32.970+0000] {logging_mixin.py:154} INFO - [2023-11-13T07:55:32.970+0000] {dagbag.py:536} INFO - Filling up the DagBag from /home/airflow/.local/lib/python3.8/site-packages/airflow/example_dags/example_skip_dag.py
[2023-11-13T07:55:32.974+0000] {processor.py:839} INFO - DAG(s) dict_keys(['example_skip_dag']) retrieved from /home/airflow/.local/lib/python3.8/site-packages/airflow/example_dags/example_skip_dag.py
[2023-11-13T07:55:32.990+0000] {logging_mixin.py:154} INFO - [2023-11-13T07:55:32.990+0000] {dag.py:2941} INFO - Sync 1 DAGs
[2023-11-13T07:55:33.007+0000] {logging_mixin.py:154} INFO - [2023-11-13T07:55:33.007+0000] {dag.py:3722} INFO - Setting next_dagrun for example_skip_dag to 2023-11-12T07:55:33.007564+00:00, run_after=2023-11-13T07:55:33.007564+00:00
[2023-11-13T07:55:33.067+0000] {processor.py:179} INFO - Processing /home/airflow/.local/lib/python3.8/site-packages/airflow/example_dags/example_skip_dag.py took 0.338 seconds
[2023-11-13T07:56:03.088+0000] {processor.py:157} INFO - Started process (PID=147) to work on /home/airflow/.local/lib/python3.8/site-packages/airflow/example_dags/example_skip_dag.py
[2023-11-13T07:56:03.126+0000] {processor.py:829} INFO - Processing file /home/airflow/.local/lib/python3.8/site-packages/airflow/example_dags/example_skip_dag.py for tasks to queue
[2023-11-13T07:56:03.128+0000] {logging_mixin.py:154} INFO - [2023-11-13T07:56:03.128+0000] {dagbag.py:536} INFO - Filling up the DagBag from /home/airflow/.local/lib/python3.8/site-packages/airflow/example_dags/example_skip_dag.py
[2023-11-13T07:56:03.135+0000] {processor.py:839} INFO - DAG(s) dict_keys(['example_skip_dag']) retrieved from /home/airflow/.local/lib/python3.8/site-packages/airflow/example_dags/example_skip_dag.py
[2023-11-13T07:56:03.151+0000] {logging_mixin.py:154} INFO - [2023-11-13T07:56:03.151+0000] {dag.py:2941} INFO - Sync 1 DAGs
[2023-11-13T07:56:03.166+0000] {logging_mixin.py:154} INFO - [2023-11-13T07:56:03.166+0000] {dag.py:3722} INFO - Setting next_dagrun for example_skip_dag to 2023-11-12T07:56:03.166348+00:00, run_after=2023-11-13T07:56:03.166348+00:00
[2023-11-13T07:56:03.206+0000] {processor.py:179} INFO - Processing /home/airflow/.local/lib/python3.8/site-packages/airflow/example_dags/example_skip_dag.py took 0.120 seconds
[2023-11-13T07:56:33.384+0000] {processor.py:157} INFO - Started process (PID=201) to work on /home/airflow/.local/lib/python3.8/site-packages/airflow/example_dags/example_skip_dag.py
[2023-11-13T07:56:34.536+0000] {processor.py:829} INFO - Processing file /home/airflow/.local/lib/python3.8/site-packages/airflow/example_dags/example_skip_dag.py for tasks to queue
[2023-11-13T07:56:34.539+0000] {logging_mixin.py:154} INFO - [2023-11-13T07:56:34.538+0000] {dagbag.py:536} INFO - Filling up the DagBag from /home/airflow/.local/lib/python3.8/site-packages/airflow/example_dags/example_skip_dag.py
[2023-11-13T07:56:34.544+0000] {processor.py:839} INFO - DAG(s) dict_keys(['example_skip_dag']) retrieved from /home/airflow/.local/lib/python3.8/site-packages/airflow/example_dags/example_skip_dag.py
[2023-11-13T07:56:34.559+0000] {logging_mixin.py:154} INFO - [2023-11-13T07:56:34.559+0000] {dag.py:2941} INFO - Sync 1 DAGs
[2023-11-13T07:56:34.575+0000] {logging_mixin.py:154} INFO - [2023-11-13T07:56:34.575+0000] {dag.py:3722} INFO - Setting next_dagrun for example_skip_dag to 2023-11-12T07:56:34.575161+00:00, run_after=2023-11-13T07:56:34.575161+00:00
[2023-11-13T07:56:34.947+0000] {processor.py:179} INFO - Processing /home/airflow/.local/lib/python3.8/site-packages/airflow/example_dags/example_skip_dag.py took 1.566 seconds
[2023-11-13T07:57:05.653+0000] {processor.py:157} INFO - Started process (PID=255) to work on /home/airflow/.local/lib/python3.8/site-packages/airflow/example_dags/example_skip_dag.py
[2023-11-13T07:57:05.662+0000] {processor.py:829} INFO - Processing file /home/airflow/.local/lib/python3.8/site-packages/airflow/example_dags/example_skip_dag.py for tasks to queue
[2023-11-13T07:57:05.663+0000] {logging_mixin.py:154} INFO - [2023-11-13T07:57:05.663+0000] {dagbag.py:536} INFO - Filling up the DagBag from /home/airflow/.local/lib/python3.8/site-packages/airflow/example_dags/example_skip_dag.py
[2023-11-13T07:57:05.668+0000] {processor.py:839} INFO - DAG(s) dict_keys(['example_skip_dag']) retrieved from /home/airflow/.local/lib/python3.8/site-packages/airflow/example_dags/example_skip_dag.py
[2023-11-13T07:57:05.684+0000] {logging_mixin.py:154} INFO - [2023-11-13T07:57:05.683+0000] {dag.py:2941} INFO - Sync 1 DAGs
[2023-11-13T07:57:05.703+0000] {logging_mixin.py:154} INFO - [2023-11-13T07:57:05.703+0000] {dag.py:3722} INFO - Setting next_dagrun for example_skip_dag to 2023-11-12T07:57:05.703021+00:00, run_after=2023-11-13T07:57:05.703021+00:00
[2023-11-13T07:57:05.789+0000] {processor.py:179} INFO - Processing /home/airflow/.local/lib/python3.8/site-packages/airflow/example_dags/example_skip_dag.py took 0.139 seconds
[2023-11-13T07:57:35.877+0000] {processor.py:157} INFO - Started process (PID=309) to work on /home/airflow/.local/lib/python3.8/site-packages/airflow/example_dags/example_skip_dag.py
[2023-11-13T07:57:35.889+0000] {processor.py:829} INFO - Processing file /home/airflow/.local/lib/python3.8/site-packages/airflow/example_dags/example_skip_dag.py for tasks to queue
[2023-11-13T07:57:35.890+0000] {logging_mixin.py:154} INFO - [2023-11-13T07:57:35.890+0000] {dagbag.py:536} INFO - Filling up the DagBag from /home/airflow/.local/lib/python3.8/site-packages/airflow/example_dags/example_skip_dag.py
[2023-11-13T07:57:35.895+0000] {processor.py:839} INFO - DAG(s) dict_keys(['example_skip_dag']) retrieved from /home/airflow/.local/lib/python3.8/site-packages/airflow/example_dags/example_skip_dag.py
[2023-11-13T07:57:35.910+0000] {logging_mixin.py:154} INFO - [2023-11-13T07:57:35.910+0000] {dag.py:2941} INFO - Sync 1 DAGs
[2023-11-13T07:57:35.926+0000] {logging_mixin.py:154} INFO - [2023-11-13T07:57:35.926+0000] {dag.py:3722} INFO - Setting next_dagrun for example_skip_dag to 2023-11-12T07:57:35.926349+00:00, run_after=2023-11-13T07:57:35.926349+00:00
[2023-11-13T07:57:36.695+0000] {processor.py:179} INFO - Processing /home/airflow/.local/lib/python3.8/site-packages/airflow/example_dags/example_skip_dag.py took 0.821 seconds
[2023-11-13T07:58:06.795+0000] {processor.py:157} INFO - Started process (PID=363) to work on /home/airflow/.local/lib/python3.8/site-packages/airflow/example_dags/example_skip_dag.py
[2023-11-13T07:58:07.673+0000] {processor.py:829} INFO - Processing file /home/airflow/.local/lib/python3.8/site-packages/airflow/example_dags/example_skip_dag.py for tasks to queue
[2023-11-13T07:58:07.801+0000] {logging_mixin.py:154} INFO - [2023-11-13T07:58:07.801+0000] {dagbag.py:536} INFO - Filling up the DagBag from /home/airflow/.local/lib/python3.8/site-packages/airflow/example_dags/example_skip_dag.py
[2023-11-13T07:58:07.808+0000] {processor.py:839} INFO - DAG(s) dict_keys(['example_skip_dag']) retrieved from /home/airflow/.local/lib/python3.8/site-packages/airflow/example_dags/example_skip_dag.py
[2023-11-13T07:58:07.825+0000] {logging_mixin.py:154} INFO - [2023-11-13T07:58:07.825+0000] {dag.py:2941} INFO - Sync 1 DAGs
[2023-11-13T07:58:07.840+0000] {logging_mixin.py:154} INFO - [2023-11-13T07:58:07.840+0000] {dag.py:3722} INFO - Setting next_dagrun for example_skip_dag to 2023-11-12T07:58:07.839866+00:00, run_after=2023-11-13T07:58:07.839866+00:00
[2023-11-13T07:58:08.138+0000] {processor.py:179} INFO - Processing /home/airflow/.local/lib/python3.8/site-packages/airflow/example_dags/example_skip_dag.py took 1.345 seconds
[2023-11-13T07:58:38.331+0000] {processor.py:157} INFO - Started process (PID=417) to work on /home/airflow/.local/lib/python3.8/site-packages/airflow/example_dags/example_skip_dag.py
[2023-11-13T07:58:39.411+0000] {processor.py:829} INFO - Processing file /home/airflow/.local/lib/python3.8/site-packages/airflow/example_dags/example_skip_dag.py for tasks to queue
[2023-11-13T07:58:39.416+0000] {logging_mixin.py:154} INFO - [2023-11-13T07:58:39.416+0000] {dagbag.py:536} INFO - Filling up the DagBag from /home/airflow/.local/lib/python3.8/site-packages/airflow/example_dags/example_skip_dag.py
[2023-11-13T07:58:39.420+0000] {processor.py:839} INFO - DAG(s) dict_keys(['example_skip_dag']) retrieved from /home/airflow/.local/lib/python3.8/site-packages/airflow/example_dags/example_skip_dag.py
[2023-11-13T07:58:39.436+0000] {logging_mixin.py:154} INFO - [2023-11-13T07:58:39.435+0000] {dag.py:2941} INFO - Sync 1 DAGs
[2023-11-13T07:58:39.451+0000] {logging_mixin.py:154} INFO - [2023-11-13T07:58:39.451+0000] {dag.py:3722} INFO - Setting next_dagrun for example_skip_dag to 2023-11-12T07:58:39.451155+00:00, run_after=2023-11-13T07:58:39.451155+00:00
[2023-11-13T07:58:40.076+0000] {processor.py:179} INFO - Processing /home/airflow/.local/lib/python3.8/site-packages/airflow/example_dags/example_skip_dag.py took 1.748 seconds
[2023-11-13T07:59:10.823+0000] {processor.py:157} INFO - Started process (PID=471) to work on /home/airflow/.local/lib/python3.8/site-packages/airflow/example_dags/example_skip_dag.py
[2023-11-13T07:59:10.858+0000] {processor.py:829} INFO - Processing file /home/airflow/.local/lib/python3.8/site-packages/airflow/example_dags/example_skip_dag.py for tasks to queue
[2023-11-13T07:59:10.859+0000] {logging_mixin.py:154} INFO - [2023-11-13T07:59:10.859+0000] {dagbag.py:536} INFO - Filling up the DagBag from /home/airflow/.local/lib/python3.8/site-packages/airflow/example_dags/example_skip_dag.py
[2023-11-13T07:59:10.864+0000] {processor.py:839} INFO - DAG(s) dict_keys(['example_skip_dag']) retrieved from /home/airflow/.local/lib/python3.8/site-packages/airflow/example_dags/example_skip_dag.py
[2023-11-13T07:59:10.880+0000] {logging_mixin.py:154} INFO - [2023-11-13T07:59:10.880+0000] {dag.py:2941} INFO - Sync 1 DAGs
[2023-11-13T07:59:10.895+0000] {logging_mixin.py:154} INFO - [2023-11-13T07:59:10.894+0000] {dag.py:3722} INFO - Setting next_dagrun for example_skip_dag to 2023-11-12T07:59:10.894699+00:00, run_after=2023-11-13T07:59:10.894699+00:00
[2023-11-13T07:59:11.437+0000] {processor.py:179} INFO - Processing /home/airflow/.local/lib/python3.8/site-packages/airflow/example_dags/example_skip_dag.py took 0.615 seconds
[2023-11-13T07:59:41.587+0000] {processor.py:157} INFO - Started process (PID=525) to work on /home/airflow/.local/lib/python3.8/site-packages/airflow/example_dags/example_skip_dag.py
[2023-11-13T07:59:41.587+0000] {processor.py:829} INFO - Processing file /home/airflow/.local/lib/python3.8/site-packages/airflow/example_dags/example_skip_dag.py for tasks to queue
[2023-11-13T07:59:41.589+0000] {logging_mixin.py:154} INFO - [2023-11-13T07:59:41.589+0000] {dagbag.py:536} INFO - Filling up the DagBag from /home/airflow/.local/lib/python3.8/site-packages/airflow/example_dags/example_skip_dag.py
[2023-11-13T07:59:41.593+0000] {processor.py:839} INFO - DAG(s) dict_keys(['example_skip_dag']) retrieved from /home/airflow/.local/lib/python3.8/site-packages/airflow/example_dags/example_skip_dag.py
[2023-11-13T07:59:41.610+0000] {logging_mixin.py:154} INFO - [2023-11-13T07:59:41.609+0000] {dag.py:2941} INFO - Sync 1 DAGs
[2023-11-13T07:59:41.624+0000] {logging_mixin.py:154} INFO - [2023-11-13T07:59:41.624+0000] {dag.py:3722} INFO - Setting next_dagrun for example_skip_dag to 2023-11-12T07:59:41.624504+00:00, run_after=2023-11-13T07:59:41.624504+00:00
[2023-11-13T07:59:42.038+0000] {processor.py:179} INFO - Processing /home/airflow/.local/lib/python3.8/site-packages/airflow/example_dags/example_skip_dag.py took 0.454 seconds
[2023-11-13T08:00:12.898+0000] {processor.py:157} INFO - Started process (PID=579) to work on /home/airflow/.local/lib/python3.8/site-packages/airflow/example_dags/example_skip_dag.py
[2023-11-13T08:00:12.898+0000] {processor.py:829} INFO - Processing file /home/airflow/.local/lib/python3.8/site-packages/airflow/example_dags/example_skip_dag.py for tasks to queue
[2023-11-13T08:00:12.900+0000] {logging_mixin.py:154} INFO - [2023-11-13T08:00:12.900+0000] {dagbag.py:536} INFO - Filling up the DagBag from /home/airflow/.local/lib/python3.8/site-packages/airflow/example_dags/example_skip_dag.py
[2023-11-13T08:00:12.905+0000] {processor.py:839} INFO - DAG(s) dict_keys(['example_skip_dag']) retrieved from /home/airflow/.local/lib/python3.8/site-packages/airflow/example_dags/example_skip_dag.py
[2023-11-13T08:00:12.921+0000] {logging_mixin.py:154} INFO - [2023-11-13T08:00:12.921+0000] {dag.py:2941} INFO - Sync 1 DAGs
[2023-11-13T08:00:12.936+0000] {logging_mixin.py:154} INFO - [2023-11-13T08:00:12.936+0000] {dag.py:3722} INFO - Setting next_dagrun for example_skip_dag to 2023-11-12T08:00:12.936598+00:00, run_after=2023-11-13T08:00:12.936598+00:00
[2023-11-13T08:00:12.985+0000] {processor.py:179} INFO - Processing /home/airflow/.local/lib/python3.8/site-packages/airflow/example_dags/example_skip_dag.py took 0.090 seconds
[2023-11-13T08:00:43.565+0000] {processor.py:157} INFO - Started process (PID=633) to work on /home/airflow/.local/lib/python3.8/site-packages/airflow/example_dags/example_skip_dag.py
[2023-11-13T08:00:43.565+0000] {processor.py:829} INFO - Processing file /home/airflow/.local/lib/python3.8/site-packages/airflow/example_dags/example_skip_dag.py for tasks to queue
[2023-11-13T08:00:43.566+0000] {logging_mixin.py:154} INFO - [2023-11-13T08:00:43.566+0000] {dagbag.py:536} INFO - Filling up the DagBag from /home/airflow/.local/lib/python3.8/site-packages/airflow/example_dags/example_skip_dag.py
[2023-11-13T08:00:43.571+0000] {processor.py:839} INFO - DAG(s) dict_keys(['example_skip_dag']) retrieved from /home/airflow/.local/lib/python3.8/site-packages/airflow/example_dags/example_skip_dag.py
[2023-11-13T08:00:43.587+0000] {logging_mixin.py:154} INFO - [2023-11-13T08:00:43.586+0000] {dag.py:2941} INFO - Sync 1 DAGs
[2023-11-13T08:00:43.608+0000] {logging_mixin.py:154} INFO - [2023-11-13T08:00:43.608+0000] {dag.py:3722} INFO - Setting next_dagrun for example_skip_dag to 2023-11-12T08:00:43.608000+00:00, run_after=2023-11-13T08:00:43.608000+00:00
[2023-11-13T08:00:43.696+0000] {processor.py:179} INFO - Processing /home/airflow/.local/lib/python3.8/site-packages/airflow/example_dags/example_skip_dag.py took 0.134 seconds
[2023-11-13T08:01:13.801+0000] {processor.py:157} INFO - Started process (PID=687) to work on /home/airflow/.local/lib/python3.8/site-packages/airflow/example_dags/example_skip_dag.py
[2023-11-13T08:01:13.801+0000] {processor.py:829} INFO - Processing file /home/airflow/.local/lib/python3.8/site-packages/airflow/example_dags/example_skip_dag.py for tasks to queue
[2023-11-13T08:01:13.803+0000] {logging_mixin.py:154} INFO - [2023-11-13T08:01:13.803+0000] {dagbag.py:536} INFO - Filling up the DagBag from /home/airflow/.local/lib/python3.8/site-packages/airflow/example_dags/example_skip_dag.py
[2023-11-13T08:01:13.807+0000] {processor.py:839} INFO - DAG(s) dict_keys(['example_skip_dag']) retrieved from /home/airflow/.local/lib/python3.8/site-packages/airflow/example_dags/example_skip_dag.py
[2023-11-13T08:01:13.823+0000] {logging_mixin.py:154} INFO - [2023-11-13T08:01:13.823+0000] {dag.py:2941} INFO - Sync 1 DAGs
[2023-11-13T08:01:13.839+0000] {logging_mixin.py:154} INFO - [2023-11-13T08:01:13.839+0000] {dag.py:3722} INFO - Setting next_dagrun for example_skip_dag to 2023-11-12T08:01:13.838943+00:00, run_after=2023-11-13T08:01:13.838943+00:00
[2023-11-13T08:01:13.932+0000] {processor.py:179} INFO - Processing /home/airflow/.local/lib/python3.8/site-packages/airflow/example_dags/example_skip_dag.py took 0.133 seconds
[2023-11-13T08:01:44.390+0000] {processor.py:157} INFO - Started process (PID=741) to work on /home/airflow/.local/lib/python3.8/site-packages/airflow/example_dags/example_skip_dag.py
[2023-11-13T08:01:44.394+0000] {processor.py:829} INFO - Processing file /home/airflow/.local/lib/python3.8/site-packages/airflow/example_dags/example_skip_dag.py for tasks to queue
[2023-11-13T08:01:44.395+0000] {logging_mixin.py:154} INFO - [2023-11-13T08:01:44.395+0000] {dagbag.py:536} INFO - Filling up the DagBag from /home/airflow/.local/lib/python3.8/site-packages/airflow/example_dags/example_skip_dag.py
[2023-11-13T08:01:44.399+0000] {processor.py:839} INFO - DAG(s) dict_keys(['example_skip_dag']) retrieved from /home/airflow/.local/lib/python3.8/site-packages/airflow/example_dags/example_skip_dag.py
[2023-11-13T08:01:44.414+0000] {logging_mixin.py:154} INFO - [2023-11-13T08:01:44.414+0000] {dag.py:2941} INFO - Sync 1 DAGs
[2023-11-13T08:01:44.430+0000] {logging_mixin.py:154} INFO - [2023-11-13T08:01:44.429+0000] {dag.py:3722} INFO - Setting next_dagrun for example_skip_dag to 2023-11-12T08:01:44.429753+00:00, run_after=2023-11-13T08:01:44.429753+00:00
[2023-11-13T08:01:44.462+0000] {processor.py:179} INFO - Processing /home/airflow/.local/lib/python3.8/site-packages/airflow/example_dags/example_skip_dag.py took 0.074 seconds
[2023-11-13T08:02:14.974+0000] {processor.py:157} INFO - Started process (PID=795) to work on /home/airflow/.local/lib/python3.8/site-packages/airflow/example_dags/example_skip_dag.py
[2023-11-13T08:02:14.975+0000] {processor.py:829} INFO - Processing file /home/airflow/.local/lib/python3.8/site-packages/airflow/example_dags/example_skip_dag.py for tasks to queue
[2023-11-13T08:02:14.976+0000] {logging_mixin.py:154} INFO - [2023-11-13T08:02:14.976+0000] {dagbag.py:536} INFO - Filling up the DagBag from /home/airflow/.local/lib/python3.8/site-packages/airflow/example_dags/example_skip_dag.py
[2023-11-13T08:02:14.981+0000] {processor.py:839} INFO - DAG(s) dict_keys(['example_skip_dag']) retrieved from /home/airflow/.local/lib/python3.8/site-packages/airflow/example_dags/example_skip_dag.py
[2023-11-13T08:02:14.997+0000] {logging_mixin.py:154} INFO - [2023-11-13T08:02:14.997+0000] {dag.py:2941} INFO - Sync 1 DAGs
[2023-11-13T08:02:15.013+0000] {logging_mixin.py:154} INFO - [2023-11-13T08:02:15.013+0000] {dag.py:3722} INFO - Setting next_dagrun for example_skip_dag to 2023-11-12T08:02:15.013247+00:00, run_after=2023-11-13T08:02:15.013247+00:00
[2023-11-13T08:02:15.038+0000] {processor.py:179} INFO - Processing /home/airflow/.local/lib/python3.8/site-packages/airflow/example_dags/example_skip_dag.py took 0.066 seconds
[2023-11-13T08:02:46.592+0000] {processor.py:157} INFO - Started process (PID=849) to work on /home/airflow/.local/lib/python3.8/site-packages/airflow/example_dags/example_skip_dag.py
[2023-11-13T08:02:46.663+0000] {processor.py:829} INFO - Processing file /home/airflow/.local/lib/python3.8/site-packages/airflow/example_dags/example_skip_dag.py for tasks to queue
[2023-11-13T08:02:46.669+0000] {logging_mixin.py:154} INFO - [2023-11-13T08:02:46.668+0000] {dagbag.py:536} INFO - Filling up the DagBag from /home/airflow/.local/lib/python3.8/site-packages/airflow/example_dags/example_skip_dag.py
[2023-11-13T08:02:46.689+0000] {processor.py:839} INFO - DAG(s) dict_keys(['example_skip_dag']) retrieved from /home/airflow/.local/lib/python3.8/site-packages/airflow/example_dags/example_skip_dag.py
[2023-11-13T08:02:46.721+0000] {logging_mixin.py:154} INFO - [2023-11-13T08:02:46.721+0000] {dag.py:2941} INFO - Sync 1 DAGs
[2023-11-13T08:02:46.738+0000] {logging_mixin.py:154} INFO - [2023-11-13T08:02:46.738+0000] {dag.py:3722} INFO - Setting next_dagrun for example_skip_dag to 2023-11-12T08:02:46.738675+00:00, run_after=2023-11-13T08:02:46.738675+00:00
[2023-11-13T08:02:46.864+0000] {processor.py:179} INFO - Processing /home/airflow/.local/lib/python3.8/site-packages/airflow/example_dags/example_skip_dag.py took 0.274 seconds
[2023-11-13T08:03:17.849+0000] {processor.py:157} INFO - Started process (PID=898) to work on /home/airflow/.local/lib/python3.8/site-packages/airflow/example_dags/example_skip_dag.py
[2023-11-13T08:03:17.850+0000] {processor.py:829} INFO - Processing file /home/airflow/.local/lib/python3.8/site-packages/airflow/example_dags/example_skip_dag.py for tasks to queue
[2023-11-13T08:03:17.851+0000] {logging_mixin.py:154} INFO - [2023-11-13T08:03:17.851+0000] {dagbag.py:536} INFO - Filling up the DagBag from /home/airflow/.local/lib/python3.8/site-packages/airflow/example_dags/example_skip_dag.py
[2023-11-13T08:03:17.855+0000] {processor.py:839} INFO - DAG(s) dict_keys(['example_skip_dag']) retrieved from /home/airflow/.local/lib/python3.8/site-packages/airflow/example_dags/example_skip_dag.py
[2023-11-13T08:03:17.872+0000] {logging_mixin.py:154} INFO - [2023-11-13T08:03:17.871+0000] {dag.py:2941} INFO - Sync 1 DAGs
[2023-11-13T08:03:17.887+0000] {logging_mixin.py:154} INFO - [2023-11-13T08:03:17.887+0000] {dag.py:3722} INFO - Setting next_dagrun for example_skip_dag to 2023-11-12T08:03:17.887277+00:00, run_after=2023-11-13T08:03:17.887277+00:00
[2023-11-13T08:03:18.007+0000] {processor.py:179} INFO - Processing /home/airflow/.local/lib/python3.8/site-packages/airflow/example_dags/example_skip_dag.py took 0.160 seconds
[2023-11-13T08:03:48.700+0000] {processor.py:157} INFO - Started process (PID=950) to work on /home/airflow/.local/lib/python3.8/site-packages/airflow/example_dags/example_skip_dag.py
[2023-11-13T08:03:48.728+0000] {processor.py:829} INFO - Processing file /home/airflow/.local/lib/python3.8/site-packages/airflow/example_dags/example_skip_dag.py for tasks to queue
[2023-11-13T08:03:48.730+0000] {logging_mixin.py:154} INFO - [2023-11-13T08:03:48.730+0000] {dagbag.py:536} INFO - Filling up the DagBag from /home/airflow/.local/lib/python3.8/site-packages/airflow/example_dags/example_skip_dag.py
[2023-11-13T08:03:48.734+0000] {processor.py:839} INFO - DAG(s) dict_keys(['example_skip_dag']) retrieved from /home/airflow/.local/lib/python3.8/site-packages/airflow/example_dags/example_skip_dag.py
[2023-11-13T08:03:48.750+0000] {logging_mixin.py:154} INFO - [2023-11-13T08:03:48.750+0000] {dag.py:2941} INFO - Sync 1 DAGs
[2023-11-13T08:03:48.765+0000] {logging_mixin.py:154} INFO - [2023-11-13T08:03:48.765+0000] {dag.py:3722} INFO - Setting next_dagrun for example_skip_dag to 2023-11-12T08:03:48.765477+00:00, run_after=2023-11-13T08:03:48.765477+00:00
[2023-11-13T08:03:48.792+0000] {processor.py:179} INFO - Processing /home/airflow/.local/lib/python3.8/site-packages/airflow/example_dags/example_skip_dag.py took 0.094 seconds
[2023-11-13T08:04:19.023+0000] {processor.py:157} INFO - Started process (PID=1004) to work on /home/airflow/.local/lib/python3.8/site-packages/airflow/example_dags/example_skip_dag.py
[2023-11-13T08:04:19.024+0000] {processor.py:829} INFO - Processing file /home/airflow/.local/lib/python3.8/site-packages/airflow/example_dags/example_skip_dag.py for tasks to queue
[2023-11-13T08:04:19.025+0000] {logging_mixin.py:154} INFO - [2023-11-13T08:04:19.025+0000] {dagbag.py:536} INFO - Filling up the DagBag from /home/airflow/.local/lib/python3.8/site-packages/airflow/example_dags/example_skip_dag.py
[2023-11-13T08:04:19.030+0000] {processor.py:839} INFO - DAG(s) dict_keys(['example_skip_dag']) retrieved from /home/airflow/.local/lib/python3.8/site-packages/airflow/example_dags/example_skip_dag.py
[2023-11-13T08:04:19.044+0000] {logging_mixin.py:154} INFO - [2023-11-13T08:04:19.044+0000] {dag.py:2941} INFO - Sync 1 DAGs
[2023-11-13T08:04:19.333+0000] {logging_mixin.py:154} INFO - [2023-11-13T08:04:19.333+0000] {dag.py:3722} INFO - Setting next_dagrun for example_skip_dag to 2023-11-12T08:04:19.333551+00:00, run_after=2023-11-13T08:04:19.333551+00:00
[2023-11-13T08:04:20.019+0000] {processor.py:179} INFO - Processing /home/airflow/.local/lib/python3.8/site-packages/airflow/example_dags/example_skip_dag.py took 0.998 seconds
[2023-11-13T08:04:50.657+0000] {processor.py:157} INFO - Started process (PID=1058) to work on /home/airflow/.local/lib/python3.8/site-packages/airflow/example_dags/example_skip_dag.py
[2023-11-13T08:04:50.662+0000] {processor.py:829} INFO - Processing file /home/airflow/.local/lib/python3.8/site-packages/airflow/example_dags/example_skip_dag.py for tasks to queue
[2023-11-13T08:04:50.664+0000] {logging_mixin.py:154} INFO - [2023-11-13T08:04:50.664+0000] {dagbag.py:536} INFO - Filling up the DagBag from /home/airflow/.local/lib/python3.8/site-packages/airflow/example_dags/example_skip_dag.py
[2023-11-13T08:04:50.668+0000] {processor.py:839} INFO - DAG(s) dict_keys(['example_skip_dag']) retrieved from /home/airflow/.local/lib/python3.8/site-packages/airflow/example_dags/example_skip_dag.py
[2023-11-13T08:04:50.683+0000] {logging_mixin.py:154} INFO - [2023-11-13T08:04:50.683+0000] {dag.py:2941} INFO - Sync 1 DAGs
[2023-11-13T08:04:50.699+0000] {logging_mixin.py:154} INFO - [2023-11-13T08:04:50.699+0000] {dag.py:3722} INFO - Setting next_dagrun for example_skip_dag to 2023-11-12T08:04:50.699060+00:00, run_after=2023-11-13T08:04:50.699060+00:00
[2023-11-13T08:04:50.727+0000] {processor.py:179} INFO - Processing /home/airflow/.local/lib/python3.8/site-packages/airflow/example_dags/example_skip_dag.py took 0.073 seconds
[2023-11-13T08:05:21.366+0000] {processor.py:157} INFO - Started process (PID=1112) to work on /home/airflow/.local/lib/python3.8/site-packages/airflow/example_dags/example_skip_dag.py
[2023-11-13T08:05:21.373+0000] {processor.py:829} INFO - Processing file /home/airflow/.local/lib/python3.8/site-packages/airflow/example_dags/example_skip_dag.py for tasks to queue
[2023-11-13T08:05:21.375+0000] {logging_mixin.py:154} INFO - [2023-11-13T08:05:21.375+0000] {dagbag.py:536} INFO - Filling up the DagBag from /home/airflow/.local/lib/python3.8/site-packages/airflow/example_dags/example_skip_dag.py
[2023-11-13T08:05:21.379+0000] {processor.py:839} INFO - DAG(s) dict_keys(['example_skip_dag']) retrieved from /home/airflow/.local/lib/python3.8/site-packages/airflow/example_dags/example_skip_dag.py
[2023-11-13T08:05:21.397+0000] {logging_mixin.py:154} INFO - [2023-11-13T08:05:21.396+0000] {dag.py:2941} INFO - Sync 1 DAGs
[2023-11-13T08:05:21.413+0000] {logging_mixin.py:154} INFO - [2023-11-13T08:05:21.413+0000] {dag.py:3722} INFO - Setting next_dagrun for example_skip_dag to 2023-11-12T08:05:21.412921+00:00, run_after=2023-11-13T08:05:21.412921+00:00
[2023-11-13T08:05:21.460+0000] {processor.py:179} INFO - Processing /home/airflow/.local/lib/python3.8/site-packages/airflow/example_dags/example_skip_dag.py took 0.096 seconds
[2023-11-13T08:05:51.918+0000] {processor.py:157} INFO - Started process (PID=1166) to work on /home/airflow/.local/lib/python3.8/site-packages/airflow/example_dags/example_skip_dag.py
[2023-11-13T08:05:51.918+0000] {processor.py:829} INFO - Processing file /home/airflow/.local/lib/python3.8/site-packages/airflow/example_dags/example_skip_dag.py for tasks to queue
[2023-11-13T08:05:51.920+0000] {logging_mixin.py:154} INFO - [2023-11-13T08:05:51.920+0000] {dagbag.py:536} INFO - Filling up the DagBag from /home/airflow/.local/lib/python3.8/site-packages/airflow/example_dags/example_skip_dag.py
[2023-11-13T08:05:51.925+0000] {processor.py:839} INFO - DAG(s) dict_keys(['example_skip_dag']) retrieved from /home/airflow/.local/lib/python3.8/site-packages/airflow/example_dags/example_skip_dag.py
[2023-11-13T08:05:51.942+0000] {logging_mixin.py:154} INFO - [2023-11-13T08:05:51.942+0000] {dag.py:2941} INFO - Sync 1 DAGs
[2023-11-13T08:05:51.958+0000] {logging_mixin.py:154} INFO - [2023-11-13T08:05:51.958+0000] {dag.py:3722} INFO - Setting next_dagrun for example_skip_dag to 2023-11-12T08:05:51.957951+00:00, run_after=2023-11-13T08:05:51.957951+00:00
[2023-11-13T08:05:52.051+0000] {processor.py:179} INFO - Processing /home/airflow/.local/lib/python3.8/site-packages/airflow/example_dags/example_skip_dag.py took 0.135 seconds
[2023-11-13T08:06:22.178+0000] {processor.py:157} INFO - Started process (PID=1220) to work on /home/airflow/.local/lib/python3.8/site-packages/airflow/example_dags/example_skip_dag.py
[2023-11-13T08:06:22.203+0000] {processor.py:829} INFO - Processing file /home/airflow/.local/lib/python3.8/site-packages/airflow/example_dags/example_skip_dag.py for tasks to queue
[2023-11-13T08:06:22.204+0000] {logging_mixin.py:154} INFO - [2023-11-13T08:06:22.204+0000] {dagbag.py:536} INFO - Filling up the DagBag from /home/airflow/.local/lib/python3.8/site-packages/airflow/example_dags/example_skip_dag.py
[2023-11-13T08:06:22.209+0000] {processor.py:839} INFO - DAG(s) dict_keys(['example_skip_dag']) retrieved from /home/airflow/.local/lib/python3.8/site-packages/airflow/example_dags/example_skip_dag.py
[2023-11-13T08:06:22.225+0000] {logging_mixin.py:154} INFO - [2023-11-13T08:06:22.224+0000] {dag.py:2941} INFO - Sync 1 DAGs
[2023-11-13T08:06:22.241+0000] {logging_mixin.py:154} INFO - [2023-11-13T08:06:22.240+0000] {dag.py:3722} INFO - Setting next_dagrun for example_skip_dag to 2023-11-12T08:06:22.240713+00:00, run_after=2023-11-13T08:06:22.240713+00:00
[2023-11-13T08:06:22.380+0000] {processor.py:179} INFO - Processing /home/airflow/.local/lib/python3.8/site-packages/airflow/example_dags/example_skip_dag.py took 0.204 seconds
[2023-11-13T08:06:52.884+0000] {processor.py:157} INFO - Started process (PID=1274) to work on /home/airflow/.local/lib/python3.8/site-packages/airflow/example_dags/example_skip_dag.py
[2023-11-13T08:06:52.885+0000] {processor.py:829} INFO - Processing file /home/airflow/.local/lib/python3.8/site-packages/airflow/example_dags/example_skip_dag.py for tasks to queue
[2023-11-13T08:06:52.886+0000] {logging_mixin.py:154} INFO - [2023-11-13T08:06:52.886+0000] {dagbag.py:536} INFO - Filling up the DagBag from /home/airflow/.local/lib/python3.8/site-packages/airflow/example_dags/example_skip_dag.py
[2023-11-13T08:06:52.890+0000] {processor.py:839} INFO - DAG(s) dict_keys(['example_skip_dag']) retrieved from /home/airflow/.local/lib/python3.8/site-packages/airflow/example_dags/example_skip_dag.py
[2023-11-13T08:06:52.907+0000] {logging_mixin.py:154} INFO - [2023-11-13T08:06:52.906+0000] {dag.py:2941} INFO - Sync 1 DAGs
[2023-11-13T08:06:52.922+0000] {logging_mixin.py:154} INFO - [2023-11-13T08:06:52.922+0000] {dag.py:3722} INFO - Setting next_dagrun for example_skip_dag to 2023-11-12T08:06:52.922566+00:00, run_after=2023-11-13T08:06:52.922566+00:00
[2023-11-13T08:06:53.164+0000] {processor.py:179} INFO - Processing /home/airflow/.local/lib/python3.8/site-packages/airflow/example_dags/example_skip_dag.py took 0.282 seconds
[2023-11-13T08:07:23.488+0000] {processor.py:157} INFO - Started process (PID=1328) to work on /home/airflow/.local/lib/python3.8/site-packages/airflow/example_dags/example_skip_dag.py
[2023-11-13T08:07:23.496+0000] {processor.py:829} INFO - Processing file /home/airflow/.local/lib/python3.8/site-packages/airflow/example_dags/example_skip_dag.py for tasks to queue
[2023-11-13T08:07:23.498+0000] {logging_mixin.py:154} INFO - [2023-11-13T08:07:23.498+0000] {dagbag.py:536} INFO - Filling up the DagBag from /home/airflow/.local/lib/python3.8/site-packages/airflow/example_dags/example_skip_dag.py
[2023-11-13T08:07:23.503+0000] {processor.py:839} INFO - DAG(s) dict_keys(['example_skip_dag']) retrieved from /home/airflow/.local/lib/python3.8/site-packages/airflow/example_dags/example_skip_dag.py
[2023-11-13T08:07:23.522+0000] {logging_mixin.py:154} INFO - [2023-11-13T08:07:23.521+0000] {dag.py:2941} INFO - Sync 1 DAGs
[2023-11-13T08:07:23.631+0000] {logging_mixin.py:154} INFO - [2023-11-13T08:07:23.631+0000] {dag.py:3722} INFO - Setting next_dagrun for example_skip_dag to 2023-11-12T08:07:23.631130+00:00, run_after=2023-11-13T08:07:23.631130+00:00
[2023-11-13T08:07:23.935+0000] {processor.py:179} INFO - Processing /home/airflow/.local/lib/python3.8/site-packages/airflow/example_dags/example_skip_dag.py took 0.449 seconds
[2023-11-13T08:07:54.179+0000] {processor.py:157} INFO - Started process (PID=1382) to work on /home/airflow/.local/lib/python3.8/site-packages/airflow/example_dags/example_skip_dag.py
[2023-11-13T08:07:54.179+0000] {processor.py:829} INFO - Processing file /home/airflow/.local/lib/python3.8/site-packages/airflow/example_dags/example_skip_dag.py for tasks to queue
[2023-11-13T08:07:54.181+0000] {logging_mixin.py:154} INFO - [2023-11-13T08:07:54.181+0000] {dagbag.py:536} INFO - Filling up the DagBag from /home/airflow/.local/lib/python3.8/site-packages/airflow/example_dags/example_skip_dag.py
[2023-11-13T08:07:54.185+0000] {processor.py:839} INFO - DAG(s) dict_keys(['example_skip_dag']) retrieved from /home/airflow/.local/lib/python3.8/site-packages/airflow/example_dags/example_skip_dag.py
[2023-11-13T08:07:54.201+0000] {logging_mixin.py:154} INFO - [2023-11-13T08:07:54.201+0000] {dag.py:2941} INFO - Sync 1 DAGs
[2023-11-13T08:07:54.216+0000] {logging_mixin.py:154} INFO - [2023-11-13T08:07:54.216+0000] {dag.py:3722} INFO - Setting next_dagrun for example_skip_dag to 2023-11-12T08:07:54.216306+00:00, run_after=2023-11-13T08:07:54.216306+00:00
[2023-11-13T08:07:54.335+0000] {processor.py:179} INFO - Processing /home/airflow/.local/lib/python3.8/site-packages/airflow/example_dags/example_skip_dag.py took 0.159 seconds
[2023-11-13T08:08:25.196+0000] {processor.py:157} INFO - Started process (PID=1436) to work on /home/airflow/.local/lib/python3.8/site-packages/airflow/example_dags/example_skip_dag.py
[2023-11-13T08:08:25.201+0000] {processor.py:829} INFO - Processing file /home/airflow/.local/lib/python3.8/site-packages/airflow/example_dags/example_skip_dag.py for tasks to queue
[2023-11-13T08:08:25.202+0000] {logging_mixin.py:154} INFO - [2023-11-13T08:08:25.202+0000] {dagbag.py:536} INFO - Filling up the DagBag from /home/airflow/.local/lib/python3.8/site-packages/airflow/example_dags/example_skip_dag.py
[2023-11-13T08:08:25.207+0000] {processor.py:839} INFO - DAG(s) dict_keys(['example_skip_dag']) retrieved from /home/airflow/.local/lib/python3.8/site-packages/airflow/example_dags/example_skip_dag.py
[2023-11-13T08:08:25.223+0000] {logging_mixin.py:154} INFO - [2023-11-13T08:08:25.223+0000] {dag.py:2941} INFO - Sync 1 DAGs
[2023-11-13T08:08:25.239+0000] {logging_mixin.py:154} INFO - [2023-11-13T08:08:25.239+0000] {dag.py:3722} INFO - Setting next_dagrun for example_skip_dag to 2023-11-12T08:08:25.239457+00:00, run_after=2023-11-13T08:08:25.239457+00:00
[2023-11-13T08:08:25.274+0000] {processor.py:179} INFO - Processing /home/airflow/.local/lib/python3.8/site-packages/airflow/example_dags/example_skip_dag.py took 0.080 seconds
[2023-11-13T08:08:55.481+0000] {processor.py:157} INFO - Started process (PID=1490) to work on /home/airflow/.local/lib/python3.8/site-packages/airflow/example_dags/example_skip_dag.py
[2023-11-13T08:08:55.482+0000] {processor.py:829} INFO - Processing file /home/airflow/.local/lib/python3.8/site-packages/airflow/example_dags/example_skip_dag.py for tasks to queue
[2023-11-13T08:08:55.483+0000] {logging_mixin.py:154} INFO - [2023-11-13T08:08:55.483+0000] {dagbag.py:536} INFO - Filling up the DagBag from /home/airflow/.local/lib/python3.8/site-packages/airflow/example_dags/example_skip_dag.py
[2023-11-13T08:08:55.488+0000] {processor.py:839} INFO - DAG(s) dict_keys(['example_skip_dag']) retrieved from /home/airflow/.local/lib/python3.8/site-packages/airflow/example_dags/example_skip_dag.py
[2023-11-13T08:08:55.505+0000] {logging_mixin.py:154} INFO - [2023-11-13T08:08:55.504+0000] {dag.py:2941} INFO - Sync 1 DAGs
[2023-11-13T08:08:55.613+0000] {logging_mixin.py:154} INFO - [2023-11-13T08:08:55.613+0000] {dag.py:3722} INFO - Setting next_dagrun for example_skip_dag to 2023-11-12T08:08:55.613582+00:00, run_after=2023-11-13T08:08:55.613582+00:00
[2023-11-13T08:08:55.646+0000] {processor.py:179} INFO - Processing /home/airflow/.local/lib/python3.8/site-packages/airflow/example_dags/example_skip_dag.py took 0.167 seconds
[2023-11-13T08:09:26.075+0000] {processor.py:157} INFO - Started process (PID=1544) to work on /home/airflow/.local/lib/python3.8/site-packages/airflow/example_dags/example_skip_dag.py
[2023-11-13T08:09:26.154+0000] {processor.py:829} INFO - Processing file /home/airflow/.local/lib/python3.8/site-packages/airflow/example_dags/example_skip_dag.py for tasks to queue
[2023-11-13T08:09:26.160+0000] {logging_mixin.py:154} INFO - [2023-11-13T08:09:26.159+0000] {dagbag.py:536} INFO - Filling up the DagBag from /home/airflow/.local/lib/python3.8/site-packages/airflow/example_dags/example_skip_dag.py
[2023-11-13T08:09:26.181+0000] {processor.py:839} INFO - DAG(s) dict_keys(['example_skip_dag']) retrieved from /home/airflow/.local/lib/python3.8/site-packages/airflow/example_dags/example_skip_dag.py
[2023-11-13T08:09:26.211+0000] {logging_mixin.py:154} INFO - [2023-11-13T08:09:26.211+0000] {dag.py:2941} INFO - Sync 1 DAGs
[2023-11-13T08:09:26.228+0000] {logging_mixin.py:154} INFO - [2023-11-13T08:09:26.227+0000] {dag.py:3722} INFO - Setting next_dagrun for example_skip_dag to 2023-11-12T08:09:26.227717+00:00, run_after=2023-11-13T08:09:26.227717+00:00
[2023-11-13T08:09:26.975+0000] {processor.py:179} INFO - Processing /home/airflow/.local/lib/python3.8/site-packages/airflow/example_dags/example_skip_dag.py took 0.903 seconds
[2023-11-13T08:09:57.615+0000] {processor.py:157} INFO - Started process (PID=1599) to work on /home/airflow/.local/lib/python3.8/site-packages/airflow/example_dags/example_skip_dag.py
[2023-11-13T08:09:57.622+0000] {processor.py:829} INFO - Processing file /home/airflow/.local/lib/python3.8/site-packages/airflow/example_dags/example_skip_dag.py for tasks to queue
[2023-11-13T08:09:57.627+0000] {logging_mixin.py:154} INFO - [2023-11-13T08:09:57.626+0000] {dagbag.py:536} INFO - Filling up the DagBag from /home/airflow/.local/lib/python3.8/site-packages/airflow/example_dags/example_skip_dag.py
[2023-11-13T08:09:57.631+0000] {processor.py:839} INFO - DAG(s) dict_keys(['example_skip_dag']) retrieved from /home/airflow/.local/lib/python3.8/site-packages/airflow/example_dags/example_skip_dag.py
[2023-11-13T08:09:57.647+0000] {logging_mixin.py:154} INFO - [2023-11-13T08:09:57.647+0000] {dag.py:2941} INFO - Sync 1 DAGs
[2023-11-13T08:09:57.662+0000] {logging_mixin.py:154} INFO - [2023-11-13T08:09:57.662+0000] {dag.py:3722} INFO - Setting next_dagrun for example_skip_dag to 2023-11-12T08:09:57.662375+00:00, run_after=2023-11-13T08:09:57.662375+00:00
[2023-11-13T08:09:58.235+0000] {processor.py:179} INFO - Processing /home/airflow/.local/lib/python3.8/site-packages/airflow/example_dags/example_skip_dag.py took 0.623 seconds
[2023-11-13T08:10:28.992+0000] {processor.py:157} INFO - Started process (PID=1653) to work on /home/airflow/.local/lib/python3.8/site-packages/airflow/example_dags/example_skip_dag.py
[2023-11-13T08:10:28.992+0000] {processor.py:829} INFO - Processing file /home/airflow/.local/lib/python3.8/site-packages/airflow/example_dags/example_skip_dag.py for tasks to queue
[2023-11-13T08:10:28.994+0000] {logging_mixin.py:154} INFO - [2023-11-13T08:10:28.993+0000] {dagbag.py:536} INFO - Filling up the DagBag from /home/airflow/.local/lib/python3.8/site-packages/airflow/example_dags/example_skip_dag.py
[2023-11-13T08:10:28.998+0000] {processor.py:839} INFO - DAG(s) dict_keys(['example_skip_dag']) retrieved from /home/airflow/.local/lib/python3.8/site-packages/airflow/example_dags/example_skip_dag.py
[2023-11-13T08:10:29.012+0000] {logging_mixin.py:154} INFO - [2023-11-13T08:10:29.012+0000] {dag.py:2941} INFO - Sync 1 DAGs
[2023-11-13T08:10:29.026+0000] {logging_mixin.py:154} INFO - [2023-11-13T08:10:29.026+0000] {dag.py:3722} INFO - Setting next_dagrun for example_skip_dag to 2023-11-12T08:10:29.025976+00:00, run_after=2023-11-13T08:10:29.025976+00:00
[2023-11-13T08:10:30.239+0000] {processor.py:179} INFO - Processing /home/airflow/.local/lib/python3.8/site-packages/airflow/example_dags/example_skip_dag.py took 1.250 seconds
[2023-11-13T08:11:00.493+0000] {processor.py:157} INFO - Started process (PID=1707) to work on /home/airflow/.local/lib/python3.8/site-packages/airflow/example_dags/example_skip_dag.py
[2023-11-13T08:11:00.502+0000] {processor.py:829} INFO - Processing file /home/airflow/.local/lib/python3.8/site-packages/airflow/example_dags/example_skip_dag.py for tasks to queue
[2023-11-13T08:11:00.504+0000] {logging_mixin.py:154} INFO - [2023-11-13T08:11:00.503+0000] {dagbag.py:536} INFO - Filling up the DagBag from /home/airflow/.local/lib/python3.8/site-packages/airflow/example_dags/example_skip_dag.py
[2023-11-13T08:11:00.508+0000] {processor.py:839} INFO - DAG(s) dict_keys(['example_skip_dag']) retrieved from /home/airflow/.local/lib/python3.8/site-packages/airflow/example_dags/example_skip_dag.py
[2023-11-13T08:11:00.523+0000] {logging_mixin.py:154} INFO - [2023-11-13T08:11:00.523+0000] {dag.py:2941} INFO - Sync 1 DAGs
[2023-11-13T08:11:00.538+0000] {logging_mixin.py:154} INFO - [2023-11-13T08:11:00.538+0000] {dag.py:3722} INFO - Setting next_dagrun for example_skip_dag to 2023-11-12T08:11:00.538303+00:00, run_after=2023-11-13T08:11:00.538303+00:00
[2023-11-13T08:11:02.753+0000] {processor.py:179} INFO - Processing /home/airflow/.local/lib/python3.8/site-packages/airflow/example_dags/example_skip_dag.py took 2.263 seconds
[2023-11-13T08:11:33.621+0000] {processor.py:157} INFO - Started process (PID=1769) to work on /home/airflow/.local/lib/python3.8/site-packages/airflow/example_dags/example_skip_dag.py
[2023-11-13T08:11:33.622+0000] {processor.py:829} INFO - Processing file /home/airflow/.local/lib/python3.8/site-packages/airflow/example_dags/example_skip_dag.py for tasks to queue
[2023-11-13T08:11:33.624+0000] {logging_mixin.py:154} INFO - [2023-11-13T08:11:33.624+0000] {dagbag.py:536} INFO - Filling up the DagBag from /home/airflow/.local/lib/python3.8/site-packages/airflow/example_dags/example_skip_dag.py
[2023-11-13T08:11:33.628+0000] {processor.py:839} INFO - DAG(s) dict_keys(['example_skip_dag']) retrieved from /home/airflow/.local/lib/python3.8/site-packages/airflow/example_dags/example_skip_dag.py
[2023-11-13T08:11:33.689+0000] {logging_mixin.py:154} INFO - [2023-11-13T08:11:33.689+0000] {dag.py:2941} INFO - Sync 1 DAGs
[2023-11-13T08:11:33.708+0000] {logging_mixin.py:154} INFO - [2023-11-13T08:11:33.708+0000] {dag.py:3722} INFO - Setting next_dagrun for example_skip_dag to 2023-11-12T08:11:33.707785+00:00, run_after=2023-11-13T08:11:33.707785+00:00
[2023-11-13T08:11:33.784+0000] {processor.py:179} INFO - Processing /home/airflow/.local/lib/python3.8/site-packages/airflow/example_dags/example_skip_dag.py took 0.165 seconds
[2023-11-13T08:12:04.447+0000] {processor.py:157} INFO - Started process (PID=1823) to work on /home/airflow/.local/lib/python3.8/site-packages/airflow/example_dags/example_skip_dag.py
[2023-11-13T08:12:04.451+0000] {processor.py:829} INFO - Processing file /home/airflow/.local/lib/python3.8/site-packages/airflow/example_dags/example_skip_dag.py for tasks to queue
[2023-11-13T08:12:04.453+0000] {logging_mixin.py:154} INFO - [2023-11-13T08:12:04.453+0000] {dagbag.py:536} INFO - Filling up the DagBag from /home/airflow/.local/lib/python3.8/site-packages/airflow/example_dags/example_skip_dag.py
[2023-11-13T08:12:04.457+0000] {processor.py:839} INFO - DAG(s) dict_keys(['example_skip_dag']) retrieved from /home/airflow/.local/lib/python3.8/site-packages/airflow/example_dags/example_skip_dag.py
[2023-11-13T08:12:04.473+0000] {logging_mixin.py:154} INFO - [2023-11-13T08:12:04.473+0000] {dag.py:2941} INFO - Sync 1 DAGs
[2023-11-13T08:12:04.488+0000] {logging_mixin.py:154} INFO - [2023-11-13T08:12:04.487+0000] {dag.py:3722} INFO - Setting next_dagrun for example_skip_dag to 2023-11-12T08:12:04.487712+00:00, run_after=2023-11-13T08:12:04.487712+00:00
[2023-11-13T08:12:04.516+0000] {processor.py:179} INFO - Processing /home/airflow/.local/lib/python3.8/site-packages/airflow/example_dags/example_skip_dag.py took 0.072 seconds
[2023-11-13T08:12:35.119+0000] {processor.py:157} INFO - Started process (PID=1870) to work on /home/airflow/.local/lib/python3.8/site-packages/airflow/example_dags/example_skip_dag.py
[2023-11-13T08:12:35.119+0000] {processor.py:829} INFO - Processing file /home/airflow/.local/lib/python3.8/site-packages/airflow/example_dags/example_skip_dag.py for tasks to queue
[2023-11-13T08:12:35.121+0000] {logging_mixin.py:154} INFO - [2023-11-13T08:12:35.121+0000] {dagbag.py:536} INFO - Filling up the DagBag from /home/airflow/.local/lib/python3.8/site-packages/airflow/example_dags/example_skip_dag.py
[2023-11-13T08:12:35.129+0000] {processor.py:839} INFO - DAG(s) dict_keys(['example_skip_dag']) retrieved from /home/airflow/.local/lib/python3.8/site-packages/airflow/example_dags/example_skip_dag.py
[2023-11-13T08:12:35.145+0000] {logging_mixin.py:154} INFO - [2023-11-13T08:12:35.145+0000] {dag.py:2941} INFO - Sync 1 DAGs
[2023-11-13T08:12:35.161+0000] {logging_mixin.py:154} INFO - [2023-11-13T08:12:35.161+0000] {dag.py:3722} INFO - Setting next_dagrun for example_skip_dag to 2023-11-12T08:12:35.161568+00:00, run_after=2023-11-13T08:12:35.161568+00:00
[2023-11-13T08:12:35.202+0000] {processor.py:179} INFO - Processing /home/airflow/.local/lib/python3.8/site-packages/airflow/example_dags/example_skip_dag.py took 0.086 seconds
[2023-11-13T08:13:05.820+0000] {processor.py:157} INFO - Started process (PID=1930) to work on /home/airflow/.local/lib/python3.8/site-packages/airflow/example_dags/example_skip_dag.py
[2023-11-13T08:13:07.021+0000] {processor.py:829} INFO - Processing file /home/airflow/.local/lib/python3.8/site-packages/airflow/example_dags/example_skip_dag.py for tasks to queue
[2023-11-13T08:13:07.026+0000] {logging_mixin.py:154} INFO - [2023-11-13T08:13:07.026+0000] {dagbag.py:536} INFO - Filling up the DagBag from /home/airflow/.local/lib/python3.8/site-packages/airflow/example_dags/example_skip_dag.py
[2023-11-13T08:13:07.030+0000] {processor.py:839} INFO - DAG(s) dict_keys(['example_skip_dag']) retrieved from /home/airflow/.local/lib/python3.8/site-packages/airflow/example_dags/example_skip_dag.py
[2023-11-13T08:13:07.043+0000] {logging_mixin.py:154} INFO - [2023-11-13T08:13:07.043+0000] {dag.py:2941} INFO - Sync 1 DAGs
[2023-11-13T08:13:07.060+0000] {logging_mixin.py:154} INFO - [2023-11-13T08:13:07.060+0000] {dag.py:3722} INFO - Setting next_dagrun for example_skip_dag to 2023-11-12T08:13:07.060581+00:00, run_after=2023-11-13T08:13:07.060581+00:00
[2023-11-13T08:13:08.893+0000] {processor.py:179} INFO - Processing /home/airflow/.local/lib/python3.8/site-packages/airflow/example_dags/example_skip_dag.py took 3.076 seconds
[2023-11-13T08:13:38.936+0000] {processor.py:157} INFO - Started process (PID=1977) to work on /home/airflow/.local/lib/python3.8/site-packages/airflow/example_dags/example_skip_dag.py
[2023-11-13T08:13:39.036+0000] {processor.py:829} INFO - Processing file /home/airflow/.local/lib/python3.8/site-packages/airflow/example_dags/example_skip_dag.py for tasks to queue
[2023-11-13T08:13:39.041+0000] {logging_mixin.py:154} INFO - [2023-11-13T08:13:39.041+0000] {dagbag.py:536} INFO - Filling up the DagBag from /home/airflow/.local/lib/python3.8/site-packages/airflow/example_dags/example_skip_dag.py
[2023-11-13T08:13:39.045+0000] {processor.py:839} INFO - DAG(s) dict_keys(['example_skip_dag']) retrieved from /home/airflow/.local/lib/python3.8/site-packages/airflow/example_dags/example_skip_dag.py
[2023-11-13T08:13:39.061+0000] {logging_mixin.py:154} INFO - [2023-11-13T08:13:39.061+0000] {dag.py:2941} INFO - Sync 1 DAGs
[2023-11-13T08:13:39.076+0000] {logging_mixin.py:154} INFO - [2023-11-13T08:13:39.076+0000] {dag.py:3722} INFO - Setting next_dagrun for example_skip_dag to 2023-11-12T08:13:39.076164+00:00, run_after=2023-11-13T08:13:39.076164+00:00
[2023-11-13T08:13:39.148+0000] {processor.py:179} INFO - Processing /home/airflow/.local/lib/python3.8/site-packages/airflow/example_dags/example_skip_dag.py took 0.214 seconds
[2023-11-13T08:14:09.235+0000] {processor.py:157} INFO - Started process (PID=2031) to work on /home/airflow/.local/lib/python3.8/site-packages/airflow/example_dags/example_skip_dag.py
[2023-11-13T08:14:09.235+0000] {processor.py:829} INFO - Processing file /home/airflow/.local/lib/python3.8/site-packages/airflow/example_dags/example_skip_dag.py for tasks to queue
[2023-11-13T08:14:09.237+0000] {logging_mixin.py:154} INFO - [2023-11-13T08:14:09.237+0000] {dagbag.py:536} INFO - Filling up the DagBag from /home/airflow/.local/lib/python3.8/site-packages/airflow/example_dags/example_skip_dag.py
[2023-11-13T08:14:09.241+0000] {processor.py:839} INFO - DAG(s) dict_keys(['example_skip_dag']) retrieved from /home/airflow/.local/lib/python3.8/site-packages/airflow/example_dags/example_skip_dag.py
[2023-11-13T08:14:09.257+0000] {logging_mixin.py:154} INFO - [2023-11-13T08:14:09.257+0000] {dag.py:2941} INFO - Sync 1 DAGs
[2023-11-13T08:14:09.272+0000] {logging_mixin.py:154} INFO - [2023-11-13T08:14:09.272+0000] {dag.py:3722} INFO - Setting next_dagrun for example_skip_dag to 2023-11-12T08:14:09.272239+00:00, run_after=2023-11-13T08:14:09.272239+00:00
[2023-11-13T08:14:09.308+0000] {processor.py:179} INFO - Processing /home/airflow/.local/lib/python3.8/site-packages/airflow/example_dags/example_skip_dag.py took 0.075 seconds
[2023-11-13T08:14:39.424+0000] {processor.py:157} INFO - Started process (PID=2085) to work on /home/airflow/.local/lib/python3.8/site-packages/airflow/example_dags/example_skip_dag.py
[2023-11-13T08:14:39.433+0000] {processor.py:829} INFO - Processing file /home/airflow/.local/lib/python3.8/site-packages/airflow/example_dags/example_skip_dag.py for tasks to queue
[2023-11-13T08:14:39.435+0000] {logging_mixin.py:154} INFO - [2023-11-13T08:14:39.435+0000] {dagbag.py:536} INFO - Filling up the DagBag from /home/airflow/.local/lib/python3.8/site-packages/airflow/example_dags/example_skip_dag.py
[2023-11-13T08:14:39.439+0000] {processor.py:839} INFO - DAG(s) dict_keys(['example_skip_dag']) retrieved from /home/airflow/.local/lib/python3.8/site-packages/airflow/example_dags/example_skip_dag.py
[2023-11-13T08:14:39.453+0000] {logging_mixin.py:154} INFO - [2023-11-13T08:14:39.453+0000] {dag.py:2941} INFO - Sync 1 DAGs
[2023-11-13T08:14:39.467+0000] {logging_mixin.py:154} INFO - [2023-11-13T08:14:39.467+0000] {dag.py:3722} INFO - Setting next_dagrun for example_skip_dag to 2023-11-12T08:14:39.467329+00:00, run_after=2023-11-13T08:14:39.467329+00:00
[2023-11-13T08:14:41.027+0000] {processor.py:179} INFO - Processing /home/airflow/.local/lib/python3.8/site-packages/airflow/example_dags/example_skip_dag.py took 1.605 seconds
[2023-11-13T08:15:12.018+0000] {processor.py:157} INFO - Started process (PID=2146) to work on /home/airflow/.local/lib/python3.8/site-packages/airflow/example_dags/example_skip_dag.py
[2023-11-13T08:15:12.028+0000] {processor.py:829} INFO - Processing file /home/airflow/.local/lib/python3.8/site-packages/airflow/example_dags/example_skip_dag.py for tasks to queue
[2023-11-13T08:15:12.030+0000] {logging_mixin.py:154} INFO - [2023-11-13T08:15:12.030+0000] {dagbag.py:536} INFO - Filling up the DagBag from /home/airflow/.local/lib/python3.8/site-packages/airflow/example_dags/example_skip_dag.py
[2023-11-13T08:15:12.034+0000] {processor.py:839} INFO - DAG(s) dict_keys(['example_skip_dag']) retrieved from /home/airflow/.local/lib/python3.8/site-packages/airflow/example_dags/example_skip_dag.py
[2023-11-13T08:15:12.050+0000] {logging_mixin.py:154} INFO - [2023-11-13T08:15:12.050+0000] {dag.py:2941} INFO - Sync 1 DAGs
[2023-11-13T08:15:12.065+0000] {logging_mixin.py:154} INFO - [2023-11-13T08:15:12.065+0000] {dag.py:3722} INFO - Setting next_dagrun for example_skip_dag to 2023-11-12T08:15:12.065160+00:00, run_after=2023-11-13T08:15:12.065160+00:00
[2023-11-13T08:15:12.109+0000] {processor.py:179} INFO - Processing /home/airflow/.local/lib/python3.8/site-packages/airflow/example_dags/example_skip_dag.py took 0.093 seconds
[2023-11-13T08:15:42.586+0000] {processor.py:157} INFO - Started process (PID=2200) to work on /home/airflow/.local/lib/python3.8/site-packages/airflow/example_dags/example_skip_dag.py
[2023-11-13T08:15:42.586+0000] {processor.py:829} INFO - Processing file /home/airflow/.local/lib/python3.8/site-packages/airflow/example_dags/example_skip_dag.py for tasks to queue
[2023-11-13T08:15:42.588+0000] {logging_mixin.py:154} INFO - [2023-11-13T08:15:42.588+0000] {dagbag.py:536} INFO - Filling up the DagBag from /home/airflow/.local/lib/python3.8/site-packages/airflow/example_dags/example_skip_dag.py
[2023-11-13T08:15:42.593+0000] {processor.py:839} INFO - DAG(s) dict_keys(['example_skip_dag']) retrieved from /home/airflow/.local/lib/python3.8/site-packages/airflow/example_dags/example_skip_dag.py
[2023-11-13T08:15:42.609+0000] {logging_mixin.py:154} INFO - [2023-11-13T08:15:42.609+0000] {dag.py:2941} INFO - Sync 1 DAGs
[2023-11-13T08:15:42.623+0000] {logging_mixin.py:154} INFO - [2023-11-13T08:15:42.623+0000] {dag.py:3722} INFO - Setting next_dagrun for example_skip_dag to 2023-11-12T08:15:42.623677+00:00, run_after=2023-11-13T08:15:42.623677+00:00
[2023-11-13T08:15:42.656+0000] {processor.py:179} INFO - Processing /home/airflow/.local/lib/python3.8/site-packages/airflow/example_dags/example_skip_dag.py took 0.072 seconds
[2023-11-13T08:16:12.974+0000] {processor.py:157} INFO - Started process (PID=2254) to work on /home/airflow/.local/lib/python3.8/site-packages/airflow/example_dags/example_skip_dag.py
[2023-11-13T08:16:12.985+0000] {processor.py:829} INFO - Processing file /home/airflow/.local/lib/python3.8/site-packages/airflow/example_dags/example_skip_dag.py for tasks to queue
[2023-11-13T08:16:12.987+0000] {logging_mixin.py:154} INFO - [2023-11-13T08:16:12.986+0000] {dagbag.py:536} INFO - Filling up the DagBag from /home/airflow/.local/lib/python3.8/site-packages/airflow/example_dags/example_skip_dag.py
[2023-11-13T08:16:12.991+0000] {processor.py:839} INFO - DAG(s) dict_keys(['example_skip_dag']) retrieved from /home/airflow/.local/lib/python3.8/site-packages/airflow/example_dags/example_skip_dag.py
[2023-11-13T08:16:13.007+0000] {logging_mixin.py:154} INFO - [2023-11-13T08:16:13.007+0000] {dag.py:2941} INFO - Sync 1 DAGs
[2023-11-13T08:16:13.022+0000] {logging_mixin.py:154} INFO - [2023-11-13T08:16:13.022+0000] {dag.py:3722} INFO - Setting next_dagrun for example_skip_dag to 2023-11-12T08:16:13.022196+00:00, run_after=2023-11-13T08:16:13.022196+00:00
[2023-11-13T08:16:13.052+0000] {processor.py:179} INFO - Processing /home/airflow/.local/lib/python3.8/site-packages/airflow/example_dags/example_skip_dag.py took 0.080 seconds
[2023-11-13T08:16:43.092+0000] {processor.py:157} INFO - Started process (PID=2308) to work on /home/airflow/.local/lib/python3.8/site-packages/airflow/example_dags/example_skip_dag.py
[2023-11-13T08:16:43.092+0000] {processor.py:829} INFO - Processing file /home/airflow/.local/lib/python3.8/site-packages/airflow/example_dags/example_skip_dag.py for tasks to queue
[2023-11-13T08:16:43.094+0000] {logging_mixin.py:154} INFO - [2023-11-13T08:16:43.094+0000] {dagbag.py:536} INFO - Filling up the DagBag from /home/airflow/.local/lib/python3.8/site-packages/airflow/example_dags/example_skip_dag.py
[2023-11-13T08:16:43.098+0000] {processor.py:839} INFO - DAG(s) dict_keys(['example_skip_dag']) retrieved from /home/airflow/.local/lib/python3.8/site-packages/airflow/example_dags/example_skip_dag.py
[2023-11-13T08:16:43.115+0000] {logging_mixin.py:154} INFO - [2023-11-13T08:16:43.115+0000] {dag.py:2941} INFO - Sync 1 DAGs
[2023-11-13T08:16:43.131+0000] {logging_mixin.py:154} INFO - [2023-11-13T08:16:43.131+0000] {dag.py:3722} INFO - Setting next_dagrun for example_skip_dag to 2023-11-12T08:16:43.131583+00:00, run_after=2023-11-13T08:16:43.131583+00:00
[2023-11-13T08:16:43.760+0000] {processor.py:179} INFO - Processing /home/airflow/.local/lib/python3.8/site-packages/airflow/example_dags/example_skip_dag.py took 0.670 seconds
[2023-11-13T08:17:14.626+0000] {processor.py:157} INFO - Started process (PID=2362) to work on /home/airflow/.local/lib/python3.8/site-packages/airflow/example_dags/example_skip_dag.py
[2023-11-13T08:17:15.723+0000] {processor.py:829} INFO - Processing file /home/airflow/.local/lib/python3.8/site-packages/airflow/example_dags/example_skip_dag.py for tasks to queue
[2023-11-13T08:17:15.724+0000] {logging_mixin.py:154} INFO - [2023-11-13T08:17:15.724+0000] {dagbag.py:536} INFO - Filling up the DagBag from /home/airflow/.local/lib/python3.8/site-packages/airflow/example_dags/example_skip_dag.py
[2023-11-13T08:17:15.729+0000] {processor.py:839} INFO - DAG(s) dict_keys(['example_skip_dag']) retrieved from /home/airflow/.local/lib/python3.8/site-packages/airflow/example_dags/example_skip_dag.py
[2023-11-13T08:17:15.745+0000] {logging_mixin.py:154} INFO - [2023-11-13T08:17:15.745+0000] {dag.py:2941} INFO - Sync 1 DAGs
[2023-11-13T08:17:15.760+0000] {logging_mixin.py:154} INFO - [2023-11-13T08:17:15.760+0000] {dag.py:3722} INFO - Setting next_dagrun for example_skip_dag to 2023-11-12T08:17:15.760432+00:00, run_after=2023-11-13T08:17:15.760432+00:00
[2023-11-13T08:17:16.194+0000] {processor.py:179} INFO - Processing /home/airflow/.local/lib/python3.8/site-packages/airflow/example_dags/example_skip_dag.py took 1.571 seconds
[2023-11-13T08:17:46.493+0000] {processor.py:157} INFO - Started process (PID=2409) to work on /home/airflow/.local/lib/python3.8/site-packages/airflow/example_dags/example_skip_dag.py
[2023-11-13T08:17:46.494+0000] {processor.py:829} INFO - Processing file /home/airflow/.local/lib/python3.8/site-packages/airflow/example_dags/example_skip_dag.py for tasks to queue
[2023-11-13T08:17:46.496+0000] {logging_mixin.py:154} INFO - [2023-11-13T08:17:46.496+0000] {dagbag.py:536} INFO - Filling up the DagBag from /home/airflow/.local/lib/python3.8/site-packages/airflow/example_dags/example_skip_dag.py
[2023-11-13T08:17:46.500+0000] {processor.py:839} INFO - DAG(s) dict_keys(['example_skip_dag']) retrieved from /home/airflow/.local/lib/python3.8/site-packages/airflow/example_dags/example_skip_dag.py
[2023-11-13T08:17:46.515+0000] {logging_mixin.py:154} INFO - [2023-11-13T08:17:46.515+0000] {dag.py:2941} INFO - Sync 1 DAGs
[2023-11-13T08:17:46.529+0000] {logging_mixin.py:154} INFO - [2023-11-13T08:17:46.529+0000] {dag.py:3722} INFO - Setting next_dagrun for example_skip_dag to 2023-11-12T08:17:46.529457+00:00, run_after=2023-11-13T08:17:46.529457+00:00
[2023-11-13T08:17:46.563+0000] {processor.py:179} INFO - Processing /home/airflow/.local/lib/python3.8/site-packages/airflow/example_dags/example_skip_dag.py took 0.072 seconds
[2023-11-13T08:18:16.669+0000] {processor.py:157} INFO - Started process (PID=2463) to work on /home/airflow/.local/lib/python3.8/site-packages/airflow/example_dags/example_skip_dag.py
[2023-11-13T08:18:16.669+0000] {processor.py:829} INFO - Processing file /home/airflow/.local/lib/python3.8/site-packages/airflow/example_dags/example_skip_dag.py for tasks to queue
[2023-11-13T08:18:16.671+0000] {logging_mixin.py:154} INFO - [2023-11-13T08:18:16.670+0000] {dagbag.py:536} INFO - Filling up the DagBag from /home/airflow/.local/lib/python3.8/site-packages/airflow/example_dags/example_skip_dag.py
[2023-11-13T08:18:16.675+0000] {processor.py:839} INFO - DAG(s) dict_keys(['example_skip_dag']) retrieved from /home/airflow/.local/lib/python3.8/site-packages/airflow/example_dags/example_skip_dag.py
[2023-11-13T08:18:16.690+0000] {logging_mixin.py:154} INFO - [2023-11-13T08:18:16.690+0000] {dag.py:2941} INFO - Sync 1 DAGs
[2023-11-13T08:18:16.705+0000] {logging_mixin.py:154} INFO - [2023-11-13T08:18:16.704+0000] {dag.py:3722} INFO - Setting next_dagrun for example_skip_dag to 2023-11-12T08:18:16.704796+00:00, run_after=2023-11-13T08:18:16.704796+00:00
[2023-11-13T08:18:16.737+0000] {processor.py:179} INFO - Processing /home/airflow/.local/lib/python3.8/site-packages/airflow/example_dags/example_skip_dag.py took 0.070 seconds
[2023-11-13T08:18:46.760+0000] {processor.py:157} INFO - Started process (PID=2517) to work on /home/airflow/.local/lib/python3.8/site-packages/airflow/example_dags/example_skip_dag.py
[2023-11-13T08:18:47.778+0000] {processor.py:829} INFO - Processing file /home/airflow/.local/lib/python3.8/site-packages/airflow/example_dags/example_skip_dag.py for tasks to queue
[2023-11-13T08:18:47.780+0000] {logging_mixin.py:154} INFO - [2023-11-13T08:18:47.780+0000] {dagbag.py:536} INFO - Filling up the DagBag from /home/airflow/.local/lib/python3.8/site-packages/airflow/example_dags/example_skip_dag.py
[2023-11-13T08:18:47.788+0000] {processor.py:839} INFO - DAG(s) dict_keys(['example_skip_dag']) retrieved from /home/airflow/.local/lib/python3.8/site-packages/airflow/example_dags/example_skip_dag.py
[2023-11-13T08:18:47.803+0000] {logging_mixin.py:154} INFO - [2023-11-13T08:18:47.803+0000] {dag.py:2941} INFO - Sync 1 DAGs
[2023-11-13T08:18:47.818+0000] {logging_mixin.py:154} INFO - [2023-11-13T08:18:47.818+0000] {dag.py:3722} INFO - Setting next_dagrun for example_skip_dag to 2023-11-12T08:18:47.818379+00:00, run_after=2023-11-13T08:18:47.818379+00:00
[2023-11-13T08:18:47.849+0000] {processor.py:179} INFO - Processing /home/airflow/.local/lib/python3.8/site-packages/airflow/example_dags/example_skip_dag.py took 1.091 seconds
[2023-11-13T08:19:18.324+0000] {processor.py:157} INFO - Started process (PID=2578) to work on /home/airflow/.local/lib/python3.8/site-packages/airflow/example_dags/example_skip_dag.py
[2023-11-13T08:19:18.324+0000] {processor.py:829} INFO - Processing file /home/airflow/.local/lib/python3.8/site-packages/airflow/example_dags/example_skip_dag.py for tasks to queue
[2023-11-13T08:19:18.326+0000] {logging_mixin.py:154} INFO - [2023-11-13T08:19:18.326+0000] {dagbag.py:536} INFO - Filling up the DagBag from /home/airflow/.local/lib/python3.8/site-packages/airflow/example_dags/example_skip_dag.py
[2023-11-13T08:19:18.330+0000] {processor.py:839} INFO - DAG(s) dict_keys(['example_skip_dag']) retrieved from /home/airflow/.local/lib/python3.8/site-packages/airflow/example_dags/example_skip_dag.py
[2023-11-13T08:19:18.346+0000] {logging_mixin.py:154} INFO - [2023-11-13T08:19:18.346+0000] {dag.py:2941} INFO - Sync 1 DAGs
[2023-11-13T08:19:18.361+0000] {logging_mixin.py:154} INFO - [2023-11-13T08:19:18.361+0000] {dag.py:3722} INFO - Setting next_dagrun for example_skip_dag to 2023-11-12T08:19:18.361649+00:00, run_after=2023-11-13T08:19:18.361649+00:00
[2023-11-13T08:19:19.920+0000] {processor.py:179} INFO - Processing /home/airflow/.local/lib/python3.8/site-packages/airflow/example_dags/example_skip_dag.py took 1.598 seconds
[2023-11-13T08:19:50.492+0000] {processor.py:157} INFO - Started process (PID=2632) to work on /home/airflow/.local/lib/python3.8/site-packages/airflow/example_dags/example_skip_dag.py
[2023-11-13T08:19:51.167+0000] {processor.py:829} INFO - Processing file /home/airflow/.local/lib/python3.8/site-packages/airflow/example_dags/example_skip_dag.py for tasks to queue
[2023-11-13T08:19:51.173+0000] {logging_mixin.py:154} INFO - [2023-11-13T08:19:51.172+0000] {dagbag.py:536} INFO - Filling up the DagBag from /home/airflow/.local/lib/python3.8/site-packages/airflow/example_dags/example_skip_dag.py
[2023-11-13T08:19:51.177+0000] {processor.py:839} INFO - DAG(s) dict_keys(['example_skip_dag']) retrieved from /home/airflow/.local/lib/python3.8/site-packages/airflow/example_dags/example_skip_dag.py
[2023-11-13T08:19:51.193+0000] {logging_mixin.py:154} INFO - [2023-11-13T08:19:51.192+0000] {dag.py:2941} INFO - Sync 1 DAGs
[2023-11-13T08:19:51.207+0000] {logging_mixin.py:154} INFO - [2023-11-13T08:19:51.207+0000] {dag.py:3722} INFO - Setting next_dagrun for example_skip_dag to 2023-11-12T08:19:51.207319+00:00, run_after=2023-11-13T08:19:51.207319+00:00
[2023-11-13T08:19:51.472+0000] {processor.py:179} INFO - Processing /home/airflow/.local/lib/python3.8/site-packages/airflow/example_dags/example_skip_dag.py took 0.983 seconds
[2023-11-13T08:20:22.181+0000] {processor.py:157} INFO - Started process (PID=2686) to work on /home/airflow/.local/lib/python3.8/site-packages/airflow/example_dags/example_skip_dag.py
[2023-11-13T08:20:22.181+0000] {processor.py:829} INFO - Processing file /home/airflow/.local/lib/python3.8/site-packages/airflow/example_dags/example_skip_dag.py for tasks to queue
[2023-11-13T08:20:22.183+0000] {logging_mixin.py:154} INFO - [2023-11-13T08:20:22.183+0000] {dagbag.py:536} INFO - Filling up the DagBag from /home/airflow/.local/lib/python3.8/site-packages/airflow/example_dags/example_skip_dag.py
[2023-11-13T08:20:22.187+0000] {processor.py:839} INFO - DAG(s) dict_keys(['example_skip_dag']) retrieved from /home/airflow/.local/lib/python3.8/site-packages/airflow/example_dags/example_skip_dag.py
[2023-11-13T08:20:22.203+0000] {logging_mixin.py:154} INFO - [2023-11-13T08:20:22.203+0000] {dag.py:2941} INFO - Sync 1 DAGs
[2023-11-13T08:20:22.218+0000] {logging_mixin.py:154} INFO - [2023-11-13T08:20:22.218+0000] {dag.py:3722} INFO - Setting next_dagrun for example_skip_dag to 2023-11-12T08:20:22.218256+00:00, run_after=2023-11-13T08:20:22.218256+00:00
[2023-11-13T08:20:22.247+0000] {processor.py:179} INFO - Processing /home/airflow/.local/lib/python3.8/site-packages/airflow/example_dags/example_skip_dag.py took 0.068 seconds
[2023-11-13T08:20:53.171+0000] {processor.py:157} INFO - Started process (PID=2740) to work on /home/airflow/.local/lib/python3.8/site-packages/airflow/example_dags/example_skip_dag.py
[2023-11-13T08:20:53.183+0000] {processor.py:829} INFO - Processing file /home/airflow/.local/lib/python3.8/site-packages/airflow/example_dags/example_skip_dag.py for tasks to queue
[2023-11-13T08:20:53.185+0000] {logging_mixin.py:154} INFO - [2023-11-13T08:20:53.185+0000] {dagbag.py:536} INFO - Filling up the DagBag from /home/airflow/.local/lib/python3.8/site-packages/airflow/example_dags/example_skip_dag.py
[2023-11-13T08:20:53.189+0000] {processor.py:839} INFO - DAG(s) dict_keys(['example_skip_dag']) retrieved from /home/airflow/.local/lib/python3.8/site-packages/airflow/example_dags/example_skip_dag.py
[2023-11-13T08:20:53.206+0000] {logging_mixin.py:154} INFO - [2023-11-13T08:20:53.205+0000] {dag.py:2941} INFO - Sync 1 DAGs
[2023-11-13T08:20:53.223+0000] {logging_mixin.py:154} INFO - [2023-11-13T08:20:53.223+0000] {dag.py:3722} INFO - Setting next_dagrun for example_skip_dag to 2023-11-12T08:20:53.222857+00:00, run_after=2023-11-13T08:20:53.222857+00:00
[2023-11-13T08:20:53.260+0000] {processor.py:179} INFO - Processing /home/airflow/.local/lib/python3.8/site-packages/airflow/example_dags/example_skip_dag.py took 0.099 seconds
[2023-11-13T08:21:23.863+0000] {processor.py:157} INFO - Started process (PID=2794) to work on /home/airflow/.local/lib/python3.8/site-packages/airflow/example_dags/example_skip_dag.py
[2023-11-13T08:21:23.865+0000] {processor.py:829} INFO - Processing file /home/airflow/.local/lib/python3.8/site-packages/airflow/example_dags/example_skip_dag.py for tasks to queue
[2023-11-13T08:21:23.872+0000] {logging_mixin.py:154} INFO - [2023-11-13T08:21:23.871+0000] {dagbag.py:536} INFO - Filling up the DagBag from /home/airflow/.local/lib/python3.8/site-packages/airflow/example_dags/example_skip_dag.py
[2023-11-13T08:21:23.893+0000] {processor.py:839} INFO - DAG(s) dict_keys(['example_skip_dag']) retrieved from /home/airflow/.local/lib/python3.8/site-packages/airflow/example_dags/example_skip_dag.py
[2023-11-13T08:21:23.961+0000] {logging_mixin.py:154} INFO - [2023-11-13T08:21:23.961+0000] {dag.py:2941} INFO - Sync 1 DAGs
[2023-11-13T08:21:23.998+0000] {logging_mixin.py:154} INFO - [2023-11-13T08:21:23.998+0000] {dag.py:3722} INFO - Setting next_dagrun for example_skip_dag to 2023-11-12T08:21:23.998185+00:00, run_after=2023-11-13T08:21:23.998185+00:00
[2023-11-13T08:21:25.263+0000] {processor.py:179} INFO - Processing /home/airflow/.local/lib/python3.8/site-packages/airflow/example_dags/example_skip_dag.py took 1.411 seconds
[2023-11-13T08:21:55.800+0000] {processor.py:157} INFO - Started process (PID=2848) to work on /home/airflow/.local/lib/python3.8/site-packages/airflow/example_dags/example_skip_dag.py
[2023-11-13T08:21:56.909+0000] {processor.py:829} INFO - Processing file /home/airflow/.local/lib/python3.8/site-packages/airflow/example_dags/example_skip_dag.py for tasks to queue
[2023-11-13T08:21:56.914+0000] {logging_mixin.py:154} INFO - [2023-11-13T08:21:56.914+0000] {dagbag.py:536} INFO - Filling up the DagBag from /home/airflow/.local/lib/python3.8/site-packages/airflow/example_dags/example_skip_dag.py
[2023-11-13T08:21:56.918+0000] {processor.py:839} INFO - DAG(s) dict_keys(['example_skip_dag']) retrieved from /home/airflow/.local/lib/python3.8/site-packages/airflow/example_dags/example_skip_dag.py
[2023-11-13T08:21:56.933+0000] {logging_mixin.py:154} INFO - [2023-11-13T08:21:56.933+0000] {dag.py:2941} INFO - Sync 1 DAGs
[2023-11-13T08:21:56.947+0000] {logging_mixin.py:154} INFO - [2023-11-13T08:21:56.947+0000] {dag.py:3722} INFO - Setting next_dagrun for example_skip_dag to 2023-11-12T08:21:56.946956+00:00, run_after=2023-11-13T08:21:56.946956+00:00
[2023-11-13T08:21:57.082+0000] {processor.py:179} INFO - Processing /home/airflow/.local/lib/python3.8/site-packages/airflow/example_dags/example_skip_dag.py took 1.284 seconds
[2023-11-13T08:22:27.438+0000] {processor.py:157} INFO - Started process (PID=2902) to work on /home/airflow/.local/lib/python3.8/site-packages/airflow/example_dags/example_skip_dag.py
[2023-11-13T08:22:27.438+0000] {processor.py:829} INFO - Processing file /home/airflow/.local/lib/python3.8/site-packages/airflow/example_dags/example_skip_dag.py for tasks to queue
[2023-11-13T08:22:27.439+0000] {logging_mixin.py:154} INFO - [2023-11-13T08:22:27.439+0000] {dagbag.py:536} INFO - Filling up the DagBag from /home/airflow/.local/lib/python3.8/site-packages/airflow/example_dags/example_skip_dag.py
[2023-11-13T08:22:27.444+0000] {processor.py:839} INFO - DAG(s) dict_keys(['example_skip_dag']) retrieved from /home/airflow/.local/lib/python3.8/site-packages/airflow/example_dags/example_skip_dag.py
[2023-11-13T08:22:27.460+0000] {logging_mixin.py:154} INFO - [2023-11-13T08:22:27.459+0000] {dag.py:2941} INFO - Sync 1 DAGs
[2023-11-13T08:22:27.474+0000] {logging_mixin.py:154} INFO - [2023-11-13T08:22:27.474+0000] {dag.py:3722} INFO - Setting next_dagrun for example_skip_dag to 2023-11-12T08:22:27.474598+00:00, run_after=2023-11-13T08:22:27.474598+00:00
[2023-11-13T08:22:27.509+0000] {processor.py:179} INFO - Processing /home/airflow/.local/lib/python3.8/site-packages/airflow/example_dags/example_skip_dag.py took 0.073 seconds
[2023-11-13T08:22:58.156+0000] {processor.py:157} INFO - Started process (PID=2956) to work on /home/airflow/.local/lib/python3.8/site-packages/airflow/example_dags/example_skip_dag.py
[2023-11-13T08:22:58.167+0000] {processor.py:829} INFO - Processing file /home/airflow/.local/lib/python3.8/site-packages/airflow/example_dags/example_skip_dag.py for tasks to queue
[2023-11-13T08:22:58.169+0000] {logging_mixin.py:154} INFO - [2023-11-13T08:22:58.169+0000] {dagbag.py:536} INFO - Filling up the DagBag from /home/airflow/.local/lib/python3.8/site-packages/airflow/example_dags/example_skip_dag.py
[2023-11-13T08:22:58.174+0000] {processor.py:839} INFO - DAG(s) dict_keys(['example_skip_dag']) retrieved from /home/airflow/.local/lib/python3.8/site-packages/airflow/example_dags/example_skip_dag.py
[2023-11-13T08:22:58.190+0000] {logging_mixin.py:154} INFO - [2023-11-13T08:22:58.189+0000] {dag.py:2941} INFO - Sync 1 DAGs
[2023-11-13T08:22:58.206+0000] {logging_mixin.py:154} INFO - [2023-11-13T08:22:58.205+0000] {dag.py:3722} INFO - Setting next_dagrun for example_skip_dag to 2023-11-12T08:22:58.205799+00:00, run_after=2023-11-13T08:22:58.205799+00:00
[2023-11-13T08:22:59.487+0000] {processor.py:179} INFO - Processing /home/airflow/.local/lib/python3.8/site-packages/airflow/example_dags/example_skip_dag.py took 1.338 seconds
[2023-11-13T08:23:30.264+0000] {processor.py:157} INFO - Started process (PID=3010) to work on /home/airflow/.local/lib/python3.8/site-packages/airflow/example_dags/example_skip_dag.py
[2023-11-13T08:23:30.264+0000] {processor.py:829} INFO - Processing file /home/airflow/.local/lib/python3.8/site-packages/airflow/example_dags/example_skip_dag.py for tasks to queue
[2023-11-13T08:23:30.266+0000] {logging_mixin.py:154} INFO - [2023-11-13T08:23:30.265+0000] {dagbag.py:536} INFO - Filling up the DagBag from /home/airflow/.local/lib/python3.8/site-packages/airflow/example_dags/example_skip_dag.py
[2023-11-13T08:23:30.270+0000] {processor.py:839} INFO - DAG(s) dict_keys(['example_skip_dag']) retrieved from /home/airflow/.local/lib/python3.8/site-packages/airflow/example_dags/example_skip_dag.py
[2023-11-13T08:23:30.286+0000] {logging_mixin.py:154} INFO - [2023-11-13T08:23:30.285+0000] {dag.py:2941} INFO - Sync 1 DAGs
[2023-11-13T08:23:30.301+0000] {logging_mixin.py:154} INFO - [2023-11-13T08:23:30.301+0000] {dag.py:3722} INFO - Setting next_dagrun for example_skip_dag to 2023-11-12T08:23:30.300859+00:00, run_after=2023-11-13T08:23:30.300859+00:00
[2023-11-13T08:23:30.724+0000] {processor.py:179} INFO - Processing /home/airflow/.local/lib/python3.8/site-packages/airflow/example_dags/example_skip_dag.py took 0.463 seconds
[2023-11-13T08:24:01.084+0000] {processor.py:157} INFO - Started process (PID=3064) to work on /home/airflow/.local/lib/python3.8/site-packages/airflow/example_dags/example_skip_dag.py
[2023-11-13T08:24:01.088+0000] {processor.py:829} INFO - Processing file /home/airflow/.local/lib/python3.8/site-packages/airflow/example_dags/example_skip_dag.py for tasks to queue
[2023-11-13T08:24:01.090+0000] {logging_mixin.py:154} INFO - [2023-11-13T08:24:01.090+0000] {dagbag.py:536} INFO - Filling up the DagBag from /home/airflow/.local/lib/python3.8/site-packages/airflow/example_dags/example_skip_dag.py
[2023-11-13T08:24:01.097+0000] {processor.py:839} INFO - DAG(s) dict_keys(['example_skip_dag']) retrieved from /home/airflow/.local/lib/python3.8/site-packages/airflow/example_dags/example_skip_dag.py
[2023-11-13T08:24:01.119+0000] {logging_mixin.py:154} INFO - [2023-11-13T08:24:01.118+0000] {dag.py:2941} INFO - Sync 1 DAGs
[2023-11-13T08:24:01.139+0000] {logging_mixin.py:154} INFO - [2023-11-13T08:24:01.139+0000] {dag.py:3722} INFO - Setting next_dagrun for example_skip_dag to 2023-11-12T08:24:01.138930+00:00, run_after=2023-11-13T08:24:01.138930+00:00
[2023-11-13T08:24:02.437+0000] {processor.py:179} INFO - Processing /home/airflow/.local/lib/python3.8/site-packages/airflow/example_dags/example_skip_dag.py took 1.357 seconds
[2023-11-13T08:24:32.675+0000] {processor.py:157} INFO - Started process (PID=3118) to work on /home/airflow/.local/lib/python3.8/site-packages/airflow/example_dags/example_skip_dag.py
[2023-11-13T08:24:32.676+0000] {processor.py:829} INFO - Processing file /home/airflow/.local/lib/python3.8/site-packages/airflow/example_dags/example_skip_dag.py for tasks to queue
[2023-11-13T08:24:32.677+0000] {logging_mixin.py:154} INFO - [2023-11-13T08:24:32.677+0000] {dagbag.py:536} INFO - Filling up the DagBag from /home/airflow/.local/lib/python3.8/site-packages/airflow/example_dags/example_skip_dag.py
[2023-11-13T08:24:32.682+0000] {processor.py:839} INFO - DAG(s) dict_keys(['example_skip_dag']) retrieved from /home/airflow/.local/lib/python3.8/site-packages/airflow/example_dags/example_skip_dag.py
[2023-11-13T08:24:32.698+0000] {logging_mixin.py:154} INFO - [2023-11-13T08:24:32.698+0000] {dag.py:2941} INFO - Sync 1 DAGs
[2023-11-13T08:24:32.713+0000] {logging_mixin.py:154} INFO - [2023-11-13T08:24:32.713+0000] {dag.py:3722} INFO - Setting next_dagrun for example_skip_dag to 2023-11-12T08:24:32.713585+00:00, run_after=2023-11-13T08:24:32.713585+00:00
[2023-11-13T08:24:34.332+0000] {processor.py:179} INFO - Processing /home/airflow/.local/lib/python3.8/site-packages/airflow/example_dags/example_skip_dag.py took 1.659 seconds
[2023-11-13T08:25:04.684+0000] {processor.py:157} INFO - Started process (PID=3172) to work on /home/airflow/.local/lib/python3.8/site-packages/airflow/example_dags/example_skip_dag.py
[2023-11-13T08:25:06.015+0000] {processor.py:829} INFO - Processing file /home/airflow/.local/lib/python3.8/site-packages/airflow/example_dags/example_skip_dag.py for tasks to queue
[2023-11-13T08:25:06.020+0000] {logging_mixin.py:154} INFO - [2023-11-13T08:25:06.020+0000] {dagbag.py:536} INFO - Filling up the DagBag from /home/airflow/.local/lib/python3.8/site-packages/airflow/example_dags/example_skip_dag.py
[2023-11-13T08:25:06.024+0000] {processor.py:839} INFO - DAG(s) dict_keys(['example_skip_dag']) retrieved from /home/airflow/.local/lib/python3.8/site-packages/airflow/example_dags/example_skip_dag.py
[2023-11-13T08:25:06.043+0000] {logging_mixin.py:154} INFO - [2023-11-13T08:25:06.042+0000] {dag.py:2941} INFO - Sync 1 DAGs
[2023-11-13T08:25:06.060+0000] {logging_mixin.py:154} INFO - [2023-11-13T08:25:06.060+0000] {dag.py:3722} INFO - Setting next_dagrun for example_skip_dag to 2023-11-12T08:25:06.059882+00:00, run_after=2023-11-13T08:25:06.059882+00:00
[2023-11-13T08:25:06.132+0000] {processor.py:179} INFO - Processing /home/airflow/.local/lib/python3.8/site-packages/airflow/example_dags/example_skip_dag.py took 1.450 seconds
[2023-11-13T08:25:36.420+0000] {processor.py:157} INFO - Started process (PID=3226) to work on /home/airflow/.local/lib/python3.8/site-packages/airflow/example_dags/example_skip_dag.py
[2023-11-13T08:25:36.429+0000] {processor.py:829} INFO - Processing file /home/airflow/.local/lib/python3.8/site-packages/airflow/example_dags/example_skip_dag.py for tasks to queue
[2023-11-13T08:25:36.431+0000] {logging_mixin.py:154} INFO - [2023-11-13T08:25:36.430+0000] {dagbag.py:536} INFO - Filling up the DagBag from /home/airflow/.local/lib/python3.8/site-packages/airflow/example_dags/example_skip_dag.py
[2023-11-13T08:25:36.435+0000] {processor.py:839} INFO - DAG(s) dict_keys(['example_skip_dag']) retrieved from /home/airflow/.local/lib/python3.8/site-packages/airflow/example_dags/example_skip_dag.py
[2023-11-13T08:25:36.451+0000] {logging_mixin.py:154} INFO - [2023-11-13T08:25:36.451+0000] {dag.py:2941} INFO - Sync 1 DAGs
[2023-11-13T08:25:36.466+0000] {logging_mixin.py:154} INFO - [2023-11-13T08:25:36.466+0000] {dag.py:3722} INFO - Setting next_dagrun for example_skip_dag to 2023-11-12T08:25:36.466225+00:00, run_after=2023-11-13T08:25:36.466225+00:00
[2023-11-13T08:25:36.799+0000] {processor.py:179} INFO - Processing /home/airflow/.local/lib/python3.8/site-packages/airflow/example_dags/example_skip_dag.py took 0.381 seconds
[2023-11-13T08:26:07.390+0000] {processor.py:157} INFO - Started process (PID=3280) to work on /home/airflow/.local/lib/python3.8/site-packages/airflow/example_dags/example_skip_dag.py
[2023-11-13T08:26:08.613+0000] {processor.py:829} INFO - Processing file /home/airflow/.local/lib/python3.8/site-packages/airflow/example_dags/example_skip_dag.py for tasks to queue
[2023-11-13T08:26:08.618+0000] {logging_mixin.py:154} INFO - [2023-11-13T08:26:08.617+0000] {dagbag.py:536} INFO - Filling up the DagBag from /home/airflow/.local/lib/python3.8/site-packages/airflow/example_dags/example_skip_dag.py
[2023-11-13T08:26:08.622+0000] {processor.py:839} INFO - DAG(s) dict_keys(['example_skip_dag']) retrieved from /home/airflow/.local/lib/python3.8/site-packages/airflow/example_dags/example_skip_dag.py
[2023-11-13T08:26:08.637+0000] {logging_mixin.py:154} INFO - [2023-11-13T08:26:08.637+0000] {dag.py:2941} INFO - Sync 1 DAGs
[2023-11-13T08:26:08.653+0000] {logging_mixin.py:154} INFO - [2023-11-13T08:26:08.653+0000] {dag.py:3722} INFO - Setting next_dagrun for example_skip_dag to 2023-11-12T08:26:08.653404+00:00, run_after=2023-11-13T08:26:08.653404+00:00
[2023-11-13T08:26:08.905+0000] {processor.py:179} INFO - Processing /home/airflow/.local/lib/python3.8/site-packages/airflow/example_dags/example_skip_dag.py took 1.517 seconds
[2023-11-13T08:26:38.960+0000] {processor.py:157} INFO - Started process (PID=3334) to work on /home/airflow/.local/lib/python3.8/site-packages/airflow/example_dags/example_skip_dag.py
[2023-11-13T08:26:38.960+0000] {processor.py:829} INFO - Processing file /home/airflow/.local/lib/python3.8/site-packages/airflow/example_dags/example_skip_dag.py for tasks to queue
[2023-11-13T08:26:38.962+0000] {logging_mixin.py:154} INFO - [2023-11-13T08:26:38.962+0000] {dagbag.py:536} INFO - Filling up the DagBag from /home/airflow/.local/lib/python3.8/site-packages/airflow/example_dags/example_skip_dag.py
[2023-11-13T08:26:38.967+0000] {processor.py:839} INFO - DAG(s) dict_keys(['example_skip_dag']) retrieved from /home/airflow/.local/lib/python3.8/site-packages/airflow/example_dags/example_skip_dag.py
[2023-11-13T08:26:38.983+0000] {logging_mixin.py:154} INFO - [2023-11-13T08:26:38.983+0000] {dag.py:2941} INFO - Sync 1 DAGs
[2023-11-13T08:26:38.999+0000] {logging_mixin.py:154} INFO - [2023-11-13T08:26:38.999+0000] {dag.py:3722} INFO - Setting next_dagrun for example_skip_dag to 2023-11-12T08:26:38.998893+00:00, run_after=2023-11-13T08:26:38.998893+00:00
[2023-11-13T08:26:39.731+0000] {processor.py:179} INFO - Processing /home/airflow/.local/lib/python3.8/site-packages/airflow/example_dags/example_skip_dag.py took 0.774 seconds
[2023-11-13T08:27:10.679+0000] {processor.py:157} INFO - Started process (PID=3388) to work on /home/airflow/.local/lib/python3.8/site-packages/airflow/example_dags/example_skip_dag.py
[2023-11-13T08:27:10.925+0000] {processor.py:829} INFO - Processing file /home/airflow/.local/lib/python3.8/site-packages/airflow/example_dags/example_skip_dag.py for tasks to queue
[2023-11-13T08:27:10.930+0000] {logging_mixin.py:154} INFO - [2023-11-13T08:27:10.930+0000] {dagbag.py:536} INFO - Filling up the DagBag from /home/airflow/.local/lib/python3.8/site-packages/airflow/example_dags/example_skip_dag.py
[2023-11-13T08:27:10.934+0000] {processor.py:839} INFO - DAG(s) dict_keys(['example_skip_dag']) retrieved from /home/airflow/.local/lib/python3.8/site-packages/airflow/example_dags/example_skip_dag.py
[2023-11-13T08:27:10.951+0000] {logging_mixin.py:154} INFO - [2023-11-13T08:27:10.950+0000] {dag.py:2941} INFO - Sync 1 DAGs
[2023-11-13T08:27:10.965+0000] {logging_mixin.py:154} INFO - [2023-11-13T08:27:10.965+0000] {dag.py:3722} INFO - Setting next_dagrun for example_skip_dag to 2023-11-12T08:27:10.965444+00:00, run_after=2023-11-13T08:27:10.965444+00:00
[2023-11-13T08:27:12.245+0000] {processor.py:179} INFO - Processing /home/airflow/.local/lib/python3.8/site-packages/airflow/example_dags/example_skip_dag.py took 1.568 seconds
[2023-11-13T08:27:43.359+0000] {processor.py:157} INFO - Started process (PID=3442) to work on /home/airflow/.local/lib/python3.8/site-packages/airflow/example_dags/example_skip_dag.py
[2023-11-13T08:27:43.360+0000] {processor.py:829} INFO - Processing file /home/airflow/.local/lib/python3.8/site-packages/airflow/example_dags/example_skip_dag.py for tasks to queue
[2023-11-13T08:27:43.361+0000] {logging_mixin.py:154} INFO - [2023-11-13T08:27:43.361+0000] {dagbag.py:536} INFO - Filling up the DagBag from /home/airflow/.local/lib/python3.8/site-packages/airflow/example_dags/example_skip_dag.py
[2023-11-13T08:27:43.366+0000] {processor.py:839} INFO - DAG(s) dict_keys(['example_skip_dag']) retrieved from /home/airflow/.local/lib/python3.8/site-packages/airflow/example_dags/example_skip_dag.py
[2023-11-13T08:27:43.382+0000] {logging_mixin.py:154} INFO - [2023-11-13T08:27:43.382+0000] {dag.py:2941} INFO - Sync 1 DAGs
[2023-11-13T08:27:43.398+0000] {logging_mixin.py:154} INFO - [2023-11-13T08:27:43.398+0000] {dag.py:3722} INFO - Setting next_dagrun for example_skip_dag to 2023-11-12T08:27:43.398079+00:00, run_after=2023-11-13T08:27:43.398079+00:00
[2023-11-13T08:27:43.710+0000] {processor.py:179} INFO - Processing /home/airflow/.local/lib/python3.8/site-packages/airflow/example_dags/example_skip_dag.py took 0.356 seconds
[2023-11-13T08:28:14.431+0000] {processor.py:157} INFO - Started process (PID=3496) to work on /home/airflow/.local/lib/python3.8/site-packages/airflow/example_dags/example_skip_dag.py
[2023-11-13T08:28:15.800+0000] {processor.py:829} INFO - Processing file /home/airflow/.local/lib/python3.8/site-packages/airflow/example_dags/example_skip_dag.py for tasks to queue
[2023-11-13T08:28:15.804+0000] {logging_mixin.py:154} INFO - [2023-11-13T08:28:15.804+0000] {dagbag.py:536} INFO - Filling up the DagBag from /home/airflow/.local/lib/python3.8/site-packages/airflow/example_dags/example_skip_dag.py
[2023-11-13T08:28:15.812+0000] {processor.py:839} INFO - DAG(s) dict_keys(['example_skip_dag']) retrieved from /home/airflow/.local/lib/python3.8/site-packages/airflow/example_dags/example_skip_dag.py
[2023-11-13T08:28:15.837+0000] {logging_mixin.py:154} INFO - [2023-11-13T08:28:15.836+0000] {dag.py:2941} INFO - Sync 1 DAGs
[2023-11-13T08:28:15.857+0000] {logging_mixin.py:154} INFO - [2023-11-13T08:28:15.857+0000] {dag.py:3722} INFO - Setting next_dagrun for example_skip_dag to 2023-11-12T08:28:15.857147+00:00, run_after=2023-11-13T08:28:15.857147+00:00
[2023-11-13T08:28:16.457+0000] {processor.py:179} INFO - Processing /home/airflow/.local/lib/python3.8/site-packages/airflow/example_dags/example_skip_dag.py took 2.029 seconds
[2023-11-13T08:44:40.924+0000] {processor.py:157} INFO - Started process (PID=39) to work on /home/airflow/.local/lib/python3.8/site-packages/airflow/example_dags/example_skip_dag.py
[2023-11-13T08:44:41.673+0000] {processor.py:829} INFO - Processing file /home/airflow/.local/lib/python3.8/site-packages/airflow/example_dags/example_skip_dag.py for tasks to queue
[2023-11-13T08:44:41.678+0000] {logging_mixin.py:154} INFO - [2023-11-13T08:44:41.678+0000] {dagbag.py:536} INFO - Filling up the DagBag from /home/airflow/.local/lib/python3.8/site-packages/airflow/example_dags/example_skip_dag.py
[2023-11-13T08:44:41.687+0000] {processor.py:839} INFO - DAG(s) dict_keys(['example_skip_dag']) retrieved from /home/airflow/.local/lib/python3.8/site-packages/airflow/example_dags/example_skip_dag.py
[2023-11-13T08:44:42.049+0000] {logging_mixin.py:154} INFO - [2023-11-13T08:44:42.048+0000] {manager.py:499} INFO - Created Permission View: %s
[2023-11-13T08:44:42.165+0000] {logging_mixin.py:154} INFO - [2023-11-13T08:44:42.165+0000] {manager.py:499} INFO - Created Permission View: %s
[2023-11-13T08:44:42.292+0000] {logging_mixin.py:154} INFO - [2023-11-13T08:44:42.291+0000] {manager.py:499} INFO - Created Permission View: %s
[2023-11-13T08:44:42.293+0000] {logging_mixin.py:154} INFO - [2023-11-13T08:44:42.293+0000] {dag.py:2941} INFO - Sync 1 DAGs
[2023-11-13T08:44:42.328+0000] {logging_mixin.py:154} INFO - [2023-11-13T08:44:42.328+0000] {dag.py:2963} INFO - Creating ORM DAG for example_skip_dag
[2023-11-13T08:44:42.343+0000] {logging_mixin.py:154} INFO - [2023-11-13T08:44:42.343+0000] {dag.py:3722} INFO - Setting next_dagrun for example_skip_dag to 2023-11-12T08:44:42.342804+00:00, run_after=2023-11-13T08:44:42.342804+00:00
[2023-11-13T08:44:42.423+0000] {processor.py:179} INFO - Processing /home/airflow/.local/lib/python3.8/site-packages/airflow/example_dags/example_skip_dag.py took 1.501 seconds
[2023-11-13T08:45:28.026+0000] {processor.py:157} INFO - Started process (PID=38) to work on /home/airflow/.local/lib/python3.8/site-packages/airflow/example_dags/example_skip_dag.py
[2023-11-13T08:45:28.146+0000] {processor.py:829} INFO - Processing file /home/airflow/.local/lib/python3.8/site-packages/airflow/example_dags/example_skip_dag.py for tasks to queue
[2023-11-13T08:45:28.147+0000] {logging_mixin.py:154} INFO - [2023-11-13T08:45:28.147+0000] {dagbag.py:536} INFO - Filling up the DagBag from /home/airflow/.local/lib/python3.8/site-packages/airflow/example_dags/example_skip_dag.py
[2023-11-13T08:45:28.155+0000] {processor.py:839} INFO - DAG(s) dict_keys(['example_skip_dag']) retrieved from /home/airflow/.local/lib/python3.8/site-packages/airflow/example_dags/example_skip_dag.py
[2023-11-13T08:45:28.187+0000] {logging_mixin.py:154} INFO - [2023-11-13T08:45:28.187+0000] {dag.py:2941} INFO - Sync 1 DAGs
[2023-11-13T08:45:28.202+0000] {logging_mixin.py:154} INFO - [2023-11-13T08:45:28.202+0000] {dag.py:3722} INFO - Setting next_dagrun for example_skip_dag to 2023-11-12T08:45:28.202303+00:00, run_after=2023-11-13T08:45:28.202303+00:00
[2023-11-13T08:45:28.466+0000] {processor.py:179} INFO - Processing /home/airflow/.local/lib/python3.8/site-packages/airflow/example_dags/example_skip_dag.py took 0.442 seconds
[2023-11-13T08:45:58.714+0000] {processor.py:157} INFO - Started process (PID=92) to work on /home/airflow/.local/lib/python3.8/site-packages/airflow/example_dags/example_skip_dag.py
[2023-11-13T08:45:58.715+0000] {processor.py:829} INFO - Processing file /home/airflow/.local/lib/python3.8/site-packages/airflow/example_dags/example_skip_dag.py for tasks to queue
[2023-11-13T08:45:58.719+0000] {logging_mixin.py:154} INFO - [2023-11-13T08:45:58.719+0000] {dagbag.py:536} INFO - Filling up the DagBag from /home/airflow/.local/lib/python3.8/site-packages/airflow/example_dags/example_skip_dag.py
[2023-11-13T08:45:58.726+0000] {processor.py:839} INFO - DAG(s) dict_keys(['example_skip_dag']) retrieved from /home/airflow/.local/lib/python3.8/site-packages/airflow/example_dags/example_skip_dag.py
[2023-11-13T08:45:58.744+0000] {logging_mixin.py:154} INFO - [2023-11-13T08:45:58.744+0000] {dag.py:2941} INFO - Sync 1 DAGs
[2023-11-13T08:45:58.762+0000] {logging_mixin.py:154} INFO - [2023-11-13T08:45:58.762+0000] {dag.py:3722} INFO - Setting next_dagrun for example_skip_dag to 2023-11-12T08:45:58.762078+00:00, run_after=2023-11-13T08:45:58.762078+00:00
[2023-11-13T08:46:00.520+0000] {processor.py:179} INFO - Processing /home/airflow/.local/lib/python3.8/site-packages/airflow/example_dags/example_skip_dag.py took 1.812 seconds
[2023-11-13T08:46:30.872+0000] {processor.py:157} INFO - Started process (PID=146) to work on /home/airflow/.local/lib/python3.8/site-packages/airflow/example_dags/example_skip_dag.py
[2023-11-13T08:46:31.965+0000] {processor.py:829} INFO - Processing file /home/airflow/.local/lib/python3.8/site-packages/airflow/example_dags/example_skip_dag.py for tasks to queue
[2023-11-13T08:46:31.972+0000] {logging_mixin.py:154} INFO - [2023-11-13T08:46:31.971+0000] {dagbag.py:536} INFO - Filling up the DagBag from /home/airflow/.local/lib/python3.8/site-packages/airflow/example_dags/example_skip_dag.py
[2023-11-13T08:46:31.991+0000] {processor.py:839} INFO - DAG(s) dict_keys(['example_skip_dag']) retrieved from /home/airflow/.local/lib/python3.8/site-packages/airflow/example_dags/example_skip_dag.py
[2023-11-13T08:46:32.019+0000] {logging_mixin.py:154} INFO - [2023-11-13T08:46:32.018+0000] {dag.py:2941} INFO - Sync 1 DAGs
[2023-11-13T08:46:32.035+0000] {logging_mixin.py:154} INFO - [2023-11-13T08:46:32.035+0000] {dag.py:3722} INFO - Setting next_dagrun for example_skip_dag to 2023-11-12T08:46:32.035582+00:00, run_after=2023-11-13T08:46:32.035582+00:00
[2023-11-13T08:46:32.188+0000] {processor.py:179} INFO - Processing /home/airflow/.local/lib/python3.8/site-packages/airflow/example_dags/example_skip_dag.py took 1.321 seconds
[2023-11-13T08:47:02.838+0000] {processor.py:157} INFO - Started process (PID=200) to work on /home/airflow/.local/lib/python3.8/site-packages/airflow/example_dags/example_skip_dag.py
[2023-11-13T08:47:02.873+0000] {processor.py:829} INFO - Processing file /home/airflow/.local/lib/python3.8/site-packages/airflow/example_dags/example_skip_dag.py for tasks to queue
[2023-11-13T08:47:02.881+0000] {logging_mixin.py:154} INFO - [2023-11-13T08:47:02.880+0000] {dagbag.py:536} INFO - Filling up the DagBag from /home/airflow/.local/lib/python3.8/site-packages/airflow/example_dags/example_skip_dag.py
[2023-11-13T08:47:02.901+0000] {processor.py:839} INFO - DAG(s) dict_keys(['example_skip_dag']) retrieved from /home/airflow/.local/lib/python3.8/site-packages/airflow/example_dags/example_skip_dag.py
[2023-11-13T08:47:02.929+0000] {logging_mixin.py:154} INFO - [2023-11-13T08:47:02.929+0000] {dag.py:2941} INFO - Sync 1 DAGs
[2023-11-13T08:47:02.946+0000] {logging_mixin.py:154} INFO - [2023-11-13T08:47:02.946+0000] {dag.py:3722} INFO - Setting next_dagrun for example_skip_dag to 2023-11-12T08:47:02.946428+00:00, run_after=2023-11-13T08:47:02.946428+00:00
[2023-11-13T08:47:03.188+0000] {processor.py:179} INFO - Processing /home/airflow/.local/lib/python3.8/site-packages/airflow/example_dags/example_skip_dag.py took 0.357 seconds
[2023-11-13T08:47:33.560+0000] {processor.py:157} INFO - Started process (PID=254) to work on /home/airflow/.local/lib/python3.8/site-packages/airflow/example_dags/example_skip_dag.py
[2023-11-13T08:47:33.562+0000] {processor.py:829} INFO - Processing file /home/airflow/.local/lib/python3.8/site-packages/airflow/example_dags/example_skip_dag.py for tasks to queue
[2023-11-13T08:47:33.565+0000] {logging_mixin.py:154} INFO - [2023-11-13T08:47:33.565+0000] {dagbag.py:536} INFO - Filling up the DagBag from /home/airflow/.local/lib/python3.8/site-packages/airflow/example_dags/example_skip_dag.py
[2023-11-13T08:47:33.572+0000] {processor.py:839} INFO - DAG(s) dict_keys(['example_skip_dag']) retrieved from /home/airflow/.local/lib/python3.8/site-packages/airflow/example_dags/example_skip_dag.py
[2023-11-13T08:47:33.593+0000] {logging_mixin.py:154} INFO - [2023-11-13T08:47:33.593+0000] {dag.py:2941} INFO - Sync 1 DAGs
[2023-11-13T08:47:33.609+0000] {logging_mixin.py:154} INFO - [2023-11-13T08:47:33.609+0000] {dag.py:3722} INFO - Setting next_dagrun for example_skip_dag to 2023-11-12T08:47:33.609536+00:00, run_after=2023-11-13T08:47:33.609536+00:00
[2023-11-13T08:47:33.647+0000] {processor.py:179} INFO - Processing /home/airflow/.local/lib/python3.8/site-packages/airflow/example_dags/example_skip_dag.py took 0.093 seconds
[2023-11-13T08:48:04.202+0000] {processor.py:157} INFO - Started process (PID=308) to work on /home/airflow/.local/lib/python3.8/site-packages/airflow/example_dags/example_skip_dag.py
[2023-11-13T08:48:05.737+0000] {processor.py:829} INFO - Processing file /home/airflow/.local/lib/python3.8/site-packages/airflow/example_dags/example_skip_dag.py for tasks to queue
[2023-11-13T08:48:05.744+0000] {logging_mixin.py:154} INFO - [2023-11-13T08:48:05.743+0000] {dagbag.py:536} INFO - Filling up the DagBag from /home/airflow/.local/lib/python3.8/site-packages/airflow/example_dags/example_skip_dag.py
[2023-11-13T08:48:05.767+0000] {processor.py:839} INFO - DAG(s) dict_keys(['example_skip_dag']) retrieved from /home/airflow/.local/lib/python3.8/site-packages/airflow/example_dags/example_skip_dag.py
[2023-11-13T08:48:05.794+0000] {logging_mixin.py:154} INFO - [2023-11-13T08:48:05.794+0000] {dag.py:2941} INFO - Sync 1 DAGs
[2023-11-13T08:48:05.812+0000] {logging_mixin.py:154} INFO - [2023-11-13T08:48:05.812+0000] {dag.py:3722} INFO - Setting next_dagrun for example_skip_dag to 2023-11-12T08:48:05.812063+00:00, run_after=2023-11-13T08:48:05.812063+00:00
[2023-11-13T08:48:06.000+0000] {processor.py:179} INFO - Processing /home/airflow/.local/lib/python3.8/site-packages/airflow/example_dags/example_skip_dag.py took 1.804 seconds
