[2023-11-13T07:55:16.202+0000] {processor.py:157} INFO - Started process (PID=70) to work on /home/airflow/.local/lib/python3.8/site-packages/airflow/example_dags/example_setup_teardown.py
[2023-11-13T07:55:16.202+0000] {processor.py:829} INFO - Processing file /home/airflow/.local/lib/python3.8/site-packages/airflow/example_dags/example_setup_teardown.py for tasks to queue
[2023-11-13T07:55:16.203+0000] {logging_mixin.py:154} INFO - [2023-11-13T07:55:16.203+0000] {dagbag.py:536} INFO - Filling up the DagBag from /home/airflow/.local/lib/python3.8/site-packages/airflow/example_dags/example_setup_teardown.py
[2023-11-13T07:55:16.210+0000] {processor.py:839} INFO - DAG(s) dict_keys(['example_setup_teardown']) retrieved from /home/airflow/.local/lib/python3.8/site-packages/airflow/example_dags/example_setup_teardown.py
[2023-11-13T07:55:16.649+0000] {logging_mixin.py:154} INFO - [2023-11-13T07:55:16.649+0000] {manager.py:499} INFO - Created Permission View: %s
[2023-11-13T07:55:16.742+0000] {logging_mixin.py:154} INFO - [2023-11-13T07:55:16.742+0000] {manager.py:499} INFO - Created Permission View: %s
[2023-11-13T07:55:16.790+0000] {logging_mixin.py:154} INFO - [2023-11-13T07:55:16.789+0000] {manager.py:499} INFO - Created Permission View: %s
[2023-11-13T07:55:16.791+0000] {logging_mixin.py:154} INFO - [2023-11-13T07:55:16.790+0000] {dag.py:2941} INFO - Sync 1 DAGs
[2023-11-13T07:55:16.811+0000] {logging_mixin.py:154} INFO - [2023-11-13T07:55:16.811+0000] {dag.py:2963} INFO - Creating ORM DAG for example_setup_teardown
[2023-11-13T07:55:16.821+0000] {logging_mixin.py:154} INFO - [2023-11-13T07:55:16.821+0000] {dag.py:3722} INFO - Setting next_dagrun for example_setup_teardown to 2023-11-12T07:55:16.820938+00:00, run_after=2023-11-13T07:55:16.820938+00:00
[2023-11-13T07:55:16.863+0000] {processor.py:179} INFO - Processing /home/airflow/.local/lib/python3.8/site-packages/airflow/example_dags/example_setup_teardown.py took 0.663 seconds
[2023-11-13T07:55:47.491+0000] {processor.py:157} INFO - Started process (PID=124) to work on /home/airflow/.local/lib/python3.8/site-packages/airflow/example_dags/example_setup_teardown.py
[2023-11-13T07:55:47.596+0000] {processor.py:829} INFO - Processing file /home/airflow/.local/lib/python3.8/site-packages/airflow/example_dags/example_setup_teardown.py for tasks to queue
[2023-11-13T07:55:47.598+0000] {logging_mixin.py:154} INFO - [2023-11-13T07:55:47.598+0000] {dagbag.py:536} INFO - Filling up the DagBag from /home/airflow/.local/lib/python3.8/site-packages/airflow/example_dags/example_setup_teardown.py
[2023-11-13T07:55:47.602+0000] {processor.py:839} INFO - DAG(s) dict_keys(['example_setup_teardown']) retrieved from /home/airflow/.local/lib/python3.8/site-packages/airflow/example_dags/example_setup_teardown.py
[2023-11-13T07:55:47.617+0000] {logging_mixin.py:154} INFO - [2023-11-13T07:55:47.617+0000] {dag.py:2941} INFO - Sync 1 DAGs
[2023-11-13T07:55:47.633+0000] {logging_mixin.py:154} INFO - [2023-11-13T07:55:47.633+0000] {dag.py:3722} INFO - Setting next_dagrun for example_setup_teardown to 2023-11-12T07:55:47.633013+00:00, run_after=2023-11-13T07:55:47.633013+00:00
[2023-11-13T07:55:48.005+0000] {processor.py:179} INFO - Processing /home/airflow/.local/lib/python3.8/site-packages/airflow/example_dags/example_setup_teardown.py took 0.516 seconds
[2023-11-13T07:56:18.755+0000] {processor.py:157} INFO - Started process (PID=178) to work on /home/airflow/.local/lib/python3.8/site-packages/airflow/example_dags/example_setup_teardown.py
[2023-11-13T07:56:18.758+0000] {processor.py:829} INFO - Processing file /home/airflow/.local/lib/python3.8/site-packages/airflow/example_dags/example_setup_teardown.py for tasks to queue
[2023-11-13T07:56:18.766+0000] {logging_mixin.py:154} INFO - [2023-11-13T07:56:18.765+0000] {dagbag.py:536} INFO - Filling up the DagBag from /home/airflow/.local/lib/python3.8/site-packages/airflow/example_dags/example_setup_teardown.py
[2023-11-13T07:56:18.779+0000] {processor.py:839} INFO - DAG(s) dict_keys(['example_setup_teardown']) retrieved from /home/airflow/.local/lib/python3.8/site-packages/airflow/example_dags/example_setup_teardown.py
[2023-11-13T07:56:18.800+0000] {logging_mixin.py:154} INFO - [2023-11-13T07:56:18.800+0000] {dag.py:2941} INFO - Sync 1 DAGs
[2023-11-13T07:56:18.815+0000] {logging_mixin.py:154} INFO - [2023-11-13T07:56:18.815+0000] {dag.py:3722} INFO - Setting next_dagrun for example_setup_teardown to 2023-11-12T07:56:18.815218+00:00, run_after=2023-11-13T07:56:18.815218+00:00
[2023-11-13T07:56:18.848+0000] {processor.py:179} INFO - Processing /home/airflow/.local/lib/python3.8/site-packages/airflow/example_dags/example_setup_teardown.py took 0.103 seconds
[2023-11-13T07:56:49.216+0000] {processor.py:157} INFO - Started process (PID=232) to work on /home/airflow/.local/lib/python3.8/site-packages/airflow/example_dags/example_setup_teardown.py
[2023-11-13T07:56:49.243+0000] {processor.py:829} INFO - Processing file /home/airflow/.local/lib/python3.8/site-packages/airflow/example_dags/example_setup_teardown.py for tasks to queue
[2023-11-13T07:56:49.245+0000] {logging_mixin.py:154} INFO - [2023-11-13T07:56:49.245+0000] {dagbag.py:536} INFO - Filling up the DagBag from /home/airflow/.local/lib/python3.8/site-packages/airflow/example_dags/example_setup_teardown.py
[2023-11-13T07:56:49.249+0000] {processor.py:839} INFO - DAG(s) dict_keys(['example_setup_teardown']) retrieved from /home/airflow/.local/lib/python3.8/site-packages/airflow/example_dags/example_setup_teardown.py
[2023-11-13T07:56:49.265+0000] {logging_mixin.py:154} INFO - [2023-11-13T07:56:49.264+0000] {dag.py:2941} INFO - Sync 1 DAGs
[2023-11-13T07:56:49.285+0000] {logging_mixin.py:154} INFO - [2023-11-13T07:56:49.285+0000] {dag.py:3722} INFO - Setting next_dagrun for example_setup_teardown to 2023-11-12T07:56:49.284865+00:00, run_after=2023-11-13T07:56:49.284865+00:00
[2023-11-13T07:56:49.373+0000] {processor.py:179} INFO - Processing /home/airflow/.local/lib/python3.8/site-packages/airflow/example_dags/example_setup_teardown.py took 0.159 seconds
[2023-11-13T07:57:19.412+0000] {processor.py:157} INFO - Started process (PID=286) to work on /home/airflow/.local/lib/python3.8/site-packages/airflow/example_dags/example_setup_teardown.py
[2023-11-13T07:57:19.496+0000] {processor.py:829} INFO - Processing file /home/airflow/.local/lib/python3.8/site-packages/airflow/example_dags/example_setup_teardown.py for tasks to queue
[2023-11-13T07:57:19.504+0000] {logging_mixin.py:154} INFO - [2023-11-13T07:57:19.503+0000] {dagbag.py:536} INFO - Filling up the DagBag from /home/airflow/.local/lib/python3.8/site-packages/airflow/example_dags/example_setup_teardown.py
[2023-11-13T07:57:19.524+0000] {processor.py:839} INFO - DAG(s) dict_keys(['example_setup_teardown']) retrieved from /home/airflow/.local/lib/python3.8/site-packages/airflow/example_dags/example_setup_teardown.py
[2023-11-13T07:57:19.555+0000] {logging_mixin.py:154} INFO - [2023-11-13T07:57:19.555+0000] {dag.py:2941} INFO - Sync 1 DAGs
[2023-11-13T07:57:19.579+0000] {logging_mixin.py:154} INFO - [2023-11-13T07:57:19.579+0000] {dag.py:3722} INFO - Setting next_dagrun for example_setup_teardown to 2023-11-12T07:57:19.579471+00:00, run_after=2023-11-13T07:57:19.579471+00:00
[2023-11-13T07:57:19.799+0000] {processor.py:179} INFO - Processing /home/airflow/.local/lib/python3.8/site-packages/airflow/example_dags/example_setup_teardown.py took 0.390 seconds
[2023-11-13T07:57:51.966+0000] {processor.py:157} INFO - Started process (PID=340) to work on /home/airflow/.local/lib/python3.8/site-packages/airflow/example_dags/example_setup_teardown.py
[2023-11-13T07:57:52.151+0000] {processor.py:829} INFO - Processing file /home/airflow/.local/lib/python3.8/site-packages/airflow/example_dags/example_setup_teardown.py for tasks to queue
[2023-11-13T07:57:52.160+0000] {logging_mixin.py:154} INFO - [2023-11-13T07:57:52.159+0000] {dagbag.py:536} INFO - Filling up the DagBag from /home/airflow/.local/lib/python3.8/site-packages/airflow/example_dags/example_setup_teardown.py
[2023-11-13T07:57:52.180+0000] {processor.py:839} INFO - DAG(s) dict_keys(['example_setup_teardown']) retrieved from /home/airflow/.local/lib/python3.8/site-packages/airflow/example_dags/example_setup_teardown.py
[2023-11-13T07:57:52.211+0000] {logging_mixin.py:154} INFO - [2023-11-13T07:57:52.211+0000] {dag.py:2941} INFO - Sync 1 DAGs
[2023-11-13T07:57:52.228+0000] {logging_mixin.py:154} INFO - [2023-11-13T07:57:52.227+0000] {dag.py:3722} INFO - Setting next_dagrun for example_setup_teardown to 2023-11-12T07:57:52.227724+00:00, run_after=2023-11-13T07:57:52.227724+00:00
[2023-11-13T07:57:52.493+0000] {processor.py:179} INFO - Processing /home/airflow/.local/lib/python3.8/site-packages/airflow/example_dags/example_setup_teardown.py took 0.529 seconds
[2023-11-13T07:58:22.563+0000] {processor.py:157} INFO - Started process (PID=394) to work on /home/airflow/.local/lib/python3.8/site-packages/airflow/example_dags/example_setup_teardown.py
[2023-11-13T07:58:22.571+0000] {processor.py:829} INFO - Processing file /home/airflow/.local/lib/python3.8/site-packages/airflow/example_dags/example_setup_teardown.py for tasks to queue
[2023-11-13T07:58:22.572+0000] {logging_mixin.py:154} INFO - [2023-11-13T07:58:22.572+0000] {dagbag.py:536} INFO - Filling up the DagBag from /home/airflow/.local/lib/python3.8/site-packages/airflow/example_dags/example_setup_teardown.py
[2023-11-13T07:58:22.576+0000] {processor.py:839} INFO - DAG(s) dict_keys(['example_setup_teardown']) retrieved from /home/airflow/.local/lib/python3.8/site-packages/airflow/example_dags/example_setup_teardown.py
[2023-11-13T07:58:22.592+0000] {logging_mixin.py:154} INFO - [2023-11-13T07:58:22.592+0000] {dag.py:2941} INFO - Sync 1 DAGs
[2023-11-13T07:58:22.607+0000] {logging_mixin.py:154} INFO - [2023-11-13T07:58:22.607+0000] {dag.py:3722} INFO - Setting next_dagrun for example_setup_teardown to 2023-11-12T07:58:22.607482+00:00, run_after=2023-11-13T07:58:22.607482+00:00
[2023-11-13T07:58:22.638+0000] {processor.py:179} INFO - Processing /home/airflow/.local/lib/python3.8/site-packages/airflow/example_dags/example_setup_teardown.py took 0.077 seconds
[2023-11-13T07:58:52.965+0000] {processor.py:157} INFO - Started process (PID=448) to work on /home/airflow/.local/lib/python3.8/site-packages/airflow/example_dags/example_setup_teardown.py
[2023-11-13T07:58:52.971+0000] {processor.py:829} INFO - Processing file /home/airflow/.local/lib/python3.8/site-packages/airflow/example_dags/example_setup_teardown.py for tasks to queue
[2023-11-13T07:58:52.973+0000] {logging_mixin.py:154} INFO - [2023-11-13T07:58:52.973+0000] {dagbag.py:536} INFO - Filling up the DagBag from /home/airflow/.local/lib/python3.8/site-packages/airflow/example_dags/example_setup_teardown.py
[2023-11-13T07:58:52.977+0000] {processor.py:839} INFO - DAG(s) dict_keys(['example_setup_teardown']) retrieved from /home/airflow/.local/lib/python3.8/site-packages/airflow/example_dags/example_setup_teardown.py
[2023-11-13T07:58:52.991+0000] {logging_mixin.py:154} INFO - [2023-11-13T07:58:52.991+0000] {dag.py:2941} INFO - Sync 1 DAGs
[2023-11-13T07:58:53.006+0000] {logging_mixin.py:154} INFO - [2023-11-13T07:58:53.006+0000] {dag.py:3722} INFO - Setting next_dagrun for example_setup_teardown to 2023-11-12T07:58:53.006179+00:00, run_after=2023-11-13T07:58:53.006179+00:00
[2023-11-13T07:58:53.038+0000] {processor.py:179} INFO - Processing /home/airflow/.local/lib/python3.8/site-packages/airflow/example_dags/example_setup_teardown.py took 0.075 seconds
[2023-11-13T07:59:23.074+0000] {processor.py:157} INFO - Started process (PID=502) to work on /home/airflow/.local/lib/python3.8/site-packages/airflow/example_dags/example_setup_teardown.py
[2023-11-13T07:59:23.075+0000] {processor.py:829} INFO - Processing file /home/airflow/.local/lib/python3.8/site-packages/airflow/example_dags/example_setup_teardown.py for tasks to queue
[2023-11-13T07:59:23.077+0000] {logging_mixin.py:154} INFO - [2023-11-13T07:59:23.076+0000] {dagbag.py:536} INFO - Filling up the DagBag from /home/airflow/.local/lib/python3.8/site-packages/airflow/example_dags/example_setup_teardown.py
[2023-11-13T07:59:23.084+0000] {processor.py:839} INFO - DAG(s) dict_keys(['example_setup_teardown']) retrieved from /home/airflow/.local/lib/python3.8/site-packages/airflow/example_dags/example_setup_teardown.py
[2023-11-13T07:59:23.102+0000] {logging_mixin.py:154} INFO - [2023-11-13T07:59:23.102+0000] {dag.py:2941} INFO - Sync 1 DAGs
[2023-11-13T07:59:23.117+0000] {logging_mixin.py:154} INFO - [2023-11-13T07:59:23.117+0000] {dag.py:3722} INFO - Setting next_dagrun for example_setup_teardown to 2023-11-12T07:59:23.117663+00:00, run_after=2023-11-13T07:59:23.117663+00:00
[2023-11-13T07:59:23.156+0000] {processor.py:179} INFO - Processing /home/airflow/.local/lib/python3.8/site-packages/airflow/example_dags/example_setup_teardown.py took 0.086 seconds
[2023-11-13T07:59:55.205+0000] {processor.py:157} INFO - Started process (PID=556) to work on /home/airflow/.local/lib/python3.8/site-packages/airflow/example_dags/example_setup_teardown.py
[2023-11-13T07:59:55.252+0000] {processor.py:829} INFO - Processing file /home/airflow/.local/lib/python3.8/site-packages/airflow/example_dags/example_setup_teardown.py for tasks to queue
[2023-11-13T07:59:55.255+0000] {logging_mixin.py:154} INFO - [2023-11-13T07:59:55.254+0000] {dagbag.py:536} INFO - Filling up the DagBag from /home/airflow/.local/lib/python3.8/site-packages/airflow/example_dags/example_setup_teardown.py
[2023-11-13T07:59:55.261+0000] {processor.py:839} INFO - DAG(s) dict_keys(['example_setup_teardown']) retrieved from /home/airflow/.local/lib/python3.8/site-packages/airflow/example_dags/example_setup_teardown.py
[2023-11-13T07:59:55.287+0000] {logging_mixin.py:154} INFO - [2023-11-13T07:59:55.287+0000] {dag.py:2941} INFO - Sync 1 DAGs
[2023-11-13T07:59:55.310+0000] {logging_mixin.py:154} INFO - [2023-11-13T07:59:55.310+0000] {dag.py:3722} INFO - Setting next_dagrun for example_setup_teardown to 2023-11-12T07:59:55.310177+00:00, run_after=2023-11-13T07:59:55.310177+00:00
[2023-11-13T07:59:55.418+0000] {processor.py:179} INFO - Processing /home/airflow/.local/lib/python3.8/site-packages/airflow/example_dags/example_setup_teardown.py took 0.216 seconds
[2023-11-13T08:00:26.267+0000] {processor.py:157} INFO - Started process (PID=610) to work on /home/airflow/.local/lib/python3.8/site-packages/airflow/example_dags/example_setup_teardown.py
[2023-11-13T08:00:26.267+0000] {processor.py:829} INFO - Processing file /home/airflow/.local/lib/python3.8/site-packages/airflow/example_dags/example_setup_teardown.py for tasks to queue
[2023-11-13T08:00:26.269+0000] {logging_mixin.py:154} INFO - [2023-11-13T08:00:26.269+0000] {dagbag.py:536} INFO - Filling up the DagBag from /home/airflow/.local/lib/python3.8/site-packages/airflow/example_dags/example_setup_teardown.py
[2023-11-13T08:00:26.273+0000] {processor.py:839} INFO - DAG(s) dict_keys(['example_setup_teardown']) retrieved from /home/airflow/.local/lib/python3.8/site-packages/airflow/example_dags/example_setup_teardown.py
[2023-11-13T08:00:26.289+0000] {logging_mixin.py:154} INFO - [2023-11-13T08:00:26.289+0000] {dag.py:2941} INFO - Sync 1 DAGs
[2023-11-13T08:00:26.306+0000] {logging_mixin.py:154} INFO - [2023-11-13T08:00:26.306+0000] {dag.py:3722} INFO - Setting next_dagrun for example_setup_teardown to 2023-11-12T08:00:26.306385+00:00, run_after=2023-11-13T08:00:26.306385+00:00
[2023-11-13T08:00:26.500+0000] {processor.py:179} INFO - Processing /home/airflow/.local/lib/python3.8/site-packages/airflow/example_dags/example_setup_teardown.py took 0.235 seconds
[2023-11-13T08:00:56.972+0000] {processor.py:157} INFO - Started process (PID=664) to work on /home/airflow/.local/lib/python3.8/site-packages/airflow/example_dags/example_setup_teardown.py
[2023-11-13T08:00:56.985+0000] {processor.py:829} INFO - Processing file /home/airflow/.local/lib/python3.8/site-packages/airflow/example_dags/example_setup_teardown.py for tasks to queue
[2023-11-13T08:00:56.986+0000] {logging_mixin.py:154} INFO - [2023-11-13T08:00:56.986+0000] {dagbag.py:536} INFO - Filling up the DagBag from /home/airflow/.local/lib/python3.8/site-packages/airflow/example_dags/example_setup_teardown.py
[2023-11-13T08:00:56.991+0000] {processor.py:839} INFO - DAG(s) dict_keys(['example_setup_teardown']) retrieved from /home/airflow/.local/lib/python3.8/site-packages/airflow/example_dags/example_setup_teardown.py
[2023-11-13T08:00:57.006+0000] {logging_mixin.py:154} INFO - [2023-11-13T08:00:57.005+0000] {dag.py:2941} INFO - Sync 1 DAGs
[2023-11-13T08:00:57.022+0000] {logging_mixin.py:154} INFO - [2023-11-13T08:00:57.021+0000] {dag.py:3722} INFO - Setting next_dagrun for example_setup_teardown to 2023-11-12T08:00:57.021716+00:00, run_after=2023-11-13T08:00:57.021716+00:00
[2023-11-13T08:00:57.061+0000] {processor.py:179} INFO - Processing /home/airflow/.local/lib/python3.8/site-packages/airflow/example_dags/example_setup_teardown.py took 0.092 seconds
[2023-11-13T08:01:27.094+0000] {processor.py:157} INFO - Started process (PID=718) to work on /home/airflow/.local/lib/python3.8/site-packages/airflow/example_dags/example_setup_teardown.py
[2023-11-13T08:01:27.094+0000] {processor.py:829} INFO - Processing file /home/airflow/.local/lib/python3.8/site-packages/airflow/example_dags/example_setup_teardown.py for tasks to queue
[2023-11-13T08:01:27.096+0000] {logging_mixin.py:154} INFO - [2023-11-13T08:01:27.095+0000] {dagbag.py:536} INFO - Filling up the DagBag from /home/airflow/.local/lib/python3.8/site-packages/airflow/example_dags/example_setup_teardown.py
[2023-11-13T08:01:27.100+0000] {processor.py:839} INFO - DAG(s) dict_keys(['example_setup_teardown']) retrieved from /home/airflow/.local/lib/python3.8/site-packages/airflow/example_dags/example_setup_teardown.py
[2023-11-13T08:01:27.114+0000] {logging_mixin.py:154} INFO - [2023-11-13T08:01:27.114+0000] {dag.py:2941} INFO - Sync 1 DAGs
[2023-11-13T08:01:27.129+0000] {logging_mixin.py:154} INFO - [2023-11-13T08:01:27.129+0000] {dag.py:3722} INFO - Setting next_dagrun for example_setup_teardown to 2023-11-12T08:01:27.129371+00:00, run_after=2023-11-13T08:01:27.129371+00:00
[2023-11-13T08:01:27.154+0000] {processor.py:179} INFO - Processing /home/airflow/.local/lib/python3.8/site-packages/airflow/example_dags/example_setup_teardown.py took 0.063 seconds
[2023-11-13T08:01:58.644+0000] {processor.py:157} INFO - Started process (PID=772) to work on /home/airflow/.local/lib/python3.8/site-packages/airflow/example_dags/example_setup_teardown.py
[2023-11-13T08:01:58.731+0000] {processor.py:829} INFO - Processing file /home/airflow/.local/lib/python3.8/site-packages/airflow/example_dags/example_setup_teardown.py for tasks to queue
[2023-11-13T08:01:58.736+0000] {logging_mixin.py:154} INFO - [2023-11-13T08:01:58.736+0000] {dagbag.py:536} INFO - Filling up the DagBag from /home/airflow/.local/lib/python3.8/site-packages/airflow/example_dags/example_setup_teardown.py
[2023-11-13T08:01:58.741+0000] {processor.py:839} INFO - DAG(s) dict_keys(['example_setup_teardown']) retrieved from /home/airflow/.local/lib/python3.8/site-packages/airflow/example_dags/example_setup_teardown.py
[2023-11-13T08:01:58.755+0000] {logging_mixin.py:154} INFO - [2023-11-13T08:01:58.755+0000] {dag.py:2941} INFO - Sync 1 DAGs
[2023-11-13T08:01:58.770+0000] {logging_mixin.py:154} INFO - [2023-11-13T08:01:58.769+0000] {dag.py:3722} INFO - Setting next_dagrun for example_setup_teardown to 2023-11-12T08:01:58.769762+00:00, run_after=2023-11-13T08:01:58.769762+00:00
[2023-11-13T08:01:59.237+0000] {processor.py:179} INFO - Processing /home/airflow/.local/lib/python3.8/site-packages/airflow/example_dags/example_setup_teardown.py took 0.596 seconds
[2023-11-13T08:02:30.737+0000] {processor.py:157} INFO - Started process (PID=826) to work on /home/airflow/.local/lib/python3.8/site-packages/airflow/example_dags/example_setup_teardown.py
[2023-11-13T08:02:30.738+0000] {processor.py:829} INFO - Processing file /home/airflow/.local/lib/python3.8/site-packages/airflow/example_dags/example_setup_teardown.py for tasks to queue
[2023-11-13T08:02:30.742+0000] {logging_mixin.py:154} INFO - [2023-11-13T08:02:30.741+0000] {dagbag.py:536} INFO - Filling up the DagBag from /home/airflow/.local/lib/python3.8/site-packages/airflow/example_dags/example_setup_teardown.py
[2023-11-13T08:02:30.752+0000] {processor.py:839} INFO - DAG(s) dict_keys(['example_setup_teardown']) retrieved from /home/airflow/.local/lib/python3.8/site-packages/airflow/example_dags/example_setup_teardown.py
[2023-11-13T08:02:30.776+0000] {logging_mixin.py:154} INFO - [2023-11-13T08:02:30.776+0000] {dag.py:2941} INFO - Sync 1 DAGs
[2023-11-13T08:02:30.791+0000] {logging_mixin.py:154} INFO - [2023-11-13T08:02:30.791+0000] {dag.py:3722} INFO - Setting next_dagrun for example_setup_teardown to 2023-11-12T08:02:30.791677+00:00, run_after=2023-11-13T08:02:30.791677+00:00
[2023-11-13T08:02:30.823+0000] {processor.py:179} INFO - Processing /home/airflow/.local/lib/python3.8/site-packages/airflow/example_dags/example_setup_teardown.py took 0.092 seconds
[2023-11-13T08:03:01.251+0000] {processor.py:157} INFO - Started process (PID=880) to work on /home/airflow/.local/lib/python3.8/site-packages/airflow/example_dags/example_setup_teardown.py
[2023-11-13T08:03:01.252+0000] {processor.py:829} INFO - Processing file /home/airflow/.local/lib/python3.8/site-packages/airflow/example_dags/example_setup_teardown.py for tasks to queue
[2023-11-13T08:03:01.255+0000] {logging_mixin.py:154} INFO - [2023-11-13T08:03:01.255+0000] {dagbag.py:536} INFO - Filling up the DagBag from /home/airflow/.local/lib/python3.8/site-packages/airflow/example_dags/example_setup_teardown.py
[2023-11-13T08:03:01.263+0000] {processor.py:839} INFO - DAG(s) dict_keys(['example_setup_teardown']) retrieved from /home/airflow/.local/lib/python3.8/site-packages/airflow/example_dags/example_setup_teardown.py
[2023-11-13T08:03:01.282+0000] {logging_mixin.py:154} INFO - [2023-11-13T08:03:01.281+0000] {dag.py:2941} INFO - Sync 1 DAGs
[2023-11-13T08:03:01.297+0000] {logging_mixin.py:154} INFO - [2023-11-13T08:03:01.296+0000] {dag.py:3722} INFO - Setting next_dagrun for example_setup_teardown to 2023-11-12T08:03:01.296769+00:00, run_after=2023-11-13T08:03:01.296769+00:00
[2023-11-13T08:03:01.377+0000] {processor.py:179} INFO - Processing /home/airflow/.local/lib/python3.8/site-packages/airflow/example_dags/example_setup_teardown.py took 0.131 seconds
[2023-11-13T08:03:31.815+0000] {processor.py:157} INFO - Started process (PID=934) to work on /home/airflow/.local/lib/python3.8/site-packages/airflow/example_dags/example_setup_teardown.py
[2023-11-13T08:03:31.815+0000] {processor.py:829} INFO - Processing file /home/airflow/.local/lib/python3.8/site-packages/airflow/example_dags/example_setup_teardown.py for tasks to queue
[2023-11-13T08:03:31.817+0000] {logging_mixin.py:154} INFO - [2023-11-13T08:03:31.816+0000] {dagbag.py:536} INFO - Filling up the DagBag from /home/airflow/.local/lib/python3.8/site-packages/airflow/example_dags/example_setup_teardown.py
[2023-11-13T08:03:31.821+0000] {processor.py:839} INFO - DAG(s) dict_keys(['example_setup_teardown']) retrieved from /home/airflow/.local/lib/python3.8/site-packages/airflow/example_dags/example_setup_teardown.py
[2023-11-13T08:03:31.836+0000] {logging_mixin.py:154} INFO - [2023-11-13T08:03:31.836+0000] {dag.py:2941} INFO - Sync 1 DAGs
[2023-11-13T08:03:31.852+0000] {logging_mixin.py:154} INFO - [2023-11-13T08:03:31.852+0000] {dag.py:3722} INFO - Setting next_dagrun for example_setup_teardown to 2023-11-12T08:03:31.851983+00:00, run_after=2023-11-13T08:03:31.851983+00:00
[2023-11-13T08:03:31.881+0000] {processor.py:179} INFO - Processing /home/airflow/.local/lib/python3.8/site-packages/airflow/example_dags/example_setup_teardown.py took 0.068 seconds
[2023-11-13T08:04:03.954+0000] {processor.py:157} INFO - Started process (PID=988) to work on /home/airflow/.local/lib/python3.8/site-packages/airflow/example_dags/example_setup_teardown.py
[2023-11-13T08:04:03.984+0000] {processor.py:829} INFO - Processing file /home/airflow/.local/lib/python3.8/site-packages/airflow/example_dags/example_setup_teardown.py for tasks to queue
[2023-11-13T08:04:03.985+0000] {logging_mixin.py:154} INFO - [2023-11-13T08:04:03.985+0000] {dagbag.py:536} INFO - Filling up the DagBag from /home/airflow/.local/lib/python3.8/site-packages/airflow/example_dags/example_setup_teardown.py
[2023-11-13T08:04:03.991+0000] {processor.py:839} INFO - DAG(s) dict_keys(['example_setup_teardown']) retrieved from /home/airflow/.local/lib/python3.8/site-packages/airflow/example_dags/example_setup_teardown.py
[2023-11-13T08:04:04.006+0000] {logging_mixin.py:154} INFO - [2023-11-13T08:04:04.006+0000] {dag.py:2941} INFO - Sync 1 DAGs
[2023-11-13T08:04:04.023+0000] {logging_mixin.py:154} INFO - [2023-11-13T08:04:04.023+0000] {dag.py:3722} INFO - Setting next_dagrun for example_setup_teardown to 2023-11-12T08:04:04.023209+00:00, run_after=2023-11-13T08:04:04.023209+00:00
[2023-11-13T08:04:04.140+0000] {processor.py:179} INFO - Processing /home/airflow/.local/lib/python3.8/site-packages/airflow/example_dags/example_setup_teardown.py took 0.188 seconds
[2023-11-13T08:04:34.387+0000] {processor.py:157} INFO - Started process (PID=1042) to work on /home/airflow/.local/lib/python3.8/site-packages/airflow/example_dags/example_setup_teardown.py
[2023-11-13T08:04:34.482+0000] {processor.py:829} INFO - Processing file /home/airflow/.local/lib/python3.8/site-packages/airflow/example_dags/example_setup_teardown.py for tasks to queue
[2023-11-13T08:04:34.485+0000] {logging_mixin.py:154} INFO - [2023-11-13T08:04:34.485+0000] {dagbag.py:536} INFO - Filling up the DagBag from /home/airflow/.local/lib/python3.8/site-packages/airflow/example_dags/example_setup_teardown.py
[2023-11-13T08:04:34.500+0000] {processor.py:839} INFO - DAG(s) dict_keys(['example_setup_teardown']) retrieved from /home/airflow/.local/lib/python3.8/site-packages/airflow/example_dags/example_setup_teardown.py
[2023-11-13T08:04:34.556+0000] {logging_mixin.py:154} INFO - [2023-11-13T08:04:34.555+0000] {dag.py:2941} INFO - Sync 1 DAGs
[2023-11-13T08:04:34.583+0000] {logging_mixin.py:154} INFO - [2023-11-13T08:04:34.583+0000] {dag.py:3722} INFO - Setting next_dagrun for example_setup_teardown to 2023-11-12T08:04:34.582964+00:00, run_after=2023-11-13T08:04:34.582964+00:00
[2023-11-13T08:04:34.786+0000] {processor.py:179} INFO - Processing /home/airflow/.local/lib/python3.8/site-packages/airflow/example_dags/example_setup_teardown.py took 0.403 seconds
[2023-11-13T08:05:05.283+0000] {processor.py:157} INFO - Started process (PID=1096) to work on /home/airflow/.local/lib/python3.8/site-packages/airflow/example_dags/example_setup_teardown.py
[2023-11-13T08:05:05.424+0000] {processor.py:829} INFO - Processing file /home/airflow/.local/lib/python3.8/site-packages/airflow/example_dags/example_setup_teardown.py for tasks to queue
[2023-11-13T08:05:05.431+0000] {logging_mixin.py:154} INFO - [2023-11-13T08:05:05.430+0000] {dagbag.py:536} INFO - Filling up the DagBag from /home/airflow/.local/lib/python3.8/site-packages/airflow/example_dags/example_setup_teardown.py
[2023-11-13T08:05:05.449+0000] {processor.py:839} INFO - DAG(s) dict_keys(['example_setup_teardown']) retrieved from /home/airflow/.local/lib/python3.8/site-packages/airflow/example_dags/example_setup_teardown.py
[2023-11-13T08:05:05.464+0000] {logging_mixin.py:154} INFO - [2023-11-13T08:05:05.464+0000] {dag.py:2941} INFO - Sync 1 DAGs
[2023-11-13T08:05:05.478+0000] {logging_mixin.py:154} INFO - [2023-11-13T08:05:05.478+0000] {dag.py:3722} INFO - Setting next_dagrun for example_setup_teardown to 2023-11-12T08:05:05.478359+00:00, run_after=2023-11-13T08:05:05.478359+00:00
[2023-11-13T08:05:05.544+0000] {processor.py:179} INFO - Processing /home/airflow/.local/lib/python3.8/site-packages/airflow/example_dags/example_setup_teardown.py took 0.265 seconds
[2023-11-13T08:05:35.675+0000] {processor.py:157} INFO - Started process (PID=1150) to work on /home/airflow/.local/lib/python3.8/site-packages/airflow/example_dags/example_setup_teardown.py
[2023-11-13T08:05:35.675+0000] {processor.py:829} INFO - Processing file /home/airflow/.local/lib/python3.8/site-packages/airflow/example_dags/example_setup_teardown.py for tasks to queue
[2023-11-13T08:05:35.677+0000] {logging_mixin.py:154} INFO - [2023-11-13T08:05:35.677+0000] {dagbag.py:536} INFO - Filling up the DagBag from /home/airflow/.local/lib/python3.8/site-packages/airflow/example_dags/example_setup_teardown.py
[2023-11-13T08:05:35.681+0000] {processor.py:839} INFO - DAG(s) dict_keys(['example_setup_teardown']) retrieved from /home/airflow/.local/lib/python3.8/site-packages/airflow/example_dags/example_setup_teardown.py
[2023-11-13T08:05:35.696+0000] {logging_mixin.py:154} INFO - [2023-11-13T08:05:35.696+0000] {dag.py:2941} INFO - Sync 1 DAGs
[2023-11-13T08:05:35.803+0000] {logging_mixin.py:154} INFO - [2023-11-13T08:05:35.803+0000] {dag.py:3722} INFO - Setting next_dagrun for example_setup_teardown to 2023-11-12T08:05:35.802940+00:00, run_after=2023-11-13T08:05:35.802940+00:00
[2023-11-13T08:05:35.834+0000] {processor.py:179} INFO - Processing /home/airflow/.local/lib/python3.8/site-packages/airflow/example_dags/example_setup_teardown.py took 0.162 seconds
[2023-11-13T08:06:07.856+0000] {processor.py:157} INFO - Started process (PID=1204) to work on /home/airflow/.local/lib/python3.8/site-packages/airflow/example_dags/example_setup_teardown.py
[2023-11-13T08:06:08.138+0000] {processor.py:829} INFO - Processing file /home/airflow/.local/lib/python3.8/site-packages/airflow/example_dags/example_setup_teardown.py for tasks to queue
[2023-11-13T08:06:08.146+0000] {logging_mixin.py:154} INFO - [2023-11-13T08:06:08.145+0000] {dagbag.py:536} INFO - Filling up the DagBag from /home/airflow/.local/lib/python3.8/site-packages/airflow/example_dags/example_setup_teardown.py
[2023-11-13T08:06:08.167+0000] {processor.py:839} INFO - DAG(s) dict_keys(['example_setup_teardown']) retrieved from /home/airflow/.local/lib/python3.8/site-packages/airflow/example_dags/example_setup_teardown.py
[2023-11-13T08:06:08.195+0000] {logging_mixin.py:154} INFO - [2023-11-13T08:06:08.195+0000] {dag.py:2941} INFO - Sync 1 DAGs
[2023-11-13T08:06:08.211+0000] {logging_mixin.py:154} INFO - [2023-11-13T08:06:08.211+0000] {dag.py:3722} INFO - Setting next_dagrun for example_setup_teardown to 2023-11-12T08:06:08.211290+00:00, run_after=2023-11-13T08:06:08.211290+00:00
[2023-11-13T08:06:08.568+0000] {processor.py:179} INFO - Processing /home/airflow/.local/lib/python3.8/site-packages/airflow/example_dags/example_setup_teardown.py took 0.716 seconds
[2023-11-13T08:06:39.319+0000] {processor.py:157} INFO - Started process (PID=1258) to work on /home/airflow/.local/lib/python3.8/site-packages/airflow/example_dags/example_setup_teardown.py
[2023-11-13T08:06:39.320+0000] {processor.py:829} INFO - Processing file /home/airflow/.local/lib/python3.8/site-packages/airflow/example_dags/example_setup_teardown.py for tasks to queue
[2023-11-13T08:06:39.321+0000] {logging_mixin.py:154} INFO - [2023-11-13T08:06:39.321+0000] {dagbag.py:536} INFO - Filling up the DagBag from /home/airflow/.local/lib/python3.8/site-packages/airflow/example_dags/example_setup_teardown.py
[2023-11-13T08:06:39.326+0000] {processor.py:839} INFO - DAG(s) dict_keys(['example_setup_teardown']) retrieved from /home/airflow/.local/lib/python3.8/site-packages/airflow/example_dags/example_setup_teardown.py
[2023-11-13T08:06:39.341+0000] {logging_mixin.py:154} INFO - [2023-11-13T08:06:39.341+0000] {dag.py:2941} INFO - Sync 1 DAGs
[2023-11-13T08:06:39.357+0000] {logging_mixin.py:154} INFO - [2023-11-13T08:06:39.357+0000] {dag.py:3722} INFO - Setting next_dagrun for example_setup_teardown to 2023-11-12T08:06:39.357567+00:00, run_after=2023-11-13T08:06:39.357567+00:00
[2023-11-13T08:06:39.387+0000] {processor.py:179} INFO - Processing /home/airflow/.local/lib/python3.8/site-packages/airflow/example_dags/example_setup_teardown.py took 0.070 seconds
[2023-11-13T08:07:10.667+0000] {processor.py:157} INFO - Started process (PID=1312) to work on /home/airflow/.local/lib/python3.8/site-packages/airflow/example_dags/example_setup_teardown.py
[2023-11-13T08:07:10.815+0000] {processor.py:829} INFO - Processing file /home/airflow/.local/lib/python3.8/site-packages/airflow/example_dags/example_setup_teardown.py for tasks to queue
[2023-11-13T08:07:10.817+0000] {logging_mixin.py:154} INFO - [2023-11-13T08:07:10.816+0000] {dagbag.py:536} INFO - Filling up the DagBag from /home/airflow/.local/lib/python3.8/site-packages/airflow/example_dags/example_setup_teardown.py
[2023-11-13T08:07:10.822+0000] {processor.py:839} INFO - DAG(s) dict_keys(['example_setup_teardown']) retrieved from /home/airflow/.local/lib/python3.8/site-packages/airflow/example_dags/example_setup_teardown.py
[2023-11-13T08:07:10.840+0000] {logging_mixin.py:154} INFO - [2023-11-13T08:07:10.840+0000] {dag.py:2941} INFO - Sync 1 DAGs
[2023-11-13T08:07:10.954+0000] {logging_mixin.py:154} INFO - [2023-11-13T08:07:10.954+0000] {dag.py:3722} INFO - Setting next_dagrun for example_setup_teardown to 2023-11-12T08:07:10.953943+00:00, run_after=2023-11-13T08:07:10.953943+00:00
[2023-11-13T08:07:11.314+0000] {processor.py:179} INFO - Processing /home/airflow/.local/lib/python3.8/site-packages/airflow/example_dags/example_setup_teardown.py took 0.649 seconds
[2023-11-13T08:07:41.975+0000] {processor.py:157} INFO - Started process (PID=1366) to work on /home/airflow/.local/lib/python3.8/site-packages/airflow/example_dags/example_setup_teardown.py
[2023-11-13T08:07:41.975+0000] {processor.py:829} INFO - Processing file /home/airflow/.local/lib/python3.8/site-packages/airflow/example_dags/example_setup_teardown.py for tasks to queue
[2023-11-13T08:07:41.977+0000] {logging_mixin.py:154} INFO - [2023-11-13T08:07:41.976+0000] {dagbag.py:536} INFO - Filling up the DagBag from /home/airflow/.local/lib/python3.8/site-packages/airflow/example_dags/example_setup_teardown.py
[2023-11-13T08:07:41.981+0000] {processor.py:839} INFO - DAG(s) dict_keys(['example_setup_teardown']) retrieved from /home/airflow/.local/lib/python3.8/site-packages/airflow/example_dags/example_setup_teardown.py
[2023-11-13T08:07:41.995+0000] {logging_mixin.py:154} INFO - [2023-11-13T08:07:41.995+0000] {dag.py:2941} INFO - Sync 1 DAGs
[2023-11-13T08:07:42.009+0000] {logging_mixin.py:154} INFO - [2023-11-13T08:07:42.009+0000] {dag.py:3722} INFO - Setting next_dagrun for example_setup_teardown to 2023-11-12T08:07:42.009079+00:00, run_after=2023-11-13T08:07:42.009079+00:00
[2023-11-13T08:07:42.349+0000] {processor.py:179} INFO - Processing /home/airflow/.local/lib/python3.8/site-packages/airflow/example_dags/example_setup_teardown.py took 0.380 seconds
[2023-11-13T08:08:12.792+0000] {processor.py:157} INFO - Started process (PID=1420) to work on /home/airflow/.local/lib/python3.8/site-packages/airflow/example_dags/example_setup_teardown.py
[2023-11-13T08:08:12.892+0000] {processor.py:829} INFO - Processing file /home/airflow/.local/lib/python3.8/site-packages/airflow/example_dags/example_setup_teardown.py for tasks to queue
[2023-11-13T08:08:12.895+0000] {logging_mixin.py:154} INFO - [2023-11-13T08:08:12.895+0000] {dagbag.py:536} INFO - Filling up the DagBag from /home/airflow/.local/lib/python3.8/site-packages/airflow/example_dags/example_setup_teardown.py
[2023-11-13T08:08:12.904+0000] {processor.py:839} INFO - DAG(s) dict_keys(['example_setup_teardown']) retrieved from /home/airflow/.local/lib/python3.8/site-packages/airflow/example_dags/example_setup_teardown.py
[2023-11-13T08:08:13.037+0000] {logging_mixin.py:154} INFO - [2023-11-13T08:08:13.037+0000] {dag.py:2941} INFO - Sync 1 DAGs
[2023-11-13T08:08:13.207+0000] {logging_mixin.py:154} INFO - [2023-11-13T08:08:13.207+0000] {dag.py:3722} INFO - Setting next_dagrun for example_setup_teardown to 2023-11-12T08:08:13.207183+00:00, run_after=2023-11-13T08:08:13.207183+00:00
[2023-11-13T08:08:13.670+0000] {processor.py:179} INFO - Processing /home/airflow/.local/lib/python3.8/site-packages/airflow/example_dags/example_setup_teardown.py took 0.881 seconds
[2023-11-13T08:08:44.676+0000] {processor.py:157} INFO - Started process (PID=1474) to work on /home/airflow/.local/lib/python3.8/site-packages/airflow/example_dags/example_setup_teardown.py
[2023-11-13T08:08:44.677+0000] {processor.py:829} INFO - Processing file /home/airflow/.local/lib/python3.8/site-packages/airflow/example_dags/example_setup_teardown.py for tasks to queue
[2023-11-13T08:08:44.679+0000] {logging_mixin.py:154} INFO - [2023-11-13T08:08:44.678+0000] {dagbag.py:536} INFO - Filling up the DagBag from /home/airflow/.local/lib/python3.8/site-packages/airflow/example_dags/example_setup_teardown.py
[2023-11-13T08:08:44.683+0000] {processor.py:839} INFO - DAG(s) dict_keys(['example_setup_teardown']) retrieved from /home/airflow/.local/lib/python3.8/site-packages/airflow/example_dags/example_setup_teardown.py
[2023-11-13T08:08:44.698+0000] {logging_mixin.py:154} INFO - [2023-11-13T08:08:44.698+0000] {dag.py:2941} INFO - Sync 1 DAGs
[2023-11-13T08:08:44.714+0000] {logging_mixin.py:154} INFO - [2023-11-13T08:08:44.714+0000] {dag.py:3722} INFO - Setting next_dagrun for example_setup_teardown to 2023-11-12T08:08:44.714309+00:00, run_after=2023-11-13T08:08:44.714309+00:00
[2023-11-13T08:08:44.969+0000] {processor.py:179} INFO - Processing /home/airflow/.local/lib/python3.8/site-packages/airflow/example_dags/example_setup_teardown.py took 0.295 seconds
[2023-11-13T08:09:16.133+0000] {processor.py:157} INFO - Started process (PID=1528) to work on /home/airflow/.local/lib/python3.8/site-packages/airflow/example_dags/example_setup_teardown.py
[2023-11-13T08:09:16.255+0000] {processor.py:829} INFO - Processing file /home/airflow/.local/lib/python3.8/site-packages/airflow/example_dags/example_setup_teardown.py for tasks to queue
[2023-11-13T08:09:16.262+0000] {logging_mixin.py:154} INFO - [2023-11-13T08:09:16.262+0000] {dagbag.py:536} INFO - Filling up the DagBag from /home/airflow/.local/lib/python3.8/site-packages/airflow/example_dags/example_setup_teardown.py
[2023-11-13T08:09:16.278+0000] {processor.py:839} INFO - DAG(s) dict_keys(['example_setup_teardown']) retrieved from /home/airflow/.local/lib/python3.8/site-packages/airflow/example_dags/example_setup_teardown.py
[2023-11-13T08:09:16.305+0000] {logging_mixin.py:154} INFO - [2023-11-13T08:09:16.305+0000] {dag.py:2941} INFO - Sync 1 DAGs
[2023-11-13T08:09:16.320+0000] {logging_mixin.py:154} INFO - [2023-11-13T08:09:16.320+0000] {dag.py:3722} INFO - Setting next_dagrun for example_setup_teardown to 2023-11-12T08:09:16.320569+00:00, run_after=2023-11-13T08:09:16.320569+00:00
[2023-11-13T08:09:16.632+0000] {processor.py:179} INFO - Processing /home/airflow/.local/lib/python3.8/site-packages/airflow/example_dags/example_setup_teardown.py took 0.501 seconds
[2023-11-13T08:09:47.481+0000] {processor.py:157} INFO - Started process (PID=1582) to work on /home/airflow/.local/lib/python3.8/site-packages/airflow/example_dags/example_setup_teardown.py
[2023-11-13T08:09:47.481+0000] {processor.py:829} INFO - Processing file /home/airflow/.local/lib/python3.8/site-packages/airflow/example_dags/example_setup_teardown.py for tasks to queue
[2023-11-13T08:09:47.483+0000] {logging_mixin.py:154} INFO - [2023-11-13T08:09:47.482+0000] {dagbag.py:536} INFO - Filling up the DagBag from /home/airflow/.local/lib/python3.8/site-packages/airflow/example_dags/example_setup_teardown.py
[2023-11-13T08:09:47.486+0000] {processor.py:839} INFO - DAG(s) dict_keys(['example_setup_teardown']) retrieved from /home/airflow/.local/lib/python3.8/site-packages/airflow/example_dags/example_setup_teardown.py
[2023-11-13T08:09:47.501+0000] {logging_mixin.py:154} INFO - [2023-11-13T08:09:47.501+0000] {dag.py:2941} INFO - Sync 1 DAGs
[2023-11-13T08:09:47.617+0000] {logging_mixin.py:154} INFO - [2023-11-13T08:09:47.616+0000] {dag.py:3722} INFO - Setting next_dagrun for example_setup_teardown to 2023-11-12T08:09:47.616770+00:00, run_after=2023-11-13T08:09:47.616770+00:00
[2023-11-13T08:09:47.671+0000] {processor.py:179} INFO - Processing /home/airflow/.local/lib/python3.8/site-packages/airflow/example_dags/example_setup_teardown.py took 0.192 seconds
[2023-11-13T08:10:19.630+0000] {processor.py:157} INFO - Started process (PID=1636) to work on /home/airflow/.local/lib/python3.8/site-packages/airflow/example_dags/example_setup_teardown.py
[2023-11-13T08:10:19.631+0000] {processor.py:829} INFO - Processing file /home/airflow/.local/lib/python3.8/site-packages/airflow/example_dags/example_setup_teardown.py for tasks to queue
[2023-11-13T08:10:19.633+0000] {logging_mixin.py:154} INFO - [2023-11-13T08:10:19.632+0000] {dagbag.py:536} INFO - Filling up the DagBag from /home/airflow/.local/lib/python3.8/site-packages/airflow/example_dags/example_setup_teardown.py
[2023-11-13T08:10:19.637+0000] {processor.py:839} INFO - DAG(s) dict_keys(['example_setup_teardown']) retrieved from /home/airflow/.local/lib/python3.8/site-packages/airflow/example_dags/example_setup_teardown.py
[2023-11-13T08:10:19.652+0000] {logging_mixin.py:154} INFO - [2023-11-13T08:10:19.652+0000] {dag.py:2941} INFO - Sync 1 DAGs
[2023-11-13T08:10:19.668+0000] {logging_mixin.py:154} INFO - [2023-11-13T08:10:19.667+0000] {dag.py:3722} INFO - Setting next_dagrun for example_setup_teardown to 2023-11-12T08:10:19.667775+00:00, run_after=2023-11-13T08:10:19.667775+00:00
[2023-11-13T08:10:19.697+0000] {processor.py:179} INFO - Processing /home/airflow/.local/lib/python3.8/site-packages/airflow/example_dags/example_setup_teardown.py took 0.069 seconds
[2023-11-13T08:10:52.447+0000] {processor.py:157} INFO - Started process (PID=1690) to work on /home/airflow/.local/lib/python3.8/site-packages/airflow/example_dags/example_setup_teardown.py
[2023-11-13T08:10:52.448+0000] {processor.py:829} INFO - Processing file /home/airflow/.local/lib/python3.8/site-packages/airflow/example_dags/example_setup_teardown.py for tasks to queue
[2023-11-13T08:10:52.450+0000] {logging_mixin.py:154} INFO - [2023-11-13T08:10:52.450+0000] {dagbag.py:536} INFO - Filling up the DagBag from /home/airflow/.local/lib/python3.8/site-packages/airflow/example_dags/example_setup_teardown.py
[2023-11-13T08:10:52.454+0000] {processor.py:839} INFO - DAG(s) dict_keys(['example_setup_teardown']) retrieved from /home/airflow/.local/lib/python3.8/site-packages/airflow/example_dags/example_setup_teardown.py
[2023-11-13T08:10:52.469+0000] {logging_mixin.py:154} INFO - [2023-11-13T08:10:52.469+0000] {dag.py:2941} INFO - Sync 1 DAGs
[2023-11-13T08:10:52.484+0000] {logging_mixin.py:154} INFO - [2023-11-13T08:10:52.484+0000] {dag.py:3722} INFO - Setting next_dagrun for example_setup_teardown to 2023-11-12T08:10:52.484580+00:00, run_after=2023-11-13T08:10:52.484580+00:00
[2023-11-13T08:10:52.832+0000] {processor.py:179} INFO - Processing /home/airflow/.local/lib/python3.8/site-packages/airflow/example_dags/example_setup_teardown.py took 0.387 seconds
[2023-11-13T08:11:23.563+0000] {processor.py:157} INFO - Started process (PID=1744) to work on /home/airflow/.local/lib/python3.8/site-packages/airflow/example_dags/example_setup_teardown.py
[2023-11-13T08:11:23.564+0000] {processor.py:829} INFO - Processing file /home/airflow/.local/lib/python3.8/site-packages/airflow/example_dags/example_setup_teardown.py for tasks to queue
[2023-11-13T08:11:23.565+0000] {logging_mixin.py:154} INFO - [2023-11-13T08:11:23.565+0000] {dagbag.py:536} INFO - Filling up the DagBag from /home/airflow/.local/lib/python3.8/site-packages/airflow/example_dags/example_setup_teardown.py
[2023-11-13T08:11:23.570+0000] {processor.py:839} INFO - DAG(s) dict_keys(['example_setup_teardown']) retrieved from /home/airflow/.local/lib/python3.8/site-packages/airflow/example_dags/example_setup_teardown.py
[2023-11-13T08:11:23.584+0000] {logging_mixin.py:154} INFO - [2023-11-13T08:11:23.584+0000] {dag.py:2941} INFO - Sync 1 DAGs
[2023-11-13T08:11:23.602+0000] {logging_mixin.py:154} INFO - [2023-11-13T08:11:23.601+0000] {dag.py:3722} INFO - Setting next_dagrun for example_setup_teardown to 2023-11-12T08:11:23.601644+00:00, run_after=2023-11-13T08:11:23.601644+00:00
[2023-11-13T08:11:23.637+0000] {processor.py:179} INFO - Processing /home/airflow/.local/lib/python3.8/site-packages/airflow/example_dags/example_setup_teardown.py took 0.076 seconds
[2023-11-13T08:11:53.781+0000] {processor.py:157} INFO - Started process (PID=1798) to work on /home/airflow/.local/lib/python3.8/site-packages/airflow/example_dags/example_setup_teardown.py
[2023-11-13T08:11:53.794+0000] {processor.py:829} INFO - Processing file /home/airflow/.local/lib/python3.8/site-packages/airflow/example_dags/example_setup_teardown.py for tasks to queue
[2023-11-13T08:11:53.796+0000] {logging_mixin.py:154} INFO - [2023-11-13T08:11:53.796+0000] {dagbag.py:536} INFO - Filling up the DagBag from /home/airflow/.local/lib/python3.8/site-packages/airflow/example_dags/example_setup_teardown.py
[2023-11-13T08:11:53.800+0000] {processor.py:839} INFO - DAG(s) dict_keys(['example_setup_teardown']) retrieved from /home/airflow/.local/lib/python3.8/site-packages/airflow/example_dags/example_setup_teardown.py
[2023-11-13T08:11:53.815+0000] {logging_mixin.py:154} INFO - [2023-11-13T08:11:53.815+0000] {dag.py:2941} INFO - Sync 1 DAGs
[2023-11-13T08:11:53.831+0000] {logging_mixin.py:154} INFO - [2023-11-13T08:11:53.831+0000] {dag.py:3722} INFO - Setting next_dagrun for example_setup_teardown to 2023-11-12T08:11:53.831109+00:00, run_after=2023-11-13T08:11:53.831109+00:00
[2023-11-13T08:11:54.132+0000] {processor.py:179} INFO - Processing /home/airflow/.local/lib/python3.8/site-packages/airflow/example_dags/example_setup_teardown.py took 0.353 seconds
[2023-11-13T08:12:26.022+0000] {processor.py:157} INFO - Started process (PID=1852) to work on /home/airflow/.local/lib/python3.8/site-packages/airflow/example_dags/example_setup_teardown.py
[2023-11-13T08:12:26.195+0000] {processor.py:829} INFO - Processing file /home/airflow/.local/lib/python3.8/site-packages/airflow/example_dags/example_setup_teardown.py for tasks to queue
[2023-11-13T08:12:26.200+0000] {logging_mixin.py:154} INFO - [2023-11-13T08:12:26.199+0000] {dagbag.py:536} INFO - Filling up the DagBag from /home/airflow/.local/lib/python3.8/site-packages/airflow/example_dags/example_setup_teardown.py
[2023-11-13T08:12:26.203+0000] {processor.py:839} INFO - DAG(s) dict_keys(['example_setup_teardown']) retrieved from /home/airflow/.local/lib/python3.8/site-packages/airflow/example_dags/example_setup_teardown.py
[2023-11-13T08:12:26.219+0000] {logging_mixin.py:154} INFO - [2023-11-13T08:12:26.219+0000] {dag.py:2941} INFO - Sync 1 DAGs
[2023-11-13T08:12:26.234+0000] {logging_mixin.py:154} INFO - [2023-11-13T08:12:26.234+0000] {dag.py:3722} INFO - Setting next_dagrun for example_setup_teardown to 2023-11-12T08:12:26.234036+00:00, run_after=2023-11-13T08:12:26.234036+00:00
[2023-11-13T08:12:26.404+0000] {processor.py:179} INFO - Processing /home/airflow/.local/lib/python3.8/site-packages/airflow/example_dags/example_setup_teardown.py took 0.385 seconds
[2023-11-13T08:12:57.762+0000] {processor.py:157} INFO - Started process (PID=1906) to work on /home/airflow/.local/lib/python3.8/site-packages/airflow/example_dags/example_setup_teardown.py
[2023-11-13T08:12:57.900+0000] {processor.py:829} INFO - Processing file /home/airflow/.local/lib/python3.8/site-packages/airflow/example_dags/example_setup_teardown.py for tasks to queue
[2023-11-13T08:12:57.901+0000] {logging_mixin.py:154} INFO - [2023-11-13T08:12:57.901+0000] {dagbag.py:536} INFO - Filling up the DagBag from /home/airflow/.local/lib/python3.8/site-packages/airflow/example_dags/example_setup_teardown.py
[2023-11-13T08:12:57.906+0000] {processor.py:839} INFO - DAG(s) dict_keys(['example_setup_teardown']) retrieved from /home/airflow/.local/lib/python3.8/site-packages/airflow/example_dags/example_setup_teardown.py
[2023-11-13T08:12:57.922+0000] {logging_mixin.py:154} INFO - [2023-11-13T08:12:57.922+0000] {dag.py:2941} INFO - Sync 1 DAGs
[2023-11-13T08:12:57.938+0000] {logging_mixin.py:154} INFO - [2023-11-13T08:12:57.938+0000] {dag.py:3722} INFO - Setting next_dagrun for example_setup_teardown to 2023-11-12T08:12:57.938296+00:00, run_after=2023-11-13T08:12:57.938296+00:00
[2023-11-13T08:12:57.961+0000] {processor.py:179} INFO - Processing /home/airflow/.local/lib/python3.8/site-packages/airflow/example_dags/example_setup_teardown.py took 0.202 seconds
[2023-11-13T08:13:28.473+0000] {processor.py:157} INFO - Started process (PID=1960) to work on /home/airflow/.local/lib/python3.8/site-packages/airflow/example_dags/example_setup_teardown.py
[2023-11-13T08:13:28.473+0000] {processor.py:829} INFO - Processing file /home/airflow/.local/lib/python3.8/site-packages/airflow/example_dags/example_setup_teardown.py for tasks to queue
[2023-11-13T08:13:28.475+0000] {logging_mixin.py:154} INFO - [2023-11-13T08:13:28.475+0000] {dagbag.py:536} INFO - Filling up the DagBag from /home/airflow/.local/lib/python3.8/site-packages/airflow/example_dags/example_setup_teardown.py
[2023-11-13T08:13:28.480+0000] {processor.py:839} INFO - DAG(s) dict_keys(['example_setup_teardown']) retrieved from /home/airflow/.local/lib/python3.8/site-packages/airflow/example_dags/example_setup_teardown.py
[2023-11-13T08:13:28.496+0000] {logging_mixin.py:154} INFO - [2023-11-13T08:13:28.496+0000] {dag.py:2941} INFO - Sync 1 DAGs
[2023-11-13T08:13:28.513+0000] {logging_mixin.py:154} INFO - [2023-11-13T08:13:28.513+0000] {dag.py:3722} INFO - Setting next_dagrun for example_setup_teardown to 2023-11-12T08:13:28.512862+00:00, run_after=2023-11-13T08:13:28.512862+00:00
[2023-11-13T08:13:28.982+0000] {processor.py:179} INFO - Processing /home/airflow/.local/lib/python3.8/site-packages/airflow/example_dags/example_setup_teardown.py took 0.512 seconds
[2023-11-13T08:13:59.173+0000] {processor.py:157} INFO - Started process (PID=2014) to work on /home/airflow/.local/lib/python3.8/site-packages/airflow/example_dags/example_setup_teardown.py
[2023-11-13T08:13:59.192+0000] {processor.py:829} INFO - Processing file /home/airflow/.local/lib/python3.8/site-packages/airflow/example_dags/example_setup_teardown.py for tasks to queue
[2023-11-13T08:13:59.194+0000] {logging_mixin.py:154} INFO - [2023-11-13T08:13:59.194+0000] {dagbag.py:536} INFO - Filling up the DagBag from /home/airflow/.local/lib/python3.8/site-packages/airflow/example_dags/example_setup_teardown.py
[2023-11-13T08:13:59.198+0000] {processor.py:839} INFO - DAG(s) dict_keys(['example_setup_teardown']) retrieved from /home/airflow/.local/lib/python3.8/site-packages/airflow/example_dags/example_setup_teardown.py
[2023-11-13T08:13:59.212+0000] {logging_mixin.py:154} INFO - [2023-11-13T08:13:59.212+0000] {dag.py:2941} INFO - Sync 1 DAGs
[2023-11-13T08:13:59.227+0000] {logging_mixin.py:154} INFO - [2023-11-13T08:13:59.226+0000] {dag.py:3722} INFO - Setting next_dagrun for example_setup_teardown to 2023-11-12T08:13:59.226723+00:00, run_after=2023-11-13T08:13:59.226723+00:00
[2023-11-13T08:13:59.321+0000] {processor.py:179} INFO - Processing /home/airflow/.local/lib/python3.8/site-packages/airflow/example_dags/example_setup_teardown.py took 0.151 seconds
[2023-11-13T08:14:31.702+0000] {processor.py:157} INFO - Started process (PID=2068) to work on /home/airflow/.local/lib/python3.8/site-packages/airflow/example_dags/example_setup_teardown.py
[2023-11-13T08:14:31.702+0000] {processor.py:829} INFO - Processing file /home/airflow/.local/lib/python3.8/site-packages/airflow/example_dags/example_setup_teardown.py for tasks to queue
[2023-11-13T08:14:31.704+0000] {logging_mixin.py:154} INFO - [2023-11-13T08:14:31.704+0000] {dagbag.py:536} INFO - Filling up the DagBag from /home/airflow/.local/lib/python3.8/site-packages/airflow/example_dags/example_setup_teardown.py
[2023-11-13T08:14:31.708+0000] {processor.py:839} INFO - DAG(s) dict_keys(['example_setup_teardown']) retrieved from /home/airflow/.local/lib/python3.8/site-packages/airflow/example_dags/example_setup_teardown.py
[2023-11-13T08:14:31.723+0000] {logging_mixin.py:154} INFO - [2023-11-13T08:14:31.723+0000] {dag.py:2941} INFO - Sync 1 DAGs
[2023-11-13T08:14:31.738+0000] {logging_mixin.py:154} INFO - [2023-11-13T08:14:31.737+0000] {dag.py:3722} INFO - Setting next_dagrun for example_setup_teardown to 2023-11-12T08:14:31.737783+00:00, run_after=2023-11-13T08:14:31.737783+00:00
[2023-11-13T08:14:31.970+0000] {processor.py:179} INFO - Processing /home/airflow/.local/lib/python3.8/site-packages/airflow/example_dags/example_setup_teardown.py took 0.271 seconds
[2023-11-13T08:15:03.069+0000] {processor.py:157} INFO - Started process (PID=2122) to work on /home/airflow/.local/lib/python3.8/site-packages/airflow/example_dags/example_setup_teardown.py
[2023-11-13T08:15:03.086+0000] {processor.py:829} INFO - Processing file /home/airflow/.local/lib/python3.8/site-packages/airflow/example_dags/example_setup_teardown.py for tasks to queue
[2023-11-13T08:15:03.088+0000] {logging_mixin.py:154} INFO - [2023-11-13T08:15:03.088+0000] {dagbag.py:536} INFO - Filling up the DagBag from /home/airflow/.local/lib/python3.8/site-packages/airflow/example_dags/example_setup_teardown.py
[2023-11-13T08:15:03.093+0000] {processor.py:839} INFO - DAG(s) dict_keys(['example_setup_teardown']) retrieved from /home/airflow/.local/lib/python3.8/site-packages/airflow/example_dags/example_setup_teardown.py
[2023-11-13T08:15:03.107+0000] {logging_mixin.py:154} INFO - [2023-11-13T08:15:03.107+0000] {dag.py:2941} INFO - Sync 1 DAGs
[2023-11-13T08:15:03.121+0000] {logging_mixin.py:154} INFO - [2023-11-13T08:15:03.121+0000] {dag.py:3722} INFO - Setting next_dagrun for example_setup_teardown to 2023-11-12T08:15:03.120859+00:00, run_after=2023-11-13T08:15:03.120859+00:00
[2023-11-13T08:15:03.152+0000] {processor.py:179} INFO - Processing /home/airflow/.local/lib/python3.8/site-packages/airflow/example_dags/example_setup_teardown.py took 0.085 seconds
[2023-11-13T08:15:34.017+0000] {processor.py:157} INFO - Started process (PID=2176) to work on /home/airflow/.local/lib/python3.8/site-packages/airflow/example_dags/example_setup_teardown.py
[2023-11-13T08:15:34.125+0000] {processor.py:829} INFO - Processing file /home/airflow/.local/lib/python3.8/site-packages/airflow/example_dags/example_setup_teardown.py for tasks to queue
[2023-11-13T08:15:34.129+0000] {logging_mixin.py:154} INFO - [2023-11-13T08:15:34.129+0000] {dagbag.py:536} INFO - Filling up the DagBag from /home/airflow/.local/lib/python3.8/site-packages/airflow/example_dags/example_setup_teardown.py
[2023-11-13T08:15:34.134+0000] {processor.py:839} INFO - DAG(s) dict_keys(['example_setup_teardown']) retrieved from /home/airflow/.local/lib/python3.8/site-packages/airflow/example_dags/example_setup_teardown.py
[2023-11-13T08:15:34.148+0000] {logging_mixin.py:154} INFO - [2023-11-13T08:15:34.148+0000] {dag.py:2941} INFO - Sync 1 DAGs
[2023-11-13T08:15:34.162+0000] {logging_mixin.py:154} INFO - [2023-11-13T08:15:34.162+0000] {dag.py:3722} INFO - Setting next_dagrun for example_setup_teardown to 2023-11-12T08:15:34.162198+00:00, run_after=2023-11-13T08:15:34.162198+00:00
[2023-11-13T08:15:34.442+0000] {processor.py:179} INFO - Processing /home/airflow/.local/lib/python3.8/site-packages/airflow/example_dags/example_setup_teardown.py took 0.426 seconds
[2023-11-13T08:16:04.659+0000] {processor.py:157} INFO - Started process (PID=2230) to work on /home/airflow/.local/lib/python3.8/site-packages/airflow/example_dags/example_setup_teardown.py
[2023-11-13T08:16:04.660+0000] {processor.py:829} INFO - Processing file /home/airflow/.local/lib/python3.8/site-packages/airflow/example_dags/example_setup_teardown.py for tasks to queue
[2023-11-13T08:16:04.662+0000] {logging_mixin.py:154} INFO - [2023-11-13T08:16:04.662+0000] {dagbag.py:536} INFO - Filling up the DagBag from /home/airflow/.local/lib/python3.8/site-packages/airflow/example_dags/example_setup_teardown.py
[2023-11-13T08:16:04.666+0000] {processor.py:839} INFO - DAG(s) dict_keys(['example_setup_teardown']) retrieved from /home/airflow/.local/lib/python3.8/site-packages/airflow/example_dags/example_setup_teardown.py
[2023-11-13T08:16:04.681+0000] {logging_mixin.py:154} INFO - [2023-11-13T08:16:04.681+0000] {dag.py:2941} INFO - Sync 1 DAGs
[2023-11-13T08:16:04.697+0000] {logging_mixin.py:154} INFO - [2023-11-13T08:16:04.696+0000] {dag.py:3722} INFO - Setting next_dagrun for example_setup_teardown to 2023-11-12T08:16:04.696751+00:00, run_after=2023-11-13T08:16:04.696751+00:00
[2023-11-13T08:16:04.733+0000] {processor.py:179} INFO - Processing /home/airflow/.local/lib/python3.8/site-packages/airflow/example_dags/example_setup_teardown.py took 0.076 seconds
[2023-11-13T08:16:36.910+0000] {processor.py:157} INFO - Started process (PID=2284) to work on /home/airflow/.local/lib/python3.8/site-packages/airflow/example_dags/example_setup_teardown.py
[2023-11-13T08:16:37.041+0000] {processor.py:829} INFO - Processing file /home/airflow/.local/lib/python3.8/site-packages/airflow/example_dags/example_setup_teardown.py for tasks to queue
[2023-11-13T08:16:37.047+0000] {logging_mixin.py:154} INFO - [2023-11-13T08:16:37.046+0000] {dagbag.py:536} INFO - Filling up the DagBag from /home/airflow/.local/lib/python3.8/site-packages/airflow/example_dags/example_setup_teardown.py
[2023-11-13T08:16:37.051+0000] {processor.py:839} INFO - DAG(s) dict_keys(['example_setup_teardown']) retrieved from /home/airflow/.local/lib/python3.8/site-packages/airflow/example_dags/example_setup_teardown.py
[2023-11-13T08:16:37.065+0000] {logging_mixin.py:154} INFO - [2023-11-13T08:16:37.065+0000] {dag.py:2941} INFO - Sync 1 DAGs
[2023-11-13T08:16:37.079+0000] {logging_mixin.py:154} INFO - [2023-11-13T08:16:37.079+0000] {dag.py:3722} INFO - Setting next_dagrun for example_setup_teardown to 2023-11-12T08:16:37.079484+00:00, run_after=2023-11-13T08:16:37.079484+00:00
[2023-11-13T08:16:37.183+0000] {processor.py:179} INFO - Processing /home/airflow/.local/lib/python3.8/site-packages/airflow/example_dags/example_setup_teardown.py took 0.275 seconds
[2023-11-13T08:17:07.517+0000] {processor.py:157} INFO - Started process (PID=2338) to work on /home/airflow/.local/lib/python3.8/site-packages/airflow/example_dags/example_setup_teardown.py
[2023-11-13T08:17:07.517+0000] {processor.py:829} INFO - Processing file /home/airflow/.local/lib/python3.8/site-packages/airflow/example_dags/example_setup_teardown.py for tasks to queue
[2023-11-13T08:17:07.519+0000] {logging_mixin.py:154} INFO - [2023-11-13T08:17:07.519+0000] {dagbag.py:536} INFO - Filling up the DagBag from /home/airflow/.local/lib/python3.8/site-packages/airflow/example_dags/example_setup_teardown.py
[2023-11-13T08:17:07.523+0000] {processor.py:839} INFO - DAG(s) dict_keys(['example_setup_teardown']) retrieved from /home/airflow/.local/lib/python3.8/site-packages/airflow/example_dags/example_setup_teardown.py
[2023-11-13T08:17:07.538+0000] {logging_mixin.py:154} INFO - [2023-11-13T08:17:07.538+0000] {dag.py:2941} INFO - Sync 1 DAGs
[2023-11-13T08:17:07.553+0000] {logging_mixin.py:154} INFO - [2023-11-13T08:17:07.553+0000] {dag.py:3722} INFO - Setting next_dagrun for example_setup_teardown to 2023-11-12T08:17:07.553299+00:00, run_after=2023-11-13T08:17:07.553299+00:00
[2023-11-13T08:17:07.590+0000] {processor.py:179} INFO - Processing /home/airflow/.local/lib/python3.8/site-packages/airflow/example_dags/example_setup_teardown.py took 0.076 seconds
[2023-11-13T08:17:39.372+0000] {processor.py:157} INFO - Started process (PID=2392) to work on /home/airflow/.local/lib/python3.8/site-packages/airflow/example_dags/example_setup_teardown.py
[2023-11-13T08:17:39.398+0000] {processor.py:829} INFO - Processing file /home/airflow/.local/lib/python3.8/site-packages/airflow/example_dags/example_setup_teardown.py for tasks to queue
[2023-11-13T08:17:39.401+0000] {logging_mixin.py:154} INFO - [2023-11-13T08:17:39.400+0000] {dagbag.py:536} INFO - Filling up the DagBag from /home/airflow/.local/lib/python3.8/site-packages/airflow/example_dags/example_setup_teardown.py
[2023-11-13T08:17:39.407+0000] {processor.py:839} INFO - DAG(s) dict_keys(['example_setup_teardown']) retrieved from /home/airflow/.local/lib/python3.8/site-packages/airflow/example_dags/example_setup_teardown.py
[2023-11-13T08:17:39.430+0000] {logging_mixin.py:154} INFO - [2023-11-13T08:17:39.430+0000] {dag.py:2941} INFO - Sync 1 DAGs
[2023-11-13T08:17:39.453+0000] {logging_mixin.py:154} INFO - [2023-11-13T08:17:39.453+0000] {dag.py:3722} INFO - Setting next_dagrun for example_setup_teardown to 2023-11-12T08:17:39.453178+00:00, run_after=2023-11-13T08:17:39.453178+00:00
[2023-11-13T08:17:39.501+0000] {processor.py:179} INFO - Processing /home/airflow/.local/lib/python3.8/site-packages/airflow/example_dags/example_setup_teardown.py took 0.132 seconds
[2023-11-13T08:18:10.809+0000] {processor.py:157} INFO - Started process (PID=2446) to work on /home/airflow/.local/lib/python3.8/site-packages/airflow/example_dags/example_setup_teardown.py
[2023-11-13T08:18:10.810+0000] {processor.py:829} INFO - Processing file /home/airflow/.local/lib/python3.8/site-packages/airflow/example_dags/example_setup_teardown.py for tasks to queue
[2023-11-13T08:18:10.812+0000] {logging_mixin.py:154} INFO - [2023-11-13T08:18:10.812+0000] {dagbag.py:536} INFO - Filling up the DagBag from /home/airflow/.local/lib/python3.8/site-packages/airflow/example_dags/example_setup_teardown.py
[2023-11-13T08:18:10.816+0000] {processor.py:839} INFO - DAG(s) dict_keys(['example_setup_teardown']) retrieved from /home/airflow/.local/lib/python3.8/site-packages/airflow/example_dags/example_setup_teardown.py
[2023-11-13T08:18:10.831+0000] {logging_mixin.py:154} INFO - [2023-11-13T08:18:10.831+0000] {dag.py:2941} INFO - Sync 1 DAGs
[2023-11-13T08:18:10.846+0000] {logging_mixin.py:154} INFO - [2023-11-13T08:18:10.846+0000] {dag.py:3722} INFO - Setting next_dagrun for example_setup_teardown to 2023-11-12T08:18:10.846197+00:00, run_after=2023-11-13T08:18:10.846197+00:00
[2023-11-13T08:18:10.925+0000] {processor.py:179} INFO - Processing /home/airflow/.local/lib/python3.8/site-packages/airflow/example_dags/example_setup_teardown.py took 0.118 seconds
[2023-11-13T08:18:42.233+0000] {processor.py:157} INFO - Started process (PID=2500) to work on /home/airflow/.local/lib/python3.8/site-packages/airflow/example_dags/example_setup_teardown.py
[2023-11-13T08:18:42.365+0000] {processor.py:829} INFO - Processing file /home/airflow/.local/lib/python3.8/site-packages/airflow/example_dags/example_setup_teardown.py for tasks to queue
[2023-11-13T08:18:42.374+0000] {logging_mixin.py:154} INFO - [2023-11-13T08:18:42.373+0000] {dagbag.py:536} INFO - Filling up the DagBag from /home/airflow/.local/lib/python3.8/site-packages/airflow/example_dags/example_setup_teardown.py
[2023-11-13T08:18:42.393+0000] {processor.py:839} INFO - DAG(s) dict_keys(['example_setup_teardown']) retrieved from /home/airflow/.local/lib/python3.8/site-packages/airflow/example_dags/example_setup_teardown.py
[2023-11-13T08:18:42.427+0000] {logging_mixin.py:154} INFO - [2023-11-13T08:18:42.427+0000] {dag.py:2941} INFO - Sync 1 DAGs
[2023-11-13T08:18:42.444+0000] {logging_mixin.py:154} INFO - [2023-11-13T08:18:42.444+0000] {dag.py:3722} INFO - Setting next_dagrun for example_setup_teardown to 2023-11-12T08:18:42.444585+00:00, run_after=2023-11-13T08:18:42.444585+00:00
[2023-11-13T08:18:42.572+0000] {processor.py:179} INFO - Processing /home/airflow/.local/lib/python3.8/site-packages/airflow/example_dags/example_setup_teardown.py took 0.345 seconds
[2023-11-13T08:19:13.428+0000] {processor.py:157} INFO - Started process (PID=2554) to work on /home/airflow/.local/lib/python3.8/site-packages/airflow/example_dags/example_setup_teardown.py
[2023-11-13T08:19:13.428+0000] {processor.py:829} INFO - Processing file /home/airflow/.local/lib/python3.8/site-packages/airflow/example_dags/example_setup_teardown.py for tasks to queue
[2023-11-13T08:19:13.430+0000] {logging_mixin.py:154} INFO - [2023-11-13T08:19:13.430+0000] {dagbag.py:536} INFO - Filling up the DagBag from /home/airflow/.local/lib/python3.8/site-packages/airflow/example_dags/example_setup_teardown.py
[2023-11-13T08:19:13.434+0000] {processor.py:839} INFO - DAG(s) dict_keys(['example_setup_teardown']) retrieved from /home/airflow/.local/lib/python3.8/site-packages/airflow/example_dags/example_setup_teardown.py
[2023-11-13T08:19:13.449+0000] {logging_mixin.py:154} INFO - [2023-11-13T08:19:13.449+0000] {dag.py:2941} INFO - Sync 1 DAGs
[2023-11-13T08:19:13.464+0000] {logging_mixin.py:154} INFO - [2023-11-13T08:19:13.463+0000] {dag.py:3722} INFO - Setting next_dagrun for example_setup_teardown to 2023-11-12T08:19:13.463786+00:00, run_after=2023-11-13T08:19:13.463786+00:00
[2023-11-13T08:19:13.505+0000] {processor.py:179} INFO - Processing /home/airflow/.local/lib/python3.8/site-packages/airflow/example_dags/example_setup_teardown.py took 0.080 seconds
[2023-11-13T08:19:43.619+0000] {processor.py:157} INFO - Started process (PID=2608) to work on /home/airflow/.local/lib/python3.8/site-packages/airflow/example_dags/example_setup_teardown.py
[2023-11-13T08:19:43.628+0000] {processor.py:829} INFO - Processing file /home/airflow/.local/lib/python3.8/site-packages/airflow/example_dags/example_setup_teardown.py for tasks to queue
[2023-11-13T08:19:43.630+0000] {logging_mixin.py:154} INFO - [2023-11-13T08:19:43.629+0000] {dagbag.py:536} INFO - Filling up the DagBag from /home/airflow/.local/lib/python3.8/site-packages/airflow/example_dags/example_setup_teardown.py
[2023-11-13T08:19:43.634+0000] {processor.py:839} INFO - DAG(s) dict_keys(['example_setup_teardown']) retrieved from /home/airflow/.local/lib/python3.8/site-packages/airflow/example_dags/example_setup_teardown.py
[2023-11-13T08:19:43.650+0000] {logging_mixin.py:154} INFO - [2023-11-13T08:19:43.650+0000] {dag.py:2941} INFO - Sync 1 DAGs
[2023-11-13T08:19:43.667+0000] {logging_mixin.py:154} INFO - [2023-11-13T08:19:43.667+0000] {dag.py:3722} INFO - Setting next_dagrun for example_setup_teardown to 2023-11-12T08:19:43.666949+00:00, run_after=2023-11-13T08:19:43.666949+00:00
[2023-11-13T08:19:43.693+0000] {processor.py:179} INFO - Processing /home/airflow/.local/lib/python3.8/site-packages/airflow/example_dags/example_setup_teardown.py took 0.076 seconds
[2023-11-13T08:20:14.144+0000] {processor.py:157} INFO - Started process (PID=2662) to work on /home/airflow/.local/lib/python3.8/site-packages/airflow/example_dags/example_setup_teardown.py
[2023-11-13T08:20:14.145+0000] {processor.py:829} INFO - Processing file /home/airflow/.local/lib/python3.8/site-packages/airflow/example_dags/example_setup_teardown.py for tasks to queue
[2023-11-13T08:20:14.146+0000] {logging_mixin.py:154} INFO - [2023-11-13T08:20:14.146+0000] {dagbag.py:536} INFO - Filling up the DagBag from /home/airflow/.local/lib/python3.8/site-packages/airflow/example_dags/example_setup_teardown.py
[2023-11-13T08:20:14.150+0000] {processor.py:839} INFO - DAG(s) dict_keys(['example_setup_teardown']) retrieved from /home/airflow/.local/lib/python3.8/site-packages/airflow/example_dags/example_setup_teardown.py
[2023-11-13T08:20:14.165+0000] {logging_mixin.py:154} INFO - [2023-11-13T08:20:14.165+0000] {dag.py:2941} INFO - Sync 1 DAGs
[2023-11-13T08:20:14.180+0000] {logging_mixin.py:154} INFO - [2023-11-13T08:20:14.180+0000] {dag.py:3722} INFO - Setting next_dagrun for example_setup_teardown to 2023-11-12T08:20:14.180585+00:00, run_after=2023-11-13T08:20:14.180585+00:00
[2023-11-13T08:20:14.371+0000] {processor.py:179} INFO - Processing /home/airflow/.local/lib/python3.8/site-packages/airflow/example_dags/example_setup_teardown.py took 0.229 seconds
[2023-11-13T08:20:46.069+0000] {processor.py:157} INFO - Started process (PID=2716) to work on /home/airflow/.local/lib/python3.8/site-packages/airflow/example_dags/example_setup_teardown.py
[2023-11-13T08:20:46.098+0000] {processor.py:829} INFO - Processing file /home/airflow/.local/lib/python3.8/site-packages/airflow/example_dags/example_setup_teardown.py for tasks to queue
[2023-11-13T08:20:46.100+0000] {logging_mixin.py:154} INFO - [2023-11-13T08:20:46.100+0000] {dagbag.py:536} INFO - Filling up the DagBag from /home/airflow/.local/lib/python3.8/site-packages/airflow/example_dags/example_setup_teardown.py
[2023-11-13T08:20:46.104+0000] {processor.py:839} INFO - DAG(s) dict_keys(['example_setup_teardown']) retrieved from /home/airflow/.local/lib/python3.8/site-packages/airflow/example_dags/example_setup_teardown.py
[2023-11-13T08:20:46.119+0000] {logging_mixin.py:154} INFO - [2023-11-13T08:20:46.119+0000] {dag.py:2941} INFO - Sync 1 DAGs
[2023-11-13T08:20:46.136+0000] {logging_mixin.py:154} INFO - [2023-11-13T08:20:46.136+0000] {dag.py:3722} INFO - Setting next_dagrun for example_setup_teardown to 2023-11-12T08:20:46.135830+00:00, run_after=2023-11-13T08:20:46.135830+00:00
[2023-11-13T08:20:46.212+0000] {processor.py:179} INFO - Processing /home/airflow/.local/lib/python3.8/site-packages/airflow/example_dags/example_setup_teardown.py took 0.145 seconds
[2023-11-13T08:21:17.426+0000] {processor.py:157} INFO - Started process (PID=2770) to work on /home/airflow/.local/lib/python3.8/site-packages/airflow/example_dags/example_setup_teardown.py
[2023-11-13T08:21:17.573+0000] {processor.py:829} INFO - Processing file /home/airflow/.local/lib/python3.8/site-packages/airflow/example_dags/example_setup_teardown.py for tasks to queue
[2023-11-13T08:21:17.579+0000] {logging_mixin.py:154} INFO - [2023-11-13T08:21:17.579+0000] {dagbag.py:536} INFO - Filling up the DagBag from /home/airflow/.local/lib/python3.8/site-packages/airflow/example_dags/example_setup_teardown.py
[2023-11-13T08:21:17.583+0000] {processor.py:839} INFO - DAG(s) dict_keys(['example_setup_teardown']) retrieved from /home/airflow/.local/lib/python3.8/site-packages/airflow/example_dags/example_setup_teardown.py
[2023-11-13T08:21:17.597+0000] {logging_mixin.py:154} INFO - [2023-11-13T08:21:17.597+0000] {dag.py:2941} INFO - Sync 1 DAGs
[2023-11-13T08:21:17.615+0000] {logging_mixin.py:154} INFO - [2023-11-13T08:21:17.615+0000] {dag.py:3722} INFO - Setting next_dagrun for example_setup_teardown to 2023-11-12T08:21:17.615428+00:00, run_after=2023-11-13T08:21:17.615428+00:00
[2023-11-13T08:21:18.052+0000] {processor.py:179} INFO - Processing /home/airflow/.local/lib/python3.8/site-packages/airflow/example_dags/example_setup_teardown.py took 0.629 seconds
[2023-11-13T08:21:49.173+0000] {processor.py:157} INFO - Started process (PID=2824) to work on /home/airflow/.local/lib/python3.8/site-packages/airflow/example_dags/example_setup_teardown.py
[2023-11-13T08:21:49.288+0000] {processor.py:829} INFO - Processing file /home/airflow/.local/lib/python3.8/site-packages/airflow/example_dags/example_setup_teardown.py for tasks to queue
[2023-11-13T08:21:49.290+0000] {logging_mixin.py:154} INFO - [2023-11-13T08:21:49.289+0000] {dagbag.py:536} INFO - Filling up the DagBag from /home/airflow/.local/lib/python3.8/site-packages/airflow/example_dags/example_setup_teardown.py
[2023-11-13T08:21:49.297+0000] {processor.py:839} INFO - DAG(s) dict_keys(['example_setup_teardown']) retrieved from /home/airflow/.local/lib/python3.8/site-packages/airflow/example_dags/example_setup_teardown.py
[2023-11-13T08:21:49.313+0000] {logging_mixin.py:154} INFO - [2023-11-13T08:21:49.312+0000] {dag.py:2941} INFO - Sync 1 DAGs
[2023-11-13T08:21:49.328+0000] {logging_mixin.py:154} INFO - [2023-11-13T08:21:49.328+0000] {dag.py:3722} INFO - Setting next_dagrun for example_setup_teardown to 2023-11-12T08:21:49.328208+00:00, run_after=2023-11-13T08:21:49.328208+00:00
[2023-11-13T08:21:49.417+0000] {processor.py:179} INFO - Processing /home/airflow/.local/lib/python3.8/site-packages/airflow/example_dags/example_setup_teardown.py took 0.247 seconds
[2023-11-13T08:22:20.367+0000] {processor.py:157} INFO - Started process (PID=2878) to work on /home/airflow/.local/lib/python3.8/site-packages/airflow/example_dags/example_setup_teardown.py
[2023-11-13T08:22:20.367+0000] {processor.py:829} INFO - Processing file /home/airflow/.local/lib/python3.8/site-packages/airflow/example_dags/example_setup_teardown.py for tasks to queue
[2023-11-13T08:22:20.369+0000] {logging_mixin.py:154} INFO - [2023-11-13T08:22:20.369+0000] {dagbag.py:536} INFO - Filling up the DagBag from /home/airflow/.local/lib/python3.8/site-packages/airflow/example_dags/example_setup_teardown.py
[2023-11-13T08:22:20.374+0000] {processor.py:839} INFO - DAG(s) dict_keys(['example_setup_teardown']) retrieved from /home/airflow/.local/lib/python3.8/site-packages/airflow/example_dags/example_setup_teardown.py
[2023-11-13T08:22:20.389+0000] {logging_mixin.py:154} INFO - [2023-11-13T08:22:20.388+0000] {dag.py:2941} INFO - Sync 1 DAGs
[2023-11-13T08:22:20.404+0000] {logging_mixin.py:154} INFO - [2023-11-13T08:22:20.403+0000] {dag.py:3722} INFO - Setting next_dagrun for example_setup_teardown to 2023-11-12T08:22:20.403810+00:00, run_after=2023-11-13T08:22:20.403810+00:00
[2023-11-13T08:22:21.996+0000] {processor.py:179} INFO - Processing /home/airflow/.local/lib/python3.8/site-packages/airflow/example_dags/example_setup_teardown.py took 1.632 seconds
[2023-11-13T08:22:52.984+0000] {processor.py:157} INFO - Started process (PID=2939) to work on /home/airflow/.local/lib/python3.8/site-packages/airflow/example_dags/example_setup_teardown.py
[2023-11-13T08:22:53.115+0000] {processor.py:829} INFO - Processing file /home/airflow/.local/lib/python3.8/site-packages/airflow/example_dags/example_setup_teardown.py for tasks to queue
[2023-11-13T08:22:53.121+0000] {logging_mixin.py:154} INFO - [2023-11-13T08:22:53.121+0000] {dagbag.py:536} INFO - Filling up the DagBag from /home/airflow/.local/lib/python3.8/site-packages/airflow/example_dags/example_setup_teardown.py
[2023-11-13T08:22:53.125+0000] {processor.py:839} INFO - DAG(s) dict_keys(['example_setup_teardown']) retrieved from /home/airflow/.local/lib/python3.8/site-packages/airflow/example_dags/example_setup_teardown.py
[2023-11-13T08:22:53.140+0000] {logging_mixin.py:154} INFO - [2023-11-13T08:22:53.140+0000] {dag.py:2941} INFO - Sync 1 DAGs
[2023-11-13T08:22:53.156+0000] {logging_mixin.py:154} INFO - [2023-11-13T08:22:53.155+0000] {dag.py:3722} INFO - Setting next_dagrun for example_setup_teardown to 2023-11-12T08:22:53.155709+00:00, run_after=2023-11-13T08:22:53.155709+00:00
[2023-11-13T08:22:53.430+0000] {processor.py:179} INFO - Processing /home/airflow/.local/lib/python3.8/site-packages/airflow/example_dags/example_setup_teardown.py took 0.448 seconds
[2023-11-13T08:23:23.829+0000] {processor.py:157} INFO - Started process (PID=2993) to work on /home/airflow/.local/lib/python3.8/site-packages/airflow/example_dags/example_setup_teardown.py
[2023-11-13T08:23:23.830+0000] {processor.py:829} INFO - Processing file /home/airflow/.local/lib/python3.8/site-packages/airflow/example_dags/example_setup_teardown.py for tasks to queue
[2023-11-13T08:23:23.832+0000] {logging_mixin.py:154} INFO - [2023-11-13T08:23:23.831+0000] {dagbag.py:536} INFO - Filling up the DagBag from /home/airflow/.local/lib/python3.8/site-packages/airflow/example_dags/example_setup_teardown.py
[2023-11-13T08:23:23.837+0000] {processor.py:839} INFO - DAG(s) dict_keys(['example_setup_teardown']) retrieved from /home/airflow/.local/lib/python3.8/site-packages/airflow/example_dags/example_setup_teardown.py
[2023-11-13T08:23:23.861+0000] {logging_mixin.py:154} INFO - [2023-11-13T08:23:23.861+0000] {dag.py:2941} INFO - Sync 1 DAGs
[2023-11-13T08:23:23.882+0000] {logging_mixin.py:154} INFO - [2023-11-13T08:23:23.882+0000] {dag.py:3722} INFO - Setting next_dagrun for example_setup_teardown to 2023-11-12T08:23:23.882128+00:00, run_after=2023-11-13T08:23:23.882128+00:00
[2023-11-13T08:23:25.367+0000] {processor.py:179} INFO - Processing /home/airflow/.local/lib/python3.8/site-packages/airflow/example_dags/example_setup_teardown.py took 1.541 seconds
[2023-11-13T08:23:56.159+0000] {processor.py:157} INFO - Started process (PID=3047) to work on /home/airflow/.local/lib/python3.8/site-packages/airflow/example_dags/example_setup_teardown.py
[2023-11-13T08:23:56.177+0000] {processor.py:829} INFO - Processing file /home/airflow/.local/lib/python3.8/site-packages/airflow/example_dags/example_setup_teardown.py for tasks to queue
[2023-11-13T08:23:56.179+0000] {logging_mixin.py:154} INFO - [2023-11-13T08:23:56.179+0000] {dagbag.py:536} INFO - Filling up the DagBag from /home/airflow/.local/lib/python3.8/site-packages/airflow/example_dags/example_setup_teardown.py
[2023-11-13T08:23:56.183+0000] {processor.py:839} INFO - DAG(s) dict_keys(['example_setup_teardown']) retrieved from /home/airflow/.local/lib/python3.8/site-packages/airflow/example_dags/example_setup_teardown.py
[2023-11-13T08:23:56.199+0000] {logging_mixin.py:154} INFO - [2023-11-13T08:23:56.199+0000] {dag.py:2941} INFO - Sync 1 DAGs
[2023-11-13T08:23:56.216+0000] {logging_mixin.py:154} INFO - [2023-11-13T08:23:56.216+0000] {dag.py:3722} INFO - Setting next_dagrun for example_setup_teardown to 2023-11-12T08:23:56.215898+00:00, run_after=2023-11-13T08:23:56.215898+00:00
[2023-11-13T08:23:56.255+0000] {processor.py:179} INFO - Processing /home/airflow/.local/lib/python3.8/site-packages/airflow/example_dags/example_setup_teardown.py took 0.099 seconds
[2023-11-13T08:24:26.478+0000] {processor.py:157} INFO - Started process (PID=3101) to work on /home/airflow/.local/lib/python3.8/site-packages/airflow/example_dags/example_setup_teardown.py
[2023-11-13T08:24:26.479+0000] {processor.py:829} INFO - Processing file /home/airflow/.local/lib/python3.8/site-packages/airflow/example_dags/example_setup_teardown.py for tasks to queue
[2023-11-13T08:24:26.481+0000] {logging_mixin.py:154} INFO - [2023-11-13T08:24:26.481+0000] {dagbag.py:536} INFO - Filling up the DagBag from /home/airflow/.local/lib/python3.8/site-packages/airflow/example_dags/example_setup_teardown.py
[2023-11-13T08:24:26.487+0000] {processor.py:839} INFO - DAG(s) dict_keys(['example_setup_teardown']) retrieved from /home/airflow/.local/lib/python3.8/site-packages/airflow/example_dags/example_setup_teardown.py
[2023-11-13T08:24:26.503+0000] {logging_mixin.py:154} INFO - [2023-11-13T08:24:26.503+0000] {dag.py:2941} INFO - Sync 1 DAGs
[2023-11-13T08:24:26.519+0000] {logging_mixin.py:154} INFO - [2023-11-13T08:24:26.519+0000] {dag.py:3722} INFO - Setting next_dagrun for example_setup_teardown to 2023-11-12T08:24:26.519375+00:00, run_after=2023-11-13T08:24:26.519375+00:00
[2023-11-13T08:24:26.580+0000] {processor.py:179} INFO - Processing /home/airflow/.local/lib/python3.8/site-packages/airflow/example_dags/example_setup_teardown.py took 0.105 seconds
[2023-11-13T08:24:56.921+0000] {processor.py:157} INFO - Started process (PID=3155) to work on /home/airflow/.local/lib/python3.8/site-packages/airflow/example_dags/example_setup_teardown.py
[2023-11-13T08:24:56.922+0000] {processor.py:829} INFO - Processing file /home/airflow/.local/lib/python3.8/site-packages/airflow/example_dags/example_setup_teardown.py for tasks to queue
[2023-11-13T08:24:56.924+0000] {logging_mixin.py:154} INFO - [2023-11-13T08:24:56.924+0000] {dagbag.py:536} INFO - Filling up the DagBag from /home/airflow/.local/lib/python3.8/site-packages/airflow/example_dags/example_setup_teardown.py
[2023-11-13T08:24:56.932+0000] {processor.py:839} INFO - DAG(s) dict_keys(['example_setup_teardown']) retrieved from /home/airflow/.local/lib/python3.8/site-packages/airflow/example_dags/example_setup_teardown.py
[2023-11-13T08:24:56.954+0000] {logging_mixin.py:154} INFO - [2023-11-13T08:24:56.953+0000] {dag.py:2941} INFO - Sync 1 DAGs
[2023-11-13T08:24:56.970+0000] {logging_mixin.py:154} INFO - [2023-11-13T08:24:56.970+0000] {dag.py:3722} INFO - Setting next_dagrun for example_setup_teardown to 2023-11-12T08:24:56.969970+00:00, run_after=2023-11-13T08:24:56.969970+00:00
[2023-11-13T08:24:57.057+0000] {processor.py:179} INFO - Processing /home/airflow/.local/lib/python3.8/site-packages/airflow/example_dags/example_setup_teardown.py took 0.141 seconds
[2023-11-13T08:25:27.720+0000] {processor.py:157} INFO - Started process (PID=3209) to work on /home/airflow/.local/lib/python3.8/site-packages/airflow/example_dags/example_setup_teardown.py
[2023-11-13T08:25:27.720+0000] {processor.py:829} INFO - Processing file /home/airflow/.local/lib/python3.8/site-packages/airflow/example_dags/example_setup_teardown.py for tasks to queue
[2023-11-13T08:25:27.722+0000] {logging_mixin.py:154} INFO - [2023-11-13T08:25:27.721+0000] {dagbag.py:536} INFO - Filling up the DagBag from /home/airflow/.local/lib/python3.8/site-packages/airflow/example_dags/example_setup_teardown.py
[2023-11-13T08:25:27.726+0000] {processor.py:839} INFO - DAG(s) dict_keys(['example_setup_teardown']) retrieved from /home/airflow/.local/lib/python3.8/site-packages/airflow/example_dags/example_setup_teardown.py
[2023-11-13T08:25:27.741+0000] {logging_mixin.py:154} INFO - [2023-11-13T08:25:27.741+0000] {dag.py:2941} INFO - Sync 1 DAGs
[2023-11-13T08:25:27.755+0000] {logging_mixin.py:154} INFO - [2023-11-13T08:25:27.755+0000] {dag.py:3722} INFO - Setting next_dagrun for example_setup_teardown to 2023-11-12T08:25:27.755667+00:00, run_after=2023-11-13T08:25:27.755667+00:00
[2023-11-13T08:25:27.794+0000] {processor.py:179} INFO - Processing /home/airflow/.local/lib/python3.8/site-packages/airflow/example_dags/example_setup_teardown.py took 0.077 seconds
[2023-11-13T08:25:58.266+0000] {processor.py:157} INFO - Started process (PID=3263) to work on /home/airflow/.local/lib/python3.8/site-packages/airflow/example_dags/example_setup_teardown.py
[2023-11-13T08:25:58.394+0000] {processor.py:829} INFO - Processing file /home/airflow/.local/lib/python3.8/site-packages/airflow/example_dags/example_setup_teardown.py for tasks to queue
[2023-11-13T08:25:58.396+0000] {logging_mixin.py:154} INFO - [2023-11-13T08:25:58.396+0000] {dagbag.py:536} INFO - Filling up the DagBag from /home/airflow/.local/lib/python3.8/site-packages/airflow/example_dags/example_setup_teardown.py
[2023-11-13T08:25:58.401+0000] {processor.py:839} INFO - DAG(s) dict_keys(['example_setup_teardown']) retrieved from /home/airflow/.local/lib/python3.8/site-packages/airflow/example_dags/example_setup_teardown.py
[2023-11-13T08:25:58.416+0000] {logging_mixin.py:154} INFO - [2023-11-13T08:25:58.416+0000] {dag.py:2941} INFO - Sync 1 DAGs
[2023-11-13T08:25:58.432+0000] {logging_mixin.py:154} INFO - [2023-11-13T08:25:58.431+0000] {dag.py:3722} INFO - Setting next_dagrun for example_setup_teardown to 2023-11-12T08:25:58.431711+00:00, run_after=2023-11-13T08:25:58.431711+00:00
[2023-11-13T08:25:58.906+0000] {processor.py:179} INFO - Processing /home/airflow/.local/lib/python3.8/site-packages/airflow/example_dags/example_setup_teardown.py took 0.642 seconds
[2023-11-13T08:26:29.658+0000] {processor.py:157} INFO - Started process (PID=3317) to work on /home/airflow/.local/lib/python3.8/site-packages/airflow/example_dags/example_setup_teardown.py
[2023-11-13T08:26:29.668+0000] {processor.py:829} INFO - Processing file /home/airflow/.local/lib/python3.8/site-packages/airflow/example_dags/example_setup_teardown.py for tasks to queue
[2023-11-13T08:26:29.670+0000] {logging_mixin.py:154} INFO - [2023-11-13T08:26:29.670+0000] {dagbag.py:536} INFO - Filling up the DagBag from /home/airflow/.local/lib/python3.8/site-packages/airflow/example_dags/example_setup_teardown.py
[2023-11-13T08:26:29.675+0000] {processor.py:839} INFO - DAG(s) dict_keys(['example_setup_teardown']) retrieved from /home/airflow/.local/lib/python3.8/site-packages/airflow/example_dags/example_setup_teardown.py
[2023-11-13T08:26:29.694+0000] {logging_mixin.py:154} INFO - [2023-11-13T08:26:29.694+0000] {dag.py:2941} INFO - Sync 1 DAGs
[2023-11-13T08:26:29.713+0000] {logging_mixin.py:154} INFO - [2023-11-13T08:26:29.713+0000] {dag.py:3722} INFO - Setting next_dagrun for example_setup_teardown to 2023-11-12T08:26:29.713006+00:00, run_after=2023-11-13T08:26:29.713006+00:00
[2023-11-13T08:26:31.261+0000] {processor.py:179} INFO - Processing /home/airflow/.local/lib/python3.8/site-packages/airflow/example_dags/example_setup_teardown.py took 1.606 seconds
[2023-11-13T08:27:01.323+0000] {processor.py:157} INFO - Started process (PID=3371) to work on /home/airflow/.local/lib/python3.8/site-packages/airflow/example_dags/example_setup_teardown.py
[2023-11-13T08:27:01.323+0000] {processor.py:829} INFO - Processing file /home/airflow/.local/lib/python3.8/site-packages/airflow/example_dags/example_setup_teardown.py for tasks to queue
[2023-11-13T08:27:01.325+0000] {logging_mixin.py:154} INFO - [2023-11-13T08:27:01.325+0000] {dagbag.py:536} INFO - Filling up the DagBag from /home/airflow/.local/lib/python3.8/site-packages/airflow/example_dags/example_setup_teardown.py
[2023-11-13T08:27:01.329+0000] {processor.py:839} INFO - DAG(s) dict_keys(['example_setup_teardown']) retrieved from /home/airflow/.local/lib/python3.8/site-packages/airflow/example_dags/example_setup_teardown.py
[2023-11-13T08:27:01.343+0000] {logging_mixin.py:154} INFO - [2023-11-13T08:27:01.343+0000] {dag.py:2941} INFO - Sync 1 DAGs
[2023-11-13T08:27:01.358+0000] {logging_mixin.py:154} INFO - [2023-11-13T08:27:01.358+0000] {dag.py:3722} INFO - Setting next_dagrun for example_setup_teardown to 2023-11-12T08:27:01.357889+00:00, run_after=2023-11-13T08:27:01.357889+00:00
[2023-11-13T08:27:01.392+0000] {processor.py:179} INFO - Processing /home/airflow/.local/lib/python3.8/site-packages/airflow/example_dags/example_setup_teardown.py took 0.071 seconds
[2023-11-13T08:27:31.611+0000] {processor.py:157} INFO - Started process (PID=3425) to work on /home/airflow/.local/lib/python3.8/site-packages/airflow/example_dags/example_setup_teardown.py
[2023-11-13T08:27:31.626+0000] {processor.py:829} INFO - Processing file /home/airflow/.local/lib/python3.8/site-packages/airflow/example_dags/example_setup_teardown.py for tasks to queue
[2023-11-13T08:27:31.628+0000] {logging_mixin.py:154} INFO - [2023-11-13T08:27:31.628+0000] {dagbag.py:536} INFO - Filling up the DagBag from /home/airflow/.local/lib/python3.8/site-packages/airflow/example_dags/example_setup_teardown.py
[2023-11-13T08:27:31.632+0000] {processor.py:839} INFO - DAG(s) dict_keys(['example_setup_teardown']) retrieved from /home/airflow/.local/lib/python3.8/site-packages/airflow/example_dags/example_setup_teardown.py
[2023-11-13T08:27:31.648+0000] {logging_mixin.py:154} INFO - [2023-11-13T08:27:31.648+0000] {dag.py:2941} INFO - Sync 1 DAGs
[2023-11-13T08:27:31.664+0000] {logging_mixin.py:154} INFO - [2023-11-13T08:27:31.663+0000] {dag.py:3722} INFO - Setting next_dagrun for example_setup_teardown to 2023-11-12T08:27:31.663706+00:00, run_after=2023-11-13T08:27:31.663706+00:00
[2023-11-13T08:27:31.698+0000] {processor.py:179} INFO - Processing /home/airflow/.local/lib/python3.8/site-packages/airflow/example_dags/example_setup_teardown.py took 0.090 seconds
[2023-11-13T08:28:04.026+0000] {processor.py:157} INFO - Started process (PID=3479) to work on /home/airflow/.local/lib/python3.8/site-packages/airflow/example_dags/example_setup_teardown.py
[2023-11-13T08:28:04.027+0000] {processor.py:829} INFO - Processing file /home/airflow/.local/lib/python3.8/site-packages/airflow/example_dags/example_setup_teardown.py for tasks to queue
[2023-11-13T08:28:04.029+0000] {logging_mixin.py:154} INFO - [2023-11-13T08:28:04.029+0000] {dagbag.py:536} INFO - Filling up the DagBag from /home/airflow/.local/lib/python3.8/site-packages/airflow/example_dags/example_setup_teardown.py
[2023-11-13T08:28:04.034+0000] {processor.py:839} INFO - DAG(s) dict_keys(['example_setup_teardown']) retrieved from /home/airflow/.local/lib/python3.8/site-packages/airflow/example_dags/example_setup_teardown.py
[2023-11-13T08:28:04.132+0000] {logging_mixin.py:154} INFO - [2023-11-13T08:28:04.132+0000] {dag.py:2941} INFO - Sync 1 DAGs
[2023-11-13T08:28:04.196+0000] {logging_mixin.py:154} INFO - [2023-11-13T08:28:04.196+0000] {dag.py:3722} INFO - Setting next_dagrun for example_setup_teardown to 2023-11-12T08:28:04.196016+00:00, run_after=2023-11-13T08:28:04.196016+00:00
[2023-11-13T08:28:04.239+0000] {processor.py:179} INFO - Processing /home/airflow/.local/lib/python3.8/site-packages/airflow/example_dags/example_setup_teardown.py took 0.215 seconds
[2023-11-13T08:45:33.323+0000] {processor.py:157} INFO - Started process (PID=62) to work on /home/airflow/.local/lib/python3.8/site-packages/airflow/example_dags/example_setup_teardown.py
[2023-11-13T08:45:33.344+0000] {processor.py:829} INFO - Processing file /home/airflow/.local/lib/python3.8/site-packages/airflow/example_dags/example_setup_teardown.py for tasks to queue
[2023-11-13T08:45:33.345+0000] {logging_mixin.py:154} INFO - [2023-11-13T08:45:33.345+0000] {dagbag.py:536} INFO - Filling up the DagBag from /home/airflow/.local/lib/python3.8/site-packages/airflow/example_dags/example_setup_teardown.py
[2023-11-13T08:45:33.351+0000] {processor.py:839} INFO - DAG(s) dict_keys(['example_setup_teardown']) retrieved from /home/airflow/.local/lib/python3.8/site-packages/airflow/example_dags/example_setup_teardown.py
[2023-11-13T08:45:33.545+0000] {logging_mixin.py:154} INFO - [2023-11-13T08:45:33.544+0000] {manager.py:499} INFO - Created Permission View: %s
[2023-11-13T08:45:33.974+0000] {logging_mixin.py:154} INFO - [2023-11-13T08:45:33.973+0000] {manager.py:499} INFO - Created Permission View: %s
[2023-11-13T08:45:34.361+0000] {logging_mixin.py:154} INFO - [2023-11-13T08:45:34.360+0000] {manager.py:499} INFO - Created Permission View: %s
[2023-11-13T08:45:34.362+0000] {logging_mixin.py:154} INFO - [2023-11-13T08:45:34.362+0000] {dag.py:2941} INFO - Sync 1 DAGs
[2023-11-13T08:45:34.376+0000] {logging_mixin.py:154} INFO - [2023-11-13T08:45:34.375+0000] {dag.py:2963} INFO - Creating ORM DAG for example_setup_teardown
[2023-11-13T08:45:34.382+0000] {logging_mixin.py:154} INFO - [2023-11-13T08:45:34.382+0000] {dag.py:3722} INFO - Setting next_dagrun for example_setup_teardown to 2023-11-12T08:45:34.382522+00:00, run_after=2023-11-13T08:45:34.382522+00:00
[2023-11-13T08:45:34.418+0000] {processor.py:179} INFO - Processing /home/airflow/.local/lib/python3.8/site-packages/airflow/example_dags/example_setup_teardown.py took 1.097 seconds
[2023-11-13T08:46:07.180+0000] {processor.py:157} INFO - Started process (PID=116) to work on /home/airflow/.local/lib/python3.8/site-packages/airflow/example_dags/example_setup_teardown.py
[2023-11-13T08:46:07.181+0000] {processor.py:829} INFO - Processing file /home/airflow/.local/lib/python3.8/site-packages/airflow/example_dags/example_setup_teardown.py for tasks to queue
[2023-11-13T08:46:07.183+0000] {logging_mixin.py:154} INFO - [2023-11-13T08:46:07.182+0000] {dagbag.py:536} INFO - Filling up the DagBag from /home/airflow/.local/lib/python3.8/site-packages/airflow/example_dags/example_setup_teardown.py
[2023-11-13T08:46:07.188+0000] {processor.py:839} INFO - DAG(s) dict_keys(['example_setup_teardown']) retrieved from /home/airflow/.local/lib/python3.8/site-packages/airflow/example_dags/example_setup_teardown.py
[2023-11-13T08:46:07.203+0000] {logging_mixin.py:154} INFO - [2023-11-13T08:46:07.203+0000] {dag.py:2941} INFO - Sync 1 DAGs
[2023-11-13T08:46:07.219+0000] {logging_mixin.py:154} INFO - [2023-11-13T08:46:07.219+0000] {dag.py:3722} INFO - Setting next_dagrun for example_setup_teardown to 2023-11-12T08:46:07.219493+00:00, run_after=2023-11-13T08:46:07.219493+00:00
[2023-11-13T08:46:07.253+0000] {processor.py:179} INFO - Processing /home/airflow/.local/lib/python3.8/site-packages/airflow/example_dags/example_setup_teardown.py took 0.075 seconds
[2023-11-13T08:46:37.994+0000] {processor.py:157} INFO - Started process (PID=170) to work on /home/airflow/.local/lib/python3.8/site-packages/airflow/example_dags/example_setup_teardown.py
[2023-11-13T08:46:37.999+0000] {processor.py:829} INFO - Processing file /home/airflow/.local/lib/python3.8/site-packages/airflow/example_dags/example_setup_teardown.py for tasks to queue
[2023-11-13T08:46:38.003+0000] {logging_mixin.py:154} INFO - [2023-11-13T08:46:38.002+0000] {dagbag.py:536} INFO - Filling up the DagBag from /home/airflow/.local/lib/python3.8/site-packages/airflow/example_dags/example_setup_teardown.py
[2023-11-13T08:46:38.011+0000] {processor.py:839} INFO - DAG(s) dict_keys(['example_setup_teardown']) retrieved from /home/airflow/.local/lib/python3.8/site-packages/airflow/example_dags/example_setup_teardown.py
[2023-11-13T08:46:38.040+0000] {logging_mixin.py:154} INFO - [2023-11-13T08:46:38.040+0000] {dag.py:2941} INFO - Sync 1 DAGs
[2023-11-13T08:46:38.059+0000] {logging_mixin.py:154} INFO - [2023-11-13T08:46:38.059+0000] {dag.py:3722} INFO - Setting next_dagrun for example_setup_teardown to 2023-11-12T08:46:38.059607+00:00, run_after=2023-11-13T08:46:38.059607+00:00
[2023-11-13T08:46:38.089+0000] {processor.py:179} INFO - Processing /home/airflow/.local/lib/python3.8/site-packages/airflow/example_dags/example_setup_teardown.py took 0.100 seconds
[2023-11-13T08:47:08.711+0000] {processor.py:157} INFO - Started process (PID=224) to work on /home/airflow/.local/lib/python3.8/site-packages/airflow/example_dags/example_setup_teardown.py
[2023-11-13T08:47:08.724+0000] {processor.py:829} INFO - Processing file /home/airflow/.local/lib/python3.8/site-packages/airflow/example_dags/example_setup_teardown.py for tasks to queue
[2023-11-13T08:47:08.726+0000] {logging_mixin.py:154} INFO - [2023-11-13T08:47:08.726+0000] {dagbag.py:536} INFO - Filling up the DagBag from /home/airflow/.local/lib/python3.8/site-packages/airflow/example_dags/example_setup_teardown.py
[2023-11-13T08:47:08.730+0000] {processor.py:839} INFO - DAG(s) dict_keys(['example_setup_teardown']) retrieved from /home/airflow/.local/lib/python3.8/site-packages/airflow/example_dags/example_setup_teardown.py
[2023-11-13T08:47:08.746+0000] {logging_mixin.py:154} INFO - [2023-11-13T08:47:08.745+0000] {dag.py:2941} INFO - Sync 1 DAGs
[2023-11-13T08:47:08.762+0000] {logging_mixin.py:154} INFO - [2023-11-13T08:47:08.762+0000] {dag.py:3722} INFO - Setting next_dagrun for example_setup_teardown to 2023-11-12T08:47:08.762196+00:00, run_after=2023-11-13T08:47:08.762196+00:00
[2023-11-13T08:47:08.790+0000] {processor.py:179} INFO - Processing /home/airflow/.local/lib/python3.8/site-packages/airflow/example_dags/example_setup_teardown.py took 0.082 seconds
[2023-11-13T08:47:39.617+0000] {processor.py:157} INFO - Started process (PID=278) to work on /home/airflow/.local/lib/python3.8/site-packages/airflow/example_dags/example_setup_teardown.py
[2023-11-13T08:47:39.618+0000] {processor.py:829} INFO - Processing file /home/airflow/.local/lib/python3.8/site-packages/airflow/example_dags/example_setup_teardown.py for tasks to queue
[2023-11-13T08:47:39.620+0000] {logging_mixin.py:154} INFO - [2023-11-13T08:47:39.619+0000] {dagbag.py:536} INFO - Filling up the DagBag from /home/airflow/.local/lib/python3.8/site-packages/airflow/example_dags/example_setup_teardown.py
[2023-11-13T08:47:39.627+0000] {processor.py:839} INFO - DAG(s) dict_keys(['example_setup_teardown']) retrieved from /home/airflow/.local/lib/python3.8/site-packages/airflow/example_dags/example_setup_teardown.py
[2023-11-13T08:47:39.647+0000] {logging_mixin.py:154} INFO - [2023-11-13T08:47:39.647+0000] {dag.py:2941} INFO - Sync 1 DAGs
[2023-11-13T08:47:39.663+0000] {logging_mixin.py:154} INFO - [2023-11-13T08:47:39.663+0000] {dag.py:3722} INFO - Setting next_dagrun for example_setup_teardown to 2023-11-12T08:47:39.663133+00:00, run_after=2023-11-13T08:47:39.663133+00:00
[2023-11-13T08:47:39.696+0000] {processor.py:179} INFO - Processing /home/airflow/.local/lib/python3.8/site-packages/airflow/example_dags/example_setup_teardown.py took 0.083 seconds
[2023-11-13T08:48:10.441+0000] {processor.py:157} INFO - Started process (PID=332) to work on /home/airflow/.local/lib/python3.8/site-packages/airflow/example_dags/example_setup_teardown.py
[2023-11-13T08:48:10.447+0000] {processor.py:829} INFO - Processing file /home/airflow/.local/lib/python3.8/site-packages/airflow/example_dags/example_setup_teardown.py for tasks to queue
[2023-11-13T08:48:10.449+0000] {logging_mixin.py:154} INFO - [2023-11-13T08:48:10.448+0000] {dagbag.py:536} INFO - Filling up the DagBag from /home/airflow/.local/lib/python3.8/site-packages/airflow/example_dags/example_setup_teardown.py
[2023-11-13T08:48:10.453+0000] {processor.py:839} INFO - DAG(s) dict_keys(['example_setup_teardown']) retrieved from /home/airflow/.local/lib/python3.8/site-packages/airflow/example_dags/example_setup_teardown.py
[2023-11-13T08:48:10.469+0000] {logging_mixin.py:154} INFO - [2023-11-13T08:48:10.469+0000] {dag.py:2941} INFO - Sync 1 DAGs
[2023-11-13T08:48:10.487+0000] {logging_mixin.py:154} INFO - [2023-11-13T08:48:10.487+0000] {dag.py:3722} INFO - Setting next_dagrun for example_setup_teardown to 2023-11-12T08:48:10.487274+00:00, run_after=2023-11-13T08:48:10.487274+00:00
[2023-11-13T08:48:10.513+0000] {processor.py:179} INFO - Processing /home/airflow/.local/lib/python3.8/site-packages/airflow/example_dags/example_setup_teardown.py took 0.075 seconds
