[2023-11-13T07:55:04.712+0000] {processor.py:157} INFO - Started process (PID=52) to work on /home/airflow/.local/lib/python3.8/site-packages/airflow/example_dags/example_bash_operator.py
[2023-11-13T07:55:04.713+0000] {processor.py:829} INFO - Processing file /home/airflow/.local/lib/python3.8/site-packages/airflow/example_dags/example_bash_operator.py for tasks to queue
[2023-11-13T07:55:04.714+0000] {logging_mixin.py:154} INFO - [2023-11-13T07:55:04.714+0000] {dagbag.py:536} INFO - Filling up the DagBag from /home/airflow/.local/lib/python3.8/site-packages/airflow/example_dags/example_bash_operator.py
[2023-11-13T07:55:04.725+0000] {processor.py:839} INFO - DAG(s) dict_keys(['example_bash_operator']) retrieved from /home/airflow/.local/lib/python3.8/site-packages/airflow/example_dags/example_bash_operator.py
[2023-11-13T07:55:06.018+0000] {logging_mixin.py:154} INFO - [2023-11-13T07:55:06.017+0000] {manager.py:499} INFO - Created Permission View: %s
[2023-11-13T07:55:06.151+0000] {logging_mixin.py:154} INFO - [2023-11-13T07:55:06.150+0000] {manager.py:499} INFO - Created Permission View: %s
[2023-11-13T07:55:06.229+0000] {logging_mixin.py:154} INFO - [2023-11-13T07:55:06.228+0000] {manager.py:499} INFO - Created Permission View: %s
[2023-11-13T07:55:06.230+0000] {logging_mixin.py:154} INFO - [2023-11-13T07:55:06.229+0000] {dag.py:2941} INFO - Sync 1 DAGs
[2023-11-13T07:55:06.249+0000] {logging_mixin.py:154} INFO - [2023-11-13T07:55:06.249+0000] {dag.py:2963} INFO - Creating ORM DAG for example_bash_operator
[2023-11-13T07:55:06.260+0000] {logging_mixin.py:154} INFO - [2023-11-13T07:55:06.260+0000] {dag.py:3722} INFO - Setting next_dagrun for example_bash_operator to 2023-11-12T00:00:00+00:00, run_after=2023-11-13T00:00:00+00:00
[2023-11-13T07:55:06.346+0000] {processor.py:179} INFO - Processing /home/airflow/.local/lib/python3.8/site-packages/airflow/example_dags/example_bash_operator.py took 1.637 seconds
[2023-11-13T07:55:36.681+0000] {processor.py:157} INFO - Started process (PID=100) to work on /home/airflow/.local/lib/python3.8/site-packages/airflow/example_dags/example_bash_operator.py
[2023-11-13T07:55:36.746+0000] {processor.py:829} INFO - Processing file /home/airflow/.local/lib/python3.8/site-packages/airflow/example_dags/example_bash_operator.py for tasks to queue
[2023-11-13T07:55:36.747+0000] {logging_mixin.py:154} INFO - [2023-11-13T07:55:36.747+0000] {dagbag.py:536} INFO - Filling up the DagBag from /home/airflow/.local/lib/python3.8/site-packages/airflow/example_dags/example_bash_operator.py
[2023-11-13T07:55:36.755+0000] {processor.py:839} INFO - DAG(s) dict_keys(['example_bash_operator']) retrieved from /home/airflow/.local/lib/python3.8/site-packages/airflow/example_dags/example_bash_operator.py
[2023-11-13T07:55:36.798+0000] {logging_mixin.py:154} INFO - [2023-11-13T07:55:36.797+0000] {dag.py:2941} INFO - Sync 1 DAGs
[2023-11-13T07:55:36.817+0000] {logging_mixin.py:154} INFO - [2023-11-13T07:55:36.817+0000] {dag.py:3722} INFO - Setting next_dagrun for example_bash_operator to 2023-11-12T00:00:00+00:00, run_after=2023-11-13T00:00:00+00:00
[2023-11-13T07:55:37.114+0000] {processor.py:179} INFO - Processing /home/airflow/.local/lib/python3.8/site-packages/airflow/example_dags/example_bash_operator.py took 0.435 seconds
[2023-11-13T07:56:07.953+0000] {processor.py:157} INFO - Started process (PID=154) to work on /home/airflow/.local/lib/python3.8/site-packages/airflow/example_dags/example_bash_operator.py
[2023-11-13T07:56:07.967+0000] {processor.py:829} INFO - Processing file /home/airflow/.local/lib/python3.8/site-packages/airflow/example_dags/example_bash_operator.py for tasks to queue
[2023-11-13T07:56:07.969+0000] {logging_mixin.py:154} INFO - [2023-11-13T07:56:07.968+0000] {dagbag.py:536} INFO - Filling up the DagBag from /home/airflow/.local/lib/python3.8/site-packages/airflow/example_dags/example_bash_operator.py
[2023-11-13T07:56:07.977+0000] {processor.py:839} INFO - DAG(s) dict_keys(['example_bash_operator']) retrieved from /home/airflow/.local/lib/python3.8/site-packages/airflow/example_dags/example_bash_operator.py
[2023-11-13T07:56:07.998+0000] {logging_mixin.py:154} INFO - [2023-11-13T07:56:07.997+0000] {dag.py:2941} INFO - Sync 1 DAGs
[2023-11-13T07:56:08.013+0000] {logging_mixin.py:154} INFO - [2023-11-13T07:56:08.013+0000] {dag.py:3722} INFO - Setting next_dagrun for example_bash_operator to 2023-11-12T00:00:00+00:00, run_after=2023-11-13T00:00:00+00:00
[2023-11-13T07:56:08.039+0000] {processor.py:179} INFO - Processing /home/airflow/.local/lib/python3.8/site-packages/airflow/example_dags/example_bash_operator.py took 0.089 seconds
[2023-11-13T07:56:38.780+0000] {processor.py:157} INFO - Started process (PID=208) to work on /home/airflow/.local/lib/python3.8/site-packages/airflow/example_dags/example_bash_operator.py
[2023-11-13T07:56:38.789+0000] {processor.py:829} INFO - Processing file /home/airflow/.local/lib/python3.8/site-packages/airflow/example_dags/example_bash_operator.py for tasks to queue
[2023-11-13T07:56:38.790+0000] {logging_mixin.py:154} INFO - [2023-11-13T07:56:38.790+0000] {dagbag.py:536} INFO - Filling up the DagBag from /home/airflow/.local/lib/python3.8/site-packages/airflow/example_dags/example_bash_operator.py
[2023-11-13T07:56:38.798+0000] {processor.py:839} INFO - DAG(s) dict_keys(['example_bash_operator']) retrieved from /home/airflow/.local/lib/python3.8/site-packages/airflow/example_dags/example_bash_operator.py
[2023-11-13T07:56:38.820+0000] {logging_mixin.py:154} INFO - [2023-11-13T07:56:38.819+0000] {dag.py:2941} INFO - Sync 1 DAGs
[2023-11-13T07:56:38.836+0000] {logging_mixin.py:154} INFO - [2023-11-13T07:56:38.836+0000] {dag.py:3722} INFO - Setting next_dagrun for example_bash_operator to 2023-11-12T00:00:00+00:00, run_after=2023-11-13T00:00:00+00:00
[2023-11-13T07:56:38.882+0000] {processor.py:179} INFO - Processing /home/airflow/.local/lib/python3.8/site-packages/airflow/example_dags/example_bash_operator.py took 0.104 seconds
[2023-11-13T07:57:08.935+0000] {processor.py:157} INFO - Started process (PID=262) to work on /home/airflow/.local/lib/python3.8/site-packages/airflow/example_dags/example_bash_operator.py
[2023-11-13T07:57:08.936+0000] {processor.py:829} INFO - Processing file /home/airflow/.local/lib/python3.8/site-packages/airflow/example_dags/example_bash_operator.py for tasks to queue
[2023-11-13T07:57:08.938+0000] {logging_mixin.py:154} INFO - [2023-11-13T07:57:08.937+0000] {dagbag.py:536} INFO - Filling up the DagBag from /home/airflow/.local/lib/python3.8/site-packages/airflow/example_dags/example_bash_operator.py
[2023-11-13T07:57:08.948+0000] {processor.py:839} INFO - DAG(s) dict_keys(['example_bash_operator']) retrieved from /home/airflow/.local/lib/python3.8/site-packages/airflow/example_dags/example_bash_operator.py
[2023-11-13T07:57:08.973+0000] {logging_mixin.py:154} INFO - [2023-11-13T07:57:08.973+0000] {dag.py:2941} INFO - Sync 1 DAGs
[2023-11-13T07:57:08.992+0000] {logging_mixin.py:154} INFO - [2023-11-13T07:57:08.992+0000] {dag.py:3722} INFO - Setting next_dagrun for example_bash_operator to 2023-11-12T00:00:00+00:00, run_after=2023-11-13T00:00:00+00:00
[2023-11-13T07:57:09.027+0000] {processor.py:179} INFO - Processing /home/airflow/.local/lib/python3.8/site-packages/airflow/example_dags/example_bash_operator.py took 0.094 seconds
[2023-11-13T07:57:40.001+0000] {processor.py:157} INFO - Started process (PID=316) to work on /home/airflow/.local/lib/python3.8/site-packages/airflow/example_dags/example_bash_operator.py
[2023-11-13T07:57:40.002+0000] {processor.py:829} INFO - Processing file /home/airflow/.local/lib/python3.8/site-packages/airflow/example_dags/example_bash_operator.py for tasks to queue
[2023-11-13T07:57:40.003+0000] {logging_mixin.py:154} INFO - [2023-11-13T07:57:40.003+0000] {dagbag.py:536} INFO - Filling up the DagBag from /home/airflow/.local/lib/python3.8/site-packages/airflow/example_dags/example_bash_operator.py
[2023-11-13T07:57:40.011+0000] {processor.py:839} INFO - DAG(s) dict_keys(['example_bash_operator']) retrieved from /home/airflow/.local/lib/python3.8/site-packages/airflow/example_dags/example_bash_operator.py
[2023-11-13T07:57:40.032+0000] {logging_mixin.py:154} INFO - [2023-11-13T07:57:40.032+0000] {dag.py:2941} INFO - Sync 1 DAGs
[2023-11-13T07:57:40.048+0000] {logging_mixin.py:154} INFO - [2023-11-13T07:57:40.048+0000] {dag.py:3722} INFO - Setting next_dagrun for example_bash_operator to 2023-11-12T00:00:00+00:00, run_after=2023-11-13T00:00:00+00:00
[2023-11-13T07:57:40.079+0000] {processor.py:179} INFO - Processing /home/airflow/.local/lib/python3.8/site-packages/airflow/example_dags/example_bash_operator.py took 0.080 seconds
[2023-11-13T07:58:10.717+0000] {processor.py:157} INFO - Started process (PID=377) to work on /home/airflow/.local/lib/python3.8/site-packages/airflow/example_dags/example_bash_operator.py
[2023-11-13T07:58:10.736+0000] {processor.py:829} INFO - Processing file /home/airflow/.local/lib/python3.8/site-packages/airflow/example_dags/example_bash_operator.py for tasks to queue
[2023-11-13T07:58:10.738+0000] {logging_mixin.py:154} INFO - [2023-11-13T07:58:10.737+0000] {dagbag.py:536} INFO - Filling up the DagBag from /home/airflow/.local/lib/python3.8/site-packages/airflow/example_dags/example_bash_operator.py
[2023-11-13T07:58:10.746+0000] {processor.py:839} INFO - DAG(s) dict_keys(['example_bash_operator']) retrieved from /home/airflow/.local/lib/python3.8/site-packages/airflow/example_dags/example_bash_operator.py
[2023-11-13T07:58:10.770+0000] {logging_mixin.py:154} INFO - [2023-11-13T07:58:10.770+0000] {dag.py:2941} INFO - Sync 1 DAGs
[2023-11-13T07:58:10.787+0000] {logging_mixin.py:154} INFO - [2023-11-13T07:58:10.787+0000] {dag.py:3722} INFO - Setting next_dagrun for example_bash_operator to 2023-11-12T00:00:00+00:00, run_after=2023-11-13T00:00:00+00:00
[2023-11-13T07:58:10.810+0000] {processor.py:179} INFO - Processing /home/airflow/.local/lib/python3.8/site-packages/airflow/example_dags/example_bash_operator.py took 0.096 seconds
[2023-11-13T07:58:41.612+0000] {processor.py:157} INFO - Started process (PID=431) to work on /home/airflow/.local/lib/python3.8/site-packages/airflow/example_dags/example_bash_operator.py
[2023-11-13T07:58:41.747+0000] {processor.py:829} INFO - Processing file /home/airflow/.local/lib/python3.8/site-packages/airflow/example_dags/example_bash_operator.py for tasks to queue
[2023-11-13T07:58:41.753+0000] {logging_mixin.py:154} INFO - [2023-11-13T07:58:41.752+0000] {dagbag.py:536} INFO - Filling up the DagBag from /home/airflow/.local/lib/python3.8/site-packages/airflow/example_dags/example_bash_operator.py
[2023-11-13T07:58:41.765+0000] {processor.py:839} INFO - DAG(s) dict_keys(['example_bash_operator']) retrieved from /home/airflow/.local/lib/python3.8/site-packages/airflow/example_dags/example_bash_operator.py
[2023-11-13T07:58:41.786+0000] {logging_mixin.py:154} INFO - [2023-11-13T07:58:41.785+0000] {dag.py:2941} INFO - Sync 1 DAGs
[2023-11-13T07:58:41.801+0000] {logging_mixin.py:154} INFO - [2023-11-13T07:58:41.801+0000] {dag.py:3722} INFO - Setting next_dagrun for example_bash_operator to 2023-11-12T00:00:00+00:00, run_after=2023-11-13T00:00:00+00:00
[2023-11-13T07:58:42.099+0000] {processor.py:179} INFO - Processing /home/airflow/.local/lib/python3.8/site-packages/airflow/example_dags/example_bash_operator.py took 0.492 seconds
[2023-11-13T07:59:12.984+0000] {processor.py:157} INFO - Started process (PID=485) to work on /home/airflow/.local/lib/python3.8/site-packages/airflow/example_dags/example_bash_operator.py
[2023-11-13T07:59:12.984+0000] {processor.py:829} INFO - Processing file /home/airflow/.local/lib/python3.8/site-packages/airflow/example_dags/example_bash_operator.py for tasks to queue
[2023-11-13T07:59:12.985+0000] {logging_mixin.py:154} INFO - [2023-11-13T07:59:12.985+0000] {dagbag.py:536} INFO - Filling up the DagBag from /home/airflow/.local/lib/python3.8/site-packages/airflow/example_dags/example_bash_operator.py
[2023-11-13T07:59:12.993+0000] {processor.py:839} INFO - DAG(s) dict_keys(['example_bash_operator']) retrieved from /home/airflow/.local/lib/python3.8/site-packages/airflow/example_dags/example_bash_operator.py
[2023-11-13T07:59:13.015+0000] {logging_mixin.py:154} INFO - [2023-11-13T07:59:13.014+0000] {dag.py:2941} INFO - Sync 1 DAGs
[2023-11-13T07:59:13.034+0000] {logging_mixin.py:154} INFO - [2023-11-13T07:59:13.034+0000] {dag.py:3722} INFO - Setting next_dagrun for example_bash_operator to 2023-11-12T00:00:00+00:00, run_after=2023-11-13T00:00:00+00:00
[2023-11-13T07:59:13.105+0000] {processor.py:179} INFO - Processing /home/airflow/.local/lib/python3.8/site-packages/airflow/example_dags/example_bash_operator.py took 0.124 seconds
[2023-11-13T07:59:44.687+0000] {processor.py:157} INFO - Started process (PID=539) to work on /home/airflow/.local/lib/python3.8/site-packages/airflow/example_dags/example_bash_operator.py
[2023-11-13T07:59:44.688+0000] {processor.py:829} INFO - Processing file /home/airflow/.local/lib/python3.8/site-packages/airflow/example_dags/example_bash_operator.py for tasks to queue
[2023-11-13T07:59:44.689+0000] {logging_mixin.py:154} INFO - [2023-11-13T07:59:44.689+0000] {dagbag.py:536} INFO - Filling up the DagBag from /home/airflow/.local/lib/python3.8/site-packages/airflow/example_dags/example_bash_operator.py
[2023-11-13T07:59:44.697+0000] {processor.py:839} INFO - DAG(s) dict_keys(['example_bash_operator']) retrieved from /home/airflow/.local/lib/python3.8/site-packages/airflow/example_dags/example_bash_operator.py
[2023-11-13T07:59:44.720+0000] {logging_mixin.py:154} INFO - [2023-11-13T07:59:44.720+0000] {dag.py:2941} INFO - Sync 1 DAGs
[2023-11-13T07:59:44.736+0000] {logging_mixin.py:154} INFO - [2023-11-13T07:59:44.735+0000] {dag.py:3722} INFO - Setting next_dagrun for example_bash_operator to 2023-11-12T00:00:00+00:00, run_after=2023-11-13T00:00:00+00:00
[2023-11-13T07:59:44.770+0000] {processor.py:179} INFO - Processing /home/airflow/.local/lib/python3.8/site-packages/airflow/example_dags/example_bash_operator.py took 0.085 seconds
[2023-11-13T08:00:14.871+0000] {processor.py:157} INFO - Started process (PID=593) to work on /home/airflow/.local/lib/python3.8/site-packages/airflow/example_dags/example_bash_operator.py
[2023-11-13T08:00:14.872+0000] {processor.py:829} INFO - Processing file /home/airflow/.local/lib/python3.8/site-packages/airflow/example_dags/example_bash_operator.py for tasks to queue
[2023-11-13T08:00:14.873+0000] {logging_mixin.py:154} INFO - [2023-11-13T08:00:14.873+0000] {dagbag.py:536} INFO - Filling up the DagBag from /home/airflow/.local/lib/python3.8/site-packages/airflow/example_dags/example_bash_operator.py
[2023-11-13T08:00:14.883+0000] {processor.py:839} INFO - DAG(s) dict_keys(['example_bash_operator']) retrieved from /home/airflow/.local/lib/python3.8/site-packages/airflow/example_dags/example_bash_operator.py
[2023-11-13T08:00:14.908+0000] {logging_mixin.py:154} INFO - [2023-11-13T08:00:14.908+0000] {dag.py:2941} INFO - Sync 1 DAGs
[2023-11-13T08:00:14.925+0000] {logging_mixin.py:154} INFO - [2023-11-13T08:00:14.925+0000] {dag.py:3722} INFO - Setting next_dagrun for example_bash_operator to 2023-11-12T00:00:00+00:00, run_after=2023-11-13T00:00:00+00:00
[2023-11-13T08:00:14.970+0000] {processor.py:179} INFO - Processing /home/airflow/.local/lib/python3.8/site-packages/airflow/example_dags/example_bash_operator.py took 0.102 seconds
[2023-11-13T08:00:46.199+0000] {processor.py:157} INFO - Started process (PID=647) to work on /home/airflow/.local/lib/python3.8/site-packages/airflow/example_dags/example_bash_operator.py
[2023-11-13T08:00:46.217+0000] {processor.py:829} INFO - Processing file /home/airflow/.local/lib/python3.8/site-packages/airflow/example_dags/example_bash_operator.py for tasks to queue
[2023-11-13T08:00:46.218+0000] {logging_mixin.py:154} INFO - [2023-11-13T08:00:46.218+0000] {dagbag.py:536} INFO - Filling up the DagBag from /home/airflow/.local/lib/python3.8/site-packages/airflow/example_dags/example_bash_operator.py
[2023-11-13T08:00:46.227+0000] {processor.py:839} INFO - DAG(s) dict_keys(['example_bash_operator']) retrieved from /home/airflow/.local/lib/python3.8/site-packages/airflow/example_dags/example_bash_operator.py
[2023-11-13T08:00:46.249+0000] {logging_mixin.py:154} INFO - [2023-11-13T08:00:46.249+0000] {dag.py:2941} INFO - Sync 1 DAGs
[2023-11-13T08:00:46.265+0000] {logging_mixin.py:154} INFO - [2023-11-13T08:00:46.265+0000] {dag.py:3722} INFO - Setting next_dagrun for example_bash_operator to 2023-11-12T00:00:00+00:00, run_after=2023-11-13T00:00:00+00:00
[2023-11-13T08:00:46.807+0000] {processor.py:179} INFO - Processing /home/airflow/.local/lib/python3.8/site-packages/airflow/example_dags/example_bash_operator.py took 0.610 seconds
[2023-11-13T08:01:17.371+0000] {processor.py:157} INFO - Started process (PID=701) to work on /home/airflow/.local/lib/python3.8/site-packages/airflow/example_dags/example_bash_operator.py
[2023-11-13T08:01:17.371+0000] {processor.py:829} INFO - Processing file /home/airflow/.local/lib/python3.8/site-packages/airflow/example_dags/example_bash_operator.py for tasks to queue
[2023-11-13T08:01:17.372+0000] {logging_mixin.py:154} INFO - [2023-11-13T08:01:17.372+0000] {dagbag.py:536} INFO - Filling up the DagBag from /home/airflow/.local/lib/python3.8/site-packages/airflow/example_dags/example_bash_operator.py
[2023-11-13T08:01:17.381+0000] {processor.py:839} INFO - DAG(s) dict_keys(['example_bash_operator']) retrieved from /home/airflow/.local/lib/python3.8/site-packages/airflow/example_dags/example_bash_operator.py
[2023-11-13T08:01:17.401+0000] {logging_mixin.py:154} INFO - [2023-11-13T08:01:17.401+0000] {dag.py:2941} INFO - Sync 1 DAGs
[2023-11-13T08:01:17.418+0000] {logging_mixin.py:154} INFO - [2023-11-13T08:01:17.417+0000] {dag.py:3722} INFO - Setting next_dagrun for example_bash_operator to 2023-11-12T00:00:00+00:00, run_after=2023-11-13T00:00:00+00:00
[2023-11-13T08:01:18.064+0000] {processor.py:179} INFO - Processing /home/airflow/.local/lib/python3.8/site-packages/airflow/example_dags/example_bash_operator.py took 0.695 seconds
[2023-11-13T08:01:48.754+0000] {processor.py:157} INFO - Started process (PID=755) to work on /home/airflow/.local/lib/python3.8/site-packages/airflow/example_dags/example_bash_operator.py
[2023-11-13T08:01:48.755+0000] {processor.py:829} INFO - Processing file /home/airflow/.local/lib/python3.8/site-packages/airflow/example_dags/example_bash_operator.py for tasks to queue
[2023-11-13T08:01:48.756+0000] {logging_mixin.py:154} INFO - [2023-11-13T08:01:48.756+0000] {dagbag.py:536} INFO - Filling up the DagBag from /home/airflow/.local/lib/python3.8/site-packages/airflow/example_dags/example_bash_operator.py
[2023-11-13T08:01:48.764+0000] {processor.py:839} INFO - DAG(s) dict_keys(['example_bash_operator']) retrieved from /home/airflow/.local/lib/python3.8/site-packages/airflow/example_dags/example_bash_operator.py
[2023-11-13T08:01:48.787+0000] {logging_mixin.py:154} INFO - [2023-11-13T08:01:48.786+0000] {dag.py:2941} INFO - Sync 1 DAGs
[2023-11-13T08:01:48.802+0000] {logging_mixin.py:154} INFO - [2023-11-13T08:01:48.802+0000] {dag.py:3722} INFO - Setting next_dagrun for example_bash_operator to 2023-11-12T00:00:00+00:00, run_after=2023-11-13T00:00:00+00:00
[2023-11-13T08:01:48.835+0000] {processor.py:179} INFO - Processing /home/airflow/.local/lib/python3.8/site-packages/airflow/example_dags/example_bash_operator.py took 0.083 seconds
[2023-11-13T08:02:19.225+0000] {processor.py:157} INFO - Started process (PID=809) to work on /home/airflow/.local/lib/python3.8/site-packages/airflow/example_dags/example_bash_operator.py
[2023-11-13T08:02:19.226+0000] {processor.py:829} INFO - Processing file /home/airflow/.local/lib/python3.8/site-packages/airflow/example_dags/example_bash_operator.py for tasks to queue
[2023-11-13T08:02:19.229+0000] {logging_mixin.py:154} INFO - [2023-11-13T08:02:19.229+0000] {dagbag.py:536} INFO - Filling up the DagBag from /home/airflow/.local/lib/python3.8/site-packages/airflow/example_dags/example_bash_operator.py
[2023-11-13T08:02:19.244+0000] {processor.py:839} INFO - DAG(s) dict_keys(['example_bash_operator']) retrieved from /home/airflow/.local/lib/python3.8/site-packages/airflow/example_dags/example_bash_operator.py
[2023-11-13T08:02:19.270+0000] {logging_mixin.py:154} INFO - [2023-11-13T08:02:19.269+0000] {dag.py:2941} INFO - Sync 1 DAGs
[2023-11-13T08:02:19.287+0000] {logging_mixin.py:154} INFO - [2023-11-13T08:02:19.287+0000] {dag.py:3722} INFO - Setting next_dagrun for example_bash_operator to 2023-11-12T00:00:00+00:00, run_after=2023-11-13T00:00:00+00:00
[2023-11-13T08:02:19.501+0000] {processor.py:179} INFO - Processing /home/airflow/.local/lib/python3.8/site-packages/airflow/example_dags/example_bash_operator.py took 0.282 seconds
[2023-11-13T08:02:50.577+0000] {processor.py:157} INFO - Started process (PID=863) to work on /home/airflow/.local/lib/python3.8/site-packages/airflow/example_dags/example_bash_operator.py
[2023-11-13T08:02:50.733+0000] {processor.py:829} INFO - Processing file /home/airflow/.local/lib/python3.8/site-packages/airflow/example_dags/example_bash_operator.py for tasks to queue
[2023-11-13T08:02:50.738+0000] {logging_mixin.py:154} INFO - [2023-11-13T08:02:50.737+0000] {dagbag.py:536} INFO - Filling up the DagBag from /home/airflow/.local/lib/python3.8/site-packages/airflow/example_dags/example_bash_operator.py
[2023-11-13T08:02:50.746+0000] {processor.py:839} INFO - DAG(s) dict_keys(['example_bash_operator']) retrieved from /home/airflow/.local/lib/python3.8/site-packages/airflow/example_dags/example_bash_operator.py
[2023-11-13T08:02:50.768+0000] {logging_mixin.py:154} INFO - [2023-11-13T08:02:50.768+0000] {dag.py:2941} INFO - Sync 1 DAGs
[2023-11-13T08:02:50.784+0000] {logging_mixin.py:154} INFO - [2023-11-13T08:02:50.784+0000] {dag.py:3722} INFO - Setting next_dagrun for example_bash_operator to 2023-11-12T00:00:00+00:00, run_after=2023-11-13T00:00:00+00:00
[2023-11-13T08:02:50.933+0000] {processor.py:179} INFO - Processing /home/airflow/.local/lib/python3.8/site-packages/airflow/example_dags/example_bash_operator.py took 0.359 seconds
[2023-11-13T08:03:22.019+0000] {processor.py:157} INFO - Started process (PID=917) to work on /home/airflow/.local/lib/python3.8/site-packages/airflow/example_dags/example_bash_operator.py
[2023-11-13T08:03:22.213+0000] {processor.py:829} INFO - Processing file /home/airflow/.local/lib/python3.8/site-packages/airflow/example_dags/example_bash_operator.py for tasks to queue
[2023-11-13T08:03:22.219+0000] {logging_mixin.py:154} INFO - [2023-11-13T08:03:22.218+0000] {dagbag.py:536} INFO - Filling up the DagBag from /home/airflow/.local/lib/python3.8/site-packages/airflow/example_dags/example_bash_operator.py
[2023-11-13T08:03:22.253+0000] {processor.py:839} INFO - DAG(s) dict_keys(['example_bash_operator']) retrieved from /home/airflow/.local/lib/python3.8/site-packages/airflow/example_dags/example_bash_operator.py
[2023-11-13T08:03:22.283+0000] {logging_mixin.py:154} INFO - [2023-11-13T08:03:22.283+0000] {dag.py:2941} INFO - Sync 1 DAGs
[2023-11-13T08:03:22.404+0000] {logging_mixin.py:154} INFO - [2023-11-13T08:03:22.404+0000] {dag.py:3722} INFO - Setting next_dagrun for example_bash_operator to 2023-11-12T00:00:00+00:00, run_after=2023-11-13T00:00:00+00:00
[2023-11-13T08:03:22.611+0000] {processor.py:179} INFO - Processing /home/airflow/.local/lib/python3.8/site-packages/airflow/example_dags/example_bash_operator.py took 0.594 seconds
[2023-11-13T08:03:53.532+0000] {processor.py:157} INFO - Started process (PID=971) to work on /home/airflow/.local/lib/python3.8/site-packages/airflow/example_dags/example_bash_operator.py
[2023-11-13T08:03:53.533+0000] {processor.py:829} INFO - Processing file /home/airflow/.local/lib/python3.8/site-packages/airflow/example_dags/example_bash_operator.py for tasks to queue
[2023-11-13T08:03:53.534+0000] {logging_mixin.py:154} INFO - [2023-11-13T08:03:53.534+0000] {dagbag.py:536} INFO - Filling up the DagBag from /home/airflow/.local/lib/python3.8/site-packages/airflow/example_dags/example_bash_operator.py
[2023-11-13T08:03:53.543+0000] {processor.py:839} INFO - DAG(s) dict_keys(['example_bash_operator']) retrieved from /home/airflow/.local/lib/python3.8/site-packages/airflow/example_dags/example_bash_operator.py
[2023-11-13T08:03:53.565+0000] {logging_mixin.py:154} INFO - [2023-11-13T08:03:53.565+0000] {dag.py:2941} INFO - Sync 1 DAGs
[2023-11-13T08:03:53.581+0000] {logging_mixin.py:154} INFO - [2023-11-13T08:03:53.581+0000] {dag.py:3722} INFO - Setting next_dagrun for example_bash_operator to 2023-11-12T00:00:00+00:00, run_after=2023-11-13T00:00:00+00:00
[2023-11-13T08:03:53.607+0000] {processor.py:179} INFO - Processing /home/airflow/.local/lib/python3.8/site-packages/airflow/example_dags/example_bash_operator.py took 0.077 seconds
[2023-11-13T08:04:23.694+0000] {processor.py:157} INFO - Started process (PID=1025) to work on /home/airflow/.local/lib/python3.8/site-packages/airflow/example_dags/example_bash_operator.py
[2023-11-13T08:04:23.828+0000] {processor.py:829} INFO - Processing file /home/airflow/.local/lib/python3.8/site-packages/airflow/example_dags/example_bash_operator.py for tasks to queue
[2023-11-13T08:04:23.834+0000] {logging_mixin.py:154} INFO - [2023-11-13T08:04:23.833+0000] {dagbag.py:536} INFO - Filling up the DagBag from /home/airflow/.local/lib/python3.8/site-packages/airflow/example_dags/example_bash_operator.py
[2023-11-13T08:04:23.867+0000] {processor.py:839} INFO - DAG(s) dict_keys(['example_bash_operator']) retrieved from /home/airflow/.local/lib/python3.8/site-packages/airflow/example_dags/example_bash_operator.py
[2023-11-13T08:04:23.896+0000] {logging_mixin.py:154} INFO - [2023-11-13T08:04:23.896+0000] {dag.py:2941} INFO - Sync 1 DAGs
[2023-11-13T08:04:23.912+0000] {logging_mixin.py:154} INFO - [2023-11-13T08:04:23.912+0000] {dag.py:3722} INFO - Setting next_dagrun for example_bash_operator to 2023-11-12T00:00:00+00:00, run_after=2023-11-13T00:00:00+00:00
[2023-11-13T08:04:24.326+0000] {processor.py:179} INFO - Processing /home/airflow/.local/lib/python3.8/site-packages/airflow/example_dags/example_bash_operator.py took 0.634 seconds
[2023-11-13T08:04:54.589+0000] {processor.py:157} INFO - Started process (PID=1079) to work on /home/airflow/.local/lib/python3.8/site-packages/airflow/example_dags/example_bash_operator.py
[2023-11-13T08:04:54.748+0000] {processor.py:829} INFO - Processing file /home/airflow/.local/lib/python3.8/site-packages/airflow/example_dags/example_bash_operator.py for tasks to queue
[2023-11-13T08:04:54.756+0000] {logging_mixin.py:154} INFO - [2023-11-13T08:04:54.755+0000] {dagbag.py:536} INFO - Filling up the DagBag from /home/airflow/.local/lib/python3.8/site-packages/airflow/example_dags/example_bash_operator.py
[2023-11-13T08:04:54.790+0000] {processor.py:839} INFO - DAG(s) dict_keys(['example_bash_operator']) retrieved from /home/airflow/.local/lib/python3.8/site-packages/airflow/example_dags/example_bash_operator.py
[2023-11-13T08:04:54.815+0000] {logging_mixin.py:154} INFO - [2023-11-13T08:04:54.815+0000] {dag.py:2941} INFO - Sync 1 DAGs
[2023-11-13T08:04:54.927+0000] {logging_mixin.py:154} INFO - [2023-11-13T08:04:54.927+0000] {dag.py:3722} INFO - Setting next_dagrun for example_bash_operator to 2023-11-12T00:00:00+00:00, run_after=2023-11-13T00:00:00+00:00
[2023-11-13T08:04:55.186+0000] {processor.py:179} INFO - Processing /home/airflow/.local/lib/python3.8/site-packages/airflow/example_dags/example_bash_operator.py took 0.600 seconds
[2023-11-13T08:05:25.276+0000] {processor.py:157} INFO - Started process (PID=1126) to work on /home/airflow/.local/lib/python3.8/site-packages/airflow/example_dags/example_bash_operator.py
[2023-11-13T08:05:25.277+0000] {processor.py:829} INFO - Processing file /home/airflow/.local/lib/python3.8/site-packages/airflow/example_dags/example_bash_operator.py for tasks to queue
[2023-11-13T08:05:25.278+0000] {logging_mixin.py:154} INFO - [2023-11-13T08:05:25.278+0000] {dagbag.py:536} INFO - Filling up the DagBag from /home/airflow/.local/lib/python3.8/site-packages/airflow/example_dags/example_bash_operator.py
[2023-11-13T08:05:25.288+0000] {processor.py:839} INFO - DAG(s) dict_keys(['example_bash_operator']) retrieved from /home/airflow/.local/lib/python3.8/site-packages/airflow/example_dags/example_bash_operator.py
[2023-11-13T08:05:25.310+0000] {logging_mixin.py:154} INFO - [2023-11-13T08:05:25.310+0000] {dag.py:2941} INFO - Sync 1 DAGs
[2023-11-13T08:05:25.327+0000] {logging_mixin.py:154} INFO - [2023-11-13T08:05:25.327+0000] {dag.py:3722} INFO - Setting next_dagrun for example_bash_operator to 2023-11-12T00:00:00+00:00, run_after=2023-11-13T00:00:00+00:00
[2023-11-13T08:05:25.360+0000] {processor.py:179} INFO - Processing /home/airflow/.local/lib/python3.8/site-packages/airflow/example_dags/example_bash_operator.py took 0.087 seconds
[2023-11-13T08:05:55.785+0000] {processor.py:157} INFO - Started process (PID=1180) to work on /home/airflow/.local/lib/python3.8/site-packages/airflow/example_dags/example_bash_operator.py
[2023-11-13T08:05:55.786+0000] {processor.py:829} INFO - Processing file /home/airflow/.local/lib/python3.8/site-packages/airflow/example_dags/example_bash_operator.py for tasks to queue
[2023-11-13T08:05:55.788+0000] {logging_mixin.py:154} INFO - [2023-11-13T08:05:55.787+0000] {dagbag.py:536} INFO - Filling up the DagBag from /home/airflow/.local/lib/python3.8/site-packages/airflow/example_dags/example_bash_operator.py
[2023-11-13T08:05:55.799+0000] {processor.py:839} INFO - DAG(s) dict_keys(['example_bash_operator']) retrieved from /home/airflow/.local/lib/python3.8/site-packages/airflow/example_dags/example_bash_operator.py
[2023-11-13T08:05:55.822+0000] {logging_mixin.py:154} INFO - [2023-11-13T08:05:55.822+0000] {dag.py:2941} INFO - Sync 1 DAGs
[2023-11-13T08:05:55.848+0000] {logging_mixin.py:154} INFO - [2023-11-13T08:05:55.848+0000] {dag.py:3722} INFO - Setting next_dagrun for example_bash_operator to 2023-11-12T00:00:00+00:00, run_after=2023-11-13T00:00:00+00:00
[2023-11-13T08:05:55.882+0000] {processor.py:179} INFO - Processing /home/airflow/.local/lib/python3.8/site-packages/airflow/example_dags/example_bash_operator.py took 0.102 seconds
[2023-11-13T08:06:26.661+0000] {processor.py:157} INFO - Started process (PID=1241) to work on /home/airflow/.local/lib/python3.8/site-packages/airflow/example_dags/example_bash_operator.py
[2023-11-13T08:06:26.689+0000] {processor.py:829} INFO - Processing file /home/airflow/.local/lib/python3.8/site-packages/airflow/example_dags/example_bash_operator.py for tasks to queue
[2023-11-13T08:06:26.692+0000] {logging_mixin.py:154} INFO - [2023-11-13T08:06:26.691+0000] {dagbag.py:536} INFO - Filling up the DagBag from /home/airflow/.local/lib/python3.8/site-packages/airflow/example_dags/example_bash_operator.py
[2023-11-13T08:06:26.704+0000] {processor.py:839} INFO - DAG(s) dict_keys(['example_bash_operator']) retrieved from /home/airflow/.local/lib/python3.8/site-packages/airflow/example_dags/example_bash_operator.py
[2023-11-13T08:06:26.736+0000] {logging_mixin.py:154} INFO - [2023-11-13T08:06:26.736+0000] {dag.py:2941} INFO - Sync 1 DAGs
[2023-11-13T08:06:26.852+0000] {logging_mixin.py:154} INFO - [2023-11-13T08:06:26.851+0000] {dag.py:3722} INFO - Setting next_dagrun for example_bash_operator to 2023-11-12T00:00:00+00:00, run_after=2023-11-13T00:00:00+00:00
[2023-11-13T08:06:26.926+0000] {processor.py:179} INFO - Processing /home/airflow/.local/lib/python3.8/site-packages/airflow/example_dags/example_bash_operator.py took 0.269 seconds
[2023-11-13T08:06:57.382+0000] {processor.py:157} INFO - Started process (PID=1295) to work on /home/airflow/.local/lib/python3.8/site-packages/airflow/example_dags/example_bash_operator.py
[2023-11-13T08:06:57.511+0000] {processor.py:829} INFO - Processing file /home/airflow/.local/lib/python3.8/site-packages/airflow/example_dags/example_bash_operator.py for tasks to queue
[2023-11-13T08:06:57.512+0000] {logging_mixin.py:154} INFO - [2023-11-13T08:06:57.512+0000] {dagbag.py:536} INFO - Filling up the DagBag from /home/airflow/.local/lib/python3.8/site-packages/airflow/example_dags/example_bash_operator.py
[2023-11-13T08:06:57.521+0000] {processor.py:839} INFO - DAG(s) dict_keys(['example_bash_operator']) retrieved from /home/airflow/.local/lib/python3.8/site-packages/airflow/example_dags/example_bash_operator.py
[2023-11-13T08:06:57.544+0000] {logging_mixin.py:154} INFO - [2023-11-13T08:06:57.544+0000] {dag.py:2941} INFO - Sync 1 DAGs
[2023-11-13T08:06:57.561+0000] {logging_mixin.py:154} INFO - [2023-11-13T08:06:57.561+0000] {dag.py:3722} INFO - Setting next_dagrun for example_bash_operator to 2023-11-12T00:00:00+00:00, run_after=2023-11-13T00:00:00+00:00
[2023-11-13T08:06:58.236+0000] {processor.py:179} INFO - Processing /home/airflow/.local/lib/python3.8/site-packages/airflow/example_dags/example_bash_operator.py took 0.856 seconds
[2023-11-13T08:07:28.281+0000] {processor.py:157} INFO - Started process (PID=1342) to work on /home/airflow/.local/lib/python3.8/site-packages/airflow/example_dags/example_bash_operator.py
[2023-11-13T08:07:28.281+0000] {processor.py:829} INFO - Processing file /home/airflow/.local/lib/python3.8/site-packages/airflow/example_dags/example_bash_operator.py for tasks to queue
[2023-11-13T08:07:28.283+0000] {logging_mixin.py:154} INFO - [2023-11-13T08:07:28.283+0000] {dagbag.py:536} INFO - Filling up the DagBag from /home/airflow/.local/lib/python3.8/site-packages/airflow/example_dags/example_bash_operator.py
[2023-11-13T08:07:28.292+0000] {processor.py:839} INFO - DAG(s) dict_keys(['example_bash_operator']) retrieved from /home/airflow/.local/lib/python3.8/site-packages/airflow/example_dags/example_bash_operator.py
[2023-11-13T08:07:28.314+0000] {logging_mixin.py:154} INFO - [2023-11-13T08:07:28.314+0000] {dag.py:2941} INFO - Sync 1 DAGs
[2023-11-13T08:07:28.330+0000] {logging_mixin.py:154} INFO - [2023-11-13T08:07:28.330+0000] {dag.py:3722} INFO - Setting next_dagrun for example_bash_operator to 2023-11-12T00:00:00+00:00, run_after=2023-11-13T00:00:00+00:00
[2023-11-13T08:07:28.423+0000] {processor.py:179} INFO - Processing /home/airflow/.local/lib/python3.8/site-packages/airflow/example_dags/example_bash_operator.py took 0.146 seconds
[2023-11-13T08:07:59.163+0000] {processor.py:157} INFO - Started process (PID=1403) to work on /home/airflow/.local/lib/python3.8/site-packages/airflow/example_dags/example_bash_operator.py
[2023-11-13T08:08:00.286+0000] {processor.py:829} INFO - Processing file /home/airflow/.local/lib/python3.8/site-packages/airflow/example_dags/example_bash_operator.py for tasks to queue
[2023-11-13T08:08:00.291+0000] {logging_mixin.py:154} INFO - [2023-11-13T08:08:00.291+0000] {dagbag.py:536} INFO - Filling up the DagBag from /home/airflow/.local/lib/python3.8/site-packages/airflow/example_dags/example_bash_operator.py
[2023-11-13T08:08:00.300+0000] {processor.py:839} INFO - DAG(s) dict_keys(['example_bash_operator']) retrieved from /home/airflow/.local/lib/python3.8/site-packages/airflow/example_dags/example_bash_operator.py
[2023-11-13T08:08:00.322+0000] {logging_mixin.py:154} INFO - [2023-11-13T08:08:00.322+0000] {dag.py:2941} INFO - Sync 1 DAGs
[2023-11-13T08:08:00.436+0000] {logging_mixin.py:154} INFO - [2023-11-13T08:08:00.436+0000] {dag.py:3722} INFO - Setting next_dagrun for example_bash_operator to 2023-11-12T00:00:00+00:00, run_after=2023-11-13T00:00:00+00:00
[2023-11-13T08:08:00.465+0000] {processor.py:179} INFO - Processing /home/airflow/.local/lib/python3.8/site-packages/airflow/example_dags/example_bash_operator.py took 1.305 seconds
[2023-11-13T08:08:31.142+0000] {processor.py:157} INFO - Started process (PID=1457) to work on /home/airflow/.local/lib/python3.8/site-packages/airflow/example_dags/example_bash_operator.py
[2023-11-13T08:08:31.143+0000] {processor.py:829} INFO - Processing file /home/airflow/.local/lib/python3.8/site-packages/airflow/example_dags/example_bash_operator.py for tasks to queue
[2023-11-13T08:08:31.144+0000] {logging_mixin.py:154} INFO - [2023-11-13T08:08:31.144+0000] {dagbag.py:536} INFO - Filling up the DagBag from /home/airflow/.local/lib/python3.8/site-packages/airflow/example_dags/example_bash_operator.py
[2023-11-13T08:08:31.154+0000] {processor.py:839} INFO - DAG(s) dict_keys(['example_bash_operator']) retrieved from /home/airflow/.local/lib/python3.8/site-packages/airflow/example_dags/example_bash_operator.py
[2023-11-13T08:08:31.176+0000] {logging_mixin.py:154} INFO - [2023-11-13T08:08:31.176+0000] {dag.py:2941} INFO - Sync 1 DAGs
[2023-11-13T08:08:31.193+0000] {logging_mixin.py:154} INFO - [2023-11-13T08:08:31.193+0000] {dag.py:3722} INFO - Setting next_dagrun for example_bash_operator to 2023-11-12T00:00:00+00:00, run_after=2023-11-13T00:00:00+00:00
[2023-11-13T08:08:32.779+0000] {processor.py:179} INFO - Processing /home/airflow/.local/lib/python3.8/site-packages/airflow/example_dags/example_bash_operator.py took 1.640 seconds
[2023-11-13T08:09:03.050+0000] {processor.py:157} INFO - Started process (PID=1511) to work on /home/airflow/.local/lib/python3.8/site-packages/airflow/example_dags/example_bash_operator.py
[2023-11-13T08:09:03.142+0000] {processor.py:829} INFO - Processing file /home/airflow/.local/lib/python3.8/site-packages/airflow/example_dags/example_bash_operator.py for tasks to queue
[2023-11-13T08:09:03.144+0000] {logging_mixin.py:154} INFO - [2023-11-13T08:09:03.143+0000] {dagbag.py:536} INFO - Filling up the DagBag from /home/airflow/.local/lib/python3.8/site-packages/airflow/example_dags/example_bash_operator.py
[2023-11-13T08:09:03.152+0000] {processor.py:839} INFO - DAG(s) dict_keys(['example_bash_operator']) retrieved from /home/airflow/.local/lib/python3.8/site-packages/airflow/example_dags/example_bash_operator.py
[2023-11-13T08:09:03.270+0000] {logging_mixin.py:154} INFO - [2023-11-13T08:09:03.269+0000] {dag.py:2941} INFO - Sync 1 DAGs
[2023-11-13T08:09:03.284+0000] {logging_mixin.py:154} INFO - [2023-11-13T08:09:03.283+0000] {dag.py:3722} INFO - Setting next_dagrun for example_bash_operator to 2023-11-12T00:00:00+00:00, run_after=2023-11-13T00:00:00+00:00
[2023-11-13T08:09:03.308+0000] {processor.py:179} INFO - Processing /home/airflow/.local/lib/python3.8/site-packages/airflow/example_dags/example_bash_operator.py took 0.260 seconds
[2023-11-13T08:09:33.987+0000] {processor.py:157} INFO - Started process (PID=1565) to work on /home/airflow/.local/lib/python3.8/site-packages/airflow/example_dags/example_bash_operator.py
[2023-11-13T08:09:33.987+0000] {processor.py:829} INFO - Processing file /home/airflow/.local/lib/python3.8/site-packages/airflow/example_dags/example_bash_operator.py for tasks to queue
[2023-11-13T08:09:33.989+0000] {logging_mixin.py:154} INFO - [2023-11-13T08:09:33.988+0000] {dagbag.py:536} INFO - Filling up the DagBag from /home/airflow/.local/lib/python3.8/site-packages/airflow/example_dags/example_bash_operator.py
[2023-11-13T08:09:33.997+0000] {processor.py:839} INFO - DAG(s) dict_keys(['example_bash_operator']) retrieved from /home/airflow/.local/lib/python3.8/site-packages/airflow/example_dags/example_bash_operator.py
[2023-11-13T08:09:34.019+0000] {logging_mixin.py:154} INFO - [2023-11-13T08:09:34.018+0000] {dag.py:2941} INFO - Sync 1 DAGs
[2023-11-13T08:09:34.130+0000] {logging_mixin.py:154} INFO - [2023-11-13T08:09:34.130+0000] {dag.py:3722} INFO - Setting next_dagrun for example_bash_operator to 2023-11-12T00:00:00+00:00, run_after=2023-11-13T00:00:00+00:00
[2023-11-13T08:09:34.170+0000] {processor.py:179} INFO - Processing /home/airflow/.local/lib/python3.8/site-packages/airflow/example_dags/example_bash_operator.py took 0.185 seconds
[2023-11-13T08:10:04.811+0000] {processor.py:157} INFO - Started process (PID=1619) to work on /home/airflow/.local/lib/python3.8/site-packages/airflow/example_dags/example_bash_operator.py
[2023-11-13T08:10:04.815+0000] {processor.py:829} INFO - Processing file /home/airflow/.local/lib/python3.8/site-packages/airflow/example_dags/example_bash_operator.py for tasks to queue
[2023-11-13T08:10:04.817+0000] {logging_mixin.py:154} INFO - [2023-11-13T08:10:04.816+0000] {dagbag.py:536} INFO - Filling up the DagBag from /home/airflow/.local/lib/python3.8/site-packages/airflow/example_dags/example_bash_operator.py
[2023-11-13T08:10:04.825+0000] {processor.py:839} INFO - DAG(s) dict_keys(['example_bash_operator']) retrieved from /home/airflow/.local/lib/python3.8/site-packages/airflow/example_dags/example_bash_operator.py
[2023-11-13T08:10:04.846+0000] {logging_mixin.py:154} INFO - [2023-11-13T08:10:04.846+0000] {dag.py:2941} INFO - Sync 1 DAGs
[2023-11-13T08:10:04.862+0000] {logging_mixin.py:154} INFO - [2023-11-13T08:10:04.862+0000] {dag.py:3722} INFO - Setting next_dagrun for example_bash_operator to 2023-11-12T00:00:00+00:00, run_after=2023-11-13T00:00:00+00:00
[2023-11-13T08:10:04.889+0000] {processor.py:179} INFO - Processing /home/airflow/.local/lib/python3.8/site-packages/airflow/example_dags/example_bash_operator.py took 0.080 seconds
[2023-11-13T08:10:35.650+0000] {processor.py:157} INFO - Started process (PID=1673) to work on /home/airflow/.local/lib/python3.8/site-packages/airflow/example_dags/example_bash_operator.py
[2023-11-13T08:10:35.651+0000] {processor.py:829} INFO - Processing file /home/airflow/.local/lib/python3.8/site-packages/airflow/example_dags/example_bash_operator.py for tasks to queue
[2023-11-13T08:10:35.652+0000] {logging_mixin.py:154} INFO - [2023-11-13T08:10:35.652+0000] {dagbag.py:536} INFO - Filling up the DagBag from /home/airflow/.local/lib/python3.8/site-packages/airflow/example_dags/example_bash_operator.py
[2023-11-13T08:10:35.660+0000] {processor.py:839} INFO - DAG(s) dict_keys(['example_bash_operator']) retrieved from /home/airflow/.local/lib/python3.8/site-packages/airflow/example_dags/example_bash_operator.py
[2023-11-13T08:10:35.681+0000] {logging_mixin.py:154} INFO - [2023-11-13T08:10:35.681+0000] {dag.py:2941} INFO - Sync 1 DAGs
[2023-11-13T08:10:35.697+0000] {logging_mixin.py:154} INFO - [2023-11-13T08:10:35.697+0000] {dag.py:3722} INFO - Setting next_dagrun for example_bash_operator to 2023-11-12T00:00:00+00:00, run_after=2023-11-13T00:00:00+00:00
[2023-11-13T08:10:35.775+0000] {processor.py:179} INFO - Processing /home/airflow/.local/lib/python3.8/site-packages/airflow/example_dags/example_bash_operator.py took 0.127 seconds
[2023-11-13T08:11:07.303+0000] {processor.py:157} INFO - Started process (PID=1727) to work on /home/airflow/.local/lib/python3.8/site-packages/airflow/example_dags/example_bash_operator.py
[2023-11-13T08:11:07.427+0000] {processor.py:829} INFO - Processing file /home/airflow/.local/lib/python3.8/site-packages/airflow/example_dags/example_bash_operator.py for tasks to queue
[2023-11-13T08:11:07.434+0000] {logging_mixin.py:154} INFO - [2023-11-13T08:11:07.433+0000] {dagbag.py:536} INFO - Filling up the DagBag from /home/airflow/.local/lib/python3.8/site-packages/airflow/example_dags/example_bash_operator.py
[2023-11-13T08:11:07.467+0000] {processor.py:839} INFO - DAG(s) dict_keys(['example_bash_operator']) retrieved from /home/airflow/.local/lib/python3.8/site-packages/airflow/example_dags/example_bash_operator.py
[2023-11-13T08:11:07.496+0000] {logging_mixin.py:154} INFO - [2023-11-13T08:11:07.496+0000] {dag.py:2941} INFO - Sync 1 DAGs
[2023-11-13T08:11:07.513+0000] {logging_mixin.py:154} INFO - [2023-11-13T08:11:07.513+0000] {dag.py:3722} INFO - Setting next_dagrun for example_bash_operator to 2023-11-12T00:00:00+00:00, run_after=2023-11-13T00:00:00+00:00
[2023-11-13T08:11:08.019+0000] {processor.py:179} INFO - Processing /home/airflow/.local/lib/python3.8/site-packages/airflow/example_dags/example_bash_operator.py took 0.718 seconds
[2023-11-13T08:11:38.195+0000] {processor.py:157} INFO - Started process (PID=1781) to work on /home/airflow/.local/lib/python3.8/site-packages/airflow/example_dags/example_bash_operator.py
[2023-11-13T08:11:38.196+0000] {processor.py:829} INFO - Processing file /home/airflow/.local/lib/python3.8/site-packages/airflow/example_dags/example_bash_operator.py for tasks to queue
[2023-11-13T08:11:38.198+0000] {logging_mixin.py:154} INFO - [2023-11-13T08:11:38.197+0000] {dagbag.py:536} INFO - Filling up the DagBag from /home/airflow/.local/lib/python3.8/site-packages/airflow/example_dags/example_bash_operator.py
[2023-11-13T08:11:38.206+0000] {processor.py:839} INFO - DAG(s) dict_keys(['example_bash_operator']) retrieved from /home/airflow/.local/lib/python3.8/site-packages/airflow/example_dags/example_bash_operator.py
[2023-11-13T08:11:38.226+0000] {logging_mixin.py:154} INFO - [2023-11-13T08:11:38.226+0000] {dag.py:2941} INFO - Sync 1 DAGs
[2023-11-13T08:11:38.242+0000] {logging_mixin.py:154} INFO - [2023-11-13T08:11:38.242+0000] {dag.py:3722} INFO - Setting next_dagrun for example_bash_operator to 2023-11-12T00:00:00+00:00, run_after=2023-11-13T00:00:00+00:00
[2023-11-13T08:11:38.276+0000] {processor.py:179} INFO - Processing /home/airflow/.local/lib/python3.8/site-packages/airflow/example_dags/example_bash_operator.py took 0.082 seconds
[2023-11-13T08:12:09.430+0000] {processor.py:157} INFO - Started process (PID=1835) to work on /home/airflow/.local/lib/python3.8/site-packages/airflow/example_dags/example_bash_operator.py
[2023-11-13T08:12:09.614+0000] {processor.py:829} INFO - Processing file /home/airflow/.local/lib/python3.8/site-packages/airflow/example_dags/example_bash_operator.py for tasks to queue
[2023-11-13T08:12:09.621+0000] {logging_mixin.py:154} INFO - [2023-11-13T08:12:09.620+0000] {dagbag.py:536} INFO - Filling up the DagBag from /home/airflow/.local/lib/python3.8/site-packages/airflow/example_dags/example_bash_operator.py
[2023-11-13T08:12:09.652+0000] {processor.py:839} INFO - DAG(s) dict_keys(['example_bash_operator']) retrieved from /home/airflow/.local/lib/python3.8/site-packages/airflow/example_dags/example_bash_operator.py
[2023-11-13T08:12:09.680+0000] {logging_mixin.py:154} INFO - [2023-11-13T08:12:09.680+0000] {dag.py:2941} INFO - Sync 1 DAGs
[2023-11-13T08:12:09.695+0000] {logging_mixin.py:154} INFO - [2023-11-13T08:12:09.695+0000] {dag.py:3722} INFO - Setting next_dagrun for example_bash_operator to 2023-11-12T00:00:00+00:00, run_after=2023-11-13T00:00:00+00:00
[2023-11-13T08:12:10.564+0000] {processor.py:179} INFO - Processing /home/airflow/.local/lib/python3.8/site-packages/airflow/example_dags/example_bash_operator.py took 1.137 seconds
[2023-11-13T08:12:41.039+0000] {processor.py:157} INFO - Started process (PID=1889) to work on /home/airflow/.local/lib/python3.8/site-packages/airflow/example_dags/example_bash_operator.py
[2023-11-13T08:12:41.167+0000] {processor.py:829} INFO - Processing file /home/airflow/.local/lib/python3.8/site-packages/airflow/example_dags/example_bash_operator.py for tasks to queue
[2023-11-13T08:12:41.172+0000] {logging_mixin.py:154} INFO - [2023-11-13T08:12:41.172+0000] {dagbag.py:536} INFO - Filling up the DagBag from /home/airflow/.local/lib/python3.8/site-packages/airflow/example_dags/example_bash_operator.py
[2023-11-13T08:12:41.183+0000] {processor.py:839} INFO - DAG(s) dict_keys(['example_bash_operator']) retrieved from /home/airflow/.local/lib/python3.8/site-packages/airflow/example_dags/example_bash_operator.py
[2023-11-13T08:12:41.206+0000] {logging_mixin.py:154} INFO - [2023-11-13T08:12:41.205+0000] {dag.py:2941} INFO - Sync 1 DAGs
[2023-11-13T08:12:41.221+0000] {logging_mixin.py:154} INFO - [2023-11-13T08:12:41.220+0000] {dag.py:3722} INFO - Setting next_dagrun for example_bash_operator to 2023-11-12T00:00:00+00:00, run_after=2023-11-13T00:00:00+00:00
[2023-11-13T08:12:41.461+0000] {processor.py:179} INFO - Processing /home/airflow/.local/lib/python3.8/site-packages/airflow/example_dags/example_bash_operator.py took 0.425 seconds
[2023-11-13T08:13:13.334+0000] {processor.py:157} INFO - Started process (PID=1943) to work on /home/airflow/.local/lib/python3.8/site-packages/airflow/example_dags/example_bash_operator.py
[2023-11-13T08:13:13.336+0000] {processor.py:829} INFO - Processing file /home/airflow/.local/lib/python3.8/site-packages/airflow/example_dags/example_bash_operator.py for tasks to queue
[2023-11-13T08:13:13.338+0000] {logging_mixin.py:154} INFO - [2023-11-13T08:13:13.338+0000] {dagbag.py:536} INFO - Filling up the DagBag from /home/airflow/.local/lib/python3.8/site-packages/airflow/example_dags/example_bash_operator.py
[2023-11-13T08:13:13.346+0000] {processor.py:839} INFO - DAG(s) dict_keys(['example_bash_operator']) retrieved from /home/airflow/.local/lib/python3.8/site-packages/airflow/example_dags/example_bash_operator.py
[2023-11-13T08:13:13.367+0000] {logging_mixin.py:154} INFO - [2023-11-13T08:13:13.367+0000] {dag.py:2941} INFO - Sync 1 DAGs
[2023-11-13T08:13:13.383+0000] {logging_mixin.py:154} INFO - [2023-11-13T08:13:13.383+0000] {dag.py:3722} INFO - Setting next_dagrun for example_bash_operator to 2023-11-12T00:00:00+00:00, run_after=2023-11-13T00:00:00+00:00
[2023-11-13T08:13:13.487+0000] {processor.py:179} INFO - Processing /home/airflow/.local/lib/python3.8/site-packages/airflow/example_dags/example_bash_operator.py took 0.156 seconds
[2023-11-13T08:13:45.194+0000] {processor.py:157} INFO - Started process (PID=1997) to work on /home/airflow/.local/lib/python3.8/site-packages/airflow/example_dags/example_bash_operator.py
[2023-11-13T08:13:45.195+0000] {processor.py:829} INFO - Processing file /home/airflow/.local/lib/python3.8/site-packages/airflow/example_dags/example_bash_operator.py for tasks to queue
[2023-11-13T08:13:45.196+0000] {logging_mixin.py:154} INFO - [2023-11-13T08:13:45.196+0000] {dagbag.py:536} INFO - Filling up the DagBag from /home/airflow/.local/lib/python3.8/site-packages/airflow/example_dags/example_bash_operator.py
[2023-11-13T08:13:45.204+0000] {processor.py:839} INFO - DAG(s) dict_keys(['example_bash_operator']) retrieved from /home/airflow/.local/lib/python3.8/site-packages/airflow/example_dags/example_bash_operator.py
[2023-11-13T08:13:45.225+0000] {logging_mixin.py:154} INFO - [2023-11-13T08:13:45.225+0000] {dag.py:2941} INFO - Sync 1 DAGs
[2023-11-13T08:13:45.241+0000] {logging_mixin.py:154} INFO - [2023-11-13T08:13:45.241+0000] {dag.py:3722} INFO - Setting next_dagrun for example_bash_operator to 2023-11-12T00:00:00+00:00, run_after=2023-11-13T00:00:00+00:00
[2023-11-13T08:13:45.307+0000] {processor.py:179} INFO - Processing /home/airflow/.local/lib/python3.8/site-packages/airflow/example_dags/example_bash_operator.py took 0.115 seconds
[2023-11-13T08:14:16.414+0000] {processor.py:157} INFO - Started process (PID=2051) to work on /home/airflow/.local/lib/python3.8/site-packages/airflow/example_dags/example_bash_operator.py
[2023-11-13T08:14:16.538+0000] {processor.py:829} INFO - Processing file /home/airflow/.local/lib/python3.8/site-packages/airflow/example_dags/example_bash_operator.py for tasks to queue
[2023-11-13T08:14:16.540+0000] {logging_mixin.py:154} INFO - [2023-11-13T08:14:16.540+0000] {dagbag.py:536} INFO - Filling up the DagBag from /home/airflow/.local/lib/python3.8/site-packages/airflow/example_dags/example_bash_operator.py
[2023-11-13T08:14:16.555+0000] {processor.py:839} INFO - DAG(s) dict_keys(['example_bash_operator']) retrieved from /home/airflow/.local/lib/python3.8/site-packages/airflow/example_dags/example_bash_operator.py
[2023-11-13T08:14:16.582+0000] {logging_mixin.py:154} INFO - [2023-11-13T08:14:16.582+0000] {dag.py:2941} INFO - Sync 1 DAGs
[2023-11-13T08:14:16.598+0000] {logging_mixin.py:154} INFO - [2023-11-13T08:14:16.598+0000] {dag.py:3722} INFO - Setting next_dagrun for example_bash_operator to 2023-11-12T00:00:00+00:00, run_after=2023-11-13T00:00:00+00:00
[2023-11-13T08:14:17.175+0000] {processor.py:179} INFO - Processing /home/airflow/.local/lib/python3.8/site-packages/airflow/example_dags/example_bash_operator.py took 0.766 seconds
[2023-11-13T08:14:47.429+0000] {processor.py:157} INFO - Started process (PID=2105) to work on /home/airflow/.local/lib/python3.8/site-packages/airflow/example_dags/example_bash_operator.py
[2023-11-13T08:14:47.429+0000] {processor.py:829} INFO - Processing file /home/airflow/.local/lib/python3.8/site-packages/airflow/example_dags/example_bash_operator.py for tasks to queue
[2023-11-13T08:14:47.431+0000] {logging_mixin.py:154} INFO - [2023-11-13T08:14:47.431+0000] {dagbag.py:536} INFO - Filling up the DagBag from /home/airflow/.local/lib/python3.8/site-packages/airflow/example_dags/example_bash_operator.py
[2023-11-13T08:14:47.439+0000] {processor.py:839} INFO - DAG(s) dict_keys(['example_bash_operator']) retrieved from /home/airflow/.local/lib/python3.8/site-packages/airflow/example_dags/example_bash_operator.py
[2023-11-13T08:14:47.459+0000] {logging_mixin.py:154} INFO - [2023-11-13T08:14:47.459+0000] {dag.py:2941} INFO - Sync 1 DAGs
[2023-11-13T08:14:47.474+0000] {logging_mixin.py:154} INFO - [2023-11-13T08:14:47.474+0000] {dag.py:3722} INFO - Setting next_dagrun for example_bash_operator to 2023-11-12T00:00:00+00:00, run_after=2023-11-13T00:00:00+00:00
[2023-11-13T08:14:48.159+0000] {processor.py:179} INFO - Processing /home/airflow/.local/lib/python3.8/site-packages/airflow/example_dags/example_bash_operator.py took 0.733 seconds
[2023-11-13T08:15:19.073+0000] {processor.py:157} INFO - Started process (PID=2159) to work on /home/airflow/.local/lib/python3.8/site-packages/airflow/example_dags/example_bash_operator.py
[2023-11-13T08:15:19.080+0000] {processor.py:829} INFO - Processing file /home/airflow/.local/lib/python3.8/site-packages/airflow/example_dags/example_bash_operator.py for tasks to queue
[2023-11-13T08:15:19.082+0000] {logging_mixin.py:154} INFO - [2023-11-13T08:15:19.082+0000] {dagbag.py:536} INFO - Filling up the DagBag from /home/airflow/.local/lib/python3.8/site-packages/airflow/example_dags/example_bash_operator.py
[2023-11-13T08:15:19.089+0000] {processor.py:839} INFO - DAG(s) dict_keys(['example_bash_operator']) retrieved from /home/airflow/.local/lib/python3.8/site-packages/airflow/example_dags/example_bash_operator.py
[2023-11-13T08:15:19.110+0000] {logging_mixin.py:154} INFO - [2023-11-13T08:15:19.109+0000] {dag.py:2941} INFO - Sync 1 DAGs
[2023-11-13T08:15:19.125+0000] {logging_mixin.py:154} INFO - [2023-11-13T08:15:19.125+0000] {dag.py:3722} INFO - Setting next_dagrun for example_bash_operator to 2023-11-12T00:00:00+00:00, run_after=2023-11-13T00:00:00+00:00
[2023-11-13T08:15:19.352+0000] {processor.py:179} INFO - Processing /home/airflow/.local/lib/python3.8/site-packages/airflow/example_dags/example_bash_operator.py took 0.282 seconds
[2023-11-13T08:15:49.515+0000] {processor.py:157} INFO - Started process (PID=2213) to work on /home/airflow/.local/lib/python3.8/site-packages/airflow/example_dags/example_bash_operator.py
[2023-11-13T08:15:49.516+0000] {processor.py:829} INFO - Processing file /home/airflow/.local/lib/python3.8/site-packages/airflow/example_dags/example_bash_operator.py for tasks to queue
[2023-11-13T08:15:49.517+0000] {logging_mixin.py:154} INFO - [2023-11-13T08:15:49.517+0000] {dagbag.py:536} INFO - Filling up the DagBag from /home/airflow/.local/lib/python3.8/site-packages/airflow/example_dags/example_bash_operator.py
[2023-11-13T08:15:49.526+0000] {processor.py:839} INFO - DAG(s) dict_keys(['example_bash_operator']) retrieved from /home/airflow/.local/lib/python3.8/site-packages/airflow/example_dags/example_bash_operator.py
[2023-11-13T08:15:49.548+0000] {logging_mixin.py:154} INFO - [2023-11-13T08:15:49.547+0000] {dag.py:2941} INFO - Sync 1 DAGs
[2023-11-13T08:15:49.563+0000] {logging_mixin.py:154} INFO - [2023-11-13T08:15:49.563+0000] {dag.py:3722} INFO - Setting next_dagrun for example_bash_operator to 2023-11-12T00:00:00+00:00, run_after=2023-11-13T00:00:00+00:00
[2023-11-13T08:15:50.253+0000] {processor.py:179} INFO - Processing /home/airflow/.local/lib/python3.8/site-packages/airflow/example_dags/example_bash_operator.py took 0.740 seconds
[2023-11-13T08:16:20.824+0000] {processor.py:157} INFO - Started process (PID=2267) to work on /home/airflow/.local/lib/python3.8/site-packages/airflow/example_dags/example_bash_operator.py
[2023-11-13T08:16:20.895+0000] {processor.py:829} INFO - Processing file /home/airflow/.local/lib/python3.8/site-packages/airflow/example_dags/example_bash_operator.py for tasks to queue
[2023-11-13T08:16:20.897+0000] {logging_mixin.py:154} INFO - [2023-11-13T08:16:20.897+0000] {dagbag.py:536} INFO - Filling up the DagBag from /home/airflow/.local/lib/python3.8/site-packages/airflow/example_dags/example_bash_operator.py
[2023-11-13T08:16:20.905+0000] {processor.py:839} INFO - DAG(s) dict_keys(['example_bash_operator']) retrieved from /home/airflow/.local/lib/python3.8/site-packages/airflow/example_dags/example_bash_operator.py
[2023-11-13T08:16:20.933+0000] {logging_mixin.py:154} INFO - [2023-11-13T08:16:20.933+0000] {dag.py:2941} INFO - Sync 1 DAGs
[2023-11-13T08:16:20.953+0000] {logging_mixin.py:154} INFO - [2023-11-13T08:16:20.953+0000] {dag.py:3722} INFO - Setting next_dagrun for example_bash_operator to 2023-11-12T00:00:00+00:00, run_after=2023-11-13T00:00:00+00:00
[2023-11-13T08:16:21.651+0000] {processor.py:179} INFO - Processing /home/airflow/.local/lib/python3.8/site-packages/airflow/example_dags/example_bash_operator.py took 0.829 seconds
[2023-11-13T08:16:52.227+0000] {processor.py:157} INFO - Started process (PID=2321) to work on /home/airflow/.local/lib/python3.8/site-packages/airflow/example_dags/example_bash_operator.py
[2023-11-13T08:16:52.228+0000] {processor.py:829} INFO - Processing file /home/airflow/.local/lib/python3.8/site-packages/airflow/example_dags/example_bash_operator.py for tasks to queue
[2023-11-13T08:16:52.229+0000] {logging_mixin.py:154} INFO - [2023-11-13T08:16:52.229+0000] {dagbag.py:536} INFO - Filling up the DagBag from /home/airflow/.local/lib/python3.8/site-packages/airflow/example_dags/example_bash_operator.py
[2023-11-13T08:16:52.237+0000] {processor.py:839} INFO - DAG(s) dict_keys(['example_bash_operator']) retrieved from /home/airflow/.local/lib/python3.8/site-packages/airflow/example_dags/example_bash_operator.py
[2023-11-13T08:16:52.259+0000] {logging_mixin.py:154} INFO - [2023-11-13T08:16:52.259+0000] {dag.py:2941} INFO - Sync 1 DAGs
[2023-11-13T08:16:52.275+0000] {logging_mixin.py:154} INFO - [2023-11-13T08:16:52.275+0000] {dag.py:3722} INFO - Setting next_dagrun for example_bash_operator to 2023-11-12T00:00:00+00:00, run_after=2023-11-13T00:00:00+00:00
[2023-11-13T08:16:53.064+0000] {processor.py:179} INFO - Processing /home/airflow/.local/lib/python3.8/site-packages/airflow/example_dags/example_bash_operator.py took 0.839 seconds
[2023-11-13T08:17:23.920+0000] {processor.py:157} INFO - Started process (PID=2375) to work on /home/airflow/.local/lib/python3.8/site-packages/airflow/example_dags/example_bash_operator.py
[2023-11-13T08:17:23.926+0000] {processor.py:829} INFO - Processing file /home/airflow/.local/lib/python3.8/site-packages/airflow/example_dags/example_bash_operator.py for tasks to queue
[2023-11-13T08:17:23.932+0000] {logging_mixin.py:154} INFO - [2023-11-13T08:17:23.932+0000] {dagbag.py:536} INFO - Filling up the DagBag from /home/airflow/.local/lib/python3.8/site-packages/airflow/example_dags/example_bash_operator.py
[2023-11-13T08:17:23.971+0000] {processor.py:839} INFO - DAG(s) dict_keys(['example_bash_operator']) retrieved from /home/airflow/.local/lib/python3.8/site-packages/airflow/example_dags/example_bash_operator.py
[2023-11-13T08:17:24.038+0000] {logging_mixin.py:154} INFO - [2023-11-13T08:17:24.038+0000] {dag.py:2941} INFO - Sync 1 DAGs
[2023-11-13T08:17:24.056+0000] {logging_mixin.py:154} INFO - [2023-11-13T08:17:24.056+0000] {dag.py:3722} INFO - Setting next_dagrun for example_bash_operator to 2023-11-12T00:00:00+00:00, run_after=2023-11-13T00:00:00+00:00
[2023-11-13T08:17:24.788+0000] {processor.py:179} INFO - Processing /home/airflow/.local/lib/python3.8/site-packages/airflow/example_dags/example_bash_operator.py took 0.879 seconds
[2023-11-13T08:17:55.142+0000] {processor.py:157} INFO - Started process (PID=2429) to work on /home/airflow/.local/lib/python3.8/site-packages/airflow/example_dags/example_bash_operator.py
[2023-11-13T08:17:55.142+0000] {processor.py:829} INFO - Processing file /home/airflow/.local/lib/python3.8/site-packages/airflow/example_dags/example_bash_operator.py for tasks to queue
[2023-11-13T08:17:55.143+0000] {logging_mixin.py:154} INFO - [2023-11-13T08:17:55.143+0000] {dagbag.py:536} INFO - Filling up the DagBag from /home/airflow/.local/lib/python3.8/site-packages/airflow/example_dags/example_bash_operator.py
[2023-11-13T08:17:55.151+0000] {processor.py:839} INFO - DAG(s) dict_keys(['example_bash_operator']) retrieved from /home/airflow/.local/lib/python3.8/site-packages/airflow/example_dags/example_bash_operator.py
[2023-11-13T08:17:55.174+0000] {logging_mixin.py:154} INFO - [2023-11-13T08:17:55.174+0000] {dag.py:2941} INFO - Sync 1 DAGs
[2023-11-13T08:17:55.189+0000] {logging_mixin.py:154} INFO - [2023-11-13T08:17:55.189+0000] {dag.py:3722} INFO - Setting next_dagrun for example_bash_operator to 2023-11-12T00:00:00+00:00, run_after=2023-11-13T00:00:00+00:00
[2023-11-13T08:17:56.576+0000] {processor.py:179} INFO - Processing /home/airflow/.local/lib/python3.8/site-packages/airflow/example_dags/example_bash_operator.py took 1.437 seconds
[2023-11-13T08:18:27.417+0000] {processor.py:157} INFO - Started process (PID=2483) to work on /home/airflow/.local/lib/python3.8/site-packages/airflow/example_dags/example_bash_operator.py
[2023-11-13T08:18:28.566+0000] {processor.py:829} INFO - Processing file /home/airflow/.local/lib/python3.8/site-packages/airflow/example_dags/example_bash_operator.py for tasks to queue
[2023-11-13T08:18:28.570+0000] {logging_mixin.py:154} INFO - [2023-11-13T08:18:28.570+0000] {dagbag.py:536} INFO - Filling up the DagBag from /home/airflow/.local/lib/python3.8/site-packages/airflow/example_dags/example_bash_operator.py
[2023-11-13T08:18:28.578+0000] {processor.py:839} INFO - DAG(s) dict_keys(['example_bash_operator']) retrieved from /home/airflow/.local/lib/python3.8/site-packages/airflow/example_dags/example_bash_operator.py
[2023-11-13T08:18:28.601+0000] {logging_mixin.py:154} INFO - [2023-11-13T08:18:28.601+0000] {dag.py:2941} INFO - Sync 1 DAGs
[2023-11-13T08:18:28.617+0000] {logging_mixin.py:154} INFO - [2023-11-13T08:18:28.616+0000] {dag.py:3722} INFO - Setting next_dagrun for example_bash_operator to 2023-11-12T00:00:00+00:00, run_after=2023-11-13T00:00:00+00:00
[2023-11-13T08:18:28.869+0000] {processor.py:179} INFO - Processing /home/airflow/.local/lib/python3.8/site-packages/airflow/example_dags/example_bash_operator.py took 1.454 seconds
[2023-11-13T08:18:59.465+0000] {processor.py:157} INFO - Started process (PID=2537) to work on /home/airflow/.local/lib/python3.8/site-packages/airflow/example_dags/example_bash_operator.py
[2023-11-13T08:19:01.046+0000] {processor.py:829} INFO - Processing file /home/airflow/.local/lib/python3.8/site-packages/airflow/example_dags/example_bash_operator.py for tasks to queue
[2023-11-13T08:19:01.049+0000] {logging_mixin.py:154} INFO - [2023-11-13T08:19:01.049+0000] {dagbag.py:536} INFO - Filling up the DagBag from /home/airflow/.local/lib/python3.8/site-packages/airflow/example_dags/example_bash_operator.py
[2023-11-13T08:19:01.059+0000] {processor.py:839} INFO - DAG(s) dict_keys(['example_bash_operator']) retrieved from /home/airflow/.local/lib/python3.8/site-packages/airflow/example_dags/example_bash_operator.py
[2023-11-13T08:19:01.081+0000] {logging_mixin.py:154} INFO - [2023-11-13T08:19:01.081+0000] {dag.py:2941} INFO - Sync 1 DAGs
[2023-11-13T08:19:01.098+0000] {logging_mixin.py:154} INFO - [2023-11-13T08:19:01.098+0000] {dag.py:3722} INFO - Setting next_dagrun for example_bash_operator to 2023-11-12T00:00:00+00:00, run_after=2023-11-13T00:00:00+00:00
[2023-11-13T08:19:01.138+0000] {processor.py:179} INFO - Processing /home/airflow/.local/lib/python3.8/site-packages/airflow/example_dags/example_bash_operator.py took 1.676 seconds
[2023-11-13T08:19:31.633+0000] {processor.py:157} INFO - Started process (PID=2591) to work on /home/airflow/.local/lib/python3.8/site-packages/airflow/example_dags/example_bash_operator.py
[2023-11-13T08:19:31.634+0000] {processor.py:829} INFO - Processing file /home/airflow/.local/lib/python3.8/site-packages/airflow/example_dags/example_bash_operator.py for tasks to queue
[2023-11-13T08:19:31.635+0000] {logging_mixin.py:154} INFO - [2023-11-13T08:19:31.635+0000] {dagbag.py:536} INFO - Filling up the DagBag from /home/airflow/.local/lib/python3.8/site-packages/airflow/example_dags/example_bash_operator.py
[2023-11-13T08:19:31.643+0000] {processor.py:839} INFO - DAG(s) dict_keys(['example_bash_operator']) retrieved from /home/airflow/.local/lib/python3.8/site-packages/airflow/example_dags/example_bash_operator.py
[2023-11-13T08:19:31.665+0000] {logging_mixin.py:154} INFO - [2023-11-13T08:19:31.665+0000] {dag.py:2941} INFO - Sync 1 DAGs
[2023-11-13T08:19:31.680+0000] {logging_mixin.py:154} INFO - [2023-11-13T08:19:31.680+0000] {dag.py:3722} INFO - Setting next_dagrun for example_bash_operator to 2023-11-12T00:00:00+00:00, run_after=2023-11-13T00:00:00+00:00
[2023-11-13T08:19:33.168+0000] {processor.py:179} INFO - Processing /home/airflow/.local/lib/python3.8/site-packages/airflow/example_dags/example_bash_operator.py took 1.537 seconds
[2023-11-13T08:20:03.454+0000] {processor.py:157} INFO - Started process (PID=2645) to work on /home/airflow/.local/lib/python3.8/site-packages/airflow/example_dags/example_bash_operator.py
[2023-11-13T08:20:03.483+0000] {processor.py:829} INFO - Processing file /home/airflow/.local/lib/python3.8/site-packages/airflow/example_dags/example_bash_operator.py for tasks to queue
[2023-11-13T08:20:03.486+0000] {logging_mixin.py:154} INFO - [2023-11-13T08:20:03.486+0000] {dagbag.py:536} INFO - Filling up the DagBag from /home/airflow/.local/lib/python3.8/site-packages/airflow/example_dags/example_bash_operator.py
[2023-11-13T08:20:03.495+0000] {processor.py:839} INFO - DAG(s) dict_keys(['example_bash_operator']) retrieved from /home/airflow/.local/lib/python3.8/site-packages/airflow/example_dags/example_bash_operator.py
[2023-11-13T08:20:03.515+0000] {logging_mixin.py:154} INFO - [2023-11-13T08:20:03.515+0000] {dag.py:2941} INFO - Sync 1 DAGs
[2023-11-13T08:20:03.531+0000] {logging_mixin.py:154} INFO - [2023-11-13T08:20:03.531+0000] {dag.py:3722} INFO - Setting next_dagrun for example_bash_operator to 2023-11-12T00:00:00+00:00, run_after=2023-11-13T00:00:00+00:00
[2023-11-13T08:20:03.614+0000] {processor.py:179} INFO - Processing /home/airflow/.local/lib/python3.8/site-packages/airflow/example_dags/example_bash_operator.py took 0.162 seconds
[2023-11-13T08:20:33.653+0000] {processor.py:157} INFO - Started process (PID=2699) to work on /home/airflow/.local/lib/python3.8/site-packages/airflow/example_dags/example_bash_operator.py
[2023-11-13T08:20:33.654+0000] {processor.py:829} INFO - Processing file /home/airflow/.local/lib/python3.8/site-packages/airflow/example_dags/example_bash_operator.py for tasks to queue
[2023-11-13T08:20:33.655+0000] {logging_mixin.py:154} INFO - [2023-11-13T08:20:33.655+0000] {dagbag.py:536} INFO - Filling up the DagBag from /home/airflow/.local/lib/python3.8/site-packages/airflow/example_dags/example_bash_operator.py
[2023-11-13T08:20:33.663+0000] {processor.py:839} INFO - DAG(s) dict_keys(['example_bash_operator']) retrieved from /home/airflow/.local/lib/python3.8/site-packages/airflow/example_dags/example_bash_operator.py
[2023-11-13T08:20:33.683+0000] {logging_mixin.py:154} INFO - [2023-11-13T08:20:33.683+0000] {dag.py:2941} INFO - Sync 1 DAGs
[2023-11-13T08:20:33.699+0000] {logging_mixin.py:154} INFO - [2023-11-13T08:20:33.699+0000] {dag.py:3722} INFO - Setting next_dagrun for example_bash_operator to 2023-11-12T00:00:00+00:00, run_after=2023-11-13T00:00:00+00:00
[2023-11-13T08:20:34.717+0000] {processor.py:179} INFO - Processing /home/airflow/.local/lib/python3.8/site-packages/airflow/example_dags/example_bash_operator.py took 1.067 seconds
[2023-11-13T08:21:05.494+0000] {processor.py:157} INFO - Started process (PID=2753) to work on /home/airflow/.local/lib/python3.8/site-packages/airflow/example_dags/example_bash_operator.py
[2023-11-13T08:21:05.502+0000] {processor.py:829} INFO - Processing file /home/airflow/.local/lib/python3.8/site-packages/airflow/example_dags/example_bash_operator.py for tasks to queue
[2023-11-13T08:21:05.507+0000] {logging_mixin.py:154} INFO - [2023-11-13T08:21:05.507+0000] {dagbag.py:536} INFO - Filling up the DagBag from /home/airflow/.local/lib/python3.8/site-packages/airflow/example_dags/example_bash_operator.py
[2023-11-13T08:21:05.515+0000] {processor.py:839} INFO - DAG(s) dict_keys(['example_bash_operator']) retrieved from /home/airflow/.local/lib/python3.8/site-packages/airflow/example_dags/example_bash_operator.py
[2023-11-13T08:21:05.536+0000] {logging_mixin.py:154} INFO - [2023-11-13T08:21:05.536+0000] {dag.py:2941} INFO - Sync 1 DAGs
[2023-11-13T08:21:05.551+0000] {logging_mixin.py:154} INFO - [2023-11-13T08:21:05.551+0000] {dag.py:3722} INFO - Setting next_dagrun for example_bash_operator to 2023-11-12T00:00:00+00:00, run_after=2023-11-13T00:00:00+00:00
[2023-11-13T08:21:05.575+0000] {processor.py:179} INFO - Processing /home/airflow/.local/lib/python3.8/site-packages/airflow/example_dags/example_bash_operator.py took 0.083 seconds
[2023-11-13T08:21:35.724+0000] {processor.py:157} INFO - Started process (PID=2807) to work on /home/airflow/.local/lib/python3.8/site-packages/airflow/example_dags/example_bash_operator.py
[2023-11-13T08:21:35.725+0000] {processor.py:829} INFO - Processing file /home/airflow/.local/lib/python3.8/site-packages/airflow/example_dags/example_bash_operator.py for tasks to queue
[2023-11-13T08:21:35.727+0000] {logging_mixin.py:154} INFO - [2023-11-13T08:21:35.726+0000] {dagbag.py:536} INFO - Filling up the DagBag from /home/airflow/.local/lib/python3.8/site-packages/airflow/example_dags/example_bash_operator.py
[2023-11-13T08:21:35.734+0000] {processor.py:839} INFO - DAG(s) dict_keys(['example_bash_operator']) retrieved from /home/airflow/.local/lib/python3.8/site-packages/airflow/example_dags/example_bash_operator.py
[2023-11-13T08:21:35.764+0000] {logging_mixin.py:154} INFO - [2023-11-13T08:21:35.764+0000] {dag.py:2941} INFO - Sync 1 DAGs
[2023-11-13T08:21:35.788+0000] {logging_mixin.py:154} INFO - [2023-11-13T08:21:35.788+0000] {dag.py:3722} INFO - Setting next_dagrun for example_bash_operator to 2023-11-12T00:00:00+00:00, run_after=2023-11-13T00:00:00+00:00
[2023-11-13T08:21:37.113+0000] {processor.py:179} INFO - Processing /home/airflow/.local/lib/python3.8/site-packages/airflow/example_dags/example_bash_operator.py took 1.391 seconds
[2023-11-13T08:22:07.236+0000] {processor.py:157} INFO - Started process (PID=2861) to work on /home/airflow/.local/lib/python3.8/site-packages/airflow/example_dags/example_bash_operator.py
[2023-11-13T08:22:07.250+0000] {processor.py:829} INFO - Processing file /home/airflow/.local/lib/python3.8/site-packages/airflow/example_dags/example_bash_operator.py for tasks to queue
[2023-11-13T08:22:07.251+0000] {logging_mixin.py:154} INFO - [2023-11-13T08:22:07.251+0000] {dagbag.py:536} INFO - Filling up the DagBag from /home/airflow/.local/lib/python3.8/site-packages/airflow/example_dags/example_bash_operator.py
[2023-11-13T08:22:07.259+0000] {processor.py:839} INFO - DAG(s) dict_keys(['example_bash_operator']) retrieved from /home/airflow/.local/lib/python3.8/site-packages/airflow/example_dags/example_bash_operator.py
[2023-11-13T08:22:07.280+0000] {logging_mixin.py:154} INFO - [2023-11-13T08:22:07.280+0000] {dag.py:2941} INFO - Sync 1 DAGs
[2023-11-13T08:22:07.295+0000] {logging_mixin.py:154} INFO - [2023-11-13T08:22:07.295+0000] {dag.py:3722} INFO - Setting next_dagrun for example_bash_operator to 2023-11-12T00:00:00+00:00, run_after=2023-11-13T00:00:00+00:00
[2023-11-13T08:22:07.328+0000] {processor.py:179} INFO - Processing /home/airflow/.local/lib/python3.8/site-packages/airflow/example_dags/example_bash_operator.py took 0.094 seconds
[2023-11-13T08:22:38.078+0000] {processor.py:157} INFO - Started process (PID=2915) to work on /home/airflow/.local/lib/python3.8/site-packages/airflow/example_dags/example_bash_operator.py
[2023-11-13T08:22:38.078+0000] {processor.py:829} INFO - Processing file /home/airflow/.local/lib/python3.8/site-packages/airflow/example_dags/example_bash_operator.py for tasks to queue
[2023-11-13T08:22:38.079+0000] {logging_mixin.py:154} INFO - [2023-11-13T08:22:38.079+0000] {dagbag.py:536} INFO - Filling up the DagBag from /home/airflow/.local/lib/python3.8/site-packages/airflow/example_dags/example_bash_operator.py
[2023-11-13T08:22:38.088+0000] {processor.py:839} INFO - DAG(s) dict_keys(['example_bash_operator']) retrieved from /home/airflow/.local/lib/python3.8/site-packages/airflow/example_dags/example_bash_operator.py
[2023-11-13T08:22:38.109+0000] {logging_mixin.py:154} INFO - [2023-11-13T08:22:38.109+0000] {dag.py:2941} INFO - Sync 1 DAGs
[2023-11-13T08:22:38.126+0000] {logging_mixin.py:154} INFO - [2023-11-13T08:22:38.126+0000] {dag.py:3722} INFO - Setting next_dagrun for example_bash_operator to 2023-11-12T00:00:00+00:00, run_after=2023-11-13T00:00:00+00:00
[2023-11-13T08:22:38.408+0000] {processor.py:179} INFO - Processing /home/airflow/.local/lib/python3.8/site-packages/airflow/example_dags/example_bash_operator.py took 0.333 seconds
[2023-11-13T08:23:08.567+0000] {processor.py:157} INFO - Started process (PID=2963) to work on /home/airflow/.local/lib/python3.8/site-packages/airflow/example_dags/example_bash_operator.py
[2023-11-13T08:23:08.584+0000] {processor.py:829} INFO - Processing file /home/airflow/.local/lib/python3.8/site-packages/airflow/example_dags/example_bash_operator.py for tasks to queue
[2023-11-13T08:23:08.585+0000] {logging_mixin.py:154} INFO - [2023-11-13T08:23:08.585+0000] {dagbag.py:536} INFO - Filling up the DagBag from /home/airflow/.local/lib/python3.8/site-packages/airflow/example_dags/example_bash_operator.py
[2023-11-13T08:23:08.594+0000] {processor.py:839} INFO - DAG(s) dict_keys(['example_bash_operator']) retrieved from /home/airflow/.local/lib/python3.8/site-packages/airflow/example_dags/example_bash_operator.py
[2023-11-13T08:23:08.615+0000] {logging_mixin.py:154} INFO - [2023-11-13T08:23:08.615+0000] {dag.py:2941} INFO - Sync 1 DAGs
[2023-11-13T08:23:08.632+0000] {logging_mixin.py:154} INFO - [2023-11-13T08:23:08.632+0000] {dag.py:3722} INFO - Setting next_dagrun for example_bash_operator to 2023-11-12T00:00:00+00:00, run_after=2023-11-13T00:00:00+00:00
[2023-11-13T08:23:08.673+0000] {processor.py:179} INFO - Processing /home/airflow/.local/lib/python3.8/site-packages/airflow/example_dags/example_bash_operator.py took 0.109 seconds
[2023-11-13T08:23:38.736+0000] {processor.py:157} INFO - Started process (PID=3017) to work on /home/airflow/.local/lib/python3.8/site-packages/airflow/example_dags/example_bash_operator.py
[2023-11-13T08:23:38.737+0000] {processor.py:829} INFO - Processing file /home/airflow/.local/lib/python3.8/site-packages/airflow/example_dags/example_bash_operator.py for tasks to queue
[2023-11-13T08:23:38.738+0000] {logging_mixin.py:154} INFO - [2023-11-13T08:23:38.738+0000] {dagbag.py:536} INFO - Filling up the DagBag from /home/airflow/.local/lib/python3.8/site-packages/airflow/example_dags/example_bash_operator.py
[2023-11-13T08:23:38.747+0000] {processor.py:839} INFO - DAG(s) dict_keys(['example_bash_operator']) retrieved from /home/airflow/.local/lib/python3.8/site-packages/airflow/example_dags/example_bash_operator.py
[2023-11-13T08:23:38.769+0000] {logging_mixin.py:154} INFO - [2023-11-13T08:23:38.769+0000] {dag.py:2941} INFO - Sync 1 DAGs
[2023-11-13T08:23:38.786+0000] {logging_mixin.py:154} INFO - [2023-11-13T08:23:38.786+0000] {dag.py:3722} INFO - Setting next_dagrun for example_bash_operator to 2023-11-12T00:00:00+00:00, run_after=2023-11-13T00:00:00+00:00
[2023-11-13T08:23:38.813+0000] {processor.py:179} INFO - Processing /home/airflow/.local/lib/python3.8/site-packages/airflow/example_dags/example_bash_operator.py took 0.080 seconds
[2023-11-13T08:24:09.753+0000] {processor.py:157} INFO - Started process (PID=3071) to work on /home/airflow/.local/lib/python3.8/site-packages/airflow/example_dags/example_bash_operator.py
[2023-11-13T08:24:09.760+0000] {processor.py:829} INFO - Processing file /home/airflow/.local/lib/python3.8/site-packages/airflow/example_dags/example_bash_operator.py for tasks to queue
[2023-11-13T08:24:09.762+0000] {logging_mixin.py:154} INFO - [2023-11-13T08:24:09.762+0000] {dagbag.py:536} INFO - Filling up the DagBag from /home/airflow/.local/lib/python3.8/site-packages/airflow/example_dags/example_bash_operator.py
[2023-11-13T08:24:09.771+0000] {processor.py:839} INFO - DAG(s) dict_keys(['example_bash_operator']) retrieved from /home/airflow/.local/lib/python3.8/site-packages/airflow/example_dags/example_bash_operator.py
[2023-11-13T08:24:09.795+0000] {logging_mixin.py:154} INFO - [2023-11-13T08:24:09.795+0000] {dag.py:2941} INFO - Sync 1 DAGs
[2023-11-13T08:24:09.812+0000] {logging_mixin.py:154} INFO - [2023-11-13T08:24:09.812+0000] {dag.py:3722} INFO - Setting next_dagrun for example_bash_operator to 2023-11-12T00:00:00+00:00, run_after=2023-11-13T00:00:00+00:00
[2023-11-13T08:24:11.071+0000] {processor.py:179} INFO - Processing /home/airflow/.local/lib/python3.8/site-packages/airflow/example_dags/example_bash_operator.py took 1.320 seconds
[2023-11-13T08:24:41.135+0000] {processor.py:157} INFO - Started process (PID=3125) to work on /home/airflow/.local/lib/python3.8/site-packages/airflow/example_dags/example_bash_operator.py
[2023-11-13T08:24:41.136+0000] {processor.py:829} INFO - Processing file /home/airflow/.local/lib/python3.8/site-packages/airflow/example_dags/example_bash_operator.py for tasks to queue
[2023-11-13T08:24:41.137+0000] {logging_mixin.py:154} INFO - [2023-11-13T08:24:41.137+0000] {dagbag.py:536} INFO - Filling up the DagBag from /home/airflow/.local/lib/python3.8/site-packages/airflow/example_dags/example_bash_operator.py
[2023-11-13T08:24:41.146+0000] {processor.py:839} INFO - DAG(s) dict_keys(['example_bash_operator']) retrieved from /home/airflow/.local/lib/python3.8/site-packages/airflow/example_dags/example_bash_operator.py
[2023-11-13T08:24:41.168+0000] {logging_mixin.py:154} INFO - [2023-11-13T08:24:41.168+0000] {dag.py:2941} INFO - Sync 1 DAGs
[2023-11-13T08:24:41.185+0000] {logging_mixin.py:154} INFO - [2023-11-13T08:24:41.185+0000] {dag.py:3722} INFO - Setting next_dagrun for example_bash_operator to 2023-11-12T00:00:00+00:00, run_after=2023-11-13T00:00:00+00:00
[2023-11-13T08:24:41.864+0000] {processor.py:179} INFO - Processing /home/airflow/.local/lib/python3.8/site-packages/airflow/example_dags/example_bash_operator.py took 0.731 seconds
[2023-11-13T08:25:12.526+0000] {processor.py:157} INFO - Started process (PID=3179) to work on /home/airflow/.local/lib/python3.8/site-packages/airflow/example_dags/example_bash_operator.py
[2023-11-13T08:25:12.556+0000] {processor.py:829} INFO - Processing file /home/airflow/.local/lib/python3.8/site-packages/airflow/example_dags/example_bash_operator.py for tasks to queue
[2023-11-13T08:25:12.558+0000] {logging_mixin.py:154} INFO - [2023-11-13T08:25:12.558+0000] {dagbag.py:536} INFO - Filling up the DagBag from /home/airflow/.local/lib/python3.8/site-packages/airflow/example_dags/example_bash_operator.py
[2023-11-13T08:25:12.569+0000] {processor.py:839} INFO - DAG(s) dict_keys(['example_bash_operator']) retrieved from /home/airflow/.local/lib/python3.8/site-packages/airflow/example_dags/example_bash_operator.py
[2023-11-13T08:25:12.603+0000] {logging_mixin.py:154} INFO - [2023-11-13T08:25:12.603+0000] {dag.py:2941} INFO - Sync 1 DAGs
[2023-11-13T08:25:12.629+0000] {logging_mixin.py:154} INFO - [2023-11-13T08:25:12.629+0000] {dag.py:3722} INFO - Setting next_dagrun for example_bash_operator to 2023-11-12T00:00:00+00:00, run_after=2023-11-13T00:00:00+00:00
[2023-11-13T08:25:13.108+0000] {processor.py:179} INFO - Processing /home/airflow/.local/lib/python3.8/site-packages/airflow/example_dags/example_bash_operator.py took 0.585 seconds
[2023-11-13T08:25:43.398+0000] {processor.py:157} INFO - Started process (PID=3233) to work on /home/airflow/.local/lib/python3.8/site-packages/airflow/example_dags/example_bash_operator.py
[2023-11-13T08:25:43.398+0000] {processor.py:829} INFO - Processing file /home/airflow/.local/lib/python3.8/site-packages/airflow/example_dags/example_bash_operator.py for tasks to queue
[2023-11-13T08:25:43.400+0000] {logging_mixin.py:154} INFO - [2023-11-13T08:25:43.400+0000] {dagbag.py:536} INFO - Filling up the DagBag from /home/airflow/.local/lib/python3.8/site-packages/airflow/example_dags/example_bash_operator.py
[2023-11-13T08:25:43.409+0000] {processor.py:839} INFO - DAG(s) dict_keys(['example_bash_operator']) retrieved from /home/airflow/.local/lib/python3.8/site-packages/airflow/example_dags/example_bash_operator.py
[2023-11-13T08:25:43.430+0000] {logging_mixin.py:154} INFO - [2023-11-13T08:25:43.430+0000] {dag.py:2941} INFO - Sync 1 DAGs
[2023-11-13T08:25:43.447+0000] {logging_mixin.py:154} INFO - [2023-11-13T08:25:43.446+0000] {dag.py:3722} INFO - Setting next_dagrun for example_bash_operator to 2023-11-12T00:00:00+00:00, run_after=2023-11-13T00:00:00+00:00
[2023-11-13T08:25:43.471+0000] {processor.py:179} INFO - Processing /home/airflow/.local/lib/python3.8/site-packages/airflow/example_dags/example_bash_operator.py took 0.075 seconds
[2023-11-13T08:26:13.959+0000] {processor.py:157} INFO - Started process (PID=3287) to work on /home/airflow/.local/lib/python3.8/site-packages/airflow/example_dags/example_bash_operator.py
[2023-11-13T08:26:13.965+0000] {processor.py:829} INFO - Processing file /home/airflow/.local/lib/python3.8/site-packages/airflow/example_dags/example_bash_operator.py for tasks to queue
[2023-11-13T08:26:13.968+0000] {logging_mixin.py:154} INFO - [2023-11-13T08:26:13.967+0000] {dagbag.py:536} INFO - Filling up the DagBag from /home/airflow/.local/lib/python3.8/site-packages/airflow/example_dags/example_bash_operator.py
[2023-11-13T08:26:13.979+0000] {processor.py:839} INFO - DAG(s) dict_keys(['example_bash_operator']) retrieved from /home/airflow/.local/lib/python3.8/site-packages/airflow/example_dags/example_bash_operator.py
[2023-11-13T08:26:14.007+0000] {logging_mixin.py:154} INFO - [2023-11-13T08:26:14.007+0000] {dag.py:2941} INFO - Sync 1 DAGs
[2023-11-13T08:26:14.026+0000] {logging_mixin.py:154} INFO - [2023-11-13T08:26:14.026+0000] {dag.py:3722} INFO - Setting next_dagrun for example_bash_operator to 2023-11-12T00:00:00+00:00, run_after=2023-11-13T00:00:00+00:00
[2023-11-13T08:26:15.385+0000] {processor.py:179} INFO - Processing /home/airflow/.local/lib/python3.8/site-packages/airflow/example_dags/example_bash_operator.py took 1.430 seconds
[2023-11-13T08:26:46.330+0000] {processor.py:157} INFO - Started process (PID=3341) to work on /home/airflow/.local/lib/python3.8/site-packages/airflow/example_dags/example_bash_operator.py
[2023-11-13T08:26:46.330+0000] {processor.py:829} INFO - Processing file /home/airflow/.local/lib/python3.8/site-packages/airflow/example_dags/example_bash_operator.py for tasks to queue
[2023-11-13T08:26:46.332+0000] {logging_mixin.py:154} INFO - [2023-11-13T08:26:46.331+0000] {dagbag.py:536} INFO - Filling up the DagBag from /home/airflow/.local/lib/python3.8/site-packages/airflow/example_dags/example_bash_operator.py
[2023-11-13T08:26:46.340+0000] {processor.py:839} INFO - DAG(s) dict_keys(['example_bash_operator']) retrieved from /home/airflow/.local/lib/python3.8/site-packages/airflow/example_dags/example_bash_operator.py
[2023-11-13T08:26:46.363+0000] {logging_mixin.py:154} INFO - [2023-11-13T08:26:46.362+0000] {dag.py:2941} INFO - Sync 1 DAGs
[2023-11-13T08:26:46.379+0000] {logging_mixin.py:154} INFO - [2023-11-13T08:26:46.378+0000] {dag.py:3722} INFO - Setting next_dagrun for example_bash_operator to 2023-11-12T00:00:00+00:00, run_after=2023-11-13T00:00:00+00:00
[2023-11-13T08:26:46.808+0000] {processor.py:179} INFO - Processing /home/airflow/.local/lib/python3.8/site-packages/airflow/example_dags/example_bash_operator.py took 0.480 seconds
[2023-11-13T08:27:17.584+0000] {processor.py:157} INFO - Started process (PID=3395) to work on /home/airflow/.local/lib/python3.8/site-packages/airflow/example_dags/example_bash_operator.py
[2023-11-13T08:27:17.606+0000] {processor.py:829} INFO - Processing file /home/airflow/.local/lib/python3.8/site-packages/airflow/example_dags/example_bash_operator.py for tasks to queue
[2023-11-13T08:27:17.610+0000] {logging_mixin.py:154} INFO - [2023-11-13T08:27:17.610+0000] {dagbag.py:536} INFO - Filling up the DagBag from /home/airflow/.local/lib/python3.8/site-packages/airflow/example_dags/example_bash_operator.py
[2023-11-13T08:27:17.622+0000] {processor.py:839} INFO - DAG(s) dict_keys(['example_bash_operator']) retrieved from /home/airflow/.local/lib/python3.8/site-packages/airflow/example_dags/example_bash_operator.py
[2023-11-13T08:27:17.652+0000] {logging_mixin.py:154} INFO - [2023-11-13T08:27:17.652+0000] {dag.py:2941} INFO - Sync 1 DAGs
[2023-11-13T08:27:17.676+0000] {logging_mixin.py:154} INFO - [2023-11-13T08:27:17.676+0000] {dag.py:3722} INFO - Setting next_dagrun for example_bash_operator to 2023-11-12T00:00:00+00:00, run_after=2023-11-13T00:00:00+00:00
[2023-11-13T08:27:17.786+0000] {processor.py:179} INFO - Processing /home/airflow/.local/lib/python3.8/site-packages/airflow/example_dags/example_bash_operator.py took 0.206 seconds
[2023-11-13T08:27:47.966+0000] {processor.py:157} INFO - Started process (PID=3449) to work on /home/airflow/.local/lib/python3.8/site-packages/airflow/example_dags/example_bash_operator.py
[2023-11-13T08:27:47.966+0000] {processor.py:829} INFO - Processing file /home/airflow/.local/lib/python3.8/site-packages/airflow/example_dags/example_bash_operator.py for tasks to queue
[2023-11-13T08:27:47.968+0000] {logging_mixin.py:154} INFO - [2023-11-13T08:27:47.968+0000] {dagbag.py:536} INFO - Filling up the DagBag from /home/airflow/.local/lib/python3.8/site-packages/airflow/example_dags/example_bash_operator.py
[2023-11-13T08:27:47.976+0000] {processor.py:839} INFO - DAG(s) dict_keys(['example_bash_operator']) retrieved from /home/airflow/.local/lib/python3.8/site-packages/airflow/example_dags/example_bash_operator.py
[2023-11-13T08:27:47.997+0000] {logging_mixin.py:154} INFO - [2023-11-13T08:27:47.997+0000] {dag.py:2941} INFO - Sync 1 DAGs
[2023-11-13T08:27:48.013+0000] {logging_mixin.py:154} INFO - [2023-11-13T08:27:48.013+0000] {dag.py:3722} INFO - Setting next_dagrun for example_bash_operator to 2023-11-12T00:00:00+00:00, run_after=2023-11-13T00:00:00+00:00
[2023-11-13T08:27:49.411+0000] {processor.py:179} INFO - Processing /home/airflow/.local/lib/python3.8/site-packages/airflow/example_dags/example_bash_operator.py took 1.448 seconds
[2023-11-13T08:28:19.889+0000] {processor.py:157} INFO - Started process (PID=3503) to work on /home/airflow/.local/lib/python3.8/site-packages/airflow/example_dags/example_bash_operator.py
[2023-11-13T08:28:19.890+0000] {processor.py:829} INFO - Processing file /home/airflow/.local/lib/python3.8/site-packages/airflow/example_dags/example_bash_operator.py for tasks to queue
[2023-11-13T08:28:19.891+0000] {logging_mixin.py:154} INFO - [2023-11-13T08:28:19.891+0000] {dagbag.py:536} INFO - Filling up the DagBag from /home/airflow/.local/lib/python3.8/site-packages/airflow/example_dags/example_bash_operator.py
[2023-11-13T08:28:19.900+0000] {processor.py:839} INFO - DAG(s) dict_keys(['example_bash_operator']) retrieved from /home/airflow/.local/lib/python3.8/site-packages/airflow/example_dags/example_bash_operator.py
[2023-11-13T08:28:19.922+0000] {logging_mixin.py:154} INFO - [2023-11-13T08:28:19.922+0000] {dag.py:2941} INFO - Sync 1 DAGs
[2023-11-13T08:28:19.939+0000] {logging_mixin.py:154} INFO - [2023-11-13T08:28:19.939+0000] {dag.py:3722} INFO - Setting next_dagrun for example_bash_operator to 2023-11-12T00:00:00+00:00, run_after=2023-11-13T00:00:00+00:00
[2023-11-13T08:28:20.444+0000] {processor.py:179} INFO - Processing /home/airflow/.local/lib/python3.8/site-packages/airflow/example_dags/example_bash_operator.py took 0.557 seconds
[2023-11-13T08:44:44.418+0000] {processor.py:157} INFO - Started process (PID=46) to work on /home/airflow/.local/lib/python3.8/site-packages/airflow/example_dags/example_bash_operator.py
[2023-11-13T08:44:44.438+0000] {processor.py:829} INFO - Processing file /home/airflow/.local/lib/python3.8/site-packages/airflow/example_dags/example_bash_operator.py for tasks to queue
[2023-11-13T08:44:44.440+0000] {logging_mixin.py:154} INFO - [2023-11-13T08:44:44.439+0000] {dagbag.py:536} INFO - Filling up the DagBag from /home/airflow/.local/lib/python3.8/site-packages/airflow/example_dags/example_bash_operator.py
[2023-11-13T08:44:44.452+0000] {processor.py:839} INFO - DAG(s) dict_keys(['example_bash_operator']) retrieved from /home/airflow/.local/lib/python3.8/site-packages/airflow/example_dags/example_bash_operator.py
[2023-11-13T08:44:44.610+0000] {logging_mixin.py:154} INFO - [2023-11-13T08:44:44.609+0000] {manager.py:499} INFO - Created Permission View: %s
[2023-11-13T08:44:44.655+0000] {logging_mixin.py:154} INFO - [2023-11-13T08:44:44.655+0000] {manager.py:499} INFO - Created Permission View: %s
[2023-11-13T08:44:44.712+0000] {logging_mixin.py:154} INFO - [2023-11-13T08:44:44.712+0000] {manager.py:499} INFO - Created Permission View: %s
[2023-11-13T08:44:44.712+0000] {logging_mixin.py:154} INFO - [2023-11-13T08:44:44.712+0000] {dag.py:2941} INFO - Sync 1 DAGs
[2023-11-13T08:44:44.720+0000] {logging_mixin.py:154} INFO - [2023-11-13T08:44:44.720+0000] {dag.py:2963} INFO - Creating ORM DAG for example_bash_operator
[2023-11-13T08:44:44.728+0000] {logging_mixin.py:154} INFO - [2023-11-13T08:44:44.728+0000] {dag.py:3722} INFO - Setting next_dagrun for example_bash_operator to 2023-11-12T00:00:00+00:00, run_after=2023-11-13T00:00:00+00:00
[2023-11-13T08:44:44.771+0000] {processor.py:179} INFO - Processing /home/airflow/.local/lib/python3.8/site-packages/airflow/example_dags/example_bash_operator.py took 0.356 seconds
[2023-11-13T08:45:31.902+0000] {processor.py:157} INFO - Started process (PID=45) to work on /home/airflow/.local/lib/python3.8/site-packages/airflow/example_dags/example_bash_operator.py
[2023-11-13T08:45:31.925+0000] {processor.py:829} INFO - Processing file /home/airflow/.local/lib/python3.8/site-packages/airflow/example_dags/example_bash_operator.py for tasks to queue
[2023-11-13T08:45:31.927+0000] {logging_mixin.py:154} INFO - [2023-11-13T08:45:31.927+0000] {dagbag.py:536} INFO - Filling up the DagBag from /home/airflow/.local/lib/python3.8/site-packages/airflow/example_dags/example_bash_operator.py
[2023-11-13T08:45:31.936+0000] {processor.py:839} INFO - DAG(s) dict_keys(['example_bash_operator']) retrieved from /home/airflow/.local/lib/python3.8/site-packages/airflow/example_dags/example_bash_operator.py
[2023-11-13T08:45:31.960+0000] {logging_mixin.py:154} INFO - [2023-11-13T08:45:31.960+0000] {dag.py:2941} INFO - Sync 1 DAGs
[2023-11-13T08:45:31.977+0000] {logging_mixin.py:154} INFO - [2023-11-13T08:45:31.976+0000] {dag.py:3722} INFO - Setting next_dagrun for example_bash_operator to 2023-11-12T00:00:00+00:00, run_after=2023-11-13T00:00:00+00:00
[2023-11-13T08:45:32.018+0000] {processor.py:179} INFO - Processing /home/airflow/.local/lib/python3.8/site-packages/airflow/example_dags/example_bash_operator.py took 0.118 seconds
[2023-11-13T08:46:03.014+0000] {processor.py:157} INFO - Started process (PID=99) to work on /home/airflow/.local/lib/python3.8/site-packages/airflow/example_dags/example_bash_operator.py
[2023-11-13T08:46:03.015+0000] {processor.py:829} INFO - Processing file /home/airflow/.local/lib/python3.8/site-packages/airflow/example_dags/example_bash_operator.py for tasks to queue
[2023-11-13T08:46:03.016+0000] {logging_mixin.py:154} INFO - [2023-11-13T08:46:03.016+0000] {dagbag.py:536} INFO - Filling up the DagBag from /home/airflow/.local/lib/python3.8/site-packages/airflow/example_dags/example_bash_operator.py
[2023-11-13T08:46:03.024+0000] {processor.py:839} INFO - DAG(s) dict_keys(['example_bash_operator']) retrieved from /home/airflow/.local/lib/python3.8/site-packages/airflow/example_dags/example_bash_operator.py
[2023-11-13T08:46:03.047+0000] {logging_mixin.py:154} INFO - [2023-11-13T08:46:03.047+0000] {dag.py:2941} INFO - Sync 1 DAGs
[2023-11-13T08:46:03.065+0000] {logging_mixin.py:154} INFO - [2023-11-13T08:46:03.065+0000] {dag.py:3722} INFO - Setting next_dagrun for example_bash_operator to 2023-11-12T00:00:00+00:00, run_after=2023-11-13T00:00:00+00:00
[2023-11-13T08:46:03.589+0000] {processor.py:179} INFO - Processing /home/airflow/.local/lib/python3.8/site-packages/airflow/example_dags/example_bash_operator.py took 0.577 seconds
[2023-11-13T08:46:33.723+0000] {processor.py:157} INFO - Started process (PID=153) to work on /home/airflow/.local/lib/python3.8/site-packages/airflow/example_dags/example_bash_operator.py
[2023-11-13T08:46:33.733+0000] {processor.py:829} INFO - Processing file /home/airflow/.local/lib/python3.8/site-packages/airflow/example_dags/example_bash_operator.py for tasks to queue
[2023-11-13T08:46:33.735+0000] {logging_mixin.py:154} INFO - [2023-11-13T08:46:33.734+0000] {dagbag.py:536} INFO - Filling up the DagBag from /home/airflow/.local/lib/python3.8/site-packages/airflow/example_dags/example_bash_operator.py
[2023-11-13T08:46:33.745+0000] {processor.py:839} INFO - DAG(s) dict_keys(['example_bash_operator']) retrieved from /home/airflow/.local/lib/python3.8/site-packages/airflow/example_dags/example_bash_operator.py
[2023-11-13T08:46:33.773+0000] {logging_mixin.py:154} INFO - [2023-11-13T08:46:33.773+0000] {dag.py:2941} INFO - Sync 1 DAGs
[2023-11-13T08:46:33.791+0000] {logging_mixin.py:154} INFO - [2023-11-13T08:46:33.791+0000] {dag.py:3722} INFO - Setting next_dagrun for example_bash_operator to 2023-11-12T00:00:00+00:00, run_after=2023-11-13T00:00:00+00:00
[2023-11-13T08:46:34.184+0000] {processor.py:179} INFO - Processing /home/airflow/.local/lib/python3.8/site-packages/airflow/example_dags/example_bash_operator.py took 0.464 seconds
[2023-11-13T08:47:04.988+0000] {processor.py:157} INFO - Started process (PID=207) to work on /home/airflow/.local/lib/python3.8/site-packages/airflow/example_dags/example_bash_operator.py
[2023-11-13T08:47:05.001+0000] {processor.py:829} INFO - Processing file /home/airflow/.local/lib/python3.8/site-packages/airflow/example_dags/example_bash_operator.py for tasks to queue
[2023-11-13T08:47:05.002+0000] {logging_mixin.py:154} INFO - [2023-11-13T08:47:05.002+0000] {dagbag.py:536} INFO - Filling up the DagBag from /home/airflow/.local/lib/python3.8/site-packages/airflow/example_dags/example_bash_operator.py
[2023-11-13T08:47:05.015+0000] {processor.py:839} INFO - DAG(s) dict_keys(['example_bash_operator']) retrieved from /home/airflow/.local/lib/python3.8/site-packages/airflow/example_dags/example_bash_operator.py
[2023-11-13T08:47:05.039+0000] {logging_mixin.py:154} INFO - [2023-11-13T08:47:05.039+0000] {dag.py:2941} INFO - Sync 1 DAGs
[2023-11-13T08:47:05.057+0000] {logging_mixin.py:154} INFO - [2023-11-13T08:47:05.056+0000] {dag.py:3722} INFO - Setting next_dagrun for example_bash_operator to 2023-11-12T00:00:00+00:00, run_after=2023-11-13T00:00:00+00:00
[2023-11-13T08:47:05.081+0000] {processor.py:179} INFO - Processing /home/airflow/.local/lib/python3.8/site-packages/airflow/example_dags/example_bash_operator.py took 0.097 seconds
[2023-11-13T08:47:35.905+0000] {processor.py:157} INFO - Started process (PID=261) to work on /home/airflow/.local/lib/python3.8/site-packages/airflow/example_dags/example_bash_operator.py
[2023-11-13T08:47:35.906+0000] {processor.py:829} INFO - Processing file /home/airflow/.local/lib/python3.8/site-packages/airflow/example_dags/example_bash_operator.py for tasks to queue
[2023-11-13T08:47:35.909+0000] {logging_mixin.py:154} INFO - [2023-11-13T08:47:35.908+0000] {dagbag.py:536} INFO - Filling up the DagBag from /home/airflow/.local/lib/python3.8/site-packages/airflow/example_dags/example_bash_operator.py
[2023-11-13T08:47:35.921+0000] {processor.py:839} INFO - DAG(s) dict_keys(['example_bash_operator']) retrieved from /home/airflow/.local/lib/python3.8/site-packages/airflow/example_dags/example_bash_operator.py
[2023-11-13T08:47:35.948+0000] {logging_mixin.py:154} INFO - [2023-11-13T08:47:35.948+0000] {dag.py:2941} INFO - Sync 1 DAGs
[2023-11-13T08:47:35.965+0000] {logging_mixin.py:154} INFO - [2023-11-13T08:47:35.965+0000] {dag.py:3722} INFO - Setting next_dagrun for example_bash_operator to 2023-11-12T00:00:00+00:00, run_after=2023-11-13T00:00:00+00:00
[2023-11-13T08:47:36.000+0000] {processor.py:179} INFO - Processing /home/airflow/.local/lib/python3.8/site-packages/airflow/example_dags/example_bash_operator.py took 0.099 seconds
[2023-11-13T08:48:07.736+0000] {processor.py:157} INFO - Started process (PID=315) to work on /home/airflow/.local/lib/python3.8/site-packages/airflow/example_dags/example_bash_operator.py
[2023-11-13T08:48:07.913+0000] {processor.py:829} INFO - Processing file /home/airflow/.local/lib/python3.8/site-packages/airflow/example_dags/example_bash_operator.py for tasks to queue
[2023-11-13T08:48:07.919+0000] {logging_mixin.py:154} INFO - [2023-11-13T08:48:07.918+0000] {dagbag.py:536} INFO - Filling up the DagBag from /home/airflow/.local/lib/python3.8/site-packages/airflow/example_dags/example_bash_operator.py
[2023-11-13T08:48:07.937+0000] {processor.py:839} INFO - DAG(s) dict_keys(['example_bash_operator']) retrieved from /home/airflow/.local/lib/python3.8/site-packages/airflow/example_dags/example_bash_operator.py
[2023-11-13T08:48:07.969+0000] {logging_mixin.py:154} INFO - [2023-11-13T08:48:07.969+0000] {dag.py:2941} INFO - Sync 1 DAGs
[2023-11-13T08:48:07.992+0000] {logging_mixin.py:154} INFO - [2023-11-13T08:48:07.992+0000] {dag.py:3722} INFO - Setting next_dagrun for example_bash_operator to 2023-11-12T00:00:00+00:00, run_after=2023-11-13T00:00:00+00:00
[2023-11-13T08:48:08.051+0000] {processor.py:179} INFO - Processing /home/airflow/.local/lib/python3.8/site-packages/airflow/example_dags/example_bash_operator.py took 0.318 seconds
