[2023-11-13T07:55:19.055+0000] {processor.py:157} INFO - Started process (PID=78) to work on /home/airflow/.local/lib/python3.8/site-packages/airflow/example_dags/tutorial_dag.py
[2023-11-13T07:55:19.056+0000] {processor.py:829} INFO - Processing file /home/airflow/.local/lib/python3.8/site-packages/airflow/example_dags/tutorial_dag.py for tasks to queue
[2023-11-13T07:55:19.058+0000] {logging_mixin.py:154} INFO - [2023-11-13T07:55:19.058+0000] {dagbag.py:536} INFO - Filling up the DagBag from /home/airflow/.local/lib/python3.8/site-packages/airflow/example_dags/tutorial_dag.py
[2023-11-13T07:55:19.064+0000] {processor.py:839} INFO - DAG(s) dict_keys(['tutorial_dag']) retrieved from /home/airflow/.local/lib/python3.8/site-packages/airflow/example_dags/tutorial_dag.py
[2023-11-13T07:55:19.799+0000] {logging_mixin.py:154} INFO - [2023-11-13T07:55:19.798+0000] {manager.py:499} INFO - Created Permission View: %s
[2023-11-13T07:55:20.378+0000] {logging_mixin.py:154} INFO - [2023-11-13T07:55:20.378+0000] {manager.py:499} INFO - Created Permission View: %s
[2023-11-13T07:55:20.713+0000] {logging_mixin.py:154} INFO - [2023-11-13T07:55:20.712+0000] {manager.py:499} INFO - Created Permission View: %s
[2023-11-13T07:55:20.715+0000] {logging_mixin.py:154} INFO - [2023-11-13T07:55:20.714+0000] {dag.py:2941} INFO - Sync 1 DAGs
[2023-11-13T07:55:20.728+0000] {logging_mixin.py:154} INFO - [2023-11-13T07:55:20.728+0000] {dag.py:2963} INFO - Creating ORM DAG for tutorial_dag
[2023-11-13T07:55:20.729+0000] {logging_mixin.py:154} INFO - [2023-11-13T07:55:20.729+0000] {dag.py:3722} INFO - Setting next_dagrun for tutorial_dag to None, run_after=None
[2023-11-13T07:55:21.117+0000] {processor.py:179} INFO - Processing /home/airflow/.local/lib/python3.8/site-packages/airflow/example_dags/tutorial_dag.py took 2.064 seconds
[2023-11-13T07:55:51.587+0000] {processor.py:157} INFO - Started process (PID=132) to work on /home/airflow/.local/lib/python3.8/site-packages/airflow/example_dags/tutorial_dag.py
[2023-11-13T07:55:51.604+0000] {processor.py:829} INFO - Processing file /home/airflow/.local/lib/python3.8/site-packages/airflow/example_dags/tutorial_dag.py for tasks to queue
[2023-11-13T07:55:51.605+0000] {logging_mixin.py:154} INFO - [2023-11-13T07:55:51.605+0000] {dagbag.py:536} INFO - Filling up the DagBag from /home/airflow/.local/lib/python3.8/site-packages/airflow/example_dags/tutorial_dag.py
[2023-11-13T07:55:51.609+0000] {processor.py:839} INFO - DAG(s) dict_keys(['tutorial_dag']) retrieved from /home/airflow/.local/lib/python3.8/site-packages/airflow/example_dags/tutorial_dag.py
[2023-11-13T07:55:51.623+0000] {logging_mixin.py:154} INFO - [2023-11-13T07:55:51.623+0000] {dag.py:2941} INFO - Sync 1 DAGs
[2023-11-13T07:55:51.632+0000] {logging_mixin.py:154} INFO - [2023-11-13T07:55:51.632+0000] {dag.py:3722} INFO - Setting next_dagrun for tutorial_dag to None, run_after=None
[2023-11-13T07:55:51.988+0000] {processor.py:179} INFO - Processing /home/airflow/.local/lib/python3.8/site-packages/airflow/example_dags/tutorial_dag.py took 0.403 seconds
[2023-11-13T07:56:22.229+0000] {processor.py:157} INFO - Started process (PID=186) to work on /home/airflow/.local/lib/python3.8/site-packages/airflow/example_dags/tutorial_dag.py
[2023-11-13T07:56:22.297+0000] {processor.py:829} INFO - Processing file /home/airflow/.local/lib/python3.8/site-packages/airflow/example_dags/tutorial_dag.py for tasks to queue
[2023-11-13T07:56:22.308+0000] {logging_mixin.py:154} INFO - [2023-11-13T07:56:22.307+0000] {dagbag.py:536} INFO - Filling up the DagBag from /home/airflow/.local/lib/python3.8/site-packages/airflow/example_dags/tutorial_dag.py
[2023-11-13T07:56:22.329+0000] {processor.py:839} INFO - DAG(s) dict_keys(['tutorial_dag']) retrieved from /home/airflow/.local/lib/python3.8/site-packages/airflow/example_dags/tutorial_dag.py
[2023-11-13T07:56:22.359+0000] {logging_mixin.py:154} INFO - [2023-11-13T07:56:22.359+0000] {dag.py:2941} INFO - Sync 1 DAGs
[2023-11-13T07:56:22.370+0000] {logging_mixin.py:154} INFO - [2023-11-13T07:56:22.370+0000] {dag.py:3722} INFO - Setting next_dagrun for tutorial_dag to None, run_after=None
[2023-11-13T07:56:22.399+0000] {processor.py:179} INFO - Processing /home/airflow/.local/lib/python3.8/site-packages/airflow/example_dags/tutorial_dag.py took 0.174 seconds
[2023-11-13T07:56:53.200+0000] {processor.py:157} INFO - Started process (PID=240) to work on /home/airflow/.local/lib/python3.8/site-packages/airflow/example_dags/tutorial_dag.py
[2023-11-13T07:56:53.201+0000] {processor.py:829} INFO - Processing file /home/airflow/.local/lib/python3.8/site-packages/airflow/example_dags/tutorial_dag.py for tasks to queue
[2023-11-13T07:56:53.203+0000] {logging_mixin.py:154} INFO - [2023-11-13T07:56:53.202+0000] {dagbag.py:536} INFO - Filling up the DagBag from /home/airflow/.local/lib/python3.8/site-packages/airflow/example_dags/tutorial_dag.py
[2023-11-13T07:56:53.206+0000] {processor.py:839} INFO - DAG(s) dict_keys(['tutorial_dag']) retrieved from /home/airflow/.local/lib/python3.8/site-packages/airflow/example_dags/tutorial_dag.py
[2023-11-13T07:56:53.221+0000] {logging_mixin.py:154} INFO - [2023-11-13T07:56:53.221+0000] {dag.py:2941} INFO - Sync 1 DAGs
[2023-11-13T07:56:53.229+0000] {logging_mixin.py:154} INFO - [2023-11-13T07:56:53.229+0000] {dag.py:3722} INFO - Setting next_dagrun for tutorial_dag to None, run_after=None
[2023-11-13T07:56:54.709+0000] {processor.py:179} INFO - Processing /home/airflow/.local/lib/python3.8/site-packages/airflow/example_dags/tutorial_dag.py took 1.511 seconds
[2023-11-13T07:57:25.019+0000] {processor.py:157} INFO - Started process (PID=294) to work on /home/airflow/.local/lib/python3.8/site-packages/airflow/example_dags/tutorial_dag.py
[2023-11-13T07:57:25.037+0000] {processor.py:829} INFO - Processing file /home/airflow/.local/lib/python3.8/site-packages/airflow/example_dags/tutorial_dag.py for tasks to queue
[2023-11-13T07:57:25.039+0000] {logging_mixin.py:154} INFO - [2023-11-13T07:57:25.038+0000] {dagbag.py:536} INFO - Filling up the DagBag from /home/airflow/.local/lib/python3.8/site-packages/airflow/example_dags/tutorial_dag.py
[2023-11-13T07:57:25.042+0000] {processor.py:839} INFO - DAG(s) dict_keys(['tutorial_dag']) retrieved from /home/airflow/.local/lib/python3.8/site-packages/airflow/example_dags/tutorial_dag.py
[2023-11-13T07:57:25.057+0000] {logging_mixin.py:154} INFO - [2023-11-13T07:57:25.057+0000] {dag.py:2941} INFO - Sync 1 DAGs
[2023-11-13T07:57:25.066+0000] {logging_mixin.py:154} INFO - [2023-11-13T07:57:25.066+0000] {dag.py:3722} INFO - Setting next_dagrun for tutorial_dag to None, run_after=None
[2023-11-13T07:57:25.173+0000] {processor.py:179} INFO - Processing /home/airflow/.local/lib/python3.8/site-packages/airflow/example_dags/tutorial_dag.py took 0.156 seconds
[2023-11-13T07:57:55.805+0000] {processor.py:157} INFO - Started process (PID=348) to work on /home/airflow/.local/lib/python3.8/site-packages/airflow/example_dags/tutorial_dag.py
[2023-11-13T07:57:56.753+0000] {processor.py:829} INFO - Processing file /home/airflow/.local/lib/python3.8/site-packages/airflow/example_dags/tutorial_dag.py for tasks to queue
[2023-11-13T07:57:56.755+0000] {logging_mixin.py:154} INFO - [2023-11-13T07:57:56.755+0000] {dagbag.py:536} INFO - Filling up the DagBag from /home/airflow/.local/lib/python3.8/site-packages/airflow/example_dags/tutorial_dag.py
[2023-11-13T07:57:56.758+0000] {processor.py:839} INFO - DAG(s) dict_keys(['tutorial_dag']) retrieved from /home/airflow/.local/lib/python3.8/site-packages/airflow/example_dags/tutorial_dag.py
[2023-11-13T07:57:56.772+0000] {logging_mixin.py:154} INFO - [2023-11-13T07:57:56.772+0000] {dag.py:2941} INFO - Sync 1 DAGs
[2023-11-13T07:57:56.781+0000] {logging_mixin.py:154} INFO - [2023-11-13T07:57:56.781+0000] {dag.py:3722} INFO - Setting next_dagrun for tutorial_dag to None, run_after=None
[2023-11-13T07:57:57.038+0000] {processor.py:179} INFO - Processing /home/airflow/.local/lib/python3.8/site-packages/airflow/example_dags/tutorial_dag.py took 1.236 seconds
[2023-11-13T07:58:27.135+0000] {processor.py:157} INFO - Started process (PID=402) to work on /home/airflow/.local/lib/python3.8/site-packages/airflow/example_dags/tutorial_dag.py
[2023-11-13T07:58:27.153+0000] {processor.py:829} INFO - Processing file /home/airflow/.local/lib/python3.8/site-packages/airflow/example_dags/tutorial_dag.py for tasks to queue
[2023-11-13T07:58:27.155+0000] {logging_mixin.py:154} INFO - [2023-11-13T07:58:27.155+0000] {dagbag.py:536} INFO - Filling up the DagBag from /home/airflow/.local/lib/python3.8/site-packages/airflow/example_dags/tutorial_dag.py
[2023-11-13T07:58:27.159+0000] {processor.py:839} INFO - DAG(s) dict_keys(['tutorial_dag']) retrieved from /home/airflow/.local/lib/python3.8/site-packages/airflow/example_dags/tutorial_dag.py
[2023-11-13T07:58:27.174+0000] {logging_mixin.py:154} INFO - [2023-11-13T07:58:27.174+0000] {dag.py:2941} INFO - Sync 1 DAGs
[2023-11-13T07:58:27.184+0000] {logging_mixin.py:154} INFO - [2023-11-13T07:58:27.184+0000] {dag.py:3722} INFO - Setting next_dagrun for tutorial_dag to None, run_after=None
[2023-11-13T07:58:27.229+0000] {processor.py:179} INFO - Processing /home/airflow/.local/lib/python3.8/site-packages/airflow/example_dags/tutorial_dag.py took 0.096 seconds
[2023-11-13T07:58:57.788+0000] {processor.py:157} INFO - Started process (PID=456) to work on /home/airflow/.local/lib/python3.8/site-packages/airflow/example_dags/tutorial_dag.py
[2023-11-13T07:58:57.812+0000] {processor.py:829} INFO - Processing file /home/airflow/.local/lib/python3.8/site-packages/airflow/example_dags/tutorial_dag.py for tasks to queue
[2023-11-13T07:58:57.814+0000] {logging_mixin.py:154} INFO - [2023-11-13T07:58:57.814+0000] {dagbag.py:536} INFO - Filling up the DagBag from /home/airflow/.local/lib/python3.8/site-packages/airflow/example_dags/tutorial_dag.py
[2023-11-13T07:58:57.817+0000] {processor.py:839} INFO - DAG(s) dict_keys(['tutorial_dag']) retrieved from /home/airflow/.local/lib/python3.8/site-packages/airflow/example_dags/tutorial_dag.py
[2023-11-13T07:58:57.832+0000] {logging_mixin.py:154} INFO - [2023-11-13T07:58:57.832+0000] {dag.py:2941} INFO - Sync 1 DAGs
[2023-11-13T07:58:57.841+0000] {logging_mixin.py:154} INFO - [2023-11-13T07:58:57.841+0000] {dag.py:3722} INFO - Setting next_dagrun for tutorial_dag to None, run_after=None
[2023-11-13T07:58:59.316+0000] {processor.py:179} INFO - Processing /home/airflow/.local/lib/python3.8/site-packages/airflow/example_dags/tutorial_dag.py took 1.531 seconds
[2023-11-13T07:59:30.229+0000] {processor.py:157} INFO - Started process (PID=510) to work on /home/airflow/.local/lib/python3.8/site-packages/airflow/example_dags/tutorial_dag.py
[2023-11-13T07:59:30.229+0000] {processor.py:829} INFO - Processing file /home/airflow/.local/lib/python3.8/site-packages/airflow/example_dags/tutorial_dag.py for tasks to queue
[2023-11-13T07:59:30.231+0000] {logging_mixin.py:154} INFO - [2023-11-13T07:59:30.231+0000] {dagbag.py:536} INFO - Filling up the DagBag from /home/airflow/.local/lib/python3.8/site-packages/airflow/example_dags/tutorial_dag.py
[2023-11-13T07:59:30.235+0000] {processor.py:839} INFO - DAG(s) dict_keys(['tutorial_dag']) retrieved from /home/airflow/.local/lib/python3.8/site-packages/airflow/example_dags/tutorial_dag.py
[2023-11-13T07:59:30.250+0000] {logging_mixin.py:154} INFO - [2023-11-13T07:59:30.250+0000] {dag.py:2941} INFO - Sync 1 DAGs
[2023-11-13T07:59:30.259+0000] {logging_mixin.py:154} INFO - [2023-11-13T07:59:30.259+0000] {dag.py:3722} INFO - Setting next_dagrun for tutorial_dag to None, run_after=None
[2023-11-13T07:59:31.604+0000] {processor.py:179} INFO - Processing /home/airflow/.local/lib/python3.8/site-packages/airflow/example_dags/tutorial_dag.py took 1.377 seconds
[2023-11-13T08:00:02.422+0000] {processor.py:157} INFO - Started process (PID=564) to work on /home/airflow/.local/lib/python3.8/site-packages/airflow/example_dags/tutorial_dag.py
[2023-11-13T08:00:02.519+0000] {processor.py:829} INFO - Processing file /home/airflow/.local/lib/python3.8/site-packages/airflow/example_dags/tutorial_dag.py for tasks to queue
[2023-11-13T08:00:02.524+0000] {logging_mixin.py:154} INFO - [2023-11-13T08:00:02.524+0000] {dagbag.py:536} INFO - Filling up the DagBag from /home/airflow/.local/lib/python3.8/site-packages/airflow/example_dags/tutorial_dag.py
[2023-11-13T08:00:02.527+0000] {processor.py:839} INFO - DAG(s) dict_keys(['tutorial_dag']) retrieved from /home/airflow/.local/lib/python3.8/site-packages/airflow/example_dags/tutorial_dag.py
[2023-11-13T08:00:02.542+0000] {logging_mixin.py:154} INFO - [2023-11-13T08:00:02.542+0000] {dag.py:2941} INFO - Sync 1 DAGs
[2023-11-13T08:00:02.551+0000] {logging_mixin.py:154} INFO - [2023-11-13T08:00:02.551+0000] {dag.py:3722} INFO - Setting next_dagrun for tutorial_dag to None, run_after=None
[2023-11-13T08:00:02.574+0000] {processor.py:179} INFO - Processing /home/airflow/.local/lib/python3.8/site-packages/airflow/example_dags/tutorial_dag.py took 0.154 seconds
[2023-11-13T08:00:32.840+0000] {processor.py:157} INFO - Started process (PID=618) to work on /home/airflow/.local/lib/python3.8/site-packages/airflow/example_dags/tutorial_dag.py
[2023-11-13T08:00:32.840+0000] {processor.py:829} INFO - Processing file /home/airflow/.local/lib/python3.8/site-packages/airflow/example_dags/tutorial_dag.py for tasks to queue
[2023-11-13T08:00:32.842+0000] {logging_mixin.py:154} INFO - [2023-11-13T08:00:32.841+0000] {dagbag.py:536} INFO - Filling up the DagBag from /home/airflow/.local/lib/python3.8/site-packages/airflow/example_dags/tutorial_dag.py
[2023-11-13T08:00:32.845+0000] {processor.py:839} INFO - DAG(s) dict_keys(['tutorial_dag']) retrieved from /home/airflow/.local/lib/python3.8/site-packages/airflow/example_dags/tutorial_dag.py
[2023-11-13T08:00:32.859+0000] {logging_mixin.py:154} INFO - [2023-11-13T08:00:32.859+0000] {dag.py:2941} INFO - Sync 1 DAGs
[2023-11-13T08:00:32.868+0000] {logging_mixin.py:154} INFO - [2023-11-13T08:00:32.868+0000] {dag.py:3722} INFO - Setting next_dagrun for tutorial_dag to None, run_after=None
[2023-11-13T08:00:33.342+0000] {processor.py:179} INFO - Processing /home/airflow/.local/lib/python3.8/site-packages/airflow/example_dags/tutorial_dag.py took 0.505 seconds
[2023-11-13T08:01:04.107+0000] {processor.py:157} INFO - Started process (PID=672) to work on /home/airflow/.local/lib/python3.8/site-packages/airflow/example_dags/tutorial_dag.py
[2023-11-13T08:01:04.257+0000] {processor.py:829} INFO - Processing file /home/airflow/.local/lib/python3.8/site-packages/airflow/example_dags/tutorial_dag.py for tasks to queue
[2023-11-13T08:01:04.261+0000] {logging_mixin.py:154} INFO - [2023-11-13T08:01:04.261+0000] {dagbag.py:536} INFO - Filling up the DagBag from /home/airflow/.local/lib/python3.8/site-packages/airflow/example_dags/tutorial_dag.py
[2023-11-13T08:01:04.265+0000] {processor.py:839} INFO - DAG(s) dict_keys(['tutorial_dag']) retrieved from /home/airflow/.local/lib/python3.8/site-packages/airflow/example_dags/tutorial_dag.py
[2023-11-13T08:01:04.279+0000] {logging_mixin.py:154} INFO - [2023-11-13T08:01:04.279+0000] {dag.py:2941} INFO - Sync 1 DAGs
[2023-11-13T08:01:04.288+0000] {logging_mixin.py:154} INFO - [2023-11-13T08:01:04.288+0000] {dag.py:3722} INFO - Setting next_dagrun for tutorial_dag to None, run_after=None
[2023-11-13T08:01:05.846+0000] {processor.py:179} INFO - Processing /home/airflow/.local/lib/python3.8/site-packages/airflow/example_dags/tutorial_dag.py took 1.741 seconds
[2023-11-13T08:01:36.698+0000] {processor.py:157} INFO - Started process (PID=726) to work on /home/airflow/.local/lib/python3.8/site-packages/airflow/example_dags/tutorial_dag.py
[2023-11-13T08:01:36.721+0000] {processor.py:829} INFO - Processing file /home/airflow/.local/lib/python3.8/site-packages/airflow/example_dags/tutorial_dag.py for tasks to queue
[2023-11-13T08:01:36.723+0000] {logging_mixin.py:154} INFO - [2023-11-13T08:01:36.722+0000] {dagbag.py:536} INFO - Filling up the DagBag from /home/airflow/.local/lib/python3.8/site-packages/airflow/example_dags/tutorial_dag.py
[2023-11-13T08:01:36.726+0000] {processor.py:839} INFO - DAG(s) dict_keys(['tutorial_dag']) retrieved from /home/airflow/.local/lib/python3.8/site-packages/airflow/example_dags/tutorial_dag.py
[2023-11-13T08:01:36.741+0000] {logging_mixin.py:154} INFO - [2023-11-13T08:01:36.741+0000] {dag.py:2941} INFO - Sync 1 DAGs
[2023-11-13T08:01:36.750+0000] {logging_mixin.py:154} INFO - [2023-11-13T08:01:36.750+0000] {dag.py:3722} INFO - Setting next_dagrun for tutorial_dag to None, run_after=None
[2023-11-13T08:01:36.803+0000] {processor.py:179} INFO - Processing /home/airflow/.local/lib/python3.8/site-packages/airflow/example_dags/tutorial_dag.py took 0.107 seconds
[2023-11-13T08:02:06.886+0000] {processor.py:157} INFO - Started process (PID=780) to work on /home/airflow/.local/lib/python3.8/site-packages/airflow/example_dags/tutorial_dag.py
[2023-11-13T08:02:06.887+0000] {processor.py:829} INFO - Processing file /home/airflow/.local/lib/python3.8/site-packages/airflow/example_dags/tutorial_dag.py for tasks to queue
[2023-11-13T08:02:06.888+0000] {logging_mixin.py:154} INFO - [2023-11-13T08:02:06.888+0000] {dagbag.py:536} INFO - Filling up the DagBag from /home/airflow/.local/lib/python3.8/site-packages/airflow/example_dags/tutorial_dag.py
[2023-11-13T08:02:06.892+0000] {processor.py:839} INFO - DAG(s) dict_keys(['tutorial_dag']) retrieved from /home/airflow/.local/lib/python3.8/site-packages/airflow/example_dags/tutorial_dag.py
[2023-11-13T08:02:06.907+0000] {logging_mixin.py:154} INFO - [2023-11-13T08:02:06.906+0000] {dag.py:2941} INFO - Sync 1 DAGs
[2023-11-13T08:02:06.916+0000] {logging_mixin.py:154} INFO - [2023-11-13T08:02:06.916+0000] {dag.py:3722} INFO - Setting next_dagrun for tutorial_dag to None, run_after=None
[2023-11-13T08:02:06.955+0000] {processor.py:179} INFO - Processing /home/airflow/.local/lib/python3.8/site-packages/airflow/example_dags/tutorial_dag.py took 0.071 seconds
[2023-11-13T08:02:37.797+0000] {processor.py:157} INFO - Started process (PID=834) to work on /home/airflow/.local/lib/python3.8/site-packages/airflow/example_dags/tutorial_dag.py
[2023-11-13T08:02:37.808+0000] {processor.py:829} INFO - Processing file /home/airflow/.local/lib/python3.8/site-packages/airflow/example_dags/tutorial_dag.py for tasks to queue
[2023-11-13T08:02:37.810+0000] {logging_mixin.py:154} INFO - [2023-11-13T08:02:37.810+0000] {dagbag.py:536} INFO - Filling up the DagBag from /home/airflow/.local/lib/python3.8/site-packages/airflow/example_dags/tutorial_dag.py
[2023-11-13T08:02:37.815+0000] {processor.py:839} INFO - DAG(s) dict_keys(['tutorial_dag']) retrieved from /home/airflow/.local/lib/python3.8/site-packages/airflow/example_dags/tutorial_dag.py
[2023-11-13T08:02:37.833+0000] {logging_mixin.py:154} INFO - [2023-11-13T08:02:37.832+0000] {dag.py:2941} INFO - Sync 1 DAGs
[2023-11-13T08:02:37.842+0000] {logging_mixin.py:154} INFO - [2023-11-13T08:02:37.842+0000] {dag.py:3722} INFO - Setting next_dagrun for tutorial_dag to None, run_after=None
[2023-11-13T08:02:37.892+0000] {processor.py:179} INFO - Processing /home/airflow/.local/lib/python3.8/site-packages/airflow/example_dags/tutorial_dag.py took 0.098 seconds
[2023-11-13T08:03:07.999+0000] {processor.py:157} INFO - Started process (PID=888) to work on /home/airflow/.local/lib/python3.8/site-packages/airflow/example_dags/tutorial_dag.py
[2023-11-13T08:03:08.000+0000] {processor.py:829} INFO - Processing file /home/airflow/.local/lib/python3.8/site-packages/airflow/example_dags/tutorial_dag.py for tasks to queue
[2023-11-13T08:03:08.001+0000] {logging_mixin.py:154} INFO - [2023-11-13T08:03:08.001+0000] {dagbag.py:536} INFO - Filling up the DagBag from /home/airflow/.local/lib/python3.8/site-packages/airflow/example_dags/tutorial_dag.py
[2023-11-13T08:03:08.005+0000] {processor.py:839} INFO - DAG(s) dict_keys(['tutorial_dag']) retrieved from /home/airflow/.local/lib/python3.8/site-packages/airflow/example_dags/tutorial_dag.py
[2023-11-13T08:03:08.020+0000] {logging_mixin.py:154} INFO - [2023-11-13T08:03:08.020+0000] {dag.py:2941} INFO - Sync 1 DAGs
[2023-11-13T08:03:08.028+0000] {logging_mixin.py:154} INFO - [2023-11-13T08:03:08.028+0000] {dag.py:3722} INFO - Setting next_dagrun for tutorial_dag to None, run_after=None
[2023-11-13T08:03:08.063+0000] {processor.py:179} INFO - Processing /home/airflow/.local/lib/python3.8/site-packages/airflow/example_dags/tutorial_dag.py took 0.066 seconds
[2023-11-13T08:03:38.544+0000] {processor.py:157} INFO - Started process (PID=942) to work on /home/airflow/.local/lib/python3.8/site-packages/airflow/example_dags/tutorial_dag.py
[2023-11-13T08:03:38.545+0000] {processor.py:829} INFO - Processing file /home/airflow/.local/lib/python3.8/site-packages/airflow/example_dags/tutorial_dag.py for tasks to queue
[2023-11-13T08:03:38.546+0000] {logging_mixin.py:154} INFO - [2023-11-13T08:03:38.546+0000] {dagbag.py:536} INFO - Filling up the DagBag from /home/airflow/.local/lib/python3.8/site-packages/airflow/example_dags/tutorial_dag.py
[2023-11-13T08:03:38.550+0000] {processor.py:839} INFO - DAG(s) dict_keys(['tutorial_dag']) retrieved from /home/airflow/.local/lib/python3.8/site-packages/airflow/example_dags/tutorial_dag.py
[2023-11-13T08:03:38.564+0000] {logging_mixin.py:154} INFO - [2023-11-13T08:03:38.564+0000] {dag.py:2941} INFO - Sync 1 DAGs
[2023-11-13T08:03:38.573+0000] {logging_mixin.py:154} INFO - [2023-11-13T08:03:38.573+0000] {dag.py:3722} INFO - Setting next_dagrun for tutorial_dag to None, run_after=None
[2023-11-13T08:03:38.600+0000] {processor.py:179} INFO - Processing /home/airflow/.local/lib/python3.8/site-packages/airflow/example_dags/tutorial_dag.py took 0.059 seconds
[2023-11-13T08:04:11.093+0000] {processor.py:157} INFO - Started process (PID=996) to work on /home/airflow/.local/lib/python3.8/site-packages/airflow/example_dags/tutorial_dag.py
[2023-11-13T08:04:11.094+0000] {processor.py:829} INFO - Processing file /home/airflow/.local/lib/python3.8/site-packages/airflow/example_dags/tutorial_dag.py for tasks to queue
[2023-11-13T08:04:11.095+0000] {logging_mixin.py:154} INFO - [2023-11-13T08:04:11.095+0000] {dagbag.py:536} INFO - Filling up the DagBag from /home/airflow/.local/lib/python3.8/site-packages/airflow/example_dags/tutorial_dag.py
[2023-11-13T08:04:11.099+0000] {processor.py:839} INFO - DAG(s) dict_keys(['tutorial_dag']) retrieved from /home/airflow/.local/lib/python3.8/site-packages/airflow/example_dags/tutorial_dag.py
[2023-11-13T08:04:11.113+0000] {logging_mixin.py:154} INFO - [2023-11-13T08:04:11.113+0000] {dag.py:2941} INFO - Sync 1 DAGs
[2023-11-13T08:04:11.122+0000] {logging_mixin.py:154} INFO - [2023-11-13T08:04:11.122+0000] {dag.py:3722} INFO - Setting next_dagrun for tutorial_dag to None, run_after=None
[2023-11-13T08:04:11.405+0000] {processor.py:179} INFO - Processing /home/airflow/.local/lib/python3.8/site-packages/airflow/example_dags/tutorial_dag.py took 0.314 seconds
[2023-11-13T08:04:41.870+0000] {processor.py:157} INFO - Started process (PID=1050) to work on /home/airflow/.local/lib/python3.8/site-packages/airflow/example_dags/tutorial_dag.py
[2023-11-13T08:04:42.015+0000] {processor.py:829} INFO - Processing file /home/airflow/.local/lib/python3.8/site-packages/airflow/example_dags/tutorial_dag.py for tasks to queue
[2023-11-13T08:04:42.022+0000] {logging_mixin.py:154} INFO - [2023-11-13T08:04:42.021+0000] {dagbag.py:536} INFO - Filling up the DagBag from /home/airflow/.local/lib/python3.8/site-packages/airflow/example_dags/tutorial_dag.py
[2023-11-13T08:04:42.038+0000] {processor.py:839} INFO - DAG(s) dict_keys(['tutorial_dag']) retrieved from /home/airflow/.local/lib/python3.8/site-packages/airflow/example_dags/tutorial_dag.py
[2023-11-13T08:04:42.089+0000] {logging_mixin.py:154} INFO - [2023-11-13T08:04:42.089+0000] {dag.py:2941} INFO - Sync 1 DAGs
[2023-11-13T08:04:42.107+0000] {logging_mixin.py:154} INFO - [2023-11-13T08:04:42.106+0000] {dag.py:3722} INFO - Setting next_dagrun for tutorial_dag to None, run_after=None
[2023-11-13T08:04:42.376+0000] {processor.py:179} INFO - Processing /home/airflow/.local/lib/python3.8/site-packages/airflow/example_dags/tutorial_dag.py took 0.509 seconds
[2023-11-13T08:05:12.941+0000] {processor.py:157} INFO - Started process (PID=1104) to work on /home/airflow/.local/lib/python3.8/site-packages/airflow/example_dags/tutorial_dag.py
[2023-11-13T08:05:12.951+0000] {processor.py:829} INFO - Processing file /home/airflow/.local/lib/python3.8/site-packages/airflow/example_dags/tutorial_dag.py for tasks to queue
[2023-11-13T08:05:12.952+0000] {logging_mixin.py:154} INFO - [2023-11-13T08:05:12.952+0000] {dagbag.py:536} INFO - Filling up the DagBag from /home/airflow/.local/lib/python3.8/site-packages/airflow/example_dags/tutorial_dag.py
[2023-11-13T08:05:12.956+0000] {processor.py:839} INFO - DAG(s) dict_keys(['tutorial_dag']) retrieved from /home/airflow/.local/lib/python3.8/site-packages/airflow/example_dags/tutorial_dag.py
[2023-11-13T08:05:12.970+0000] {logging_mixin.py:154} INFO - [2023-11-13T08:05:12.970+0000] {dag.py:2941} INFO - Sync 1 DAGs
[2023-11-13T08:05:12.979+0000] {logging_mixin.py:154} INFO - [2023-11-13T08:05:12.979+0000] {dag.py:3722} INFO - Setting next_dagrun for tutorial_dag to None, run_after=None
[2023-11-13T08:05:13.019+0000] {processor.py:179} INFO - Processing /home/airflow/.local/lib/python3.8/site-packages/airflow/example_dags/tutorial_dag.py took 0.080 seconds
[2023-11-13T08:05:43.387+0000] {processor.py:157} INFO - Started process (PID=1158) to work on /home/airflow/.local/lib/python3.8/site-packages/airflow/example_dags/tutorial_dag.py
[2023-11-13T08:05:43.387+0000] {processor.py:829} INFO - Processing file /home/airflow/.local/lib/python3.8/site-packages/airflow/example_dags/tutorial_dag.py for tasks to queue
[2023-11-13T08:05:43.389+0000] {logging_mixin.py:154} INFO - [2023-11-13T08:05:43.388+0000] {dagbag.py:536} INFO - Filling up the DagBag from /home/airflow/.local/lib/python3.8/site-packages/airflow/example_dags/tutorial_dag.py
[2023-11-13T08:05:43.392+0000] {processor.py:839} INFO - DAG(s) dict_keys(['tutorial_dag']) retrieved from /home/airflow/.local/lib/python3.8/site-packages/airflow/example_dags/tutorial_dag.py
[2023-11-13T08:05:43.406+0000] {logging_mixin.py:154} INFO - [2023-11-13T08:05:43.406+0000] {dag.py:2941} INFO - Sync 1 DAGs
[2023-11-13T08:05:43.510+0000] {logging_mixin.py:154} INFO - [2023-11-13T08:05:43.510+0000] {dag.py:3722} INFO - Setting next_dagrun for tutorial_dag to None, run_after=None
[2023-11-13T08:05:43.559+0000] {processor.py:179} INFO - Processing /home/airflow/.local/lib/python3.8/site-packages/airflow/example_dags/tutorial_dag.py took 0.175 seconds
[2023-11-13T08:06:13.681+0000] {processor.py:157} INFO - Started process (PID=1211) to work on /home/airflow/.local/lib/python3.8/site-packages/airflow/example_dags/tutorial_dag.py
[2023-11-13T08:06:13.682+0000] {processor.py:829} INFO - Processing file /home/airflow/.local/lib/python3.8/site-packages/airflow/example_dags/tutorial_dag.py for tasks to queue
[2023-11-13T08:06:13.683+0000] {logging_mixin.py:154} INFO - [2023-11-13T08:06:13.683+0000] {dagbag.py:536} INFO - Filling up the DagBag from /home/airflow/.local/lib/python3.8/site-packages/airflow/example_dags/tutorial_dag.py
[2023-11-13T08:06:13.687+0000] {processor.py:839} INFO - DAG(s) dict_keys(['tutorial_dag']) retrieved from /home/airflow/.local/lib/python3.8/site-packages/airflow/example_dags/tutorial_dag.py
[2023-11-13T08:06:13.701+0000] {logging_mixin.py:154} INFO - [2023-11-13T08:06:13.701+0000] {dag.py:2941} INFO - Sync 1 DAGs
[2023-11-13T08:06:13.710+0000] {logging_mixin.py:154} INFO - [2023-11-13T08:06:13.710+0000] {dag.py:3722} INFO - Setting next_dagrun for tutorial_dag to None, run_after=None
[2023-11-13T08:06:14.292+0000] {processor.py:179} INFO - Processing /home/airflow/.local/lib/python3.8/site-packages/airflow/example_dags/tutorial_dag.py took 0.614 seconds
[2023-11-13T08:06:44.837+0000] {processor.py:157} INFO - Started process (PID=1266) to work on /home/airflow/.local/lib/python3.8/site-packages/airflow/example_dags/tutorial_dag.py
[2023-11-13T08:06:44.838+0000] {processor.py:829} INFO - Processing file /home/airflow/.local/lib/python3.8/site-packages/airflow/example_dags/tutorial_dag.py for tasks to queue
[2023-11-13T08:06:44.839+0000] {logging_mixin.py:154} INFO - [2023-11-13T08:06:44.839+0000] {dagbag.py:536} INFO - Filling up the DagBag from /home/airflow/.local/lib/python3.8/site-packages/airflow/example_dags/tutorial_dag.py
[2023-11-13T08:06:44.843+0000] {processor.py:839} INFO - DAG(s) dict_keys(['tutorial_dag']) retrieved from /home/airflow/.local/lib/python3.8/site-packages/airflow/example_dags/tutorial_dag.py
[2023-11-13T08:06:44.858+0000] {logging_mixin.py:154} INFO - [2023-11-13T08:06:44.857+0000] {dag.py:2941} INFO - Sync 1 DAGs
[2023-11-13T08:06:44.866+0000] {logging_mixin.py:154} INFO - [2023-11-13T08:06:44.866+0000] {dag.py:3722} INFO - Setting next_dagrun for tutorial_dag to None, run_after=None
[2023-11-13T08:06:46.227+0000] {processor.py:179} INFO - Processing /home/airflow/.local/lib/python3.8/site-packages/airflow/example_dags/tutorial_dag.py took 1.392 seconds
[2023-11-13T08:07:16.694+0000] {processor.py:157} INFO - Started process (PID=1319) to work on /home/airflow/.local/lib/python3.8/site-packages/airflow/example_dags/tutorial_dag.py
[2023-11-13T08:07:16.695+0000] {processor.py:829} INFO - Processing file /home/airflow/.local/lib/python3.8/site-packages/airflow/example_dags/tutorial_dag.py for tasks to queue
[2023-11-13T08:07:16.697+0000] {logging_mixin.py:154} INFO - [2023-11-13T08:07:16.696+0000] {dagbag.py:536} INFO - Filling up the DagBag from /home/airflow/.local/lib/python3.8/site-packages/airflow/example_dags/tutorial_dag.py
[2023-11-13T08:07:16.700+0000] {processor.py:839} INFO - DAG(s) dict_keys(['tutorial_dag']) retrieved from /home/airflow/.local/lib/python3.8/site-packages/airflow/example_dags/tutorial_dag.py
[2023-11-13T08:07:16.716+0000] {logging_mixin.py:154} INFO - [2023-11-13T08:07:16.716+0000] {dag.py:2941} INFO - Sync 1 DAGs
[2023-11-13T08:07:16.819+0000] {logging_mixin.py:154} INFO - [2023-11-13T08:07:16.819+0000] {dag.py:3722} INFO - Setting next_dagrun for tutorial_dag to None, run_after=None
[2023-11-13T08:07:16.845+0000] {processor.py:179} INFO - Processing /home/airflow/.local/lib/python3.8/site-packages/airflow/example_dags/tutorial_dag.py took 0.153 seconds
[2023-11-13T08:07:46.898+0000] {processor.py:157} INFO - Started process (PID=1373) to work on /home/airflow/.local/lib/python3.8/site-packages/airflow/example_dags/tutorial_dag.py
[2023-11-13T08:07:46.910+0000] {processor.py:829} INFO - Processing file /home/airflow/.local/lib/python3.8/site-packages/airflow/example_dags/tutorial_dag.py for tasks to queue
[2023-11-13T08:07:46.912+0000] {logging_mixin.py:154} INFO - [2023-11-13T08:07:46.912+0000] {dagbag.py:536} INFO - Filling up the DagBag from /home/airflow/.local/lib/python3.8/site-packages/airflow/example_dags/tutorial_dag.py
[2023-11-13T08:07:46.916+0000] {processor.py:839} INFO - DAG(s) dict_keys(['tutorial_dag']) retrieved from /home/airflow/.local/lib/python3.8/site-packages/airflow/example_dags/tutorial_dag.py
[2023-11-13T08:07:46.930+0000] {logging_mixin.py:154} INFO - [2023-11-13T08:07:46.930+0000] {dag.py:2941} INFO - Sync 1 DAGs
[2023-11-13T08:07:46.938+0000] {logging_mixin.py:154} INFO - [2023-11-13T08:07:46.938+0000] {dag.py:3722} INFO - Setting next_dagrun for tutorial_dag to None, run_after=None
[2023-11-13T08:07:47.542+0000] {processor.py:179} INFO - Processing /home/airflow/.local/lib/python3.8/site-packages/airflow/example_dags/tutorial_dag.py took 0.647 seconds
[2023-11-13T08:08:18.099+0000] {processor.py:157} INFO - Started process (PID=1428) to work on /home/airflow/.local/lib/python3.8/site-packages/airflow/example_dags/tutorial_dag.py
[2023-11-13T08:08:18.100+0000] {processor.py:829} INFO - Processing file /home/airflow/.local/lib/python3.8/site-packages/airflow/example_dags/tutorial_dag.py for tasks to queue
[2023-11-13T08:08:18.101+0000] {logging_mixin.py:154} INFO - [2023-11-13T08:08:18.101+0000] {dagbag.py:536} INFO - Filling up the DagBag from /home/airflow/.local/lib/python3.8/site-packages/airflow/example_dags/tutorial_dag.py
[2023-11-13T08:08:18.105+0000] {processor.py:839} INFO - DAG(s) dict_keys(['tutorial_dag']) retrieved from /home/airflow/.local/lib/python3.8/site-packages/airflow/example_dags/tutorial_dag.py
[2023-11-13T08:08:18.119+0000] {logging_mixin.py:154} INFO - [2023-11-13T08:08:18.119+0000] {dag.py:2941} INFO - Sync 1 DAGs
[2023-11-13T08:08:18.128+0000] {logging_mixin.py:154} INFO - [2023-11-13T08:08:18.128+0000] {dag.py:3722} INFO - Setting next_dagrun for tutorial_dag to None, run_after=None
[2023-11-13T08:08:18.698+0000] {processor.py:179} INFO - Processing /home/airflow/.local/lib/python3.8/site-packages/airflow/example_dags/tutorial_dag.py took 0.601 seconds
[2023-11-13T08:08:49.885+0000] {processor.py:157} INFO - Started process (PID=1482) to work on /home/airflow/.local/lib/python3.8/site-packages/airflow/example_dags/tutorial_dag.py
[2023-11-13T08:08:50.018+0000] {processor.py:829} INFO - Processing file /home/airflow/.local/lib/python3.8/site-packages/airflow/example_dags/tutorial_dag.py for tasks to queue
[2023-11-13T08:08:50.020+0000] {logging_mixin.py:154} INFO - [2023-11-13T08:08:50.020+0000] {dagbag.py:536} INFO - Filling up the DagBag from /home/airflow/.local/lib/python3.8/site-packages/airflow/example_dags/tutorial_dag.py
[2023-11-13T08:08:50.023+0000] {processor.py:839} INFO - DAG(s) dict_keys(['tutorial_dag']) retrieved from /home/airflow/.local/lib/python3.8/site-packages/airflow/example_dags/tutorial_dag.py
[2023-11-13T08:08:50.037+0000] {logging_mixin.py:154} INFO - [2023-11-13T08:08:50.037+0000] {dag.py:2941} INFO - Sync 1 DAGs
[2023-11-13T08:08:50.046+0000] {logging_mixin.py:154} INFO - [2023-11-13T08:08:50.046+0000] {dag.py:3722} INFO - Setting next_dagrun for tutorial_dag to None, run_after=None
[2023-11-13T08:08:50.307+0000] {processor.py:179} INFO - Processing /home/airflow/.local/lib/python3.8/site-packages/airflow/example_dags/tutorial_dag.py took 0.424 seconds
[2023-11-13T08:09:20.884+0000] {processor.py:157} INFO - Started process (PID=1536) to work on /home/airflow/.local/lib/python3.8/site-packages/airflow/example_dags/tutorial_dag.py
[2023-11-13T08:09:21.043+0000] {processor.py:829} INFO - Processing file /home/airflow/.local/lib/python3.8/site-packages/airflow/example_dags/tutorial_dag.py for tasks to queue
[2023-11-13T08:09:21.048+0000] {logging_mixin.py:154} INFO - [2023-11-13T08:09:21.048+0000] {dagbag.py:536} INFO - Filling up the DagBag from /home/airflow/.local/lib/python3.8/site-packages/airflow/example_dags/tutorial_dag.py
[2023-11-13T08:09:21.051+0000] {processor.py:839} INFO - DAG(s) dict_keys(['tutorial_dag']) retrieved from /home/airflow/.local/lib/python3.8/site-packages/airflow/example_dags/tutorial_dag.py
[2023-11-13T08:09:21.066+0000] {logging_mixin.py:154} INFO - [2023-11-13T08:09:21.065+0000] {dag.py:2941} INFO - Sync 1 DAGs
[2023-11-13T08:09:21.074+0000] {logging_mixin.py:154} INFO - [2023-11-13T08:09:21.074+0000] {dag.py:3722} INFO - Setting next_dagrun for tutorial_dag to None, run_after=None
[2023-11-13T08:09:21.389+0000] {processor.py:179} INFO - Processing /home/airflow/.local/lib/python3.8/site-packages/airflow/example_dags/tutorial_dag.py took 0.508 seconds
[2023-11-13T08:09:51.652+0000] {processor.py:157} INFO - Started process (PID=1590) to work on /home/airflow/.local/lib/python3.8/site-packages/airflow/example_dags/tutorial_dag.py
[2023-11-13T08:09:51.671+0000] {processor.py:829} INFO - Processing file /home/airflow/.local/lib/python3.8/site-packages/airflow/example_dags/tutorial_dag.py for tasks to queue
[2023-11-13T08:09:51.673+0000] {logging_mixin.py:154} INFO - [2023-11-13T08:09:51.672+0000] {dagbag.py:536} INFO - Filling up the DagBag from /home/airflow/.local/lib/python3.8/site-packages/airflow/example_dags/tutorial_dag.py
[2023-11-13T08:09:51.676+0000] {processor.py:839} INFO - DAG(s) dict_keys(['tutorial_dag']) retrieved from /home/airflow/.local/lib/python3.8/site-packages/airflow/example_dags/tutorial_dag.py
[2023-11-13T08:09:51.793+0000] {logging_mixin.py:154} INFO - [2023-11-13T08:09:51.792+0000] {dag.py:2941} INFO - Sync 1 DAGs
[2023-11-13T08:09:51.803+0000] {logging_mixin.py:154} INFO - [2023-11-13T08:09:51.803+0000] {dag.py:3722} INFO - Setting next_dagrun for tutorial_dag to None, run_after=None
[2023-11-13T08:09:52.417+0000] {processor.py:179} INFO - Processing /home/airflow/.local/lib/python3.8/site-packages/airflow/example_dags/tutorial_dag.py took 0.769 seconds
[2023-11-13T08:10:22.589+0000] {processor.py:157} INFO - Started process (PID=1645) to work on /home/airflow/.local/lib/python3.8/site-packages/airflow/example_dags/tutorial_dag.py
[2023-11-13T08:10:22.589+0000] {processor.py:829} INFO - Processing file /home/airflow/.local/lib/python3.8/site-packages/airflow/example_dags/tutorial_dag.py for tasks to queue
[2023-11-13T08:10:22.591+0000] {logging_mixin.py:154} INFO - [2023-11-13T08:10:22.591+0000] {dagbag.py:536} INFO - Filling up the DagBag from /home/airflow/.local/lib/python3.8/site-packages/airflow/example_dags/tutorial_dag.py
[2023-11-13T08:10:22.595+0000] {processor.py:839} INFO - DAG(s) dict_keys(['tutorial_dag']) retrieved from /home/airflow/.local/lib/python3.8/site-packages/airflow/example_dags/tutorial_dag.py
[2023-11-13T08:10:22.609+0000] {logging_mixin.py:154} INFO - [2023-11-13T08:10:22.609+0000] {dag.py:2941} INFO - Sync 1 DAGs
[2023-11-13T08:10:22.618+0000] {logging_mixin.py:154} INFO - [2023-11-13T08:10:22.617+0000] {dag.py:3722} INFO - Setting next_dagrun for tutorial_dag to None, run_after=None
[2023-11-13T08:10:22.660+0000] {processor.py:179} INFO - Processing /home/airflow/.local/lib/python3.8/site-packages/airflow/example_dags/tutorial_dag.py took 0.074 seconds
[2023-11-13T08:10:53.703+0000] {processor.py:157} INFO - Started process (PID=1698) to work on /home/airflow/.local/lib/python3.8/site-packages/airflow/example_dags/tutorial_dag.py
[2023-11-13T08:10:53.703+0000] {processor.py:829} INFO - Processing file /home/airflow/.local/lib/python3.8/site-packages/airflow/example_dags/tutorial_dag.py for tasks to queue
[2023-11-13T08:10:53.705+0000] {logging_mixin.py:154} INFO - [2023-11-13T08:10:53.705+0000] {dagbag.py:536} INFO - Filling up the DagBag from /home/airflow/.local/lib/python3.8/site-packages/airflow/example_dags/tutorial_dag.py
[2023-11-13T08:10:53.709+0000] {processor.py:839} INFO - DAG(s) dict_keys(['tutorial_dag']) retrieved from /home/airflow/.local/lib/python3.8/site-packages/airflow/example_dags/tutorial_dag.py
[2023-11-13T08:10:53.723+0000] {logging_mixin.py:154} INFO - [2023-11-13T08:10:53.723+0000] {dag.py:2941} INFO - Sync 1 DAGs
[2023-11-13T08:10:53.732+0000] {logging_mixin.py:154} INFO - [2023-11-13T08:10:53.732+0000] {dag.py:3722} INFO - Setting next_dagrun for tutorial_dag to None, run_after=None
[2023-11-13T08:10:53.766+0000] {processor.py:179} INFO - Processing /home/airflow/.local/lib/python3.8/site-packages/airflow/example_dags/tutorial_dag.py took 0.065 seconds
[2023-11-13T08:11:23.934+0000] {processor.py:157} INFO - Started process (PID=1752) to work on /home/airflow/.local/lib/python3.8/site-packages/airflow/example_dags/tutorial_dag.py
[2023-11-13T08:11:23.945+0000] {processor.py:829} INFO - Processing file /home/airflow/.local/lib/python3.8/site-packages/airflow/example_dags/tutorial_dag.py for tasks to queue
[2023-11-13T08:11:23.946+0000] {logging_mixin.py:154} INFO - [2023-11-13T08:11:23.946+0000] {dagbag.py:536} INFO - Filling up the DagBag from /home/airflow/.local/lib/python3.8/site-packages/airflow/example_dags/tutorial_dag.py
[2023-11-13T08:11:23.950+0000] {processor.py:839} INFO - DAG(s) dict_keys(['tutorial_dag']) retrieved from /home/airflow/.local/lib/python3.8/site-packages/airflow/example_dags/tutorial_dag.py
[2023-11-13T08:11:23.964+0000] {logging_mixin.py:154} INFO - [2023-11-13T08:11:23.964+0000] {dag.py:2941} INFO - Sync 1 DAGs
[2023-11-13T08:11:23.972+0000] {logging_mixin.py:154} INFO - [2023-11-13T08:11:23.972+0000] {dag.py:3722} INFO - Setting next_dagrun for tutorial_dag to None, run_after=None
[2023-11-13T08:11:24.008+0000] {processor.py:179} INFO - Processing /home/airflow/.local/lib/python3.8/site-packages/airflow/example_dags/tutorial_dag.py took 0.076 seconds
[2023-11-13T08:11:55.020+0000] {processor.py:157} INFO - Started process (PID=1806) to work on /home/airflow/.local/lib/python3.8/site-packages/airflow/example_dags/tutorial_dag.py
[2023-11-13T08:11:55.021+0000] {processor.py:829} INFO - Processing file /home/airflow/.local/lib/python3.8/site-packages/airflow/example_dags/tutorial_dag.py for tasks to queue
[2023-11-13T08:11:55.022+0000] {logging_mixin.py:154} INFO - [2023-11-13T08:11:55.022+0000] {dagbag.py:536} INFO - Filling up the DagBag from /home/airflow/.local/lib/python3.8/site-packages/airflow/example_dags/tutorial_dag.py
[2023-11-13T08:11:55.026+0000] {processor.py:839} INFO - DAG(s) dict_keys(['tutorial_dag']) retrieved from /home/airflow/.local/lib/python3.8/site-packages/airflow/example_dags/tutorial_dag.py
[2023-11-13T08:11:55.040+0000] {logging_mixin.py:154} INFO - [2023-11-13T08:11:55.040+0000] {dag.py:2941} INFO - Sync 1 DAGs
[2023-11-13T08:11:55.049+0000] {logging_mixin.py:154} INFO - [2023-11-13T08:11:55.049+0000] {dag.py:3722} INFO - Setting next_dagrun for tutorial_dag to None, run_after=None
[2023-11-13T08:11:55.091+0000] {processor.py:179} INFO - Processing /home/airflow/.local/lib/python3.8/site-packages/airflow/example_dags/tutorial_dag.py took 0.073 seconds
[2023-11-13T08:12:26.763+0000] {processor.py:157} INFO - Started process (PID=1860) to work on /home/airflow/.local/lib/python3.8/site-packages/airflow/example_dags/tutorial_dag.py
[2023-11-13T08:12:26.764+0000] {processor.py:829} INFO - Processing file /home/airflow/.local/lib/python3.8/site-packages/airflow/example_dags/tutorial_dag.py for tasks to queue
[2023-11-13T08:12:26.766+0000] {logging_mixin.py:154} INFO - [2023-11-13T08:12:26.766+0000] {dagbag.py:536} INFO - Filling up the DagBag from /home/airflow/.local/lib/python3.8/site-packages/airflow/example_dags/tutorial_dag.py
[2023-11-13T08:12:26.770+0000] {processor.py:839} INFO - DAG(s) dict_keys(['tutorial_dag']) retrieved from /home/airflow/.local/lib/python3.8/site-packages/airflow/example_dags/tutorial_dag.py
[2023-11-13T08:12:26.784+0000] {logging_mixin.py:154} INFO - [2023-11-13T08:12:26.784+0000] {dag.py:2941} INFO - Sync 1 DAGs
[2023-11-13T08:12:26.793+0000] {logging_mixin.py:154} INFO - [2023-11-13T08:12:26.793+0000] {dag.py:3722} INFO - Setting next_dagrun for tutorial_dag to None, run_after=None
[2023-11-13T08:12:26.825+0000] {processor.py:179} INFO - Processing /home/airflow/.local/lib/python3.8/site-packages/airflow/example_dags/tutorial_dag.py took 0.064 seconds
[2023-11-13T08:12:58.399+0000] {processor.py:157} INFO - Started process (PID=1914) to work on /home/airflow/.local/lib/python3.8/site-packages/airflow/example_dags/tutorial_dag.py
[2023-11-13T08:12:58.400+0000] {processor.py:829} INFO - Processing file /home/airflow/.local/lib/python3.8/site-packages/airflow/example_dags/tutorial_dag.py for tasks to queue
[2023-11-13T08:12:58.401+0000] {logging_mixin.py:154} INFO - [2023-11-13T08:12:58.401+0000] {dagbag.py:536} INFO - Filling up the DagBag from /home/airflow/.local/lib/python3.8/site-packages/airflow/example_dags/tutorial_dag.py
[2023-11-13T08:12:58.405+0000] {processor.py:839} INFO - DAG(s) dict_keys(['tutorial_dag']) retrieved from /home/airflow/.local/lib/python3.8/site-packages/airflow/example_dags/tutorial_dag.py
[2023-11-13T08:12:58.420+0000] {logging_mixin.py:154} INFO - [2023-11-13T08:12:58.420+0000] {dag.py:2941} INFO - Sync 1 DAGs
[2023-11-13T08:12:58.429+0000] {logging_mixin.py:154} INFO - [2023-11-13T08:12:58.429+0000] {dag.py:3722} INFO - Setting next_dagrun for tutorial_dag to None, run_after=None
[2023-11-13T08:12:58.460+0000] {processor.py:179} INFO - Processing /home/airflow/.local/lib/python3.8/site-packages/airflow/example_dags/tutorial_dag.py took 0.063 seconds
[2023-11-13T08:13:29.432+0000] {processor.py:157} INFO - Started process (PID=1968) to work on /home/airflow/.local/lib/python3.8/site-packages/airflow/example_dags/tutorial_dag.py
[2023-11-13T08:13:29.448+0000] {processor.py:829} INFO - Processing file /home/airflow/.local/lib/python3.8/site-packages/airflow/example_dags/tutorial_dag.py for tasks to queue
[2023-11-13T08:13:29.450+0000] {logging_mixin.py:154} INFO - [2023-11-13T08:13:29.449+0000] {dagbag.py:536} INFO - Filling up the DagBag from /home/airflow/.local/lib/python3.8/site-packages/airflow/example_dags/tutorial_dag.py
[2023-11-13T08:13:29.453+0000] {processor.py:839} INFO - DAG(s) dict_keys(['tutorial_dag']) retrieved from /home/airflow/.local/lib/python3.8/site-packages/airflow/example_dags/tutorial_dag.py
[2023-11-13T08:13:29.468+0000] {logging_mixin.py:154} INFO - [2023-11-13T08:13:29.468+0000] {dag.py:2941} INFO - Sync 1 DAGs
[2023-11-13T08:13:29.477+0000] {logging_mixin.py:154} INFO - [2023-11-13T08:13:29.477+0000] {dag.py:3722} INFO - Setting next_dagrun for tutorial_dag to None, run_after=None
[2023-11-13T08:13:29.508+0000] {processor.py:179} INFO - Processing /home/airflow/.local/lib/python3.8/site-packages/airflow/example_dags/tutorial_dag.py took 0.079 seconds
[2023-11-13T08:13:59.724+0000] {processor.py:157} INFO - Started process (PID=2022) to work on /home/airflow/.local/lib/python3.8/site-packages/airflow/example_dags/tutorial_dag.py
[2023-11-13T08:13:59.724+0000] {processor.py:829} INFO - Processing file /home/airflow/.local/lib/python3.8/site-packages/airflow/example_dags/tutorial_dag.py for tasks to queue
[2023-11-13T08:13:59.726+0000] {logging_mixin.py:154} INFO - [2023-11-13T08:13:59.726+0000] {dagbag.py:536} INFO - Filling up the DagBag from /home/airflow/.local/lib/python3.8/site-packages/airflow/example_dags/tutorial_dag.py
[2023-11-13T08:13:59.730+0000] {processor.py:839} INFO - DAG(s) dict_keys(['tutorial_dag']) retrieved from /home/airflow/.local/lib/python3.8/site-packages/airflow/example_dags/tutorial_dag.py
[2023-11-13T08:13:59.744+0000] {logging_mixin.py:154} INFO - [2023-11-13T08:13:59.744+0000] {dag.py:2941} INFO - Sync 1 DAGs
[2023-11-13T08:13:59.754+0000] {logging_mixin.py:154} INFO - [2023-11-13T08:13:59.753+0000] {dag.py:3722} INFO - Setting next_dagrun for tutorial_dag to None, run_after=None
[2023-11-13T08:13:59.803+0000] {processor.py:179} INFO - Processing /home/airflow/.local/lib/python3.8/site-packages/airflow/example_dags/tutorial_dag.py took 0.082 seconds
[2023-11-13T08:14:32.783+0000] {processor.py:157} INFO - Started process (PID=2076) to work on /home/airflow/.local/lib/python3.8/site-packages/airflow/example_dags/tutorial_dag.py
[2023-11-13T08:14:32.819+0000] {processor.py:829} INFO - Processing file /home/airflow/.local/lib/python3.8/site-packages/airflow/example_dags/tutorial_dag.py for tasks to queue
[2023-11-13T08:14:32.820+0000] {logging_mixin.py:154} INFO - [2023-11-13T08:14:32.820+0000] {dagbag.py:536} INFO - Filling up the DagBag from /home/airflow/.local/lib/python3.8/site-packages/airflow/example_dags/tutorial_dag.py
[2023-11-13T08:14:32.824+0000] {processor.py:839} INFO - DAG(s) dict_keys(['tutorial_dag']) retrieved from /home/airflow/.local/lib/python3.8/site-packages/airflow/example_dags/tutorial_dag.py
[2023-11-13T08:14:32.839+0000] {logging_mixin.py:154} INFO - [2023-11-13T08:14:32.839+0000] {dag.py:2941} INFO - Sync 1 DAGs
[2023-11-13T08:14:32.848+0000] {logging_mixin.py:154} INFO - [2023-11-13T08:14:32.848+0000] {dag.py:3722} INFO - Setting next_dagrun for tutorial_dag to None, run_after=None
[2023-11-13T08:14:32.885+0000] {processor.py:179} INFO - Processing /home/airflow/.local/lib/python3.8/site-packages/airflow/example_dags/tutorial_dag.py took 0.105 seconds
[2023-11-13T08:15:03.568+0000] {processor.py:157} INFO - Started process (PID=2130) to work on /home/airflow/.local/lib/python3.8/site-packages/airflow/example_dags/tutorial_dag.py
[2023-11-13T08:15:03.569+0000] {processor.py:829} INFO - Processing file /home/airflow/.local/lib/python3.8/site-packages/airflow/example_dags/tutorial_dag.py for tasks to queue
[2023-11-13T08:15:03.570+0000] {logging_mixin.py:154} INFO - [2023-11-13T08:15:03.570+0000] {dagbag.py:536} INFO - Filling up the DagBag from /home/airflow/.local/lib/python3.8/site-packages/airflow/example_dags/tutorial_dag.py
[2023-11-13T08:15:03.574+0000] {processor.py:839} INFO - DAG(s) dict_keys(['tutorial_dag']) retrieved from /home/airflow/.local/lib/python3.8/site-packages/airflow/example_dags/tutorial_dag.py
[2023-11-13T08:15:03.588+0000] {logging_mixin.py:154} INFO - [2023-11-13T08:15:03.588+0000] {dag.py:2941} INFO - Sync 1 DAGs
[2023-11-13T08:15:03.597+0000] {logging_mixin.py:154} INFO - [2023-11-13T08:15:03.597+0000] {dag.py:3722} INFO - Setting next_dagrun for tutorial_dag to None, run_after=None
[2023-11-13T08:15:03.638+0000] {processor.py:179} INFO - Processing /home/airflow/.local/lib/python3.8/site-packages/airflow/example_dags/tutorial_dag.py took 0.072 seconds
[2023-11-13T08:15:35.104+0000] {processor.py:157} INFO - Started process (PID=2184) to work on /home/airflow/.local/lib/python3.8/site-packages/airflow/example_dags/tutorial_dag.py
[2023-11-13T08:15:35.104+0000] {processor.py:829} INFO - Processing file /home/airflow/.local/lib/python3.8/site-packages/airflow/example_dags/tutorial_dag.py for tasks to queue
[2023-11-13T08:15:35.106+0000] {logging_mixin.py:154} INFO - [2023-11-13T08:15:35.106+0000] {dagbag.py:536} INFO - Filling up the DagBag from /home/airflow/.local/lib/python3.8/site-packages/airflow/example_dags/tutorial_dag.py
[2023-11-13T08:15:35.110+0000] {processor.py:839} INFO - DAG(s) dict_keys(['tutorial_dag']) retrieved from /home/airflow/.local/lib/python3.8/site-packages/airflow/example_dags/tutorial_dag.py
[2023-11-13T08:15:35.124+0000] {logging_mixin.py:154} INFO - [2023-11-13T08:15:35.124+0000] {dag.py:2941} INFO - Sync 1 DAGs
[2023-11-13T08:15:35.132+0000] {logging_mixin.py:154} INFO - [2023-11-13T08:15:35.132+0000] {dag.py:3722} INFO - Setting next_dagrun for tutorial_dag to None, run_after=None
[2023-11-13T08:15:35.158+0000] {processor.py:179} INFO - Processing /home/airflow/.local/lib/python3.8/site-packages/airflow/example_dags/tutorial_dag.py took 0.056 seconds
[2023-11-13T08:16:06.735+0000] {processor.py:157} INFO - Started process (PID=2238) to work on /home/airflow/.local/lib/python3.8/site-packages/airflow/example_dags/tutorial_dag.py
[2023-11-13T08:16:06.735+0000] {processor.py:829} INFO - Processing file /home/airflow/.local/lib/python3.8/site-packages/airflow/example_dags/tutorial_dag.py for tasks to queue
[2023-11-13T08:16:06.737+0000] {logging_mixin.py:154} INFO - [2023-11-13T08:16:06.737+0000] {dagbag.py:536} INFO - Filling up the DagBag from /home/airflow/.local/lib/python3.8/site-packages/airflow/example_dags/tutorial_dag.py
[2023-11-13T08:16:06.741+0000] {processor.py:839} INFO - DAG(s) dict_keys(['tutorial_dag']) retrieved from /home/airflow/.local/lib/python3.8/site-packages/airflow/example_dags/tutorial_dag.py
[2023-11-13T08:16:06.755+0000] {logging_mixin.py:154} INFO - [2023-11-13T08:16:06.755+0000] {dag.py:2941} INFO - Sync 1 DAGs
[2023-11-13T08:16:06.764+0000] {logging_mixin.py:154} INFO - [2023-11-13T08:16:06.764+0000] {dag.py:3722} INFO - Setting next_dagrun for tutorial_dag to None, run_after=None
[2023-11-13T08:16:06.797+0000] {processor.py:179} INFO - Processing /home/airflow/.local/lib/python3.8/site-packages/airflow/example_dags/tutorial_dag.py took 0.064 seconds
[2023-11-13T08:16:37.645+0000] {processor.py:157} INFO - Started process (PID=2292) to work on /home/airflow/.local/lib/python3.8/site-packages/airflow/example_dags/tutorial_dag.py
[2023-11-13T08:16:37.649+0000] {processor.py:829} INFO - Processing file /home/airflow/.local/lib/python3.8/site-packages/airflow/example_dags/tutorial_dag.py for tasks to queue
[2023-11-13T08:16:37.651+0000] {logging_mixin.py:154} INFO - [2023-11-13T08:16:37.650+0000] {dagbag.py:536} INFO - Filling up the DagBag from /home/airflow/.local/lib/python3.8/site-packages/airflow/example_dags/tutorial_dag.py
[2023-11-13T08:16:37.654+0000] {processor.py:839} INFO - DAG(s) dict_keys(['tutorial_dag']) retrieved from /home/airflow/.local/lib/python3.8/site-packages/airflow/example_dags/tutorial_dag.py
[2023-11-13T08:16:37.669+0000] {logging_mixin.py:154} INFO - [2023-11-13T08:16:37.668+0000] {dag.py:2941} INFO - Sync 1 DAGs
[2023-11-13T08:16:37.677+0000] {logging_mixin.py:154} INFO - [2023-11-13T08:16:37.677+0000] {dag.py:3722} INFO - Setting next_dagrun for tutorial_dag to None, run_after=None
[2023-11-13T08:16:37.711+0000] {processor.py:179} INFO - Processing /home/airflow/.local/lib/python3.8/site-packages/airflow/example_dags/tutorial_dag.py took 0.068 seconds
[2023-11-13T08:17:08.335+0000] {processor.py:157} INFO - Started process (PID=2346) to work on /home/airflow/.local/lib/python3.8/site-packages/airflow/example_dags/tutorial_dag.py
[2023-11-13T08:17:08.335+0000] {processor.py:829} INFO - Processing file /home/airflow/.local/lib/python3.8/site-packages/airflow/example_dags/tutorial_dag.py for tasks to queue
[2023-11-13T08:17:08.337+0000] {logging_mixin.py:154} INFO - [2023-11-13T08:17:08.337+0000] {dagbag.py:536} INFO - Filling up the DagBag from /home/airflow/.local/lib/python3.8/site-packages/airflow/example_dags/tutorial_dag.py
[2023-11-13T08:17:08.341+0000] {processor.py:839} INFO - DAG(s) dict_keys(['tutorial_dag']) retrieved from /home/airflow/.local/lib/python3.8/site-packages/airflow/example_dags/tutorial_dag.py
[2023-11-13T08:17:08.355+0000] {logging_mixin.py:154} INFO - [2023-11-13T08:17:08.355+0000] {dag.py:2941} INFO - Sync 1 DAGs
[2023-11-13T08:17:08.364+0000] {logging_mixin.py:154} INFO - [2023-11-13T08:17:08.364+0000] {dag.py:3722} INFO - Setting next_dagrun for tutorial_dag to None, run_after=None
[2023-11-13T08:17:08.397+0000] {processor.py:179} INFO - Processing /home/airflow/.local/lib/python3.8/site-packages/airflow/example_dags/tutorial_dag.py took 0.065 seconds
[2023-11-13T08:17:39.980+0000] {processor.py:157} INFO - Started process (PID=2400) to work on /home/airflow/.local/lib/python3.8/site-packages/airflow/example_dags/tutorial_dag.py
[2023-11-13T08:17:39.992+0000] {processor.py:829} INFO - Processing file /home/airflow/.local/lib/python3.8/site-packages/airflow/example_dags/tutorial_dag.py for tasks to queue
[2023-11-13T08:17:39.993+0000] {logging_mixin.py:154} INFO - [2023-11-13T08:17:39.993+0000] {dagbag.py:536} INFO - Filling up the DagBag from /home/airflow/.local/lib/python3.8/site-packages/airflow/example_dags/tutorial_dag.py
[2023-11-13T08:17:39.997+0000] {processor.py:839} INFO - DAG(s) dict_keys(['tutorial_dag']) retrieved from /home/airflow/.local/lib/python3.8/site-packages/airflow/example_dags/tutorial_dag.py
[2023-11-13T08:17:40.011+0000] {logging_mixin.py:154} INFO - [2023-11-13T08:17:40.011+0000] {dag.py:2941} INFO - Sync 1 DAGs
[2023-11-13T08:17:40.020+0000] {logging_mixin.py:154} INFO - [2023-11-13T08:17:40.020+0000] {dag.py:3722} INFO - Setting next_dagrun for tutorial_dag to None, run_after=None
[2023-11-13T08:17:40.053+0000] {processor.py:179} INFO - Processing /home/airflow/.local/lib/python3.8/site-packages/airflow/example_dags/tutorial_dag.py took 0.075 seconds
[2023-11-13T08:18:11.282+0000] {processor.py:157} INFO - Started process (PID=2454) to work on /home/airflow/.local/lib/python3.8/site-packages/airflow/example_dags/tutorial_dag.py
[2023-11-13T08:18:11.283+0000] {processor.py:829} INFO - Processing file /home/airflow/.local/lib/python3.8/site-packages/airflow/example_dags/tutorial_dag.py for tasks to queue
[2023-11-13T08:18:11.284+0000] {logging_mixin.py:154} INFO - [2023-11-13T08:18:11.284+0000] {dagbag.py:536} INFO - Filling up the DagBag from /home/airflow/.local/lib/python3.8/site-packages/airflow/example_dags/tutorial_dag.py
[2023-11-13T08:18:11.288+0000] {processor.py:839} INFO - DAG(s) dict_keys(['tutorial_dag']) retrieved from /home/airflow/.local/lib/python3.8/site-packages/airflow/example_dags/tutorial_dag.py
[2023-11-13T08:18:11.302+0000] {logging_mixin.py:154} INFO - [2023-11-13T08:18:11.302+0000] {dag.py:2941} INFO - Sync 1 DAGs
[2023-11-13T08:18:11.311+0000] {logging_mixin.py:154} INFO - [2023-11-13T08:18:11.311+0000] {dag.py:3722} INFO - Setting next_dagrun for tutorial_dag to None, run_after=None
[2023-11-13T08:18:11.342+0000] {processor.py:179} INFO - Processing /home/airflow/.local/lib/python3.8/site-packages/airflow/example_dags/tutorial_dag.py took 0.063 seconds
[2023-11-13T08:18:43.303+0000] {processor.py:157} INFO - Started process (PID=2508) to work on /home/airflow/.local/lib/python3.8/site-packages/airflow/example_dags/tutorial_dag.py
[2023-11-13T08:18:43.440+0000] {processor.py:829} INFO - Processing file /home/airflow/.local/lib/python3.8/site-packages/airflow/example_dags/tutorial_dag.py for tasks to queue
[2023-11-13T08:18:43.442+0000] {logging_mixin.py:154} INFO - [2023-11-13T08:18:43.442+0000] {dagbag.py:536} INFO - Filling up the DagBag from /home/airflow/.local/lib/python3.8/site-packages/airflow/example_dags/tutorial_dag.py
[2023-11-13T08:18:43.446+0000] {processor.py:839} INFO - DAG(s) dict_keys(['tutorial_dag']) retrieved from /home/airflow/.local/lib/python3.8/site-packages/airflow/example_dags/tutorial_dag.py
[2023-11-13T08:18:43.460+0000] {logging_mixin.py:154} INFO - [2023-11-13T08:18:43.460+0000] {dag.py:2941} INFO - Sync 1 DAGs
[2023-11-13T08:18:43.468+0000] {logging_mixin.py:154} INFO - [2023-11-13T08:18:43.468+0000] {dag.py:3722} INFO - Setting next_dagrun for tutorial_dag to None, run_after=None
[2023-11-13T08:18:43.758+0000] {processor.py:179} INFO - Processing /home/airflow/.local/lib/python3.8/site-packages/airflow/example_dags/tutorial_dag.py took 0.457 seconds
[2023-11-13T08:19:13.854+0000] {processor.py:157} INFO - Started process (PID=2562) to work on /home/airflow/.local/lib/python3.8/site-packages/airflow/example_dags/tutorial_dag.py
[2023-11-13T08:19:13.859+0000] {processor.py:829} INFO - Processing file /home/airflow/.local/lib/python3.8/site-packages/airflow/example_dags/tutorial_dag.py for tasks to queue
[2023-11-13T08:19:13.861+0000] {logging_mixin.py:154} INFO - [2023-11-13T08:19:13.861+0000] {dagbag.py:536} INFO - Filling up the DagBag from /home/airflow/.local/lib/python3.8/site-packages/airflow/example_dags/tutorial_dag.py
[2023-11-13T08:19:13.865+0000] {processor.py:839} INFO - DAG(s) dict_keys(['tutorial_dag']) retrieved from /home/airflow/.local/lib/python3.8/site-packages/airflow/example_dags/tutorial_dag.py
[2023-11-13T08:19:13.879+0000] {logging_mixin.py:154} INFO - [2023-11-13T08:19:13.879+0000] {dag.py:2941} INFO - Sync 1 DAGs
[2023-11-13T08:19:13.888+0000] {logging_mixin.py:154} INFO - [2023-11-13T08:19:13.888+0000] {dag.py:3722} INFO - Setting next_dagrun for tutorial_dag to None, run_after=None
[2023-11-13T08:19:13.916+0000] {processor.py:179} INFO - Processing /home/airflow/.local/lib/python3.8/site-packages/airflow/example_dags/tutorial_dag.py took 0.064 seconds
[2023-11-13T08:19:44.070+0000] {processor.py:157} INFO - Started process (PID=2616) to work on /home/airflow/.local/lib/python3.8/site-packages/airflow/example_dags/tutorial_dag.py
[2023-11-13T08:19:44.071+0000] {processor.py:829} INFO - Processing file /home/airflow/.local/lib/python3.8/site-packages/airflow/example_dags/tutorial_dag.py for tasks to queue
[2023-11-13T08:19:44.072+0000] {logging_mixin.py:154} INFO - [2023-11-13T08:19:44.072+0000] {dagbag.py:536} INFO - Filling up the DagBag from /home/airflow/.local/lib/python3.8/site-packages/airflow/example_dags/tutorial_dag.py
[2023-11-13T08:19:44.076+0000] {processor.py:839} INFO - DAG(s) dict_keys(['tutorial_dag']) retrieved from /home/airflow/.local/lib/python3.8/site-packages/airflow/example_dags/tutorial_dag.py
[2023-11-13T08:19:44.090+0000] {logging_mixin.py:154} INFO - [2023-11-13T08:19:44.090+0000] {dag.py:2941} INFO - Sync 1 DAGs
[2023-11-13T08:19:44.099+0000] {logging_mixin.py:154} INFO - [2023-11-13T08:19:44.099+0000] {dag.py:3722} INFO - Setting next_dagrun for tutorial_dag to None, run_after=None
[2023-11-13T08:19:44.132+0000] {processor.py:179} INFO - Processing /home/airflow/.local/lib/python3.8/site-packages/airflow/example_dags/tutorial_dag.py took 0.064 seconds
[2023-11-13T08:20:15.130+0000] {processor.py:157} INFO - Started process (PID=2670) to work on /home/airflow/.local/lib/python3.8/site-packages/airflow/example_dags/tutorial_dag.py
[2023-11-13T08:20:15.130+0000] {processor.py:829} INFO - Processing file /home/airflow/.local/lib/python3.8/site-packages/airflow/example_dags/tutorial_dag.py for tasks to queue
[2023-11-13T08:20:15.132+0000] {logging_mixin.py:154} INFO - [2023-11-13T08:20:15.132+0000] {dagbag.py:536} INFO - Filling up the DagBag from /home/airflow/.local/lib/python3.8/site-packages/airflow/example_dags/tutorial_dag.py
[2023-11-13T08:20:15.136+0000] {processor.py:839} INFO - DAG(s) dict_keys(['tutorial_dag']) retrieved from /home/airflow/.local/lib/python3.8/site-packages/airflow/example_dags/tutorial_dag.py
[2023-11-13T08:20:15.150+0000] {logging_mixin.py:154} INFO - [2023-11-13T08:20:15.150+0000] {dag.py:2941} INFO - Sync 1 DAGs
[2023-11-13T08:20:15.158+0000] {logging_mixin.py:154} INFO - [2023-11-13T08:20:15.158+0000] {dag.py:3722} INFO - Setting next_dagrun for tutorial_dag to None, run_after=None
[2023-11-13T08:20:15.180+0000] {processor.py:179} INFO - Processing /home/airflow/.local/lib/python3.8/site-packages/airflow/example_dags/tutorial_dag.py took 0.053 seconds
[2023-11-13T08:20:46.619+0000] {processor.py:157} INFO - Started process (PID=2724) to work on /home/airflow/.local/lib/python3.8/site-packages/airflow/example_dags/tutorial_dag.py
[2023-11-13T08:20:46.624+0000] {processor.py:829} INFO - Processing file /home/airflow/.local/lib/python3.8/site-packages/airflow/example_dags/tutorial_dag.py for tasks to queue
[2023-11-13T08:20:46.626+0000] {logging_mixin.py:154} INFO - [2023-11-13T08:20:46.625+0000] {dagbag.py:536} INFO - Filling up the DagBag from /home/airflow/.local/lib/python3.8/site-packages/airflow/example_dags/tutorial_dag.py
[2023-11-13T08:20:46.629+0000] {processor.py:839} INFO - DAG(s) dict_keys(['tutorial_dag']) retrieved from /home/airflow/.local/lib/python3.8/site-packages/airflow/example_dags/tutorial_dag.py
[2023-11-13T08:20:46.644+0000] {logging_mixin.py:154} INFO - [2023-11-13T08:20:46.644+0000] {dag.py:2941} INFO - Sync 1 DAGs
[2023-11-13T08:20:46.653+0000] {logging_mixin.py:154} INFO - [2023-11-13T08:20:46.652+0000] {dag.py:3722} INFO - Setting next_dagrun for tutorial_dag to None, run_after=None
[2023-11-13T08:20:46.680+0000] {processor.py:179} INFO - Processing /home/airflow/.local/lib/python3.8/site-packages/airflow/example_dags/tutorial_dag.py took 0.064 seconds
[2023-11-13T08:21:18.452+0000] {processor.py:157} INFO - Started process (PID=2778) to work on /home/airflow/.local/lib/python3.8/site-packages/airflow/example_dags/tutorial_dag.py
[2023-11-13T08:21:18.453+0000] {processor.py:829} INFO - Processing file /home/airflow/.local/lib/python3.8/site-packages/airflow/example_dags/tutorial_dag.py for tasks to queue
[2023-11-13T08:21:18.455+0000] {logging_mixin.py:154} INFO - [2023-11-13T08:21:18.455+0000] {dagbag.py:536} INFO - Filling up the DagBag from /home/airflow/.local/lib/python3.8/site-packages/airflow/example_dags/tutorial_dag.py
[2023-11-13T08:21:18.459+0000] {processor.py:839} INFO - DAG(s) dict_keys(['tutorial_dag']) retrieved from /home/airflow/.local/lib/python3.8/site-packages/airflow/example_dags/tutorial_dag.py
[2023-11-13T08:21:18.472+0000] {logging_mixin.py:154} INFO - [2023-11-13T08:21:18.472+0000] {dag.py:2941} INFO - Sync 1 DAGs
[2023-11-13T08:21:18.481+0000] {logging_mixin.py:154} INFO - [2023-11-13T08:21:18.481+0000] {dag.py:3722} INFO - Setting next_dagrun for tutorial_dag to None, run_after=None
[2023-11-13T08:21:18.514+0000] {processor.py:179} INFO - Processing /home/airflow/.local/lib/python3.8/site-packages/airflow/example_dags/tutorial_dag.py took 0.064 seconds
[2023-11-13T08:21:50.047+0000] {processor.py:157} INFO - Started process (PID=2832) to work on /home/airflow/.local/lib/python3.8/site-packages/airflow/example_dags/tutorial_dag.py
[2023-11-13T08:21:50.048+0000] {processor.py:829} INFO - Processing file /home/airflow/.local/lib/python3.8/site-packages/airflow/example_dags/tutorial_dag.py for tasks to queue
[2023-11-13T08:21:50.050+0000] {logging_mixin.py:154} INFO - [2023-11-13T08:21:50.049+0000] {dagbag.py:536} INFO - Filling up the DagBag from /home/airflow/.local/lib/python3.8/site-packages/airflow/example_dags/tutorial_dag.py
[2023-11-13T08:21:50.053+0000] {processor.py:839} INFO - DAG(s) dict_keys(['tutorial_dag']) retrieved from /home/airflow/.local/lib/python3.8/site-packages/airflow/example_dags/tutorial_dag.py
[2023-11-13T08:21:50.067+0000] {logging_mixin.py:154} INFO - [2023-11-13T08:21:50.067+0000] {dag.py:2941} INFO - Sync 1 DAGs
[2023-11-13T08:21:50.076+0000] {logging_mixin.py:154} INFO - [2023-11-13T08:21:50.076+0000] {dag.py:3722} INFO - Setting next_dagrun for tutorial_dag to None, run_after=None
[2023-11-13T08:21:50.115+0000] {processor.py:179} INFO - Processing /home/airflow/.local/lib/python3.8/site-packages/airflow/example_dags/tutorial_dag.py took 0.069 seconds
[2023-11-13T08:22:22.476+0000] {processor.py:157} INFO - Started process (PID=2893) to work on /home/airflow/.local/lib/python3.8/site-packages/airflow/example_dags/tutorial_dag.py
[2023-11-13T08:22:22.482+0000] {processor.py:829} INFO - Processing file /home/airflow/.local/lib/python3.8/site-packages/airflow/example_dags/tutorial_dag.py for tasks to queue
[2023-11-13T08:22:22.484+0000] {logging_mixin.py:154} INFO - [2023-11-13T08:22:22.484+0000] {dagbag.py:536} INFO - Filling up the DagBag from /home/airflow/.local/lib/python3.8/site-packages/airflow/example_dags/tutorial_dag.py
[2023-11-13T08:22:22.488+0000] {processor.py:839} INFO - DAG(s) dict_keys(['tutorial_dag']) retrieved from /home/airflow/.local/lib/python3.8/site-packages/airflow/example_dags/tutorial_dag.py
[2023-11-13T08:22:22.502+0000] {logging_mixin.py:154} INFO - [2023-11-13T08:22:22.502+0000] {dag.py:2941} INFO - Sync 1 DAGs
[2023-11-13T08:22:22.511+0000] {logging_mixin.py:154} INFO - [2023-11-13T08:22:22.510+0000] {dag.py:3722} INFO - Setting next_dagrun for tutorial_dag to None, run_after=None
[2023-11-13T08:22:22.574+0000] {processor.py:179} INFO - Processing /home/airflow/.local/lib/python3.8/site-packages/airflow/example_dags/tutorial_dag.py took 0.100 seconds
[2023-11-13T08:22:54.698+0000] {processor.py:157} INFO - Started process (PID=2947) to work on /home/airflow/.local/lib/python3.8/site-packages/airflow/example_dags/tutorial_dag.py
[2023-11-13T08:22:54.699+0000] {processor.py:829} INFO - Processing file /home/airflow/.local/lib/python3.8/site-packages/airflow/example_dags/tutorial_dag.py for tasks to queue
[2023-11-13T08:22:54.700+0000] {logging_mixin.py:154} INFO - [2023-11-13T08:22:54.700+0000] {dagbag.py:536} INFO - Filling up the DagBag from /home/airflow/.local/lib/python3.8/site-packages/airflow/example_dags/tutorial_dag.py
[2023-11-13T08:22:54.703+0000] {processor.py:839} INFO - DAG(s) dict_keys(['tutorial_dag']) retrieved from /home/airflow/.local/lib/python3.8/site-packages/airflow/example_dags/tutorial_dag.py
[2023-11-13T08:22:54.717+0000] {logging_mixin.py:154} INFO - [2023-11-13T08:22:54.717+0000] {dag.py:2941} INFO - Sync 1 DAGs
[2023-11-13T08:22:54.726+0000] {logging_mixin.py:154} INFO - [2023-11-13T08:22:54.726+0000] {dag.py:3722} INFO - Setting next_dagrun for tutorial_dag to None, run_after=None
[2023-11-13T08:22:54.756+0000] {processor.py:179} INFO - Processing /home/airflow/.local/lib/python3.8/site-packages/airflow/example_dags/tutorial_dag.py took 0.060 seconds
[2023-11-13T08:23:25.838+0000] {processor.py:157} INFO - Started process (PID=3001) to work on /home/airflow/.local/lib/python3.8/site-packages/airflow/example_dags/tutorial_dag.py
[2023-11-13T08:23:25.859+0000] {processor.py:829} INFO - Processing file /home/airflow/.local/lib/python3.8/site-packages/airflow/example_dags/tutorial_dag.py for tasks to queue
[2023-11-13T08:23:25.860+0000] {logging_mixin.py:154} INFO - [2023-11-13T08:23:25.860+0000] {dagbag.py:536} INFO - Filling up the DagBag from /home/airflow/.local/lib/python3.8/site-packages/airflow/example_dags/tutorial_dag.py
[2023-11-13T08:23:25.864+0000] {processor.py:839} INFO - DAG(s) dict_keys(['tutorial_dag']) retrieved from /home/airflow/.local/lib/python3.8/site-packages/airflow/example_dags/tutorial_dag.py
[2023-11-13T08:23:25.878+0000] {logging_mixin.py:154} INFO - [2023-11-13T08:23:25.878+0000] {dag.py:2941} INFO - Sync 1 DAGs
[2023-11-13T08:23:25.887+0000] {logging_mixin.py:154} INFO - [2023-11-13T08:23:25.886+0000] {dag.py:3722} INFO - Setting next_dagrun for tutorial_dag to None, run_after=None
[2023-11-13T08:23:25.922+0000] {processor.py:179} INFO - Processing /home/airflow/.local/lib/python3.8/site-packages/airflow/example_dags/tutorial_dag.py took 0.087 seconds
[2023-11-13T08:23:56.832+0000] {processor.py:157} INFO - Started process (PID=3055) to work on /home/airflow/.local/lib/python3.8/site-packages/airflow/example_dags/tutorial_dag.py
[2023-11-13T08:23:56.833+0000] {processor.py:829} INFO - Processing file /home/airflow/.local/lib/python3.8/site-packages/airflow/example_dags/tutorial_dag.py for tasks to queue
[2023-11-13T08:23:56.834+0000] {logging_mixin.py:154} INFO - [2023-11-13T08:23:56.834+0000] {dagbag.py:536} INFO - Filling up the DagBag from /home/airflow/.local/lib/python3.8/site-packages/airflow/example_dags/tutorial_dag.py
[2023-11-13T08:23:56.839+0000] {processor.py:839} INFO - DAG(s) dict_keys(['tutorial_dag']) retrieved from /home/airflow/.local/lib/python3.8/site-packages/airflow/example_dags/tutorial_dag.py
[2023-11-13T08:23:56.854+0000] {logging_mixin.py:154} INFO - [2023-11-13T08:23:56.854+0000] {dag.py:2941} INFO - Sync 1 DAGs
[2023-11-13T08:23:56.864+0000] {logging_mixin.py:154} INFO - [2023-11-13T08:23:56.864+0000] {dag.py:3722} INFO - Setting next_dagrun for tutorial_dag to None, run_after=None
[2023-11-13T08:23:57.332+0000] {processor.py:179} INFO - Processing /home/airflow/.local/lib/python3.8/site-packages/airflow/example_dags/tutorial_dag.py took 0.502 seconds
[2023-11-13T08:24:28.173+0000] {processor.py:157} INFO - Started process (PID=3109) to work on /home/airflow/.local/lib/python3.8/site-packages/airflow/example_dags/tutorial_dag.py
[2023-11-13T08:24:28.174+0000] {processor.py:829} INFO - Processing file /home/airflow/.local/lib/python3.8/site-packages/airflow/example_dags/tutorial_dag.py for tasks to queue
[2023-11-13T08:24:28.178+0000] {logging_mixin.py:154} INFO - [2023-11-13T08:24:28.177+0000] {dagbag.py:536} INFO - Filling up the DagBag from /home/airflow/.local/lib/python3.8/site-packages/airflow/example_dags/tutorial_dag.py
[2023-11-13T08:24:28.184+0000] {processor.py:839} INFO - DAG(s) dict_keys(['tutorial_dag']) retrieved from /home/airflow/.local/lib/python3.8/site-packages/airflow/example_dags/tutorial_dag.py
[2023-11-13T08:24:28.204+0000] {logging_mixin.py:154} INFO - [2023-11-13T08:24:28.204+0000] {dag.py:2941} INFO - Sync 1 DAGs
[2023-11-13T08:24:28.214+0000] {logging_mixin.py:154} INFO - [2023-11-13T08:24:28.214+0000] {dag.py:3722} INFO - Setting next_dagrun for tutorial_dag to None, run_after=None
[2023-11-13T08:24:28.253+0000] {processor.py:179} INFO - Processing /home/airflow/.local/lib/python3.8/site-packages/airflow/example_dags/tutorial_dag.py took 0.086 seconds
[2023-11-13T08:24:58.427+0000] {processor.py:157} INFO - Started process (PID=3163) to work on /home/airflow/.local/lib/python3.8/site-packages/airflow/example_dags/tutorial_dag.py
[2023-11-13T08:24:58.427+0000] {processor.py:829} INFO - Processing file /home/airflow/.local/lib/python3.8/site-packages/airflow/example_dags/tutorial_dag.py for tasks to queue
[2023-11-13T08:24:58.429+0000] {logging_mixin.py:154} INFO - [2023-11-13T08:24:58.428+0000] {dagbag.py:536} INFO - Filling up the DagBag from /home/airflow/.local/lib/python3.8/site-packages/airflow/example_dags/tutorial_dag.py
[2023-11-13T08:24:58.432+0000] {processor.py:839} INFO - DAG(s) dict_keys(['tutorial_dag']) retrieved from /home/airflow/.local/lib/python3.8/site-packages/airflow/example_dags/tutorial_dag.py
[2023-11-13T08:24:58.449+0000] {logging_mixin.py:154} INFO - [2023-11-13T08:24:58.449+0000] {dag.py:2941} INFO - Sync 1 DAGs
[2023-11-13T08:24:58.459+0000] {logging_mixin.py:154} INFO - [2023-11-13T08:24:58.459+0000] {dag.py:3722} INFO - Setting next_dagrun for tutorial_dag to None, run_after=None
[2023-11-13T08:24:58.728+0000] {processor.py:179} INFO - Processing /home/airflow/.local/lib/python3.8/site-packages/airflow/example_dags/tutorial_dag.py took 0.304 seconds
[2023-11-13T08:25:29.197+0000] {processor.py:157} INFO - Started process (PID=3217) to work on /home/airflow/.local/lib/python3.8/site-packages/airflow/example_dags/tutorial_dag.py
[2023-11-13T08:25:29.214+0000] {processor.py:829} INFO - Processing file /home/airflow/.local/lib/python3.8/site-packages/airflow/example_dags/tutorial_dag.py for tasks to queue
[2023-11-13T08:25:29.215+0000] {logging_mixin.py:154} INFO - [2023-11-13T08:25:29.215+0000] {dagbag.py:536} INFO - Filling up the DagBag from /home/airflow/.local/lib/python3.8/site-packages/airflow/example_dags/tutorial_dag.py
[2023-11-13T08:25:29.219+0000] {processor.py:839} INFO - DAG(s) dict_keys(['tutorial_dag']) retrieved from /home/airflow/.local/lib/python3.8/site-packages/airflow/example_dags/tutorial_dag.py
[2023-11-13T08:25:29.233+0000] {logging_mixin.py:154} INFO - [2023-11-13T08:25:29.233+0000] {dag.py:2941} INFO - Sync 1 DAGs
[2023-11-13T08:25:29.242+0000] {logging_mixin.py:154} INFO - [2023-11-13T08:25:29.242+0000] {dag.py:3722} INFO - Setting next_dagrun for tutorial_dag to None, run_after=None
[2023-11-13T08:25:29.269+0000] {processor.py:179} INFO - Processing /home/airflow/.local/lib/python3.8/site-packages/airflow/example_dags/tutorial_dag.py took 0.075 seconds
[2023-11-13T08:25:59.971+0000] {processor.py:157} INFO - Started process (PID=3271) to work on /home/airflow/.local/lib/python3.8/site-packages/airflow/example_dags/tutorial_dag.py
[2023-11-13T08:25:59.971+0000] {processor.py:829} INFO - Processing file /home/airflow/.local/lib/python3.8/site-packages/airflow/example_dags/tutorial_dag.py for tasks to queue
[2023-11-13T08:25:59.973+0000] {logging_mixin.py:154} INFO - [2023-11-13T08:25:59.973+0000] {dagbag.py:536} INFO - Filling up the DagBag from /home/airflow/.local/lib/python3.8/site-packages/airflow/example_dags/tutorial_dag.py
[2023-11-13T08:25:59.977+0000] {processor.py:839} INFO - DAG(s) dict_keys(['tutorial_dag']) retrieved from /home/airflow/.local/lib/python3.8/site-packages/airflow/example_dags/tutorial_dag.py
[2023-11-13T08:25:59.991+0000] {logging_mixin.py:154} INFO - [2023-11-13T08:25:59.991+0000] {dag.py:2941} INFO - Sync 1 DAGs
[2023-11-13T08:26:00.000+0000] {logging_mixin.py:154} INFO - [2023-11-13T08:26:00.000+0000] {dag.py:3722} INFO - Setting next_dagrun for tutorial_dag to None, run_after=None
[2023-11-13T08:26:00.054+0000] {processor.py:179} INFO - Processing /home/airflow/.local/lib/python3.8/site-packages/airflow/example_dags/tutorial_dag.py took 0.085 seconds
[2023-11-13T08:26:31.704+0000] {processor.py:157} INFO - Started process (PID=3325) to work on /home/airflow/.local/lib/python3.8/site-packages/airflow/example_dags/tutorial_dag.py
[2023-11-13T08:26:31.743+0000] {processor.py:829} INFO - Processing file /home/airflow/.local/lib/python3.8/site-packages/airflow/example_dags/tutorial_dag.py for tasks to queue
[2023-11-13T08:26:31.745+0000] {logging_mixin.py:154} INFO - [2023-11-13T08:26:31.744+0000] {dagbag.py:536} INFO - Filling up the DagBag from /home/airflow/.local/lib/python3.8/site-packages/airflow/example_dags/tutorial_dag.py
[2023-11-13T08:26:31.748+0000] {processor.py:839} INFO - DAG(s) dict_keys(['tutorial_dag']) retrieved from /home/airflow/.local/lib/python3.8/site-packages/airflow/example_dags/tutorial_dag.py
[2023-11-13T08:26:31.764+0000] {logging_mixin.py:154} INFO - [2023-11-13T08:26:31.764+0000] {dag.py:2941} INFO - Sync 1 DAGs
[2023-11-13T08:26:31.774+0000] {logging_mixin.py:154} INFO - [2023-11-13T08:26:31.774+0000] {dag.py:3722} INFO - Setting next_dagrun for tutorial_dag to None, run_after=None
[2023-11-13T08:26:31.845+0000] {processor.py:179} INFO - Processing /home/airflow/.local/lib/python3.8/site-packages/airflow/example_dags/tutorial_dag.py took 0.144 seconds
[2023-11-13T08:27:01.937+0000] {processor.py:157} INFO - Started process (PID=3379) to work on /home/airflow/.local/lib/python3.8/site-packages/airflow/example_dags/tutorial_dag.py
[2023-11-13T08:27:01.938+0000] {processor.py:829} INFO - Processing file /home/airflow/.local/lib/python3.8/site-packages/airflow/example_dags/tutorial_dag.py for tasks to queue
[2023-11-13T08:27:01.940+0000] {logging_mixin.py:154} INFO - [2023-11-13T08:27:01.939+0000] {dagbag.py:536} INFO - Filling up the DagBag from /home/airflow/.local/lib/python3.8/site-packages/airflow/example_dags/tutorial_dag.py
[2023-11-13T08:27:01.943+0000] {processor.py:839} INFO - DAG(s) dict_keys(['tutorial_dag']) retrieved from /home/airflow/.local/lib/python3.8/site-packages/airflow/example_dags/tutorial_dag.py
[2023-11-13T08:27:01.960+0000] {logging_mixin.py:154} INFO - [2023-11-13T08:27:01.960+0000] {dag.py:2941} INFO - Sync 1 DAGs
[2023-11-13T08:27:01.970+0000] {logging_mixin.py:154} INFO - [2023-11-13T08:27:01.970+0000] {dag.py:3722} INFO - Setting next_dagrun for tutorial_dag to None, run_after=None
[2023-11-13T08:27:01.995+0000] {processor.py:179} INFO - Processing /home/airflow/.local/lib/python3.8/site-packages/airflow/example_dags/tutorial_dag.py took 0.060 seconds
[2023-11-13T08:27:32.228+0000] {processor.py:157} INFO - Started process (PID=3433) to work on /home/airflow/.local/lib/python3.8/site-packages/airflow/example_dags/tutorial_dag.py
[2023-11-13T08:27:32.238+0000] {processor.py:829} INFO - Processing file /home/airflow/.local/lib/python3.8/site-packages/airflow/example_dags/tutorial_dag.py for tasks to queue
[2023-11-13T08:27:32.240+0000] {logging_mixin.py:154} INFO - [2023-11-13T08:27:32.239+0000] {dagbag.py:536} INFO - Filling up the DagBag from /home/airflow/.local/lib/python3.8/site-packages/airflow/example_dags/tutorial_dag.py
[2023-11-13T08:27:32.244+0000] {processor.py:839} INFO - DAG(s) dict_keys(['tutorial_dag']) retrieved from /home/airflow/.local/lib/python3.8/site-packages/airflow/example_dags/tutorial_dag.py
[2023-11-13T08:27:32.259+0000] {logging_mixin.py:154} INFO - [2023-11-13T08:27:32.259+0000] {dag.py:2941} INFO - Sync 1 DAGs
[2023-11-13T08:27:32.268+0000] {logging_mixin.py:154} INFO - [2023-11-13T08:27:32.268+0000] {dag.py:3722} INFO - Setting next_dagrun for tutorial_dag to None, run_after=None
[2023-11-13T08:27:32.296+0000] {processor.py:179} INFO - Processing /home/airflow/.local/lib/python3.8/site-packages/airflow/example_dags/tutorial_dag.py took 0.070 seconds
[2023-11-13T08:28:04.639+0000] {processor.py:157} INFO - Started process (PID=3487) to work on /home/airflow/.local/lib/python3.8/site-packages/airflow/example_dags/tutorial_dag.py
[2023-11-13T08:28:04.639+0000] {processor.py:829} INFO - Processing file /home/airflow/.local/lib/python3.8/site-packages/airflow/example_dags/tutorial_dag.py for tasks to queue
[2023-11-13T08:28:04.641+0000] {logging_mixin.py:154} INFO - [2023-11-13T08:28:04.641+0000] {dagbag.py:536} INFO - Filling up the DagBag from /home/airflow/.local/lib/python3.8/site-packages/airflow/example_dags/tutorial_dag.py
[2023-11-13T08:28:04.645+0000] {processor.py:839} INFO - DAG(s) dict_keys(['tutorial_dag']) retrieved from /home/airflow/.local/lib/python3.8/site-packages/airflow/example_dags/tutorial_dag.py
[2023-11-13T08:28:04.664+0000] {logging_mixin.py:154} INFO - [2023-11-13T08:28:04.663+0000] {dag.py:2941} INFO - Sync 1 DAGs
[2023-11-13T08:28:04.673+0000] {logging_mixin.py:154} INFO - [2023-11-13T08:28:04.673+0000] {dag.py:3722} INFO - Setting next_dagrun for tutorial_dag to None, run_after=None
[2023-11-13T08:28:04.717+0000] {processor.py:179} INFO - Processing /home/airflow/.local/lib/python3.8/site-packages/airflow/example_dags/tutorial_dag.py took 0.081 seconds
[2023-11-13T08:45:35.867+0000] {processor.py:157} INFO - Started process (PID=70) to work on /home/airflow/.local/lib/python3.8/site-packages/airflow/example_dags/tutorial_dag.py
[2023-11-13T08:45:35.886+0000] {processor.py:829} INFO - Processing file /home/airflow/.local/lib/python3.8/site-packages/airflow/example_dags/tutorial_dag.py for tasks to queue
[2023-11-13T08:45:35.889+0000] {logging_mixin.py:154} INFO - [2023-11-13T08:45:35.889+0000] {dagbag.py:536} INFO - Filling up the DagBag from /home/airflow/.local/lib/python3.8/site-packages/airflow/example_dags/tutorial_dag.py
[2023-11-13T08:45:35.894+0000] {processor.py:839} INFO - DAG(s) dict_keys(['tutorial_dag']) retrieved from /home/airflow/.local/lib/python3.8/site-packages/airflow/example_dags/tutorial_dag.py
[2023-11-13T08:45:36.042+0000] {logging_mixin.py:154} INFO - [2023-11-13T08:45:36.042+0000] {manager.py:499} INFO - Created Permission View: %s
[2023-11-13T08:45:36.077+0000] {logging_mixin.py:154} INFO - [2023-11-13T08:45:36.077+0000] {manager.py:499} INFO - Created Permission View: %s
[2023-11-13T08:45:36.111+0000] {logging_mixin.py:154} INFO - [2023-11-13T08:45:36.111+0000] {manager.py:499} INFO - Created Permission View: %s
[2023-11-13T08:45:36.111+0000] {logging_mixin.py:154} INFO - [2023-11-13T08:45:36.111+0000] {dag.py:2941} INFO - Sync 1 DAGs
[2023-11-13T08:45:36.121+0000] {logging_mixin.py:154} INFO - [2023-11-13T08:45:36.121+0000] {dag.py:2963} INFO - Creating ORM DAG for tutorial_dag
[2023-11-13T08:45:36.122+0000] {logging_mixin.py:154} INFO - [2023-11-13T08:45:36.122+0000] {dag.py:3722} INFO - Setting next_dagrun for tutorial_dag to None, run_after=None
[2023-11-13T08:45:36.183+0000] {processor.py:179} INFO - Processing /home/airflow/.local/lib/python3.8/site-packages/airflow/example_dags/tutorial_dag.py took 0.319 seconds
[2023-11-13T08:46:07.605+0000] {processor.py:157} INFO - Started process (PID=124) to work on /home/airflow/.local/lib/python3.8/site-packages/airflow/example_dags/tutorial_dag.py
[2023-11-13T08:46:07.606+0000] {processor.py:829} INFO - Processing file /home/airflow/.local/lib/python3.8/site-packages/airflow/example_dags/tutorial_dag.py for tasks to queue
[2023-11-13T08:46:07.607+0000] {logging_mixin.py:154} INFO - [2023-11-13T08:46:07.607+0000] {dagbag.py:536} INFO - Filling up the DagBag from /home/airflow/.local/lib/python3.8/site-packages/airflow/example_dags/tutorial_dag.py
[2023-11-13T08:46:07.611+0000] {processor.py:839} INFO - DAG(s) dict_keys(['tutorial_dag']) retrieved from /home/airflow/.local/lib/python3.8/site-packages/airflow/example_dags/tutorial_dag.py
[2023-11-13T08:46:07.630+0000] {logging_mixin.py:154} INFO - [2023-11-13T08:46:07.630+0000] {dag.py:2941} INFO - Sync 1 DAGs
[2023-11-13T08:46:07.642+0000] {logging_mixin.py:154} INFO - [2023-11-13T08:46:07.642+0000] {dag.py:3722} INFO - Setting next_dagrun for tutorial_dag to None, run_after=None
[2023-11-13T08:46:07.678+0000] {processor.py:179} INFO - Processing /home/airflow/.local/lib/python3.8/site-packages/airflow/example_dags/tutorial_dag.py took 0.075 seconds
[2023-11-13T08:46:38.682+0000] {processor.py:157} INFO - Started process (PID=178) to work on /home/airflow/.local/lib/python3.8/site-packages/airflow/example_dags/tutorial_dag.py
[2023-11-13T08:46:38.707+0000] {processor.py:829} INFO - Processing file /home/airflow/.local/lib/python3.8/site-packages/airflow/example_dags/tutorial_dag.py for tasks to queue
[2023-11-13T08:46:38.710+0000] {logging_mixin.py:154} INFO - [2023-11-13T08:46:38.709+0000] {dagbag.py:536} INFO - Filling up the DagBag from /home/airflow/.local/lib/python3.8/site-packages/airflow/example_dags/tutorial_dag.py
[2023-11-13T08:46:38.717+0000] {processor.py:839} INFO - DAG(s) dict_keys(['tutorial_dag']) retrieved from /home/airflow/.local/lib/python3.8/site-packages/airflow/example_dags/tutorial_dag.py
[2023-11-13T08:46:38.746+0000] {logging_mixin.py:154} INFO - [2023-11-13T08:46:38.746+0000] {dag.py:2941} INFO - Sync 1 DAGs
[2023-11-13T08:46:38.760+0000] {logging_mixin.py:154} INFO - [2023-11-13T08:46:38.759+0000] {dag.py:3722} INFO - Setting next_dagrun for tutorial_dag to None, run_after=None
[2023-11-13T08:46:38.788+0000] {processor.py:179} INFO - Processing /home/airflow/.local/lib/python3.8/site-packages/airflow/example_dags/tutorial_dag.py took 0.110 seconds
[2023-11-13T08:47:09.163+0000] {processor.py:157} INFO - Started process (PID=232) to work on /home/airflow/.local/lib/python3.8/site-packages/airflow/example_dags/tutorial_dag.py
[2023-11-13T08:47:09.167+0000] {processor.py:829} INFO - Processing file /home/airflow/.local/lib/python3.8/site-packages/airflow/example_dags/tutorial_dag.py for tasks to queue
[2023-11-13T08:47:09.169+0000] {logging_mixin.py:154} INFO - [2023-11-13T08:47:09.168+0000] {dagbag.py:536} INFO - Filling up the DagBag from /home/airflow/.local/lib/python3.8/site-packages/airflow/example_dags/tutorial_dag.py
[2023-11-13T08:47:09.173+0000] {processor.py:839} INFO - DAG(s) dict_keys(['tutorial_dag']) retrieved from /home/airflow/.local/lib/python3.8/site-packages/airflow/example_dags/tutorial_dag.py
[2023-11-13T08:47:09.188+0000] {logging_mixin.py:154} INFO - [2023-11-13T08:47:09.188+0000] {dag.py:2941} INFO - Sync 1 DAGs
[2023-11-13T08:47:09.199+0000] {logging_mixin.py:154} INFO - [2023-11-13T08:47:09.198+0000] {dag.py:3722} INFO - Setting next_dagrun for tutorial_dag to None, run_after=None
[2023-11-13T08:47:09.232+0000] {processor.py:179} INFO - Processing /home/airflow/.local/lib/python3.8/site-packages/airflow/example_dags/tutorial_dag.py took 0.071 seconds
[2023-11-13T08:47:40.675+0000] {processor.py:157} INFO - Started process (PID=286) to work on /home/airflow/.local/lib/python3.8/site-packages/airflow/example_dags/tutorial_dag.py
[2023-11-13T08:47:40.675+0000] {processor.py:829} INFO - Processing file /home/airflow/.local/lib/python3.8/site-packages/airflow/example_dags/tutorial_dag.py for tasks to queue
[2023-11-13T08:47:40.677+0000] {logging_mixin.py:154} INFO - [2023-11-13T08:47:40.677+0000] {dagbag.py:536} INFO - Filling up the DagBag from /home/airflow/.local/lib/python3.8/site-packages/airflow/example_dags/tutorial_dag.py
[2023-11-13T08:47:40.682+0000] {processor.py:839} INFO - DAG(s) dict_keys(['tutorial_dag']) retrieved from /home/airflow/.local/lib/python3.8/site-packages/airflow/example_dags/tutorial_dag.py
[2023-11-13T08:47:40.698+0000] {logging_mixin.py:154} INFO - [2023-11-13T08:47:40.697+0000] {dag.py:2941} INFO - Sync 1 DAGs
[2023-11-13T08:47:40.707+0000] {logging_mixin.py:154} INFO - [2023-11-13T08:47:40.707+0000] {dag.py:3722} INFO - Setting next_dagrun for tutorial_dag to None, run_after=None
[2023-11-13T08:47:40.998+0000] {processor.py:179} INFO - Processing /home/airflow/.local/lib/python3.8/site-packages/airflow/example_dags/tutorial_dag.py took 0.326 seconds
[2023-11-13T08:48:11.118+0000] {processor.py:157} INFO - Started process (PID=340) to work on /home/airflow/.local/lib/python3.8/site-packages/airflow/example_dags/tutorial_dag.py
[2023-11-13T08:48:11.122+0000] {processor.py:829} INFO - Processing file /home/airflow/.local/lib/python3.8/site-packages/airflow/example_dags/tutorial_dag.py for tasks to queue
[2023-11-13T08:48:11.124+0000] {logging_mixin.py:154} INFO - [2023-11-13T08:48:11.124+0000] {dagbag.py:536} INFO - Filling up the DagBag from /home/airflow/.local/lib/python3.8/site-packages/airflow/example_dags/tutorial_dag.py
[2023-11-13T08:48:11.128+0000] {processor.py:839} INFO - DAG(s) dict_keys(['tutorial_dag']) retrieved from /home/airflow/.local/lib/python3.8/site-packages/airflow/example_dags/tutorial_dag.py
[2023-11-13T08:48:11.143+0000] {logging_mixin.py:154} INFO - [2023-11-13T08:48:11.143+0000] {dag.py:2941} INFO - Sync 1 DAGs
[2023-11-13T08:48:11.152+0000] {logging_mixin.py:154} INFO - [2023-11-13T08:48:11.152+0000] {dag.py:3722} INFO - Setting next_dagrun for tutorial_dag to None, run_after=None
[2023-11-13T08:48:11.184+0000] {processor.py:179} INFO - Processing /home/airflow/.local/lib/python3.8/site-packages/airflow/example_dags/tutorial_dag.py took 0.069 seconds
